09:38:59.646  异常信息：远程服务器返回错误: (404) 未找到。
  堆栈信息:   在 AutoUpdate.AppUpdate.DownloadFile(String url, String localFilePath) 位置 D:\ProjectData\MiKe\LineProductMes\LineProductMes\ClassForMain\AppUpdate.cs:行号 243
   在 AutoUpdate.AppUpdate.CheckAppVersion(String& msg) 位置 D:\ProjectData\MiKe\LineProductMes\LineProductMes\ClassForMain\AppUpdate.cs:行号 310
09:39:03.904 @EMP002 系统管理员
09:39:03.904 @EMP033 cebfd1559b68d67688884d7a3d3e8c
09:48:08.193  异常信息：远程服务器返回错误: (404) 未找到。
  堆栈信息:   在 AutoUpdate.AppUpdate.DownloadFile(String url, String localFilePath) 位置 D:\ProjectData\MiKe\LineProductMes\LineProductMes\ClassForMain\AppUpdate.cs:行号 243
   在 AutoUpdate.AppUpdate.CheckAppVersion(String& msg) 位置 D:\ProjectData\MiKe\LineProductMes\LineProductMes\ClassForMain\AppUpdate.cs:行号 310
09:48:19.903 @EMP002 系统管理员
09:48:19.905 @EMP033 cebfd1559b68d67688884d7a3d3e8c
09:48:36.246 @PRG005 
09:48:36.248 @PRG003 
09:48:36.249 @PRG001 
09:48:36.250 @PRG002 
09:48:36.252 @PRG004 050701
09:48:36.255 @PRG005 
09:48:36.256 @PRG003 
09:48:36.257 @PRG001 
09:48:36.258 @PRG002 
09:48:36.259 @PRG004 050702
09:48:36.261 @PRG005 
09:48:36.263 @PRG003 
09:48:36.264 @PRG001 
09:48:36.265 @PRG002 
09:48:36.266 @PRG004 050703
09:48:36.269 @PRG005 
09:48:36.270 @PRG003 
09:48:36.271 @PRG001 
09:48:36.272 @PRG002 
09:48:36.273 @PRG004 050704
09:48:36.276 @PRG005 
09:48:36.277 @PRG003 
09:48:36.279 @PRG001 
09:48:36.280 @PRG002 
09:48:36.281 @PRG004 050705
09:48:36.284 @PRG005 
09:48:36.285 @PRG003 
09:48:36.287 @PRG001 
09:48:36.288 @PRG002 
09:48:36.289 @PRG004 050706
09:48:36.291 @PRG005 
09:48:36.292 @PRG003 
09:48:36.293 @PRG001 
09:48:36.295 @PRG002 
09:48:36.296 @PRG004 050707
09:48:36.299 @PRG005 
09:48:36.300 @PRG003 
09:48:36.302 @PRG001 
09:48:36.303 @PRG002 
09:48:36.304 @PRG004 050707
09:48:36.307 @PRG005 
09:48:36.308 @PRG003 
09:48:36.309 @PRG001 
09:48:36.311 @PRG002 
09:48:36.312 @PRG004 050707
09:48:36.315 @PRG005 
09:48:36.316 @PRG003 
09:48:36.318 @PRG001 
09:48:36.319 @PRG002 
09:48:36.320 @PRG004 050707
09:48:36.322 @PRG005 
09:48:36.323 @PRG003 
09:48:36.324 @PRG001 
09:48:36.326 @PRG002 
09:48:36.327 @PRG004 050707
09:48:36.329 @PRG005 
09:48:36.331 @PRG003 
09:48:36.332 @PRG001 
09:48:36.334 @PRG002 
09:48:36.335 @PRG004 050707
09:48:36.338 @PRG005 
09:48:36.340 @PRG003 
09:48:36.342 @PRG001 
09:48:36.343 @PRG002 
09:48:36.344 @PRG004 050707
09:48:36.347 @PRG005 
09:48:36.348 @PRG003 
09:48:36.349 @PRG001 
09:48:36.350 @PRG002 
09:48:36.351 @PRG004 050707
09:48:36.353 @PRG005 
09:48:36.355 @PRG003 
09:48:36.356 @PRG001 TCLNS-11Y3B20-T
09:48:36.358 @PRG002 
09:48:36.359 @PRG004 050707
09:48:36.362 @PRG005 
09:48:36.364 @PRG003 
09:48:36.365 @PRG001 TCLNS-11Y3B20-T
09:48:36.367 @PRG002 
09:48:36.368 @PRG004 050707
09:48:36.370 @PRG005 
09:48:36.372 @PRG003 
09:48:36.373 @PRG001 TCLNS-11Y3B20-T
09:48:36.374 @PRG002 
09:48:36.376 @PRG004 050707
09:48:36.378 @PRG005 
09:48:36.379 @PRG003 
09:48:36.380 @PRG001 TCLNS-11Y3B20-T
09:48:36.381 @PRG002 
09:48:36.382 @PRG004 050707
09:48:36.384 @PRG005 
09:48:36.385 @PRG003 
09:48:36.386 @PRG001 TCLNS-11Y3B20-T
09:48:36.387 @PRG002 
09:48:36.388 @PRG004 050707
09:48:36.390 @PRG005 
09:48:36.392 @PRG003 
09:48:36.393 @PRG001 TCLNS-11Y3B20-T
09:48:36.394 @PRG002 
09:48:36.395 @PRG004 050707
09:48:36.398 @PRG005 
09:48:36.399 @PRG003 
09:48:36.400 @PRG001 TCLNS-11Y3B20-T
09:48:36.401 @PRG002 
09:48:36.402 @PRG004 050707
09:48:36.405 @PRG005 
09:48:36.406 @PRG003 
09:48:36.408 @PRG001 TCLNS-11Y3B20-T
09:48:36.409 @PRG002 
09:48:36.410 @PRG004 050707
09:48:36.413 @PRG005 
09:48:36.414 @PRG003 
09:48:36.415 @PRG001 TCLNS-11Y3B20-T
09:48:36.416 @PRG002 
09:48:36.417 @PRG004 050707
09:48:36.419 @PRG005 
09:48:36.420 @PRG003 
09:48:36.421 @PRG001 TCLNS-11Y3B20-T
09:48:36.422 @PRG002 
09:48:36.423 @PRG004 050707
09:48:36.426 @PRG005 
09:48:36.427 @PRG003 
09:48:36.428 @PRG001 TCLNS-11Y3B20-T
09:48:36.429 @PRG002 
09:48:36.430 @PRG004 050707
09:48:36.432 @PRG005 
09:48:36.434 @PRG003 
09:48:36.435 @PRG001 TCLNS-11Y3B20-T
09:48:36.436 @PRG002 
09:48:36.438 @PRG004 050707
09:48:36.440 @PRG005 
09:48:36.441 @PRG003 
09:48:36.442 @PRG001 TCLNS-11Y3B20-T
09:48:36.443 @PRG002 
09:48:36.444 @PRG004 050707
09:48:36.446 @PRG005 
09:48:36.448 @PRG003 
09:48:36.449 @PRG001 TCLNS-11Y3B20-T
09:48:36.451 @PRG002 
09:48:36.452 @PRG004 050707
09:48:36.454 @PRG005 
09:48:36.456 @PRG003 
09:48:36.457 @PRG001 TCLNS-11Y3B20-T
09:48:36.459 @PRG002 
09:48:36.460 @PRG004 050707
09:48:36.462 @PRG005 
09:48:36.464 @PRG003 
09:48:36.465 @PRG001 TCLNS-11Y3B20-T
09:48:36.466 @PRG002 
09:48:36.468 @PRG004 050707
09:48:36.470 @PRG005 
09:48:36.472 @PRG003 
09:48:36.473 @PRG001 TCLNS-11Y3B20-T
09:48:36.475 @PRG002 
09:48:36.476 @PRG004 050707
09:48:36.479 @PRG005 
09:48:36.481 @PRG003 
09:48:36.482 @PRG001 TCLNS-11Y3B20-T
09:48:36.483 @PRG002 
09:48:36.485 @PRG004 050707
09:48:36.488 @PRG005 
09:48:36.489 @PRG003 
09:48:36.490 @PRG001 TCLNS-11Y3B20-T
09:48:36.492 @PRG002 
09:48:36.493 @PRG004 050707
09:48:36.496 @PRG005 
09:48:36.498 @PRG003 
09:48:36.499 @PRG001 TCLNS-11Y3B20-T
09:48:36.501 @PRG002 
09:48:36.502 @PRG004 050707
09:48:36.504 @PRG005 
09:48:36.506 @PRG003 
09:48:36.507 @PRG001 TCLNS-11Y3B20-T
09:48:36.508 @PRG002 
09:48:36.509 @PRG004 050707
09:48:36.511 @PRG005 
09:48:36.512 @PRG003 
09:48:36.514 @PRG001 TCLNS-11Y3B20-T
09:48:36.515 @PRG002 
09:48:36.516 @PRG004 050707
09:48:36.518 @PRG005 
09:48:36.519 @PRG003 
09:48:36.520 @PRG001 TCLNS-11Y3B20-T
09:48:36.521 @PRG002 
09:48:36.522 @PRG004 050707
09:48:36.524 @PRG005 
09:48:36.526 @PRG003 
09:48:36.527 @PRG001 TCLNS-11Y3B20-T
09:48:36.528 @PRG002 
09:48:36.529 @PRG004 050707
09:48:36.531 @PRG005 
09:48:36.532 @PRG003 
09:48:36.533 @PRG001 TCLNS-11Y3B20-T
09:48:36.534 @PRG002 
09:48:36.535 @PRG004 050707
09:48:36.538 @PRG005 
09:48:36.539 @PRG003 
09:48:36.540 @PRG001 TCLNS-11Y3B20-T
09:48:36.541 @PRG002 
09:48:36.542 @PRG004 050707
09:48:36.545 @PRG005 
09:48:36.546 @PRG003 
09:48:36.547 @PRG001 TCLNS-11Y3B20-T
09:48:36.548 @PRG002 
09:48:36.550 @PRG004 050707
09:48:36.552 @PRG005 
09:48:36.553 @PRG003 
09:48:36.555 @PRG001 TCLNS-11Y3B20-T
09:48:36.556 @PRG002 
09:48:36.557 @PRG004 050707
09:48:36.559 @PRG005 
09:48:36.560 @PRG003 14
09:48:36.562 @PRG001 TCLNS-11Y3B20-T
09:48:36.563 @PRG002 2018/8/7 0:00:00
09:48:36.564 @PRG004 050707
09:48:36.567 @PRG005 
09:48:36.568 @PRG003 14
09:48:36.569 @PRG001 TCLNS-11Y3B20-T
09:48:36.571 @PRG002 2018/8/7 0:00:00
09:48:36.572 @PRG004 050707
09:48:36.574 @PRG005 
09:48:36.575 @PRG003 14
09:48:36.576 @PRG001 TCLNS-11Y3B20-T
09:48:36.577 @PRG002 2018/8/7 0:00:00
09:48:36.579 @PRG004 050707
09:48:36.581 @PRG005 
09:48:36.582 @PRG003 14
09:48:36.583 @PRG001 TCLNS-11Y3B20-T
09:48:36.584 @PRG002 2018/8/7 0:00:00
09:48:36.585 @PRG004 050707
09:48:36.588 @PRG005 
09:48:36.589 @PRG003 14
09:48:36.590 @PRG001 TCLNS-11Y3B20-T
09:48:36.591 @PRG002 2018/8/7 0:00:00
09:48:36.592 @PRG004 050707
09:48:36.594 @PRG005 
09:48:36.595 @PRG003 14
09:48:36.596 @PRG001 TCLNS-11Y3B20-T
09:48:36.597 @PRG002 2018/8/7 0:00:00
09:48:36.598 @PRG004 050707
09:48:36.600 @PRG005 
09:48:36.602 @PRG003 16
09:48:36.603 @PRG001 TCLNS-11Y3B20-T
09:48:36.604 @PRG002 2018/8/7 0:00:00
09:48:36.605 @PRG004 050707
09:48:36.607 @PRG005 
09:48:36.608 @PRG003 13
09:48:36.609 @PRG001 TCLNS-11Y3B20-T
09:48:36.611 @PRG002 2018/8/8 0:00:00
09:48:36.612 @PRG004 050707
09:48:36.614 @PRG005 
09:48:36.615 @PRG003 15
09:48:36.617 @PRG001 TCLNS-11Y3B20-T
09:48:36.618 @PRG002 2018/8/8 0:00:00
09:48:36.619 @PRG004 050707
09:48:36.621 @PRG005 
09:48:36.623 @PRG003 14
09:48:36.624 @PRG001 TCLNS-11Y3B20-T
09:48:36.626 @PRG002 2018/8/8 0:00:00
09:48:36.627 @PRG004 050707
09:48:36.630 @PRG005 
09:48:36.631 @PRG003 14
09:48:36.632 @PRG001 TCLNS-11Y3B20-T
09:48:36.633 @PRG002 2018/8/8 0:00:00
09:48:36.634 @PRG004 050707
09:48:36.636 @PRG005 
09:48:36.638 @PRG003 14
09:48:36.639 @PRG001 TCLNS-11Y3B20-T
09:48:36.640 @PRG002 2018/8/8 0:00:00
09:48:36.641 @PRG004 050707
09:48:36.643 @PRG005 
09:48:36.645 @PRG003 14
09:48:36.646 @PRG001 TCLNS-11Y3B20-T
09:48:36.647 @PRG002 2018/8/8 0:00:00
09:48:36.648 @PRG004 050707
09:48:36.650 @PRG005 
09:48:36.651 @PRG003 16
09:48:36.652 @PRG001 TCLNS-11Y3B20-T
09:48:36.654 @PRG002 2018/8/8 0:00:00
09:48:36.655 @PRG004 050707
09:48:36.657 @PRG005 
09:48:36.658 @PRG003 14
09:48:36.659 @PRG001 TCLNS-11Y3B20-T
09:48:36.660 @PRG002 2018/8/9 0:00:00
09:48:36.661 @PRG004 050707
09:48:36.663 @PRG005 
09:48:36.664 @PRG003 14
09:48:36.665 @PRG001 TCLNS-11Y3B20-T
09:48:36.666 @PRG002 2018/8/9 0:00:00
09:48:36.667 @PRG004 050707
09:48:36.669 @PRG005 
09:48:36.671 @PRG003 14
09:48:36.672 @PRG001 TCLNS-11Y3B20-T
09:48:36.673 @PRG002 2018/8/9 0:00:00
09:48:36.674 @PRG004 050707
09:48:36.676 @PRG005 
09:48:36.678 @PRG003 14
09:48:36.679 @PRG001 TCLNS-11Y3B20-T
09:48:36.680 @PRG002 2018/8/9 0:00:00
09:48:36.681 @PRG004 050707
09:48:36.683 @PRG005 
09:48:36.684 @PRG003 14
09:48:36.685 @PRG001 TCLNS-11Y3B20-T
09:48:36.686 @PRG002 2018/8/9 0:00:00
09:48:36.687 @PRG004 050707
09:48:36.689 @PRG005 
09:48:36.691 @PRG003 14
09:48:36.692 @PRG001 TCLNS-11Y3B20-T
09:48:36.693 @PRG002 2018/8/9 0:00:00
09:48:36.695 @PRG004 050707
09:48:36.697 @PRG005 
09:48:36.698 @PRG003 16
09:48:36.699 @PRG001 TCLNS-11Y3B20-T
09:48:36.700 @PRG002 2018/8/9 0:00:00
09:48:36.701 @PRG004 050707
09:48:36.704 @PRG005 
09:48:36.705 @PRG003 14
09:48:36.706 @PRG001 TCLNS-11Y3B20-T
09:48:36.707 @PRG002 2018/8/10 0:00:00
09:48:36.708 @PRG004 050707
09:48:36.710 @PRG005 
09:48:36.711 @PRG003 14
09:48:36.713 @PRG001 TCLNS-11Y3B20-T
09:48:36.714 @PRG002 2018/8/10 0:00:00
09:48:36.715 @PRG004 050707
09:48:36.718 @PRG005 
09:48:36.719 @PRG003 14
09:48:36.720 @PRG001 TCLNS-11Y3B20-T
09:48:36.721 @PRG002 2018/8/10 0:00:00
09:48:36.723 @PRG004 050707
09:48:36.725 @PRG005 
09:48:36.727 @PRG003 14
09:48:36.728 @PRG001 TCLNS-11Y3B20-T
09:48:36.730 @PRG002 2018/8/10 0:00:00
09:48:36.731 @PRG004 050707
09:48:36.733 @PRG005 
09:48:36.734 @PRG003 14
09:48:36.736 @PRG001 TCLNS-11Y3B20-T
09:48:36.737 @PRG002 2018/8/10 0:00:00
09:48:36.738 @PRG004 050707
09:48:36.740 @PRG005 
09:48:36.742 @PRG003 14
09:48:36.743 @PRG001 TCLNS-11Y3B20-T
09:48:36.744 @PRG002 2018/8/10 0:00:00
09:48:36.745 @PRG004 050707
09:48:36.747 @PRG005 
09:48:36.748 @PRG003 16
09:48:36.749 @PRG001 TCLNS-11Y3B20-T
09:48:36.750 @PRG002 2018/8/10 0:00:00
09:48:36.751 @PRG004 050707
09:48:36.753 @PRG005 
09:48:36.755 @PRG003 14
09:48:36.756 @PRG001 TCLNS-11Y3B20-T
09:48:36.758 @PRG002 2018/8/11 0:00:00
09:48:36.759 @PRG004 050707
09:48:36.761 @PRG005 
09:48:36.763 @PRG003 14
09:48:36.764 @PRG001 TCLNS-11Y3B20-T
09:48:36.766 @PRG002 2018/8/11 0:00:00
09:48:36.767 @PRG004 050707
09:48:36.768 @PRG005 
09:48:36.770 @PRG003 14
09:48:36.771 @PRG001 TCLNS-11Y3B20-T
09:48:36.772 @PRG002 2018/8/11 0:00:00
09:48:36.773 @PRG004 050707
09:48:36.775 @PRG005 
09:48:36.776 @PRG003 14
09:48:36.777 @PRG001 TCLNS-11Y3B20-T
09:48:36.778 @PRG002 2018/8/11 0:00:00
09:48:36.779 @PRG004 050707
09:48:36.781 @PRG005 
09:48:36.782 @PRG003 14
09:48:36.784 @PRG001 TCLNS-11Y3B20-T
09:48:36.785 @PRG002 2018/8/11 0:00:00
09:48:36.786 @PRG004 050707
09:48:36.788 @PRG005 
09:48:36.789 @PRG003 14
09:48:36.790 @PRG001 TCLNS-11Y3B20-T
09:48:36.791 @PRG002 2018/8/11 0:00:00
09:48:36.792 @PRG004 050707
09:48:36.794 @PRG005 
09:48:36.795 @PRG003 16
09:48:36.797 @PRG001 TCLNS-11Y3B20-T
09:48:36.798 @PRG002 2018/8/11 0:00:00
09:48:36.799 @PRG004 050707
09:48:36.801 @PRG005 
09:48:36.803 @PRG003 14
09:48:36.804 @PRG001 TCLNS-11Y3B20-T
09:48:36.805 @PRG002 2018/8/12 0:00:00
09:48:36.806 @PRG004 050707
09:48:36.808 @PRG005 
09:48:36.809 @PRG003 14
09:48:36.810 @PRG001 TCLNS-11Y3B20-T
09:48:36.812 @PRG002 2018/8/12 0:00:00
09:48:36.813 @PRG004 050707
09:48:36.815 @PRG005 
09:48:36.817 @PRG003 14
09:48:36.818 @PRG001 TCLNS-11Y3B20-T
09:48:36.819 @PRG002 2018/8/12 0:00:00
09:48:36.820 @PRG004 050707
09:48:36.822 @PRG005 
09:48:36.823 @PRG003 14
09:48:36.825 @PRG001 TCLNS-11Y3B20-T
09:48:36.826 @PRG002 2018/8/12 0:00:00
09:48:36.827 @PRG004 050707
09:48:36.830 @PRG005 
09:48:36.831 @PRG003 14
09:48:36.832 @PRG001 TCLNS-11Y3B20-T
09:48:36.833 @PRG002 2018/8/12 0:00:00
09:48:36.834 @PRG004 050707
09:48:36.837 @PRG005 
09:48:36.838 @PRG003 14
09:48:36.839 @PRG001 TCLNS-11Y3B20-T
09:48:36.840 @PRG002 2018/8/12 0:00:00
09:48:36.841 @PRG004 050707
09:48:36.843 @PRG005 
09:48:36.844 @PRG003 16
09:48:36.845 @PRG001 TCLNS-11Y3B20-T
09:48:36.846 @PRG002 2018/8/12 0:00:00
09:48:36.847 @PRG004 050707
09:48:36.849 @PRG005 
09:48:36.851 @PRG003 14
09:48:36.852 @PRG001 TCLNS-11Y3B20-T
09:48:36.854 @PRG002 2018/8/13 0:00:00
09:48:36.855 @PRG004 050707
09:48:36.858 @PRG005 
09:48:36.859 @PRG003 14
09:48:36.860 @PRG001 TCLNS-11Y3B20-T
09:48:36.861 @PRG002 2018/8/13 0:00:00
09:48:36.863 @PRG004 050707
09:48:36.865 @PRG005 
09:48:36.866 @PRG003 14
09:48:36.867 @PRG001 TCLNS-11Y3B20-T
09:48:36.868 @PRG002 2018/8/13 0:00:00
09:48:36.869 @PRG004 050707
09:48:36.871 @PRG005 
09:48:36.872 @PRG003 14
09:48:36.874 @PRG001 TCLNS-11Y3B20-T
09:48:36.875 @PRG002 2018/8/13 0:00:00
09:48:36.876 @PRG004 050707
09:48:36.879 @PRG005 
09:48:36.880 @PRG003 14
09:48:36.881 @PRG001 TCLNS-11Y3B20-T
09:48:36.882 @PRG002 2018/8/13 0:00:00
09:48:36.883 @PRG004 050707
09:48:36.886 @PRG005 
09:48:36.887 @PRG003 14
09:48:36.888 @PRG001 TCLNS-11Y3B20-T
09:48:36.889 @PRG002 2018/8/13 0:00:00
09:48:36.890 @PRG004 050707
09:48:36.892 @PRG005 
09:48:36.894 @PRG003 16
09:48:36.895 @PRG001 TCLNS-11Y3B20-T
09:48:36.896 @PRG002 2018/8/13 0:00:00
09:48:36.898 @PRG004 050707
09:48:36.900 @PRG005 
09:48:36.901 @PRG003 14
09:48:36.902 @PRG001 TCLNS-11Y3B20-T
09:48:36.903 @PRG002 2018/8/14 0:00:00
09:48:36.905 @PRG004 050707
09:48:36.907 @PRG005 
09:48:36.908 @PRG003 14
09:48:36.910 @PRG001 TCLNS-11Y3B20-T
09:48:36.911 @PRG002 2018/8/14 0:00:00
09:48:36.912 @PRG004 050707
09:48:36.915 @PRG005 
09:48:36.916 @PRG003 14
09:48:36.917 @PRG001 TCLNS-11Y3B20-T
09:48:36.921 @PRG002 2018/8/14 0:00:00
09:48:36.923 @PRG004 050707
09:48:36.925 @PRG005 
09:48:36.926 @PRG003 14
09:48:36.927 @PRG001 TCLNS-11Y3B20-T
09:48:36.929 @PRG002 2018/8/14 0:00:00
09:48:36.930 @PRG004 050707
09:48:36.932 @PRG005 
09:48:36.933 @PRG003 14
09:48:36.934 @PRG001 TCLNS-11Y3B20-T
09:48:36.936 @PRG002 2018/8/14 0:00:00
09:48:36.937 @PRG004 050707
09:48:36.939 @PRG005 
09:48:36.940 @PRG003 14
09:48:36.941 @PRG001 TCLNS-11Y3B20-T
09:48:36.942 @PRG002 2018/8/14 0:00:00
09:48:36.944 @PRG004 050707
09:48:36.946 @PRG005 
09:48:36.947 @PRG003 16
09:48:36.948 @PRG001 TCLNS-11Y3B20-T
09:48:36.949 @PRG002 2018/8/14 0:00:00
09:48:36.951 @PRG004 050707
09:48:36.953 @PRG005 
09:48:36.954 @PRG003 14
09:48:36.956 @PRG001 TCLNS-11Y3B20-T
09:48:36.957 @PRG002 2018/8/15 0:00:00
09:48:36.958 @PRG004 050707
09:48:36.961 @PRG005 
09:48:36.962 @PRG003 14
09:48:36.963 @PRG001 TCLNS-11Y3B20-T
09:48:36.964 @PRG002 2018/8/15 0:00:00
09:48:36.965 @PRG004 050707
09:48:36.967 @PRG005 
09:48:36.969 @PRG003 14
09:48:36.970 @PRG001 TCLNS-11Y3B20-T
09:48:36.972 @PRG002 2018/8/15 0:00:00
09:48:36.973 @PRG004 050707
09:48:36.975 @PRG005 
09:48:36.976 @PRG003 14
09:48:36.978 @PRG001 TCLNS-11Y3B20-T
09:48:36.979 @PRG002 2018/8/15 0:00:00
09:48:36.980 @PRG004 050707
09:48:36.982 @PRG005 
09:48:36.983 @PRG003 14
09:48:36.985 @PRG001 TCLNS-11Y3B20-T
09:48:36.986 @PRG002 2018/8/15 0:00:00
09:48:36.987 @PRG004 050707
09:48:36.989 @PRG005 
09:48:36.990 @PRG003 14
09:48:36.991 @PRG001 TCLNS-11Y3B20-T
09:48:36.992 @PRG002 2018/8/15 0:00:00
09:48:36.994 @PRG004 050707
09:48:36.996 @PRG005 
09:48:36.997 @PRG003 16
09:48:36.998 @PRG001 TCLNS-11Y3B20-T
09:48:37.000 @PRG002 2018/8/15 0:00:00
09:48:37.002 @PRG004 050707
09:48:37.023 @PRG005 
09:48:37.025 @PRG003 14
09:48:37.026 @PRG001 TCLNS-11Y3B20-T
09:48:37.027 @PRG002 2018/8/16 0:00:00
09:48:37.028 @PRG004 050707
09:48:37.043 @PRG005 
09:48:37.045 @PRG003 14
09:48:37.046 @PRG001 TCLNS-11Y3B20-T
09:48:37.047 @PRG002 2018/8/16 0:00:00
09:48:37.048 @PRG004 050707
09:48:37.059 @PRG005 
09:48:37.061 @PRG003 14
09:48:37.063 @PRG001 TCLNS-11Y3B20-T
09:48:37.064 @PRG002 2018/8/16 0:00:00
09:48:37.066 @PRG004 050707
09:48:37.072 @PRG005 
09:48:37.073 @PRG003 14
09:48:37.075 @PRG001 TCLNS-11Y3B20-T
09:48:37.076 @PRG002 2018/8/16 0:00:00
09:48:37.077 @PRG004 050707
09:48:37.080 @PRG005 
09:48:37.082 @PRG003 14
09:48:37.083 @PRG001 TCLNS-11Y3B20-T
09:48:37.084 @PRG002 2018/8/16 0:00:00
09:48:37.086 @PRG004 050707
09:48:37.088 @PRG005 
09:48:37.090 @PRG003 14
09:48:37.091 @PRG001 TCLNS-11Y3B20-T
09:48:37.092 @PRG002 2018/8/16 0:00:00
09:48:37.093 @PRG004 050707
09:48:37.096 @PRG005 
09:48:37.097 @PRG003 16
09:48:37.099 @PRG001 TCLNS-11Y3B20-T
09:48:37.100 @PRG002 2018/8/16 0:00:00
09:48:37.101 @PRG004 050707
09:49:13.978 @PRG001 TCLNS-11Y3B20-T
09:49:13.980 @PRG002 2018/8/7 0:00:00
09:49:13.982 @PRG004 050701
09:49:13.983 @PRG005 1线
09:49:13.985 @PRG003 14
09:49:13.989 @PRG001 TCLNS-11Y3B20-T
09:49:13.990 @PRG002 2018/8/7 0:00:00
09:49:13.992 @PRG004 050702
09:49:13.993 @PRG005 2线
09:49:13.995 @PRG003 14
09:49:13.998 @PRG001 TCLNS-11Y3B20-T
09:49:13.999 @PRG002 2018/8/7 0:00:00
09:49:14.001 @PRG004 050703
09:49:14.002 @PRG005 3线
09:49:14.003 @PRG003 14
09:49:14.006 @PRG001 TCLNS-11Y3B20-T
09:49:14.008 @PRG002 2018/8/7 0:00:00
09:49:14.009 @PRG004 050704
09:49:14.010 @PRG005 4线
09:49:14.011 @PRG003 14
09:49:14.015 @PRG001 TCLNS-11Y3B20-T
09:49:14.016 @PRG002 2018/8/7 0:00:00
09:49:14.018 @PRG004 050705
09:49:14.019 @PRG005 5线
09:49:14.021 @PRG003 14
09:49:14.024 @PRG001 TCLNS-11Y3B20-T
09:49:14.026 @PRG002 2018/8/7 0:00:00
09:49:14.028 @PRG004 050706
09:49:14.029 @PRG005 6线
09:49:14.031 @PRG003 14
09:49:14.035 @PRG001 TCLNS-11Y3B20-T
09:49:14.036 @PRG002 2018/8/7 0:00:00
09:49:14.038 @PRG004 050707
09:49:14.039 @PRG005 7线
09:49:14.041 @PRG003 16
09:49:14.044 @PRG001 TCLNS-11Y3B20-T
09:49:14.046 @PRG002 2018/8/8 0:00:00
09:49:14.047 @PRG004 050701
09:49:14.049 @PRG005 1线
09:49:14.050 @PRG003 14
09:49:14.053 @PRG001 TCLNS-11Y3B20-T
09:49:14.055 @PRG002 2018/8/8 0:00:00
09:49:14.057 @PRG004 050702
09:49:14.058 @PRG005 2线
09:49:14.060 @PRG003 14
09:49:14.063 @PRG001 TCLNS-11Y3B20-T
09:49:14.065 @PRG002 2018/8/8 0:00:00
09:49:14.067 @PRG004 050703
09:49:14.068 @PRG005 3线
09:49:14.070 @PRG003 14
09:49:14.073 @PRG001 TCLNS-11Y3B20-T
09:49:14.074 @PRG002 2018/8/8 0:00:00
09:49:14.076 @PRG004 050704
09:49:14.077 @PRG005 4线
09:49:14.079 @PRG003 14
09:49:14.082 @PRG001 TCLNS-11Y3B20-T
09:49:14.084 @PRG002 2018/8/8 0:00:00
09:49:14.085 @PRG004 050705
09:49:14.086 @PRG005 5线
09:49:14.088 @PRG003 14
09:49:14.091 @PRG001 TCLNS-11Y3B20-T
09:49:14.093 @PRG002 2018/8/8 0:00:00
09:49:14.094 @PRG004 050706
09:49:14.095 @PRG005 6线
09:49:14.097 @PRG003 14
09:49:14.100 @PRG001 TCLNS-11Y3B20-T
09:49:14.102 @PRG002 2018/8/8 0:00:00
09:49:14.103 @PRG004 050707
09:49:14.105 @PRG005 7线
09:49:14.107 @PRG003 16
09:49:14.110 @PRG001 TCLNS-11Y3B20-T
09:49:14.112 @PRG002 2018/8/9 0:00:00
09:49:14.114 @PRG004 050701
09:49:14.115 @PRG005 1线
09:49:14.117 @PRG003 14
09:49:14.120 @PRG001 TCLNS-11Y3B20-T
09:49:14.121 @PRG002 2018/8/9 0:00:00
09:49:14.123 @PRG004 050702
09:49:14.124 @PRG005 2线
09:49:14.126 @PRG003 14
09:49:14.128 @PRG001 TCLNS-11Y3B20-T
09:49:14.130 @PRG002 2018/8/9 0:00:00
09:49:14.132 @PRG004 050703
09:49:14.133 @PRG005 3线
09:49:14.135 @PRG003 14
09:49:14.137 @PRG001 TCLNS-11Y3B20-T
09:49:14.139 @PRG002 2018/8/9 0:00:00
09:49:14.140 @PRG004 050704
09:49:14.142 @PRG005 4线
09:49:14.143 @PRG003 14
09:49:14.146 @PRG001 TCLNS-11Y3B20-T
09:49:14.148 @PRG002 2018/8/9 0:00:00
09:49:14.149 @PRG004 050705
09:49:14.151 @PRG005 5线
09:49:14.152 @PRG003 14
09:49:14.155 @PRG001 TCLNS-11Y3B20-T
09:49:14.156 @PRG002 2018/8/9 0:00:00
09:49:14.157 @PRG004 050706
09:49:14.159 @PRG005 6线
09:49:14.160 @PRG003 14
09:49:14.163 @PRG001 TCLNS-11Y3B20-T
09:49:14.164 @PRG002 2018/8/9 0:00:00
09:49:14.166 @PRG004 050707
09:49:14.167 @PRG005 7线
09:49:14.168 @PRG003 16
09:49:14.171 @PRG001 TCLNS-11Y3B20-T
09:49:14.172 @PRG002 2018/8/10 0:00:00
09:49:14.174 @PRG004 050701
09:49:14.175 @PRG005 1线
09:49:14.177 @PRG003 14
09:49:14.179 @PRG001 TCLNS-11Y3B20-T
09:49:14.181 @PRG002 2018/8/10 0:00:00
09:49:14.183 @PRG004 050702
09:49:14.184 @PRG005 2线
09:49:14.186 @PRG003 14
09:49:14.189 @PRG001 TCLNS-11Y3B20-T
09:49:14.191 @PRG002 2018/8/10 0:00:00
09:49:14.192 @PRG004 050703
09:49:14.194 @PRG005 3线
09:49:14.196 @PRG003 14
09:49:14.199 @PRG001 TCLNS-11Y3B20-T
09:49:14.201 @PRG002 2018/8/10 0:00:00
09:49:14.202 @PRG004 050704
09:49:14.204 @PRG005 4线
09:49:14.205 @PRG003 14
09:49:14.208 @PRG001 TCLNS-11Y3B20-T
09:49:14.210 @PRG002 2018/8/10 0:00:00
09:49:14.211 @PRG004 050705
09:49:14.213 @PRG005 5线
09:49:14.214 @PRG003 14
09:49:14.217 @PRG001 TCLNS-11Y3B20-T
09:49:14.219 @PRG002 2018/8/10 0:00:00
09:49:14.220 @PRG004 050706
09:49:14.222 @PRG005 6线
09:49:14.223 @PRG003 14
09:49:14.227 @PRG001 TCLNS-11Y3B20-T
09:49:14.229 @PRG002 2018/8/10 0:00:00
09:49:14.231 @PRG004 050707
09:49:14.233 @PRG005 7线
09:49:14.234 @PRG003 16
09:49:14.237 @PRG001 TCLNS-11Y3B20-T
09:49:14.239 @PRG002 2018/8/11 0:00:00
09:49:14.240 @PRG004 050701
09:49:14.242 @PRG005 1线
09:49:14.244 @PRG003 14
09:49:14.247 @PRG001 TCLNS-11Y3B20-T
09:49:14.248 @PRG002 2018/8/11 0:00:00
09:49:14.250 @PRG004 050702
09:49:14.251 @PRG005 2线
09:49:14.253 @PRG003 14
09:49:14.255 @PRG001 TCLNS-11Y3B20-T
09:49:14.257 @PRG002 2018/8/11 0:00:00
09:49:14.258 @PRG004 050703
09:49:14.260 @PRG005 3线
09:49:14.261 @PRG003 14
09:49:14.264 @PRG001 TCLNS-11Y3B20-T
09:49:14.266 @PRG002 2018/8/11 0:00:00
09:49:14.267 @PRG004 050704
09:49:14.269 @PRG005 4线
09:49:14.270 @PRG003 14
09:49:14.273 @PRG001 TCLNS-11Y3B20-T
09:49:14.274 @PRG002 2018/8/11 0:00:00
09:49:14.276 @PRG004 050705
09:49:14.277 @PRG005 5线
09:49:14.279 @PRG003 14
09:49:14.282 @PRG001 TCLNS-11Y3B20-T
09:49:14.283 @PRG002 2018/8/11 0:00:00
09:49:14.285 @PRG004 050706
09:49:14.286 @PRG005 6线
09:49:14.288 @PRG003 14
09:49:14.290 @PRG001 TCLNS-11Y3B20-T
09:49:14.292 @PRG002 2018/8/11 0:00:00
09:49:14.294 @PRG004 050707
09:49:14.295 @PRG005 7线
09:49:14.297 @PRG003 16
09:49:14.300 @PRG001 TCLNS-11Y3B20-T
09:49:14.302 @PRG002 2018/8/12 0:00:00
09:49:14.304 @PRG004 050701
09:49:14.305 @PRG005 1线
09:49:14.307 @PRG003 14
09:49:14.310 @PRG001 TCLNS-11Y3B20-T
09:49:14.312 @PRG002 2018/8/12 0:00:00
09:49:14.314 @PRG004 050702
09:49:14.316 @PRG005 2线
09:49:14.318 @PRG003 14
09:49:14.320 @PRG001 TCLNS-11Y3B20-T
09:49:14.322 @PRG002 2018/8/12 0:00:00
09:49:14.323 @PRG004 050703
09:49:14.325 @PRG005 3线
09:49:14.326 @PRG003 14
09:49:14.333 @PRG001 TCLNS-11Y3B20-T
09:49:14.335 @PRG002 2018/8/12 0:00:00
09:49:14.336 @PRG004 050704
09:49:14.338 @PRG005 4线
09:49:14.339 @PRG003 14
09:49:14.342 @PRG001 TCLNS-11Y3B20-T
09:49:14.344 @PRG002 2018/8/12 0:00:00
09:49:14.346 @PRG004 050705
09:49:14.347 @PRG005 5线
09:49:14.349 @PRG003 14
09:49:14.351 @PRG001 TCLNS-11Y3B20-T
09:49:14.353 @PRG002 2018/8/12 0:00:00
09:49:14.354 @PRG004 050706
09:49:14.356 @PRG005 6线
09:49:14.358 @PRG003 14
09:49:14.361 @PRG001 TCLNS-11Y3B20-T
09:49:14.363 @PRG002 2018/8/12 0:00:00
09:49:14.365 @PRG004 050707
09:49:14.367 @PRG005 7线
09:49:14.369 @PRG003 16
09:49:14.372 @PRG001 TCLNS-11Y3B20-T
09:49:14.374 @PRG002 2018/8/13 0:00:00
09:49:14.376 @PRG004 050701
09:49:14.378 @PRG005 1线
09:49:14.380 @PRG003 14
09:49:14.383 @PRG001 TCLNS-11Y3B20-T
09:49:14.385 @PRG002 2018/8/13 0:00:00
09:49:14.387 @PRG004 050702
09:49:14.389 @PRG005 2线
09:49:14.393 @PRG003 14
09:49:14.396 @PRG001 TCLNS-11Y3B20-T
09:49:14.398 @PRG002 2018/8/13 0:00:00
09:49:14.400 @PRG004 050703
09:49:14.402 @PRG005 3线
09:49:14.404 @PRG003 14
09:49:14.407 @PRG001 TCLNS-11Y3B20-T
09:49:14.409 @PRG002 2018/8/13 0:00:00
09:49:14.411 @PRG004 050704
09:49:14.413 @PRG005 4线
09:49:14.414 @PRG003 14
09:49:14.418 @PRG001 TCLNS-11Y3B20-T
09:49:14.420 @PRG002 2018/8/13 0:00:00
09:49:14.422 @PRG004 050705
09:49:14.423 @PRG005 5线
09:49:14.425 @PRG003 14
09:49:14.428 @PRG001 TCLNS-11Y3B20-T
09:49:14.430 @PRG002 2018/8/13 0:00:00
09:49:14.432 @PRG004 050706
09:49:14.434 @PRG005 6线
09:49:14.436 @PRG003 14
09:49:14.440 @PRG001 TCLNS-11Y3B20-T
09:49:14.441 @PRG002 2018/8/13 0:00:00
09:49:14.443 @PRG004 050707
09:49:14.445 @PRG005 7线
09:49:14.447 @PRG003 16
09:49:14.450 @PRG001 TCLNS-11Y3B20-T
09:49:14.452 @PRG002 2018/8/14 0:00:00
09:49:14.454 @PRG004 050701
09:49:14.456 @PRG005 1线
09:49:14.458 @PRG003 14
09:49:14.461 @PRG001 TCLNS-11Y3B20-T
09:49:14.463 @PRG002 2018/8/14 0:00:00
09:49:14.465 @PRG004 050702
09:49:14.467 @PRG005 2线
09:49:14.469 @PRG003 14
09:49:14.472 @PRG001 TCLNS-11Y3B20-T
09:49:14.474 @PRG002 2018/8/14 0:00:00
09:49:14.476 @PRG004 050703
09:49:14.478 @PRG005 3线
09:49:14.480 @PRG003 14
09:49:14.484 @PRG001 TCLNS-11Y3B20-T
09:49:14.486 @PRG002 2018/8/14 0:00:00
09:49:14.488 @PRG004 050704
09:49:14.490 @PRG005 4线
09:49:14.491 @PRG003 14
09:49:14.495 @PRG001 TCLNS-11Y3B20-T
09:49:14.497 @PRG002 2018/8/14 0:00:00
09:49:14.498 @PRG004 050705
09:49:14.499 @PRG005 5线
09:49:14.501 @PRG003 14
09:49:14.504 @PRG001 TCLNS-11Y3B20-T
09:49:14.506 @PRG002 2018/8/14 0:00:00
09:49:14.507 @PRG004 050706
09:49:14.509 @PRG005 6线
09:49:14.510 @PRG003 14
09:49:14.515 @PRG001 TCLNS-11Y3B20-T
09:49:14.517 @PRG002 2018/8/14 0:00:00
09:49:14.518 @PRG004 050707
09:49:14.520 @PRG005 7线
09:49:14.521 @PRG003 16
09:49:14.524 @PRG001 TCLNS-11Y3B20-T
09:49:14.526 @PRG002 2018/8/15 0:00:00
09:49:14.527 @PRG004 050701
09:49:14.529 @PRG005 1线
09:49:14.530 @PRG003 14
09:49:14.535 @PRG001 TCLNS-11Y3B20-T
09:49:14.537 @PRG002 2018/8/15 0:00:00
09:49:14.538 @PRG004 050702
09:49:14.540 @PRG005 2线
09:49:14.541 @PRG003 14
09:49:14.544 @PRG001 TCLNS-11Y3B20-T
09:49:14.545 @PRG002 2018/8/15 0:00:00
09:49:14.547 @PRG004 050703
09:49:14.548 @PRG005 3线
09:49:14.550 @PRG003 14
09:49:14.554 @PRG001 TCLNS-11Y3B20-T
09:49:14.556 @PRG002 2018/8/15 0:00:00
09:49:14.558 @PRG004 050704
09:49:14.559 @PRG005 4线
09:49:14.561 @PRG003 14
09:49:14.566 @PRG001 TCLNS-11Y3B20-T
09:49:14.568 @PRG002 2018/8/15 0:00:00
09:49:14.569 @PRG004 050705
09:49:14.571 @PRG005 5线
09:49:14.572 @PRG003 14
09:49:14.575 @PRG001 TCLNS-11Y3B20-T
09:49:14.577 @PRG002 2018/8/15 0:00:00
09:49:14.578 @PRG004 050706
09:49:14.580 @PRG005 6线
09:49:14.581 @PRG003 14
09:49:14.584 @PRG001 TCLNS-11Y3B20-T
09:49:14.586 @PRG002 2018/8/15 0:00:00
09:49:14.587 @PRG004 050707
09:49:14.589 @PRG005 7线
09:49:14.590 @PRG003 16
09:49:14.595 @PRG001 TCLNS-11Y3B20-T
09:49:14.597 @PRG002 2018/8/16 0:00:00
09:49:14.598 @PRG004 050701
09:49:14.600 @PRG005 1线
09:49:14.601 @PRG003 14
09:49:14.604 @PRG001 TCLNS-11Y3B20-T
09:49:14.606 @PRG002 2018/8/16 0:00:00
09:49:14.608 @PRG004 050702
09:49:14.609 @PRG005 2线
09:49:14.611 @PRG003 14
09:49:14.614 @PRG001 TCLNS-11Y3B20-T
09:49:14.616 @PRG002 2018/8/16 0:00:00
09:49:14.617 @PRG004 050703
09:49:14.619 @PRG005 3线
09:49:14.620 @PRG003 14
09:49:14.623 @PRG001 TCLNS-11Y3B20-T
09:49:14.625 @PRG002 2018/8/16 0:00:00
09:49:14.626 @PRG004 050704
09:49:14.628 @PRG005 4线
09:49:14.629 @PRG003 14
09:49:14.632 @PRG001 TCLNS-11Y3B20-T
09:49:14.634 @PRG002 2018/8/16 0:00:00
09:49:14.635 @PRG004 050705
09:49:14.637 @PRG005 5线
09:49:14.638 @PRG003 14
09:49:14.641 @PRG001 TCLNS-11Y3B20-T
09:49:14.643 @PRG002 2018/8/16 0:00:00
09:49:14.644 @PRG004 050706
09:49:14.645 @PRG005 6线
09:49:14.647 @PRG003 14
09:49:14.650 @PRG001 TCLNS-11Y3B20-T
09:49:14.652 @PRG002 2018/8/16 0:00:00
09:49:14.653 @PRG004 050707
09:49:14.655 @PRG005 7线
09:49:14.657 @PRG003 16
09:52:20.741  异常信息：远程服务器返回错误: (404) 未找到。
  堆栈信息:   在 AutoUpdate.AppUpdate.DownloadFile(String url, String localFilePath) 位置 D:\ProjectData\MiKe\LineProductMes\LineProductMes\ClassForMain\AppUpdate.cs:行号 243
   在 AutoUpdate.AppUpdate.CheckAppVersion(String& msg) 位置 D:\ProjectData\MiKe\LineProductMes\LineProductMes\ClassForMain\AppUpdate.cs:行号 310
09:52:28.578 @EMP002 系统管理员
09:52:28.581 @EMP033 cebfd1559b68d67688884d7a3d3e8c
09:54:46.588  异常信息：远程服务器返回错误: (404) 未找到。
  堆栈信息:   在 AutoUpdate.AppUpdate.DownloadFile(String url, String localFilePath) 位置 D:\ProjectData\MiKe\LineProductMes\LineProductMes\ClassForMain\AppUpdate.cs:行号 243
   在 AutoUpdate.AppUpdate.CheckAppVersion(String& msg) 位置 D:\ProjectData\MiKe\LineProductMes\LineProductMes\ClassForMain\AppUpdate.cs:行号 310
09:54:56.368 @EMP002 系统管理员
09:54:56.369 @EMP033 cebfd1559b68d67688884d7a3d3e8c
09:55:58.569  异常信息：远程服务器返回错误: (404) 未找到。
  堆栈信息:   在 AutoUpdate.AppUpdate.DownloadFile(String url, String localFilePath) 位置 D:\ProjectData\MiKe\LineProductMes\LineProductMes\ClassForMain\AppUpdate.cs:行号 243
   在 AutoUpdate.AppUpdate.CheckAppVersion(String& msg) 位置 D:\ProjectData\MiKe\LineProductMes\LineProductMes\ClassForMain\AppUpdate.cs:行号 310
09:56:06.689 @EMP002 系统管理员
09:56:06.691 @EMP033 cebfd1559b68d67688884d7a3d3e8c
09:57:14.250 @PRG005 1线
09:57:14.252 @PRG003 14
09:57:14.253 @PRG001 TCLNS-11Y3B20-T
09:57:14.256 @PRG002 2018/8/7 0:00:00
09:57:14.257 @PRG004 050701
09:57:14.714 @PRG005 1线
09:57:14.716 @PRG003 13
09:57:14.718 @PRG001 TCLNS-11Y3B20-T
09:57:14.719 @PRG002 2018/8/8 0:00:00
09:57:14.721 @PRG004 050701
09:57:14.936 @PRG005 1线
09:57:14.938 @PRG003 15
09:57:14.940 @PRG001 TCLNS-11Y3B20-T
09:57:14.941 @PRG002 2018/8/9 0:00:00
09:57:14.943 @PRG004 050701
09:57:14.971 @PRG005 1线
09:57:14.973 @PRG003 14
09:57:14.977 @PRG001 TCLNS-11Y3B20-T
09:57:14.978 @PRG002 2018/8/10 0:00:00
09:57:14.980 @PRG004 050701
09:57:14.990 @PRG005 1线
09:57:14.992 @PRG003 14
09:57:14.993 @PRG001 TCLNS-11Y3B20-T
09:57:14.996 @PRG002 2018/8/11 0:00:00
09:57:14.997 @PRG004 050701
09:57:15.007 @PRG005 1线
09:57:15.010 @PRG003 14
09:57:15.011 @PRG001 TCLNS-11Y3B20-T
09:57:15.013 @PRG002 2018/8/12 0:00:00
09:57:15.015 @PRG004 050701
09:57:15.164 @PRG005 1线
09:57:15.166 @PRG003 14
09:57:15.167 @PRG001 TCLNS-11Y3B20-T
09:57:15.169 @PRG002 2018/8/13 0:00:00
09:57:15.170 @PRG004 050701
09:57:15.282 @PRG005 1线
09:57:15.285 @PRG003 14
09:57:15.287 @PRG001 TCLNS-11Y3B20-T
09:57:15.288 @PRG002 2018/8/14 0:00:00
09:57:15.290 @PRG004 050701
09:57:15.298 @PRG005 1线
09:57:15.300 @PRG003 14
09:57:15.302 @PRG001 TCLNS-11Y3B20-T
09:57:15.303 @PRG002 2018/8/15 0:00:00
09:57:15.306 @PRG004 050701
09:57:15.361 @PRG005 1线
09:57:15.362 @PRG003 14
09:57:15.364 @PRG001 TCLNS-11Y3B20-T
09:57:15.366 @PRG002 2018/8/16 0:00:00
09:57:15.367 @PRG004 050701
09:57:16.003 @PRG005 2线
09:57:16.005 @PRG003 14
09:57:16.007 @PRG001 TCLNS-11Y3B20-T
09:57:16.008 @PRG002 2018/8/7 0:00:00
09:57:16.010 @PRG004 050702
09:57:16.097 @PRG005 2线
09:57:16.099 @PRG003 14
09:57:16.101 @PRG001 TCLNS-11Y3B20-T
09:57:16.104 @PRG002 2018/8/8 0:00:00
09:57:16.106 @PRG004 050702
09:57:16.118 @PRG005 2线
09:57:16.120 @PRG003 14
09:57:16.122 @PRG001 TCLNS-11Y3B20-T
09:57:16.124 @PRG002 2018/8/9 0:00:00
09:57:16.126 @PRG004 050702
09:57:16.165 @PRG005 2线
09:57:16.167 @PRG003 14
09:57:16.169 @PRG001 TCLNS-11Y3B20-T
09:57:16.171 @PRG002 2018/8/10 0:00:00
09:57:16.173 @PRG004 050702
09:57:16.184 @PRG005 2线
09:57:16.188 @PRG003 14
09:57:16.191 @PRG001 TCLNS-11Y3B20-T
09:57:16.195 @PRG002 2018/8/11 0:00:00
09:57:16.197 @PRG004 050702
09:57:16.212 @PRG005 2线
09:57:16.215 @PRG003 14
09:57:16.217 @PRG001 TCLNS-11Y3B20-T
09:57:16.219 @PRG002 2018/8/12 0:00:00
09:57:16.221 @PRG004 050702
09:57:16.230 @PRG005 2线
09:57:16.233 @PRG003 14
09:57:16.236 @PRG001 TCLNS-11Y3B20-T
09:57:16.239 @PRG002 2018/8/13 0:00:00
09:57:16.242 @PRG004 050702
09:57:16.248 @PRG005 2线
09:57:16.250 @PRG003 14
09:57:16.252 @PRG001 TCLNS-11Y3B20-T
09:57:16.255 @PRG002 2018/8/14 0:00:00
09:57:16.257 @PRG004 050702
09:57:16.266 @PRG005 2线
09:57:16.268 @PRG003 14
09:57:16.270 @PRG001 TCLNS-11Y3B20-T
09:57:16.272 @PRG002 2018/8/15 0:00:00
09:57:16.274 @PRG004 050702
09:57:16.281 @PRG005 2线
09:57:16.283 @PRG003 14
09:57:16.287 @PRG001 TCLNS-11Y3B20-T
09:57:16.289 @PRG002 2018/8/16 0:00:00
09:57:16.291 @PRG004 050702
09:57:16.297 @PRG005 3线
09:57:16.300 @PRG003 14
09:57:16.304 @PRG001 TCLNS-11Y3B20-T
09:57:16.307 @PRG002 2018/8/7 0:00:00
09:57:16.310 @PRG004 050703
09:57:16.318 @PRG005 3线
09:57:16.324 @PRG003 14
09:57:16.326 @PRG001 TCLNS-11Y3B20-T
09:57:16.328 @PRG002 2018/8/8 0:00:00
09:57:16.330 @PRG004 050703
09:57:16.342 @PRG005 3线
09:57:16.344 @PRG003 14
09:57:16.348 @PRG001 TCLNS-11Y3B20-T
09:57:16.350 @PRG002 2018/8/9 0:00:00
09:57:16.352 @PRG004 050703
09:57:16.363 @PRG005 3线
09:57:16.366 @PRG003 14
09:57:16.368 @PRG001 TCLNS-11Y3B20-T
09:57:16.370 @PRG002 2018/8/10 0:00:00
09:57:16.372 @PRG004 050703
09:57:16.382 @PRG005 3线
09:57:16.388 @PRG003 14
09:57:16.391 @PRG001 TCLNS-11Y3B20-T
09:57:16.396 @PRG002 2018/8/11 0:00:00
09:57:16.399 @PRG004 050703
09:57:16.405 @PRG005 3线
09:57:16.406 @PRG003 14
09:57:16.408 @PRG001 TCLNS-11Y3B20-T
09:57:16.410 @PRG002 2018/8/12 0:00:00
09:57:16.412 @PRG004 050703
09:57:16.420 @PRG005 3线
09:57:16.422 @PRG003 14
09:57:16.424 @PRG001 TCLNS-11Y3B20-T
09:57:16.425 @PRG002 2018/8/13 0:00:00
09:57:16.426 @PRG004 050703
09:57:16.431 @PRG005 3线
09:57:16.432 @PRG003 14
09:57:16.434 @PRG001 TCLNS-11Y3B20-T
09:57:16.436 @PRG002 2018/8/14 0:00:00
09:57:16.437 @PRG004 050703
09:57:16.440 @PRG005 3线
09:57:16.441 @PRG003 14
09:57:16.443 @PRG001 TCLNS-11Y3B20-T
09:57:16.444 @PRG002 2018/8/15 0:00:00
09:57:16.446 @PRG004 050703
09:57:16.455 @PRG005 3线
09:57:16.456 @PRG003 14
09:57:16.457 @PRG001 TCLNS-11Y3B20-T
09:57:16.458 @PRG002 2018/8/16 0:00:00
09:57:16.459 @PRG004 050703
09:57:16.481 @PRG005 4线
09:57:16.482 @PRG003 14
09:57:16.483 @PRG001 TCLNS-11Y3B20-T
09:57:16.485 @PRG002 2018/8/7 0:00:00
09:57:16.486 @PRG004 050704
09:57:16.490 @PRG005 4线
09:57:16.492 @PRG003 14
09:57:16.493 @PRG001 TCLNS-11Y3B20-T
09:57:16.494 @PRG002 2018/8/8 0:00:00
09:57:16.496 @PRG004 050704
09:57:16.510 @PRG005 4线
09:57:16.511 @PRG003 14
09:57:16.512 @PRG001 TCLNS-11Y3B20-T
09:57:16.513 @PRG002 2018/8/9 0:00:00
09:57:16.515 @PRG004 050704
09:57:16.537 @PRG005 4线
09:57:16.539 @PRG003 14
09:57:16.540 @PRG001 TCLNS-11Y3B20-T
09:57:16.541 @PRG002 2018/8/10 0:00:00
09:57:16.542 @PRG004 050704
09:57:16.547 @PRG005 4线
09:57:16.548 @PRG003 14
09:57:16.550 @PRG001 TCLNS-11Y3B20-T
09:57:16.552 @PRG002 2018/8/11 0:00:00
09:57:16.554 @PRG004 050704
09:57:16.569 @PRG005 4线
09:57:16.570 @PRG003 14
09:57:16.572 @PRG001 TCLNS-11Y3B20-T
09:57:16.573 @PRG002 2018/8/12 0:00:00
09:57:16.574 @PRG004 050704
09:57:16.577 @PRG005 4线
09:57:16.579 @PRG003 14
09:57:16.581 @PRG001 TCLNS-11Y3B20-T
09:57:16.583 @PRG002 2018/8/13 0:00:00
09:57:16.584 @PRG004 050704
09:57:16.605 @PRG005 4线
09:57:16.606 @PRG003 14
09:57:16.607 @PRG001 TCLNS-11Y3B20-T
09:57:16.608 @PRG002 2018/8/14 0:00:00
09:57:16.609 @PRG004 050704
09:57:16.613 @PRG005 4线
09:57:16.615 @PRG003 14
09:57:16.617 @PRG001 TCLNS-11Y3B20-T
09:57:16.618 @PRG002 2018/8/15 0:00:00
09:57:16.619 @PRG004 050704
09:57:16.649 @PRG005 4线
09:57:16.653 @PRG003 14
09:57:16.655 @PRG001 TCLNS-11Y3B20-T
09:57:16.658 @PRG002 2018/8/16 0:00:00
09:57:16.662 @PRG004 050704
09:57:16.701 @PRG005 5线
09:57:16.702 @PRG003 14
09:57:16.704 @PRG001 TCLNS-11Y3B20-T
09:57:16.705 @PRG002 2018/8/7 0:00:00
09:57:16.708 @PRG004 050705
09:57:16.718 @PRG005 5线
09:57:16.720 @PRG003 14
09:57:16.721 @PRG001 TCLNS-11Y3B20-T
09:57:16.723 @PRG002 2018/8/8 0:00:00
09:57:16.725 @PRG004 050705
09:57:16.789 @PRG005 5线
09:57:16.790 @PRG003 14
09:57:16.792 @PRG001 TCLNS-11Y3B20-T
09:57:16.793 @PRG002 2018/8/9 0:00:00
09:57:16.795 @PRG004 050705
09:57:16.803 @PRG005 5线
09:57:16.805 @PRG003 14
09:57:16.807 @PRG001 TCLNS-11Y3B20-T
09:57:16.809 @PRG002 2018/8/10 0:00:00
09:57:16.811 @PRG004 050705
09:57:16.821 @PRG005 5线
09:57:16.823 @PRG003 14
09:57:16.824 @PRG001 TCLNS-11Y3B20-T
09:57:16.827 @PRG002 2018/8/11 0:00:00
09:57:16.829 @PRG004 050705
09:57:16.833 @PRG005 5线
09:57:16.835 @PRG003 14
09:57:16.837 @PRG001 TCLNS-11Y3B20-T
09:57:16.841 @PRG002 2018/8/12 0:00:00
09:57:16.842 @PRG004 050705
09:57:16.878 @PRG005 5线
09:57:16.880 @PRG003 14
09:57:16.882 @PRG001 TCLNS-11Y3B20-T
09:57:16.883 @PRG002 2018/8/13 0:00:00
09:57:16.885 @PRG004 050705
09:57:16.898 @PRG005 5线
09:57:16.900 @PRG003 14
09:57:16.902 @PRG001 TCLNS-11Y3B20-T
09:57:16.903 @PRG002 2018/8/14 0:00:00
09:57:16.906 @PRG004 050705
09:57:16.943 @PRG005 5线
09:57:16.945 @PRG003 14
09:57:16.948 @PRG001 TCLNS-11Y3B20-T
09:57:16.950 @PRG002 2018/8/15 0:00:00
09:57:16.951 @PRG004 050705
09:57:16.977 @PRG005 5线
09:57:16.979 @PRG003 14
09:57:16.980 @PRG001 TCLNS-11Y3B20-T
09:57:16.982 @PRG002 2018/8/16 0:00:00
09:57:16.984 @PRG004 050705
09:57:16.990 @PRG005 6线
09:57:16.992 @PRG003 14
09:57:16.993 @PRG001 TCLNS-11Y3B20-T
09:57:16.996 @PRG002 2018/8/7 0:00:00
09:57:16.998 @PRG004 050706
09:57:17.010 @PRG005 6线
09:57:17.012 @PRG003 14
09:57:17.013 @PRG001 TCLNS-11Y3B20-T
09:57:17.016 @PRG002 2018/8/8 0:00:00
09:57:17.017 @PRG004 050706
09:57:17.035 @PRG005 6线
09:57:17.037 @PRG003 14
09:57:17.039 @PRG001 TCLNS-11Y3B20-T
09:57:17.041 @PRG002 2018/8/9 0:00:00
09:57:17.042 @PRG004 050706
09:57:17.070 @PRG005 6线
09:57:17.072 @PRG003 14
09:57:17.073 @PRG001 TCLNS-11Y3B20-T
09:57:17.075 @PRG002 2018/8/10 0:00:00
09:57:17.077 @PRG004 050706
09:57:17.095 @PRG005 6线
09:57:17.097 @PRG003 14
09:57:17.098 @PRG001 TCLNS-11Y3B20-T
09:57:17.100 @PRG002 2018/8/11 0:00:00
09:57:17.102 @PRG004 050706
09:57:17.108 @PRG005 6线
09:57:17.110 @PRG003 14
09:57:17.111 @PRG001 TCLNS-11Y3B20-T
09:57:17.113 @PRG002 2018/8/12 0:00:00
09:57:17.115 @PRG004 050706
09:57:17.123 @PRG005 6线
09:57:17.124 @PRG003 14
09:57:17.126 @PRG001 TCLNS-11Y3B20-T
09:57:17.127 @PRG002 2018/8/13 0:00:00
09:57:17.129 @PRG004 050706
09:57:17.149 @PRG005 6线
09:57:17.151 @PRG003 14
09:57:17.152 @PRG001 TCLNS-11Y3B20-T
09:57:17.155 @PRG002 2018/8/14 0:00:00
09:57:17.156 @PRG004 050706
09:57:17.162 @PRG005 6线
09:57:17.164 @PRG003 14
09:57:17.166 @PRG001 TCLNS-11Y3B20-T
09:57:17.168 @PRG002 2018/8/15 0:00:00
09:57:17.171 @PRG004 050706
09:57:17.179 @PRG005 6线
09:57:17.181 @PRG003 14
09:57:17.183 @PRG001 TCLNS-11Y3B20-T
09:57:17.185 @PRG002 2018/8/16 0:00:00
09:57:17.186 @PRG004 050706
09:57:17.191 @PRG005 7线
09:57:17.192 @PRG003 16
09:57:17.195 @PRG001 TCLNS-11Y3B20-T
09:57:17.197 @PRG002 2018/8/7 0:00:00
09:57:17.198 @PRG004 050707
09:57:17.205 @PRG005 7线
09:57:17.206 @PRG003 16
09:57:17.208 @PRG001 TCLNS-11Y3B20-T
09:57:17.209 @PRG002 2018/8/8 0:00:00
09:57:17.211 @PRG004 050707
09:57:17.215 @PRG005 7线
09:57:17.217 @PRG003 16
09:57:17.219 @PRG001 TCLNS-11Y3B20-T
09:57:17.220 @PRG002 2018/8/9 0:00:00
09:57:17.221 @PRG004 050707
09:57:17.228 @PRG005 7线
09:57:17.230 @PRG003 16
09:57:17.232 @PRG001 TCLNS-11Y3B20-T
09:57:17.233 @PRG002 2018/8/10 0:00:00
09:57:17.236 @PRG004 050707
09:57:17.245 @PRG005 7线
09:57:17.246 @PRG003 16
09:57:17.248 @PRG001 TCLNS-11Y3B20-T
09:57:17.249 @PRG002 2018/8/11 0:00:00
09:57:17.251 @PRG004 050707
09:57:17.255 @PRG005 7线
09:57:17.257 @PRG003 16
09:57:17.259 @PRG001 TCLNS-11Y3B20-T
09:57:17.260 @PRG002 2018/8/12 0:00:00
09:57:17.262 @PRG004 050707
09:57:17.268 @PRG005 7线
09:57:17.269 @PRG003 16
09:57:17.271 @PRG001 TCLNS-11Y3B20-T
09:57:17.272 @PRG002 2018/8/13 0:00:00
09:57:17.274 @PRG004 050707
09:57:17.278 @PRG005 7线
09:57:17.279 @PRG003 16
09:57:17.281 @PRG001 TCLNS-11Y3B20-T
09:57:17.282 @PRG002 2018/8/14 0:00:00
09:57:17.285 @PRG004 050707
09:57:17.291 @PRG005 7线
09:57:17.292 @PRG003 16
09:57:17.295 @PRG001 TCLNS-11Y3B20-T
09:57:17.296 @PRG002 2018/8/15 0:00:00
09:57:17.299 @PRG004 050707
09:57:17.303 @PRG005 7线
09:57:17.305 @PRG003 16
09:57:17.307 @PRG001 TCLNS-11Y3B20-T
09:57:17.308 @PRG002 2018/8/16 0:00:00
09:57:17.310 @PRG004 050707
09:57:48.688 @PRG005 1线
09:57:48.689 @PRG003 14
09:57:48.691 @PRG001 TCLNS-11Y3B20-T
09:57:48.692 @PRG002 2018/8/7 0:00:00
09:57:48.694 @PRG004 050701
09:57:48.701 @PRG005 1线
09:57:48.702 @PRG003 13
09:57:48.704 @PRG001 TCLNS-11Y3B20-T
09:57:48.705 @PRG002 2018/8/8 0:00:00
09:57:48.706 @PRG004 050701
09:57:48.712 @PRG005 1线
09:57:48.713 @PRG003 15
09:57:48.716 @PRG001 TCLNS-11Y3B20-T
09:57:48.717 @PRG002 2018/8/9 0:00:00
09:57:48.719 @PRG004 050701
09:57:48.724 @PRG005 1线
09:57:48.726 @PRG003 14
09:57:48.727 @PRG001 TCLNS-11Y3B20-T
09:57:48.729 @PRG002 2018/8/10 0:00:00
09:57:48.730 @PRG004 050701
09:57:48.738 @PRG005 1线
09:57:48.740 @PRG003 14
09:57:48.742 @PRG001 TCLNS-11Y3B20-T
09:57:48.743 @PRG002 2018/8/11 0:00:00
09:57:48.745 @PRG004 050701
09:57:48.753 @PRG005 1线
09:57:48.755 @PRG003 14
09:57:48.757 @PRG001 TCLNS-11Y3B20-T
09:57:48.758 @PRG002 2018/8/12 0:00:00
09:57:48.760 @PRG004 050701
09:57:48.763 @PRG005 1线
09:57:48.766 @PRG003 14
09:57:48.767 @PRG001 TCLNS-11Y3B20-T
09:57:48.769 @PRG002 2018/8/13 0:00:00
09:57:48.770 @PRG004 050701
09:57:48.799 @PRG005 1线
09:57:48.801 @PRG003 14
09:57:48.803 @PRG001 TCLNS-11Y3B20-T
09:57:48.805 @PRG002 2018/8/14 0:00:00
09:57:48.806 @PRG004 050701
09:57:48.817 @PRG005 1线
09:57:48.818 @PRG003 14
09:57:48.820 @PRG001 TCLNS-11Y3B20-T
09:57:48.821 @PRG002 2018/8/15 0:00:00
09:57:48.823 @PRG004 050701
09:57:48.839 @PRG005 1线
09:57:48.841 @PRG003 14
09:57:48.842 @PRG001 TCLNS-11Y3B20-T
09:57:48.844 @PRG002 2018/8/16 0:00:00
09:57:48.846 @PRG004 050701
09:57:48.851 @PRG005 2线
09:57:48.853 @PRG003 14
09:57:48.855 @PRG001 TCLNS-11Y3B20-T
09:57:48.857 @PRG002 2018/8/7 0:00:00
09:57:48.858 @PRG004 050702
09:57:48.870 @PRG005 2线
09:57:48.872 @PRG003 12
09:57:48.874 @PRG001 TCLNS-11Y3B20-T
09:57:48.876 @PRG002 2018/8/8 0:00:00
09:57:48.877 @PRG004 050702
09:57:48.893 @PRG005 2线
09:57:48.895 @PRG003 14
09:57:48.896 @PRG001 TCLNS-11Y3B20-T
09:57:48.898 @PRG002 2018/8/9 0:00:00
09:57:48.899 @PRG004 050702
09:57:49.008 @PRG005 2线
09:57:49.012 @PRG003 14
09:57:49.014 @PRG001 TCLNS-11Y3B20-T
09:57:49.016 @PRG002 2018/8/10 0:00:00
09:57:49.017 @PRG004 050702
09:57:49.092 @PRG005 2线
09:57:49.093 @PRG003 14
09:57:49.095 @PRG001 TCLNS-11Y3B20-T
09:57:49.097 @PRG002 2018/8/11 0:00:00
09:57:49.098 @PRG004 050702
09:57:49.113 @PRG005 2线
09:57:49.116 @PRG003 14
09:57:49.119 @PRG001 TCLNS-11Y3B20-T
09:57:49.121 @PRG002 2018/8/12 0:00:00
09:57:49.122 @PRG004 050702
09:57:49.132 @PRG005 2线
09:57:49.134 @PRG003 14
09:57:49.136 @PRG001 TCLNS-11Y3B20-T
09:57:49.137 @PRG002 2018/8/13 0:00:00
09:57:49.139 @PRG004 050702
09:57:49.165 @PRG005 2线
09:57:49.167 @PRG003 14
09:57:49.168 @PRG001 TCLNS-11Y3B20-T
09:57:49.170 @PRG002 2018/8/14 0:00:00
09:57:49.173 @PRG004 050702
09:57:49.178 @PRG005 2线
09:57:49.180 @PRG003 14
09:57:49.181 @PRG001 TCLNS-11Y3B20-T
09:57:49.183 @PRG002 2018/8/15 0:00:00
09:57:49.184 @PRG004 050702
09:57:49.199 @PRG005 2线
09:57:49.201 @PRG003 14
09:57:49.203 @PRG001 TCLNS-11Y3B20-T
09:57:49.205 @PRG002 2018/8/16 0:00:00
09:57:49.207 @PRG004 050702
09:57:49.391 @PRG005 3线
09:57:49.393 @PRG003 14
09:57:49.395 @PRG001 TCLNS-11Y3B20-T
09:57:49.397 @PRG002 2018/8/7 0:00:00
09:57:49.398 @PRG004 050703
09:57:49.455 @PRG005 3线
09:57:49.457 @PRG003 12
09:57:49.458 @PRG001 TCLNS-11Y3B20-T
09:57:49.460 @PRG002 2018/8/8 0:00:00
09:57:49.461 @PRG004 050703
09:57:49.579 @PRG005 3线
09:57:49.581 @PRG003 14
09:57:49.582 @PRG001 TCLNS-11Y3B20-T
09:57:49.584 @PRG002 2018/8/9 0:00:00
09:57:49.586 @PRG004 050703
09:57:49.595 @PRG005 3线
09:57:49.596 @PRG003 14
09:57:49.598 @PRG001 TCLNS-11Y3B20-T
09:57:49.599 @PRG002 2018/8/10 0:00:00
09:57:49.601 @PRG004 050703
09:57:49.605 @PRG005 3线
09:57:49.607 @PRG003 14
09:57:49.608 @PRG001 TCLNS-11Y3B20-T
09:57:49.610 @PRG002 2018/8/11 0:00:00
09:57:49.615 @PRG004 050703
09:57:49.647 @PRG005 3线
09:57:49.649 @PRG003 14
09:57:49.650 @PRG001 TCLNS-11Y3B20-T
09:57:49.652 @PRG002 2018/8/12 0:00:00
09:57:49.654 @PRG004 050703
09:57:49.661 @PRG005 3线
09:57:49.663 @PRG003 14
09:57:49.665 @PRG001 TCLNS-11Y3B20-T
09:57:49.667 @PRG002 2018/8/13 0:00:00
09:57:49.668 @PRG004 050703
09:57:49.677 @PRG005 3线
09:57:49.679 @PRG003 14
09:57:49.681 @PRG001 TCLNS-11Y3B20-T
09:57:49.682 @PRG002 2018/8/14 0:00:00
09:57:49.684 @PRG004 050703
09:57:49.696 @PRG005 3线
09:57:49.698 @PRG003 14
09:57:49.700 @PRG001 TCLNS-11Y3B20-T
09:57:49.701 @PRG002 2018/8/15 0:00:00
09:57:49.703 @PRG004 050703
09:57:49.718 @PRG005 3线
09:57:49.719 @PRG003 14
09:57:49.721 @PRG001 TCLNS-11Y3B20-T
09:57:49.722 @PRG002 2018/8/16 0:00:00
09:57:49.724 @PRG004 050703
09:57:49.731 @PRG005 4线
09:57:49.732 @PRG003 14
09:57:49.735 @PRG001 TCLNS-11Y3B20-T
09:57:49.737 @PRG002 2018/8/7 0:00:00
09:57:49.738 @PRG004 050704
09:57:49.742 @PRG005 4线
09:57:49.743 @PRG003 16
09:57:49.746 @PRG001 TCLNS-11Y3B20-T
09:57:49.747 @PRG002 2018/8/8 0:00:00
09:57:49.749 @PRG004 050704
09:57:49.755 @PRG005 4线
09:57:49.756 @PRG003 14
09:57:49.758 @PRG001 TCLNS-11Y3B20-T
09:57:49.759 @PRG002 2018/8/9 0:00:00
09:57:49.761 @PRG004 050704
09:57:49.766 @PRG005 4线
09:57:49.768 @PRG003 14
09:57:49.769 @PRG001 TCLNS-11Y3B20-T
09:57:49.771 @PRG002 2018/8/10 0:00:00
09:57:49.772 @PRG004 050704
09:57:49.777 @PRG005 4线
09:57:49.778 @PRG003 14
09:57:49.780 @PRG001 TCLNS-11Y3B20-T
09:57:49.781 @PRG002 2018/8/11 0:00:00
09:57:49.783 @PRG004 050704
09:57:49.788 @PRG005 4线
09:57:49.789 @PRG003 14
09:57:49.791 @PRG001 TCLNS-11Y3B20-T
09:57:49.792 @PRG002 2018/8/12 0:00:00
09:57:49.794 @PRG004 050704
09:57:49.802 @PRG005 4线
09:57:49.804 @PRG003 14
09:57:49.805 @PRG001 TCLNS-11Y3B20-T
09:57:49.807 @PRG002 2018/8/13 0:00:00
09:57:49.808 @PRG004 050704
09:57:49.833 @PRG005 4线
09:57:49.835 @PRG003 14
09:57:49.836 @PRG001 TCLNS-11Y3B20-T
09:57:49.838 @PRG002 2018/8/14 0:00:00
09:57:49.840 @PRG004 050704
09:57:49.849 @PRG005 4线
09:57:49.851 @PRG003 14
09:57:49.852 @PRG001 TCLNS-11Y3B20-T
09:57:49.854 @PRG002 2018/8/15 0:00:00
09:57:49.855 @PRG004 050704
09:57:49.894 @PRG005 4线
09:57:49.896 @PRG003 14
09:57:49.897 @PRG001 TCLNS-11Y3B20-T
09:57:49.898 @PRG002 2018/8/16 0:00:00
09:57:49.899 @PRG004 050704
09:57:49.906 @PRG005 5线
09:57:49.907 @PRG003 14
09:57:49.909 @PRG001 TCLNS-11Y3B20-T
09:57:49.911 @PRG002 2018/8/7 0:00:00
09:57:49.913 @PRG004 050705
09:57:50.020 @PRG005 5线
09:57:50.022 @PRG003 16
09:57:50.024 @PRG001 TCLNS-11Y3B20-T
09:57:50.026 @PRG002 2018/8/8 0:00:00
09:57:50.028 @PRG004 050705
09:57:50.279 @PRG005 5线
09:57:50.282 @PRG003 14
09:57:50.284 @PRG001 TCLNS-11Y3B20-T
09:57:50.286 @PRG002 2018/8/9 0:00:00
09:57:50.287 @PRG004 050705
09:57:50.308 @PRG005 5线
09:57:50.309 @PRG003 14
09:57:50.311 @PRG001 TCLNS-11Y3B20-T
09:57:50.312 @PRG002 2018/8/10 0:00:00
09:57:50.314 @PRG004 050705
09:57:50.345 @PRG005 5线
09:57:50.347 @PRG003 14
09:57:50.349 @PRG001 TCLNS-11Y3B20-T
09:57:50.350 @PRG002 2018/8/11 0:00:00
09:57:50.353 @PRG004 050705
09:57:50.359 @PRG005 5线
09:57:50.361 @PRG003 14
09:57:50.363 @PRG001 TCLNS-11Y3B20-T
09:57:50.364 @PRG002 2018/8/12 0:00:00
09:57:50.366 @PRG004 050705
09:57:50.370 @PRG005 5线
09:57:50.371 @PRG003 14
09:57:50.373 @PRG001 TCLNS-11Y3B20-T
09:57:50.374 @PRG002 2018/8/13 0:00:00
09:57:50.376 @PRG004 050705
09:57:50.381 @PRG005 5线
09:57:50.383 @PRG003 14
09:57:50.385 @PRG001 TCLNS-11Y3B20-T
09:57:50.386 @PRG002 2018/8/14 0:00:00
09:57:50.387 @PRG004 050705
09:57:50.391 @PRG005 5线
09:57:50.393 @PRG003 14
09:57:50.394 @PRG001 TCLNS-11Y3B20-T
09:57:50.396 @PRG002 2018/8/15 0:00:00
09:57:50.397 @PRG004 050705
09:57:50.402 @PRG005 5线
09:57:50.403 @PRG003 14
09:57:50.405 @PRG001 TCLNS-11Y3B20-T
09:57:50.407 @PRG002 2018/8/16 0:00:00
09:57:50.408 @PRG004 050705
09:57:50.413 @PRG005 6线
09:57:50.415 @PRG003 14
09:57:50.416 @PRG001 TCLNS-11Y3B20-T
09:57:50.418 @PRG002 2018/8/7 0:00:00
09:57:50.420 @PRG004 050706
09:57:50.424 @PRG005 6线
09:57:50.426 @PRG003 14
09:57:50.427 @PRG001 TCLNS-11Y3B20-T
09:57:50.429 @PRG002 2018/8/8 0:00:00
09:57:50.430 @PRG004 050706
09:57:50.435 @PRG005 6线
09:57:50.437 @PRG003 14
09:57:50.438 @PRG001 TCLNS-11Y3B20-T
09:57:50.440 @PRG002 2018/8/9 0:00:00
09:57:50.441 @PRG004 050706
09:57:50.447 @PRG005 6线
09:57:50.448 @PRG003 14
09:57:50.450 @PRG001 TCLNS-11Y3B20-T
09:57:50.451 @PRG002 2018/8/10 0:00:00
09:57:50.452 @PRG004 050706
09:57:50.456 @PRG005 6线
09:57:50.458 @PRG003 14
09:57:50.459 @PRG001 TCLNS-11Y3B20-T
09:57:50.460 @PRG002 2018/8/11 0:00:00
09:57:50.462 @PRG004 050706
09:57:50.466 @PRG005 6线
09:57:50.467 @PRG003 14
09:57:50.469 @PRG001 TCLNS-11Y3B20-T
09:57:50.470 @PRG002 2018/8/12 0:00:00
09:57:50.472 @PRG004 050706
09:57:50.476 @PRG005 6线
09:57:50.478 @PRG003 14
09:57:50.479 @PRG001 TCLNS-11Y3B20-T
09:57:50.481 @PRG002 2018/8/13 0:00:00
09:57:50.482 @PRG004 050706
09:57:50.486 @PRG005 6线
09:57:50.488 @PRG003 14
09:57:50.490 @PRG001 TCLNS-11Y3B20-T
09:57:50.491 @PRG002 2018/8/14 0:00:00
09:57:50.492 @PRG004 050706
09:57:50.497 @PRG005 6线
09:57:50.498 @PRG003 14
09:57:50.500 @PRG001 TCLNS-11Y3B20-T
09:57:50.501 @PRG002 2018/8/15 0:00:00
09:57:50.502 @PRG004 050706
09:57:50.507 @PRG005 6线
09:57:50.508 @PRG003 14
09:57:50.509 @PRG001 TCLNS-11Y3B20-T
09:57:50.511 @PRG002 2018/8/16 0:00:00
09:57:50.512 @PRG004 050706
09:57:50.516 @PRG005 7线
09:57:50.517 @PRG003 16
09:57:50.519 @PRG001 TCLNS-11Y3B20-T
09:57:50.520 @PRG002 2018/8/7 0:00:00
09:57:50.521 @PRG004 050707
09:57:50.544 @PRG005 7线
09:57:50.546 @PRG003 16
09:57:50.547 @PRG001 TCLNS-11Y3B20-T
09:57:50.549 @PRG002 2018/8/8 0:00:00
09:57:50.550 @PRG004 050707
09:57:50.564 @PRG005 7线
09:57:50.567 @PRG003 16
09:57:50.569 @PRG001 TCLNS-11Y3B20-T
09:57:50.570 @PRG002 2018/8/9 0:00:00
09:57:50.571 @PRG004 050707
09:57:50.592 @PRG005 7线
09:57:50.593 @PRG003 16
09:57:50.595 @PRG001 TCLNS-11Y3B20-T
09:57:50.597 @PRG002 2018/8/10 0:00:00
09:57:50.598 @PRG004 050707
09:57:50.610 @PRG005 7线
09:57:50.611 @PRG003 16
09:57:50.613 @PRG001 TCLNS-11Y3B20-T
09:57:50.614 @PRG002 2018/8/11 0:00:00
09:57:50.617 @PRG004 050707
09:57:50.619 @PRG005 7线
09:57:50.621 @PRG003 16
09:57:50.622 @PRG001 TCLNS-11Y3B20-T
09:57:50.624 @PRG002 2018/8/12 0:00:00
09:57:50.625 @PRG004 050707
09:57:50.629 @PRG005 7线
09:57:50.631 @PRG003 16
09:57:50.632 @PRG001 TCLNS-11Y3B20-T
09:57:50.634 @PRG002 2018/8/13 0:00:00
09:57:50.635 @PRG004 050707
09:57:50.641 @PRG005 7线
09:57:50.643 @PRG003 16
09:57:50.644 @PRG001 TCLNS-11Y3B20-T
09:57:50.646 @PRG002 2018/8/14 0:00:00
09:57:50.648 @PRG004 050707
09:57:50.651 @PRG005 7线
09:57:50.653 @PRG003 16
09:57:50.654 @PRG001 TCLNS-11Y3B20-T
09:57:50.657 @PRG002 2018/8/15 0:00:00
09:57:50.658 @PRG004 050707
09:57:50.690 @PRG005 7线
09:57:50.692 @PRG003 16
09:57:50.694 @PRG001 TCLNS-11Y3B20-T
09:57:50.695 @PRG002 2018/8/16 0:00:00
09:57:50.698 @PRG004 050707
11:06:22.635  异常信息：远程服务器返回错误: (404) 未找到。
  堆栈信息:   在 AutoUpdate.AppUpdate.DownloadFile(String url, String localFilePath) 位置 D:\ProjectData\MiKe\LineProductMes\LineProductMes\ClassForMain\AppUpdate.cs:行号 243
   在 AutoUpdate.AppUpdate.CheckAppVersion(String& msg) 位置 D:\ProjectData\MiKe\LineProductMes\LineProductMes\ClassForMain\AppUpdate.cs:行号 310
11:06:26.820 @EMP002 系统管理员
11:06:26.822 @EMP033 cebfd1559b68d67688884d7a3d3e8c
11:06:56.237 @FOR001 4
11:06:56.239 @FOR002 0
11:06:56.241 @FOR003 
11:06:56.242 @FOR004 看板
11:06:56.244 @FOR005 
11:06:56.245 @FOR006 0
11:07:19.633 @FOR001 410
11:07:19.635 @FOR002 4
11:07:19.636 @FOR003 FormAssBoard
11:07:19.637 @FOR004 组装车间看板
11:07:19.639 @FOR005 
11:07:19.640 @FOR006 1
11:07:28.611  异常信息：远程服务器返回错误: (404) 未找到。
  堆栈信息:   在 AutoUpdate.AppUpdate.DownloadFile(String url, String localFilePath) 位置 D:\ProjectData\MiKe\LineProductMes\LineProductMes\ClassForMain\AppUpdate.cs:行号 243
   在 AutoUpdate.AppUpdate.CheckAppVersion(String& msg) 位置 D:\ProjectData\MiKe\LineProductMes\LineProductMes\ClassForMain\AppUpdate.cs:行号 310
11:07:36.094 @EMP002 系统管理员
11:07:36.099 @EMP033 cebfd1559b68d67688884d7a3d3e8c
11:08:26.379  异常信息：远程服务器返回错误: (404) 未找到。
  堆栈信息:   在 AutoUpdate.AppUpdate.DownloadFile(String url, String localFilePath) 位置 D:\ProjectData\MiKe\LineProductMes\LineProductMes\ClassForMain\AppUpdate.cs:行号 243
   在 AutoUpdate.AppUpdate.CheckAppVersion(String& msg) 位置 D:\ProjectData\MiKe\LineProductMes\LineProductMes\ClassForMain\AppUpdate.cs:行号 310
11:08:30.772 @EMP002 系统管理员
11:08:30.774 @EMP033 cebfd1559b68d67688884d7a3d3e8c
11:08:48.451 @FOR001 4
11:08:48.452 @FOR002 0
11:08:48.453 @FOR003 
11:08:48.454 @FOR004 车间看板
11:08:48.455 @FOR005 
11:08:48.456 @FOR006 0         
11:10:34.092  异常信息：远程服务器返回错误: (404) 未找到。
  堆栈信息:   在 AutoUpdate.AppUpdate.DownloadFile(String url, String localFilePath) 位置 D:\ProjectData\MiKe\LineProductMes\LineProductMes\ClassForMain\AppUpdate.cs:行号 243
   在 AutoUpdate.AppUpdate.CheckAppVersion(String& msg) 位置 D:\ProjectData\MiKe\LineProductMes\LineProductMes\ClassForMain\AppUpdate.cs:行号 310
11:10:38.202 @EMP002 系统管理员
11:10:38.205 @EMP033 cebfd1559b68d67688884d7a3d3e8c
11:11:52.163  异常信息：远程服务器返回错误: (404) 未找到。
  堆栈信息:   在 AutoUpdate.AppUpdate.DownloadFile(String url, String localFilePath) 位置 D:\ProjectData\MiKe\LineProductMes\LineProductMes\ClassForMain\AppUpdate.cs:行号 243
   在 AutoUpdate.AppUpdate.CheckAppVersion(String& msg) 位置 D:\ProjectData\MiKe\LineProductMes\LineProductMes\ClassForMain\AppUpdate.cs:行号 310
11:11:55.951 @EMP002 系统管理员
11:11:55.954 @EMP033 cebfd1559b68d67688884d7a3d3e8c
11:17:11.496 @ANW001 20180808001
11:17:11.498 @ANW002 GD201608240001
11:17:11.499 @ANW003 TCLNS-11Y3B20-T
11:17:11.500 @ANW004 TCL两灯三合一浴霸/灯暖+照明+换气
11:17:11.501 @ANW005 630W
11:17:11.502 @ANW006 1000
11:17:11.503 @ANW007 台
11:17:11.504 @ANW008 2
11:17:11.505 @ANW009 20
11:17:11.506 @ANW010 0507
11:17:11.507 @ANW011 总装车间
11:17:11.508 @ANW012 050701
11:17:11.510 @ANW013 1线
11:17:11.511 @ANW014 计件
11:17:11.513 @ANW015 2018/8/8 8:00:00
11:17:11.514 @ANW016 2018/8/8 17:00:00
11:17:11.515 @ANW017 
11:17:11.516 @ANW018 
11:17:11.517 @ANW019 
11:17:11.518 @ANW020 False
11:17:11.520 @ANW021 False
11:17:11.522 @ANW022 2018/8/8 0:00:00
11:17:11.527 @ANX001 20180808001
11:17:11.528 @ANX002 10139
11:17:11.529 @ANX003 张龙
11:17:11.530 @ANX004 一线组长
11:17:11.531 @ANX005 2018/8/8 8:00:00
11:17:11.532 @ANX006 2018/8/8 17:00:00
11:17:11.533 @ANX007 
11:17:11.534 @ANX008 
11:17:11.535 @ANX009 0
11:17:11.536 @ANX010 0
11:17:11.537 @ANX011 在职
11:17:11.538 @ANX012 
11:17:11.543 @ANX001 20180808001
11:17:11.544 @ANX002 10140
11:17:11.545 @ANX003 刘兴贵
11:17:11.546 @ANX004 装配工
11:17:11.547 @ANX005 2018/8/8 8:00:00
11:17:11.548 @ANX006 2018/8/8 17:00:00
11:17:11.550 @ANX007 
11:17:11.551 @ANX008 
11:17:11.552 @ANX009 0
11:17:11.553 @ANX010 0
11:17:11.554 @ANX011 在职
11:17:11.555 @ANX012 
11:17:11.557 @ANX001 20180808001
11:17:11.558 @ANX002 10141
11:17:11.560 @ANX003 王振宇
11:17:11.561 @ANX004 装配工
11:17:11.562 @ANX005 2018/8/8 8:00:00
11:17:11.564 @ANX006 2018/8/8 17:00:00
11:17:11.565 @ANX007 
11:17:11.567 @ANX008 
11:17:11.568 @ANX009 0
11:17:11.569 @ANX010 0
11:17:11.570 @ANX011 在职
11:17:11.571 @ANX012 
11:17:11.573 @ANX001 20180808001
11:17:11.574 @ANX002 10142
11:17:11.575 @ANX003 钟成菊
11:17:11.576 @ANX004 装配工
11:17:11.577 @ANX005 2018/8/8 8:00:00
11:17:11.578 @ANX006 2018/8/8 17:00:00
11:17:11.579 @ANX007 
11:17:11.580 @ANX008 
11:17:11.581 @ANX009 0
11:17:11.583 @ANX010 0
11:17:11.584 @ANX011 在职
11:17:11.585 @ANX012 
11:17:11.587 @ANX001 20180808001
11:17:11.588 @ANX002 10143
11:17:11.589 @ANX003 赵成鹏
11:17:11.591 @ANX004 装配工
11:17:11.592 @ANX005 2018/8/8 8:00:00
11:17:11.593 @ANX006 2018/8/8 17:00:00
11:17:11.594 @ANX007 
11:17:11.595 @ANX008 
11:17:11.597 @ANX009 0
11:17:11.598 @ANX010 0
11:17:11.599 @ANX011 在职
11:17:11.600 @ANX012 
11:17:11.602 @ANX001 20180808001
11:17:11.603 @ANX002 10144
11:17:11.604 @ANX003 何万华
11:17:11.606 @ANX004 装配工
11:17:11.607 @ANX005 2018/8/8 8:00:00
11:17:11.608 @ANX006 2018/8/8 17:00:00
11:17:11.609 @ANX007 
11:17:11.610 @ANX008 
11:17:11.611 @ANX009 0
11:17:11.612 @ANX010 0
11:17:11.613 @ANX011 在职
11:17:11.614 @ANX012 
11:17:11.616 @ANX001 20180808001
11:17:11.617 @ANX002 10145
11:17:11.619 @ANX003 严云芹
11:17:11.620 @ANX004 装配工
11:17:11.621 @ANX005 2018/8/8 8:00:00
11:17:11.622 @ANX006 2018/8/8 17:00:00
11:17:11.623 @ANX007 
11:17:11.624 @ANX008 
11:17:11.625 @ANX009 0
11:17:11.626 @ANX010 0
11:17:11.627 @ANX011 在职
11:17:11.628 @ANX012 
11:17:11.631 @ANX001 20180808001
11:17:11.632 @ANX002 10146
11:17:11.633 @ANX003 马小千
11:17:11.634 @ANX004 装配工
11:17:11.635 @ANX005 2018/8/8 8:00:00
11:17:11.636 @ANX006 2018/8/8 17:00:00
11:17:11.638 @ANX007 
11:17:11.639 @ANX008 
11:17:11.641 @ANX009 0
11:17:11.642 @ANX010 0
11:17:11.643 @ANX011 在职
11:17:11.644 @ANX012 
11:17:11.647 @ANX001 20180808001
11:17:11.648 @ANX002 10147
11:17:11.649 @ANX003 周顺
11:17:11.650 @ANX004 装配工
11:17:11.652 @ANX005 2018/8/8 8:00:00
11:17:11.653 @ANX006 2018/8/8 17:00:00
11:17:11.654 @ANX007 
11:17:11.655 @ANX008 
11:17:11.656 @ANX009 0
11:17:11.657 @ANX010 0
11:17:11.658 @ANX011 在职
11:17:11.659 @ANX012 
11:17:11.661 @ANX001 20180808001
11:17:11.662 @ANX002 10148
11:17:11.664 @ANX003 龙付咪
11:17:11.665 @ANX004 装配工
11:17:11.666 @ANX005 2018/8/8 8:00:00
11:17:11.667 @ANX006 2018/8/8 17:00:00
11:17:11.668 @ANX007 
11:17:11.669 @ANX008 
11:17:11.670 @ANX009 0
11:17:11.671 @ANX010 0
11:17:11.672 @ANX011 在职
11:17:11.673 @ANX012 
11:17:11.676 @ANX001 20180808001
11:17:11.677 @ANX002 10149
11:17:11.678 @ANX003 郭昭芬
11:17:11.679 @ANX004 装配工
11:17:11.680 @ANX005 2018/8/8 8:00:00
11:17:11.681 @ANX006 2018/8/8 17:00:00
11:17:11.682 @ANX007 
11:17:11.683 @ANX008 
11:17:11.684 @ANX009 0
11:17:11.685 @ANX010 0
11:17:11.686 @ANX011 在职
11:17:11.687 @ANX012 
11:17:11.689 @ANX001 20180808001
11:17:11.690 @ANX002 10150
11:17:11.692 @ANX003 刘高发
11:17:11.693 @ANX004 装配工
11:17:11.694 @ANX005 2018/8/8 8:00:00
11:17:11.695 @ANX006 2018/8/8 17:00:00
11:17:11.696 @ANX007 
11:17:11.697 @ANX008 
11:17:11.698 @ANX009 0
11:17:11.698 @ANX010 0
11:17:11.699 @ANX011 在职
11:17:11.700 @ANX012 
11:17:11.703 @ANX001 20180808001
11:17:11.704 @ANX002 10151
11:17:11.705 @ANX003 吴张英
11:17:11.706 @ANX004 装配工
11:17:11.707 @ANX005 2018/8/8 8:00:00
11:17:11.708 @ANX006 2018/8/8 17:00:00
11:17:11.709 @ANX007 
11:17:11.710 @ANX008 
11:17:11.711 @ANX009 0
11:17:11.712 @ANX010 0
11:17:11.713 @ANX011 在职
11:17:11.714 @ANX012 
11:17:11.716 @ANX001 20180808001
11:17:11.717 @ANX002 10152
11:17:11.718 @ANX003 杨犁
11:17:11.721 @ANX004 装配工
11:17:11.722 @ANX005 2018/8/8 8:00:00
11:17:11.723 @ANX006 2018/8/8 17:00:00
11:17:11.724 @ANX007 
11:17:11.725 @ANX008 
11:17:11.726 @ANX009 0
11:17:11.728 @ANX010 0
11:17:11.730 @ANX011 在职
11:17:11.731 @ANX012 
11:17:11.734 @ANX001 20180808001
11:17:11.735 @ANX002 10153
11:17:11.736 @ANX003 熊洪才
11:17:11.738 @ANX004 装配工
11:17:11.739 @ANX005 2018/8/8 8:00:00
11:17:11.740 @ANX006 2018/8/8 17:00:00
11:17:11.741 @ANX007 
11:17:11.743 @ANX008 
11:17:11.744 @ANX009 0
11:17:11.745 @ANX010 0
11:17:11.746 @ANX011 在职
11:17:11.747 @ANX012 
11:17:11.749 @ANX001 20180808001
11:17:11.751 @ANX002 10154
11:17:11.752 @ANX003 代开容
11:17:11.754 @ANX004 装配工
11:17:11.755 @ANX005 2018/8/8 8:00:00
11:17:11.756 @ANX006 2018/8/8 17:00:00
11:17:11.757 @ANX007 
11:17:11.758 @ANX008 
11:17:11.759 @ANX009 0
11:17:11.761 @ANX010 0
11:17:11.762 @ANX011 在职
11:17:11.763 @ANX012 
11:17:11.766 @ANX001 20180808001
11:17:11.767 @ANX002 10155
11:17:11.768 @ANX003 尹宗丹
11:17:11.769 @ANX004 装配工
11:17:11.771 @ANX005 2018/8/8 8:00:00
11:17:11.772 @ANX006 2018/8/8 17:00:00
11:17:11.773 @ANX007 
11:17:11.774 @ANX008 
11:17:11.775 @ANX009 0
11:17:11.776 @ANX010 0
11:17:11.777 @ANX011 在职
11:17:11.778 @ANX012 
11:17:11.780 @ANX001 20180808001
11:17:11.781 @ANX002 10156
11:17:11.782 @ANX003 朱正高
11:17:11.783 @ANX004 装配工
11:17:11.785 @ANX005 2018/8/8 8:00:00
11:17:11.786 @ANX006 2018/8/8 17:00:00
11:17:11.788 @ANX007 
11:17:11.789 @ANX008 
11:17:11.791 @ANX009 0
11:17:11.793 @ANX010 0
11:17:11.794 @ANX011 在职
11:17:11.795 @ANX012 
11:17:11.797 @ANX001 20180808001
11:17:11.798 @ANX002 10157
11:17:11.799 @ANX003 卿廷群
11:17:11.801 @ANX004 装配工
11:17:11.802 @ANX005 2018/8/8 8:00:00
11:17:11.804 @ANX006 2018/8/8 17:00:00
11:17:11.805 @ANX007 
11:17:11.806 @ANX008 
11:17:11.807 @ANX009 0
11:17:11.808 @ANX010 0
11:17:11.810 @ANX011 在职
11:17:11.811 @ANX012 
11:17:11.813 @ANX001 20180808001
11:17:11.815 @ANX002 10158
11:17:11.816 @ANX003 邹修丽
11:17:11.817 @ANX004 装配工
11:17:11.818 @ANX005 2018/8/8 8:00:00
11:17:11.820 @ANX006 2018/8/8 17:00:00
11:17:11.821 @ANX007 
11:17:11.822 @ANX008 
11:17:11.823 @ANX009 0
11:17:11.824 @ANX010 0
11:17:11.825 @ANX011 在职
11:17:11.826 @ANX012 
11:17:11.828 @ANX001 20180808001
11:17:11.829 @ANX002 10159
11:17:11.831 @ANX003 徐永洪
11:17:11.832 @ANX004 装配工
11:17:11.833 @ANX005 2018/8/8 8:00:00
11:17:11.834 @ANX006 2018/8/8 17:00:00
11:17:11.835 @ANX007 
11:17:11.836 @ANX008 
11:17:11.837 @ANX009 0
11:17:11.838 @ANX010 0
11:17:11.840 @ANX011 在职
11:17:11.841 @ANX012 
11:17:11.843 @ANX001 20180808001
11:17:11.844 @ANX002 10160
11:17:11.845 @ANX003 刘仁燕
11:17:11.846 @ANX004 装配工
11:17:11.848 @ANX005 2018/8/8 8:00:00
11:17:11.849 @ANX006 2018/8/8 17:00:00
11:17:11.850 @ANX007 
11:17:11.851 @ANX008 
11:17:11.852 @ANX009 0
11:17:11.853 @ANX010 0
11:17:11.855 @ANX011 在职
11:17:11.856 @ANX012 
11:17:11.859 @ANX001 20180808001
11:17:11.861 @ANX002 10161
11:17:11.862 @ANX003 陈万珍
11:17:11.863 @ANX004 装配工
11:17:11.864 @ANX005 2018/8/8 8:00:00
11:17:11.866 @ANX006 2018/8/8 17:00:00
11:17:11.867 @ANX007 
11:17:11.868 @ANX008 
11:17:11.869 @ANX009 0
11:17:11.870 @ANX010 0
11:17:11.871 @ANX011 在职
11:17:11.872 @ANX012 
11:17:11.874 @ANX001 20180808001
11:17:11.875 @ANX002 10162
11:17:11.876 @ANX003 李义承
11:17:11.877 @ANX004 装配工
11:17:11.878 @ANX005 2018/8/8 8:00:00
11:17:11.880 @ANX006 2018/8/8 17:00:00
11:17:11.881 @ANX007 
11:17:11.883 @ANX008 
11:17:11.884 @ANX009 0
11:17:11.885 @ANX010 0
11:17:11.886 @ANX011 在职
11:17:11.887 @ANX012 
11:17:11.889 @ANX001 20180808001
11:17:11.890 @ANX002 10163
11:17:11.891 @ANX003 张义兵
11:17:11.892 @ANX004 装配工
11:17:11.893 @ANX005 2018/8/8 8:00:00
11:17:11.895 @ANX006 2018/8/8 17:00:00
11:17:11.896 @ANX007 
11:17:11.897 @ANX008 
11:17:11.898 @ANX009 0
11:17:11.899 @ANX010 0
11:17:11.900 @ANX011 在职
11:17:11.901 @ANX012 
11:17:11.903 @ANX001 20180808001
11:17:11.904 @ANX002 10164
11:17:11.905 @ANX003 韩会萍
11:17:11.906 @ANX004 装配工
11:17:11.907 @ANX005 2018/8/8 8:00:00
11:17:11.908 @ANX006 2018/8/8 17:00:00
11:17:11.909 @ANX007 
11:17:11.910 @ANX008 
11:17:11.911 @ANX009 0
11:17:11.913 @ANX010 0
11:17:11.914 @ANX011 在职
11:17:11.915 @ANX012 
11:17:11.919 @ANX001 20180808001
11:17:11.920 @ANX002 10165
11:17:11.921 @ANX003 国明秀
11:17:11.922 @ANX004 装配工
11:17:11.924 @ANX005 2018/8/8 8:00:00
11:17:11.925 @ANX006 2018/8/8 17:00:00
11:17:11.925 @ANX007 
11:17:11.927 @ANX008 
11:17:11.928 @ANX009 0
11:17:11.929 @ANX010 0
11:17:11.930 @ANX011 在职
11:17:11.931 @ANX012 
11:17:16.560 @ANW001 20180808001
11:17:16.563 @ANW020 True
11:17:43.509 @ANW001 20180808002
11:17:43.513 @ANW002 GD201704270007
11:17:43.516 @ANW003 TCLNS-11Y3B20-T
11:17:43.520 @ANW004 TCL两灯三合一浴霸/灯暖+照明+换气
11:17:43.522 @ANW005 630W
11:17:43.523 @ANW006 1000
11:17:43.524 @ANW007 台
11:17:43.525 @ANW008 2
11:17:43.527 @ANW009 10
11:17:43.528 @ANW010 0507
11:17:43.529 @ANW011 总装车间
11:17:43.531 @ANW012 050701
11:17:43.532 @ANW013 1线
11:17:43.533 @ANW014 计件
11:17:43.535 @ANW015 2018/8/7 8:00:00
11:17:43.536 @ANW016 2018/8/7 17:00:00
11:17:43.537 @ANW017 
11:17:43.539 @ANW018 
11:17:43.541 @ANW019 
11:17:43.542 @ANW020 True
11:17:43.543 @ANW021 False
11:17:43.545 @ANW022 2018/8/8 0:00:00
11:17:43.550 @ANX001 20180808002
11:17:43.551 @ANX002 10139
11:17:43.552 @ANX003 张龙
11:17:43.553 @ANX004 一线组长
11:17:43.554 @ANX005 2018/8/7 8:00:00
11:17:43.555 @ANX006 2018/8/7 17:00:00
11:17:43.556 @ANX007 
11:17:43.558 @ANX008 
11:17:43.559 @ANX009 0
11:17:43.560 @ANX010 0
11:17:43.561 @ANX011 在职
11:17:43.562 @ANX012 
11:17:43.566 @ANX001 20180808002
11:17:43.568 @ANX002 10140
11:17:43.569 @ANX003 刘兴贵
11:17:43.570 @ANX004 装配工
11:17:43.571 @ANX005 2018/8/7 8:00:00
11:17:43.572 @ANX006 2018/8/7 17:00:00
11:17:43.573 @ANX007 
11:17:43.575 @ANX008 
11:17:43.576 @ANX009 0
11:17:43.577 @ANX010 0
11:17:43.578 @ANX011 在职
11:17:43.579 @ANX012 
11:17:43.582 @ANX001 20180808002
11:17:43.583 @ANX002 10141
11:17:43.584 @ANX003 王振宇
11:17:43.585 @ANX004 装配工
11:17:43.586 @ANX005 2018/8/7 8:00:00
11:17:43.587 @ANX006 2018/8/7 17:00:00
11:17:43.588 @ANX007 
11:17:43.589 @ANX008 
11:17:43.590 @ANX009 0
11:17:43.592 @ANX010 0
11:17:43.593 @ANX011 在职
11:17:43.594 @ANX012 
11:17:43.596 @ANX001 20180808002
11:17:43.598 @ANX002 10142
11:17:43.599 @ANX003 钟成菊
11:17:43.600 @ANX004 装配工
11:17:43.601 @ANX005 2018/8/7 8:00:00
11:17:43.602 @ANX006 2018/8/7 17:00:00
11:17:43.603 @ANX007 
11:17:43.604 @ANX008 
11:17:43.605 @ANX009 0
11:17:43.607 @ANX010 0
11:17:43.609 @ANX011 在职
11:17:43.610 @ANX012 
11:17:43.612 @ANX001 20180808002
11:17:43.613 @ANX002 10143
11:17:43.614 @ANX003 赵成鹏
11:17:43.615 @ANX004 装配工
11:17:43.616 @ANX005 2018/8/7 8:00:00
11:17:43.617 @ANX006 2018/8/7 17:00:00
11:17:43.618 @ANX007 
11:17:43.619 @ANX008 
11:17:43.620 @ANX009 0
11:17:43.621 @ANX010 0
11:17:43.623 @ANX011 在职
11:17:43.624 @ANX012 
11:17:43.626 @ANX001 20180808002
11:17:43.627 @ANX002 10144
11:17:43.628 @ANX003 何万华
11:17:43.629 @ANX004 装配工
11:17:43.631 @ANX005 2018/8/7 8:00:00
11:17:43.632 @ANX006 2018/8/7 17:00:00
11:17:43.633 @ANX007 
11:17:43.634 @ANX008 
11:17:43.635 @ANX009 0
11:17:43.636 @ANX010 0
11:17:43.637 @ANX011 在职
11:17:43.638 @ANX012 
11:17:43.641 @ANX001 20180808002
11:17:43.643 @ANX002 10145
11:17:43.644 @ANX003 严云芹
11:17:43.644 @ANX004 装配工
11:17:43.645 @ANX005 2018/8/7 8:00:00
11:17:43.646 @ANX006 2018/8/7 17:00:00
11:17:43.647 @ANX007 
11:17:43.648 @ANX008 
11:17:43.649 @ANX009 0
11:17:43.651 @ANX010 0
11:17:43.652 @ANX011 在职
11:17:43.653 @ANX012 
11:17:43.655 @ANX001 20180808002
11:17:43.657 @ANX002 10146
11:17:43.658 @ANX003 马小千
11:17:43.659 @ANX004 装配工
11:17:43.660 @ANX005 2018/8/7 8:00:00
11:17:43.661 @ANX006 2018/8/7 17:00:00
11:17:43.662 @ANX007 
11:17:43.663 @ANX008 
11:17:43.664 @ANX009 0
11:17:43.665 @ANX010 0
11:17:43.666 @ANX011 在职
11:17:43.668 @ANX012 
11:17:43.670 @ANX001 20180808002
11:17:43.672 @ANX002 10147
11:17:43.673 @ANX003 周顺
11:17:43.674 @ANX004 装配工
11:17:43.675 @ANX005 2018/8/7 8:00:00
11:17:43.676 @ANX006 2018/8/7 17:00:00
11:17:43.677 @ANX007 
11:17:43.678 @ANX008 
11:17:43.680 @ANX009 0
11:17:43.681 @ANX010 0
11:17:43.682 @ANX011 在职
11:17:43.683 @ANX012 
11:17:43.685 @ANX001 20180808002
11:17:43.687 @ANX002 10148
11:17:43.688 @ANX003 龙付咪
11:17:43.689 @ANX004 装配工
11:17:43.690 @ANX005 2018/8/7 8:00:00
11:17:43.691 @ANX006 2018/8/7 17:00:00
11:17:43.692 @ANX007 
11:17:43.693 @ANX008 
11:17:43.694 @ANX009 0
11:17:43.695 @ANX010 0
11:17:43.696 @ANX011 在职
11:17:43.696 @ANX012 
11:17:43.698 @ANX001 20180808002
11:17:43.699 @ANX002 10149
11:17:43.700 @ANX003 郭昭芬
11:17:43.702 @ANX004 装配工
11:17:43.704 @ANX005 2018/8/7 8:00:00
11:17:43.705 @ANX006 2018/8/7 17:00:00
11:17:43.707 @ANX007 
11:17:43.708 @ANX008 
11:17:43.710 @ANX009 0
11:17:43.711 @ANX010 0
11:17:43.713 @ANX011 在职
11:17:43.714 @ANX012 
11:17:43.717 @ANX001 20180808002
11:17:43.718 @ANX002 10150
11:17:43.720 @ANX003 刘高发
11:17:43.721 @ANX004 装配工
11:17:43.722 @ANX005 2018/8/7 8:00:00
11:17:43.723 @ANX006 2018/8/7 17:00:00
11:17:43.724 @ANX007 
11:17:43.725 @ANX008 
11:17:43.726 @ANX009 0
11:17:43.727 @ANX010 0
11:17:43.728 @ANX011 在职
11:17:43.730 @ANX012 
11:17:43.733 @ANX001 20180808002
11:17:43.734 @ANX002 10151
11:17:43.735 @ANX003 吴张英
11:17:43.736 @ANX004 装配工
11:17:43.737 @ANX005 2018/8/7 8:00:00
11:17:43.738 @ANX006 2018/8/7 17:00:00
11:17:43.739 @ANX007 
11:17:43.740 @ANX008 
11:17:43.741 @ANX009 0
11:17:43.743 @ANX010 0
11:17:43.743 @ANX011 在职
11:17:43.744 @ANX012 
11:17:43.746 @ANX001 20180808002
11:17:43.748 @ANX002 10152
11:17:43.749 @ANX003 杨犁
11:17:43.749 @ANX004 装配工
11:17:43.751 @ANX005 2018/8/7 8:00:00
11:17:43.752 @ANX006 2018/8/7 17:00:00
11:17:43.753 @ANX007 
11:17:43.754 @ANX008 
11:17:43.755 @ANX009 0
11:17:43.756 @ANX010 0
11:17:43.757 @ANX011 在职
11:17:43.758 @ANX012 
11:17:43.760 @ANX001 20180808002
11:17:43.762 @ANX002 10153
11:17:43.763 @ANX003 熊洪才
11:17:43.764 @ANX004 装配工
11:17:43.765 @ANX005 2018/8/7 8:00:00
11:17:43.766 @ANX006 2018/8/7 17:00:00
11:17:43.767 @ANX007 
11:17:43.768 @ANX008 
11:17:43.769 @ANX009 0
11:17:43.770 @ANX010 0
11:17:43.771 @ANX011 在职
11:17:43.772 @ANX012 
11:17:43.774 @ANX001 20180808002
11:17:43.775 @ANX002 10154
11:17:43.776 @ANX003 代开容
11:17:43.777 @ANX004 装配工
11:17:43.778 @ANX005 2018/8/7 8:00:00
11:17:43.779 @ANX006 2018/8/7 17:00:00
11:17:43.780 @ANX007 
11:17:43.781 @ANX008 
11:17:43.782 @ANX009 0
11:17:43.783 @ANX010 0
11:17:43.785 @ANX011 在职
11:17:43.786 @ANX012 
11:17:43.788 @ANX001 20180808002
11:17:43.789 @ANX002 10155
11:17:43.790 @ANX003 尹宗丹
11:17:43.791 @ANX004 装配工
11:17:43.792 @ANX005 2018/8/7 8:00:00
11:17:43.793 @ANX006 2018/8/7 17:00:00
11:17:43.794 @ANX007 
11:17:43.795 @ANX008 
11:17:43.797 @ANX009 0
11:17:43.798 @ANX010 0
11:17:43.799 @ANX011 在职
11:17:43.801 @ANX012 
11:17:43.803 @ANX001 20180808002
11:17:43.804 @ANX002 10156
11:17:43.805 @ANX003 朱正高
11:17:43.806 @ANX004 装配工
11:17:43.807 @ANX005 2018/8/7 8:00:00
11:17:43.808 @ANX006 2018/8/7 17:00:00
11:17:43.809 @ANX007 
11:17:43.810 @ANX008 
11:17:43.811 @ANX009 0
11:17:43.812 @ANX010 0
11:17:43.814 @ANX011 在职
11:17:43.815 @ANX012 
11:17:43.817 @ANX001 20180808002
11:17:43.818 @ANX002 10157
11:17:43.819 @ANX003 卿廷群
11:17:43.820 @ANX004 装配工
11:17:43.821 @ANX005 2018/8/7 8:00:00
11:17:43.822 @ANX006 2018/8/7 17:00:00
11:17:43.823 @ANX007 
11:17:43.824 @ANX008 
11:17:43.825 @ANX009 0
11:17:43.826 @ANX010 0
11:17:43.827 @ANX011 在职
11:17:43.828 @ANX012 
11:17:43.830 @ANX001 20180808002
11:17:43.831 @ANX002 10158
11:17:43.832 @ANX003 邹修丽
11:17:43.833 @ANX004 装配工
11:17:43.834 @ANX005 2018/8/7 8:00:00
11:17:43.835 @ANX006 2018/8/7 17:00:00
11:17:43.836 @ANX007 
11:17:43.837 @ANX008 
11:17:43.838 @ANX009 0
11:17:43.840 @ANX010 0
11:17:43.841 @ANX011 在职
11:17:43.842 @ANX012 
11:17:43.844 @ANX001 20180808002
11:17:43.845 @ANX002 10159
11:17:43.846 @ANX003 徐永洪
11:17:43.847 @ANX004 装配工
11:17:43.848 @ANX005 2018/8/7 8:00:00
11:17:43.849 @ANX006 2018/8/7 17:00:00
11:17:43.850 @ANX007 
11:17:43.851 @ANX008 
11:17:43.852 @ANX009 0
11:17:43.854 @ANX010 0
11:17:43.855 @ANX011 在职
11:17:43.856 @ANX012 
11:17:43.858 @ANX001 20180808002
11:17:43.859 @ANX002 10160
11:17:43.860 @ANX003 刘仁燕
11:17:43.861 @ANX004 装配工
11:17:43.862 @ANX005 2018/8/7 8:00:00
11:17:43.863 @ANX006 2018/8/7 17:00:00
11:17:43.864 @ANX007 
11:17:43.865 @ANX008 
11:17:43.866 @ANX009 0
11:17:43.867 @ANX010 0
11:17:43.868 @ANX011 在职
11:17:43.869 @ANX012 
11:17:43.871 @ANX001 20180808002
11:17:43.872 @ANX002 10161
11:17:43.873 @ANX003 陈万珍
11:17:43.874 @ANX004 装配工
11:17:43.875 @ANX005 2018/8/7 8:00:00
11:17:43.876 @ANX006 2018/8/7 17:00:00
11:17:43.877 @ANX007 
11:17:43.878 @ANX008 
11:17:43.879 @ANX009 0
11:17:43.880 @ANX010 0
11:17:43.881 @ANX011 在职
11:17:43.882 @ANX012 
11:17:43.884 @ANX001 20180808002
11:17:43.885 @ANX002 10162
11:17:43.887 @ANX003 李义承
11:17:43.887 @ANX004 装配工
11:17:43.889 @ANX005 2018/8/7 8:00:00
11:17:43.890 @ANX006 2018/8/7 17:00:00
11:17:43.891 @ANX007 
11:17:43.892 @ANX008 
11:17:43.893 @ANX009 0
11:17:43.894 @ANX010 0
11:17:43.895 @ANX011 在职
11:17:43.896 @ANX012 
11:17:43.898 @ANX001 20180808002
11:17:43.899 @ANX002 10163
11:17:43.900 @ANX003 张义兵
11:17:43.901 @ANX004 装配工
11:17:43.902 @ANX005 2018/8/7 8:00:00
11:17:43.904 @ANX006 2018/8/7 17:00:00
11:17:43.905 @ANX007 
11:17:43.906 @ANX008 
11:17:43.907 @ANX009 0
11:17:43.908 @ANX010 0
11:17:43.909 @ANX011 在职
11:17:43.910 @ANX012 
11:17:43.912 @ANX001 20180808002
11:17:43.913 @ANX002 10164
11:17:43.914 @ANX003 韩会萍
11:17:43.915 @ANX004 装配工
11:17:43.916 @ANX005 2018/8/7 8:00:00
11:17:43.917 @ANX006 2018/8/7 17:00:00
11:17:43.919 @ANX007 
11:17:43.920 @ANX008 
11:17:43.921 @ANX009 0
11:17:43.922 @ANX010 0
11:17:43.923 @ANX011 在职
11:17:43.924 @ANX012 
11:17:43.927 @ANX001 20180808002
11:17:43.928 @ANX002 10165
11:17:43.929 @ANX003 国明秀
11:17:43.930 @ANX004 装配工
11:17:43.931 @ANX005 2018/8/7 8:00:00
11:17:43.932 @ANX006 2018/8/7 17:00:00
11:17:43.933 @ANX007 
11:17:43.935 @ANX008 
11:17:43.936 @ANX009 0
11:17:43.937 @ANX010 0
11:17:43.938 @ANX011 在职
11:17:43.939 @ANX012 
11:17:45.993 @ANW001 20180808002
11:17:45.995 @ANW020 True
11:22:38.784  异常信息：远程服务器返回错误: (404) 未找到。
  堆栈信息:   在 AutoUpdate.AppUpdate.DownloadFile(String url, String localFilePath) 位置 D:\ProjectData\MiKe\LineProductMes\LineProductMes\ClassForMain\AppUpdate.cs:行号 243
   在 AutoUpdate.AppUpdate.CheckAppVersion(String& msg) 位置 D:\ProjectData\MiKe\LineProductMes\LineProductMes\ClassForMain\AppUpdate.cs:行号 310
11:22:42.893 @EMP002 系统管理员
11:22:42.895 @EMP033 cebfd1559b68d67688884d7a3d3e8c
11:29:57.499  异常信息：远程服务器返回错误: (404) 未找到。
  堆栈信息:   在 AutoUpdate.AppUpdate.DownloadFile(String url, String localFilePath) 位置 D:\ProjectData\MiKe\LineProductMes\LineProductMes\ClassForMain\AppUpdate.cs:行号 243
   在 AutoUpdate.AppUpdate.CheckAppVersion(String& msg) 位置 D:\ProjectData\MiKe\LineProductMes\LineProductMes\ClassForMain\AppUpdate.cs:行号 310
11:30:05.134 @EMP002 系统管理员
11:30:05.136 @EMP033 cebfd1559b68d67688884d7a3d3e8c
11:33:23.300  异常信息：远程服务器返回错误: (404) 未找到。
  堆栈信息:   在 AutoUpdate.AppUpdate.DownloadFile(String url, String localFilePath) 位置 D:\ProjectData\MiKe\LineProductMes\LineProductMes\ClassForMain\AppUpdate.cs:行号 243
   在 AutoUpdate.AppUpdate.CheckAppVersion(String& msg) 位置 D:\ProjectData\MiKe\LineProductMes\LineProductMes\ClassForMain\AppUpdate.cs:行号 310
11:34:05.043  异常信息：远程服务器返回错误: (404) 未找到。
  堆栈信息:   在 AutoUpdate.AppUpdate.DownloadFile(String url, String localFilePath) 位置 D:\ProjectData\MiKe\LineProductMes\LineProductMes\ClassForMain\AppUpdate.cs:行号 243
   在 AutoUpdate.AppUpdate.CheckAppVersion(String& msg) 位置 D:\ProjectData\MiKe\LineProductMes\LineProductMes\ClassForMain\AppUpdate.cs:行号 310
11:34:34.630 @EMP002 系统管理员
11:34:34.633 @EMP033 e51e6c4ea698bc872c5f2e504383ac59
11:34:36.835 @EMP002 系统管理员
11:34:36.837 @EMP033 cebfd1559b68d67688884d7a3d3e8c
11:38:40.496  异常信息：远程服务器返回错误: (404) 未找到。
  堆栈信息:   在 AutoUpdate.AppUpdate.DownloadFile(String url, String localFilePath) 位置 D:\ProjectData\MiKe\LineProductMes\LineProductMes\ClassForMain\AppUpdate.cs:行号 243
   在 AutoUpdate.AppUpdate.CheckAppVersion(String& msg) 位置 D:\ProjectData\MiKe\LineProductMes\LineProductMes\ClassForMain\AppUpdate.cs:行号 310
11:38:50.022 @EMP002 系统管理员
11:38:50.025 @EMP033 cebfd1559b68d67688884d7a3d3e8c
11:39:49.959  异常信息：远程服务器返回错误: (404) 未找到。
  堆栈信息:   在 AutoUpdate.AppUpdate.DownloadFile(String url, String localFilePath) 位置 D:\ProjectData\MiKe\LineProductMes\LineProductMes\ClassForMain\AppUpdate.cs:行号 243
   在 AutoUpdate.AppUpdate.CheckAppVersion(String& msg) 位置 D:\ProjectData\MiKe\LineProductMes\LineProductMes\ClassForMain\AppUpdate.cs:行号 310
11:39:55.283 @EMP002 系统管理员
11:39:55.286 @EMP033 cebfd1559b68d67688884d7a3d3e8c
15:23:48.513  异常信息：远程服务器返回错误: (404) 未找到。
  堆栈信息:   在 AutoUpdate.AppUpdate.DownloadFile(String url, String localFilePath) 位置 D:\ProjectData\MiKe\LineProductMes\LineProductMes\ClassForMain\AppUpdate.cs:行号 243
   在 AutoUpdate.AppUpdate.CheckAppVersion(String& msg) 位置 D:\ProjectData\MiKe\LineProductMes\LineProductMes\ClassForMain\AppUpdate.cs:行号 310
15:23:53.020 @EMP002 系统管理员
15:23:53.021 @EMP033 cebfd1559b68d67688884d7a3d3e8c
15:28:27.175  异常信息：远程服务器返回错误: (404) 未找到。
  堆栈信息:   在 AutoUpdate.AppUpdate.DownloadFile(String url, String localFilePath) 位置 D:\ProjectData\MiKe\LineProductMes\LineProductMes\ClassForMain\AppUpdate.cs:行号 243
   在 AutoUpdate.AppUpdate.CheckAppVersion(String& msg) 位置 D:\ProjectData\MiKe\LineProductMes\LineProductMes\ClassForMain\AppUpdate.cs:行号 310
15:28:32.615 @EMP002 系统管理员
15:28:32.617 @EMP033 cebfd1559b68d67688884d7a3d3e8c
15:35:47.882  异常信息：远程服务器返回错误: (404) 未找到。
  堆栈信息:   在 AutoUpdate.AppUpdate.DownloadFile(String url, String localFilePath) 位置 D:\ProjectData\MiKe\LineProductMes\LineProductMes\ClassForMain\AppUpdate.cs:行号 243
   在 AutoUpdate.AppUpdate.CheckAppVersion(String& msg) 位置 D:\ProjectData\MiKe\LineProductMes\LineProductMes\ClassForMain\AppUpdate.cs:行号 310
15:35:59.905 @EMP002 系统管理员
15:35:59.907 @EMP033 cebfd1559b68d67688884d7a3d3e8c
15:36:30.906  异常信息：远程服务器返回错误: (404) 未找到。
  堆栈信息:   在 AutoUpdate.AppUpdate.DownloadFile(String url, String localFilePath) 位置 D:\ProjectData\MiKe\LineProductMes\LineProductMes\ClassForMain\AppUpdate.cs:行号 243
   在 AutoUpdate.AppUpdate.CheckAppVersion(String& msg) 位置 D:\ProjectData\MiKe\LineProductMes\LineProductMes\ClassForMain\AppUpdate.cs:行号 310
15:36:37.283 @EMP002 系统管理员
15:36:37.285 @EMP033 cebfd1559b68d67688884d7a3d3e8c
16:21:17.824  异常信息：远程服务器返回错误: (404) 未找到。
  堆栈信息:   在 AutoUpdate.AppUpdate.DownloadFile(String url, String localFilePath) 位置 D:\ProjectData\MiKe\LineProductMes\LineProductMes\ClassForMain\AppUpdate.cs:行号 243
   在 AutoUpdate.AppUpdate.CheckAppVersion(String& msg) 位置 D:\ProjectData\MiKe\LineProductMes\LineProductMes\ClassForMain\AppUpdate.cs:行号 310
16:21:22.521 @EMP002 系统管理员
16:21:22.522 @EMP033 cebfd1559b68d67688884d7a3d3e8c
16:42:06.158  异常信息：远程服务器返回错误: (404) 未找到。
  堆栈信息:   在 AutoUpdate.AppUpdate.DownloadFile(String url, String localFilePath) 位置 D:\ProjectData\MiKe\LineProductMes\LineProductMes\ClassForMain\AppUpdate.cs:行号 243
   在 AutoUpdate.AppUpdate.CheckAppVersion(String& msg) 位置 D:\ProjectData\MiKe\LineProductMes\LineProductMes\ClassForMain\AppUpdate.cs:行号 310
16:42:10.503 @EMP002 系统管理员
16:42:10.504 @EMP033 cebfd1559b68d67688884d7a3d3e8c
16:49:02.060  异常信息：远程服务器返回错误: (404) 未找到。
  堆栈信息:   在 AutoUpdate.AppUpdate.DownloadFile(String url, String localFilePath) 位置 D:\ProjectData\MiKe\LineProductMes\LineProductMes\ClassForMain\AppUpdate.cs:行号 243
   在 AutoUpdate.AppUpdate.CheckAppVersion(String& msg) 位置 D:\ProjectData\MiKe\LineProductMes\LineProductMes\ClassForMain\AppUpdate.cs:行号 310
16:49:06.378 @EMP002 系统管理员
16:49:06.380 @EMP033 cebfd1559b68d67688884d7a3d3e8c
16:52:36.395  异常信息：远程服务器返回错误: (404) 未找到。
  堆栈信息:   在 AutoUpdate.AppUpdate.DownloadFile(String url, String localFilePath) 位置 D:\ProjectData\MiKe\LineProductMes\LineProductMes\ClassForMain\AppUpdate.cs:行号 243
   在 AutoUpdate.AppUpdate.CheckAppVersion(String& msg) 位置 D:\ProjectData\MiKe\LineProductMes\LineProductMes\ClassForMain\AppUpdate.cs:行号 310
16:52:40.868 @EMP002 系统管理员
16:52:40.869 @EMP033 cebfd1559b68d67688884d7a3d3e8c
16:53:25.717  异常信息：远程服务器返回错误: (404) 未找到。
  堆栈信息:   在 AutoUpdate.AppUpdate.DownloadFile(String url, String localFilePath) 位置 D:\ProjectData\MiKe\LineProductMes\LineProductMes\ClassForMain\AppUpdate.cs:行号 243
   在 AutoUpdate.AppUpdate.CheckAppVersion(String& msg) 位置 D:\ProjectData\MiKe\LineProductMes\LineProductMes\ClassForMain\AppUpdate.cs:行号 310
16:53:29.425 @EMP002 系统管理员
16:53:29.426 @EMP033 cebfd1559b68d67688884d7a3d3e8c
16:54:15.079  异常信息：远程服务器返回错误: (404) 未找到。
  堆栈信息:   在 AutoUpdate.AppUpdate.DownloadFile(String url, String localFilePath) 位置 D:\ProjectData\MiKe\LineProductMes\LineProductMes\ClassForMain\AppUpdate.cs:行号 243
   在 AutoUpdate.AppUpdate.CheckAppVersion(String& msg) 位置 D:\ProjectData\MiKe\LineProductMes\LineProductMes\ClassForMain\AppUpdate.cs:行号 310
16:54:19.207 @EMP002 系统管理员
16:54:19.209 @EMP033 cebfd1559b68d67688884d7a3d3e8c
16:55:09.485  异常信息：远程服务器返回错误: (404) 未找到。
  堆栈信息:   在 AutoUpdate.AppUpdate.DownloadFile(String url, String localFilePath) 位置 D:\ProjectData\MiKe\LineProductMes\LineProductMes\ClassForMain\AppUpdate.cs:行号 243
   在 AutoUpdate.AppUpdate.CheckAppVersion(String& msg) 位置 D:\ProjectData\MiKe\LineProductMes\LineProductMes\ClassForMain\AppUpdate.cs:行号 310
16:55:13.691 @EMP002 系统管理员
16:55:13.694 @EMP033 cebfd1559b68d67688884d7a3d3e8c
17:01:01.079  异常信息：远程服务器返回错误: (404) 未找到。
  堆栈信息:   在 AutoUpdate.AppUpdate.DownloadFile(String url, String localFilePath) 位置 D:\ProjectData\MiKe\LineProductMes\LineProductMes\ClassForMain\AppUpdate.cs:行号 243
   在 AutoUpdate.AppUpdate.CheckAppVersion(String& msg) 位置 D:\ProjectData\MiKe\LineProductMes\LineProductMes\ClassForMain\AppUpdate.cs:行号 310
17:01:05.339 @EMP002 系统管理员
17:01:05.341 @EMP033 cebfd1559b68d67688884d7a3d3e8c
17:09:16.246  异常信息：远程服务器返回错误: (404) 未找到。
  堆栈信息:   在 AutoUpdate.AppUpdate.DownloadFile(String url, String localFilePath) 位置 D:\ProjectData\MiKe\LineProductMes\LineProductMes\ClassForMain\AppUpdate.cs:行号 243
   在 AutoUpdate.AppUpdate.CheckAppVersion(String& msg) 位置 D:\ProjectData\MiKe\LineProductMes\LineProductMes\ClassForMain\AppUpdate.cs:行号 310
17:09:52.932 @EMP002 系统管理员
17:09:52.936 @EMP033 cebfd1559b68d67688884d7a3d3e8c
17:10:41.908  异常信息：远程服务器返回错误: (404) 未找到。
  堆栈信息:   在 AutoUpdate.AppUpdate.DownloadFile(String url, String localFilePath) 位置 D:\ProjectData\MiKe\LineProductMes\LineProductMes\ClassForMain\AppUpdate.cs:行号 243
   在 AutoUpdate.AppUpdate.CheckAppVersion(String& msg) 位置 D:\ProjectData\MiKe\LineProductMes\LineProductMes\ClassForMain\AppUpdate.cs:行号 310
17:10:47.560 @EMP002 系统管理员
17:10:47.563 @EMP033 cebfd1559b68d67688884d7a3d3e8c
17:12:00.768  异常信息：远程服务器返回错误: (404) 未找到。
  堆栈信息:   在 AutoUpdate.AppUpdate.DownloadFile(String url, String localFilePath) 位置 D:\ProjectData\MiKe\LineProductMes\LineProductMes\ClassForMain\AppUpdate.cs:行号 243
   在 AutoUpdate.AppUpdate.CheckAppVersion(String& msg) 位置 D:\ProjectData\MiKe\LineProductMes\LineProductMes\ClassForMain\AppUpdate.cs:行号 310
17:12:05.068 @EMP002 系统管理员
17:12:05.070 @EMP033 cebfd1559b68d67688884d7a3d3e8c
17:15:09.571  异常信息：远程服务器返回错误: (404) 未找到。
  堆栈信息:   在 AutoUpdate.AppUpdate.DownloadFile(String url, String localFilePath) 位置 D:\ProjectData\MiKe\LineProductMes\LineProductMes\ClassForMain\AppUpdate.cs:行号 243
   在 AutoUpdate.AppUpdate.CheckAppVersion(String& msg) 位置 D:\ProjectData\MiKe\LineProductMes\LineProductMes\ClassForMain\AppUpdate.cs:行号 310
17:15:13.731 @EMP002 系统管理员
17:15:13.733 @EMP033 cebfd1559b68d67688884d7a3d3e8c
17:15:52.034  异常信息：远程服务器返回错误: (404) 未找到。
  堆栈信息:   在 AutoUpdate.AppUpdate.DownloadFile(String url, String localFilePath) 位置 D:\ProjectData\MiKe\LineProductMes\LineProductMes\ClassForMain\AppUpdate.cs:行号 243
   在 AutoUpdate.AppUpdate.CheckAppVersion(String& msg) 位置 D:\ProjectData\MiKe\LineProductMes\LineProductMes\ClassForMain\AppUpdate.cs:行号 310
17:15:57.781 @EMP002 系统管理员
17:15:57.783 @EMP033 cebfd1559b68d67688884d7a3d3e8c
17:16:07.139  异常信息：远程服务器返回错误: (404) 未找到。
  堆栈信息:   在 AutoUpdate.AppUpdate.DownloadFile(String url, String localFilePath) 位置 D:\ProjectData\MiKe\LineProductMes\LineProductMes\ClassForMain\AppUpdate.cs:行号 243
   在 AutoUpdate.AppUpdate.CheckAppVersion(String& msg) 位置 D:\ProjectData\MiKe\LineProductMes\LineProductMes\ClassForMain\AppUpdate.cs:行号 310
17:16:11.716 @EMP002 系统管理员
17:16:11.717 @EMP033 cebfd1559b68d67688884d7a3d3e8c
17:24:57.211  异常信息：远程服务器返回错误: (404) 未找到。
  堆栈信息:   在 AutoUpdate.AppUpdate.DownloadFile(String url, String localFilePath) 位置 D:\ProjectData\MiKe\LineProductMes\LineProductMes\ClassForMain\AppUpdate.cs:行号 243
   在 AutoUpdate.AppUpdate.CheckAppVersion(String& msg) 位置 D:\ProjectData\MiKe\LineProductMes\LineProductMes\ClassForMain\AppUpdate.cs:行号 310
17:25:02.796 @EMP002 系统管理员
17:25:02.798 @EMP033 cebfd1559b68d67688884d7a3d3e8c
17:41:57.493  异常信息：远程服务器返回错误: (404) 未找到。
  堆栈信息:   在 AutoUpdate.AppUpdate.DownloadFile(String url, String localFilePath) 位置 D:\ProjectData\MiKe\LineProductMes\LineProductMes\ClassForMain\AppUpdate.cs:行号 243
   在 AutoUpdate.AppUpdate.CheckAppVersion(String& msg) 位置 D:\ProjectData\MiKe\LineProductMes\LineProductMes\ClassForMain\AppUpdate.cs:行号 310
17:42:02.724 @EMP002 系统管理员
17:42:02.725 @EMP033 cebfd1559b68d67688884d7a3d3e8c
17:42:46.583  异常信息：远程服务器返回错误: (404) 未找到。
  堆栈信息:   在 AutoUpdate.AppUpdate.DownloadFile(String url, String localFilePath) 位置 D:\ProjectData\MiKe\LineProductMes\LineProductMes\ClassForMain\AppUpdate.cs:行号 243
   在 AutoUpdate.AppUpdate.CheckAppVersion(String& msg) 位置 D:\ProjectData\MiKe\LineProductMes\LineProductMes\ClassForMain\AppUpdate.cs:行号 310
17:42:51.471 @EMP002 系统管理员
17:42:51.473 @EMP033 cebfd1559b68d67688884d7a3d3e8c
17:44:29.844  异常信息：远程服务器返回错误: (404) 未找到。
  堆栈信息:   在 AutoUpdate.AppUpdate.DownloadFile(String url, String localFilePath) 位置 D:\ProjectData\MiKe\LineProductMes\LineProductMes\ClassForMain\AppUpdate.cs:行号 243
   在 AutoUpdate.AppUpdate.CheckAppVersion(String& msg) 位置 D:\ProjectData\MiKe\LineProductMes\LineProductMes\ClassForMain\AppUpdate.cs:行号 310
17:44:34.021 @EMP002 系统管理员
17:44:34.022 @EMP033 cebfd1559b68d67688884d7a3d3e8c
17:45:38.696  异常信息：远程服务器返回错误: (404) 未找到。
  堆栈信息:   在 AutoUpdate.AppUpdate.DownloadFile(String url, String localFilePath) 位置 D:\ProjectData\MiKe\LineProductMes\LineProductMes\ClassForMain\AppUpdate.cs:行号 243
   在 AutoUpdate.AppUpdate.CheckAppVersion(String& msg) 位置 D:\ProjectData\MiKe\LineProductMes\LineProductMes\ClassForMain\AppUpdate.cs:行号 310
17:46:30.512  异常信息：远程服务器返回错误: (404) 未找到。
  堆栈信息:   在 AutoUpdate.AppUpdate.DownloadFile(String url, String localFilePath) 位置 D:\ProjectData\MiKe\LineProductMes\LineProductMes\ClassForMain\AppUpdate.cs:行号 243
   在 AutoUpdate.AppUpdate.CheckAppVersion(String& msg) 位置 D:\ProjectData\MiKe\LineProductMes\LineProductMes\ClassForMain\AppUpdate.cs:行号 310
17:46:34.635 @EMP002 系统管理员
17:46:34.638 @EMP033 cebfd1559b68d67688884d7a3d3e8c
17:47:39.493  异常信息：远程服务器返回错误: (404) 未找到。
  堆栈信息:   在 AutoUpdate.AppUpdate.DownloadFile(String url, String localFilePath) 位置 D:\ProjectData\MiKe\LineProductMes\LineProductMes\ClassForMain\AppUpdate.cs:行号 243
   在 AutoUpdate.AppUpdate.CheckAppVersion(String& msg) 位置 D:\ProjectData\MiKe\LineProductMes\LineProductMes\ClassForMain\AppUpdate.cs:行号 310
17:47:44.346 @EMP002 系统管理员
17:47:44.349 @EMP033 cebfd1559b68d67688884d7a3d3e8c
17:48:27.908  异常信息：远程服务器返回错误: (404) 未找到。
  堆栈信息:   在 AutoUpdate.AppUpdate.DownloadFile(String url, String localFilePath) 位置 D:\ProjectData\MiKe\LineProductMes\LineProductMes\ClassForMain\AppUpdate.cs:行号 243
   在 AutoUpdate.AppUpdate.CheckAppVersion(String& msg) 位置 D:\ProjectData\MiKe\LineProductMes\LineProductMes\ClassForMain\AppUpdate.cs:行号 310
17:48:32.415 @EMP002 系统管理员
17:48:32.417 @EMP033 cebfd1559b68d67688884d7a3d3e8c
17:49:16.553  异常信息：远程服务器返回错误: (404) 未找到。
  堆栈信息:   在 AutoUpdate.AppUpdate.DownloadFile(String url, String localFilePath) 位置 D:\ProjectData\MiKe\LineProductMes\LineProductMes\ClassForMain\AppUpdate.cs:行号 243
   在 AutoUpdate.AppUpdate.CheckAppVersion(String& msg) 位置 D:\ProjectData\MiKe\LineProductMes\LineProductMes\ClassForMain\AppUpdate.cs:行号 310
17:49:21.782 @EMP002 系统管理员
17:49:21.783 @EMP033 cebfd1559b68d67688884d7a3d3e8c
