12:55:15.164 @EMP002 系统管理员
12:55:15.166 @EMP033 cebfd1559b68d67688884d7a3d3e8c
12:56:59.557 @EMP002 系统管理员
12:56:59.561 @EMP033 cebfd1559b68d67688884d7a3d3e8c
12:59:15.983 @ANW001 20181104001
12:59:15.986 @ANW002 GD201809260013
12:59:15.989 @ANW003 SH60302450DS
12:59:15.991 @ANW004 SH60302450DS三合一取暖器（600电商）
12:59:15.993 @ANW005 
12:59:15.995 @ANW006 100
12:59:15.997 @ANW007 台
12:59:15.999 @ANW008 0
12:59:16.001 @ANW009 100
12:59:16.003 @ANW010 0507
12:59:16.005 @ANW011 总装车间
12:59:16.007 @ANW012 050701
12:59:16.009 @ANW013 1线
12:59:16.011 @ANW014 计件
12:59:16.013 @ANW015 2018/11/4 8:00:00
12:59:16.014 @ANW016 2018/11/4 17:00:00
12:59:16.015 @ANW017 
12:59:16.017 @ANW018 
12:59:16.019 @ANW019 
12:59:16.020 @ANW020 False
12:59:16.021 @ANW021 False
12:59:16.023 @ANW022 2018/11/4 0:00:00
12:59:16.024 @ANW023 0.5
12:59:16.026 @ANW024 0.5
12:59:16.032 @ANX001 20181104001
12:59:16.034 @ANX002 10139
12:59:16.035 @ANX003 张龙
12:59:16.036 @ANX004 一线组长
12:59:16.042 @ANX005 2018/11/4 8:00:00
12:59:16.043 @ANX006 2018/11/4 17:00:00
12:59:16.045 @ANX007 2018/11/4 0:00:00
12:59:16.046 @ANX008 2018/11/4 4:00:00
12:59:16.048 @ANX009 20
12:59:16.049 @ANX010 0
12:59:16.051 @ANX011 在职
12:59:16.052 @ANX012 
12:59:16.054 @ANX013 
12:59:16.055 @ANX014 1线
12:59:16.057 @ANX015 8.5
12:59:16.059 @ANX016 4
12:59:16.061 @ANX017 0
12:59:16.065 @ANX001 20181104001
12:59:16.067 @ANX002 10140
12:59:16.069 @ANX003 刘兴贵
12:59:16.070 @ANX004 装配工
12:59:16.072 @ANX005 2018/11/4 8:00:00
12:59:16.074 @ANX006 2018/11/4 17:00:00
12:59:16.076 @ANX007 
12:59:16.077 @ANX008 
12:59:16.079 @ANX009 0
12:59:16.080 @ANX010 0
12:59:16.082 @ANX011 在职
12:59:16.084 @ANX012 
12:59:16.085 @ANX013 
12:59:16.087 @ANX014 1线
12:59:16.088 @ANX015 8.5
12:59:16.090 @ANX016 0
12:59:16.092 @ANX017 0
12:59:16.096 @ANX001 20181104001
12:59:16.098 @ANX002 10141
12:59:16.099 @ANX003 王振宇
12:59:16.101 @ANX004 装配工
12:59:16.102 @ANX005 2018/11/4 8:00:00
12:59:16.103 @ANX006 2018/11/4 17:00:00
12:59:16.105 @ANX007 
12:59:16.106 @ANX008 
12:59:16.108 @ANX009 0
12:59:16.110 @ANX010 0
12:59:16.112 @ANX011 在职
12:59:16.113 @ANX012 
12:59:16.115 @ANX013 
12:59:16.116 @ANX014 1线
12:59:16.118 @ANX015 8.5
12:59:16.120 @ANX016 0
12:59:16.122 @ANX017 0
12:59:16.124 @ANX001 20181104001
12:59:16.126 @ANX002 10142
12:59:16.128 @ANX003 钟成菊
12:59:16.129 @ANX004 装配工
12:59:16.131 @ANX005 2018/11/4 8:00:00
12:59:16.132 @ANX006 2018/11/4 17:00:00
12:59:16.133 @ANX007 
12:59:16.135 @ANX008 
12:59:16.136 @ANX009 0
12:59:16.138 @ANX010 0
12:59:16.140 @ANX011 在职
12:59:16.141 @ANX012 
12:59:16.142 @ANX013 
12:59:16.144 @ANX014 1线
12:59:16.145 @ANX015 8.5
12:59:16.148 @ANX016 0
12:59:16.150 @ANX017 0
12:59:16.154 @ANX001 20181104001
12:59:16.155 @ANX002 10143
12:59:16.157 @ANX003 赵成鹏
12:59:16.158 @ANX004 装配工
12:59:16.160 @ANX005 2018/11/4 8:00:00
12:59:16.161 @ANX006 2018/11/4 17:00:00
12:59:16.163 @ANX007 
12:59:16.165 @ANX008 
12:59:16.168 @ANX009 0
12:59:16.169 @ANX010 0
12:59:16.171 @ANX011 在职
12:59:16.173 @ANX012 
12:59:16.175 @ANX013 
12:59:16.176 @ANX014 1线
12:59:16.178 @ANX015 8.5
12:59:16.179 @ANX016 0
12:59:16.181 @ANX017 0
12:59:16.183 @ANX001 20181104001
12:59:16.185 @ANX002 10144
12:59:16.187 @ANX003 何万华
12:59:16.188 @ANX004 装配工
12:59:16.190 @ANX005 2018/11/4 8:00:00
12:59:16.191 @ANX006 2018/11/4 17:00:00
12:59:16.193 @ANX007 
12:59:16.194 @ANX008 
12:59:16.196 @ANX009 0
12:59:16.198 @ANX010 0
12:59:16.199 @ANX011 在职
12:59:16.201 @ANX012 
12:59:16.202 @ANX013 
12:59:16.204 @ANX014 1线
12:59:16.205 @ANX015 8.5
12:59:16.207 @ANX016 0
12:59:16.208 @ANX017 0
12:59:16.211 @ANX001 20181104001
12:59:16.213 @ANX002 10145
12:59:16.214 @ANX003 严云芹
12:59:16.216 @ANX004 装配工
12:59:16.217 @ANX005 2018/11/4 8:00:00
12:59:16.219 @ANX006 2018/11/4 17:00:00
12:59:16.220 @ANX007 
12:59:16.222 @ANX008 
12:59:16.223 @ANX009 0
12:59:16.225 @ANX010 0
12:59:16.226 @ANX011 在职
12:59:16.227 @ANX012 
12:59:16.229 @ANX013 
12:59:16.230 @ANX014 1线
12:59:16.232 @ANX015 8.5
12:59:16.234 @ANX016 0
12:59:16.235 @ANX017 0
12:59:16.238 @ANX001 20181104001
12:59:16.239 @ANX002 10146
12:59:16.241 @ANX003 马小千
12:59:16.243 @ANX004 装配工
12:59:16.244 @ANX005 2018/11/4 8:00:00
12:59:16.245 @ANX006 2018/11/4 17:00:00
12:59:16.247 @ANX007 
12:59:16.249 @ANX008 
12:59:16.250 @ANX009 0
12:59:16.252 @ANX010 0
12:59:16.253 @ANX011 在职
12:59:16.255 @ANX012 
12:59:16.256 @ANX013 
12:59:16.258 @ANX014 1线
12:59:16.259 @ANX015 8.5
12:59:16.261 @ANX016 0
12:59:16.263 @ANX017 0
12:59:16.266 @ANX001 20181104001
12:59:16.267 @ANX002 10147
12:59:16.269 @ANX003 周顺
12:59:16.270 @ANX004 装配工
12:59:16.272 @ANX005 2018/11/4 8:00:00
12:59:16.273 @ANX006 2018/11/4 17:00:00
12:59:16.275 @ANX007 
12:59:16.277 @ANX008 
12:59:16.278 @ANX009 0
12:59:16.280 @ANX010 0
12:59:16.281 @ANX011 在职
12:59:16.283 @ANX012 
12:59:16.284 @ANX013 
12:59:16.285 @ANX014 1线
12:59:16.287 @ANX015 8.5
12:59:16.288 @ANX016 0
12:59:16.290 @ANX017 0
12:59:16.293 @ANX001 20181104001
12:59:16.294 @ANX002 10148
12:59:16.296 @ANX003 龙付咪
12:59:16.297 @ANX004 装配工
12:59:16.299 @ANX005 2018/11/4 8:00:00
12:59:16.300 @ANX006 2018/11/4 17:00:00
12:59:16.302 @ANX007 
12:59:16.303 @ANX008 
12:59:16.305 @ANX009 0
12:59:16.307 @ANX010 0
12:59:16.309 @ANX011 在职
12:59:16.310 @ANX012 
12:59:16.312 @ANX013 
12:59:16.313 @ANX014 1线
12:59:16.314 @ANX015 8.5
12:59:16.316 @ANX016 0
12:59:16.318 @ANX017 0
12:59:16.321 @ANX001 20181104001
12:59:16.323 @ANX002 10149
12:59:16.324 @ANX003 郭昭芬
12:59:16.326 @ANX004 装配工
12:59:16.328 @ANX005 2018/11/4 8:00:00
12:59:16.330 @ANX006 2018/11/4 17:00:00
12:59:16.331 @ANX007 
12:59:16.332 @ANX008 
12:59:16.334 @ANX009 0
12:59:16.335 @ANX010 0
12:59:16.337 @ANX011 在职
12:59:16.339 @ANX012 
12:59:16.341 @ANX013 
12:59:16.343 @ANX014 1线
12:59:16.344 @ANX015 8.5
12:59:16.346 @ANX016 0
12:59:16.347 @ANX017 0
12:59:16.350 @ANX001 20181104001
12:59:16.352 @ANX002 10150
12:59:16.353 @ANX003 刘高发
12:59:16.355 @ANX004 装配工
12:59:16.357 @ANX005 2018/11/4 8:00:00
12:59:16.358 @ANX006 2018/11/4 17:00:00
12:59:16.360 @ANX007 
12:59:16.361 @ANX008 
12:59:16.363 @ANX009 0
12:59:16.364 @ANX010 0
12:59:16.365 @ANX011 在职
12:59:16.367 @ANX012 
12:59:16.369 @ANX013 
12:59:16.370 @ANX014 1线
12:59:16.372 @ANX015 8.5
12:59:16.373 @ANX016 0
12:59:16.374 @ANX017 0
12:59:16.388 @ANX001 20181104001
12:59:16.390 @ANX002 10151
12:59:16.392 @ANX003 吴张英
12:59:16.393 @ANX004 装配工
12:59:16.395 @ANX005 2018/11/4 8:00:00
12:59:16.396 @ANX006 2018/11/4 17:00:00
12:59:16.397 @ANX007 
12:59:16.399 @ANX008 
12:59:16.401 @ANX009 0
12:59:16.402 @ANX010 0
12:59:16.404 @ANX011 在职
12:59:16.405 @ANX012 
12:59:16.407 @ANX013 
12:59:16.408 @ANX014 1线
12:59:16.410 @ANX015 8.5
12:59:16.411 @ANX016 0
12:59:16.412 @ANX017 0
12:59:16.415 @ANX001 20181104001
12:59:16.417 @ANX002 10152
12:59:16.419 @ANX003 杨犁
12:59:16.420 @ANX004 装配工
12:59:16.421 @ANX005 2018/11/4 8:00:00
12:59:16.423 @ANX006 2018/11/4 17:00:00
12:59:16.424 @ANX007 
12:59:16.426 @ANX008 
12:59:16.427 @ANX009 0
12:59:16.428 @ANX010 0
12:59:16.430 @ANX011 在职
12:59:16.431 @ANX012 
12:59:16.433 @ANX013 
12:59:16.434 @ANX014 1线
12:59:16.436 @ANX015 8.5
12:59:16.437 @ANX016 0
12:59:16.439 @ANX017 0
12:59:16.441 @ANX001 20181104001
12:59:16.443 @ANX002 10153
12:59:16.445 @ANX003 熊洪才
12:59:16.446 @ANX004 装配工
12:59:16.449 @ANX005 2018/11/4 8:00:00
12:59:16.450 @ANX006 2018/11/4 17:00:00
12:59:16.452 @ANX007 
12:59:16.453 @ANX008 
12:59:16.455 @ANX009 0
12:59:16.456 @ANX010 0
12:59:16.458 @ANX011 在职
12:59:16.460 @ANX012 
12:59:16.461 @ANX013 
12:59:16.462 @ANX014 1线
12:59:16.464 @ANX015 8.5
12:59:16.466 @ANX016 0
12:59:16.468 @ANX017 0
12:59:16.471 @ANX001 20181104001
12:59:16.472 @ANX002 10154
12:59:16.474 @ANX003 代开容
12:59:16.475 @ANX004 装配工
12:59:16.477 @ANX005 2018/11/4 8:00:00
12:59:16.479 @ANX006 2018/11/4 17:00:00
12:59:16.480 @ANX007 
12:59:16.482 @ANX008 
12:59:16.483 @ANX009 0
12:59:16.485 @ANX010 0
12:59:16.486 @ANX011 在职
12:59:16.488 @ANX012 
12:59:16.489 @ANX013 
12:59:16.491 @ANX014 1线
12:59:16.492 @ANX015 8.5
12:59:16.494 @ANX016 0
12:59:16.495 @ANX017 0
12:59:16.498 @ANX001 20181104001
12:59:16.500 @ANX002 10155
12:59:16.501 @ANX003 尹宗丹
12:59:16.503 @ANX004 装配工
12:59:16.504 @ANX005 2018/11/4 8:00:00
12:59:16.505 @ANX006 2018/11/4 17:00:00
12:59:16.507 @ANX007 
12:59:16.508 @ANX008 
12:59:16.510 @ANX009 0
12:59:16.511 @ANX010 0
12:59:16.513 @ANX011 在职
12:59:16.515 @ANX012 
12:59:16.516 @ANX013 
12:59:16.518 @ANX014 1线
12:59:16.519 @ANX015 8.5
12:59:16.521 @ANX016 0
12:59:16.522 @ANX017 0
12:59:16.525 @ANX001 20181104001
12:59:16.526 @ANX002 10156
12:59:16.528 @ANX003 朱正高
12:59:16.530 @ANX004 装配工
12:59:16.531 @ANX005 2018/11/4 8:00:00
12:59:16.533 @ANX006 2018/11/4 17:00:00
12:59:16.534 @ANX007 
12:59:16.536 @ANX008 
12:59:16.537 @ANX009 0
12:59:16.539 @ANX010 0
12:59:16.540 @ANX011 在职
12:59:16.542 @ANX012 
12:59:16.543 @ANX013 
12:59:16.545 @ANX014 1线
12:59:16.547 @ANX015 8.5
12:59:16.548 @ANX016 0
12:59:16.550 @ANX017 0
12:59:16.552 @ANX001 20181104001
12:59:16.554 @ANX002 10157
12:59:16.555 @ANX003 卿廷群
12:59:16.557 @ANX004 装配工
12:59:16.558 @ANX005 2018/11/4 8:00:00
12:59:16.559 @ANX006 2018/11/4 17:00:00
12:59:16.561 @ANX007 
12:59:16.563 @ANX008 
12:59:16.564 @ANX009 0
12:59:16.566 @ANX010 0
12:59:16.567 @ANX011 在职
12:59:16.569 @ANX012 
12:59:16.571 @ANX013 
12:59:16.573 @ANX014 1线
12:59:16.574 @ANX015 8.5
12:59:16.576 @ANX016 0
12:59:16.577 @ANX017 0
12:59:16.580 @ANX001 20181104001
12:59:16.582 @ANX002 10158
12:59:16.583 @ANX003 邹修丽
12:59:16.584 @ANX004 装配工
12:59:16.586 @ANX005 2018/11/4 8:00:00
12:59:16.587 @ANX006 2018/11/4 17:00:00
12:59:16.589 @ANX007 
12:59:16.591 @ANX008 
12:59:16.592 @ANX009 0
12:59:16.594 @ANX010 0
12:59:16.595 @ANX011 在职
12:59:16.597 @ANX012 
12:59:16.599 @ANX013 
12:59:16.601 @ANX014 1线
12:59:16.604 @ANX015 8.5
12:59:16.605 @ANX016 0
12:59:16.606 @ANX017 0
12:59:16.609 @ANX001 20181104001
12:59:16.611 @ANX002 10159
12:59:16.613 @ANX003 徐永洪
12:59:16.614 @ANX004 装配工
12:59:16.616 @ANX005 2018/11/4 8:00:00
12:59:16.617 @ANX006 2018/11/4 17:00:00
12:59:16.619 @ANX007 
12:59:16.620 @ANX008 
12:59:16.622 @ANX009 0
12:59:16.623 @ANX010 0
12:59:16.625 @ANX011 在职
12:59:16.626 @ANX012 
12:59:16.627 @ANX013 
12:59:16.629 @ANX014 1线
12:59:16.630 @ANX015 8.5
12:59:16.632 @ANX016 0
12:59:16.633 @ANX017 0
12:59:16.636 @ANX001 20181104001
12:59:16.638 @ANX002 10160
12:59:16.639 @ANX003 刘仁燕
12:59:16.641 @ANX004 装配工
12:59:16.642 @ANX005 2018/11/4 8:00:00
12:59:16.643 @ANX006 2018/11/4 17:00:00
12:59:16.645 @ANX007 
12:59:16.646 @ANX008 
12:59:16.648 @ANX009 0
12:59:16.650 @ANX010 0
12:59:16.651 @ANX011 在职
12:59:16.653 @ANX012 
12:59:16.655 @ANX013 
12:59:16.656 @ANX014 1线
12:59:16.658 @ANX015 8.5
12:59:16.659 @ANX016 0
12:59:16.661 @ANX017 0
12:59:16.663 @ANX001 20181104001
12:59:16.665 @ANX002 10161
12:59:16.667 @ANX003 陈万珍
12:59:16.669 @ANX004 装配工
12:59:16.670 @ANX005 2018/11/4 8:00:00
12:59:16.672 @ANX006 2018/11/4 17:00:00
12:59:16.673 @ANX007 
12:59:16.675 @ANX008 
12:59:16.676 @ANX009 0
12:59:16.678 @ANX010 0
12:59:16.679 @ANX011 在职
12:59:16.681 @ANX012 
12:59:16.682 @ANX013 
12:59:16.684 @ANX014 1线
12:59:16.685 @ANX015 8.5
12:59:16.687 @ANX016 0
12:59:16.688 @ANX017 0
12:59:16.691 @ANX001 20181104001
12:59:16.692 @ANX002 10162
12:59:16.694 @ANX003 李义承
12:59:16.695 @ANX004 装配工
12:59:16.697 @ANX005 2018/11/4 8:00:00
12:59:16.698 @ANX006 2018/11/4 17:00:00
12:59:16.700 @ANX007 
12:59:16.701 @ANX008 
12:59:16.703 @ANX009 0
12:59:16.704 @ANX010 0
12:59:16.706 @ANX011 在职
12:59:16.707 @ANX012 
12:59:16.709 @ANX013 
12:59:16.710 @ANX014 1线
12:59:16.711 @ANX015 8.5
12:59:16.713 @ANX016 0
12:59:16.714 @ANX017 0
12:59:16.717 @ANX001 20181104001
12:59:16.719 @ANX002 10163
12:59:16.720 @ANX003 张义兵
12:59:16.722 @ANX004 装配工
12:59:16.725 @ANX005 2018/11/4 8:00:00
12:59:16.727 @ANX006 2018/11/4 17:00:00
12:59:16.729 @ANX007 
12:59:16.730 @ANX008 
12:59:16.732 @ANX009 0
12:59:16.733 @ANX010 0
12:59:16.734 @ANX011 在职
12:59:16.736 @ANX012 
12:59:16.737 @ANX013 
12:59:16.738 @ANX014 1线
12:59:16.740 @ANX015 8.5
12:59:16.741 @ANX016 0
12:59:16.742 @ANX017 0
12:59:16.745 @ANX001 20181104001
12:59:16.747 @ANX002 10164
12:59:16.748 @ANX003 韩会萍
12:59:16.750 @ANX004 装配工
12:59:16.752 @ANX005 2018/11/4 8:00:00
12:59:16.754 @ANX006 2018/11/4 17:00:00
12:59:16.756 @ANX007 
12:59:16.757 @ANX008 
12:59:16.759 @ANX009 0
12:59:16.761 @ANX010 0
12:59:16.762 @ANX011 在职
12:59:16.764 @ANX012 
12:59:16.765 @ANX013 
12:59:16.767 @ANX014 1线
12:59:16.768 @ANX015 8.5
12:59:16.770 @ANX016 0
12:59:16.771 @ANX017 0
12:59:16.773 @ANX001 20181104001
12:59:16.775 @ANX002 10165
12:59:16.777 @ANX003 国明秀
12:59:16.778 @ANX004 装配工
12:59:16.779 @ANX005 2018/11/4 8:00:00
12:59:16.781 @ANX006 2018/11/4 17:00:00
12:59:16.782 @ANX007 
12:59:16.784 @ANX008 
12:59:16.785 @ANX009 0
12:59:16.787 @ANX010 0
12:59:16.788 @ANX011 在职
12:59:16.790 @ANX012 
12:59:16.791 @ANX013 
12:59:16.793 @ANX014 1线
12:59:16.794 @ANX015 8.5
12:59:16.796 @ANX016 0
12:59:16.797 @ANX017 0
12:59:19.013 @ANW001 20181104001
12:59:19.016 @ANW020 True
13:03:53.444 @EMP002 系统管理员
13:03:53.446 @EMP033 cebfd1559b68d67688884d7a3d3e8c
13:08:04.444 @EMP002 系统管理员
13:08:04.447 @EMP033 cebfd1559b68d67688884d7a3d3e8c
13:15:58.185 @EMP002 系统管理员
13:15:58.190 @EMP033 cebfd1559b68d67688884d7a3d3e8c
13:19:24.146 @EMP002 系统管理员
13:19:24.151 @EMP033 cebfd1559b68d67688884d7a3d3e8c
13:24:21.797 @EMP002 系统管理员
13:24:21.801 @EMP033 cebfd1559b68d67688884d7a3d3e8c
13:26:12.383 @EMP002 系统管理员
13:26:12.388 @EMP033 cebfd1559b68d67688884d7a3d3e8c
13:47:34.952 @EMP002 系统管理员
13:47:34.954 @EMP033 cebfd1559b68d67688884d7a3d3e8c
13:49:51.805 @FOR001 6
13:49:51.808 @FOR002 0
13:49:51.810 @FOR003 
13:49:51.813 @FOR004 系统功能
13:49:51.815 @FOR005 
13:49:51.817 @FOR006 0
13:51:55.541 @FOR001 610
13:51:55.545 @FOR002 6
13:51:55.550 @FOR003 
13:51:55.553 @FOR004 关于
13:51:55.556 @FOR005 
13:51:55.560 @FOR006 0         
13:52:07.194 @FOR001 611
13:52:07.198 @FOR002 6
13:52:07.202 @FOR003 
13:52:07.205 @FOR004 退出
13:52:07.209 @FOR005 
13:52:07.212 @FOR006 0         
13:52:17.884 @FOR001 612
13:52:17.887 @FOR002 6
13:52:17.889 @FOR003 
13:52:17.890 @FOR004 口令设置
13:52:17.892 @FOR005 
13:52:17.893 @FOR006 0         
13:52:43.674 @FOR001 613
13:52:43.677 @FOR002 6
13:52:43.679 @FOR003 
13:52:43.681 @FOR004 重新登录
13:52:43.684 @FOR005 
13:52:43.686 @FOR006 0         
13:58:51.296 @EMP002 系统管理员
13:58:51.298 @EMP033 cebfd1559b68d67688884d7a3d3e8c
13:59:13.582 @EMP002 系统管理员
13:59:13.584 @EMP033 cebfd1559b68d67688884d7a3d3e8c
13:59:59.434 @EMP002 系统管理员
13:59:59.436 @EMP033 cebfd1559b68d67688884d7a3d3e8c
14:12:08.490 @EMP002 组装看板
14:12:08.493 @EMP033 cebfd1559b68d67688884d7a3d3e8c
14:14:30.816 @EMP002 组装看板
14:14:30.820 @EMP033 cebfd1559b68d67688884d7a3d3e8c
14:14:46.776 @EMP002 五金看板
14:14:46.780 @EMP033 cebfd1559b68d67688884d7a3d3e8c
14:14:50.475 @EMP002 注塑看板
14:14:50.479 @EMP033 cebfd1559b68d67688884d7a3d3e8c
14:14:54.037 @EMP002 LED看板
14:14:54.042 @EMP033 cebfd1559b68d67688884d7a3d3e8c
14:14:57.603 @EMP002 面板看板
14:14:57.606 @EMP033 cebfd1559b68d67688884d7a3d3e8c
14:15:01.044 @EMP002 喷漆看板
14:15:01.047 @EMP033 cebfd1559b68d67688884d7a3d3e8c
14:15:04.741 @EMP002 采购看板
14:15:04.743 @EMP033 cebfd1559b68d67688884d7a3d3e8c
14:19:16.216 @EMP002 系统管理员
14:19:16.221 @EMP033 cebfd1559b68d67688884d7a3d3e8c
