10:33:14.350  异常信息：远程服务器返回错误: (404) 未找到。
  堆栈信息:   在 AutoUpdate.AppUpdate.DownloadFile(String url, String localFilePath) 位置 D:\ProjectData\MiKe\LineProductMes\LineProductMes\ClassForMain\AppUpdate.cs:行号 243
   在 AutoUpdate.AppUpdate.CheckAppVersion(String& msg) 位置 D:\ProjectData\MiKe\LineProductMes\LineProductMes\ClassForMain\AppUpdate.cs:行号 310
10:33:57.968  异常信息：远程服务器返回错误: (404) 未找到。
  堆栈信息:   在 AutoUpdate.AppUpdate.DownloadFile(String url, String localFilePath) 位置 D:\ProjectData\MiKe\LineProductMes\LineProductMes\ClassForMain\AppUpdate.cs:行号 243
   在 AutoUpdate.AppUpdate.CheckAppVersion(String& msg) 位置 D:\ProjectData\MiKe\LineProductMes\LineProductMes\ClassForMain\AppUpdate.cs:行号 310
10:34:02.435 @EMP002 系统管理员
10:34:02.437 @EMP033 cebfd1559b68d67688884d7a3d3e8c
10:34:24.258 @PRD001 20180818001
10:34:24.259 @PRD002 2018/8/18 0:00:00
10:34:24.261 @PRD003 False
10:34:24.265 @PRE001 20180818001
10:34:24.266 @PRE002 SD201705270001
10:34:24.268 @PRE003 007
10:34:24.269 @PRE004 JYLF01
10:34:24.271 @PRE005 2018/8/18 0:00:00
10:34:24.272 @PRE006 2017/7/1 0:00:00
10:34:24.274 @PRE007 3000
10:34:24.275 @PRE008 200
10:34:24.277 @PRE009 0
10:34:24.279 @PRE010 200
10:34:24.282 @PRF001 JYLF01
10:34:24.284 @PRF002 2018/8/18 0:00:00
10:34:24.285 @PRF003 200
10:34:24.288 @PRE001 20180818001
10:34:24.290 @PRE002 SD201705270001
10:34:24.291 @PRE003 007
10:34:24.292 @PRE004 JYLF01
10:34:24.293 @PRE005 2018/8/19 0:00:00
10:34:24.294 @PRE006 2017/7/1 0:00:00
10:34:24.296 @PRE007 3000
10:34:24.297 @PRE008 200
10:34:24.299 @PRE009 0
10:34:24.300 @PRE010 200
10:34:24.303 @PRF001 JYLF01
10:34:24.304 @PRF002 2018/8/19 0:00:00
10:34:24.306 @PRF003 200
10:34:24.308 @PRE001 20180818001
10:34:24.309 @PRE002 SD201705270001
10:34:24.310 @PRE003 007
10:34:24.311 @PRE004 JYLF01
10:34:24.313 @PRE005 2018/8/20 0:00:00
10:34:24.314 @PRE006 2017/7/1 0:00:00
10:34:24.316 @PRE007 3000
10:34:24.318 @PRE008 200
10:34:24.319 @PRE009 0
10:34:24.321 @PRE010 200
10:34:24.323 @PRF001 JYLF01
10:34:24.324 @PRF002 2018/8/20 0:00:00
10:34:24.326 @PRF003 200
10:34:24.328 @PRE001 20180818001
10:34:24.330 @PRE002 SD201705270001
10:34:24.331 @PRE003 007
10:34:24.332 @PRE004 JYLF01
10:34:24.333 @PRE005 2018/8/21 0:00:00
10:34:24.334 @PRE006 2017/7/1 0:00:00
10:34:24.336 @PRE007 3000
10:34:24.337 @PRE008 200
10:34:24.339 @PRE009 0
10:34:24.340 @PRE010 200
10:34:24.342 @PRF001 JYLF01
10:34:24.344 @PRF002 2018/8/21 0:00:00
10:34:24.345 @PRF003 200
10:34:24.348 @PRE001 20180818001
10:34:24.350 @PRE002 SD201705270001
10:34:24.351 @PRE003 007
10:34:24.352 @PRE004 JYLF01
10:34:24.353 @PRE005 2018/8/22 0:00:00
10:34:24.354 @PRE006 2017/7/1 0:00:00
10:34:24.355 @PRE007 3000
10:34:24.356 @PRE008 200
10:34:24.358 @PRE009 0
10:34:24.359 @PRE010 200
10:34:24.362 @PRF001 JYLF01
10:34:24.367 @PRF002 2018/8/22 0:00:00
10:34:24.369 @PRF003 200
10:34:24.371 @PRE001 20180818001
10:34:24.372 @PRE002 SD201705270001
10:34:24.374 @PRE003 007
10:34:24.375 @PRE004 JYLF01
10:34:24.376 @PRE005 2018/8/23 0:00:00
10:34:24.378 @PRE006 2017/7/1 0:00:00
10:34:24.379 @PRE007 3000
10:34:24.380 @PRE008 200
10:34:24.381 @PRE009 0
10:34:24.382 @PRE010 200
10:34:24.385 @PRF001 JYLF01
10:34:24.387 @PRF002 2018/8/23 0:00:00
10:34:24.389 @PRF003 200
10:34:24.391 @PRE001 20180818001
10:34:24.392 @PRE002 SD201705270001
10:34:24.393 @PRE003 007
10:34:24.394 @PRE004 JYLF01
10:34:24.395 @PRE005 2018/8/24 0:00:00
10:34:24.396 @PRE006 2017/7/1 0:00:00
10:34:24.397 @PRE007 3000
10:34:24.398 @PRE008 200
10:34:24.400 @PRE009 0
10:34:24.402 @PRE010 200
10:34:24.404 @PRF001 JYLF01
10:34:24.406 @PRF002 2018/8/24 0:00:00
10:34:24.407 @PRF003 200
10:34:24.411 @PRE001 20180818001
10:34:24.412 @PRE002 SD201705270001
10:34:24.413 @PRE003 007
10:34:24.414 @PRE004 JYLF01
10:34:24.415 @PRE005 2018/8/25 0:00:00
10:34:24.417 @PRE006 2017/7/1 0:00:00
10:34:24.418 @PRE007 3000
10:34:24.420 @PRE008 200
10:34:24.421 @PRE009 0
10:34:24.422 @PRE010 200
10:34:24.424 @PRF001 JYLF01
10:34:24.426 @PRF002 2018/8/25 0:00:00
10:34:24.427 @PRF003 200
10:34:24.429 @PRE001 20180818001
10:34:24.430 @PRE002 SD201705270001
10:34:24.432 @PRE003 007
10:34:24.433 @PRE004 JYLF01
10:34:24.434 @PRE005 2018/8/26 0:00:00
10:34:24.435 @PRE006 2017/7/1 0:00:00
10:34:24.437 @PRE007 3000
10:34:24.438 @PRE008 200
10:34:24.440 @PRE009 0
10:34:24.442 @PRE010 200
10:34:24.444 @PRF001 JYLF01
10:34:24.446 @PRF002 2018/8/26 0:00:00
10:34:24.447 @PRF003 200
10:34:24.450 @PRE001 20180818001
10:34:24.451 @PRE002 SD201705270001
10:34:24.452 @PRE003 007
10:34:24.453 @PRE004 JYLF01
10:34:24.455 @PRE005 2018/8/27 0:00:00
10:34:24.456 @PRE006 2017/7/1 0:00:00
10:34:24.457 @PRE007 3000
10:34:24.458 @PRE008 200
10:34:24.459 @PRE009 0
10:34:24.461 @PRE010 200
10:34:24.463 @PRF001 JYLF01
10:34:24.465 @PRF002 2018/8/27 0:00:00
10:34:24.466 @PRF003 200
10:34:24.468 @PRE001 20180818001
10:34:24.470 @PRE002 SD201705270001
10:34:24.471 @PRE003 007
10:34:24.472 @PRE004 JYLF01
10:34:24.473 @PRE005 2018/8/28 0:00:00
10:34:24.475 @PRE006 2017/7/1 0:00:00
10:34:24.476 @PRE007 3000
10:34:24.477 @PRE008 200
10:34:24.478 @PRE009 0
10:34:24.479 @PRE010 200
10:34:24.481 @PRF001 JYLF01
10:34:24.483 @PRF002 2018/8/28 0:00:00
10:34:24.484 @PRF003 200
10:34:24.486 @PRE001 20180818001
10:34:24.488 @PRE002 SD201705270001
10:34:24.489 @PRE003 007
10:34:24.490 @PRE004 JYLF01
10:34:24.492 @PRE005 2018/8/29 0:00:00
10:34:24.493 @PRE006 2017/7/1 0:00:00
10:34:24.494 @PRE007 3000
10:34:24.495 @PRE008 200
10:34:24.497 @PRE009 0
10:34:24.498 @PRE010 200
10:34:24.501 @PRF001 JYLF01
10:34:24.503 @PRF002 2018/8/29 0:00:00
10:34:24.504 @PRF003 200
10:34:24.507 @PRE001 20180818001
10:34:24.508 @PRE002 SD201705270001
10:34:24.510 @PRE003 007
10:34:24.511 @PRE004 JYLF01
10:34:24.512 @PRE005 2018/8/30 0:00:00
10:34:24.513 @PRE006 2017/7/1 0:00:00
10:34:24.514 @PRE007 3000
10:34:24.515 @PRE008 200
10:34:24.516 @PRE009 0
10:34:24.518 @PRE010 200
10:34:24.521 @PRF001 JYLF01
10:34:24.523 @PRF002 2018/8/30 0:00:00
10:34:24.524 @PRF003 200
10:34:24.526 @PRE001 20180818001
10:34:24.528 @PRE002 SD201705270001
10:34:24.529 @PRE003 007
10:34:24.530 @PRE004 JYLF01
10:34:24.532 @PRE005 2018/8/31 0:00:00
10:34:24.533 @PRE006 2017/7/1 0:00:00
10:34:24.534 @PRE007 3000
10:34:24.535 @PRE008 200
10:34:24.537 @PRE009 0
10:34:24.538 @PRE010 200
10:34:24.541 @PRF001 JYLF01
10:34:24.542 @PRF002 2018/8/31 0:00:00
10:34:24.543 @PRF003 200
10:34:24.546 @PRE001 20180818001
10:34:24.547 @PRE002 SD201705270001
10:34:24.548 @PRE003 007
10:34:24.549 @PRE004 JYLF01
10:34:24.551 @PRE005 2018/9/1 0:00:00
10:34:24.552 @PRE006 2017/7/1 0:00:00
10:34:24.554 @PRE007 3000
10:34:24.555 @PRE008 200
10:34:24.556 @PRE009 0
10:34:24.557 @PRE010 200
10:34:24.560 @PRF001 JYLF01
10:34:24.561 @PRF002 2018/9/1 0:00:00
10:34:24.563 @PRF003 200
12:21:03.682  异常信息：远程服务器返回错误: (404) 未找到。
  堆栈信息:   在 AutoUpdate.AppUpdate.DownloadFile(String url, String localFilePath) 位置 D:\ProjectData\MiKe\LineProductMes\LineProductMes\ClassForMain\AppUpdate.cs:行号 243
   在 AutoUpdate.AppUpdate.CheckAppVersion(String& msg) 位置 D:\ProjectData\MiKe\LineProductMes\LineProductMes\ClassForMain\AppUpdate.cs:行号 310
12:21:07.981 @EMP002 系统管理员
12:21:07.983 @EMP033 cebfd1559b68d67688884d7a3d3e8c
12:21:58.498  异常信息：远程服务器返回错误: (404) 未找到。
  堆栈信息:   在 AutoUpdate.AppUpdate.DownloadFile(String url, String localFilePath) 位置 D:\ProjectData\MiKe\LineProductMes\LineProductMes\ClassForMain\AppUpdate.cs:行号 243
   在 AutoUpdate.AppUpdate.CheckAppVersion(String& msg) 位置 D:\ProjectData\MiKe\LineProductMes\LineProductMes\ClassForMain\AppUpdate.cs:行号 310
12:22:02.626 @EMP002 系统管理员
12:22:02.628 @EMP033 cebfd1559b68d67688884d7a3d3e8c
12:23:03.651  异常信息：远程服务器返回错误: (404) 未找到。
  堆栈信息:   在 AutoUpdate.AppUpdate.DownloadFile(String url, String localFilePath) 位置 D:\ProjectData\MiKe\LineProductMes\LineProductMes\ClassForMain\AppUpdate.cs:行号 243
   在 AutoUpdate.AppUpdate.CheckAppVersion(String& msg) 位置 D:\ProjectData\MiKe\LineProductMes\LineProductMes\ClassForMain\AppUpdate.cs:行号 310
12:23:07.418 @EMP002 系统管理员
12:23:07.422 @EMP033 cebfd1559b68d67688884d7a3d3e8c
12:23:59.499  异常信息：远程服务器返回错误: (404) 未找到。
  堆栈信息:   在 AutoUpdate.AppUpdate.DownloadFile(String url, String localFilePath) 位置 D:\ProjectData\MiKe\LineProductMes\LineProductMes\ClassForMain\AppUpdate.cs:行号 243
   在 AutoUpdate.AppUpdate.CheckAppVersion(String& msg) 位置 D:\ProjectData\MiKe\LineProductMes\LineProductMes\ClassForMain\AppUpdate.cs:行号 310
12:24:04.425 @EMP002 系统管理员
12:24:04.427 @EMP033 cebfd1559b68d67688884d7a3d3e8c
13:29:47.299  异常信息：远程服务器返回错误: (404) 未找到。
  堆栈信息:   在 AutoUpdate.AppUpdate.DownloadFile(String url, String localFilePath) 位置 D:\ProjectData\MiKe\LineProductMes\LineProductMes\ClassForMain\AppUpdate.cs:行号 243
   在 AutoUpdate.AppUpdate.CheckAppVersion(String& msg) 位置 D:\ProjectData\MiKe\LineProductMes\LineProductMes\ClassForMain\AppUpdate.cs:行号 310
13:29:54.178 @EMP002 系统管理员
13:29:54.180 @EMP033 cebfd1559b68d67688884d7a3d3e8c
13:32:54.425  异常信息：远程服务器返回错误: (404) 未找到。
  堆栈信息:   在 AutoUpdate.AppUpdate.DownloadFile(String url, String localFilePath) 位置 D:\ProjectData\MiKe\LineProductMes\LineProductMes\ClassForMain\AppUpdate.cs:行号 243
   在 AutoUpdate.AppUpdate.CheckAppVersion(String& msg) 位置 D:\ProjectData\MiKe\LineProductMes\LineProductMes\ClassForMain\AppUpdate.cs:行号 310
13:33:00.560 @EMP002 系统管理员
13:33:00.564 @EMP033 cebfd1559b68d67688884d7a3d3e8c
13:48:19.145  异常信息：远程服务器返回错误: (404) 未找到。
  堆栈信息:   在 AutoUpdate.AppUpdate.DownloadFile(String url, String localFilePath) 位置 D:\ProjectData\MiKe\LineProductMes\LineProductMes\ClassForMain\AppUpdate.cs:行号 243
   在 AutoUpdate.AppUpdate.CheckAppVersion(String& msg) 位置 D:\ProjectData\MiKe\LineProductMes\LineProductMes\ClassForMain\AppUpdate.cs:行号 310
13:48:35.596 @EMP002 系统管理员
13:48:35.600 @EMP033 cebfd1559b68d67688884d7a3d3e8c
14:22:08.490  异常信息：远程服务器返回错误: (404) 未找到。
  堆栈信息:   在 AutoUpdate.AppUpdate.DownloadFile(String url, String localFilePath) 位置 D:\ProjectData\MiKe\LineProductMes\LineProductMes\ClassForMain\AppUpdate.cs:行号 243
   在 AutoUpdate.AppUpdate.CheckAppVersion(String& msg) 位置 D:\ProjectData\MiKe\LineProductMes\LineProductMes\ClassForMain\AppUpdate.cs:行号 310
14:22:13.374 @EMP002 系统管理员
14:22:13.376 @EMP033 cebfd1559b68d67688884d7a3d3e8c
14:23:43.329 @PRD001 20180818002
14:23:43.331 @PRD002 2018/8/18 0:00:00
14:23:43.333 @PRD003 False
14:23:43.335 @PRE001 20180818002
14:23:43.337 @PRE002 SD201803020001
14:23:43.339 @PRE003 003
14:23:43.340 @PRE004 ZY11A1
14:23:43.341 @PRE005 2018/8/18 0:00:00
14:23:43.343 @PRE006 2018/3/21 0:00:00
14:23:43.345 @PRE007 1000
14:23:43.346 @PRE008 200
14:23:43.348 @PRE009 0
14:23:43.350 @PRE010 200
14:23:43.352 @PRF001 ZY11A1
14:23:43.354 @PRF002 2018/8/18 0:00:00
14:23:43.357 @PRF003 200
14:23:43.360 @PRE001 20180818002
14:23:43.362 @PRE002 SD201803020001
14:23:43.364 @PRE003 003
14:23:43.366 @PRE004 ZY11A1
14:23:43.367 @PRE005 2018/8/19 0:00:00
14:23:43.369 @PRE006 2018/3/21 0:00:00
14:23:43.370 @PRE007 1000
14:23:43.371 @PRE008 200
14:23:43.373 @PRE009 0
14:23:43.375 @PRE010 200
14:23:43.377 @PRF001 ZY11A1
14:23:43.379 @PRF002 2018/8/19 0:00:00
14:23:43.380 @PRF003 200
14:23:43.383 @PRE001 20180818002
14:23:43.385 @PRE002 SD201803020001
14:23:43.386 @PRE003 003
14:23:43.388 @PRE004 ZY11A1
14:23:43.389 @PRE005 2018/8/20 0:00:00
14:23:43.391 @PRE006 2018/3/21 0:00:00
14:23:43.392 @PRE007 1000
14:23:43.394 @PRE008 200
14:23:43.395 @PRE009 0
14:23:43.397 @PRE010 200
14:23:43.399 @PRF001 ZY11A1
14:23:43.401 @PRF002 2018/8/20 0:00:00
14:23:43.402 @PRF003 200
14:23:43.407 @PRE001 20180818002
14:23:43.409 @PRE002 SD201803020001
14:23:43.411 @PRE003 003
14:23:43.412 @PRE004 ZY11A1
14:23:43.414 @PRE005 2018/8/21 0:00:00
14:23:43.415 @PRE006 2018/3/21 0:00:00
14:23:43.417 @PRE007 1000
14:23:43.419 @PRE008 200
14:23:43.420 @PRE009 0
14:23:43.422 @PRE010 200
14:23:43.424 @PRF001 ZY11A1
14:23:43.426 @PRF002 2018/8/21 0:00:00
14:23:43.427 @PRF003 200
14:23:43.429 @PRE001 20180818002
14:23:43.431 @PRE002 SD201803020001
14:23:43.433 @PRE003 003
14:23:43.434 @PRE004 ZY11A1
14:23:43.436 @PRE005 2018/8/22 0:00:00
14:23:43.438 @PRE006 2018/3/21 0:00:00
14:23:43.439 @PRE007 1000
14:23:43.441 @PRE008 200
14:23:43.442 @PRE009 0
14:23:43.444 @PRE010 200
14:23:43.447 @PRF001 ZY11A1
14:23:43.449 @PRF002 2018/8/22 0:00:00
14:23:43.450 @PRF003 200
14:43:24.879  异常信息：远程服务器返回错误: (404) 未找到。
  堆栈信息:   在 AutoUpdate.AppUpdate.DownloadFile(String url, String localFilePath) 位置 D:\ProjectData\MiKe\LineProductMes\LineProductMes\ClassForMain\AppUpdate.cs:行号 243
   在 AutoUpdate.AppUpdate.CheckAppVersion(String& msg) 位置 D:\ProjectData\MiKe\LineProductMes\LineProductMes\ClassForMain\AppUpdate.cs:行号 310
14:45:49.867 @EMP002 系统管理员
14:45:49.869 @EMP033 cebfd1559b68d67688884d7a3d3e8c
14:52:51.156  异常信息：远程服务器返回错误: (404) 未找到。
  堆栈信息:   在 AutoUpdate.AppUpdate.DownloadFile(String url, String localFilePath) 位置 D:\ProjectData\MiKe\LineProductMes\LineProductMes\ClassForMain\AppUpdate.cs:行号 243
   在 AutoUpdate.AppUpdate.CheckAppVersion(String& msg) 位置 D:\ProjectData\MiKe\LineProductMes\LineProductMes\ClassForMain\AppUpdate.cs:行号 310
14:52:56.078 @EMP002 系统管理员
14:52:56.080 @EMP033 cebfd1559b68d67688884d7a3d3e8c
14:53:25.969 @FOR001 413
14:53:25.972 @FOR002 4
14:53:25.974 @FOR003 FormLEGBoard
14:53:25.977 @FOR004 LED车间看板
14:53:25.978 @FOR005 
14:53:25.979 @FOR006 1
14:53:45.564 @PRD001 20180818003
14:53:45.566 @PRD002 2018/8/18 0:00:00
14:53:45.567 @PRD003 False
14:53:45.570 @PRE001 20180818003
14:53:45.572 @PRE002 SD201801110002
14:53:45.573 @PRE003 001
14:53:45.575 @PRE004 TCLMC-3G61142
14:53:45.576 @PRE005 2018/8/18 0:00:00
14:53:45.577 @PRE006 2018/2/3 0:00:00
14:53:45.579 @PRE007 500
14:53:45.580 @PRE008 100
14:53:45.582 @PRE009 0
14:53:45.583 @PRE010 100
14:53:45.588 @PRF001 TCLMC-3G61142
14:53:45.590 @PRF002 2018/8/18 0:00:00
14:53:45.591 @PRF003 100
14:53:45.593 @PRE001 20180818003
14:53:45.595 @PRE002 SD201801110002
14:53:45.596 @PRE003 001
14:53:45.597 @PRE004 TCLMC-3G61142
14:53:45.598 @PRE005 2018/8/19 0:00:00
14:53:45.600 @PRE006 2018/2/3 0:00:00
14:53:45.602 @PRE007 500
14:53:45.603 @PRE008 100
14:53:45.605 @PRE009 0
14:53:45.606 @PRE010 100
14:53:45.608 @PRF001 TCLMC-3G61142
14:53:45.610 @PRF002 2018/8/19 0:00:00
14:53:45.612 @PRF003 100
14:53:45.614 @PRE001 20180818003
14:53:45.616 @PRE002 SD201801110002
14:53:45.618 @PRE003 001
14:53:45.619 @PRE004 TCLMC-3G61142
14:53:45.621 @PRE005 2018/8/20 0:00:00
14:53:45.622 @PRE006 2018/2/3 0:00:00
14:53:45.623 @PRE007 500
14:53:45.625 @PRE008 100
14:53:45.626 @PRE009 0
14:53:45.629 @PRE010 100
14:53:45.631 @PRF001 TCLMC-3G61142
14:53:45.633 @PRF002 2018/8/20 0:00:00
14:53:45.635 @PRF003 100
14:53:45.637 @PRE001 20180818003
14:53:45.639 @PRE002 SD201801110002
14:53:45.640 @PRE003 001
14:53:45.641 @PRE004 TCLMC-3G61142
14:53:45.643 @PRE005 2018/8/21 0:00:00
14:53:45.644 @PRE006 2018/2/3 0:00:00
14:53:45.645 @PRE007 500
14:53:45.646 @PRE008 100
14:53:45.649 @PRE009 0
14:53:45.650 @PRE010 100
14:53:45.653 @PRF001 TCLMC-3G61142
14:53:45.654 @PRF002 2018/8/21 0:00:00
14:53:45.656 @PRF003 100
14:53:45.658 @PRE001 20180818003
14:53:45.659 @PRE002 SD201801110002
14:53:45.660 @PRE003 001
14:53:45.662 @PRE004 TCLMC-3G61142
14:53:45.664 @PRE005 2018/8/22 0:00:00
14:53:45.666 @PRE006 2018/2/3 0:00:00
14:53:45.667 @PRE007 500
14:53:45.668 @PRE008 100
14:53:45.670 @PRE009 0
14:53:45.671 @PRE010 100
14:53:45.674 @PRF001 TCLMC-3G61142
14:53:45.676 @PRF002 2018/8/22 0:00:00
14:53:45.677 @PRF003 100
15:23:27.888  异常信息：远程服务器返回错误: (404) 未找到。
  堆栈信息:   在 AutoUpdate.AppUpdate.DownloadFile(String url, String localFilePath) 位置 D:\ProjectData\MiKe\LineProductMes\LineProductMes\ClassForMain\AppUpdate.cs:行号 243
   在 AutoUpdate.AppUpdate.CheckAppVersion(String& msg) 位置 D:\ProjectData\MiKe\LineProductMes\LineProductMes\ClassForMain\AppUpdate.cs:行号 310
15:23:39.091 @EMP002 系统管理员
15:23:39.093 @EMP033 cebfd1559b68d67688884d7a3d3e8c
15:40:31.613  异常信息：远程服务器返回错误: (404) 未找到。
  堆栈信息:   在 AutoUpdate.AppUpdate.DownloadFile(String url, String localFilePath) 位置 D:\ProjectData\MiKe\LineProductMes\LineProductMes\ClassForMain\AppUpdate.cs:行号 243
   在 AutoUpdate.AppUpdate.CheckAppVersion(String& msg) 位置 D:\ProjectData\MiKe\LineProductMes\LineProductMes\ClassForMain\AppUpdate.cs:行号 310
15:40:38.866 @EMP002 系统管理员
15:40:38.870 @EMP033 cebfd1559b68d67688884d7a3d3e8c
15:41:11.383 @PRD001 20180818004
15:41:11.385 @PRD002 2018/8/18 0:00:00
15:41:11.387 @PRD003 False
15:41:11.391 @PRE001 20180818004
15:41:11.393 @PRE002 SD201712090005
15:41:11.395 @PRE003 004
15:41:11.396 @PRE004 ZS20B-Z
15:41:11.398 @PRE005 2018/8/18 0:00:00
15:41:11.399 @PRE006 2017/12/28 0:00:00
15:41:11.401 @PRE007 3470
15:41:11.403 @PRE008 300
15:41:11.404 @PRE009 0
15:41:11.406 @PRE010 300
15:41:11.408 @PRF001 ZS20B-Z
15:41:11.410 @PRF002 2018/8/18 0:00:00
15:41:11.412 @PRF003 300
15:41:11.414 @PRE001 20180818004
15:41:11.416 @PRE002 SD201712090005
15:41:11.418 @PRE003 004
15:41:11.419 @PRE004 ZS20B-Z
15:41:11.421 @PRE005 2018/8/19 0:00:00
15:41:11.422 @PRE006 2017/12/28 0:00:00
15:41:11.423 @PRE007 3470
15:41:11.424 @PRE008 300
15:41:11.426 @PRE009 0
15:41:11.427 @PRE010 300
15:41:11.430 @PRF001 ZS20B-Z
15:41:11.432 @PRF002 2018/8/19 0:00:00
15:41:11.434 @PRF003 300
15:41:11.436 @PRE001 20180818004
15:41:11.438 @PRE002 SD201712090005
15:41:11.440 @PRE003 004
15:41:11.441 @PRE004 ZS20B-Z
15:41:11.442 @PRE005 2018/8/20 0:00:00
15:41:11.444 @PRE006 2017/12/28 0:00:00
15:41:11.445 @PRE007 3470
15:41:11.446 @PRE008 300
15:41:11.447 @PRE009 0
15:41:11.449 @PRE010 300
15:41:11.452 @PRF001 ZS20B-Z
15:41:11.453 @PRF002 2018/8/20 0:00:00
15:41:11.455 @PRF003 300
15:41:11.457 @PRE001 20180818004
15:41:11.459 @PRE002 SD201712090005
15:41:11.461 @PRE003 004
15:41:11.462 @PRE004 ZS20B-Z
15:41:11.465 @PRE005 2018/8/21 0:00:00
15:41:11.467 @PRE006 2017/12/28 0:00:00
15:41:11.469 @PRE007 3470
15:41:11.470 @PRE008 300
15:41:11.471 @PRE009 0
15:41:11.473 @PRE010 300
15:41:11.475 @PRF001 ZS20B-Z
15:41:11.477 @PRF002 2018/8/21 0:00:00
15:41:11.478 @PRF003 300
15:41:11.481 @PRE001 20180818004
15:41:11.483 @PRE002 SD201712090005
15:41:11.485 @PRE003 004
15:41:11.486 @PRE004 ZS20B-Z
15:41:11.487 @PRE005 2018/8/22 0:00:00
15:41:11.488 @PRE006 2017/12/28 0:00:00
15:41:11.490 @PRE007 3470
15:41:11.491 @PRE008 300
15:41:11.493 @PRE009 0
15:41:11.494 @PRE010 300
15:41:11.498 @PRF001 ZS20B-Z
15:41:11.500 @PRF002 2018/8/22 0:00:00
15:41:11.501 @PRF003 300
15:41:11.503 @PRE001 20180818004
15:41:11.505 @PRE002 SD201712090005
15:41:11.507 @PRE003 004
15:41:11.508 @PRE004 ZS20B-Z
15:41:11.510 @PRE005 2018/8/23 0:00:00
15:41:11.512 @PRE006 2017/12/28 0:00:00
15:41:11.514 @PRE007 3470
15:41:11.515 @PRE008 300
15:41:11.517 @PRE009 0
15:41:11.518 @PRE010 300
15:41:11.520 @PRF001 ZS20B-Z
15:41:11.522 @PRF002 2018/8/23 0:00:00
15:41:11.523 @PRF003 300
15:41:11.526 @PRE001 20180818004
15:41:11.527 @PRE002 SD201712090005
15:41:11.529 @PRE003 004
15:41:11.531 @PRE004 ZS20B-Z
15:41:11.532 @PRE005 2018/8/24 0:00:00
15:41:11.534 @PRE006 2017/12/28 0:00:00
15:41:11.535 @PRE007 3470
15:41:11.536 @PRE008 300
15:41:11.537 @PRE009 0
15:41:11.539 @PRE010 300
15:41:11.541 @PRF001 ZS20B-Z
15:41:11.543 @PRF002 2018/8/24 0:00:00
15:41:11.544 @PRF003 300
15:41:11.547 @PRE001 20180818004
15:41:11.549 @PRE002 SD201712090005
15:41:11.550 @PRE003 004
15:41:11.551 @PRE004 ZS20B-Z
15:41:11.553 @PRE005 2018/8/25 0:00:00
15:41:11.554 @PRE006 2017/12/28 0:00:00
15:41:11.556 @PRE007 3470
15:41:11.558 @PRE008 300
15:41:11.559 @PRE009 0
15:41:11.560 @PRE010 300
15:41:11.563 @PRF001 ZS20B-Z
15:41:11.565 @PRF002 2018/8/25 0:00:00
15:41:11.566 @PRF003 300
15:41:11.568 @PRE001 20180818004
15:41:11.570 @PRE002 SD201712090005
15:41:11.571 @PRE003 004
15:41:11.573 @PRE004 ZS20B-Z
15:41:11.575 @PRE005 2018/8/26 0:00:00
15:41:11.576 @PRE006 2017/12/28 0:00:00
15:41:11.578 @PRE007 3470
15:41:11.579 @PRE008 300
15:41:11.580 @PRE009 0
15:41:11.582 @PRE010 300
15:41:11.584 @PRF001 ZS20B-Z
15:41:11.586 @PRF002 2018/8/26 0:00:00
15:41:11.587 @PRF003 300
15:41:11.589 @PRE001 20180818004
15:41:11.591 @PRE002 SD201712090005
15:41:11.593 @PRE003 004
15:41:11.594 @PRE004 ZS20B-Z
15:41:11.596 @PRE005 2018/8/27 0:00:00
15:41:11.597 @PRE006 2017/12/28 0:00:00
15:41:11.598 @PRE007 3470
15:41:11.600 @PRE008 300
15:41:11.601 @PRE009 0
15:41:11.602 @PRE010 300
15:41:11.605 @PRF001 ZS20B-Z
15:41:11.607 @PRF002 2018/8/27 0:00:00
15:41:11.608 @PRF003 300
15:41:11.611 @PRE001 20180818004
15:41:11.613 @PRE002 SD201712090005
15:41:11.614 @PRE003 004
15:41:11.615 @PRE004 ZS20B-Z
15:41:11.616 @PRE005 2018/8/28 0:00:00
15:41:11.618 @PRE006 2017/12/28 0:00:00
15:41:11.619 @PRE007 3470
15:41:11.621 @PRE008 300
15:41:11.622 @PRE009 0
15:41:11.624 @PRE010 300
15:41:11.626 @PRF001 ZS20B-Z
15:41:11.628 @PRF002 2018/8/28 0:00:00
15:41:11.629 @PRF003 300
15:41:11.632 @PRE001 20180818004
15:41:11.633 @PRE002 SD201712090005
15:41:11.635 @PRE003 004
15:41:11.636 @PRE004 ZS20B-Z
15:41:11.638 @PRE005 2018/8/29 0:00:00
15:41:11.640 @PRE006 2017/12/28 0:00:00
15:41:11.641 @PRE007 3470
15:41:11.643 @PRE008 170
15:41:11.645 @PRE009 0
15:41:11.647 @PRE010 300
15:41:11.650 @PRF001 ZS20B-Z
15:41:11.652 @PRF002 2018/8/29 0:00:00
15:41:11.653 @PRF003 170
15:45:09.930  异常信息：远程服务器返回错误: (404) 未找到。
  堆栈信息:   在 AutoUpdate.AppUpdate.DownloadFile(String url, String localFilePath) 位置 D:\ProjectData\MiKe\LineProductMes\LineProductMes\ClassForMain\AppUpdate.cs:行号 243
   在 AutoUpdate.AppUpdate.CheckAppVersion(String& msg) 位置 D:\ProjectData\MiKe\LineProductMes\LineProductMes\ClassForMain\AppUpdate.cs:行号 310
15:45:14.824 @EMP002 系统管理员
15:45:14.826 @EMP033 cebfd1559b68d67688884d7a3d3e8c
15:45:47.162 @LEC001 20180818001
15:45:47.164 @LEC002 GD201610240025
15:45:47.165 @LEC003 
15:45:47.167 @LEC004 
15:45:47.169 @LEC005 
15:45:47.171 @LEC006 
15:45:47.173 @LEC007 50
15:45:47.175 @LEC008 
15:45:47.176 @LEC009 0504
15:45:47.178 @LEC010 前加工车间
15:45:47.180 @LEC011 0504
15:45:47.182 @LEC012 前加工车间
15:45:47.183 @LEC013 2018/8/18 0:00:00
15:45:47.185 @LEC014 50
15:45:47.186 @LEC015 
15:45:47.187 @LEC016 
15:45:47.189 @LEC017 False
15:45:47.191 @LEC018 False
15:45:47.194 @LED001 20180818001
15:45:47.196 @LED002 10040
15:45:47.198 @LED003 杜福英
15:45:47.200 @LED004 装配工
15:45:47.201 @LED005 2018/8/18 8:00:00
15:45:47.203 @LED006 2018/8/18 17:00:00
15:45:47.205 @LED007 0
15:45:47.206 @LED008 
15:45:47.208 @LED009 
15:45:47.210 @LED010 0
15:45:47.212 @LED011 
15:45:47.214 @LED012 在职
15:45:47.218 @LED001 20180818001
15:45:47.220 @LED002 10041
15:45:47.221 @LED003 廖仁琼
15:45:47.222 @LED004 装配工
15:45:47.223 @LED005 2018/8/18 8:00:00
15:45:47.225 @LED006 2018/8/18 17:00:00
15:45:47.226 @LED007 0
15:45:47.228 @LED008 
15:45:47.229 @LED009 
15:45:47.231 @LED010 0
15:45:47.232 @LED011 
15:45:47.233 @LED012 在职
15:45:47.236 @LED001 20180818001
15:45:47.237 @LED002 10042
15:45:47.239 @LED003 李光艳
15:45:47.240 @LED004 装配工
15:45:47.242 @LED005 2018/8/18 8:00:00
15:45:47.244 @LED006 2018/8/18 17:00:00
15:45:47.246 @LED007 0
15:45:47.247 @LED008 
15:45:47.248 @LED009 
15:45:47.250 @LED010 0
15:45:47.252 @LED011 
15:45:47.253 @LED012 在职
15:45:47.255 @LED001 20180818001
15:45:47.257 @LED002 10043
15:45:47.258 @LED003 彭荣泽
15:45:47.260 @LED004 装配工
15:45:47.262 @LED005 2018/8/18 8:00:00
15:45:47.263 @LED006 2018/8/18 17:00:00
15:45:47.264 @LED007 0
15:45:47.265 @LED008 
15:45:47.267 @LED009 
15:45:47.268 @LED010 0
15:45:47.270 @LED011 
15:45:47.271 @LED012 在职
15:45:47.274 @LED001 20180818001
15:45:47.276 @LED002 10044
15:45:47.277 @LED003 何培凤
15:45:47.278 @LED004 装配工
15:45:47.279 @LED005 2018/8/18 8:00:00
15:45:47.281 @LED006 2018/8/18 17:00:00
15:45:47.282 @LED007 0
15:45:47.284 @LED008 
15:45:47.285 @LED009 
15:45:47.286 @LED010 0
15:45:47.287 @LED011 
15:45:47.288 @LED012 在职
15:45:47.292 @LED001 20180818001
15:45:47.294 @LED002 10045
15:45:47.295 @LED003 李朝伟
15:45:47.296 @LED004 装配工
15:45:47.297 @LED005 2018/8/18 8:00:00
15:45:47.299 @LED006 2018/8/18 17:00:00
15:45:47.300 @LED007 0
15:45:47.302 @LED008 
15:45:47.303 @LED009 
15:45:47.304 @LED010 0
15:45:47.306 @LED011 
15:45:47.307 @LED012 在职
15:45:47.310 @LED001 20180818001
15:45:47.312 @LED002 10046
15:45:47.313 @LED003 王培秀
15:45:47.314 @LED004 装配工
15:45:47.316 @LED005 2018/8/18 8:00:00
15:45:47.317 @LED006 2018/8/18 17:00:00
15:45:47.319 @LED007 0
15:45:47.320 @LED008 
15:45:47.321 @LED009 
15:45:47.323 @LED010 0
15:45:47.324 @LED011 
15:45:47.325 @LED012 在职
15:45:47.327 @LED001 20180818001
15:45:47.329 @LED002 10047
15:45:47.331 @LED003 谢武林
15:45:47.332 @LED004 装配工
15:45:47.333 @LED005 2018/8/18 8:00:00
15:45:47.335 @LED006 2018/8/18 17:00:00
15:45:47.336 @LED007 0
15:45:47.337 @LED008 
15:45:47.338 @LED009 
15:45:47.340 @LED010 0
15:45:47.341 @LED011 
15:45:47.342 @LED012 在职
15:45:47.346 @LED001 20180818001
15:45:47.348 @LED002 10048
15:45:47.350 @LED003 王程平
15:45:47.352 @LED004 装配工
15:45:47.353 @LED005 2018/8/18 8:00:00
15:45:47.355 @LED006 2018/8/18 17:00:00
15:45:47.357 @LED007 0
15:45:47.358 @LED008 
15:45:47.359 @LED009 
15:45:47.361 @LED010 0
15:45:47.362 @LED011 
15:45:47.363 @LED012 在职
15:45:47.366 @LED001 20180818001
15:45:47.367 @LED002 10049
15:45:47.369 @LED003 韩英
15:45:47.371 @LED004 装配工
15:45:47.372 @LED005 2018/8/18 8:00:00
15:45:47.374 @LED006 2018/8/18 17:00:00
15:45:47.375 @LED007 0
15:45:47.376 @LED008 
15:45:47.377 @LED009 
15:45:47.379 @LED010 0
15:45:47.380 @LED011 
15:45:47.381 @LED012 在职
15:45:47.384 @LED001 20180818001
15:45:47.386 @LED002 10050
15:45:47.388 @LED003 杨海霞
15:45:47.389 @LED004 装配工
15:45:47.390 @LED005 2018/8/18 8:00:00
15:45:47.392 @LED006 2018/8/18 17:00:00
15:45:47.393 @LED007 0
15:45:47.394 @LED008 
15:45:47.395 @LED009 
15:45:47.397 @LED010 0
15:45:47.398 @LED011 
15:45:47.400 @LED012 在职
15:45:47.403 @LED001 20180818001
15:45:47.404 @LED002 10051
15:45:47.406 @LED003 熊华美
15:45:47.407 @LED004 装配工
15:45:47.409 @LED005 2018/8/18 8:00:00
15:45:47.410 @LED006 2018/8/18 17:00:00
15:45:47.412 @LED007 0
15:45:47.413 @LED008 
15:45:47.414 @LED009 
15:45:47.416 @LED010 0
15:45:47.417 @LED011 
15:45:47.419 @LED012 在职
15:45:47.421 @LED001 20180818001
15:45:47.423 @LED002 10052
15:45:47.424 @LED003 孙琼莲
15:45:47.426 @LED004 装配工
15:45:47.427 @LED005 2018/8/18 8:00:00
15:45:47.429 @LED006 2018/8/18 17:00:00
15:45:47.431 @LED007 0
15:45:47.432 @LED008 
15:45:47.433 @LED009 
15:45:47.435 @LED010 0
15:45:47.436 @LED011 
15:45:47.437 @LED012 在职
15:45:47.440 @LED001 20180818001
15:45:47.441 @LED002 10053
15:45:47.443 @LED003 李林菊
15:45:47.444 @LED004 装配工
15:45:47.445 @LED005 2018/8/18 8:00:00
15:45:47.446 @LED006 2018/8/18 17:00:00
15:45:47.449 @LED007 0
15:45:47.450 @LED008 
15:45:47.452 @LED009 
15:45:47.453 @LED010 0
15:45:47.455 @LED011 
15:45:47.456 @LED012 在职
15:45:47.458 @LED001 20180818001
15:45:47.460 @LED002 10054
15:45:47.462 @LED003 吴群英
15:45:47.463 @LED004 装配工
15:45:47.465 @LED005 2018/8/18 8:00:00
15:45:47.467 @LED006 2018/8/18 17:00:00
15:45:47.469 @LED007 0
15:45:47.471 @LED008 
15:45:47.472 @LED009 
15:45:47.473 @LED010 0
15:45:47.475 @LED011 
15:45:47.476 @LED012 在职
15:45:47.478 @LED001 20180818001
15:45:47.480 @LED002 10055
15:45:47.482 @LED003 杨琴
15:45:47.483 @LED004 装配工
15:45:47.484 @LED005 2018/8/18 8:00:00
15:45:47.485 @LED006 2018/8/18 17:00:00
15:45:47.487 @LED007 0
15:45:47.488 @LED008 
15:45:47.490 @LED009 
15:45:47.491 @LED010 0
15:45:47.493 @LED011 
15:45:47.494 @LED012 在职
15:45:47.496 @LED001 20180818001
15:45:47.498 @LED002 10056
15:45:47.500 @LED003 韩艳
15:45:47.501 @LED004 装配工
15:45:47.503 @LED005 2018/8/18 8:00:00
15:45:47.504 @LED006 2018/8/18 17:00:00
15:45:47.505 @LED007 0
15:45:47.506 @LED008 
15:45:47.508 @LED009 
15:45:47.510 @LED010 0
15:45:47.511 @LED011 
15:45:47.513 @LED012 在职
15:45:47.516 @LED001 20180818001
15:45:47.517 @LED002 10057
15:45:47.518 @LED003 张瑜
15:45:47.520 @LED004 装配工
15:45:47.521 @LED005 2018/8/18 8:00:00
15:45:47.523 @LED006 2018/8/18 17:00:00
15:45:47.525 @LED007 0
15:45:47.526 @LED008 
15:45:47.527 @LED009 
15:45:47.529 @LED010 0
15:45:47.530 @LED011 
15:45:47.532 @LED012 在职
15:45:47.534 @LED001 20180818001
15:45:47.536 @LED002 10058
15:45:47.537 @LED003 李光云
15:45:47.538 @LED004 装配工
15:45:47.540 @LED005 2018/8/18 8:00:00
15:45:47.541 @LED006 2018/8/18 17:00:00
15:45:47.543 @LED007 0
15:45:47.544 @LED008 
15:45:47.545 @LED009 
15:45:47.546 @LED010 0
15:45:47.547 @LED011 
15:45:47.549 @LED012 在职
15:45:47.551 @LED001 20180818001
15:45:47.553 @LED002 10059
15:45:47.554 @LED003 唐春凤
15:45:47.556 @LED004 装配工
15:45:47.557 @LED005 2018/8/18 8:00:00
15:45:47.559 @LED006 2018/8/18 17:00:00
15:45:47.560 @LED007 0
15:45:47.561 @LED008 
15:45:47.563 @LED009 
15:45:47.564 @LED010 0
15:45:47.565 @LED011 
15:45:47.567 @LED012 在职
15:45:47.570 @LED001 20180818001
15:45:47.572 @LED002 10060
15:45:47.573 @LED003 陈朝香
15:45:47.574 @LED004 装配工
15:45:47.575 @LED005 2018/8/18 8:00:00
15:45:47.576 @LED006 2018/8/18 17:00:00
15:45:47.578 @LED007 0
15:45:47.579 @LED008 
15:45:47.581 @LED009 
15:45:47.582 @LED010 0
15:45:47.584 @LED011 
15:45:47.585 @LED012 在职
15:45:47.587 @LED001 20180818001
15:45:47.589 @LED002 10061
15:45:47.591 @LED003 张小婵
15:45:47.592 @LED004 装配工
15:45:47.593 @LED005 2018/8/18 8:00:00
15:45:47.595 @LED006 2018/8/18 17:00:00
15:45:47.596 @LED007 0
15:45:47.597 @LED008 
15:45:47.598 @LED009 
15:45:47.600 @LED010 0
15:45:47.601 @LED011 
15:45:47.602 @LED012 在职
15:45:47.605 @LED001 20180818001
15:45:47.607 @LED002 10062
15:45:47.608 @LED003 曾昭婵
15:45:47.610 @LED004 装配工
15:45:47.611 @LED005 2018/8/18 8:00:00
15:45:47.612 @LED006 2018/8/18 17:00:00
15:45:47.614 @LED007 0
15:45:47.615 @LED008 
15:45:47.617 @LED009 
15:45:47.618 @LED010 0
15:45:47.619 @LED011 
15:45:47.621 @LED012 在职
15:45:47.623 @LED001 20180818001
15:45:47.625 @LED002 10063
15:45:47.626 @LED003 牟飞
15:45:47.627 @LED004 装配工
15:45:47.629 @LED005 2018/8/18 8:00:00
15:45:47.630 @LED006 2018/8/18 17:00:00
15:45:47.631 @LED007 0
15:45:47.633 @LED008 
15:45:47.634 @LED009 
15:45:47.636 @LED010 0
15:45:47.638 @LED011 
15:45:47.639 @LED012 在职
15:45:47.641 @LED001 20180818001
15:45:47.643 @LED002 10064
15:45:47.645 @LED003 牟欢
15:45:47.646 @LED004 装配工
15:45:47.647 @LED005 2018/8/18 8:00:00
15:45:47.649 @LED006 2018/8/18 17:00:00
15:45:47.651 @LED007 0
15:45:47.652 @LED008 
15:45:47.653 @LED009 
15:45:47.654 @LED010 0
15:45:47.656 @LED011 
15:45:47.657 @LED012 在职
15:45:47.660 @LED001 20180818001
15:45:47.661 @LED002 10065
15:45:47.663 @LED003 陶炼
15:45:47.664 @LED004 装配工
15:45:47.665 @LED005 2018/8/18 8:00:00
15:45:47.667 @LED006 2018/8/18 17:00:00
15:45:47.668 @LED007 0
15:45:47.670 @LED008 
15:45:47.671 @LED009 
15:45:47.672 @LED010 0
15:45:47.674 @LED011 
15:45:47.675 @LED012 在职
15:45:47.678 @LED001 20180818001
15:45:47.681 @LED002 10066
15:45:47.683 @LED003 杜光斌
15:45:47.684 @LED004 装配工
15:45:47.685 @LED005 2018/8/18 8:00:00
15:45:47.687 @LED006 2018/8/18 17:00:00
15:45:47.688 @LED007 0
15:45:47.689 @LED008 
15:45:47.691 @LED009 
15:45:47.692 @LED010 0
15:45:47.693 @LED011 
15:45:47.694 @LED012 在职
15:45:47.696 @LED001 20180818001
15:45:47.698 @LED002 10067
15:45:47.700 @LED003 朱大艳
15:45:47.701 @LED004 装配工
15:45:47.702 @LED005 2018/8/18 8:00:00
15:45:47.703 @LED006 2018/8/18 17:00:00
15:45:47.704 @LED007 0
15:45:47.705 @LED008 
15:45:47.707 @LED009 
15:45:47.708 @LED010 0
15:45:47.710 @LED011 
15:45:47.711 @LED012 在职
15:45:47.714 @LED001 20180818001
15:45:47.715 @LED002 10068
15:45:47.717 @LED003 王银祥
15:45:47.718 @LED004 装配工
15:45:47.720 @LED005 2018/8/18 8:00:00
15:45:47.721 @LED006 2018/8/18 17:00:00
15:45:47.722 @LED007 0
15:45:47.724 @LED008 
15:45:47.725 @LED009 
15:45:47.726 @LED010 0
15:45:47.728 @LED011 
15:45:47.729 @LED012 在职
15:45:47.731 @LED001 20180818001
15:45:47.733 @LED002 10069
15:45:47.735 @LED003 王建琼
15:45:47.736 @LED004 装配工
15:45:47.738 @LED005 2018/8/18 8:00:00
15:45:47.739 @LED006 2018/8/18 17:00:00
15:45:47.741 @LED007 0
15:45:47.742 @LED008 
15:45:47.744 @LED009 
15:45:47.745 @LED010 0
15:45:47.746 @LED011 
15:45:47.747 @LED012 在职
15:45:47.750 @LEE001 20180818001
15:45:47.751 @LEE002 GD201610240025
15:45:47.752 @LEE003 202121742
15:45:47.754 @LEE004 ZS20B-Z成品面板-LED
15:45:47.755 @LEE005 亚光白(智能)
15:45:47.756 @LEE006 PCS
15:45:47.758 @LEE007 50
15:45:47.759 @LEE008 0
15:45:47.760 @LEE009 50
16:15:13.496  异常信息：远程服务器返回错误: (404) 未找到。
  堆栈信息:   在 AutoUpdate.AppUpdate.DownloadFile(String url, String localFilePath) 位置 D:\ProjectData\MiKe\LineProductMes\LineProductMes\ClassForMain\AppUpdate.cs:行号 243
   在 AutoUpdate.AppUpdate.CheckAppVersion(String& msg) 位置 D:\ProjectData\MiKe\LineProductMes\LineProductMes\ClassForMain\AppUpdate.cs:行号 310
16:15:19.094 @EMP002 系统管理员
16:15:19.097 @EMP033 cebfd1559b68d67688884d7a3d3e8c
16:25:15.655  异常信息：远程服务器返回错误: (404) 未找到。
  堆栈信息:   在 AutoUpdate.AppUpdate.DownloadFile(String url, String localFilePath) 位置 D:\ProjectData\MiKe\LineProductMes\LineProductMes\ClassForMain\AppUpdate.cs:行号 243
   在 AutoUpdate.AppUpdate.CheckAppVersion(String& msg) 位置 D:\ProjectData\MiKe\LineProductMes\LineProductMes\ClassForMain\AppUpdate.cs:行号 310
16:25:20.232 @EMP002 系统管理员
16:25:20.234 @EMP033 cebfd1559b68d67688884d7a3d3e8c
16:25:56.940 @PRD001 20180818005
16:25:56.942 @PRD002 2018/8/18 0:00:00
16:25:56.943 @PRD003 False
16:25:56.947 @PRE001 20180818005
16:25:56.949 @PRE002 SD201706080004
16:25:56.950 @PRE003 001
16:25:56.952 @PRE004 TCLNS-11Y3B16
16:25:56.954 @PRE005 2018/8/18 0:00:00
16:25:56.956 @PRE006 2017/6/23 0:00:00
16:25:56.957 @PRE007 400
16:25:56.959 @PRE008 37
16:25:56.961 @PRE009 0
16:25:56.962 @PRE010 37
16:25:56.964 @PRF001 TCLNS-11Y3B16
16:25:56.966 @PRF002 2018/8/18 0:00:00
16:25:56.967 @PRF003 37
16:25:56.970 @PRE001 20180818005
16:25:56.972 @PRE002 SD201706080004
16:25:56.973 @PRE003 001
16:25:56.977 @PRE004 TCLNS-11Y3B16
16:25:56.979 @PRE005 2018/8/19 0:00:00
16:25:56.980 @PRE006 2017/6/23 0:00:00
16:25:56.983 @PRE007 400
16:25:56.985 @PRE008 37
16:25:56.987 @PRE009 0
16:25:56.988 @PRE010 37
16:25:56.991 @PRF001 TCLNS-11Y3B16
16:25:56.993 @PRF002 2018/8/19 0:00:00
16:25:56.995 @PRF003 37
16:25:56.997 @PRE001 20180818005
16:25:56.999 @PRE002 SD201706080004
16:25:57.000 @PRE003 001
16:25:57.002 @PRE004 TCLNS-11Y3B16
16:25:57.003 @PRE005 2018/8/20 0:00:00
16:25:57.005 @PRE006 2017/6/23 0:00:00
16:25:57.007 @PRE007 400
16:25:57.009 @PRE008 37
16:25:57.010 @PRE009 0
16:25:57.011 @PRE010 37
16:25:57.014 @PRF001 TCLNS-11Y3B16
16:25:57.015 @PRF002 2018/8/20 0:00:00
16:25:57.017 @PRF003 37
16:25:57.019 @PRE001 20180818005
16:25:57.021 @PRE002 SD201706080004
16:25:57.023 @PRE003 001
16:25:57.025 @PRE004 TCLNS-11Y3B16
16:25:57.026 @PRE005 2018/8/21 0:00:00
16:25:57.027 @PRE006 2017/6/23 0:00:00
16:25:57.028 @PRE007 400
16:25:57.030 @PRE008 37
16:25:57.031 @PRE009 0
16:25:57.032 @PRE010 37
16:25:57.035 @PRF001 TCLNS-11Y3B16
16:25:57.037 @PRF002 2018/8/21 0:00:00
16:25:57.038 @PRF003 37
16:25:57.040 @PRE001 20180818005
16:25:57.042 @PRE002 SD201706080004
16:25:57.044 @PRE003 001
16:25:57.045 @PRE004 TCLNS-11Y3B16
16:25:57.047 @PRE005 2018/8/22 0:00:00
16:25:57.049 @PRE006 2017/6/23 0:00:00
16:25:57.051 @PRE007 400
16:25:57.053 @PRE008 37
16:25:57.055 @PRE009 0
16:25:57.057 @PRE010 37
16:25:57.059 @PRF001 TCLNS-11Y3B16
16:25:57.061 @PRF002 2018/8/22 0:00:00
16:25:57.062 @PRF003 37
16:25:57.065 @PRE001 20180818005
16:25:57.066 @PRE002 SD201706080004
16:25:57.068 @PRE003 001
16:25:57.069 @PRE004 TCLNS-11Y3B16
16:25:57.070 @PRE005 2018/8/23 0:00:00
16:25:57.072 @PRE006 2017/6/23 0:00:00
16:25:57.074 @PRE007 400
16:25:57.075 @PRE008 37
16:25:57.077 @PRE009 0
16:25:57.078 @PRE010 37
16:25:57.080 @PRF001 TCLNS-11Y3B16
16:25:57.082 @PRF002 2018/8/23 0:00:00
16:25:57.084 @PRF003 37
16:25:57.086 @PRE001 20180818005
16:25:57.088 @PRE002 SD201706080004
16:25:57.089 @PRE003 001
16:25:57.091 @PRE004 TCLNS-11Y3B16
16:25:57.092 @PRE005 2018/8/24 0:00:00
16:25:57.093 @PRE006 2017/6/23 0:00:00
16:25:57.094 @PRE007 400
16:25:57.095 @PRE008 37
16:25:57.097 @PRE009 0
16:25:57.098 @PRE010 37
16:25:57.101 @PRF001 TCLNS-11Y3B16
16:25:57.102 @PRF002 2018/8/24 0:00:00
16:25:57.104 @PRF003 37
16:25:57.106 @PRE001 20180818005
16:25:57.108 @PRE002 SD201706080004
16:25:57.109 @PRE003 001
16:25:57.110 @PRE004 TCLNS-11Y3B16
16:25:57.111 @PRE005 2018/8/25 0:00:00
16:25:57.113 @PRE006 2017/6/23 0:00:00
16:25:57.115 @PRE007 400
16:25:57.116 @PRE008 37
16:25:57.118 @PRE009 0
16:25:57.120 @PRE010 37
16:25:57.122 @PRF001 TCLNS-11Y3B16
16:25:57.124 @PRF002 2018/8/25 0:00:00
16:25:57.125 @PRF003 37
16:25:57.127 @PRE001 20180818005
16:25:57.129 @PRE002 SD201706080004
16:25:57.130 @PRE003 001
16:25:57.132 @PRE004 TCLNS-11Y3B16
16:25:57.134 @PRE005 2018/8/26 0:00:00
16:25:57.135 @PRE006 2017/6/23 0:00:00
16:25:57.137 @PRE007 400
16:25:57.139 @PRE008 37
16:25:57.140 @PRE009 0
16:25:57.141 @PRE010 37
16:25:57.143 @PRF001 TCLNS-11Y3B16
16:25:57.145 @PRF002 2018/8/26 0:00:00
16:25:57.147 @PRF003 37
16:25:57.149 @PRE001 20180818005
16:25:57.151 @PRE002 SD201706080004
16:25:57.152 @PRE003 001
16:25:57.154 @PRE004 TCLNS-11Y3B16
16:25:57.155 @PRE005 2018/8/27 0:00:00
16:25:57.156 @PRE006 2017/6/23 0:00:00
16:25:57.157 @PRE007 400
16:25:57.159 @PRE008 37
16:25:57.160 @PRE009 0
16:25:57.161 @PRE010 37
16:25:57.164 @PRF001 TCLNS-11Y3B16
16:25:57.166 @PRF002 2018/8/27 0:00:00
16:25:57.167 @PRF003 37
16:25:57.169 @PRE001 20180818005
16:25:57.171 @PRE002 SD201706080004
16:25:57.173 @PRE003 001
16:25:57.174 @PRE004 TCLNS-11Y3B16
16:25:57.175 @PRE005 2018/8/28 0:00:00
16:25:57.177 @PRE006 2017/6/23 0:00:00
16:25:57.179 @PRE007 400
16:25:57.180 @PRE008 30
16:25:57.181 @PRE009 0
16:25:57.183 @PRE010 37
16:25:57.185 @PRF001 TCLNS-11Y3B16
16:25:57.187 @PRF002 2018/8/28 0:00:00
16:25:57.188 @PRF003 30
16:32:48.559  异常信息：远程服务器返回错误: (404) 未找到。
  堆栈信息:   在 AutoUpdate.AppUpdate.DownloadFile(String url, String localFilePath) 位置 D:\ProjectData\MiKe\LineProductMes\LineProductMes\ClassForMain\AppUpdate.cs:行号 243
   在 AutoUpdate.AppUpdate.CheckAppVersion(String& msg) 位置 D:\ProjectData\MiKe\LineProductMes\LineProductMes\ClassForMain\AppUpdate.cs:行号 310
16:32:54.685 @EMP002 系统管理员
16:32:54.687 @EMP033 cebfd1559b68d67688884d7a3d3e8c
16:34:35.898 @ARS001 201171188
16:34:35.900 @ARS002 TCL亮A面板
16:34:35.902 @ARS003 012
16:34:35.906 @ARS004 喷银色漆
16:34:35.909 @ARS005 灰PC
16:34:35.911 @ARS006 PCS
16:34:35.913 @ARS007 M
16:34:35.916 @ARS008 0
16:34:35.918 @ARS009 0503
16:34:35.924 @ART001 201171188
16:34:35.926 @ART002 02
16:34:35.928 @ART003 喷涂
16:34:35.931 @ART004 2
16:34:35.933 @ART005 0
16:34:35.935 @ART006 
16:34:35.936 @ART007 
16:34:35.938 @ART009 
16:34:35.939 @ART010 
16:34:35.940 @ART011 001
16:34:35.941 @ART012 0
16:34:35.945 @ART001 201171188
16:34:35.947 @ART002 03
16:34:35.948 @ART003 丝印
16:34:35.949 @ART004 3
16:34:35.950 @ART005 0
16:34:35.951 @ART006 
16:34:35.953 @ART007 
16:34:35.954 @ART009 
16:34:35.955 @ART010 
16:34:35.956 @ART011 002
16:34:35.958 @ART012 0
16:34:53.362 @ARS001 202111350
16:34:53.365 @ARS002 TCLMC-3G61142面板-丝印
16:34:53.368 @ARS003 012
16:34:53.371 @ARS004 四灯三合一
16:34:53.376 @ARS005 
16:34:53.380 @ARS006 PCS
16:34:53.383 @ARS007 M
16:34:53.387 @ARS008 0
16:34:53.391 @ARS009 0503
16:34:53.395 @ART001 202111350
16:34:53.397 @ART002 12
16:34:53.398 @ART003 面板组装
16:34:53.399 @ART004 5
16:34:53.401 @ART005 0
16:34:53.403 @ART006 
16:34:53.404 @ART007 
16:34:53.406 @ART009 
16:34:53.407 @ART010 
16:34:53.409 @ART011 001
16:34:53.410 @ART012 0
16:34:53.413 @ART001 202111350
16:34:53.414 @ART002 19
16:34:53.416 @ART003 打码
16:34:53.418 @ART004 6
16:34:53.419 @ART005 0
16:34:53.420 @ART006 
16:34:53.422 @ART007 
16:34:53.423 @ART009 
16:34:53.425 @ART010 
16:34:53.426 @ART011 002
16:34:53.427 @ART012 0
16:41:06.867  异常信息：远程服务器返回错误: (404) 未找到。
  堆栈信息:   在 AutoUpdate.AppUpdate.DownloadFile(String url, String localFilePath) 位置 D:\ProjectData\MiKe\LineProductMes\LineProductMes\ClassForMain\AppUpdate.cs:行号 243
   在 AutoUpdate.AppUpdate.CheckAppVersion(String& msg) 位置 D:\ProjectData\MiKe\LineProductMes\LineProductMes\ClassForMain\AppUpdate.cs:行号 310
16:41:13.281 @EMP002 系统管理员
16:41:13.284 @EMP033 cebfd1559b68d67688884d7a3d3e8c
17:02:42.206  异常信息：远程服务器返回错误: (404) 未找到。
  堆栈信息:   在 AutoUpdate.AppUpdate.DownloadFile(String url, String localFilePath) 位置 D:\ProjectData\MiKe\LineProductMes\LineProductMes\ClassForMain\AppUpdate.cs:行号 243
   在 AutoUpdate.AppUpdate.CheckAppVersion(String& msg) 位置 D:\ProjectData\MiKe\LineProductMes\LineProductMes\ClassForMain\AppUpdate.cs:行号 310
17:03:40.320 @EMP002 系统管理员
17:03:40.321 @EMP033 cebfd1559b68d67688884d7a3d3e8c
17:04:36.675  异常信息：远程服务器返回错误: (404) 未找到。
  堆栈信息:   在 AutoUpdate.AppUpdate.DownloadFile(String url, String localFilePath) 位置 D:\ProjectData\MiKe\LineProductMes\LineProductMes\ClassForMain\AppUpdate.cs:行号 243
   在 AutoUpdate.AppUpdate.CheckAppVersion(String& msg) 位置 D:\ProjectData\MiKe\LineProductMes\LineProductMes\ClassForMain\AppUpdate.cs:行号 310
17:05:01.534 @EMP002 系统管理员
17:05:01.536 @EMP033 cebfd1559b68d67688884d7a3d3e8c
