10:12:57.121 @EMP002 系统管理员
10:12:57.123 @EMP033 cebfd1559b68d67688884d7a3d3e8c
10:14:28.160 @EMP002 系统管理员
10:14:28.161 @EMP033 cebfd1559b68d67688884d7a3d3e8c
10:18:02.433 @EMP002 系统管理员
10:18:02.434 @EMP033 cebfd1559b68d67688884d7a3d3e8c
10:20:25.437 @EMP002 系统管理员
10:20:25.438 @EMP033 cebfd1559b68d67688884d7a3d3e8c
10:22:12.854 @EMP002 系统管理员
10:22:12.854 @EMP033 cebfd1559b68d67688884d7a3d3e8c
10:23:12.746 @EMP002 系统管理员
10:23:12.747 @EMP033 cebfd1559b68d67688884d7a3d3e8c
10:25:26.245 @EMP002 系统管理员
10:25:26.246 @EMP033 cebfd1559b68d67688884d7a3d3e8c
10:27:13.312 @EMP002 系统管理员
10:27:13.313 @EMP033 cebfd1559b68d67688884d7a3d3e8c
10:29:37.113 @EMP002 系统管理员
10:29:37.115 @EMP033 cebfd1559b68d67688884d7a3d3e8c
10:30:47.683 @EMP002 系统管理员
10:30:47.684 @EMP033 cebfd1559b68d67688884d7a3d3e8c
10:31:19.874 @EMP002 系统管理员
10:31:19.875 @EMP033 cebfd1559b68d67688884d7a3d3e8c
10:32:03.561 @EMP002 系统管理员
10:32:03.562 @EMP033 cebfd1559b68d67688884d7a3d3e8c
10:33:06.008 @EMP002 系统管理员
10:33:06.010 @EMP033 cebfd1559b68d67688884d7a3d3e8c
10:35:01.312 @EMP002 系统管理员
10:35:01.313 @EMP033 cebfd1559b68d67688884d7a3d3e8c
10:35:10.758 @EMP002 系统管理员
10:35:10.760 @EMP033 cebfd1559b68d67688884d7a3d3e8c
10:35:40.648 @EMP002 系统管理员
10:35:40.648 @EMP033 cebfd1559b68d67688884d7a3d3e8c
10:37:29.169 @EMP002 系统管理员
10:37:29.169 @EMP033 cebfd1559b68d67688884d7a3d3e8c
10:39:39.956 @EMP002 系统管理员
10:39:39.966 @EMP033 cebfd1559b68d67688884d7a3d3e8c
10:42:21.473 @EMP002 系统管理员
10:42:21.474 @EMP033 cebfd1559b68d67688884d7a3d3e8c
10:43:27.951 @EMP002 系统管理员
10:43:27.961 @EMP033 cebfd1559b68d67688884d7a3d3e8c
10:44:49.786 @EMP002 系统管理员
10:44:49.786 @EMP033 cebfd1559b68d67688884d7a3d3e8c
10:53:39.978 @EMP002 系统管理员
10:53:39.979 @EMP033 cebfd1559b68d67688884d7a3d3e8c
11:00:06.631 @EMP002 系统管理员
11:00:06.632 @EMP033 cebfd1559b68d67688884d7a3d3e8c
11:02:13.422 @EMP002 系统管理员
11:02:13.422 @EMP033 cebfd1559b68d67688884d7a3d3e8c
11:12:39.856 @EMP002 系统管理员
11:12:39.866 @EMP033 cebfd1559b68d67688884d7a3d3e8c
11:13:36.332 @EMP002 系统管理员
11:13:36.333 @EMP033 cebfd1559b68d67688884d7a3d3e8c
11:14:42.253 @PRF001 ZTHJ7-1A1
11:14:42.253 @PRF002 2018/12/26 0:00:00
11:14:42.254 @PRF003 30
11:14:42.260 @PRF001 ZTHJ7-1A1
11:14:42.260 @PRF002 2018/12/27 0:00:00
11:14:42.260 @PRF003 10
11:14:42.262 @PRF001 ZTHJ7-1A1
11:14:42.262 @PRF002 2018/12/28 0:00:00
11:14:42.262 @PRF003 20
11:14:42.271 @PRF001 ZTHJ7-1A1
11:14:42.271 @PRF002 2018/12/29 0:00:00
11:14:42.272 @PRF003 20
11:14:42.273 @PRF001 ZTHJ7-1A1
11:14:42.273 @PRF002 2018/12/30 0:00:00
11:14:42.274 @PRF003 20
11:14:42.275 @PRF001 ZTHJ7-1A1
11:14:42.275 @PRF002 2018/12/31 0:00:00
11:14:42.276 @PRF003 12
11:14:42.277 @PRF001 ZTHJ7-1A1
11:14:42.278 @PRF002 2019/1/1 0:00:00
11:14:42.278 @PRF003 28
11:14:42.282 @PRF001 ZTHJ7-1A1
11:14:42.283 @PRF002 2019/1/2 0:00:00
11:14:42.283 @PRF003 28
11:14:42.289 @PRF001 ZTHJ7-1A1
11:14:42.289 @PRF002 2019/1/3 0:00:00
11:14:42.289 @PRF003 12
11:14:42.291 @PRF001 ZTHJ7-1A1
11:14:42.291 @PRF002 2019/1/4 0:00:00
11:14:42.291 @PRF003 20
11:14:42.293 @PRF001 ZTHJ7-1A1
11:14:42.293 @PRF002 2019/1/5 0:00:00
11:14:42.293 @PRF003 20
11:14:42.295 @PRF001 ZTHJ7-1A1
11:14:42.295 @PRF002 2019/1/6 0:00:00
11:14:42.295 @PRF003 20
11:14:42.305 @PRF001 ZTHJ7-1A1
11:14:42.305 @PRF002 2019/1/7 0:00:00
11:14:42.305 @PRF003 20
11:14:42.307 @PRF001 ZTHJ7-1A1
11:14:42.307 @PRF002 2019/1/8 0:00:00
11:14:42.307 @PRF003 20
