08:46:47.770  异常信息：由于连接方在一段时间后没有正确答复或连接的主机没有反应，连接尝试失败。 192.168.0.170:80
  堆栈信息:   在 AutoUpdate.AppUpdate.DownloadFile(String url, String localFilePath) 位置 D:\ProjectData\MiKe\LineProductMes\LineProductMes\ClassForMain\AppUpdate.cs:行号 239
   在 AutoUpdate.AppUpdate.CheckAppVersion(String& msg) 位置 D:\ProjectData\MiKe\LineProductMes\LineProductMes\ClassForMain\AppUpdate.cs:行号 310
08:46:56.890 @EMP002 系统管理员
08:46:56.894 @EMP033 cebfd1559b68d67688884d7a3d3e8c
09:15:14.507  异常信息：由于连接方在一段时间后没有正确答复或连接的主机没有反应，连接尝试失败。 192.168.0.170:80
  堆栈信息:   在 AutoUpdate.AppUpdate.DownloadFile(String url, String localFilePath) 位置 D:\ProjectData\MiKe\LineProductMes\LineProductMes\ClassForMain\AppUpdate.cs:行号 239
   在 AutoUpdate.AppUpdate.CheckAppVersion(String& msg) 位置 D:\ProjectData\MiKe\LineProductMes\LineProductMes\ClassForMain\AppUpdate.cs:行号 310
09:15:30.997 @EMP002 系统管理员
09:15:31.000 @EMP033 cebfd1559b68d67688884d7a3d3e8c
09:17:10.702  异常信息：由于连接方在一段时间后没有正确答复或连接的主机没有反应，连接尝试失败。 192.168.0.170:80
  堆栈信息:   在 AutoUpdate.AppUpdate.DownloadFile(String url, String localFilePath) 位置 D:\ProjectData\MiKe\LineProductMes\LineProductMes\ClassForMain\AppUpdate.cs:行号 239
   在 AutoUpdate.AppUpdate.CheckAppVersion(String& msg) 位置 D:\ProjectData\MiKe\LineProductMes\LineProductMes\ClassForMain\AppUpdate.cs:行号 310
09:17:36.807 @EMP002 系统管理员
09:17:36.809 @EMP033 cebfd1559b68d67688884d7a3d3e8c
09:18:14.794 @POW002 10002
09:18:14.798 @POW003 FormPaintBoard
09:18:14.800 @POW004 False
09:18:14.802 @POW005 False
09:18:14.803 @POW006 False
09:18:14.804 @POW007 False
09:18:14.806 @POW008 False
09:18:14.807 @POW009 False
09:18:14.808 @POW010 False
09:18:14.810 @POW011 False
09:18:14.811 @POW012 False
09:18:14.813 @POW013 False
09:18:14.815 @POW016 False
09:18:14.816 @POW017 False
09:18:14.822 @POW002 10002
09:18:14.823 @POW003 FormLineForAssPlan
09:18:14.825 @POW004 False
09:18:14.826 @POW005 False
09:18:14.828 @POW006 False
09:18:14.829 @POW007 False
09:18:14.831 @POW008 False
09:18:14.832 @POW009 False
09:18:14.833 @POW010 False
09:18:14.835 @POW011 False
09:18:14.836 @POW012 False
09:18:14.837 @POW013 False
09:18:14.839 @POW016 False
09:18:14.840 @POW017 False
09:18:14.844 @POW002 10002
09:18:14.845 @POW003 FormMouldInformation
09:18:14.846 @POW004 False
09:18:14.847 @POW005 False
09:18:14.849 @POW006 False
09:18:14.850 @POW007 False
09:18:14.851 @POW008 False
09:18:14.852 @POW009 False
09:18:14.854 @POW010 False
09:18:14.855 @POW011 False
09:18:14.856 @POW012 False
09:18:14.858 @POW013 True
09:18:14.859 @POW016 False
09:18:14.860 @POW017 False
09:18:14.863 @POW002 10002
09:18:14.865 @POW003 FormPurProductView
09:18:14.866 @POW004 False
09:18:14.867 @POW005 False
09:18:14.869 @POW006 False
09:18:14.870 @POW007 False
09:18:14.872 @POW008 False
09:18:14.873 @POW009 False
09:18:14.875 @POW010 False
09:18:14.876 @POW011 False
09:18:14.877 @POW012 False
09:18:14.878 @POW013 False
09:18:14.880 @POW016 False
09:18:14.882 @POW017 False
09:18:14.885 @POW002 10002
09:18:14.886 @POW003 FormLEEBoard
09:18:14.888 @POW004 False
09:18:14.890 @POW005 False
09:18:14.891 @POW006 False
09:18:14.893 @POW007 False
09:18:14.895 @POW008 False
09:18:14.896 @POW009 False
09:18:14.898 @POW010 False
09:18:14.899 @POW011 False
09:18:14.900 @POW012 False
09:18:14.901 @POW013 False
09:18:14.903 @POW016 False
09:18:14.904 @POW017 False
09:18:14.907 @POW002 10002
09:18:14.909 @POW003 FormHardWareWork
09:18:14.910 @POW004 False
09:18:14.911 @POW005 False
09:18:14.913 @POW006 True
09:18:14.915 @POW007 False
09:18:14.916 @POW008 False
09:18:14.918 @POW009 False
09:18:14.919 @POW010 False
09:18:14.920 @POW011 False
09:18:14.922 @POW012 False
09:18:14.924 @POW013 False
09:18:14.925 @POW016 False
09:18:14.927 @POW017 False
09:18:14.930 @POW002 10002
09:18:14.931 @POW003 FormMachinePlat
09:18:14.933 @POW004 False
09:18:14.934 @POW005 False
09:18:14.936 @POW006 False
09:18:14.937 @POW007 True
09:18:14.939 @POW008 False
09:18:14.940 @POW009 False
09:18:14.942 @POW010 False
09:18:14.944 @POW011 False
09:18:14.945 @POW012 False
09:18:14.947 @POW013 True
09:18:14.948 @POW016 False
09:18:14.949 @POW017 False
09:18:14.951 @POW002 10002
09:18:14.953 @POW003 FormHardBoard
09:18:14.954 @POW004 False
09:18:14.955 @POW005 False
09:18:14.956 @POW006 False
09:18:14.957 @POW007 False
09:18:14.958 @POW008 False
09:18:14.959 @POW009 False
09:18:14.960 @POW010 False
09:18:14.962 @POW011 False
09:18:14.963 @POW012 False
09:18:14.964 @POW013 False
09:18:14.965 @POW016 False
09:18:14.966 @POW017 False
09:18:14.969 @POW002 10002
09:18:14.970 @POW003 FormPaintNewspaper
09:18:14.972 @POW004 False
09:18:14.973 @POW005 True
09:18:14.974 @POW006 False
09:18:14.976 @POW007 False
09:18:14.977 @POW008 False
09:18:14.978 @POW009 False
09:18:14.979 @POW010 False
09:18:14.981 @POW011 False
09:18:14.982 @POW012 False
09:18:14.983 @POW013 True
09:18:14.984 @POW016 False
09:18:14.986 @POW017 False
09:18:14.988 @POW002 10002
09:18:14.989 @POW003 FormProductPlanPreview
09:18:14.991 @POW004 False
09:18:14.993 @POW005 False
09:18:14.994 @POW006 False
09:18:14.996 @POW007 False
09:18:14.997 @POW008 False
09:18:14.998 @POW009 False
09:18:15.000 @POW010 False
09:18:15.001 @POW011 False
09:18:15.002 @POW012 False
09:18:15.003 @POW013 False
09:18:15.004 @POW016 False
09:18:15.006 @POW017 False
09:18:15.008 @POW002 10002
09:18:15.009 @POW003 FormLEDNewsPaper
09:18:15.010 @POW004 False
09:18:15.012 @POW005 False
09:18:15.013 @POW006 True
09:18:15.014 @POW007 False
09:18:15.015 @POW008 False
09:18:15.017 @POW009 False
09:18:15.019 @POW010 False
09:18:15.020 @POW011 False
09:18:15.022 @POW012 False
09:18:15.023 @POW013 True
09:18:15.025 @POW016 False
09:18:15.026 @POW017 False
09:18:15.029 @POW002 10002
09:18:15.030 @POW003 FormBoarSet
09:18:15.032 @POW004 False
09:18:15.033 @POW005 False
09:18:15.034 @POW006 False
09:18:15.036 @POW007 False
09:18:15.037 @POW008 False
09:18:15.038 @POW009 False
09:18:15.039 @POW010 False
09:18:15.040 @POW011 False
09:18:15.042 @POW012 False
09:18:15.044 @POW013 False
09:18:15.045 @POW016 False
09:18:15.047 @POW017 False
09:18:15.049 @POW002 10002
09:18:15.051 @POW003 FormLEGBoard
09:18:15.052 @POW004 False
09:18:15.053 @POW005 False
09:18:15.055 @POW006 False
09:18:15.056 @POW007 False
09:18:15.057 @POW008 False
09:18:15.058 @POW009 False
09:18:15.059 @POW010 False
09:18:15.061 @POW011 False
09:18:15.062 @POW012 False
09:18:15.063 @POW013 False
09:18:15.064 @POW016 False
09:18:15.066 @POW017 False
09:18:15.069 @POW002 10002
09:18:15.071 @POW003 FormWages
09:18:15.072 @POW004 False
09:18:15.073 @POW005 False
09:18:15.075 @POW006 False
09:18:15.076 @POW007 False
09:18:15.078 @POW008 False
09:18:15.079 @POW009 False
09:18:15.080 @POW010 False
09:18:15.081 @POW011 False
09:18:15.082 @POW012 False
09:18:15.083 @POW013 False
09:18:15.084 @POW016 False
09:18:15.086 @POW017 False
09:18:15.088 @POW002 10002
09:18:15.089 @POW003 FormSupplierForMould
09:18:15.090 @POW004 False
09:18:15.091 @POW005 True
09:18:15.093 @POW006 False
09:18:15.095 @POW007 False
09:18:15.096 @POW008 False
09:18:15.098 @POW009 False
09:18:15.099 @POW010 False
09:18:15.100 @POW011 False
09:18:15.101 @POW012 False
09:18:15.102 @POW013 True
09:18:15.104 @POW016 False
09:18:15.105 @POW017 False
09:18:15.107 @POW002 10002
09:18:15.108 @POW003 FormAssNewWorkEnclosure
09:18:15.110 @POW004 False
09:18:15.111 @POW005 True
09:18:15.112 @POW006 False
09:18:15.113 @POW007 False
09:18:15.115 @POW008 False
09:18:15.116 @POW009 False
09:18:15.117 @POW010 False
09:18:15.119 @POW011 False
09:18:15.120 @POW012 False
09:18:15.122 @POW013 True
09:18:15.123 @POW016 False
09:18:15.124 @POW017 False
09:18:15.127 @POW002 10002
09:18:15.128 @POW003 FormInjectionMolding
09:18:15.129 @POW004 False
09:18:15.131 @POW005 False
09:18:15.132 @POW006 False
09:18:15.134 @POW007 False
09:18:15.135 @POW008 False
09:18:15.136 @POW009 False
09:18:15.137 @POW010 False
09:18:15.138 @POW011 False
09:18:15.140 @POW012 False
09:18:15.141 @POW013 True
09:18:15.143 @POW016 False
09:18:15.144 @POW017 False
09:18:15.147 @POW002 10002
09:18:15.148 @POW003 FormEmployee
09:18:15.150 @POW004 False
09:18:15.151 @POW005 False
09:18:15.152 @POW006 False
09:18:15.154 @POW007 False
09:18:15.155 @POW008 False
09:18:15.156 @POW009 False
09:18:15.157 @POW010 False
09:18:15.158 @POW011 False
09:18:15.160 @POW012 False
09:18:15.161 @POW013 True
09:18:15.162 @POW016 False
09:18:15.164 @POW017 False
09:18:15.166 @POW002 10002
09:18:15.167 @POW003 FormLogisticsNew
09:18:15.169 @POW004 False
09:18:15.170 @POW005 False
09:18:15.172 @POW006 False
09:18:15.173 @POW007 False
09:18:15.175 @POW008 False
09:18:15.176 @POW009 False
09:18:15.177 @POW010 False
09:18:15.179 @POW011 False
09:18:15.180 @POW012 False
09:18:15.181 @POW013 False
09:18:15.182 @POW016 False
09:18:15.183 @POW017 False
09:18:15.186 @POW002 10002
09:18:15.187 @POW003 FormArt
09:18:15.189 @POW004 True
09:18:15.190 @POW005 False
09:18:15.191 @POW006 False
09:18:15.193 @POW007 False
09:18:15.194 @POW008 False
09:18:15.195 @POW009 False
09:18:15.197 @POW010 False
09:18:15.198 @POW011 False
09:18:15.199 @POW012 False
09:18:15.201 @POW013 True
09:18:15.202 @POW016 False
09:18:15.203 @POW017 False
09:18:15.205 @POW002 10002
09:18:15.207 @POW003 FormAssBoard
09:18:15.208 @POW004 False
09:18:15.209 @POW005 False
09:18:15.211 @POW006 False
09:18:15.212 @POW007 False
09:18:15.213 @POW008 False
09:18:15.215 @POW009 False
09:18:15.216 @POW010 False
09:18:15.217 @POW011 False
09:18:15.219 @POW012 False
09:18:15.220 @POW013 False
09:18:15.222 @POW016 False
09:18:15.223 @POW017 False
09:18:15.226 @POW002 10002
09:18:15.227 @POW003 FormInjectionBoard
09:18:15.229 @POW004 False
09:18:15.230 @POW005 False
09:18:15.231 @POW006 False
09:18:15.233 @POW007 False
09:18:15.234 @POW008 False
09:18:15.236 @POW009 False
09:18:15.237 @POW010 False
09:18:15.239 @POW011 False
09:18:15.241 @POW012 False
09:18:15.242 @POW013 False
09:18:15.244 @POW016 False
09:18:15.245 @POW017 False
09:18:15.248 @POW002 10002
09:18:15.250 @POW003 FormPurchaseBoard
09:18:15.252 @POW004 False
09:18:15.253 @POW005 False
09:18:15.255 @POW006 False
09:18:15.256 @POW007 False
09:18:15.257 @POW008 False
09:18:15.258 @POW009 False
09:18:15.260 @POW010 False
09:18:15.261 @POW011 False
09:18:15.263 @POW012 False
09:18:15.264 @POW013 False
09:18:15.266 @POW016 False
09:18:15.267 @POW017 False
09:18:15.271 @POW002 10002
09:18:15.272 @POW003 FormLEGNews
09:18:15.274 @POW004 False
09:18:15.275 @POW005 False
09:18:15.276 @POW006 False
09:18:15.278 @POW007 False
09:18:15.279 @POW008 False
09:18:15.281 @POW009 False
09:18:15.282 @POW010 False
09:18:15.284 @POW011 False
09:18:15.286 @POW012 False
09:18:15.288 @POW013 False
09:18:15.289 @POW016 False
09:18:15.290 @POW017 False
09:18:15.293 @POW002 10002
09:18:15.295 @POW003 FormSemiPlanView
09:18:15.296 @POW004 False
09:18:15.298 @POW005 False
09:18:15.300 @POW006 False
09:18:15.301 @POW007 False
09:18:15.302 @POW008 False
09:18:15.303 @POW009 False
09:18:15.305 @POW010 False
09:18:15.306 @POW011 False
09:18:15.307 @POW012 False
09:18:15.308 @POW013 False
09:18:15.310 @POW016 False
09:18:15.312 @POW017 False
09:18:15.315 @POW002 10002
09:18:15.317 @POW003 FormAssNewWork
09:18:15.318 @POW004 False
09:18:15.320 @POW005 True
09:18:15.321 @POW006 False
09:18:15.323 @POW007 False
09:18:15.324 @POW008 False
09:18:15.326 @POW009 False
09:18:15.328 @POW010 False
09:18:15.329 @POW011 False
09:18:15.331 @POW012 False
09:18:15.333 @POW013 True
09:18:15.334 @POW016 False
09:18:15.336 @POW017 False
09:19:23.308 @POW002 10002
09:19:23.312 @POW003 FormAssNewWorkEnclosure
09:19:23.315 @POW004 False
09:19:23.319 @POW005 False
09:19:23.322 @POW006 False
09:19:23.324 @POW007 False
09:19:23.326 @POW008 False
09:19:23.328 @POW009 False
09:19:23.329 @POW010 False
09:19:23.331 @POW011 False
09:19:23.333 @POW012 False
09:19:23.334 @POW013 False
09:19:23.336 @POW016 False
09:19:23.338 @POW017 False
09:19:23.343 @POW002 10002
09:19:23.344 @POW003 FormLogisticsNew
09:19:23.346 @POW004 False
09:19:23.349 @POW005 False
09:19:23.351 @POW006 False
09:19:23.353 @POW007 False
09:19:23.354 @POW008 False
09:19:23.355 @POW009 False
09:19:23.356 @POW010 False
09:19:23.357 @POW011 False
09:19:23.359 @POW012 False
09:19:23.360 @POW013 False
09:19:23.361 @POW016 False
09:19:23.363 @POW017 False
09:19:23.365 @POW002 10002
09:19:23.367 @POW003 FormLEGBoard
09:19:23.368 @POW004 False
09:19:23.369 @POW005 False
09:19:23.370 @POW006 False
09:19:23.372 @POW007 False
09:19:23.373 @POW008 False
09:19:23.374 @POW009 False
09:19:23.375 @POW010 False
09:19:23.376 @POW011 False
09:19:23.378 @POW012 False
09:19:23.379 @POW013 False
09:19:23.380 @POW016 False
09:19:23.381 @POW017 False
09:19:23.383 @POW002 10002
09:19:23.385 @POW003 FormInjectionMolding
09:19:23.386 @POW004 False
09:19:23.387 @POW005 False
09:19:23.389 @POW006 False
09:19:23.390 @POW007 False
09:19:23.391 @POW008 False
09:19:23.392 @POW009 False
09:19:23.394 @POW010 False
09:19:23.395 @POW011 False
09:19:23.396 @POW012 False
09:19:23.397 @POW013 False
09:19:23.398 @POW016 False
09:19:23.399 @POW017 False
09:19:23.402 @POW002 10002
09:19:23.403 @POW003 FormMachinePlat
09:19:23.404 @POW004 False
09:19:23.405 @POW005 True
09:19:23.407 @POW006 False
09:19:23.408 @POW007 False
09:19:23.409 @POW008 False
09:19:23.410 @POW009 False
09:19:23.411 @POW010 False
09:19:23.413 @POW011 False
09:19:23.414 @POW012 False
09:19:23.415 @POW013 True
09:19:23.416 @POW016 False
09:19:23.417 @POW017 False
09:19:23.420 @POW002 10002
09:19:23.421 @POW003 FormSemiPlanView
09:19:23.422 @POW004 False
09:19:23.424 @POW005 False
09:19:23.425 @POW006 False
09:19:23.426 @POW007 False
09:19:23.427 @POW008 False
09:19:23.428 @POW009 False
09:19:23.429 @POW010 False
09:19:23.430 @POW011 False
09:19:23.432 @POW012 False
09:19:23.433 @POW013 False
09:19:23.434 @POW016 False
09:19:23.435 @POW017 False
09:19:23.437 @POW002 10002
09:19:23.439 @POW003 FormInjectionBoard
09:19:23.440 @POW004 False
09:19:23.441 @POW005 False
09:19:23.443 @POW006 False
09:19:23.444 @POW007 False
09:19:23.445 @POW008 False
09:19:23.446 @POW009 False
09:19:23.447 @POW010 False
09:19:23.449 @POW011 False
09:19:23.450 @POW012 False
09:19:23.451 @POW013 False
09:19:23.452 @POW016 False
09:19:23.454 @POW017 False
09:19:23.456 @POW002 10002
09:19:23.457 @POW003 FormPurchaseBoard
09:19:23.459 @POW004 False
09:19:23.460 @POW005 False
09:19:23.461 @POW006 False
09:19:23.463 @POW007 False
09:19:23.464 @POW008 False
09:19:23.465 @POW009 False
09:19:23.467 @POW010 False
09:19:23.468 @POW011 False
09:19:23.469 @POW012 False
09:19:23.470 @POW013 False
09:19:23.471 @POW016 False
09:19:23.473 @POW017 False
09:19:23.475 @POW002 10002
09:19:23.476 @POW003 FormPaintNewspaper
09:19:23.478 @POW004 False
09:19:23.479 @POW005 False
09:19:23.480 @POW006 False
09:19:23.482 @POW007 False
09:19:23.483 @POW008 False
09:19:23.485 @POW009 False
09:19:23.486 @POW010 False
09:19:23.487 @POW011 False
09:19:23.488 @POW012 False
09:19:23.490 @POW013 False
09:19:23.491 @POW016 False
09:19:23.492 @POW017 False
09:19:23.494 @POW002 10002
09:19:23.496 @POW003 FormLineForAssPlan
09:19:23.497 @POW004 False
09:19:23.498 @POW005 False
09:19:23.499 @POW006 False
09:19:23.500 @POW007 False
09:19:23.502 @POW008 False
09:19:23.503 @POW009 False
09:19:23.504 @POW010 False
09:19:23.506 @POW011 False
09:19:23.507 @POW012 False
09:19:23.508 @POW013 False
09:19:23.509 @POW016 False
09:19:23.510 @POW017 False
09:19:23.512 @POW002 10002
09:19:23.514 @POW003 FormLEGNews
09:19:23.515 @POW004 False
09:19:23.516 @POW005 False
09:19:23.518 @POW006 False
09:19:23.519 @POW007 False
09:19:23.520 @POW008 False
09:19:23.522 @POW009 False
09:19:23.523 @POW010 False
09:19:23.524 @POW011 False
09:19:23.525 @POW012 False
09:19:23.526 @POW013 False
09:19:23.527 @POW016 False
09:19:23.529 @POW017 False
09:19:23.531 @POW002 10002
09:19:23.532 @POW003 FormHardWareWork
09:19:23.534 @POW004 False
09:19:23.535 @POW005 False
09:19:23.536 @POW006 False
09:19:23.538 @POW007 False
09:19:23.539 @POW008 False
09:19:23.540 @POW009 False
09:19:23.541 @POW010 False
09:19:23.542 @POW011 False
09:19:23.544 @POW012 False
09:19:23.545 @POW013 False
09:19:23.546 @POW016 False
09:19:23.547 @POW017 False
09:19:23.549 @POW002 10002
09:19:23.551 @POW003 FormEmployee
09:19:23.552 @POW004 True
09:19:23.553 @POW005 False
09:19:23.555 @POW006 False
09:19:23.556 @POW007 False
09:19:23.557 @POW008 False
09:19:23.558 @POW009 False
09:19:23.560 @POW010 False
09:19:23.561 @POW011 False
09:19:23.562 @POW012 False
09:19:23.563 @POW013 True
09:19:23.565 @POW016 False
09:19:23.566 @POW017 False
09:19:23.568 @POW002 10002
09:19:23.569 @POW003 FormAssBoard
09:19:23.571 @POW004 False
09:19:23.572 @POW005 False
09:19:23.573 @POW006 False
09:19:23.575 @POW007 False
09:19:23.576 @POW008 False
09:19:23.577 @POW009 False
09:19:23.578 @POW010 False
09:19:23.579 @POW011 False
09:19:23.581 @POW012 False
09:19:23.582 @POW013 False
09:19:23.583 @POW016 False
09:19:23.584 @POW017 False
09:19:23.587 @POW002 10002
09:19:23.588 @POW003 FormAssNewWork
09:19:23.589 @POW004 False
09:19:23.591 @POW005 False
09:19:23.592 @POW006 False
09:19:23.593 @POW007 False
09:19:23.595 @POW008 False
09:19:23.596 @POW009 False
09:19:23.597 @POW010 False
09:19:23.598 @POW011 False
09:19:23.599 @POW012 False
09:19:23.600 @POW013 False
09:19:23.602 @POW016 False
09:19:23.603 @POW017 False
09:19:23.605 @POW002 10002
09:19:23.606 @POW003 FormLEEBoard
09:19:23.608 @POW004 False
09:19:23.609 @POW005 False
09:19:23.610 @POW006 False
09:19:23.611 @POW007 False
09:19:23.613 @POW008 False
09:19:23.614 @POW009 False
09:19:23.615 @POW010 False
09:19:23.616 @POW011 False
09:19:23.617 @POW012 False
09:19:23.618 @POW013 False
09:19:23.619 @POW016 False
09:19:23.621 @POW017 False
09:19:23.623 @POW002 10002
09:19:23.624 @POW003 FormArt
09:19:23.626 @POW004 False
09:19:23.627 @POW005 False
09:19:23.628 @POW006 False
09:19:23.629 @POW007 False
09:19:23.630 @POW008 False
09:19:23.632 @POW009 False
09:19:23.633 @POW010 False
09:19:23.634 @POW011 False
09:19:23.635 @POW012 False
09:19:23.636 @POW013 False
09:19:23.637 @POW016 False
09:19:23.639 @POW017 False
09:19:23.641 @POW002 10002
09:19:23.642 @POW003 FormWages
09:19:23.644 @POW004 False
09:19:23.645 @POW005 False
09:19:23.646 @POW006 False
09:19:23.647 @POW007 False
09:19:23.649 @POW008 False
09:19:23.650 @POW009 False
09:19:23.651 @POW010 False
09:19:23.652 @POW011 False
09:19:23.653 @POW012 False
09:19:23.655 @POW013 False
09:19:23.656 @POW016 False
09:19:23.657 @POW017 False
09:19:23.659 @POW002 10002
09:19:23.660 @POW003 FormPurProductView
09:19:23.662 @POW004 False
09:19:23.663 @POW005 False
09:19:23.665 @POW006 False
09:19:23.666 @POW007 False
09:19:23.667 @POW008 False
09:19:23.668 @POW009 False
09:19:23.670 @POW010 False
09:19:23.671 @POW011 False
09:19:23.672 @POW012 False
09:19:23.673 @POW013 False
09:19:23.674 @POW016 False
09:19:23.676 @POW017 False
09:19:23.678 @POW002 10002
09:19:23.679 @POW003 FormBoarSet
09:19:23.680 @POW004 False
09:19:23.681 @POW005 False
09:19:23.683 @POW006 False
09:19:23.684 @POW007 False
09:19:23.685 @POW008 False
09:19:23.686 @POW009 False
09:19:23.688 @POW010 False
09:19:23.689 @POW011 False
09:19:23.690 @POW012 False
09:19:23.691 @POW013 False
09:19:23.692 @POW016 False
09:19:23.694 @POW017 False
09:19:23.696 @POW002 10002
09:19:23.697 @POW003 FormLEDNewsPaper
09:19:23.699 @POW004 False
09:19:23.700 @POW005 False
09:19:23.701 @POW006 False
09:19:23.702 @POW007 False
09:19:23.704 @POW008 False
09:19:23.705 @POW009 False
09:19:23.706 @POW010 False
09:19:23.707 @POW011 False
09:19:23.708 @POW012 False
09:19:23.710 @POW013 False
09:19:23.711 @POW016 False
09:19:23.712 @POW017 False
09:19:23.714 @POW002 10002
09:19:23.715 @POW003 FormPaintBoard
09:19:23.717 @POW004 False
09:19:23.718 @POW005 False
09:19:23.719 @POW006 False
09:19:23.720 @POW007 False
09:19:23.722 @POW008 False
09:19:23.724 @POW009 False
09:19:23.725 @POW010 False
09:19:23.726 @POW011 False
09:19:23.728 @POW012 False
09:19:23.729 @POW013 False
09:19:23.730 @POW016 False
09:19:23.731 @POW017 False
09:19:23.733 @POW002 10002
09:19:23.735 @POW003 FormMouldInformation
09:19:23.736 @POW004 False
09:19:23.737 @POW005 False
09:19:23.739 @POW006 True
09:19:23.740 @POW007 False
09:19:23.741 @POW008 False
09:19:23.742 @POW009 False
09:19:23.743 @POW010 False
09:19:23.744 @POW011 False
09:19:23.746 @POW012 False
09:19:23.747 @POW013 True
09:19:23.748 @POW016 False
09:19:23.749 @POW017 False
09:19:23.751 @POW002 10002
09:19:23.752 @POW003 FormProductPlanPreview
09:19:23.754 @POW004 False
09:19:23.755 @POW005 False
09:19:23.756 @POW006 False
09:19:23.757 @POW007 False
09:19:23.759 @POW008 False
09:19:23.760 @POW009 False
09:19:23.761 @POW010 False
09:19:23.762 @POW011 False
09:19:23.763 @POW012 False
09:19:23.765 @POW013 False
09:19:23.766 @POW016 False
09:19:23.767 @POW017 False
09:19:23.769 @POW002 10002
09:19:23.770 @POW003 FormHardBoard
09:19:23.772 @POW004 False
09:19:23.773 @POW005 False
09:19:23.774 @POW006 False
09:19:23.775 @POW007 False
09:19:23.776 @POW008 False
09:19:23.778 @POW009 False
09:19:23.779 @POW010 False
09:19:23.780 @POW011 False
09:19:23.781 @POW012 False
09:19:23.782 @POW013 False
09:19:23.783 @POW016 False
09:19:23.785 @POW017 False
09:19:23.787 @POW002 10002
09:19:23.788 @POW003 FormSupplierForMould
09:19:23.790 @POW004 False
09:19:23.791 @POW005 False
09:19:23.792 @POW006 False
09:19:23.794 @POW007 False
09:19:23.795 @POW008 False
09:19:23.796 @POW009 False
09:19:23.797 @POW010 False
09:19:23.799 @POW011 False
09:19:23.800 @POW012 False
09:19:23.801 @POW013 False
09:19:23.802 @POW016 False
09:19:23.803 @POW017 False
09:20:33.597  异常信息：由于连接方在一段时间后没有正确答复或连接的主机没有反应，连接尝试失败。 192.168.0.170:80
  堆栈信息:   在 AutoUpdate.AppUpdate.DownloadFile(String url, String localFilePath) 位置 D:\ProjectData\MiKe\LineProductMes\LineProductMes\ClassForMain\AppUpdate.cs:行号 239
   在 AutoUpdate.AppUpdate.CheckAppVersion(String& msg) 位置 D:\ProjectData\MiKe\LineProductMes\LineProductMes\ClassForMain\AppUpdate.cs:行号 310
09:20:42.544 @EMP002 系统管理员
09:20:42.546 @EMP033 cebfd1559b68d67688884d7a3d3e8c
09:21:09.916 @POW002 10002
09:21:09.918 @POW003 FormBoarSet
09:21:09.919 @POW004 False
09:21:09.920 @POW005 False
09:21:09.921 @POW006 False
09:21:09.923 @POW007 False
09:21:09.924 @POW008 False
09:21:09.925 @POW009 False
09:21:09.927 @POW010 False
09:21:09.928 @POW011 False
09:21:09.929 @POW012 False
09:21:09.930 @POW013 False
09:21:09.932 @POW016 False
09:21:09.933 @POW017 False
09:21:09.936 @POW002 10002
09:21:09.938 @POW003 FormLEGNews
09:21:09.939 @POW004 False
09:21:09.940 @POW005 False
09:21:09.941 @POW006 False
09:21:09.942 @POW007 False
09:21:09.944 @POW008 False
09:21:09.945 @POW009 False
09:21:09.946 @POW010 False
09:21:09.948 @POW011 False
09:21:09.949 @POW012 False
09:21:09.950 @POW013 False
09:21:09.951 @POW016 False
09:21:09.952 @POW017 False
09:21:09.954 @POW002 10002
09:21:09.956 @POW003 FormInjectionMolding
09:21:09.957 @POW004 False
09:21:09.958 @POW005 False
09:21:09.959 @POW006 False
09:21:09.961 @POW007 False
09:21:09.962 @POW008 False
09:21:09.963 @POW009 False
09:21:09.964 @POW010 False
09:21:09.965 @POW011 False
09:21:09.966 @POW012 False
09:21:09.968 @POW013 False
09:21:09.969 @POW016 False
09:21:09.970 @POW017 False
09:21:09.972 @POW002 10002
09:21:09.974 @POW003 FormPurchaseBoard
09:21:09.975 @POW004 False
09:21:09.976 @POW005 False
09:21:09.978 @POW006 False
09:21:09.979 @POW007 False
09:21:09.980 @POW008 False
09:21:09.983 @POW009 False
09:21:09.984 @POW010 False
09:21:09.985 @POW011 False
09:21:09.986 @POW012 False
09:21:09.988 @POW013 False
09:21:09.989 @POW016 False
09:21:09.990 @POW017 False
09:21:09.992 @POW002 10002
09:21:09.994 @POW003 FormProductPlanPreview
09:21:09.995 @POW004 False
09:21:09.996 @POW005 False
09:21:09.997 @POW006 False
09:21:09.998 @POW007 False
09:21:10.000 @POW008 False
09:21:10.001 @POW009 False
09:21:10.002 @POW010 False
09:21:10.003 @POW011 False
09:21:10.005 @POW012 False
09:21:10.006 @POW013 False
09:21:10.007 @POW016 False
09:21:10.009 @POW017 False
09:21:10.011 @POW002 10002
09:21:10.012 @POW003 FormHardBoard
09:21:10.013 @POW004 False
09:21:10.015 @POW005 False
09:21:10.016 @POW006 False
09:21:10.017 @POW007 False
09:21:10.018 @POW008 False
09:21:10.020 @POW009 False
09:21:10.021 @POW010 False
09:21:10.022 @POW011 False
09:21:10.024 @POW012 False
09:21:10.025 @POW013 False
09:21:10.026 @POW016 False
09:21:10.027 @POW017 False
09:21:10.029 @POW002 10002
09:21:10.030 @POW003 FormLEEBoard
09:21:10.032 @POW004 False
09:21:10.033 @POW005 False
09:21:10.034 @POW006 False
09:21:10.035 @POW007 False
09:21:10.037 @POW008 False
09:21:10.039 @POW009 False
09:21:10.040 @POW010 False
09:21:10.041 @POW011 False
09:21:10.042 @POW012 False
09:21:10.044 @POW013 False
09:21:10.045 @POW016 False
09:21:10.046 @POW017 False
09:21:10.048 @POW002 10002
09:21:10.049 @POW003 FormPurProductView
09:21:10.051 @POW004 False
09:21:10.052 @POW005 False
09:21:10.053 @POW006 False
09:21:10.054 @POW007 False
09:21:10.055 @POW008 False
09:21:10.056 @POW009 False
09:21:10.058 @POW010 False
09:21:10.059 @POW011 False
09:21:10.060 @POW012 False
09:21:10.061 @POW013 False
09:21:10.062 @POW016 False
09:21:10.063 @POW017 False
09:21:10.065 @POW002 10002
09:21:10.067 @POW003 FormLineForAssPlan
09:21:10.068 @POW004 False
09:21:10.069 @POW005 False
09:21:10.071 @POW006 False
09:21:10.072 @POW007 False
09:21:10.073 @POW008 False
09:21:10.075 @POW009 False
09:21:10.076 @POW010 False
09:21:10.077 @POW011 False
09:21:10.079 @POW012 False
09:21:10.080 @POW013 False
09:21:10.081 @POW016 False
09:21:10.082 @POW017 False
09:21:10.085 @POW002 10002
09:21:10.086 @POW003 FormAssNewWorkEnclosure
09:21:10.087 @POW004 False
09:21:10.088 @POW005 False
09:21:10.089 @POW006 False
09:21:10.091 @POW007 False
09:21:10.092 @POW008 False
09:21:10.093 @POW009 False
09:21:10.094 @POW010 False
09:21:10.096 @POW011 False
09:21:10.097 @POW012 False
09:21:10.098 @POW013 False
09:21:10.100 @POW016 False
09:21:10.101 @POW017 False
09:21:10.103 @POW002 10002
09:21:10.105 @POW003 FormPaintBoard
09:21:10.106 @POW004 False
09:21:10.107 @POW005 False
09:21:10.109 @POW006 False
09:21:10.110 @POW007 False
09:21:10.111 @POW008 False
09:21:10.112 @POW009 False
09:21:10.113 @POW010 False
09:21:10.114 @POW011 False
09:21:10.115 @POW012 False
09:21:10.116 @POW013 False
09:21:10.118 @POW016 False
09:21:10.119 @POW017 False
09:21:10.121 @POW002 10002
09:21:10.122 @POW003 FormInjectionBoard
09:21:10.124 @POW004 False
09:21:10.125 @POW005 False
09:21:10.127 @POW006 False
09:21:10.128 @POW007 False
09:21:10.129 @POW008 False
09:21:10.131 @POW009 False
09:21:10.132 @POW010 False
09:21:10.134 @POW011 False
09:21:10.135 @POW012 False
09:21:10.136 @POW013 False
09:21:10.137 @POW016 False
09:21:10.139 @POW017 False
09:21:10.141 @POW002 10002
09:21:10.143 @POW003 FormPaintNewspaper
09:21:10.144 @POW004 False
09:21:10.145 @POW005 False
09:21:10.146 @POW006 False
09:21:10.147 @POW007 False
09:21:10.149 @POW008 False
09:21:10.150 @POW009 False
09:21:10.151 @POW010 False
09:21:10.152 @POW011 False
09:21:10.153 @POW012 False
09:21:10.154 @POW013 False
09:21:10.155 @POW016 False
09:21:10.157 @POW017 False
09:21:10.159 @POW002 10002
09:21:10.160 @POW003 FormHardWareWork
09:21:10.161 @POW004 False
09:21:10.163 @POW005 False
09:21:10.164 @POW006 False
09:21:10.165 @POW007 False
09:21:10.166 @POW008 False
09:21:10.167 @POW009 False
09:21:10.168 @POW010 False
09:21:10.170 @POW011 False
09:21:10.171 @POW012 False
09:21:10.172 @POW013 False
09:21:10.173 @POW016 False
09:21:10.175 @POW017 False
09:21:10.177 @POW002 10002
09:21:10.178 @POW003 FormMachinePlat
09:21:10.180 @POW004 False
09:21:10.181 @POW005 False
09:21:10.182 @POW006 False
09:21:10.183 @POW007 False
09:21:10.184 @POW008 False
09:21:10.185 @POW009 False
09:21:10.186 @POW010 False
09:21:10.187 @POW011 False
09:21:10.189 @POW012 False
09:21:10.190 @POW013 False
09:21:10.191 @POW016 False
09:21:10.192 @POW017 False
09:21:10.195 @POW002 10002
09:21:10.196 @POW003 FormWages
09:21:10.197 @POW004 False
09:21:10.199 @POW005 False
09:21:10.200 @POW006 False
09:21:10.201 @POW007 False
09:21:10.202 @POW008 False
09:21:10.203 @POW009 False
09:21:10.205 @POW010 False
09:21:10.206 @POW011 False
09:21:10.207 @POW012 False
09:21:10.208 @POW013 False
09:21:10.210 @POW016 False
09:21:10.211 @POW017 False
09:21:10.213 @POW002 10002
09:21:10.214 @POW003 FormLEGBoard
09:21:10.216 @POW004 False
09:21:10.217 @POW005 False
09:21:10.218 @POW006 False
09:21:10.219 @POW007 False
09:21:10.220 @POW008 False
09:21:10.222 @POW009 False
09:21:10.223 @POW010 False
09:21:10.225 @POW011 False
09:21:10.227 @POW012 False
09:21:10.228 @POW013 False
09:21:10.229 @POW016 False
09:21:10.230 @POW017 False
09:21:10.233 @POW002 10002
09:21:10.234 @POW003 FormLEDNewsPaper
09:21:10.236 @POW004 False
09:21:10.237 @POW005 False
09:21:10.238 @POW006 False
09:21:10.240 @POW007 False
09:21:10.241 @POW008 False
09:21:10.242 @POW009 False
09:21:10.243 @POW010 False
09:21:10.245 @POW011 False
09:21:10.246 @POW012 False
09:21:10.247 @POW013 False
09:21:10.248 @POW016 False
09:21:10.250 @POW017 False
09:21:10.252 @POW002 10002
09:21:10.254 @POW003 FormLogisticsNew
09:21:10.255 @POW004 False
09:21:10.257 @POW005 False
09:21:10.258 @POW006 False
09:21:10.259 @POW007 False
09:21:10.261 @POW008 False
09:21:10.262 @POW009 False
09:21:10.264 @POW010 False
09:21:10.265 @POW011 False
09:21:10.266 @POW012 False
09:21:10.268 @POW013 False
09:21:10.269 @POW016 False
09:21:10.271 @POW017 False
09:21:10.273 @POW002 10002
09:21:10.274 @POW003 FormSemiPlanView
09:21:10.276 @POW004 False
09:21:10.277 @POW005 False
09:21:10.278 @POW006 False
09:21:10.279 @POW007 False
09:21:10.280 @POW008 False
09:21:10.281 @POW009 False
09:21:10.283 @POW010 False
09:21:10.284 @POW011 False
09:21:10.285 @POW012 False
09:21:10.286 @POW013 False
09:21:10.288 @POW016 False
09:21:10.289 @POW017 False
09:21:10.291 @POW002 10002
09:21:10.293 @POW003 FormArt
09:21:10.294 @POW004 False
09:21:10.295 @POW005 False
09:21:10.296 @POW006 False
09:21:10.297 @POW007 False
09:21:10.299 @POW008 False
09:21:10.300 @POW009 False
09:21:10.301 @POW010 False
09:21:10.302 @POW011 False
09:21:10.303 @POW012 False
09:21:10.305 @POW013 False
09:21:10.306 @POW016 False
09:21:10.307 @POW017 False
09:21:10.309 @POW002 10002
09:21:10.310 @POW003 FormAssNewWork
09:21:10.311 @POW004 False
09:21:10.313 @POW005 False
09:21:10.314 @POW006 False
09:21:10.315 @POW007 False
09:21:10.316 @POW008 False
09:21:10.317 @POW009 False
09:21:10.318 @POW010 False
09:21:10.320 @POW011 False
09:21:10.321 @POW012 False
09:21:10.322 @POW013 False
09:21:10.323 @POW016 False
09:21:10.324 @POW017 False
09:21:10.327 @POW002 10002
09:21:10.328 @POW003 FormAssBoard
09:21:10.329 @POW004 False
09:21:10.330 @POW005 False
09:21:10.332 @POW006 False
09:21:10.333 @POW007 False
09:21:10.334 @POW008 False
09:21:10.335 @POW009 False
09:21:10.336 @POW010 False
09:21:10.337 @POW011 False
09:21:10.338 @POW012 False
09:21:10.339 @POW013 False
09:21:10.341 @POW016 False
09:21:10.342 @POW017 False
09:21:10.344 @POW002 10002
09:21:10.345 @POW003 FormEmployee
09:21:10.347 @POW004 True
09:21:10.348 @POW005 True
09:21:10.349 @POW006 True
09:21:10.351 @POW007 True
09:21:10.352 @POW008 False
09:21:10.353 @POW009 False
09:21:10.354 @POW010 False
09:21:10.355 @POW011 False
09:21:10.356 @POW012 False
09:21:10.358 @POW013 True
09:21:10.359 @POW016 False
09:21:10.360 @POW017 False
09:21:10.363 @POW002 10002
09:21:10.364 @POW003 FormMouldInformation
09:21:10.365 @POW004 False
09:21:10.366 @POW005 False
09:21:10.368 @POW006 False
09:21:10.369 @POW007 False
09:21:10.370 @POW008 False
09:21:10.371 @POW009 False
09:21:10.372 @POW010 False
09:21:10.373 @POW011 False
09:21:10.375 @POW012 False
09:21:10.376 @POW013 False
09:21:10.377 @POW016 False
09:21:10.378 @POW017 False
09:21:10.381 @POW002 10002
09:21:10.382 @POW003 FormSupplierForMould
09:21:10.383 @POW004 False
09:21:10.384 @POW005 False
09:21:10.385 @POW006 False
09:21:10.387 @POW007 False
09:21:10.388 @POW008 False
09:21:10.389 @POW009 False
09:21:10.390 @POW010 False
09:21:10.391 @POW011 False
09:21:10.392 @POW012 False
09:21:10.394 @POW013 False
09:21:10.395 @POW016 False
09:21:10.396 @POW017 False
09:21:18.395 @POW002 10002
09:21:18.397 @POW003 FormHardWareWork
09:21:18.398 @POW004 False
09:21:18.400 @POW005 False
09:21:18.401 @POW006 False
09:21:18.403 @POW007 False
09:21:18.405 @POW008 False
09:21:18.407 @POW009 False
09:21:18.408 @POW010 False
09:21:18.410 @POW011 False
09:21:18.412 @POW012 False
09:21:18.413 @POW013 False
09:21:18.415 @POW016 False
09:21:18.416 @POW017 False
09:21:18.418 @idx 71
09:21:18.426 @POW002 10002
09:21:18.428 @POW003 FormPaintNewspaper
09:21:18.429 @POW004 False
09:21:18.431 @POW005 False
09:21:18.432 @POW006 False
09:21:18.433 @POW007 False
09:21:18.435 @POW008 False
09:21:18.436 @POW009 False
09:21:18.437 @POW010 False
09:21:18.438 @POW011 False
09:21:18.439 @POW012 False
09:21:18.440 @POW013 False
09:21:18.442 @POW016 False
09:21:18.443 @POW017 False
09:21:18.444 @idx 70
09:21:18.447 @POW002 10002
09:21:18.448 @POW003 FormLEDNewsPaper
09:21:18.449 @POW004 False
09:21:18.450 @POW005 False
09:21:18.452 @POW006 False
09:21:18.453 @POW007 False
09:21:18.454 @POW008 False
09:21:18.456 @POW009 False
09:21:18.457 @POW010 False
09:21:18.458 @POW011 False
09:21:18.459 @POW012 False
09:21:18.460 @POW013 False
09:21:18.462 @POW016 False
09:21:18.463 @POW017 False
09:21:18.464 @idx 75
09:21:18.466 @POW002 10002
09:21:18.468 @POW003 FormLEGBoard
09:21:18.469 @POW004 False
09:21:18.470 @POW005 False
09:21:18.471 @POW006 False
09:21:18.473 @POW007 False
09:21:18.474 @POW008 False
09:21:18.475 @POW009 False
09:21:18.476 @POW010 False
09:21:18.478 @POW011 False
09:21:18.479 @POW012 False
09:21:18.480 @POW013 False
09:21:18.482 @POW016 False
09:21:18.483 @POW017 False
09:21:18.485 @idx 74
09:21:18.487 @POW002 10002
09:21:18.488 @POW003 FormAssBoard
09:21:18.489 @POW004 False
09:21:18.491 @POW005 False
09:21:18.492 @POW006 False
09:21:18.493 @POW007 False
09:21:18.494 @POW008 False
09:21:18.496 @POW009 False
09:21:18.497 @POW010 False
09:21:18.498 @POW011 False
09:21:18.499 @POW012 False
09:21:18.500 @POW013 False
09:21:18.502 @POW016 False
09:21:18.503 @POW017 False
09:21:18.504 @idx 80
09:21:18.507 @POW002 10002
09:21:18.508 @POW003 FormLEEBoard
09:21:18.509 @POW004 False
09:21:18.510 @POW005 False
09:21:18.511 @POW006 False
09:21:18.515 @POW007 False
09:21:18.516 @POW008 False
09:21:18.517 @POW009 False
09:21:18.518 @POW010 False
09:21:18.519 @POW011 False
09:21:18.521 @POW012 False
09:21:18.522 @POW013 False
09:21:18.523 @POW016 False
09:21:18.525 @POW017 False
09:21:18.526 @idx 64
09:21:18.528 @POW002 10002
09:21:18.529 @POW003 FormEmployee
09:21:18.531 @POW004 False
09:21:18.532 @POW005 False
09:21:18.534 @POW006 False
09:21:18.535 @POW007 False
09:21:18.536 @POW008 False
09:21:18.537 @POW009 False
09:21:18.538 @POW010 False
09:21:18.539 @POW011 False
09:21:18.541 @POW012 False
09:21:18.542 @POW013 True
09:21:18.543 @POW016 False
09:21:18.544 @POW017 False
09:21:18.546 @idx 81
09:21:18.548 @POW002 10002
09:21:18.549 @POW003 FormLogisticsNew
09:21:18.551 @POW004 False
09:21:18.552 @POW005 False
09:21:18.553 @POW006 False
09:21:18.554 @POW007 False
09:21:18.555 @POW008 False
09:21:18.556 @POW009 False
09:21:18.557 @POW010 False
09:21:18.559 @POW011 False
09:21:18.560 @POW012 False
09:21:18.561 @POW013 False
09:21:18.562 @POW016 False
09:21:18.563 @POW017 False
09:21:18.564 @idx 76
09:21:18.567 @POW002 10002
09:21:18.568 @POW003 FormProductPlanPreview
09:21:18.569 @POW004 False
09:21:18.570 @POW005 False
09:21:18.571 @POW006 False
09:21:18.572 @POW007 False
09:21:18.574 @POW008 False
09:21:18.575 @POW009 False
09:21:18.576 @POW010 False
09:21:18.577 @POW011 False
09:21:18.579 @POW012 False
09:21:18.580 @POW013 False
09:21:18.581 @POW016 False
09:21:18.583 @POW017 False
09:21:18.584 @idx 62
09:21:18.586 @POW002 10002
09:21:18.588 @POW003 FormArt
09:21:18.589 @POW004 False
09:21:18.590 @POW005 False
09:21:18.591 @POW006 False
09:21:18.592 @POW007 False
09:21:18.593 @POW008 False
09:21:18.595 @POW009 False
09:21:18.596 @POW010 False
09:21:18.597 @POW011 False
09:21:18.599 @POW012 False
09:21:18.600 @POW013 False
09:21:18.601 @POW016 False
09:21:18.602 @POW017 False
09:21:18.603 @idx 78
09:21:18.606 @POW002 10002
09:21:18.608 @POW003 FormAssNewWorkEnclosure
09:21:18.609 @POW004 False
09:21:18.610 @POW005 False
09:21:18.612 @POW006 False
09:21:18.613 @POW007 False
09:21:18.614 @POW008 False
09:21:18.615 @POW009 False
09:21:18.617 @POW010 False
09:21:18.618 @POW011 False
09:21:18.619 @POW012 False
09:21:18.620 @POW013 False
09:21:18.621 @POW016 False
09:21:18.622 @POW017 False
09:21:18.624 @idx 67
09:21:18.626 @POW002 10002
09:21:18.627 @POW003 FormSemiPlanView
09:21:18.628 @POW004 False
09:21:18.630 @POW005 False
09:21:18.631 @POW006 False
09:21:18.633 @POW007 False
09:21:18.634 @POW008 False
09:21:18.635 @POW009 False
09:21:18.636 @POW010 False
09:21:18.638 @POW011 False
09:21:18.639 @POW012 False
09:21:18.641 @POW013 False
09:21:18.642 @POW016 False
09:21:18.643 @POW017 False
09:21:18.645 @idx 77
09:21:18.647 @POW002 10002
09:21:18.648 @POW003 FormPurProductView
09:21:18.649 @POW004 False
09:21:18.651 @POW005 False
09:21:18.652 @POW006 False
09:21:18.654 @POW007 False
09:21:18.655 @POW008 False
09:21:18.656 @POW009 False
09:21:18.657 @POW010 False
09:21:18.658 @POW011 False
09:21:18.660 @POW012 False
09:21:18.661 @POW013 False
09:21:18.662 @POW016 False
09:21:18.663 @POW017 False
09:21:18.665 @idx 65
09:21:18.667 @POW002 10002
09:21:18.668 @POW003 FormSupplierForMould
09:21:18.669 @POW004 False
09:21:18.671 @POW005 False
09:21:18.672 @POW006 False
09:21:18.673 @POW007 False
09:21:18.674 @POW008 False
09:21:18.675 @POW009 False
09:21:18.676 @POW010 False
09:21:18.678 @POW011 False
09:21:18.679 @POW012 False
09:21:18.680 @POW013 False
09:21:18.681 @POW016 False
09:21:18.683 @POW017 False
09:21:18.684 @idx 83
09:21:18.686 @POW002 10002
09:21:18.688 @POW003 FormPaintBoard
09:21:18.689 @POW004 False
09:21:18.690 @POW005 False
09:21:18.691 @POW006 False
09:21:18.692 @POW007 False
09:21:18.693 @POW008 False
09:21:18.694 @POW009 False
09:21:18.696 @POW010 False
09:21:18.697 @POW011 False
09:21:18.698 @POW012 False
09:21:18.699 @POW013 False
09:21:18.700 @POW016 False
09:21:18.702 @POW017 False
09:21:18.703 @idx 68
09:21:18.705 @POW002 10002
09:21:18.706 @POW003 FormPurchaseBoard
09:21:18.707 @POW004 False
09:21:18.709 @POW005 False
09:21:18.710 @POW006 False
09:21:18.711 @POW007 False
09:21:18.713 @POW008 False
09:21:18.714 @POW009 False
09:21:18.715 @POW010 False
09:21:18.716 @POW011 False
09:21:18.717 @POW012 False
09:21:18.718 @POW013 False
09:21:18.719 @POW016 False
09:21:18.721 @POW017 False
09:21:18.722 @idx 61
09:21:18.724 @POW002 10002
09:21:18.725 @POW003 FormInjectionBoard
09:21:18.727 @POW004 False
09:21:18.728 @POW005 False
09:21:18.729 @POW006 False
09:21:18.731 @POW007 False
09:21:18.732 @POW008 False
09:21:18.734 @POW009 False
09:21:18.735 @POW010 False
09:21:18.736 @POW011 False
09:21:18.737 @POW012 False
09:21:18.739 @POW013 False
09:21:18.740 @POW016 False
09:21:18.741 @POW017 False
09:21:18.743 @idx 69
09:21:18.745 @POW002 10002
09:21:18.746 @POW003 FormBoarSet
09:21:18.747 @POW004 False
09:21:18.749 @POW005 False
09:21:18.750 @POW006 False
09:21:18.751 @POW007 False
09:21:18.752 @POW008 False
09:21:18.753 @POW009 False
09:21:18.754 @POW010 False
09:21:18.756 @POW011 False
09:21:18.757 @POW012 False
09:21:18.758 @POW013 False
09:21:18.759 @POW016 False
09:21:18.760 @POW017 False
09:21:18.762 @idx 58
09:21:18.764 @POW002 10002
09:21:18.765 @POW003 FormHardBoard
09:21:18.766 @POW004 False
09:21:18.768 @POW005 False
09:21:18.769 @POW006 False
09:21:18.770 @POW007 False
09:21:18.771 @POW008 False
09:21:18.772 @POW009 False
09:21:18.773 @POW010 False
09:21:18.774 @POW011 False
09:21:18.775 @POW012 False
09:21:18.777 @POW013 False
09:21:18.778 @POW016 False
09:21:18.779 @POW017 False
09:21:18.780 @idx 63
09:21:18.782 @POW002 10002
09:21:18.784 @POW003 FormAssNewWork
09:21:18.785 @POW004 False
09:21:18.786 @POW005 False
09:21:18.787 @POW006 False
09:21:18.788 @POW007 False
09:21:18.789 @POW008 False
09:21:18.791 @POW009 False
09:21:18.792 @POW010 False
09:21:18.793 @POW011 False
09:21:18.794 @POW012 False
09:21:18.796 @POW013 False
09:21:18.797 @POW016 False
09:21:18.798 @POW017 False
09:21:18.799 @idx 79
09:21:18.802 @POW002 10002
09:21:18.803 @POW003 FormInjectionMolding
09:21:18.804 @POW004 False
09:21:18.805 @POW005 False
09:21:18.807 @POW006 False
09:21:18.808 @POW007 False
09:21:18.809 @POW008 False
09:21:18.810 @POW009 False
09:21:18.812 @POW010 False
09:21:18.813 @POW011 False
09:21:18.815 @POW012 False
09:21:18.816 @POW013 False
09:21:18.817 @POW016 False
09:21:18.819 @POW017 False
09:21:18.820 @idx 60
09:21:18.823 @POW002 10002
09:21:18.824 @POW003 FormMouldInformation
09:21:18.826 @POW004 False
09:21:18.827 @POW005 False
09:21:18.828 @POW006 False
09:21:18.829 @POW007 False
09:21:18.831 @POW008 False
09:21:18.832 @POW009 False
09:21:18.833 @POW010 False
09:21:18.834 @POW011 False
09:21:18.835 @POW012 False
09:21:18.837 @POW013 False
09:21:18.838 @POW016 False
09:21:18.839 @POW017 False
09:21:18.840 @idx 82
09:21:18.842 @POW002 10002
09:21:18.843 @POW003 FormLineForAssPlan
09:21:18.845 @POW004 False
09:21:18.846 @POW005 False
09:21:18.847 @POW006 False
09:21:18.848 @POW007 False
09:21:18.850 @POW008 False
09:21:18.851 @POW009 False
09:21:18.852 @POW010 False
09:21:18.854 @POW011 False
09:21:18.855 @POW012 False
09:21:18.856 @POW013 False
09:21:18.858 @POW016 False
09:21:18.859 @POW017 False
09:21:18.860 @idx 66
09:21:18.862 @POW002 10002
09:21:18.864 @POW003 FormWages
09:21:18.865 @POW004 False
09:21:18.866 @POW005 False
09:21:18.867 @POW006 False
09:21:18.868 @POW007 False
09:21:18.869 @POW008 False
09:21:18.870 @POW009 False
09:21:18.872 @POW010 False
09:21:18.873 @POW011 False
09:21:18.874 @POW012 False
09:21:18.875 @POW013 False
09:21:18.876 @POW016 False
09:21:18.878 @POW017 False
09:21:18.879 @idx 73
09:21:18.884 @POW002 10002
09:21:18.885 @POW003 FormLEGNews
09:21:18.887 @POW004 False
09:21:18.888 @POW005 False
09:21:18.889 @POW006 False
09:21:18.890 @POW007 False
09:21:18.891 @POW008 False
09:21:18.892 @POW009 False
09:21:18.893 @POW010 False
09:21:18.895 @POW011 False
09:21:18.896 @POW012 False
09:21:18.897 @POW013 False
09:21:18.898 @POW016 False
09:21:18.900 @POW017 False
09:21:18.901 @idx 59
09:21:18.903 @POW002 10002
09:21:18.904 @POW003 FormMachinePlat
09:21:18.905 @POW004 False
09:21:18.907 @POW005 False
09:21:18.908 @POW006 False
09:21:18.909 @POW007 False
09:21:18.911 @POW008 False
09:21:18.912 @POW009 False
09:21:18.913 @POW010 False
09:21:18.915 @POW011 False
09:21:18.916 @POW012 False
09:21:18.917 @POW013 False
09:21:18.919 @POW016 False
09:21:18.920 @POW017 False
09:21:18.921 @idx 72
09:36:59.266  异常信息：由于连接方在一段时间后没有正确答复或连接的主机没有反应，连接尝试失败。 192.168.0.170:80
  堆栈信息:   在 AutoUpdate.AppUpdate.DownloadFile(String url, String localFilePath) 位置 D:\ProjectData\MiKe\LineProductMes\LineProductMes\ClassForMain\AppUpdate.cs:行号 239
   在 AutoUpdate.AppUpdate.CheckAppVersion(String& msg) 位置 D:\ProjectData\MiKe\LineProductMes\LineProductMes\ClassForMain\AppUpdate.cs:行号 310
09:37:05.503 @EMP002 系统管理员
09:37:05.505 @EMP033 cebfd1559b68d67688884d7a3d3e8c
09:39:19.839  异常信息：由于连接方在一段时间后没有正确答复或连接的主机没有反应，连接尝试失败。 192.168.0.170:80
  堆栈信息:   在 AutoUpdate.AppUpdate.DownloadFile(String url, String localFilePath) 位置 D:\ProjectData\MiKe\LineProductMes\LineProductMes\ClassForMain\AppUpdate.cs:行号 239
   在 AutoUpdate.AppUpdate.CheckAppVersion(String& msg) 位置 D:\ProjectData\MiKe\LineProductMes\LineProductMes\ClassForMain\AppUpdate.cs:行号 310
09:39:26.717 @EMP002 系统管理员
09:39:26.719 @EMP033 cebfd1559b68d67688884d7a3d3e8c
10:24:04.931  异常信息：由于连接方在一段时间后没有正确答复或连接的主机没有反应，连接尝试失败。 192.168.0.170:80
  堆栈信息:   在 AutoUpdate.AppUpdate.DownloadFile(String url, String localFilePath) 位置 D:\ProjectData\MiKe\LineProductMes\LineProductMes\ClassForMain\AppUpdate.cs:行号 239
   在 AutoUpdate.AppUpdate.CheckAppVersion(String& msg) 位置 D:\ProjectData\MiKe\LineProductMes\LineProductMes\ClassForMain\AppUpdate.cs:行号 310
10:24:11.855 @EMP002 系统管理员
10:24:11.855 @EMP033 cebfd1559b68d67688884d7a3d3e8c
10:34:20.366  异常信息：由于连接方在一段时间后没有正确答复或连接的主机没有反应，连接尝试失败。 192.168.0.170:80
  堆栈信息:   在 AutoUpdate.AppUpdate.DownloadFile(String url, String localFilePath) 位置 D:\ProjectData\MiKe\LineProductMes\LineProductMes\ClassForMain\AppUpdate.cs:行号 239
   在 AutoUpdate.AppUpdate.CheckAppVersion(String& msg) 位置 D:\ProjectData\MiKe\LineProductMes\LineProductMes\ClassForMain\AppUpdate.cs:行号 310
10:34:27.895 @EMP002 系统管理员
10:34:27.895 @EMP033 cebfd1559b68d67688884d7a3d3e8c
