09:24:16.425 @EMP002 系统管理员
09:24:16.456 @EMP033 cebfd1559b68d67688884d7a3d3e8c
09:56:37.846 @EMP002 系统管理员
09:56:37.847 @EMP033 cebfd1559b68d67688884d7a3d3e8c
09:58:52.472 @ANW001 20181115001
09:58:52.472 @ANW020 False
10:02:44.801 @ANW001 20181116001
10:02:44.801 @ANW002 GD201811140004
10:02:44.801 @ANW003 JYLF66-S
10:02:44.801 @ANW004 JYLF66-S-PTC+LED+换气+吹风+数显-3060
10:02:44.801 @ANW005 2480W
10:02:44.802 @ANW006 500
10:02:44.802 @ANW007 台
10:02:44.802 @ANW008 4.2
10:02:44.802 @ANW009 500
10:02:44.802 @ANW010 0507
10:02:44.802 @ANW011 总装车间
10:02:44.803 @ANW012 050701
10:02:44.803 @ANW013 1线
10:02:44.803 @ANW014 计件
10:02:44.803 @ANW015 2018/11/16 8:00:00
10:02:44.803 @ANW016 2018/11/16 17:00:00
10:02:44.804 @ANW017 
10:02:44.804 @ANW018 
10:02:44.804 @ANW019 
10:02:44.804 @ANW020 False
10:02:44.804 @ANW021 False
10:02:44.804 @ANW022 2018/11/16 0:00:00
10:02:44.804 @ANW023 0.5
10:02:44.804 @ANW024 0.5
10:02:44.828 @ANX001 20181116001
10:02:44.828 @ANX002 10140
10:02:44.828 @ANX003 刘兴贵
10:02:44.829 @ANX004 装配工
10:02:44.829 @ANX005 2018/11/16 8:00:00
10:02:44.829 @ANX006 2018/11/16 17:00:00
10:02:44.829 @ANX007 
10:02:44.829 @ANX008 
10:02:44.829 @ANX009 0
10:02:44.829 @ANX010 0
10:02:44.829 @ANX011 在职
10:02:44.830 @ANX012 
10:02:44.830 @ANX013 
10:02:44.830 @ANX014 1线
10:02:44.830 @ANX015 8.5
10:02:44.830 @ANX016 0
10:02:44.830 @ANX017 0
10:02:44.835 @ANX001 20181116001
10:02:44.835 @ANX002 10141
10:02:44.835 @ANX003 王振宇
10:02:44.835 @ANX004 装配工
10:02:44.835 @ANX005 2018/11/16 8:00:00
10:02:44.836 @ANX006 2018/11/16 17:00:00
10:02:44.836 @ANX007 
10:02:44.836 @ANX008 
10:02:44.836 @ANX009 0
10:02:44.836 @ANX010 0
10:02:44.836 @ANX011 在职
10:02:44.837 @ANX012 
10:02:44.837 @ANX013 
10:02:44.837 @ANX014 1线
10:02:44.837 @ANX015 8.5
10:02:44.837 @ANX016 0
10:02:44.837 @ANX017 0
10:02:44.839 @ANX001 20181116001
10:02:44.840 @ANX002 10142
10:02:44.840 @ANX003 钟成菊
10:02:44.841 @ANX004 装配工
10:02:44.841 @ANX005 2018/11/16 8:00:00
10:02:44.842 @ANX006 2018/11/16 17:00:00
10:02:44.842 @ANX007 
10:02:44.842 @ANX008 
10:02:44.842 @ANX009 0
10:02:44.842 @ANX010 0
10:02:44.842 @ANX011 在职
10:02:44.842 @ANX012 
10:02:44.843 @ANX013 
10:02:44.843 @ANX014 1线
10:02:44.843 @ANX015 8.5
10:02:44.843 @ANX016 0
10:02:44.843 @ANX017 0
10:02:44.845 @ANX001 20181116001
10:02:44.845 @ANX002 10143
10:02:44.845 @ANX003 赵成鹏
10:02:44.846 @ANX004 装配工
10:02:44.846 @ANX005 2018/11/16 8:00:00
10:02:44.846 @ANX006 2018/11/16 17:00:00
10:02:44.846 @ANX007 
10:02:44.846 @ANX008 
10:02:44.847 @ANX009 0
10:02:44.847 @ANX010 0
10:02:44.847 @ANX011 在职
10:02:44.847 @ANX012 
10:02:44.847 @ANX013 
10:02:44.848 @ANX014 1线
10:02:44.848 @ANX015 8.5
10:02:44.848 @ANX016 0
10:02:44.848 @ANX017 0
10:02:44.851 @ANX001 20181116001
10:02:44.851 @ANX002 10144
10:02:44.851 @ANX003 何万华
10:02:44.851 @ANX004 装配工
10:02:44.851 @ANX005 2018/11/16 8:00:00
10:02:44.851 @ANX006 2018/11/16 17:00:00
10:02:44.852 @ANX007 
10:02:44.852 @ANX008 
10:02:44.852 @ANX009 0
10:02:44.852 @ANX010 0
10:02:44.852 @ANX011 在职
10:02:44.852 @ANX012 
10:02:44.852 @ANX013 
10:02:44.852 @ANX014 1线
10:02:44.853 @ANX015 8.5
10:02:44.853 @ANX016 0
10:02:44.853 @ANX017 0
10:02:44.855 @ANX001 20181116001
10:02:44.855 @ANX002 10145
10:02:44.855 @ANX003 严云芹
10:02:44.855 @ANX004 装配工
10:02:44.855 @ANX005 2018/11/16 8:00:00
10:02:44.855 @ANX006 2018/11/16 17:00:00
10:02:44.856 @ANX007 
10:02:44.856 @ANX008 
10:02:44.856 @ANX009 0
10:02:44.856 @ANX010 0
10:02:44.856 @ANX011 在职
10:02:44.856 @ANX012 
10:02:44.856 @ANX013 
10:02:44.856 @ANX014 1线
10:02:44.857 @ANX015 8.5
10:02:44.857 @ANX016 0
10:02:44.857 @ANX017 0
10:02:44.858 @ANX001 20181116001
10:02:44.858 @ANX002 10146
10:02:44.858 @ANX003 马小千
10:02:44.859 @ANX004 装配工
10:02:44.859 @ANX005 2018/11/16 8:00:00
10:02:44.859 @ANX006 2018/11/16 17:00:00
10:02:44.859 @ANX007 
10:02:44.859 @ANX008 
10:02:44.859 @ANX009 0
10:02:44.859 @ANX010 0
10:02:44.860 @ANX011 在职
10:02:44.860 @ANX012 
10:02:44.860 @ANX013 
10:02:44.860 @ANX014 1线
10:02:44.860 @ANX015 8.5
10:02:44.860 @ANX016 0
10:02:44.860 @ANX017 0
10:02:44.862 @ANX001 20181116001
10:02:44.863 @ANX002 10147
10:02:44.863 @ANX003 周顺
10:02:44.863 @ANX004 装配工
10:02:44.863 @ANX005 2018/11/16 8:00:00
10:02:44.864 @ANX006 2018/11/16 17:00:00
10:02:44.864 @ANX007 
10:02:44.864 @ANX008 
10:02:44.864 @ANX009 0
10:02:44.864 @ANX010 0
10:02:44.865 @ANX011 在职
10:02:44.865 @ANX012 
10:02:44.865 @ANX013 
10:02:44.865 @ANX014 1线
10:02:44.865 @ANX015 8.5
10:02:44.866 @ANX016 0
10:02:44.866 @ANX017 0
10:02:44.867 @ANX001 20181116001
10:02:44.867 @ANX002 10148
10:02:44.867 @ANX003 龙付咪
10:02:44.868 @ANX004 装配工
10:02:44.868 @ANX005 2018/11/16 8:00:00
10:02:44.868 @ANX006 2018/11/16 17:00:00
10:02:44.868 @ANX007 
10:02:44.868 @ANX008 
10:02:44.869 @ANX009 0
10:02:44.869 @ANX010 0
10:02:44.869 @ANX011 在职
10:02:44.869 @ANX012 
10:02:44.869 @ANX013 
10:02:44.870 @ANX014 1线
10:02:44.870 @ANX015 8.5
10:02:44.870 @ANX016 0
10:02:44.870 @ANX017 0
10:02:44.872 @ANX001 20181116001
10:02:44.872 @ANX002 10150
10:02:44.872 @ANX003 刘高发
10:02:44.872 @ANX004 装配工
10:02:44.872 @ANX005 2018/11/16 8:00:00
10:02:44.873 @ANX006 2018/11/16 17:00:00
10:02:44.873 @ANX007 
10:02:44.873 @ANX008 
10:02:44.873 @ANX009 0
10:02:44.873 @ANX010 0
10:02:44.873 @ANX011 在职
10:02:44.873 @ANX012 
10:02:44.874 @ANX013 
10:02:44.874 @ANX014 1线
10:02:44.874 @ANX015 8.5
10:02:44.874 @ANX016 0
10:02:44.874 @ANX017 0
10:02:44.876 @ANX001 20181116001
10:02:44.876 @ANX002 10151
10:02:44.876 @ANX003 吴张英
10:02:44.876 @ANX004 装配工
10:02:44.877 @ANX005 2018/11/16 8:00:00
10:02:44.877 @ANX006 2018/11/16 17:00:00
10:02:44.877 @ANX007 
10:02:44.877 @ANX008 
10:02:44.877 @ANX009 0
10:02:44.877 @ANX010 0
10:02:44.877 @ANX011 在职
10:02:44.878 @ANX012 
10:02:44.878 @ANX013 
10:02:44.878 @ANX014 1线
10:02:44.878 @ANX015 8.5
10:02:44.878 @ANX016 0
10:02:44.879 @ANX017 0
10:02:44.881 @ANX001 20181116001
10:02:44.881 @ANX002 10152
10:02:44.881 @ANX003 杨犁
10:02:44.881 @ANX004 装配工
10:02:44.882 @ANX005 2018/11/16 8:00:00
10:02:44.882 @ANX006 2018/11/16 17:00:00
10:02:44.882 @ANX007 
10:02:44.882 @ANX008 
10:02:44.882 @ANX009 0
10:02:44.883 @ANX010 0
10:02:44.883 @ANX011 在职
10:02:44.883 @ANX012 
10:02:44.883 @ANX013 
10:02:44.883 @ANX014 1线
10:02:44.883 @ANX015 8.5
10:02:44.884 @ANX016 0
10:02:44.884 @ANX017 0
10:02:44.885 @ANX001 20181116001
10:02:44.885 @ANX002 10153
10:02:44.886 @ANX003 熊洪才
10:02:44.886 @ANX004 装配工
10:02:44.886 @ANX005 2018/11/16 8:00:00
10:02:44.886 @ANX006 2018/11/16 17:00:00
10:02:44.886 @ANX007 
10:02:44.887 @ANX008 
10:02:44.887 @ANX009 0
10:02:44.887 @ANX010 0
10:02:44.887 @ANX011 在职
10:02:44.888 @ANX012 
10:02:44.888 @ANX013 
10:02:44.888 @ANX014 1线
10:02:44.888 @ANX015 8.5
10:02:44.888 @ANX016 0
10:02:44.888 @ANX017 0
10:02:44.890 @ANX001 20181116001
10:02:44.890 @ANX002 10154
10:02:44.890 @ANX003 代开容
10:02:44.891 @ANX004 装配工
10:02:44.891 @ANX005 2018/11/16 8:00:00
10:02:44.891 @ANX006 2018/11/16 17:00:00
10:02:44.891 @ANX007 
10:02:44.891 @ANX008 
10:02:44.891 @ANX009 0
10:02:44.891 @ANX010 0
10:02:44.892 @ANX011 在职
10:02:44.892 @ANX012 
10:02:44.892 @ANX013 
10:02:44.892 @ANX014 1线
10:02:44.892 @ANX015 8.5
10:02:44.892 @ANX016 0
10:02:44.892 @ANX017 0
10:02:44.894 @ANX001 20181116001
10:02:44.894 @ANX002 10155
10:02:44.894 @ANX003 尹宗丹
10:02:44.894 @ANX004 装配工
10:02:44.895 @ANX005 2018/11/16 8:00:00
10:02:44.895 @ANX006 2018/11/16 17:00:00
10:02:44.895 @ANX007 
10:02:44.895 @ANX008 
10:02:44.895 @ANX009 0
10:02:44.895 @ANX010 0
10:02:44.895 @ANX011 在职
10:02:44.896 @ANX012 
10:02:44.896 @ANX013 
10:02:44.896 @ANX014 1线
10:02:44.896 @ANX015 8.5
10:02:44.896 @ANX016 0
10:02:44.896 @ANX017 0
10:02:44.898 @ANX001 20181116001
10:02:44.898 @ANX002 10156
10:02:44.898 @ANX003 朱正高
10:02:44.898 @ANX004 装配工
10:02:44.898 @ANX005 2018/11/16 8:00:00
10:02:44.898 @ANX006 2018/11/16 17:00:00
10:02:44.898 @ANX007 
10:02:44.899 @ANX008 
10:02:44.899 @ANX009 0
10:02:44.899 @ANX010 0
10:02:44.899 @ANX011 在职
10:02:44.899 @ANX012 
10:02:44.899 @ANX013 
10:02:44.899 @ANX014 1线
10:02:44.899 @ANX015 8.5
10:02:44.900 @ANX016 0
10:02:44.900 @ANX017 0
10:02:44.901 @ANX001 20181116001
10:02:44.901 @ANX002 10157
10:02:44.902 @ANX003 卿廷群
10:02:44.902 @ANX004 装配工
10:02:44.902 @ANX005 2018/11/16 8:00:00
10:02:44.902 @ANX006 2018/11/16 17:00:00
10:02:44.902 @ANX007 
10:02:44.902 @ANX008 
10:02:44.902 @ANX009 0
10:02:44.903 @ANX010 0
10:02:44.903 @ANX011 在职
10:02:44.903 @ANX012 
10:02:44.903 @ANX013 
10:02:44.903 @ANX014 1线
10:02:44.903 @ANX015 8.5
10:02:44.903 @ANX016 0
10:02:44.903 @ANX017 0
10:02:44.905 @ANX001 20181116001
10:02:44.905 @ANX002 10158
10:02:44.905 @ANX003 邹修丽
10:02:44.905 @ANX004 装配工
10:02:44.906 @ANX005 2018/11/16 8:00:00
10:02:44.906 @ANX006 2018/11/16 17:00:00
10:02:44.906 @ANX007 
10:02:44.906 @ANX008 
10:02:44.907 @ANX009 0
10:02:44.908 @ANX010 0
10:02:44.908 @ANX011 在职
10:02:44.908 @ANX012 
10:02:44.908 @ANX013 
10:02:44.909 @ANX014 1线
10:02:44.909 @ANX015 8.5
10:02:44.909 @ANX016 0
10:02:44.909 @ANX017 0
10:02:44.911 @ANX001 20181116001
10:02:44.911 @ANX002 10159
10:02:44.911 @ANX003 徐永洪
10:02:44.912 @ANX004 装配工
10:02:44.912 @ANX005 2018/11/16 8:00:00
10:02:44.912 @ANX006 2018/11/16 17:00:00
10:02:44.912 @ANX007 
10:02:44.912 @ANX008 
10:02:44.912 @ANX009 0
10:02:44.913 @ANX010 0
10:02:44.913 @ANX011 在职
10:02:44.913 @ANX012 
10:02:44.913 @ANX013 
10:02:44.913 @ANX014 1线
10:02:44.913 @ANX015 8.5
10:02:44.913 @ANX016 0
10:02:44.913 @ANX017 0
10:02:44.915 @ANX001 20181116001
10:02:44.915 @ANX002 10160
10:02:44.915 @ANX003 刘仁燕
10:02:44.915 @ANX004 装配工
10:02:44.916 @ANX005 2018/11/16 8:00:00
10:02:44.916 @ANX006 2018/11/16 17:00:00
10:02:44.916 @ANX007 
10:02:44.916 @ANX008 
10:02:44.916 @ANX009 0
10:02:44.917 @ANX010 0
10:02:44.917 @ANX011 在职
10:02:44.917 @ANX012 
10:02:44.917 @ANX013 
10:02:44.917 @ANX014 1线
10:02:44.918 @ANX015 8.5
10:02:44.918 @ANX016 0
10:02:44.918 @ANX017 0
10:02:44.919 @ANX001 20181116001
10:02:44.920 @ANX002 10161
10:02:44.920 @ANX003 陈万珍
10:02:44.920 @ANX004 装配工
10:02:44.920 @ANX005 2018/11/16 8:00:00
10:02:44.920 @ANX006 2018/11/16 17:00:00
10:02:44.920 @ANX007 
10:02:44.920 @ANX008 
10:02:44.921 @ANX009 0
10:02:44.921 @ANX010 0
10:02:44.921 @ANX011 在职
10:02:44.921 @ANX012 
10:02:44.921 @ANX013 
10:02:44.921 @ANX014 1线
10:02:44.921 @ANX015 8.5
10:02:44.921 @ANX016 0
10:02:44.922 @ANX017 0
10:02:44.923 @ANX001 20181116001
10:02:44.923 @ANX002 10162
10:02:44.924 @ANX003 李义承
10:02:44.924 @ANX004 装配工
10:02:44.924 @ANX005 2018/11/16 8:00:00
10:02:44.924 @ANX006 2018/11/16 17:00:00
10:02:44.924 @ANX007 
10:02:44.924 @ANX008 
10:02:44.925 @ANX009 0
10:02:44.925 @ANX010 0
10:02:44.925 @ANX011 在职
10:02:44.925 @ANX012 
10:02:44.925 @ANX013 
10:02:44.926 @ANX014 1线
10:02:44.926 @ANX015 8.5
10:02:44.926 @ANX016 0
10:02:44.926 @ANX017 0
10:02:44.929 @ANX001 20181116001
10:02:44.929 @ANX002 10163
10:02:44.929 @ANX003 张义兵
10:02:44.929 @ANX004 装配工
10:02:44.929 @ANX005 2018/11/16 8:00:00
10:02:44.930 @ANX006 2018/11/16 17:00:00
10:02:44.930 @ANX007 
10:02:44.930 @ANX008 
10:02:44.930 @ANX009 0
10:02:44.930 @ANX010 0
10:02:44.931 @ANX011 在职
10:02:44.931 @ANX012 
10:02:44.931 @ANX013 
10:02:44.931 @ANX014 1线
10:02:44.931 @ANX015 8.5
10:02:44.932 @ANX016 0
10:02:44.932 @ANX017 0
10:02:44.933 @ANX001 20181116001
10:02:44.934 @ANX002 10164
10:02:44.934 @ANX003 韩会萍
10:02:44.934 @ANX004 装配工
10:02:44.934 @ANX005 2018/11/16 8:00:00
10:02:44.934 @ANX006 2018/11/16 17:00:00
10:02:44.935 @ANX007 
10:02:44.935 @ANX008 
10:02:44.935 @ANX009 0
10:02:44.935 @ANX010 0
10:02:44.935 @ANX011 在职
10:02:44.936 @ANX012 
10:02:44.936 @ANX013 
10:02:44.936 @ANX014 1线
10:02:44.936 @ANX015 8.5
10:02:44.936 @ANX016 0
10:02:44.937 @ANX017 0
10:02:44.938 @ANX001 20181116001
10:02:44.938 @ANX002 10165
10:02:44.938 @ANX003 国明秀
10:02:44.939 @ANX004 装配工
10:02:44.939 @ANX005 2018/11/16 8:00:00
10:02:44.939 @ANX006 2018/11/16 17:00:00
10:02:44.939 @ANX007 
10:02:44.940 @ANX008 
10:02:44.940 @ANX009 0
10:02:44.940 @ANX010 0
10:02:44.940 @ANX011 在职
10:02:44.940 @ANX012 
10:02:44.941 @ANX013 
10:02:44.941 @ANX014 1线
10:02:44.941 @ANX015 8.5
10:02:44.941 @ANX016 0
10:02:44.941 @ANX017 0
10:08:32.378 @EMP002 系统管理员
10:08:32.379 @EMP033 cebfd1559b68d67688884d7a3d3e8c
10:08:55.317 @ANW001 20181116001
10:08:55.317 @ANW002 GD201811140004
10:08:55.318 @ANW003 JYLF66-S
10:08:55.318 @ANW004 JYLF66-S-PTC+LED+换气+吹风+数显-3060
10:08:55.318 @ANW005 2480W
10:08:55.318 @ANW006 500
10:08:55.318 @ANW007 台
10:08:55.318 @ANW008 4.2
10:08:55.318 @ANW009 500
10:08:55.318 @ANW010 0507
10:08:55.318 @ANW011 总装车间
10:08:55.319 @ANW012 050701
10:08:55.319 @ANW013 1线
10:08:55.319 @ANW014 计件
10:08:55.319 @ANW015 2018/11/16 8:00:00
10:08:55.319 @ANW016 2018/11/16 17:00:00
10:08:55.319 @ANW017 
10:08:55.319 @ANW018 
10:08:55.319 @ANW019 
10:08:55.319 @ANW020 False
10:08:55.320 @ANW021 False
10:08:55.320 @ANW022 2018/11/16 0:00:00
10:08:55.320 @ANW023 0
10:08:55.320 @ANW024 0
10:08:55.339 @ANX001 20181116001
10:08:55.339 @ANX002 10140
10:08:55.340 @ANX003 刘兴贵
10:08:55.340 @ANX004 装配工
10:08:55.340 @ANX005 2018/11/16 8:00:00
10:08:55.340 @ANX006 2018/11/16 17:00:00
10:08:55.340 @ANX007 
10:08:55.340 @ANX008 
10:08:55.340 @ANX009 0
10:08:55.341 @ANX010 0
10:08:55.341 @ANX011 在职
10:08:55.341 @ANX012 
10:08:55.341 @ANX013 
10:08:55.341 @ANX014 1线
10:08:55.341 @ANX015 9
10:08:55.341 @ANX016 0
10:08:55.341 @ANX017 79.8
10:08:55.345 @ANX001 20181116001
10:08:55.345 @ANX002 10141
10:08:55.345 @ANX003 王振宇
10:08:55.345 @ANX004 装配工
10:08:55.345 @ANX005 2018/11/16 8:00:00
10:08:55.345 @ANX006 2018/11/16 17:00:00
10:08:55.345 @ANX007 
10:08:55.346 @ANX008 
10:08:55.346 @ANX009 0
10:08:55.346 @ANX010 0
10:08:55.346 @ANX011 在职
10:08:55.346 @ANX012 
10:08:55.346 @ANX013 
10:08:55.346 @ANX014 1线
10:08:55.346 @ANX015 9
10:08:55.347 @ANX016 0
10:08:55.347 @ANX017 79.8
10:08:55.352 @ANX001 20181116001
10:08:55.352 @ANX002 10142
10:08:55.352 @ANX003 钟成菊
10:08:55.352 @ANX004 装配工
10:08:55.352 @ANX005 2018/11/16 8:00:00
10:08:55.353 @ANX006 2018/11/16 17:00:00
10:08:55.353 @ANX007 
10:08:55.353 @ANX008 
10:08:55.353 @ANX009 0
10:08:55.353 @ANX010 0
10:08:55.353 @ANX011 在职
10:08:55.353 @ANX012 
10:08:55.353 @ANX013 
10:08:55.354 @ANX014 1线
10:08:55.354 @ANX015 9
10:08:55.354 @ANX016 0
10:08:55.354 @ANX017 79.8
10:08:55.355 @ANX001 20181116001
10:08:55.356 @ANX002 10143
10:08:55.356 @ANX003 赵成鹏
10:08:55.356 @ANX004 装配工
10:08:55.356 @ANX005 2018/11/16 8:00:00
10:08:55.356 @ANX006 2018/11/16 17:00:00
10:08:55.356 @ANX007 
10:08:55.356 @ANX008 
10:08:55.357 @ANX009 0
10:08:55.357 @ANX010 0
10:08:55.357 @ANX011 在职
10:08:55.357 @ANX012 
10:08:55.357 @ANX013 
10:08:55.357 @ANX014 1线
10:08:55.357 @ANX015 9
10:08:55.358 @ANX016 0
10:08:55.358 @ANX017 79.8
10:08:55.359 @ANX001 20181116001
10:08:55.359 @ANX002 10144
10:08:55.360 @ANX003 何万华
10:08:55.360 @ANX004 装配工
10:08:55.360 @ANX005 2018/11/16 8:00:00
10:08:55.360 @ANX006 2018/11/16 17:00:00
10:08:55.360 @ANX007 
10:08:55.361 @ANX008 
10:08:55.361 @ANX009 0
10:08:55.361 @ANX010 0
10:08:55.361 @ANX011 在职
10:08:55.361 @ANX012 
10:08:55.362 @ANX013 
10:08:55.362 @ANX014 1线
10:08:55.362 @ANX015 9
10:08:55.362 @ANX016 0
10:08:55.362 @ANX017 79.8
10:08:55.364 @ANX001 20181116001
10:08:55.364 @ANX002 10145
10:08:55.364 @ANX003 严云芹
10:08:55.364 @ANX004 装配工
10:08:55.364 @ANX005 2018/11/16 8:00:00
10:08:55.365 @ANX006 2018/11/16 17:00:00
10:08:55.365 @ANX007 
10:08:55.365 @ANX008 
10:08:55.365 @ANX009 0
10:08:55.365 @ANX010 0
10:08:55.365 @ANX011 在职
10:08:55.365 @ANX012 
10:08:55.365 @ANX013 
10:08:55.366 @ANX014 1线
10:08:55.366 @ANX015 9
10:08:55.366 @ANX016 0
10:08:55.366 @ANX017 79.8
10:08:55.368 @ANX001 20181116001
10:08:55.368 @ANX002 10146
10:08:55.368 @ANX003 马小千
10:08:55.368 @ANX004 装配工
10:08:55.368 @ANX005 2018/11/16 8:00:00
10:08:55.368 @ANX006 2018/11/16 17:00:00
10:08:55.368 @ANX007 
10:08:55.369 @ANX008 
10:08:55.369 @ANX009 0
10:08:55.369 @ANX010 0
10:08:55.369 @ANX011 在职
10:08:55.369 @ANX012 
10:08:55.369 @ANX013 
10:08:55.369 @ANX014 1线
10:08:55.370 @ANX015 9
10:08:55.370 @ANX016 0
10:08:55.370 @ANX017 79.8
10:08:55.371 @ANX001 20181116001
10:08:55.371 @ANX002 10147
10:08:55.371 @ANX003 周顺
10:08:55.372 @ANX004 装配工
10:08:55.372 @ANX005 2018/11/16 8:00:00
10:08:55.372 @ANX006 2018/11/16 17:00:00
10:08:55.372 @ANX007 
10:08:55.372 @ANX008 
10:08:55.372 @ANX009 0
10:08:55.372 @ANX010 0
10:08:55.373 @ANX011 在职
10:08:55.374 @ANX012 
10:08:55.374 @ANX013 
10:08:55.374 @ANX014 1线
10:08:55.374 @ANX015 9
10:08:55.374 @ANX016 0
10:08:55.374 @ANX017 79.8
10:08:55.376 @ANX001 20181116001
10:08:55.376 @ANX002 10148
10:08:55.376 @ANX003 龙付咪
10:08:55.377 @ANX004 装配工
10:08:55.377 @ANX005 2018/11/16 8:00:00
10:08:55.377 @ANX006 2018/11/16 17:00:00
10:08:55.377 @ANX007 
10:08:55.377 @ANX008 
10:08:55.377 @ANX009 0
10:08:55.378 @ANX010 0
10:08:55.378 @ANX011 在职
10:08:55.378 @ANX012 
10:08:55.378 @ANX013 
10:08:55.379 @ANX014 1线
10:08:55.379 @ANX015 9
10:08:55.379 @ANX016 0
10:08:55.379 @ANX017 79.8
10:08:55.381 @ANX001 20181116001
10:08:55.381 @ANX002 10150
10:08:55.381 @ANX003 刘高发
10:08:55.382 @ANX004 装配工
10:08:55.382 @ANX005 2018/11/16 8:00:00
10:08:55.382 @ANX006 2018/11/16 17:00:00
10:08:55.382 @ANX007 
10:08:55.382 @ANX008 
10:08:55.382 @ANX009 0
10:08:55.382 @ANX010 0
10:08:55.382 @ANX011 在职
10:08:55.383 @ANX012 
10:08:55.383 @ANX013 
10:08:55.383 @ANX014 1线
10:08:55.383 @ANX015 9
10:08:55.383 @ANX016 0
10:08:55.383 @ANX017 79.8
10:08:55.385 @ANX001 20181116001
10:08:55.385 @ANX002 10151
10:08:55.385 @ANX003 吴张英
10:08:55.385 @ANX004 装配工
10:08:55.385 @ANX005 2018/11/16 8:00:00
10:08:55.385 @ANX006 2018/11/16 17:00:00
10:08:55.386 @ANX007 
10:08:55.386 @ANX008 
10:08:55.386 @ANX009 0
10:08:55.386 @ANX010 0
10:08:55.386 @ANX011 在职
10:08:55.386 @ANX012 
10:08:55.386 @ANX013 
10:08:55.387 @ANX014 1线
10:08:55.387 @ANX015 9
10:08:55.387 @ANX016 0
10:08:55.387 @ANX017 79.8
10:08:55.388 @ANX001 20181116001
10:08:55.389 @ANX002 10152
10:08:55.389 @ANX003 杨犁
10:08:55.389 @ANX004 装配工
10:08:55.389 @ANX005 2018/11/16 8:00:00
10:08:55.389 @ANX006 2018/11/16 17:00:00
10:08:55.389 @ANX007 
10:08:55.390 @ANX008 
10:08:55.390 @ANX009 0
10:08:55.390 @ANX010 0
10:08:55.390 @ANX011 在职
10:08:55.390 @ANX012 
10:08:55.390 @ANX013 
10:08:55.391 @ANX014 1线
10:08:55.391 @ANX015 9
10:08:55.391 @ANX016 0
10:08:55.391 @ANX017 79.8
10:08:55.393 @ANX001 20181116001
10:08:55.393 @ANX002 10153
10:08:55.393 @ANX003 熊洪才
10:08:55.393 @ANX004 装配工
10:08:55.393 @ANX005 2018/11/16 8:00:00
10:08:55.393 @ANX006 2018/11/16 17:00:00
10:08:55.393 @ANX007 
10:08:55.394 @ANX008 
10:08:55.394 @ANX009 0
10:08:55.394 @ANX010 0
10:08:55.394 @ANX011 在职
10:08:55.394 @ANX012 
10:08:55.394 @ANX013 
10:08:55.394 @ANX014 1线
10:08:55.394 @ANX015 9
10:08:55.395 @ANX016 0
10:08:55.395 @ANX017 79.8
10:08:55.397 @ANX001 20181116001
10:08:55.397 @ANX002 10154
10:08:55.397 @ANX003 代开容
10:08:55.398 @ANX004 装配工
10:08:55.398 @ANX005 2018/11/16 8:00:00
10:08:55.398 @ANX006 2018/11/16 17:00:00
10:08:55.398 @ANX007 
10:08:55.398 @ANX008 
10:08:55.398 @ANX009 0
10:08:55.399 @ANX010 0
10:08:55.399 @ANX011 在职
10:08:55.399 @ANX012 
10:08:55.399 @ANX013 
10:08:55.399 @ANX014 1线
10:08:55.399 @ANX015 9
10:08:55.399 @ANX016 0
10:08:55.399 @ANX017 79.8
10:08:55.401 @ANX001 20181116001
10:08:55.401 @ANX002 10155
10:08:55.401 @ANX003 尹宗丹
10:08:55.401 @ANX004 装配工
10:08:55.402 @ANX005 2018/11/16 8:00:00
10:08:55.402 @ANX006 2018/11/16 17:00:00
10:08:55.402 @ANX007 
10:08:55.402 @ANX008 
10:08:55.402 @ANX009 0
10:08:55.402 @ANX010 0
10:08:55.402 @ANX011 在职
10:08:55.402 @ANX012 
10:08:55.403 @ANX013 
10:08:55.403 @ANX014 1线
10:08:55.403 @ANX015 9
10:08:55.403 @ANX016 0
10:08:55.403 @ANX017 79.8
10:08:55.405 @ANX001 20181116001
10:08:55.405 @ANX002 10156
10:08:55.406 @ANX003 朱正高
10:08:55.406 @ANX004 装配工
10:08:55.406 @ANX005 2018/11/16 8:00:00
10:08:55.406 @ANX006 2018/11/16 17:00:00
10:08:55.407 @ANX007 
10:08:55.407 @ANX008 
10:08:55.407 @ANX009 0
10:08:55.407 @ANX010 0
10:08:55.407 @ANX011 在职
10:08:55.408 @ANX012 
10:08:55.408 @ANX013 
10:08:55.408 @ANX014 1线
10:08:55.408 @ANX015 9
10:08:55.408 @ANX016 0
10:08:55.408 @ANX017 79.8
10:08:55.410 @ANX001 20181116001
10:08:55.410 @ANX002 10157
10:08:55.411 @ANX003 卿廷群
10:08:55.411 @ANX004 装配工
10:08:55.411 @ANX005 2018/11/16 8:00:00
10:08:55.411 @ANX006 2018/11/16 17:00:00
10:08:55.411 @ANX007 
10:08:55.412 @ANX008 
10:08:55.412 @ANX009 0
10:08:55.412 @ANX010 0
10:08:55.412 @ANX011 在职
10:08:55.412 @ANX012 
10:08:55.412 @ANX013 
10:08:55.413 @ANX014 1线
10:08:55.413 @ANX015 9
10:08:55.413 @ANX016 0
10:08:55.413 @ANX017 79.8
10:08:55.415 @ANX001 20181116001
10:08:55.415 @ANX002 10158
10:08:55.415 @ANX003 邹修丽
10:08:55.416 @ANX004 装配工
10:08:55.416 @ANX005 2018/11/16 8:00:00
10:08:55.416 @ANX006 2018/11/16 17:00:00
10:08:55.416 @ANX007 
10:08:55.416 @ANX008 
10:08:55.416 @ANX009 0
10:08:55.416 @ANX010 0
10:08:55.416 @ANX011 在职
10:08:55.417 @ANX012 
10:08:55.417 @ANX013 
10:08:55.417 @ANX014 1线
10:08:55.417 @ANX015 9
10:08:55.417 @ANX016 0
10:08:55.417 @ANX017 79.8
10:08:55.419 @ANX001 20181116001
10:08:55.419 @ANX002 10159
10:08:55.419 @ANX003 徐永洪
10:08:55.419 @ANX004 装配工
10:08:55.419 @ANX005 2018/11/16 8:00:00
10:08:55.419 @ANX006 2018/11/16 17:00:00
10:08:55.420 @ANX007 
10:08:55.420 @ANX008 
10:08:55.420 @ANX009 0
10:08:55.420 @ANX010 0
10:08:55.420 @ANX011 在职
10:08:55.420 @ANX012 
10:08:55.420 @ANX013 
10:08:55.421 @ANX014 1线
10:08:55.421 @ANX015 9
10:08:55.421 @ANX016 0
10:08:55.421 @ANX017 79.8
10:08:55.422 @ANX001 20181116001
10:08:55.423 @ANX002 10160
10:08:55.423 @ANX003 刘仁燕
10:08:55.423 @ANX004 装配工
10:08:55.423 @ANX005 2018/11/16 8:00:00
10:08:55.423 @ANX006 2018/11/16 17:00:00
10:08:55.423 @ANX007 
10:08:55.423 @ANX008 
10:08:55.423 @ANX009 0
10:08:55.424 @ANX010 0
10:08:55.424 @ANX011 在职
10:08:55.424 @ANX012 
10:08:55.424 @ANX013 
10:08:55.424 @ANX014 1线
10:08:55.425 @ANX015 9
10:08:55.425 @ANX016 0
10:08:55.425 @ANX017 79.8
10:08:55.427 @ANX001 20181116001
10:08:55.427 @ANX002 10161
10:08:55.427 @ANX003 陈万珍
10:08:55.427 @ANX004 装配工
10:08:55.427 @ANX005 2018/11/16 8:00:00
10:08:55.428 @ANX006 2018/11/16 17:00:00
10:08:55.428 @ANX007 
10:08:55.428 @ANX008 
10:08:55.428 @ANX009 0
10:08:55.428 @ANX010 0
10:08:55.429 @ANX011 在职
10:08:55.429 @ANX012 
10:08:55.429 @ANX013 
10:08:55.429 @ANX014 1线
10:08:55.429 @ANX015 9
10:08:55.429 @ANX016 0
10:08:55.430 @ANX017 79.8
10:08:55.431 @ANX001 20181116001
10:08:55.431 @ANX002 10162
10:08:55.431 @ANX003 李义承
10:08:55.432 @ANX004 装配工
10:08:55.432 @ANX005 2018/11/16 8:00:00
10:08:55.432 @ANX006 2018/11/16 17:00:00
10:08:55.432 @ANX007 
10:08:55.432 @ANX008 
10:08:55.432 @ANX009 0
10:08:55.433 @ANX010 0
10:08:55.433 @ANX011 在职
10:08:55.433 @ANX012 
10:08:55.433 @ANX013 
10:08:55.433 @ANX014 1线
10:08:55.434 @ANX015 9
10:08:55.434 @ANX016 0
10:08:55.434 @ANX017 79.8
10:08:55.435 @ANX001 20181116001
10:08:55.436 @ANX002 10163
10:08:55.436 @ANX003 张义兵
10:08:55.436 @ANX004 装配工
10:08:55.436 @ANX005 2018/11/16 8:00:00
10:08:55.437 @ANX006 2018/11/16 17:00:00
10:08:55.437 @ANX007 
10:08:55.437 @ANX008 
10:08:55.437 @ANX009 0
10:08:55.437 @ANX010 0
10:08:55.438 @ANX011 在职
10:08:55.438 @ANX012 
10:08:55.438 @ANX013 
10:08:55.438 @ANX014 1线
10:08:55.438 @ANX015 9
10:08:55.439 @ANX016 0
10:08:55.439 @ANX017 79.8
10:08:55.441 @ANX001 20181116001
10:08:55.441 @ANX002 10164
10:08:55.441 @ANX003 韩会萍
10:08:55.441 @ANX004 装配工
10:08:55.442 @ANX005 2018/11/16 8:00:00
10:08:55.442 @ANX006 2018/11/16 17:00:00
10:08:55.442 @ANX007 
10:08:55.442 @ANX008 
10:08:55.442 @ANX009 0
10:08:55.442 @ANX010 0
10:08:55.443 @ANX011 在职
10:08:55.443 @ANX012 
10:08:55.443 @ANX013 
10:08:55.443 @ANX014 1线
10:08:55.443 @ANX015 9
10:08:55.443 @ANX016 0
10:08:55.444 @ANX017 79.8
10:08:55.445 @ANX001 20181116001
10:08:55.445 @ANX002 10165
10:08:55.446 @ANX003 国明秀
10:08:55.446 @ANX004 装配工
10:08:55.446 @ANX005 2018/11/16 8:00:00
10:08:55.446 @ANX006 2018/11/16 17:00:00
10:08:55.446 @ANX007 
10:08:55.447 @ANX008 
10:08:55.447 @ANX009 0
10:08:55.447 @ANX010 0
10:08:55.447 @ANX011 在职
10:08:55.447 @ANX012 
10:08:55.448 @ANX013 
10:08:55.448 @ANX014 1线
10:08:55.448 @ANX015 9
10:08:55.448 @ANX016 0
10:08:55.448 @ANX017 79.8
10:08:58.075 @ANW001 20181116001
10:08:58.076 @ANW020 True
10:13:36.827 @EMP002 系统管理员
10:13:36.827 @EMP033 cebfd1559b68d67688884d7a3d3e8c
14:41:17.259 @EMP002 系统管理员
14:41:17.260 @EMP033 cebfd1559b68d67688884d7a3d3e8c
14:47:36.722 @HAW001 20181116001
14:47:36.723 @HAW002 GD201810060120
14:47:36.723 @HAW003 202101322P
14:47:36.723 @HAW004 F01-DS钛银面板-丝印
14:47:36.723 @HAW005 300*300mm
14:47:36.724 @HAW006 PCS
14:47:36.724 @HAW007 2000
14:47:36.724 @HAW008 0.231
14:47:36.724 @HAW009 300
14:47:36.725 @HAW010 2018/11/16 0:00:00
14:47:36.725 @HAW011 计件
14:47:36.725 @HAW012 0501
14:47:36.725 @HAW013 五金车间
14:47:36.726 @HAW014 0501
14:47:36.726 @HAW015 五金车间
14:47:36.726 @HAW016 
14:47:36.726 @HAW017 
14:47:36.727 @HAW018 False
14:47:36.727 @HAW019 False
14:47:36.727 @HAW020 0
14:47:36.727 @HAW021 0
14:47:36.737 @HAX001 20181116001
14:47:36.737 @HAX002 10003
14:47:36.737 @HAX003 王世洪
14:47:36.737 @HAX004 成品搬运工
14:47:36.737 @HAX005 1011
14:47:36.738 @HAX006 冲角
14:47:36.739 @HAX007 0.014
14:47:36.740 @HAX008 500
14:47:36.740 @HAX009 2018/11/16 8:00:00
14:47:36.740 @HAX010 2018/11/16 17:00:00
14:47:36.740 @HAX011 
14:47:36.740 @HAX012 
14:47:36.740 @HAX013 0
14:47:36.740 @HAX014 
14:47:36.740 @HAX015 在职
14:47:36.740 @HAX016 001
14:47:36.741 @HAX017 物流组
14:47:36.741 @HAX018 9
14:47:36.741 @HAX019 0
14:47:36.741 @HAX020 7.0
14:47:36.745 @HAX001 20181116001
14:47:36.745 @HAX002 10004
14:47:36.745 @HAX003 李守军
14:47:36.746 @HAX004 成品搬运工
14:47:36.746 @HAX005 1008
14:47:36.746 @HAX006 成型
14:47:36.746 @HAX007 0.015
14:47:36.746 @HAX008 400
14:47:36.746 @HAX009 2018/11/16 8:00:00
14:47:36.747 @HAX010 2018/11/16 17:00:00
14:47:36.747 @HAX011 
14:47:36.747 @HAX012 
14:47:36.747 @HAX013 0
14:47:36.747 @HAX014 
14:47:36.747 @HAX015 在职
14:47:36.748 @HAX016 002
14:47:36.748 @HAX017 物流组
14:47:36.748 @HAX018 9
14:47:36.748 @HAX019 0
14:47:36.748 @HAX020 6.0
14:47:36.751 @HAX001 20181116001
14:47:36.752 @HAX002 10007
14:47:36.752 @HAX003 朱志波
14:47:36.752 @HAX004 成品搬运工
14:47:36.752 @HAX005 1005
14:47:36.752 @HAX006 冲孔
14:47:36.752 @HAX007 0.024
14:47:36.753 @HAX008 400
14:47:36.753 @HAX009 2018/11/16 8:00:00
14:47:36.753 @HAX010 2018/11/16 17:00:00
14:47:36.753 @HAX011 
14:47:36.754 @HAX012 
14:47:36.754 @HAX013 0
14:47:36.754 @HAX014 
14:47:36.754 @HAX015 在职
14:47:36.754 @HAX016 003
14:47:36.754 @HAX017 物流组
14:47:36.755 @HAX018 9
14:47:36.755 @HAX019 0
14:47:36.755 @HAX020 9.6
14:47:36.757 @HAX001 20181116001
14:47:36.757 @HAX002 10008
14:47:36.758 @HAX003 杨彬洪
14:47:36.758 @HAX004 发货员
14:47:36.758 @HAX005 1009
14:47:36.758 @HAX006 压筋
14:47:36.758 @HAX007 0.028
14:47:36.759 @HAX008 400
14:47:36.759 @HAX009 2018/11/16 8:00:00
14:47:36.759 @HAX010 2018/11/16 17:00:00
14:47:36.759 @HAX011 
14:47:36.759 @HAX012 
14:47:36.760 @HAX013 0
14:47:36.760 @HAX014 
14:47:36.760 @HAX015 在职
14:47:36.760 @HAX016 004
14:47:36.760 @HAX017 物流组
14:47:36.761 @HAX018 9
14:47:36.761 @HAX019 0
14:47:36.761 @HAX020 11.2
14:47:36.764 @HAX001 20181116001
14:47:36.765 @HAX002 10011
14:47:36.765 @HAX003 潘传慧
14:47:36.765 @HAX004 发货员
14:47:36.765 @HAX005 1017
14:47:36.765 @HAX006 丝印
14:47:36.766 @HAX007 0.15
14:47:36.766 @HAX008 300
14:47:36.766 @HAX009 2018/11/16 8:00:00
14:47:36.766 @HAX010 2018/11/16 17:00:00
14:47:36.766 @HAX011 
14:47:36.767 @HAX012 
14:47:36.767 @HAX013 0
14:47:36.767 @HAX014 
14:47:36.767 @HAX015 在职
14:47:36.767 @HAX016 005
14:47:36.768 @HAX017 物流组
14:47:36.768 @HAX018 9
14:47:36.768 @HAX019 0
14:47:36.768 @HAX020 45.0
14:49:02.569 @HAW001 20181116001
14:49:02.570 @HAW018 True
14:49:05.337 @HAW001 20181116001
14:49:05.338 @HAW018 False
14:50:40.129 @EMP002 系统管理员
14:50:40.130 @EMP033 cebfd1559b68d67688884d7a3d3e8c
14:53:36.946 @EMP002 系统管理员
14:53:36.947 @EMP033 cebfd1559b68d67688884d7a3d3e8c
14:55:11.918 @EMP002 系统管理员
14:55:11.918 @EMP033 cebfd1559b68d67688884d7a3d3e8c
14:56:23.586 @EMP002 系统管理员
14:56:23.587 @EMP033 cebfd1559b68d67688884d7a3d3e8c
14:57:24.677 @PRE002 SD201503140002
14:57:24.677 @PRE003 007
14:57:24.677 @PRE004 FX35A
14:57:24.678 @PRE005 2018/11/15 0:00:00
14:57:24.678 @PRE006 2015/3/16 0:00:00
14:57:24.678 @PRE007 271
14:57:24.678 @PRE008 50
14:57:24.678 @PRE009 0
14:57:24.679 @PRE010 50
14:57:24.679 @PRE012 
14:57:24.679 @idx 232
14:57:24.687 @PRE002 SD201503140002
14:57:24.687 @PRE003 007
14:57:24.688 @PRE004 FX35A
14:57:24.688 @PRE005 2018/11/16 0:00:00
14:57:24.688 @PRE006 2015/3/16 0:00:00
14:57:24.688 @PRE007 271
14:57:24.688 @PRE008 50
14:57:24.689 @PRE009 0
14:57:24.689 @PRE010 50
14:57:24.689 @PRE012 
14:57:24.689 @idx 233
14:57:24.691 @PRE002 SD201503140002
14:57:24.692 @PRE003 007
14:57:24.692 @PRE004 FX35A
14:57:24.692 @PRE005 2018/11/17 0:00:00
14:57:24.692 @PRE006 2015/3/16 0:00:00
14:57:24.692 @PRE007 271
14:57:24.693 @PRE008 40
14:57:24.693 @PRE009 0
14:57:24.693 @PRE010 50
14:57:24.693 @PRE012 
14:57:24.693 @idx 234
14:57:24.696 @PRE002 SD201503140002
14:57:24.696 @PRE003 007
14:57:24.696 @PRE004 FX35A
14:57:24.697 @PRE005 2018/11/18 0:00:00
14:57:24.697 @PRE006 2015/3/16 0:00:00
14:57:24.697 @PRE007 271
14:57:24.697 @PRE008 40
14:57:24.697 @PRE009 0
14:57:24.697 @PRE010 50
14:57:24.698 @PRE012 
14:57:24.698 @idx 235
14:57:24.700 @PRE002 SD201503140002
14:57:24.700 @PRE003 007
14:57:24.701 @PRE004 FX35A
14:57:24.701 @PRE005 2018/11/19 0:00:00
14:57:24.701 @PRE006 2015/3/16 0:00:00
14:57:24.701 @PRE007 271
14:57:24.701 @PRE008 50
14:57:24.702 @PRE009 0
14:57:24.702 @PRE010 50
14:57:24.702 @PRE012 
14:57:24.702 @idx 236
14:57:24.704 @PRE002 SD201503140002
14:57:24.704 @PRE003 007
14:57:24.704 @PRE004 FX35A
14:57:24.705 @PRE005 2018/11/20 0:00:00
14:57:24.705 @PRE006 2015/3/16 0:00:00
14:57:24.705 @PRE007 271
14:57:24.705 @PRE008 31
14:57:24.706 @PRE009 0
14:57:24.707 @PRE010 50
14:57:24.707 @PRE012 
14:57:24.707 @idx 237
14:58:25.652 @EMP002 系统管理员
14:58:25.653 @EMP033 cebfd1559b68d67688884d7a3d3e8c
14:59:24.269 @PRE002 SD201503140002
14:59:24.270 @PRE003 007
14:59:24.270 @PRE004 FX35A
14:59:24.270 @PRE005 2018/11/15 0:00:00
14:59:24.270 @PRE006 2015/3/16 0:00:00
14:59:24.270 @PRE007 271
14:59:24.270 @PRE008 50
14:59:24.270 @PRE009 0
14:59:24.271 @PRE010 50
14:59:24.271 @PRE012 
14:59:24.271 @idx 232
14:59:24.278 @PRE002 SD201503140002
14:59:24.278 @PRE003 007
14:59:24.278 @PRE004 FX35A
14:59:24.279 @PRE005 2018/11/16 0:00:00
14:59:24.279 @PRE006 2015/3/16 0:00:00
14:59:24.279 @PRE007 271
14:59:24.279 @PRE008 50
14:59:24.279 @PRE009 0
14:59:24.279 @PRE010 50
14:59:24.280 @PRE012 
14:59:24.280 @idx 233
14:59:24.286 @PRE002 SD201503140002
14:59:24.286 @PRE003 007
14:59:24.286 @PRE004 FX35A
14:59:24.286 @PRE005 2018/11/17 0:00:00
14:59:24.287 @PRE006 2015/3/16 0:00:00
14:59:24.287 @PRE007 271
14:59:24.287 @PRE008 40
14:59:24.287 @PRE009 0
14:59:24.287 @PRE010 50
14:59:24.288 @PRE012 
14:59:24.288 @idx 234
14:59:24.292 @PRE002 SD201503140002
14:59:24.292 @PRE003 007
14:59:24.292 @PRE004 FX35A
14:59:24.293 @PRE005 2018/11/18 0:00:00
14:59:24.293 @PRE006 2015/3/16 0:00:00
14:59:24.293 @PRE007 271
14:59:24.293 @PRE008 40
14:59:24.293 @PRE009 0
14:59:24.294 @PRE010 50
14:59:24.294 @PRE012 
14:59:24.294 @idx 235
14:59:24.296 @PRE002 SD201503140002
14:59:24.296 @PRE003 007
14:59:24.296 @PRE004 FX35A
14:59:24.296 @PRE005 2018/11/19 0:00:00
14:59:24.297 @PRE006 2015/3/16 0:00:00
14:59:24.297 @PRE007 271
14:59:24.297 @PRE008 50
14:59:24.297 @PRE009 0
14:59:24.297 @PRE010 50
14:59:24.298 @PRE012 
14:59:24.298 @idx 236
14:59:24.300 @PRE002 SD201503140002
14:59:24.301 @PRE003 007
14:59:24.301 @PRE004 FX35A
14:59:24.301 @PRE005 2018/11/20 0:00:00
14:59:24.301 @PRE006 2015/3/16 0:00:00
14:59:24.302 @PRE007 271
14:59:24.302 @PRE008 31
14:59:24.302 @PRE009 0
14:59:24.302 @PRE010 50
14:59:24.302 @PRE012 
14:59:24.303 @idx 237
14:59:24.304 @PRE001 20181115001
14:59:24.305 @PRE002 SD201503140002
14:59:24.305 @PRE003 007
14:59:24.305 @PRE004 FX35A
14:59:24.305 @PRE005 2018/11/21 0:00:00
14:59:24.305 @PRE006 2015/3/16 0:00:00
14:59:24.306 @PRE007 271
14:59:24.306 @PRE008 10
14:59:24.306 @PRE009 0
14:59:24.306 @PRE010 50
14:59:24.319 @PRF001 FX35A
14:59:24.320 @PRF002 2018/11/21 0:00:00
14:59:24.320 @PRF003 10
14:59:49.110 @EMP002 系统管理员
14:59:49.111 @EMP033 cebfd1559b68d67688884d7a3d3e8c
15:02:16.654 @EMP002 系统管理员
15:02:16.655 @EMP033 cebfd1559b68d67688884d7a3d3e8c
15:04:36.317 @EMP002 系统管理员
15:04:36.319 @EMP033 cebfd1559b68d67688884d7a3d3e8c
15:05:06.756 @PRE002 SD201503140002
15:05:06.757 @PRE003 007
15:05:06.757 @PRE004 FX35A
15:05:06.757 @PRE005 2018/11/15 0:00:00
15:05:06.758 @PRE006 2015/3/16 0:00:00
15:05:06.758 @PRE007 271
15:05:06.758 @PRE008 50
15:05:06.758 @PRE009 0
15:05:06.759 @PRE010 50
15:05:06.759 @PRE012 
15:05:06.759 @idx 232
15:05:06.763 @PRE002 SD201503140002
15:05:06.763 @PRE003 007
15:05:06.764 @PRE004 FX35A
15:05:06.764 @PRE005 2018/11/16 0:00:00
15:05:06.764 @PRE006 2015/3/16 0:00:00
15:05:06.764 @PRE007 271
15:05:06.765 @PRE008 50
15:05:06.765 @PRE009 0
15:05:06.765 @PRE010 50
15:05:06.765 @PRE012 
15:05:06.766 @idx 233
15:05:06.769 @PRE002 SD201503140002
15:05:06.769 @PRE003 007
15:05:06.769 @PRE004 FX35A
15:05:06.770 @PRE005 2018/11/17 0:00:00
15:05:06.770 @PRE006 2015/3/16 0:00:00
15:05:06.770 @PRE007 271
15:05:06.770 @PRE008 40
15:05:06.771 @PRE009 0
15:05:06.771 @PRE010 50
15:05:06.771 @PRE012 
15:05:06.771 @idx 234
15:05:06.774 @PRE002 SD201503140002
15:05:06.775 @PRE003 007
15:05:06.775 @PRE004 FX35A
15:05:06.775 @PRE005 2018/11/18 0:00:00
15:05:06.775 @PRE006 2015/3/16 0:00:00
15:05:06.775 @PRE007 271
15:05:06.776 @PRE008 40
15:05:06.776 @PRE009 0
15:05:06.776 @PRE010 50
15:05:06.776 @PRE012 
15:05:06.778 @idx 235
15:05:06.780 @PRE002 SD201503140002
15:05:06.781 @PRE003 007
15:05:06.781 @PRE004 FX35A
15:05:06.781 @PRE005 2018/11/19 0:00:00
15:05:06.781 @PRE006 2015/3/16 0:00:00
15:05:06.781 @PRE007 271
15:05:06.781 @PRE008 50
15:05:06.782 @PRE009 0
15:05:06.782 @PRE010 50
15:05:06.782 @PRE012 
15:05:06.782 @idx 236
15:05:06.784 @PRE002 SD201503140002
15:05:06.784 @PRE003 007
15:05:06.784 @PRE004 FX35A
15:05:06.784 @PRE005 2018/11/20 0:00:00
15:05:06.785 @PRE006 2015/3/16 0:00:00
15:05:06.785 @PRE007 271
15:05:06.785 @PRE008 31
15:05:06.785 @PRE009 0
15:05:06.785 @PRE010 50
15:05:06.785 @PRE012 
15:05:06.786 @idx 237
15:05:06.788 @PRE002 SD201503140002
15:05:06.788 @PRE003 007
15:05:06.788 @PRE004 FX35A
15:05:06.789 @PRE005 2018/11/21 0:00:00
15:05:06.789 @PRE006 2015/3/16 0:00:00
15:05:06.789 @PRE007 271
15:05:06.789 @PRE008 5
15:05:06.789 @PRE009 0
15:05:06.789 @PRE010 50
15:05:06.789 @PRE012 
15:05:06.790 @idx 241
15:05:06.791 @PRE001 20181115001
15:05:06.792 @PRE002 SD201503140002
15:05:06.792 @PRE003 007
15:05:06.792 @PRE004 FX35A
15:05:06.792 @PRE005 2018/11/22 0:00:00
15:05:06.792 @PRE006 2015/3/16 0:00:00
15:05:06.793 @PRE007 271
15:05:06.793 @PRE008 5
15:05:06.793 @PRE009 0
15:05:06.793 @PRE010 50
15:05:06.796 @PRF001 FX35A
15:05:06.797 @PRF002 2018/11/22 0:00:00
15:05:06.797 @PRF003 5
15:05:20.258 @PRE002 SD201503140002
15:05:20.258 @PRE003 007
15:05:20.258 @PRE004 FX35A
15:05:20.259 @PRE005 2018/11/15 0:00:00
15:05:20.259 @PRE006 2015/3/16 0:00:00
15:05:20.259 @PRE007 271
15:05:20.260 @PRE008 50
15:05:20.260 @PRE009 0
15:05:20.260 @PRE010 50
15:05:20.260 @PRE012 
15:05:20.261 @idx 232
15:05:20.265 @PRE002 SD201503140002
15:05:20.266 @PRE003 007
15:05:20.266 @PRE004 FX35A
15:05:20.266 @PRE005 2018/11/16 0:00:00
15:05:20.266 @PRE006 2015/3/16 0:00:00
15:05:20.267 @PRE007 271
15:05:20.267 @PRE008 50
15:05:20.267 @PRE009 0
15:05:20.267 @PRE010 50
15:05:20.268 @PRE012 
15:05:20.268 @idx 233
15:05:20.270 @PRE002 SD201503140002
15:05:20.270 @PRE003 007
15:05:20.270 @PRE004 FX35A
15:05:20.271 @PRE005 2018/11/3 0:00:00
15:05:20.271 @PRE006 2015/3/16 0:00:00
15:05:20.271 @PRE007 271
15:05:20.271 @PRE008 40
15:05:20.271 @PRE009 0
15:05:20.271 @PRE010 50
15:05:20.271 @PRE012 
15:05:20.271 @idx 234
15:05:20.273 @PRE002 SD201503140002
15:05:20.273 @PRE003 007
15:05:20.274 @PRE004 FX35A
15:05:20.274 @PRE005 2018/11/18 0:00:00
15:05:20.274 @PRE006 2015/3/16 0:00:00
15:05:20.274 @PRE007 271
15:05:20.274 @PRE008 40
15:05:20.275 @PRE009 0
15:05:20.275 @PRE010 50
15:05:20.275 @PRE012 
15:05:20.275 @idx 235
15:05:20.277 @PRE002 SD201503140002
15:05:20.277 @PRE003 007
15:05:20.277 @PRE004 FX35A
15:05:20.277 @PRE005 2018/11/19 0:00:00
15:05:20.278 @PRE006 2015/3/16 0:00:00
15:05:20.278 @PRE007 271
15:05:20.278 @PRE008 50
15:05:20.278 @PRE009 0
15:05:20.278 @PRE010 50
15:05:20.279 @PRE012 
15:05:20.279 @idx 236
15:05:20.281 @PRE002 SD201503140002
15:05:20.281 @PRE003 007
15:05:20.281 @PRE004 FX35A
15:05:20.282 @PRE005 2018/11/20 0:00:00
15:05:20.282 @PRE006 2015/3/16 0:00:00
15:05:20.282 @PRE007 271
15:05:20.282 @PRE008 31
15:05:20.282 @PRE009 0
15:05:20.283 @PRE010 50
15:05:20.283 @PRE012 
15:05:20.284 @idx 237
15:05:20.285 @PRE002 SD201503140002
15:05:20.286 @PRE003 007
15:05:20.286 @PRE004 FX35A
15:05:20.286 @PRE005 2018/11/21 0:00:00
15:05:20.286 @PRE006 2015/3/16 0:00:00
15:05:20.286 @PRE007 271
15:05:20.286 @PRE008 5
15:05:20.286 @PRE009 0
15:05:20.286 @PRE010 50
15:05:20.287 @PRE012 
15:05:20.287 @idx 241
15:05:20.288 @PRE002 SD201503140002
15:05:20.288 @PRE003 007
15:05:20.288 @PRE004 FX35A
15:05:20.289 @PRE005 2018/11/22 0:00:00
15:05:20.289 @PRE006 2015/3/16 0:00:00
15:05:20.289 @PRE007 271
15:05:20.289 @PRE008 5
15:05:20.289 @PRE009 0
15:05:20.289 @PRE010 50
15:05:20.289 @PRE012 
15:05:20.290 @idx 242
15:14:10.900 @EMP002 系统管理员
15:14:10.928 @EMP033 cebfd1559b68d67688884d7a3d3e8c
