13:33:30.382  异常信息：由于连接方在一段时间后没有正确答复或连接的主机没有反应，连接尝试失败。 192.168.0.170:80
  堆栈信息:   在 AutoUpdate.AppUpdate.DownloadFile(String url, String localFilePath) 位置 D:\ProjectData\MiKe\LineProductMes\LineProductMes\ClassForMain\AppUpdate.cs:行号 239
   在 AutoUpdate.AppUpdate.CheckAppVersion(String& msg) 位置 D:\ProjectData\MiKe\LineProductMes\LineProductMes\ClassForMain\AppUpdate.cs:行号 310
13:34:15.034 @EMP002 系统管理员
13:34:15.035 @EMP033 cebfd1559b68d67688884d7a3d3e8c
13:43:47.701 @PRD001 20181231001
13:43:47.702 @PRD002 2018/12/31 0:00:00
13:43:47.702 @PRD003 False
13:43:47.712 @PRE001 20181231001
13:43:47.712 @PRE002 SD201505140002
13:43:47.712 @PRE003 001
13:43:47.713 @PRE004 TCLNS-11Y3B18/E
13:43:47.713 @PRE005 2018/12/31 0:00:00
13:43:47.713 @PRE006 2015/5/26 0:00:00
13:43:47.713 @PRE007 300
13:43:47.713 @PRE008 100
13:43:47.714 @PRE010 100
13:45:16.432 @PRD001 20181231001
13:45:16.432 @PRD002 2018/12/31 0:00:00
13:45:16.433 @PRD003 False
13:45:16.442 @PRE001 20181231001
13:45:16.442 @PRE002 SD201505140002
13:45:16.443 @PRE003 001
13:45:16.443 @PRE004 TCLNS-11Y3B18/E
13:45:16.444 @PRE005 2018/12/31 0:00:00
13:45:16.444 @PRE006 2015/5/26 0:00:00
13:45:16.445 @PRE007 300
13:45:16.445 @PRE008 100
13:45:16.445 @PRE010 100
