07:56:56.011 @EMP002 系统管理员
07:56:56.012 @EMP033 cebfd1559b68d67688884d7a3d3e8c
08:24:00.861 @EMP002 系统管理员
08:24:00.862 @EMP033 cebfd1559b68d67688884d7a3d3e8c
08:27:13.520 @EMP002 系统管理员
08:27:13.521 @EMP033 cebfd1559b68d67688884d7a3d3e8c
08:27:37.609 @LGN001 20181217001
08:27:37.610 @LGN002 2018/12/17 0:00:00
08:27:37.610 @LGN005 0
08:27:37.611 @LGN006 0
08:27:37.611 @LGN007 计件
08:27:37.611 @LGN008 系统管理员
08:27:37.627 @LOG001 20181217001
08:27:37.627 @LOG002 XH201502270002
08:27:37.627 @LOG003 001
08:27:37.627 @LOG004 MDR302D
08:27:37.627 @LOG005 浴霸-MDR302-淡金-吉祥三宝(电商)
08:27:37.628 @LOG006 1436
08:27:37.628 @LOG007 3.24
08:27:37.628 @LOG008 1000
08:27:37.628 @LOG009 0.062000
08:27:37.631 @LGP001 20181217001
08:27:37.632 @LGP002 10002
08:27:37.632 @LGP003 吴征义
08:27:37.632 @LGP004 成品搬运工
08:27:37.632 @LGP005 在职
08:27:37.633 @LGP006 物流组
08:27:37.633 @LGP007 
08:27:37.633 @LGP008 
08:27:37.633 @LGP009 2018/12/17 8:00:00
08:27:37.633 @LGP010 2018/12/17 17:00:00
08:27:37.633 @LGP011 9
08:27:37.634 @LGP012 0
08:27:37.634 @LGP013 33.5
08:27:37.634 @LGP014 
08:27:37.639 @LGP001 20181217001
08:27:37.639 @LGP002 10003
08:27:37.639 @LGP003 王世洪
08:27:37.639 @LGP004 成品搬运工
08:27:37.639 @LGP005 在职
08:27:37.639 @LGP006 物流组
08:27:37.640 @LGP007 
08:27:37.640 @LGP008 
08:27:37.640 @LGP009 2018/12/17 8:00:00
08:27:37.640 @LGP010 2018/12/17 17:00:00
08:27:37.640 @LGP011 9
08:27:37.641 @LGP012 0
08:27:37.641 @LGP013 33.5
08:27:37.641 @LGP014 
08:27:37.643 @LGP001 20181217001
08:27:37.644 @LGP002 10004
08:27:37.644 @LGP003 李守军
08:27:37.644 @LGP004 成品搬运工
08:27:37.644 @LGP005 在职
08:27:37.644 @LGP006 物流组
08:27:37.645 @LGP007 
08:27:37.645 @LGP008 
08:27:37.645 @LGP009 2018/12/17 8:00:00
08:27:37.647 @LGP010 2018/12/17 17:00:00
08:27:37.647 @LGP011 9
08:27:37.647 @LGP012 0
08:27:37.647 @LGP013 33.5
08:27:37.648 @LGP014 
08:27:37.649 @LGP001 20181217001
08:27:37.649 @LGP002 10005
08:27:37.649 @LGP003 陈波
08:27:37.650 @LGP004 成品搬运工
08:27:37.650 @LGP005 在职
08:27:37.650 @LGP006 物流组
08:27:37.650 @LGP007 
08:27:37.650 @LGP008 
08:27:37.650 @LGP009 2018/12/17 8:00:00
08:27:37.650 @LGP010 2018/12/17 17:00:00
08:27:37.651 @LGP011 9
08:27:37.651 @LGP012 0
08:27:37.651 @LGP013 33.5
08:27:37.651 @LGP014 
08:27:37.654 @LGP001 20181217001
08:27:37.654 @LGP002 10006
08:27:37.654 @LGP003 赵庆书
08:27:37.655 @LGP004 成品搬运工
08:27:37.655 @LGP005 在职
08:27:37.655 @LGP006 物流组
08:27:37.655 @LGP007 
08:27:37.655 @LGP008 
08:27:37.656 @LGP009 2018/12/17 8:00:00
08:27:37.656 @LGP010 2018/12/17 17:00:00
08:27:37.656 @LGP011 9
08:27:37.657 @LGP012 0
08:27:37.657 @LGP013 33.5
08:27:37.657 @LGP014 
08:27:37.661 @LGP001 20181217001
08:27:37.662 @LGP002 10007
08:27:37.662 @LGP003 朱志波
08:27:37.662 @LGP004 成品搬运工
08:27:37.662 @LGP005 在职
08:27:37.662 @LGP006 物流组
08:27:37.662 @LGP007 
08:27:37.662 @LGP008 
08:27:37.663 @LGP009 2018/12/17 8:00:00
08:27:37.663 @LGP010 2018/12/17 17:00:00
08:27:37.663 @LGP011 9
08:27:37.663 @LGP012 0
08:27:37.663 @LGP013 33.5
08:27:37.663 @LGP014 
08:50:20.316 @EMP002 系统管理员
08:50:20.317 @EMP033 cebfd1559b68d67688884d7a3d3e8c
08:52:32.879 @EMP002 系统管理员
08:52:32.880 @EMP033 cebfd1559b68d67688884d7a3d3e8c
09:00:57.828 @EMP002 系统管理员
09:00:57.830 @EMP033 cebfd1559b68d67688884d7a3d3e8c
09:13:04.772 @EMP002 系统管理员
09:13:04.773 @EMP033 e51e6c4ea698bc872c5f2e504383ac59
09:13:08.068 @EMP002 系统管理员
09:13:08.068 @EMP033 cebfd1559b68d67688884d7a3d3e8c
09:14:16.067 @WAG001 20181217001
09:14:16.068 @WAG002 2018/12/13 0:00:00
09:14:16.308 @WAH001 20181217001
09:14:16.309 @WAH002 10002
09:14:16.309 @WAH003 吴征义
09:14:16.309 @WAH004 成品搬运工
09:14:16.309 @WAH006 18
09:14:16.309 @WAH008 81.6
09:14:16.312 @WAH001 20181217001
09:14:16.313 @WAH002 10003
09:14:16.313 @WAH003 王世洪
09:14:16.313 @WAH004 成品搬运工
09:14:16.313 @WAH006 18
09:14:16.313 @WAH008 81.6
09:14:16.315 @WAH001 20181217001
09:14:16.315 @WAH002 10004
09:14:16.316 @WAH003 李守军
09:14:16.316 @WAH004 成品搬运工
09:14:16.316 @WAH006 9
09:14:16.316 @WAH008 0
09:14:16.319 @WAH001 20181217001
09:14:16.319 @WAH002 10005
09:14:16.319 @WAH003 陈波
09:14:16.319 @WAH004 成品搬运工
09:14:16.320 @WAH006 9
09:14:16.320 @WAH008 0
09:14:16.322 @WAH001 20181217001
09:14:16.322 @WAH002 10006
09:14:16.322 @WAH003 赵庆书
09:14:16.322 @WAH004 成品搬运工
09:14:16.322 @WAH006 9
09:14:16.323 @WAH008 0
09:14:16.324 @WAH001 20181217001
09:14:16.324 @WAH002 10007
09:14:16.324 @WAH003 朱志波
09:14:16.325 @WAH004 成品搬运工
09:14:16.325 @WAH006 9
09:14:16.325 @WAH008 0
09:14:16.326 @WAH001 20181217001
09:14:16.326 @WAH002 10016
09:14:16.327 @WAH003 郭婧
09:14:16.327 @WAH004 装配工
09:14:16.327 @WAH006 9
09:14:16.327 @WAH008 17.61
09:14:16.330 @WAH001 20181217001
09:14:16.331 @WAH002 10017
09:14:16.331 @WAH003 龙兴连
09:14:16.331 @WAH004 装配工
09:14:16.331 @WAH006 9
09:14:16.331 @WAH008 17.61
09:14:16.333 @WAH001 20181217001
09:14:16.333 @WAH002 10018
09:14:16.333 @WAH003 刘付连
09:14:16.333 @WAH004 装配工
09:14:16.333 @WAH006 9
09:14:16.333 @WAH008 17.61
09:14:16.335 @WAH001 20181217001
09:14:16.335 @WAH002 10019
09:14:16.336 @WAH003 聂付秋
09:14:16.336 @WAH004 装配工
09:14:16.336 @WAH006 9
09:14:16.336 @WAH008 17.61
09:14:16.342 @WAH001 20181217001
09:14:16.342 @WAH002 10020
09:14:16.342 @WAH003 薛能米
09:14:16.342 @WAH004 装配工
09:14:16.343 @WAH006 9
09:14:16.343 @WAH008 17.61
09:14:16.344 @WAH001 20181217001
09:14:16.344 @WAH002 10021
09:14:16.345 @WAH003 彭顺艳
09:14:16.345 @WAH004 装配工
09:14:16.345 @WAH006 9
09:14:16.345 @WAH008 17.61
09:14:16.346 @WAH001 20181217001
09:14:16.346 @WAH002 10022
09:14:16.347 @WAH003 罗小琴
09:14:16.347 @WAH004 装配工
09:14:16.347 @WAH006 9
09:14:16.347 @WAH008 17.61
09:14:16.348 @WAH001 20181217001
09:14:16.349 @WAH002 10023
09:14:16.349 @WAH003 吕红艳
09:14:16.349 @WAH004 装配工
09:14:16.349 @WAH006 9
09:14:16.349 @WAH008 17.61
09:14:16.350 @WAH001 20181217001
09:14:16.351 @WAH002 10024
09:14:16.351 @WAH003 李朝粉
09:14:16.352 @WAH004 装配工
09:14:16.352 @WAH006 9
09:14:16.352 @WAH008 17.61
09:14:16.354 @WAH001 20181217001
09:14:16.354 @WAH002 10025
09:14:16.354 @WAH003 陈文会
09:14:16.355 @WAH004 装配工
09:14:16.355 @WAH006 9
09:14:16.355 @WAH008 17.61
09:14:16.357 @WAH001 20181217001
09:14:16.357 @WAH002 10026
09:14:16.357 @WAH003 平单单
09:14:16.357 @WAH004 装配工
09:14:16.358 @WAH006 9
09:14:16.358 @WAH008 17.61
09:14:16.359 @WAH001 20181217001
09:14:16.359 @WAH002 10027
09:14:16.360 @WAH003 梁永琴
09:14:16.360 @WAH004 装配工
09:14:16.360 @WAH006 9
09:14:16.360 @WAH008 17.61
09:14:16.362 @WAH001 20181217001
09:14:16.362 @WAH002 10028
09:14:16.362 @WAH003 胡孝明
09:14:16.362 @WAH004 装配工
09:14:16.363 @WAH006 9
09:14:16.363 @WAH008 17.61
09:14:16.364 @WAH001 20181217001
09:14:16.364 @WAH002 10029
09:14:16.365 @WAH003 聂昌奎
09:14:16.365 @WAH004 装配工
09:14:16.365 @WAH006 9
09:14:16.365 @WAH008 17.61
09:14:16.366 @WAH001 20181217001
09:14:16.367 @WAH002 10030
09:14:16.367 @WAH003 陶兴琴
09:14:16.367 @WAH004 装配工
09:14:16.367 @WAH006 9
09:14:16.367 @WAH008 17.61
09:14:16.369 @WAH001 20181217001
09:14:16.369 @WAH002 10031
09:14:16.370 @WAH003 方宇
09:14:16.370 @WAH004 装配工
09:14:16.370 @WAH006 9
09:14:16.370 @WAH008 17.61
09:14:16.373 @WAH001 20181217001
09:14:16.373 @WAH002 10032
09:14:16.373 @WAH003 段进连
09:14:16.374 @WAH004 装配工
09:14:16.374 @WAH006 9
09:14:16.374 @WAH008 17.61
09:14:16.375 @WAH001 20181217001
09:14:16.375 @WAH002 10033
09:14:16.376 @WAH003 唐云云
09:14:16.376 @WAH004 装配工
09:14:16.376 @WAH006 9
09:14:16.376 @WAH008 17.61
09:14:16.377 @WAH001 20181217001
09:14:16.378 @WAH002 10034
09:14:16.378 @WAH003 李大花
09:14:16.378 @WAH004 装配工
09:14:16.378 @WAH006 9
09:14:16.378 @WAH008 17.61
09:14:16.380 @WAH001 20181217001
09:14:16.380 @WAH002 10035
09:14:16.380 @WAH003 黄史作
09:14:16.380 @WAH004 装配工
09:14:16.380 @WAH006 9
09:14:16.381 @WAH008 17.61
09:14:16.382 @WAH001 20181217001
09:14:16.382 @WAH002 10036
09:14:16.382 @WAH003 罗昌梅
09:14:16.382 @WAH004 装配工
09:14:16.382 @WAH006 9
09:14:16.383 @WAH008 17.61
09:14:16.384 @WAH001 20181217001
09:14:16.384 @WAH002 10037
09:14:16.385 @WAH003 赵雨婷
09:14:16.385 @WAH004 装配工
09:14:16.385 @WAH006 9
09:14:16.385 @WAH008 17.61
09:14:16.387 @WAH001 20181217001
09:14:16.387 @WAH002 10038
09:14:16.387 @WAH003 余双双
09:14:16.387 @WAH004 装配工
09:14:16.388 @WAH006 9
09:14:16.388 @WAH008 17.61
09:14:16.390 @WAH001 20181217001
09:14:16.391 @WAH002 10040
09:14:16.391 @WAH003 杜福英
09:14:16.391 @WAH004 装配工
09:14:16.391 @WAH006 9
09:14:16.391 @WAH008 12
09:14:16.394 @WAH001 20181217001
09:14:16.395 @WAH002 10041
09:14:16.395 @WAH003 廖仁琼
09:14:16.395 @WAH004 装配工
09:14:16.395 @WAH006 9
09:14:16.395 @WAH008 12
09:14:16.397 @WAH001 20181217001
09:14:16.397 @WAH002 10042
09:14:16.397 @WAH003 李光艳
09:14:16.398 @WAH004 装配工
09:14:16.398 @WAH006 9
09:14:16.398 @WAH008 12
09:14:16.400 @WAH001 20181217001
09:14:16.400 @WAH002 10043
09:14:16.400 @WAH003 彭荣泽
09:14:16.400 @WAH004 装配工
09:14:16.400 @WAH006 9
09:14:16.400 @WAH008 12
09:14:16.402 @WAH001 20181217001
09:14:16.402 @WAH002 10044
09:14:16.402 @WAH003 何培凤
09:14:16.403 @WAH004 装配工
09:14:16.403 @WAH006 9
09:14:16.403 @WAH008 12
09:14:16.405 @WAH001 20181217001
09:14:16.405 @WAH002 10045
09:14:16.405 @WAH003 李朝伟
09:14:16.405 @WAH004 装配工
09:14:16.406 @WAH006 9
09:14:16.406 @WAH008 12
09:14:16.408 @WAH001 20181217001
09:14:16.408 @WAH002 10046
09:14:16.408 @WAH003 王培秀
09:14:16.408 @WAH004 装配工
09:14:16.409 @WAH006 9
09:14:16.409 @WAH008 12
09:14:16.410 @WAH001 20181217001
09:14:16.410 @WAH002 10047
09:14:16.410 @WAH003 谢武林
09:14:16.411 @WAH004 装配工
09:14:16.411 @WAH006 9
09:14:16.411 @WAH008 12
09:14:16.412 @WAH001 20181217001
09:14:16.413 @WAH002 10048
09:14:16.413 @WAH003 王程平
09:14:16.413 @WAH004 装配工
09:14:16.413 @WAH006 9
09:14:16.413 @WAH008 12
09:14:16.415 @WAH001 20181217001
09:14:16.415 @WAH002 10049
09:14:16.415 @WAH003 韩英
09:14:16.415 @WAH004 装配工
09:14:16.415 @WAH006 9
09:14:16.416 @WAH008 12
09:14:16.417 @WAH001 20181217001
09:14:16.417 @WAH002 10050
09:14:16.417 @WAH003 杨海霞
09:14:16.417 @WAH004 装配工
09:14:16.418 @WAH006 9
09:14:16.418 @WAH008 12
09:14:16.419 @WAH001 20181217001
09:14:16.419 @WAH002 10051
09:14:16.420 @WAH003 熊华美
09:14:16.420 @WAH004 装配工
09:14:16.420 @WAH006 9
09:14:16.420 @WAH008 12
09:14:16.422 @WAH001 20181217001
09:14:16.422 @WAH002 10052
09:14:16.423 @WAH003 孙琼莲
09:14:16.423 @WAH004 装配工
09:14:16.423 @WAH006 9
09:14:16.424 @WAH008 12
09:14:16.425 @WAH001 20181217001
09:14:16.425 @WAH002 10053
09:14:16.425 @WAH003 李林菊
09:14:16.426 @WAH004 装配工
09:14:16.426 @WAH006 9
09:14:16.426 @WAH008 12
09:14:16.427 @WAH001 20181217001
09:14:16.427 @WAH002 10054
09:14:16.428 @WAH003 吴群英
09:14:16.428 @WAH004 装配工
09:14:16.428 @WAH006 9
09:14:16.428 @WAH008 12
09:14:16.429 @WAH001 20181217001
09:14:16.430 @WAH002 10055
09:14:16.430 @WAH003 杨琴
09:14:16.430 @WAH004 装配工
09:14:16.430 @WAH006 9
09:14:16.430 @WAH008 12
09:14:16.432 @WAH001 20181217001
09:14:16.432 @WAH002 10056
09:14:16.432 @WAH003 韩艳
09:14:16.432 @WAH004 装配工
09:14:16.432 @WAH006 9
09:14:16.433 @WAH008 12
09:14:16.434 @WAH001 20181217001
09:14:16.434 @WAH002 10057
09:14:16.434 @WAH003 张瑜
09:14:16.434 @WAH004 装配工
09:14:16.435 @WAH006 9
09:14:16.435 @WAH008 12
09:14:16.437 @WAH001 20181217001
09:14:16.437 @WAH002 10058
09:14:16.437 @WAH003 李光云
09:14:16.437 @WAH004 装配工
09:14:16.438 @WAH006 9
09:14:16.438 @WAH008 12
09:14:16.441 @WAH001 20181217001
09:14:16.441 @WAH002 10059
09:14:16.441 @WAH003 唐春凤
09:14:16.442 @WAH004 装配工
09:14:16.442 @WAH006 9
09:14:16.442 @WAH008 12
09:14:16.443 @WAH001 20181217001
09:14:16.443 @WAH002 10060
09:14:16.443 @WAH003 陈朝香
09:14:16.444 @WAH004 装配工
09:14:16.444 @WAH006 9
09:14:16.444 @WAH008 12
09:14:16.445 @WAH001 20181217001
09:14:16.446 @WAH002 10061
09:14:16.446 @WAH003 张小婵
09:14:16.446 @WAH004 装配工
09:14:16.446 @WAH006 9
09:14:16.446 @WAH008 12
09:14:16.448 @WAH001 20181217001
09:14:16.448 @WAH002 10062
09:14:16.448 @WAH003 曾昭婵
09:14:16.448 @WAH004 装配工
09:14:16.449 @WAH006 9
09:14:16.449 @WAH008 12
09:14:16.450 @WAH001 20181217001
09:14:16.450 @WAH002 10063
09:14:16.450 @WAH003 牟飞
09:14:16.451 @WAH004 装配工
09:14:16.451 @WAH006 9
09:14:16.451 @WAH008 12
09:14:16.452 @WAH001 20181217001
09:14:16.452 @WAH002 10064
09:14:16.453 @WAH003 牟欢
09:14:16.453 @WAH004 装配工
09:14:16.453 @WAH006 9
09:14:16.453 @WAH008 12
09:14:16.455 @WAH001 20181217001
09:14:16.456 @WAH002 10065
09:14:16.456 @WAH003 陶炼
09:14:16.456 @WAH004 装配工
09:14:16.456 @WAH006 9
09:14:16.457 @WAH008 12
09:14:16.458 @WAH001 20181217001
09:14:16.458 @WAH002 10066
09:14:16.459 @WAH003 杜光斌
09:14:16.459 @WAH004 装配工
09:14:16.459 @WAH006 9
09:14:16.459 @WAH008 12
09:14:16.460 @WAH001 20181217001
09:14:16.461 @WAH002 10067
09:14:16.461 @WAH003 朱大艳
09:14:16.461 @WAH004 装配工
09:14:16.461 @WAH006 9
09:14:16.461 @WAH008 12
09:14:16.463 @WAH001 20181217001
09:14:16.463 @WAH002 10068
09:14:16.463 @WAH003 王银祥
09:14:16.463 @WAH004 装配工
09:14:16.464 @WAH006 9
09:14:16.464 @WAH008 12
09:14:16.465 @WAH001 20181217001
09:14:16.465 @WAH002 10069
09:14:16.465 @WAH003 王建琼
09:14:16.466 @WAH004 装配工
09:14:16.466 @WAH006 9
09:14:16.466 @WAH008 12
09:14:16.467 @WAH001 20181217001
09:14:16.467 @WAH002 10093
09:14:16.467 @WAH003 陈林甫
09:14:16.468 @WAH004 喷漆工
09:14:16.468 @WAH006 9
09:14:16.468 @WAH008 21.38
09:14:16.469 @WAH001 20181217001
09:14:16.469 @WAH002 10094
09:14:16.470 @WAH003 张正友
09:14:16.470 @WAH004 喷漆工
09:14:16.470 @WAH006 9
09:14:16.470 @WAH008 21.38
09:14:16.472 @WAH001 20181217001
09:14:16.473 @WAH002 10095
09:14:16.473 @WAH003 王光
09:14:16.473 @WAH004 喷漆工
09:14:16.473 @WAH006 9
09:14:16.474 @WAH008 21.38
09:14:16.477 @WAH001 20181217001
09:14:16.477 @WAH002 10096
09:14:16.477 @WAH003 钱均鹏
09:14:16.477 @WAH004 喷漆工
09:14:16.478 @WAH006 9
09:14:16.478 @WAH008 21.38
09:14:16.479 @WAH001 20181217001
09:14:16.479 @WAH002 10097
09:14:16.480 @WAH003 陆秋云
09:14:16.480 @WAH004 装配工
09:14:16.480 @WAH006 9
09:14:16.480 @WAH008 71.25
09:14:16.481 @WAH001 20181217001
09:14:16.481 @WAH002 10098
09:14:16.482 @WAH003 郁叶琴
09:14:16.482 @WAH004 装配工
09:14:16.482 @WAH006 9
09:14:16.482 @WAH008 71.25
09:16:21.633 @EMP002 系统管理员
09:16:21.633 @EMP033 cebfd1559b68d67688884d7a3d3e8c
09:16:59.609 @EMP002 陈显元
09:16:59.609 @EMP033 cebfd1559b68d67688884d7a3d3e8c
09:20:05.869 @EMP002 陈显元
09:20:05.870 @EMP033 cebfd1559b68d67688884d7a3d3e8c
09:22:11.972 @EMP002 陈显元
09:22:11.972 @EMP033 e51e6c4ea698bc872c5f2e504383ac59
09:22:14.857 @EMP002 陈显元
09:22:14.857 @EMP033 cebfd1559b68d67688884d7a3d3e8c
09:22:48.830 @WAH010 0.000000
09:22:48.830 @WAH011 0.000000
09:22:48.831 @WAH015 0.000000
09:22:48.832 @WAH016 0.000000
09:22:48.832 @WAH017 0.000000
09:22:48.832 @WAH018 0.000000
09:22:48.832 @WAH019 0.000000
09:22:48.832 @WAH022 1.000000
09:22:48.834 @idx 185
09:22:48.841 @WAH010 0.000000
09:22:48.841 @WAH011 0.000000
09:22:48.841 @WAH015 0.000000
09:22:48.841 @WAH016 0.000000
09:22:48.841 @WAH017 0.000000
09:22:48.842 @WAH018 0.000000
09:22:48.842 @WAH019 0.000000
09:22:48.842 @WAH022 1.000000
09:22:48.842 @idx 186
09:22:48.849 @WAH010 0.000000
09:22:48.850 @WAH011 0.000000
09:22:48.850 @WAH015 0.000000
09:22:48.850 @WAH016 0.000000
09:22:48.850 @WAH017 0.000000
09:22:48.850 @WAH018 0.000000
09:22:48.850 @WAH019 0.000000
09:22:48.851 @WAH022 1.000000
09:22:48.851 @idx 187
09:22:48.854 @WAH010 0.000000
09:22:48.855 @WAH011 0.000000
09:22:48.855 @WAH015 0.000000
09:22:48.855 @WAH016 0.000000
09:22:48.855 @WAH017 0.000000
09:22:48.855 @WAH018 0.000000
09:22:48.855 @WAH019 0.000000
09:22:48.855 @WAH022 1.000000
09:22:48.855 @idx 188
09:22:48.858 @WAH010 0.000000
09:22:48.858 @WAH011 0.000000
09:22:48.858 @WAH015 0.000000
09:22:48.858 @WAH016 0.000000
09:22:48.858 @WAH017 0.000000
09:22:48.858 @WAH018 0.000000
09:22:48.859 @WAH019 0.000000
09:22:48.859 @WAH022 1.000000
09:22:48.859 @idx 189
09:22:48.873 @WAH010 0.000000
09:22:48.874 @WAH011 0.000000
09:22:48.874 @WAH015 0.000000
09:22:48.874 @WAH016 0.000000
09:22:48.874 @WAH017 0.000000
09:22:48.874 @WAH018 0.000000
09:22:48.874 @WAH019 0.000000
09:22:48.874 @WAH022 1.000000
09:22:48.874 @idx 190
09:26:25.741 @EMP002 陈显元
09:26:25.742 @EMP033 cebfd1559b68d67688884d7a3d3e8c
09:37:00.281 @EMP002 陈显元
09:37:00.282 @EMP033 cebfd1559b68d67688884d7a3d3e8c
09:37:37.897 @WAH001 20181217001
09:37:37.897 @WAH002 10002
09:37:37.897 @WAH003 吴征义
09:37:37.897 @WAH004 成品搬运工
09:37:37.897 @WAH006 18
09:37:37.897 @WAH008 81.6
09:37:37.902 @WAH001 20181217001
09:37:37.902 @WAH002 10003
09:37:37.902 @WAH003 王世洪
09:37:37.903 @WAH004 成品搬运工
09:37:37.903 @WAH006 18
09:37:37.903 @WAH008 81.6
09:37:37.905 @WAH001 20181217001
09:37:37.905 @WAH002 10004
09:37:37.906 @WAH003 李守军
09:37:37.906 @WAH004 成品搬运工
09:37:37.906 @WAH006 9
09:37:37.906 @WAH008 0
09:37:37.910 @WAH001 20181217001
09:37:37.910 @WAH002 10005
09:37:37.911 @WAH003 陈波
09:37:37.911 @WAH004 成品搬运工
09:37:37.911 @WAH006 9
09:37:37.911 @WAH008 0
09:37:37.913 @WAH001 20181217001
09:37:37.914 @WAH002 10006
09:37:37.914 @WAH003 赵庆书
09:37:37.914 @WAH004 成品搬运工
09:37:37.914 @WAH006 9
09:37:37.914 @WAH008 0
09:37:37.923 @WAH001 20181217001
09:37:37.923 @WAH002 10007
09:37:37.923 @WAH003 朱志波
09:37:37.924 @WAH004 成品搬运工
09:37:37.924 @WAH006 9
09:37:37.924 @WAH008 0
09:37:37.927 @WAH001 20181217001
09:37:37.927 @WAH002 10016
09:37:37.927 @WAH003 郭婧
09:37:37.928 @WAH004 装配工
09:37:37.928 @WAH006 9
09:37:37.928 @WAH008 17.61
09:37:37.938 @WAH001 20181217001
09:37:37.939 @WAH002 10017
09:37:37.939 @WAH003 龙兴连
09:37:37.939 @WAH004 装配工
09:37:37.939 @WAH006 9
09:37:37.939 @WAH008 17.61
09:37:37.941 @WAH001 20181217001
09:37:37.942 @WAH002 10018
09:37:37.942 @WAH003 刘付连
09:37:37.942 @WAH004 装配工
09:37:37.942 @WAH006 9
09:37:37.942 @WAH008 17.61
09:37:37.944 @WAH001 20181217001
09:37:37.944 @WAH002 10019
09:37:37.944 @WAH003 聂付秋
09:37:37.944 @WAH004 装配工
09:37:37.944 @WAH006 9
09:37:37.945 @WAH008 17.61
09:37:37.946 @WAH001 20181217001
09:37:37.946 @WAH002 10020
09:37:37.946 @WAH003 薛能米
09:37:37.947 @WAH004 装配工
09:37:37.947 @WAH006 9
09:37:37.947 @WAH008 17.61
09:37:37.948 @WAH001 20181217001
09:37:37.948 @WAH002 10021
09:37:37.949 @WAH003 彭顺艳
09:37:37.949 @WAH004 装配工
09:37:37.949 @WAH006 9
09:37:37.949 @WAH008 17.61
09:37:37.951 @WAH001 20181217001
09:37:37.952 @WAH002 10022
09:37:37.952 @WAH003 罗小琴
09:37:37.952 @WAH004 装配工
09:37:37.952 @WAH006 9
09:37:37.953 @WAH008 17.61
09:37:37.954 @WAH001 20181217001
09:37:37.954 @WAH002 10023
09:37:37.954 @WAH003 吕红艳
09:37:37.955 @WAH004 装配工
09:37:37.955 @WAH006 9
09:37:37.955 @WAH008 17.61
09:37:37.957 @WAH001 20181217001
09:37:37.957 @WAH002 10024
09:37:37.957 @WAH003 李朝粉
09:37:37.957 @WAH004 装配工
09:37:37.958 @WAH006 9
09:37:37.958 @WAH008 17.61
09:37:37.959 @WAH001 20181217001
09:37:37.959 @WAH002 10025
09:37:37.959 @WAH003 陈文会
09:37:37.960 @WAH004 装配工
09:37:37.960 @WAH006 9
09:37:37.960 @WAH008 17.61
09:37:37.961 @WAH001 20181217001
09:37:37.962 @WAH002 10026
09:37:37.962 @WAH003 平单单
09:37:37.962 @WAH004 装配工
09:37:37.962 @WAH006 9
09:37:37.962 @WAH008 17.61
09:37:37.964 @WAH001 20181217001
09:37:37.964 @WAH002 10027
09:37:37.964 @WAH003 梁永琴
09:37:37.964 @WAH004 装配工
09:37:37.964 @WAH006 9
09:37:37.965 @WAH008 17.61
09:37:37.966 @WAH001 20181217001
09:37:37.966 @WAH002 10028
09:37:37.967 @WAH003 胡孝明
09:37:37.967 @WAH004 装配工
09:37:37.967 @WAH006 9
09:37:37.967 @WAH008 17.61
09:37:37.969 @WAH001 20181217001
09:37:37.970 @WAH002 10029
09:37:37.970 @WAH003 聂昌奎
09:37:37.970 @WAH004 装配工
09:37:37.971 @WAH006 9
09:37:37.971 @WAH008 17.61
09:37:37.972 @WAH001 20181217001
09:37:37.973 @WAH002 10030
09:37:37.973 @WAH003 陶兴琴
09:37:37.973 @WAH004 装配工
09:37:37.973 @WAH006 9
09:37:37.973 @WAH008 17.61
09:37:37.975 @WAH001 20181217001
09:37:37.975 @WAH002 10031
09:37:37.975 @WAH003 方宇
09:37:37.975 @WAH004 装配工
09:37:37.976 @WAH006 9
09:37:37.976 @WAH008 17.61
09:37:37.977 @WAH001 20181217001
09:37:37.977 @WAH002 10032
09:37:37.977 @WAH003 段进连
09:37:37.978 @WAH004 装配工
09:37:37.978 @WAH006 9
09:37:37.978 @WAH008 17.61
09:37:37.979 @WAH001 20181217001
09:37:37.980 @WAH002 10033
09:37:37.980 @WAH003 唐云云
09:37:37.980 @WAH004 装配工
09:37:37.980 @WAH006 9
09:37:37.980 @WAH008 17.61
09:37:37.982 @WAH001 20181217001
09:37:37.982 @WAH002 10034
09:37:37.982 @WAH003 李大花
09:37:37.982 @WAH004 装配工
09:37:37.982 @WAH006 9
09:37:37.983 @WAH008 17.61
09:37:37.986 @WAH001 20181217001
09:37:37.987 @WAH002 10035
09:37:37.987 @WAH003 黄史作
09:37:37.987 @WAH004 装配工
09:37:37.988 @WAH006 9
09:37:37.988 @WAH008 17.61
09:37:37.989 @WAH001 20181217001
09:37:37.989 @WAH002 10036
09:37:37.989 @WAH003 罗昌梅
09:37:37.990 @WAH004 装配工
09:37:37.990 @WAH006 9
09:37:37.990 @WAH008 17.61
09:37:37.991 @WAH001 20181217001
09:37:37.991 @WAH002 10037
09:37:37.992 @WAH003 赵雨婷
09:37:37.992 @WAH004 装配工
09:37:37.992 @WAH006 9
09:37:37.992 @WAH008 17.61
09:37:37.993 @WAH001 20181217001
09:37:37.993 @WAH002 10038
09:37:37.994 @WAH003 余双双
09:37:37.994 @WAH004 装配工
09:37:37.994 @WAH006 9
09:37:37.994 @WAH008 17.61
09:37:37.996 @WAH001 20181217001
09:37:37.996 @WAH002 10040
09:37:37.996 @WAH003 杜福英
09:37:37.996 @WAH004 装配工
09:37:37.996 @WAH006 9
09:37:37.997 @WAH008 12
09:37:38.002 @WAH001 20181217001
09:37:38.002 @WAH002 10041
09:37:38.002 @WAH003 廖仁琼
09:37:38.003 @WAH004 装配工
09:37:38.003 @WAH006 9
09:37:38.003 @WAH008 12
09:37:38.005 @WAH001 20181217001
09:37:38.005 @WAH002 10042
09:37:38.005 @WAH003 李光艳
09:37:38.005 @WAH004 装配工
09:37:38.006 @WAH006 9
09:37:38.006 @WAH008 12
09:37:38.007 @WAH001 20181217001
09:37:38.007 @WAH002 10043
09:37:38.007 @WAH003 彭荣泽
09:37:38.008 @WAH004 装配工
09:37:38.008 @WAH006 9
09:37:38.008 @WAH008 12
09:37:38.009 @WAH001 20181217001
09:37:38.009 @WAH002 10044
09:37:38.010 @WAH003 何培凤
09:37:38.010 @WAH004 装配工
09:37:38.010 @WAH006 9
09:37:38.010 @WAH008 12
09:37:38.011 @WAH001 20181217001
09:37:38.012 @WAH002 10045
09:37:38.012 @WAH003 李朝伟
09:37:38.012 @WAH004 装配工
09:37:38.012 @WAH006 9
09:37:38.013 @WAH008 12
09:37:38.014 @WAH001 20181217001
09:37:38.015 @WAH002 10046
09:37:38.015 @WAH003 王培秀
09:37:38.015 @WAH004 装配工
09:37:38.015 @WAH006 9
09:37:38.015 @WAH008 12
09:37:38.018 @WAH001 20181217001
09:37:38.018 @WAH002 10047
09:37:38.018 @WAH003 谢武林
09:37:38.019 @WAH004 装配工
09:37:38.019 @WAH006 9
09:37:38.019 @WAH008 12
09:37:38.021 @WAH001 20181217001
09:37:38.021 @WAH002 10048
09:37:38.021 @WAH003 王程平
09:37:38.021 @WAH004 装配工
09:37:38.022 @WAH006 9
09:37:38.022 @WAH008 12
09:37:38.023 @WAH001 20181217001
09:37:38.023 @WAH002 10049
09:37:38.023 @WAH003 韩英
09:37:38.023 @WAH004 装配工
09:37:38.024 @WAH006 9
09:37:38.024 @WAH008 12
09:37:38.025 @WAH001 20181217001
09:37:38.025 @WAH002 10050
09:37:38.031 @WAH003 杨海霞
09:37:38.031 @WAH004 装配工
09:37:38.031 @WAH006 9
09:37:38.031 @WAH008 12
09:37:38.033 @WAH001 20181217001
09:37:38.033 @WAH002 10051
09:37:38.033 @WAH003 熊华美
09:37:38.034 @WAH004 装配工
09:37:38.034 @WAH006 9
09:37:38.034 @WAH008 12
09:37:38.037 @WAH001 20181217001
09:37:38.037 @WAH002 10052
09:37:38.038 @WAH003 孙琼莲
09:37:38.038 @WAH004 装配工
09:37:38.038 @WAH006 9
09:37:38.038 @WAH008 12
09:37:38.040 @WAH001 20181217001
09:37:38.040 @WAH002 10053
09:37:38.040 @WAH003 李林菊
09:37:38.040 @WAH004 装配工
09:37:38.040 @WAH006 9
09:37:38.041 @WAH008 12
09:37:38.042 @WAH001 20181217001
09:37:38.042 @WAH002 10054
09:37:38.042 @WAH003 吴群英
09:37:38.042 @WAH004 装配工
09:37:38.043 @WAH006 9
09:37:38.043 @WAH008 12
09:37:38.044 @WAH001 20181217001
09:37:38.044 @WAH002 10055
09:37:38.045 @WAH003 杨琴
09:37:38.045 @WAH004 装配工
09:37:38.045 @WAH006 9
09:37:38.045 @WAH008 12
09:37:38.047 @WAH001 20181217001
09:37:38.047 @WAH002 10056
09:37:38.047 @WAH003 韩艳
09:37:38.047 @WAH004 装配工
09:37:38.047 @WAH006 9
09:37:38.048 @WAH008 12
09:37:38.049 @WAH001 20181217001
09:37:38.049 @WAH002 10057
09:37:38.049 @WAH003 张瑜
09:37:38.050 @WAH004 装配工
09:37:38.050 @WAH006 9
09:37:38.050 @WAH008 12
09:37:38.053 @WAH001 20181217001
09:37:38.053 @WAH002 10058
09:37:38.053 @WAH003 李光云
09:37:38.053 @WAH004 装配工
09:37:38.054 @WAH006 9
09:37:38.054 @WAH008 12
09:37:38.055 @WAH001 20181217001
09:37:38.055 @WAH002 10059
09:37:38.055 @WAH003 唐春凤
09:37:38.056 @WAH004 装配工
09:37:38.056 @WAH006 9
09:37:38.056 @WAH008 12
09:37:38.057 @WAH001 20181217001
09:37:38.058 @WAH002 10060
09:37:38.058 @WAH003 陈朝香
09:37:38.058 @WAH004 装配工
09:37:38.058 @WAH006 9
09:37:38.058 @WAH008 12
09:37:38.060 @WAH001 20181217001
09:37:38.060 @WAH002 10061
09:37:38.060 @WAH003 张小婵
09:37:38.060 @WAH004 装配工
09:37:38.061 @WAH006 9
09:37:38.061 @WAH008 12
09:37:38.062 @WAH001 20181217001
09:37:38.062 @WAH002 10062
09:37:38.062 @WAH003 曾昭婵
09:37:38.063 @WAH004 装配工
09:37:38.063 @WAH006 9
09:37:38.063 @WAH008 12
09:37:38.065 @WAH001 20181217001
09:37:38.065 @WAH002 10063
09:37:38.065 @WAH003 牟飞
09:37:38.065 @WAH004 装配工
09:37:38.065 @WAH006 9
09:37:38.066 @WAH008 12
09:37:38.068 @WAH001 20181217001
09:37:38.068 @WAH002 10064
09:37:38.068 @WAH003 牟欢
09:37:38.069 @WAH004 装配工
09:37:38.069 @WAH006 9
09:37:38.069 @WAH008 12
09:37:38.071 @WAH001 20181217001
09:37:38.071 @WAH002 10065
09:37:38.071 @WAH003 陶炼
09:37:38.071 @WAH004 装配工
09:37:38.071 @WAH006 9
09:37:38.072 @WAH008 12
09:37:38.073 @WAH001 20181217001
09:37:38.073 @WAH002 10066
09:37:38.073 @WAH003 杜光斌
09:37:38.074 @WAH004 装配工
09:37:38.074 @WAH006 9
09:37:38.074 @WAH008 12
09:37:38.075 @WAH001 20181217001
09:37:38.075 @WAH002 10067
09:37:38.076 @WAH003 朱大艳
09:37:38.076 @WAH004 装配工
09:37:38.076 @WAH006 9
09:37:38.076 @WAH008 12
09:37:38.078 @WAH001 20181217001
09:37:38.078 @WAH002 10068
09:37:38.078 @WAH003 王银祥
09:37:38.078 @WAH004 装配工
09:37:38.078 @WAH006 9
09:37:38.079 @WAH008 12
09:37:38.080 @WAH001 20181217001
09:37:38.080 @WAH002 10069
09:37:38.080 @WAH003 王建琼
09:37:38.081 @WAH004 装配工
09:37:38.081 @WAH006 9
09:37:38.081 @WAH008 12
09:37:38.083 @WAH001 20181217001
09:37:38.083 @WAH002 10093
09:37:38.083 @WAH003 陈林甫
09:37:38.084 @WAH004 喷漆工
09:37:38.084 @WAH006 9
09:37:38.084 @WAH008 21.38
09:37:38.087 @WAH001 20181217001
09:37:38.087 @WAH002 10094
09:37:38.087 @WAH003 张正友
09:37:38.087 @WAH004 喷漆工
09:37:38.088 @WAH006 9
09:37:38.088 @WAH008 21.38
09:37:38.089 @WAH001 20181217001
09:37:38.089 @WAH002 10095
09:37:38.090 @WAH003 王光
09:37:38.090 @WAH004 喷漆工
09:37:38.090 @WAH006 9
09:37:38.090 @WAH008 21.38
09:37:38.091 @WAH001 20181217001
09:37:38.091 @WAH002 10096
09:37:38.092 @WAH003 钱均鹏
09:37:38.092 @WAH004 喷漆工
09:37:38.092 @WAH006 9
09:37:38.092 @WAH008 21.38
09:37:38.093 @WAH001 20181217001
09:37:38.093 @WAH002 10097
09:37:38.094 @WAH003 陆秋云
09:37:38.094 @WAH004 装配工
09:37:38.094 @WAH006 9
09:37:38.094 @WAH008 71.25
09:37:38.096 @WAH001 20181217001
09:37:38.096 @WAH002 10098
09:37:38.096 @WAH003 郁叶琴
09:37:38.096 @WAH004 装配工
09:37:38.096 @WAH006 9
09:37:38.097 @WAH008 71.25
09:38:53.553 @EMP002 陈显元
09:38:53.554 @EMP033 cebfd1559b68d67688884d7a3d3e8c
09:39:34.632 @WAH001 20181217001
09:39:34.632 @WAH002 10002
09:39:34.632 @WAH003 吴征义
09:39:34.632 @WAH004 成品搬运工
09:39:34.632 @WAH006 18
09:39:34.632 @WAH008 81.6
09:39:34.635 @WAH001 20181217001
09:39:34.635 @WAH002 10003
09:39:34.635 @WAH003 王世洪
09:39:34.636 @WAH004 成品搬运工
09:39:34.636 @WAH006 18
09:39:34.636 @WAH008 81.6
09:39:34.639 @WAH001 20181217001
09:39:34.639 @WAH002 10004
09:39:34.639 @WAH003 李守军
09:39:34.639 @WAH004 成品搬运工
09:39:34.639 @WAH006 9
09:39:34.640 @WAH008 0
09:39:34.641 @WAH001 20181217001
09:39:34.641 @WAH002 10005
09:39:34.642 @WAH003 陈波
09:39:34.642 @WAH004 成品搬运工
09:39:34.642 @WAH006 9
09:39:34.642 @WAH008 0
09:39:34.647 @WAH001 20181217001
09:39:34.648 @WAH002 10006
09:39:34.648 @WAH003 赵庆书
09:39:34.648 @WAH004 成品搬运工
09:39:34.648 @WAH006 9
09:39:34.648 @WAH008 0
09:39:34.655 @WAH001 20181217001
09:39:34.655 @WAH002 10007
09:39:34.655 @WAH003 朱志波
09:39:34.655 @WAH004 成品搬运工
09:39:34.656 @WAH006 9
09:39:34.656 @WAH008 0
09:39:34.660 @WAH001 20181217001
09:39:34.660 @WAH002 10016
09:39:34.660 @WAH003 郭婧
09:39:34.660 @WAH004 装配工
09:39:34.660 @WAH006 9
09:39:34.660 @WAH008 17.61
09:39:34.664 @WAH001 20181217001
09:39:34.664 @WAH002 10017
09:39:34.664 @WAH003 龙兴连
09:39:34.664 @WAH004 装配工
09:39:34.664 @WAH006 9
09:39:34.664 @WAH008 17.61
09:39:34.666 @WAH001 20181217001
09:39:34.666 @WAH002 10018
09:39:34.666 @WAH003 刘付连
09:39:34.666 @WAH004 装配工
09:39:34.667 @WAH006 9
09:39:34.667 @WAH008 17.61
09:39:34.669 @WAH001 20181217001
09:39:34.669 @WAH002 10019
09:39:34.670 @WAH003 聂付秋
09:39:34.670 @WAH004 装配工
09:39:34.670 @WAH006 9
09:39:34.670 @WAH008 17.61
09:39:34.672 @WAH001 20181217001
09:39:34.672 @WAH002 10020
09:39:34.672 @WAH003 薛能米
09:39:34.672 @WAH004 装配工
09:39:34.672 @WAH006 9
09:39:34.673 @WAH008 17.61
09:39:34.675 @WAH001 20181217001
09:39:34.675 @WAH002 10021
09:39:34.675 @WAH003 彭顺艳
09:39:34.675 @WAH004 装配工
09:39:34.675 @WAH006 9
09:39:34.676 @WAH008 17.61
09:39:34.678 @WAH001 20181217001
09:39:34.678 @WAH002 10022
09:39:34.679 @WAH003 罗小琴
09:39:34.679 @WAH004 装配工
09:39:34.679 @WAH006 9
09:39:34.679 @WAH008 17.61
09:39:34.681 @WAH001 20181217001
09:39:34.681 @WAH002 10023
09:39:34.681 @WAH003 吕红艳
09:39:34.682 @WAH004 装配工
09:39:34.682 @WAH006 9
09:39:34.682 @WAH008 17.61
09:39:34.684 @WAH001 20181217001
09:39:34.684 @WAH002 10024
09:39:34.684 @WAH003 李朝粉
09:39:34.684 @WAH004 装配工
09:39:34.685 @WAH006 9
09:39:34.685 @WAH008 17.61
09:39:34.689 @WAH001 20181217001
09:39:34.689 @WAH002 10025
09:39:34.689 @WAH003 陈文会
09:39:34.690 @WAH004 装配工
09:39:34.690 @WAH006 9
09:39:34.690 @WAH008 17.61
09:39:34.693 @WAH001 20181217001
09:39:34.693 @WAH002 10026
09:39:34.694 @WAH003 平单单
09:39:34.694 @WAH004 装配工
09:39:34.694 @WAH006 9
09:39:34.694 @WAH008 17.61
09:39:34.696 @WAH001 20181217001
09:39:34.696 @WAH002 10027
09:39:34.696 @WAH003 梁永琴
09:39:34.696 @WAH004 装配工
09:39:34.696 @WAH006 9
09:39:34.696 @WAH008 17.61
09:39:34.698 @WAH001 20181217001
09:39:34.698 @WAH002 10028
09:39:34.698 @WAH003 胡孝明
09:39:34.698 @WAH004 装配工
09:39:34.699 @WAH006 9
09:39:34.699 @WAH008 17.61
09:39:34.700 @WAH001 20181217001
09:39:34.701 @WAH002 10029
09:39:34.701 @WAH003 聂昌奎
09:39:34.701 @WAH004 装配工
09:39:34.701 @WAH006 9
09:39:34.702 @WAH008 17.61
09:39:34.703 @WAH001 20181217001
09:39:34.703 @WAH002 10030
09:39:34.703 @WAH003 陶兴琴
09:39:34.704 @WAH004 装配工
09:39:34.704 @WAH006 9
09:39:34.704 @WAH008 17.61
09:39:34.709 @WAH001 20181217001
09:39:34.709 @WAH002 10031
09:39:34.710 @WAH003 方宇
09:39:34.710 @WAH004 装配工
09:39:34.710 @WAH006 9
09:39:34.710 @WAH008 17.61
09:39:34.712 @WAH001 20181217001
09:39:34.712 @WAH002 10032
09:39:34.712 @WAH003 段进连
09:39:34.713 @WAH004 装配工
09:39:34.713 @WAH006 9
09:39:34.713 @WAH008 17.61
09:39:34.714 @WAH001 20181217001
09:39:34.714 @WAH002 10033
09:39:34.715 @WAH003 唐云云
09:39:34.715 @WAH004 装配工
09:39:34.715 @WAH006 9
09:39:34.715 @WAH008 17.61
09:39:34.716 @WAH001 20181217001
09:39:34.717 @WAH002 10034
09:39:34.717 @WAH003 李大花
09:39:34.717 @WAH004 装配工
09:39:34.717 @WAH006 9
09:39:34.718 @WAH008 17.61
09:39:34.719 @WAH001 20181217001
09:39:34.720 @WAH002 10035
09:39:34.720 @WAH003 黄史作
09:39:34.720 @WAH004 装配工
09:39:34.720 @WAH006 9
09:39:34.720 @WAH008 17.61
09:39:34.723 @WAH001 20181217001
09:39:34.723 @WAH002 10036
09:39:34.723 @WAH003 罗昌梅
09:39:34.723 @WAH004 装配工
09:39:34.724 @WAH006 9
09:39:34.724 @WAH008 17.61
09:39:34.726 @WAH001 20181217001
09:39:34.726 @WAH002 10037
09:39:34.726 @WAH003 赵雨婷
09:39:34.726 @WAH004 装配工
09:39:34.727 @WAH006 9
09:39:34.727 @WAH008 17.61
09:39:34.728 @WAH001 20181217001
09:39:34.729 @WAH002 10038
09:39:34.729 @WAH003 余双双
09:39:34.729 @WAH004 装配工
09:39:34.729 @WAH006 9
09:39:34.730 @WAH008 17.61
09:39:34.731 @WAH001 20181217001
09:39:34.732 @WAH002 10040
09:39:34.732 @WAH003 杜福英
09:39:34.732 @WAH004 装配工
09:39:34.732 @WAH006 9
09:39:34.733 @WAH008 12
09:39:34.734 @WAH001 20181217001
09:39:34.734 @WAH002 10041
09:39:34.735 @WAH003 廖仁琼
09:39:34.735 @WAH004 装配工
09:39:34.735 @WAH006 9
09:39:34.735 @WAH008 12
09:39:34.737 @WAH001 20181217001
09:39:34.737 @WAH002 10042
09:39:34.738 @WAH003 李光艳
09:39:34.738 @WAH004 装配工
09:39:34.738 @WAH006 9
09:39:34.738 @WAH008 12
09:39:34.740 @WAH001 20181217001
09:39:34.740 @WAH002 10043
09:39:34.740 @WAH003 彭荣泽
09:39:34.741 @WAH004 装配工
09:39:34.741 @WAH006 9
09:39:34.741 @WAH008 12
09:39:34.743 @WAH001 20181217001
09:39:34.743 @WAH002 10044
09:39:34.743 @WAH003 何培凤
09:39:34.744 @WAH004 装配工
09:39:34.744 @WAH006 9
09:39:34.744 @WAH008 12
09:39:34.745 @WAH001 20181217001
09:39:34.745 @WAH002 10045
09:39:34.746 @WAH003 李朝伟
09:39:34.746 @WAH004 装配工
09:39:34.746 @WAH006 9
09:39:34.746 @WAH008 12
09:39:34.747 @WAH001 20181217001
09:39:34.748 @WAH002 10046
09:39:34.748 @WAH003 王培秀
09:39:34.748 @WAH004 装配工
09:39:34.748 @WAH006 9
09:39:34.748 @WAH008 12
09:39:34.750 @WAH001 20181217001
09:39:34.751 @WAH002 10047
09:39:34.751 @WAH003 谢武林
09:39:34.751 @WAH004 装配工
09:39:34.751 @WAH006 9
09:39:34.752 @WAH008 12
09:39:34.753 @WAH001 20181217001
09:39:34.753 @WAH002 10048
09:39:34.753 @WAH003 王程平
09:39:34.754 @WAH004 装配工
09:39:34.754 @WAH006 9
09:39:34.754 @WAH008 12
09:39:34.756 @WAH001 20181217001
09:39:34.756 @WAH002 10049
09:39:34.756 @WAH003 韩英
09:39:34.756 @WAH004 装配工
09:39:34.757 @WAH006 9
09:39:34.757 @WAH008 12
09:39:34.758 @WAH001 20181217001
09:39:34.759 @WAH002 10050
09:39:34.759 @WAH003 杨海霞
09:39:34.759 @WAH004 装配工
09:39:34.759 @WAH006 9
09:39:34.759 @WAH008 12
09:39:34.761 @WAH001 20181217001
09:39:34.761 @WAH002 10051
09:39:34.761 @WAH003 熊华美
09:39:34.761 @WAH004 装配工
09:39:34.762 @WAH006 9
09:39:34.762 @WAH008 12
09:39:34.763 @WAH001 20181217001
09:39:34.763 @WAH002 10052
09:39:34.763 @WAH003 孙琼莲
09:39:34.764 @WAH004 装配工
09:39:34.764 @WAH006 9
09:39:34.764 @WAH008 12
09:39:34.765 @WAH001 20181217001
09:39:34.765 @WAH002 10053
09:39:34.766 @WAH003 李林菊
09:39:34.766 @WAH004 装配工
09:39:34.766 @WAH006 9
09:39:34.766 @WAH008 12
09:39:34.768 @WAH001 20181217001
09:39:34.768 @WAH002 10054
09:39:34.769 @WAH003 吴群英
09:39:34.769 @WAH004 装配工
09:39:34.769 @WAH006 9
09:39:34.769 @WAH008 12
09:39:34.771 @WAH001 20181217001
09:39:34.771 @WAH002 10055
09:39:34.771 @WAH003 杨琴
09:39:34.771 @WAH004 装配工
09:39:34.772 @WAH006 9
09:39:34.772 @WAH008 12
09:39:34.773 @WAH001 20181217001
09:39:34.774 @WAH002 10056
09:39:34.774 @WAH003 韩艳
09:39:34.774 @WAH004 装配工
09:39:34.774 @WAH006 9
09:39:34.774 @WAH008 12
09:39:34.776 @WAH001 20181217001
09:39:34.776 @WAH002 10057
09:39:34.776 @WAH003 张瑜
09:39:34.776 @WAH004 装配工
09:39:34.777 @WAH006 9
09:39:34.777 @WAH008 12
09:39:34.778 @WAH001 20181217001
09:39:34.778 @WAH002 10058
09:39:34.778 @WAH003 李光云
09:39:34.779 @WAH004 装配工
09:39:34.779 @WAH006 9
09:39:34.779 @WAH008 12
09:39:34.781 @WAH001 20181217001
09:39:34.781 @WAH002 10059
09:39:34.781 @WAH003 唐春凤
09:39:34.781 @WAH004 装配工
09:39:34.781 @WAH006 9
09:39:34.782 @WAH008 12
09:39:34.784 @WAH001 20181217001
09:39:34.784 @WAH002 10060
09:39:34.784 @WAH003 陈朝香
09:39:34.784 @WAH004 装配工
09:39:34.784 @WAH006 9
09:39:34.785 @WAH008 12
09:39:34.786 @WAH001 20181217001
09:39:34.786 @WAH002 10061
09:39:34.786 @WAH003 张小婵
09:39:34.787 @WAH004 装配工
09:39:34.787 @WAH006 9
09:39:34.787 @WAH008 12
09:39:34.788 @WAH001 20181217001
09:39:34.789 @WAH002 10062
09:39:34.789 @WAH003 曾昭婵
09:39:34.789 @WAH004 装配工
09:39:34.789 @WAH006 9
09:39:34.789 @WAH008 12
09:39:34.791 @WAH001 20181217001
09:39:34.791 @WAH002 10063
09:39:34.791 @WAH003 牟飞
09:39:34.792 @WAH004 装配工
09:39:34.792 @WAH006 9
09:39:34.792 @WAH008 12
09:39:34.793 @WAH001 20181217001
09:39:34.796 @WAH002 10064
09:39:34.796 @WAH003 牟欢
09:39:34.797 @WAH004 装配工
09:39:34.797 @WAH006 9
09:39:34.797 @WAH008 12
09:39:34.798 @WAH001 20181217001
09:39:34.799 @WAH002 10065
09:39:34.799 @WAH003 陶炼
09:39:34.799 @WAH004 装配工
09:39:34.799 @WAH006 9
09:39:34.799 @WAH008 12
09:39:34.801 @WAH001 20181217001
09:39:34.801 @WAH002 10066
09:39:34.801 @WAH003 杜光斌
09:39:34.801 @WAH004 装配工
09:39:34.802 @WAH006 9
09:39:34.802 @WAH008 12
09:39:34.803 @WAH001 20181217001
09:39:34.804 @WAH002 10067
09:39:34.804 @WAH003 朱大艳
09:39:34.804 @WAH004 装配工
09:39:34.804 @WAH006 9
09:39:34.805 @WAH008 12
09:39:34.806 @WAH001 20181217001
09:39:34.807 @WAH002 10068
09:39:34.807 @WAH003 王银祥
09:39:34.807 @WAH004 装配工
09:39:34.807 @WAH006 9
09:39:34.807 @WAH008 12
09:39:34.809 @WAH001 20181217001
09:39:34.809 @WAH002 10069
09:39:34.809 @WAH003 王建琼
09:39:34.809 @WAH004 装配工
09:39:34.810 @WAH006 9
09:39:34.810 @WAH008 12
09:39:34.811 @WAH001 20181217001
09:39:34.811 @WAH002 10093
09:39:34.811 @WAH003 陈林甫
09:39:34.812 @WAH004 喷漆工
09:39:34.812 @WAH006 9
09:39:34.812 @WAH008 21.38
09:39:34.813 @WAH001 20181217001
09:39:34.814 @WAH002 10094
09:39:34.814 @WAH003 张正友
09:39:34.814 @WAH004 喷漆工
09:39:34.815 @WAH006 9
09:39:34.815 @WAH008 21.38
09:39:34.816 @WAH001 20181217001
09:39:34.816 @WAH002 10095
09:39:34.817 @WAH003 王光
09:39:34.817 @WAH004 喷漆工
09:39:34.817 @WAH006 9
09:39:34.817 @WAH008 21.38
09:39:34.818 @WAH001 20181217001
09:39:34.819 @WAH002 10096
09:39:34.819 @WAH003 钱均鹏
09:39:34.819 @WAH004 喷漆工
09:39:34.819 @WAH006 9
09:39:34.819 @WAH008 21.38
09:39:34.821 @WAH001 20181217001
09:39:34.821 @WAH002 10097
09:39:34.822 @WAH003 陆秋云
09:39:34.822 @WAH004 装配工
09:39:34.822 @WAH006 9
09:39:34.822 @WAH008 71.25
09:39:34.823 @WAH001 20181217001
09:39:34.824 @WAH002 10098
09:39:34.824 @WAH003 郁叶琴
09:39:34.824 @WAH004 装配工
09:39:34.824 @WAH006 9
09:39:34.824 @WAH008 71.25
09:53:46.810 @EMP002 陈显元
09:53:46.811 @EMP033 cebfd1559b68d67688884d7a3d3e8c
09:55:29.635 @EMP002 陈显元
09:55:29.635 @EMP033 cebfd1559b68d67688884d7a3d3e8c
09:56:26.361 @EMP002 陈显元
09:56:26.361 @EMP033 cebfd1559b68d67688884d7a3d3e8c
09:56:45.380 @WAH010 0
09:56:45.380 @WAH011 0
09:56:45.380 @WAH015 0
09:56:45.380 @WAH016 0
09:56:45.380 @WAH017 0
09:56:45.381 @WAH018 0
09:56:45.381 @WAH019 100
09:56:45.381 @WAH022 1
09:56:45.381 @idx 185
09:56:45.391 @WAH010 0
09:56:45.391 @WAH011 0
09:56:45.391 @WAH015 0
09:56:45.392 @WAH016 0
09:56:45.392 @WAH017 0
09:56:45.392 @WAH018 0
09:56:45.392 @WAH019 0
09:56:45.392 @WAH022 1
09:56:45.392 @idx 186
09:56:45.397 @WAH010 0
09:56:45.397 @WAH011 0
09:56:45.397 @WAH015 0
09:56:45.398 @WAH016 0
09:56:45.398 @WAH017 0
09:56:45.398 @WAH018 0
09:56:45.398 @WAH019 0
09:56:45.398 @WAH022 1
09:56:45.398 @idx 187
09:56:45.409 @WAH010 0
09:56:45.409 @WAH011 0
09:56:45.411 @WAH015 0
09:56:45.412 @WAH016 0
09:56:45.413 @WAH017 0
09:56:45.413 @WAH018 0
09:56:45.413 @WAH019 0
09:56:45.413 @WAH022 1
09:56:45.413 @idx 188
09:56:45.416 @WAH010 0
09:56:45.425 @WAH011 0
09:56:45.425 @WAH015 0
09:56:45.426 @WAH016 0
09:56:45.426 @WAH017 0
09:56:45.426 @WAH018 0
09:56:45.426 @WAH019 0
09:56:45.426 @WAH022 1
09:56:45.427 @idx 189
09:56:45.428 @WAH010 0
09:56:45.428 @WAH011 0
09:56:45.428 @WAH015 0
09:56:45.428 @WAH016 0
09:56:45.429 @WAH017 0
09:56:45.429 @WAH018 0
09:56:45.429 @WAH019 0
09:56:45.429 @WAH022 1
09:56:45.430 @idx 190
09:57:04.574 @WAH010 0
09:57:04.574 @WAH011 0
09:57:04.574 @WAH015 0
09:57:04.574 @WAH016 0
09:57:04.575 @WAH017 0
09:57:04.575 @WAH018 0
09:57:04.575 @WAH019 100
09:57:04.575 @WAH022 1
09:57:04.575 @idx 185
09:57:04.580 @WAH010 0
09:57:04.582 @WAH011 0
09:57:04.583 @WAH015 0
09:57:04.583 @WAH016 0
09:57:04.583 @WAH017 0
09:57:04.583 @WAH018 0
09:57:04.583 @WAH019 0
09:57:04.584 @WAH022 1
09:57:04.584 @idx 186
09:57:04.587 @WAH010 0
09:57:04.587 @WAH011 0
09:57:04.588 @WAH015 0
09:57:04.588 @WAH016 0
09:57:04.588 @WAH017 0
09:57:04.588 @WAH018 0
09:57:04.588 @WAH019 0
09:57:04.589 @WAH022 1
09:57:04.589 @idx 187
09:57:04.592 @WAH010 0
09:57:04.592 @WAH011 0
09:57:04.593 @WAH015 0
09:57:04.593 @WAH016 0
09:57:04.593 @WAH017 0
09:57:04.593 @WAH018 0
09:57:04.593 @WAH019 0
09:57:04.594 @WAH022 1
09:57:04.594 @idx 188
09:57:04.598 @WAH010 0
09:57:04.598 @WAH011 0
09:57:04.599 @WAH015 0
09:57:04.599 @WAH016 0
09:57:04.599 @WAH017 0
09:57:04.599 @WAH018 0
09:57:04.599 @WAH019 0
09:57:04.600 @WAH022 1
09:57:04.600 @idx 189
09:57:04.602 @WAH010 0
09:57:04.603 @WAH011 0
09:57:04.603 @WAH015 0
09:57:04.603 @WAH016 0
09:57:04.603 @WAH017 0
09:57:04.603 @WAH018 0
09:57:04.604 @WAH019 0
09:57:04.604 @WAH022 1
09:57:04.604 @idx 190
10:28:21.844 @EMP002 陈显元
10:28:21.845 @EMP033 cebfd1559b68d67688884d7a3d3e8c
10:28:43.940 @EMP002 陈显元
10:28:43.940 @EMP033 cebfd1559b68d67688884d7a3d3e8c
10:29:12.667 @EMP002 陈显元
10:29:12.668 @EMP033 cebfd1559b68d67688884d7a3d3e8c
10:56:59.440 @EMP002 陈显元
10:56:59.440 @EMP033 e51e6c4ea698bc872c5f2e504383ac59
10:57:01.459 @EMP002 陈显元
10:57:01.460 @EMP033 cebfd1559b68d67688884d7a3d3e8c
10:57:38.295 @ANW001 20181216001
10:57:38.295 @ANW020 True
10:59:22.053 @WAH001 20181217001
10:59:22.053 @WAH002 10002
10:59:22.053 @WAH003 吴征义
10:59:22.053 @WAH004 成品搬运工
10:59:22.053 @WAH006 18
10:59:22.054 @WAH008 81.6
10:59:22.056 @WAH001 20181217001
10:59:22.056 @WAH002 10003
10:59:22.056 @WAH003 王世洪
10:59:22.056 @WAH004 成品搬运工
10:59:22.056 @WAH006 18
10:59:22.057 @WAH008 81.6
10:59:22.058 @WAH001 20181217001
10:59:22.059 @WAH002 10004
10:59:22.059 @WAH003 李守军
10:59:22.059 @WAH004 成品搬运工
10:59:22.059 @WAH006 9
10:59:22.059 @WAH008 0
10:59:22.061 @WAH001 20181217001
10:59:22.061 @WAH002 10005
10:59:22.061 @WAH003 陈波
10:59:22.061 @WAH004 成品搬运工
10:59:22.061 @WAH006 9
10:59:22.062 @WAH008 0
10:59:22.064 @WAH001 20181217001
10:59:22.064 @WAH002 10006
10:59:22.064 @WAH003 赵庆书
10:59:22.064 @WAH004 成品搬运工
10:59:22.065 @WAH006 9
10:59:22.065 @WAH008 0
10:59:22.066 @WAH001 20181217001
10:59:22.067 @WAH002 10007
10:59:22.067 @WAH003 朱志波
10:59:22.067 @WAH004 成品搬运工
10:59:22.067 @WAH006 9
10:59:22.068 @WAH008 0
10:59:22.070 @WAH001 20181217001
10:59:22.070 @WAH002 10016
10:59:22.070 @WAH003 郭婧
10:59:22.070 @WAH004 装配工
10:59:22.070 @WAH006 9
10:59:22.071 @WAH008 17.61
10:59:22.074 @WAH001 20181217001
10:59:22.074 @WAH002 10017
10:59:22.074 @WAH003 龙兴连
10:59:22.074 @WAH004 装配工
10:59:22.075 @WAH006 9
10:59:22.075 @WAH008 17.61
10:59:22.077 @WAH001 20181217001
10:59:22.077 @WAH002 10018
10:59:22.078 @WAH003 刘付连
10:59:22.078 @WAH004 装配工
10:59:22.078 @WAH006 9
10:59:22.078 @WAH008 17.61
10:59:22.080 @WAH001 20181217001
10:59:22.080 @WAH002 10019
10:59:22.080 @WAH003 聂付秋
10:59:22.081 @WAH004 装配工
10:59:22.081 @WAH006 9
10:59:22.081 @WAH008 17.61
10:59:22.085 @WAH001 20181217001
10:59:22.085 @WAH002 10020
10:59:22.085 @WAH003 薛能米
10:59:22.085 @WAH004 装配工
10:59:22.086 @WAH006 9
10:59:22.087 @WAH008 17.61
10:59:22.089 @WAH001 20181217001
10:59:22.090 @WAH002 10021
10:59:22.090 @WAH003 彭顺艳
10:59:22.090 @WAH004 装配工
10:59:22.090 @WAH006 9
10:59:22.091 @WAH008 17.61
10:59:22.092 @WAH001 20181217001
10:59:22.093 @WAH002 10022
10:59:22.093 @WAH003 罗小琴
10:59:22.093 @WAH004 装配工
10:59:22.093 @WAH006 9
10:59:22.093 @WAH008 17.61
10:59:22.096 @WAH001 20181217001
10:59:22.097 @WAH002 10023
10:59:22.097 @WAH003 吕红艳
10:59:22.097 @WAH004 装配工
10:59:22.097 @WAH006 9
10:59:22.097 @WAH008 17.61
10:59:22.099 @WAH001 20181217001
10:59:22.099 @WAH002 10024
10:59:22.099 @WAH003 李朝粉
10:59:22.100 @WAH004 装配工
10:59:22.100 @WAH006 9
10:59:22.100 @WAH008 17.61
10:59:22.102 @WAH001 20181217001
10:59:22.102 @WAH002 10025
10:59:22.103 @WAH003 陈文会
10:59:22.103 @WAH004 装配工
10:59:22.103 @WAH006 9
10:59:22.103 @WAH008 17.61
10:59:22.105 @WAH001 20181217001
10:59:22.106 @WAH002 10026
10:59:22.106 @WAH003 平单单
10:59:22.106 @WAH004 装配工
10:59:22.106 @WAH006 9
10:59:22.107 @WAH008 17.61
10:59:22.108 @WAH001 20181217001
10:59:22.109 @WAH002 10027
10:59:22.109 @WAH003 梁永琴
10:59:22.109 @WAH004 装配工
10:59:22.109 @WAH006 9
10:59:22.109 @WAH008 17.61
10:59:22.111 @WAH001 20181217001
10:59:22.111 @WAH002 10028
10:59:22.111 @WAH003 胡孝明
10:59:22.111 @WAH004 装配工
10:59:22.111 @WAH006 9
10:59:22.111 @WAH008 17.61
10:59:22.113 @WAH001 20181217001
10:59:22.113 @WAH002 10029
10:59:22.113 @WAH003 聂昌奎
10:59:22.113 @WAH004 装配工
10:59:22.114 @WAH006 9
10:59:22.114 @WAH008 17.61
10:59:22.115 @WAH001 20181217001
10:59:22.116 @WAH002 10030
10:59:22.116 @WAH003 陶兴琴
10:59:22.116 @WAH004 装配工
10:59:22.116 @WAH006 9
10:59:22.116 @WAH008 17.61
10:59:22.119 @WAH001 20181217001
10:59:22.119 @WAH002 10031
10:59:22.119 @WAH003 方宇
10:59:22.120 @WAH004 装配工
10:59:22.120 @WAH006 9
10:59:22.120 @WAH008 17.61
10:59:22.122 @WAH001 20181217001
10:59:22.122 @WAH002 10032
10:59:22.123 @WAH003 段进连
10:59:22.123 @WAH004 装配工
10:59:22.123 @WAH006 9
10:59:22.123 @WAH008 17.61
10:59:22.125 @WAH001 20181217001
10:59:22.125 @WAH002 10033
10:59:22.125 @WAH003 唐云云
10:59:22.125 @WAH004 装配工
10:59:22.125 @WAH006 9
10:59:22.126 @WAH008 17.61
10:59:22.127 @WAH001 20181217001
10:59:22.128 @WAH002 10034
10:59:22.128 @WAH003 李大花
10:59:22.128 @WAH004 装配工
10:59:22.128 @WAH006 9
10:59:22.128 @WAH008 17.61
10:59:22.129 @WAH001 20181217001
10:59:22.129 @WAH002 10035
10:59:22.130 @WAH003 黄史作
10:59:22.130 @WAH004 装配工
10:59:22.130 @WAH006 9
10:59:22.130 @WAH008 17.61
10:59:22.132 @WAH001 20181217001
10:59:22.132 @WAH002 10036
10:59:22.132 @WAH003 罗昌梅
10:59:22.133 @WAH004 装配工
10:59:22.133 @WAH006 9
10:59:22.133 @WAH008 17.61
10:59:22.134 @WAH001 20181217001
10:59:22.135 @WAH002 10037
10:59:22.135 @WAH003 赵雨婷
10:59:22.135 @WAH004 装配工
10:59:22.135 @WAH006 9
10:59:22.135 @WAH008 17.61
10:59:22.137 @WAH001 20181217001
10:59:22.138 @WAH002 10038
10:59:22.138 @WAH003 余双双
10:59:22.138 @WAH004 装配工
10:59:22.139 @WAH006 9
10:59:22.139 @WAH008 17.61
10:59:22.141 @WAH001 20181217001
10:59:22.141 @WAH002 10040
10:59:22.141 @WAH003 杜福英
10:59:22.142 @WAH004 装配工
10:59:22.142 @WAH006 9
10:59:22.142 @WAH008 12
10:59:22.143 @WAH001 20181217001
10:59:22.144 @WAH002 10041
10:59:22.144 @WAH003 廖仁琼
10:59:22.144 @WAH004 装配工
10:59:22.144 @WAH006 9
10:59:22.144 @WAH008 12
10:59:22.146 @WAH001 20181217001
10:59:22.146 @WAH002 10042
10:59:22.146 @WAH003 李光艳
10:59:22.146 @WAH004 装配工
10:59:22.146 @WAH006 9
10:59:22.147 @WAH008 12
10:59:22.148 @WAH001 20181217001
10:59:22.148 @WAH002 10043
10:59:22.148 @WAH003 彭荣泽
10:59:22.148 @WAH004 装配工
10:59:22.149 @WAH006 9
10:59:22.149 @WAH008 12
10:59:22.150 @WAH001 20181217001
10:59:22.150 @WAH002 10044
10:59:22.150 @WAH003 何培凤
10:59:22.151 @WAH004 装配工
10:59:22.151 @WAH006 9
10:59:22.151 @WAH008 12
10:59:22.152 @WAH001 20181217001
10:59:22.152 @WAH002 10045
10:59:22.153 @WAH003 李朝伟
10:59:22.153 @WAH004 装配工
10:59:22.153 @WAH006 9
10:59:22.154 @WAH008 12
10:59:22.156 @WAH001 20181217001
10:59:22.156 @WAH002 10046
10:59:22.156 @WAH003 王培秀
10:59:22.157 @WAH004 装配工
10:59:22.157 @WAH006 9
10:59:22.157 @WAH008 12
10:59:22.159 @WAH001 20181217001
10:59:22.159 @WAH002 10047
10:59:22.159 @WAH003 谢武林
10:59:22.159 @WAH004 装配工
10:59:22.160 @WAH006 9
10:59:22.160 @WAH008 12
10:59:22.161 @WAH001 20181217001
10:59:22.161 @WAH002 10048
10:59:22.161 @WAH003 王程平
10:59:22.162 @WAH004 装配工
10:59:22.162 @WAH006 9
10:59:22.162 @WAH008 12
10:59:22.163 @WAH001 20181217001
10:59:22.163 @WAH002 10049
10:59:22.164 @WAH003 韩英
10:59:22.164 @WAH004 装配工
10:59:22.164 @WAH006 9
10:59:22.164 @WAH008 12
10:59:22.165 @WAH001 20181217001
10:59:22.166 @WAH002 10050
10:59:22.166 @WAH003 杨海霞
10:59:22.166 @WAH004 装配工
10:59:22.166 @WAH006 9
10:59:22.166 @WAH008 12
10:59:22.168 @WAH001 20181217001
10:59:22.168 @WAH002 10051
10:59:22.168 @WAH003 熊华美
10:59:22.169 @WAH004 装配工
10:59:22.169 @WAH006 9
10:59:22.169 @WAH008 12
10:59:22.171 @WAH001 20181217001
10:59:22.172 @WAH002 10052
10:59:22.172 @WAH003 孙琼莲
10:59:22.172 @WAH004 装配工
10:59:22.172 @WAH006 9
10:59:22.173 @WAH008 12
10:59:22.174 @WAH001 20181217001
10:59:22.174 @WAH002 10053
10:59:22.174 @WAH003 李林菊
10:59:22.175 @WAH004 装配工
10:59:22.175 @WAH006 9
10:59:22.175 @WAH008 12
10:59:22.176 @WAH001 20181217001
10:59:22.176 @WAH002 10054
10:59:22.177 @WAH003 吴群英
10:59:22.177 @WAH004 装配工
10:59:22.177 @WAH006 9
10:59:22.177 @WAH008 12
10:59:22.179 @WAH001 20181217001
10:59:22.179 @WAH002 10055
10:59:22.179 @WAH003 杨琴
10:59:22.180 @WAH004 装配工
10:59:22.180 @WAH006 9
10:59:22.180 @WAH008 12
10:59:22.181 @WAH001 20181217001
10:59:22.181 @WAH002 10056
10:59:22.182 @WAH003 韩艳
10:59:22.182 @WAH004 装配工
10:59:22.182 @WAH006 9
10:59:22.182 @WAH008 12
10:59:22.183 @WAH001 20181217001
10:59:22.184 @WAH002 10057
10:59:22.184 @WAH003 张瑜
10:59:22.184 @WAH004 装配工
10:59:22.184 @WAH006 9
10:59:22.185 @WAH008 12
10:59:22.186 @WAH001 20181217001
10:59:22.186 @WAH002 10058
10:59:22.186 @WAH003 李光云
10:59:22.187 @WAH004 装配工
10:59:22.187 @WAH006 9
10:59:22.187 @WAH008 12
10:59:22.190 @WAH001 20181217001
10:59:22.190 @WAH002 10059
10:59:22.190 @WAH003 唐春凤
10:59:22.190 @WAH004 装配工
10:59:22.191 @WAH006 9
10:59:22.191 @WAH008 12
10:59:22.192 @WAH001 20181217001
10:59:22.193 @WAH002 10060
10:59:22.193 @WAH003 陈朝香
10:59:22.193 @WAH004 装配工
10:59:22.193 @WAH006 9
10:59:22.194 @WAH008 12
10:59:22.195 @WAH001 20181217001
10:59:22.195 @WAH002 10061
10:59:22.195 @WAH003 张小婵
10:59:22.196 @WAH004 装配工
10:59:22.196 @WAH006 9
10:59:22.196 @WAH008 12
10:59:22.197 @WAH001 20181217001
10:59:22.198 @WAH002 10062
10:59:22.198 @WAH003 曾昭婵
10:59:22.198 @WAH004 装配工
10:59:22.198 @WAH006 9
10:59:22.198 @WAH008 12
10:59:22.200 @WAH001 20181217001
10:59:22.200 @WAH002 10063
10:59:22.200 @WAH003 牟飞
10:59:22.200 @WAH004 装配工
10:59:22.200 @WAH006 9
10:59:22.200 @WAH008 12
10:59:22.202 @WAH001 20181217001
10:59:22.202 @WAH002 10064
10:59:22.202 @WAH003 牟欢
10:59:22.203 @WAH004 装配工
10:59:22.203 @WAH006 9
10:59:22.203 @WAH008 12
10:59:22.207 @WAH001 20181217001
10:59:22.210 @WAH002 10065
10:59:22.210 @WAH003 陶炼
10:59:22.210 @WAH004 装配工
10:59:22.210 @WAH006 9
10:59:22.210 @WAH008 12
10:59:22.212 @WAH001 20181217001
10:59:22.212 @WAH002 10066
10:59:22.212 @WAH003 杜光斌
10:59:22.212 @WAH004 装配工
10:59:22.213 @WAH006 9
10:59:22.213 @WAH008 12
10:59:22.214 @WAH001 20181217001
10:59:22.214 @WAH002 10067
10:59:22.214 @WAH003 朱大艳
10:59:22.214 @WAH004 装配工
10:59:22.215 @WAH006 9
10:59:22.215 @WAH008 12
10:59:22.216 @WAH001 20181217001
10:59:22.216 @WAH002 10068
10:59:22.217 @WAH003 王银祥
10:59:22.217 @WAH004 装配工
10:59:22.217 @WAH006 9
10:59:22.217 @WAH008 12
10:59:22.219 @WAH001 20181217001
10:59:22.219 @WAH002 10069
10:59:22.220 @WAH003 王建琼
10:59:22.220 @WAH004 装配工
10:59:22.220 @WAH006 9
10:59:22.220 @WAH008 12
10:59:22.222 @WAH001 20181217001
10:59:22.223 @WAH002 10093
10:59:22.223 @WAH003 陈林甫
10:59:22.223 @WAH004 喷漆工
10:59:22.223 @WAH006 9
10:59:22.224 @WAH008 21.38
10:59:22.225 @WAH001 20181217001
10:59:22.225 @WAH002 10094
10:59:22.225 @WAH003 张正友
10:59:22.226 @WAH004 喷漆工
10:59:22.226 @WAH006 9
10:59:22.226 @WAH008 21.38
10:59:22.228 @WAH001 20181217001
10:59:22.228 @WAH002 10095
10:59:22.228 @WAH003 王光
10:59:22.228 @WAH004 喷漆工
10:59:22.228 @WAH006 9
10:59:22.229 @WAH008 21.38
10:59:22.230 @WAH001 20181217001
10:59:22.230 @WAH002 10096
10:59:22.230 @WAH003 钱均鹏
10:59:22.230 @WAH004 喷漆工
10:59:22.231 @WAH006 9
10:59:22.231 @WAH008 21.38
10:59:22.232 @WAH001 20181217001
10:59:22.232 @WAH002 10097
10:59:22.232 @WAH003 陆秋云
10:59:22.233 @WAH004 装配工
10:59:22.233 @WAH006 9
10:59:22.233 @WAH008 71.25
10:59:22.235 @WAH001 20181217001
10:59:22.235 @WAH002 10098
10:59:22.236 @WAH003 郁叶琴
10:59:22.236 @WAH004 装配工
10:59:22.236 @WAH006 9
10:59:22.236 @WAH008 71.25
10:59:22.238 @WAH001 20181217001
10:59:22.239 @WAH002 10140
10:59:22.239 @WAH003 刘兴贵
10:59:22.239 @WAH004 装配工
10:59:22.239 @WAH006 9
10:59:22.240 @WAH008 184.68
10:59:22.243 @WAH001 20181217001
10:59:22.243 @WAH002 10141
10:59:22.243 @WAH003 王振宇
10:59:22.244 @WAH004 装配工
10:59:22.244 @WAH006 9
10:59:22.244 @WAH008 184.68
10:59:22.246 @WAH001 20181217001
10:59:22.246 @WAH002 10142
10:59:22.246 @WAH003 钟成菊
10:59:22.246 @WAH004 装配工
10:59:22.246 @WAH006 9
10:59:22.247 @WAH008 184.68
10:59:22.252 @WAH001 20181217001
10:59:22.252 @WAH002 10143
10:59:22.252 @WAH003 赵成鹏
10:59:22.252 @WAH004 装配工
10:59:22.252 @WAH006 9
10:59:22.253 @WAH008 184.68
10:59:22.256 @WAH001 20181217001
10:59:22.256 @WAH002 10144
10:59:22.257 @WAH003 何万华
10:59:22.257 @WAH004 装配工
10:59:22.257 @WAH006 9
10:59:22.257 @WAH008 184.68
10:59:22.260 @WAH001 20181217001
10:59:22.260 @WAH002 10145
10:59:22.260 @WAH003 严云芹
10:59:22.260 @WAH004 装配工
10:59:22.260 @WAH006 9
10:59:22.261 @WAH008 184.68
10:59:22.262 @WAH001 20181217001
10:59:22.263 @WAH002 10146
10:59:22.263 @WAH003 马小千
10:59:22.263 @WAH004 装配工
10:59:22.263 @WAH006 9
10:59:22.264 @WAH008 184.68
10:59:22.265 @WAH001 20181217001
10:59:22.266 @WAH002 10147
10:59:22.266 @WAH003 周顺
10:59:22.266 @WAH004 装配工
10:59:22.266 @WAH006 9
10:59:22.266 @WAH008 184.68
10:59:22.268 @WAH001 20181217001
10:59:22.268 @WAH002 10148
10:59:22.268 @WAH003 龙付咪
10:59:22.268 @WAH004 装配工
10:59:22.269 @WAH006 9
10:59:22.269 @WAH008 184.68
10:59:22.271 @WAH001 20181217001
10:59:22.271 @WAH002 10150
10:59:22.271 @WAH003 刘高发
10:59:22.272 @WAH004 装配工
10:59:22.272 @WAH006 9
10:59:22.272 @WAH008 184.68
10:59:22.275 @WAH001 20181217001
10:59:22.275 @WAH002 10151
10:59:22.276 @WAH003 吴张英
10:59:22.276 @WAH004 装配工
10:59:22.276 @WAH006 9
10:59:22.277 @WAH008 184.68
10:59:22.278 @WAH001 20181217001
10:59:22.279 @WAH002 10152
10:59:22.279 @WAH003 杨犁
10:59:22.279 @WAH004 装配工
10:59:22.279 @WAH006 9
10:59:22.279 @WAH008 184.68
10:59:22.281 @WAH001 20181217001
10:59:22.281 @WAH002 10153
10:59:22.281 @WAH003 熊洪才
10:59:22.281 @WAH004 装配工
10:59:22.282 @WAH006 9
10:59:22.283 @WAH008 184.68
10:59:22.284 @WAH001 20181217001
10:59:22.285 @WAH002 10154
10:59:22.285 @WAH003 代开容
10:59:22.285 @WAH004 装配工
10:59:22.285 @WAH006 9
10:59:22.286 @WAH008 184.68
10:59:22.288 @WAH001 20181217001
10:59:22.289 @WAH002 10155
10:59:22.289 @WAH003 尹宗丹
10:59:22.289 @WAH004 装配工
10:59:22.289 @WAH006 9
10:59:22.289 @WAH008 184.68
10:59:22.292 @WAH001 20181217001
10:59:22.292 @WAH002 10156
10:59:22.292 @WAH003 朱正高
10:59:22.292 @WAH004 装配工
10:59:22.293 @WAH006 9
10:59:22.293 @WAH008 184.68
10:59:22.294 @WAH001 20181217001
10:59:22.294 @WAH002 10157
10:59:22.295 @WAH003 卿廷群
10:59:22.295 @WAH004 装配工
10:59:22.295 @WAH006 9
10:59:22.295 @WAH008 184.68
10:59:22.297 @WAH001 20181217001
10:59:22.297 @WAH002 10158
10:59:22.297 @WAH003 邹修丽
10:59:22.297 @WAH004 装配工
10:59:22.298 @WAH006 9
10:59:22.298 @WAH008 184.68
10:59:22.300 @WAH001 20181217001
10:59:22.301 @WAH002 10159
10:59:22.301 @WAH003 徐永洪
10:59:22.301 @WAH004 装配工
10:59:22.301 @WAH006 9
10:59:22.302 @WAH008 184.68
10:59:22.304 @WAH001 20181217001
10:59:22.304 @WAH002 10160
10:59:22.304 @WAH003 刘仁燕
10:59:22.304 @WAH004 装配工
10:59:22.305 @WAH006 9
10:59:22.305 @WAH008 184.68
10:59:22.307 @WAH001 20181217001
10:59:22.308 @WAH002 10161
10:59:22.308 @WAH003 陈万珍
10:59:22.308 @WAH004 装配工
10:59:22.309 @WAH006 9
10:59:22.309 @WAH008 184.68
10:59:22.310 @WAH001 20181217001
10:59:22.311 @WAH002 10162
10:59:22.311 @WAH003 李义承
10:59:22.311 @WAH004 装配工
10:59:22.311 @WAH006 9
10:59:22.311 @WAH008 184.68
10:59:22.314 @WAH001 20181217001
10:59:22.314 @WAH002 10163
10:59:22.314 @WAH003 张义兵
10:59:22.314 @WAH004 装配工
10:59:22.315 @WAH006 9
10:59:22.315 @WAH008 184.68
10:59:22.316 @WAH001 20181217001
10:59:22.317 @WAH002 10164
10:59:22.317 @WAH003 韩会萍
10:59:22.317 @WAH004 装配工
10:59:22.317 @WAH006 9
10:59:22.317 @WAH008 184.68
10:59:22.319 @WAH001 20181217001
10:59:22.319 @WAH002 10165
10:59:22.319 @WAH003 国明秀
10:59:22.319 @WAH004 装配工
10:59:22.320 @WAH006 9
10:59:22.320 @WAH008 184.68
10:59:25.285 @WAH010 0
10:59:25.286 @WAH011 0
10:59:25.286 @WAH015 0
10:59:25.286 @WAH016 0
10:59:25.286 @WAH017 0
10:59:25.287 @WAH018 0
10:59:25.287 @WAH019 100
10:59:25.287 @WAH022 1
10:59:25.287 @idx 185
10:59:25.288 @WAH010 0
10:59:25.289 @WAH011 0
10:59:25.289 @WAH015 0
10:59:25.289 @WAH016 0
10:59:25.289 @WAH017 0
10:59:25.289 @WAH018 0
10:59:25.290 @WAH019 0
10:59:25.290 @WAH022 1
10:59:25.290 @idx 186
10:59:25.292 @WAH010 0
10:59:25.292 @WAH011 0
10:59:25.292 @WAH015 0
10:59:25.293 @WAH016 0
10:59:25.293 @WAH017 0
10:59:25.293 @WAH018 0
10:59:25.293 @WAH019 0
10:59:25.295 @WAH022 1
10:59:25.295 @idx 187
10:59:25.297 @WAH010 0
10:59:25.297 @WAH011 0
10:59:25.297 @WAH015 0
10:59:25.298 @WAH016 0
10:59:25.298 @WAH017 0
10:59:25.298 @WAH018 0
10:59:25.298 @WAH019 0
10:59:25.298 @WAH022 1
10:59:25.298 @idx 188
10:59:25.301 @WAH010 0
10:59:25.301 @WAH011 0
10:59:25.301 @WAH015 0
10:59:25.302 @WAH016 0
10:59:25.302 @WAH017 0
10:59:25.302 @WAH018 0
10:59:25.302 @WAH019 0
10:59:25.302 @WAH022 1
10:59:25.303 @idx 189
10:59:25.304 @WAH010 0
10:59:25.304 @WAH011 0
10:59:25.304 @WAH015 0
10:59:25.305 @WAH016 0
10:59:25.305 @WAH017 0
10:59:25.305 @WAH018 0
10:59:25.305 @WAH019 0
10:59:25.305 @WAH022 1
10:59:25.306 @idx 190
11:02:48.762 @EMP002 陈显元
11:02:48.763 @EMP033 cebfd1559b68d67688884d7a3d3e8c
11:04:11.220 @EMP002 陈显元
11:04:11.220 @EMP033 cebfd1559b68d67688884d7a3d3e8c
11:06:35.906 @EMP002 陈显元
11:06:35.907 @EMP033 cebfd1559b68d67688884d7a3d3e8c
11:08:56.724 @EMP002 陈显元
11:08:56.724 @EMP033 cebfd1559b68d67688884d7a3d3e8c
11:09:50.278 @WAH010 0
11:09:50.279 @WAH011 0
11:09:50.279 @WAH015 0
11:09:50.279 @WAH016 0
11:09:50.279 @WAH017 0
11:09:50.279 @WAH018 0
11:09:50.279 @WAH019 0
11:09:50.280 @WAH022 1
11:09:50.280 @idx 126
11:09:50.289 @WAH010 0
11:09:50.289 @WAH011 0
11:09:50.289 @WAH015 0
11:09:50.289 @WAH016 0
11:09:50.289 @WAH017 0
11:09:50.290 @WAH018 0
11:09:50.290 @WAH019 0
11:09:50.290 @WAH022 1
11:09:50.290 @idx 127
11:09:50.295 @WAH010 0
11:09:50.296 @WAH011 0
11:09:50.296 @WAH015 0
11:09:50.296 @WAH016 0
11:09:50.296 @WAH017 0
11:09:50.296 @WAH018 0
11:09:50.296 @WAH019 0
11:09:50.296 @WAH022 1
11:09:50.297 @idx 128
11:09:50.300 @WAH010 0
11:09:50.300 @WAH011 0
11:09:50.300 @WAH015 0
11:09:50.300 @WAH016 0
11:09:50.300 @WAH017 0
11:09:50.300 @WAH018 0
11:09:50.300 @WAH019 0
11:09:50.300 @WAH022 1
11:09:50.301 @idx 129
11:09:50.307 @WAH010 0
11:09:50.307 @WAH011 0
11:09:50.307 @WAH015 0
11:09:50.308 @WAH016 0
11:09:50.308 @WAH017 0
11:09:50.308 @WAH018 0
11:09:50.308 @WAH019 0
11:09:50.308 @WAH022 1
11:09:50.308 @idx 130
11:09:50.311 @WAH010 0
11:09:50.311 @WAH011 0
11:09:50.312 @WAH015 0
11:09:50.312 @WAH016 0
11:09:50.312 @WAH017 0
11:09:50.312 @WAH018 0
11:09:50.312 @WAH019 0
11:09:50.312 @WAH022 1
11:09:50.312 @idx 131
11:09:50.315 @WAH010 0
11:09:50.316 @WAH011 0
11:09:50.316 @WAH015 0
11:09:50.316 @WAH016 0
11:09:50.316 @WAH017 0
11:09:50.316 @WAH018 0
11:09:50.316 @WAH019 0
11:09:50.316 @WAH022 1
11:09:50.316 @idx 132
11:09:50.322 @WAH010 0
11:09:50.322 @WAH011 0
11:09:50.323 @WAH015 0
11:09:50.323 @WAH016 0
11:09:50.323 @WAH017 0
11:09:50.323 @WAH018 0
11:09:50.323 @WAH019 0
11:09:50.323 @WAH022 1
11:09:50.323 @idx 133
11:09:50.326 @WAH010 0
11:09:50.326 @WAH011 0
11:09:50.326 @WAH015 0
11:09:50.326 @WAH016 0
11:09:50.327 @WAH017 0
11:09:50.327 @WAH018 0
11:09:50.327 @WAH019 0
11:09:50.327 @WAH022 1
11:09:50.327 @idx 134
11:09:50.329 @WAH010 0
11:09:50.329 @WAH011 0
11:09:50.329 @WAH015 0
11:09:50.329 @WAH016 0
11:09:50.329 @WAH017 0
11:09:50.329 @WAH018 0
11:09:50.329 @WAH019 0
11:09:50.329 @WAH022 1
11:09:50.330 @idx 135
11:09:50.331 @WAH010 0
11:09:50.332 @WAH011 0
11:09:50.332 @WAH015 0
11:09:50.332 @WAH016 0
11:09:50.332 @WAH017 0
11:09:50.332 @WAH018 0
11:09:50.333 @WAH019 0
11:09:50.333 @WAH022 1
11:09:50.333 @idx 136
11:09:50.334 @WAH010 0
11:09:50.335 @WAH011 0
11:09:50.335 @WAH015 0
11:09:50.335 @WAH016 0
11:09:50.335 @WAH017 0
11:09:50.335 @WAH018 0
11:09:50.336 @WAH019 0
11:09:50.336 @WAH022 1
11:09:50.336 @idx 137
11:09:50.338 @WAH010 0
11:09:50.339 @WAH011 0
11:09:50.339 @WAH015 0
11:09:50.339 @WAH016 0
11:09:50.339 @WAH017 0
11:09:50.339 @WAH018 0
11:09:50.340 @WAH019 0
11:09:50.340 @WAH022 1
11:09:50.340 @idx 138
11:09:50.343 @WAH010 0
11:09:50.343 @WAH011 0
11:09:50.343 @WAH015 0
11:09:50.343 @WAH016 0
11:09:50.343 @WAH017 0
11:09:50.344 @WAH018 0
11:09:50.344 @WAH019 0
11:09:50.344 @WAH022 1
11:09:50.344 @idx 139
11:09:50.346 @WAH010 0
11:09:50.346 @WAH011 0
11:09:50.346 @WAH015 0
11:09:50.346 @WAH016 0
11:09:50.346 @WAH017 0
11:09:50.347 @WAH018 0
11:09:50.347 @WAH019 0
11:09:50.347 @WAH022 1
11:09:50.347 @idx 140
11:09:50.349 @WAH010 0
11:09:50.349 @WAH011 0
11:09:50.349 @WAH015 0
11:09:50.350 @WAH016 0
11:09:50.350 @WAH017 0
11:09:50.350 @WAH018 0
11:09:50.350 @WAH019 0
11:09:50.350 @WAH022 1
11:09:50.351 @idx 141
11:09:50.353 @WAH010 0
11:09:50.353 @WAH011 0
11:09:50.353 @WAH015 0
11:09:50.353 @WAH016 0
11:09:50.353 @WAH017 0
11:09:50.354 @WAH018 0
11:09:50.354 @WAH019 0
11:09:50.354 @WAH022 1
11:09:50.354 @idx 142
11:09:50.357 @WAH010 0
11:09:50.357 @WAH011 0
11:09:50.357 @WAH015 0
11:09:50.357 @WAH016 0
11:09:50.358 @WAH017 0
11:09:50.358 @WAH018 0
11:09:50.358 @WAH019 0
11:09:50.358 @WAH022 1
11:09:50.358 @idx 143
11:09:50.361 @WAH010 0
11:09:50.361 @WAH011 0
11:09:50.361 @WAH015 0
11:09:50.361 @WAH016 0
11:09:50.361 @WAH017 0
11:09:50.362 @WAH018 0
11:09:50.362 @WAH019 0
11:09:50.362 @WAH022 1
11:09:50.362 @idx 144
11:09:50.364 @WAH010 0
11:09:50.365 @WAH011 0
11:09:50.365 @WAH015 0
11:09:50.365 @WAH016 0
11:09:50.365 @WAH017 0
11:09:50.365 @WAH018 0
11:09:50.366 @WAH019 0
11:09:50.366 @WAH022 1
11:09:50.366 @idx 145
11:09:50.367 @WAH010 0
11:09:50.368 @WAH011 0
11:09:50.368 @WAH015 0
11:09:50.368 @WAH016 0
11:09:50.368 @WAH017 0
11:09:50.368 @WAH018 0
11:09:50.369 @WAH019 0
11:09:50.369 @WAH022 1
11:09:50.369 @idx 146
11:09:50.371 @WAH010 0
11:09:50.371 @WAH011 0
11:09:50.372 @WAH015 0
11:09:50.372 @WAH016 0
11:09:50.372 @WAH017 0
11:09:50.372 @WAH018 0
11:09:50.372 @WAH019 0
11:09:50.373 @WAH022 1
11:09:50.373 @idx 147
11:09:50.376 @WAH010 0
11:09:50.376 @WAH011 0
11:09:50.376 @WAH015 0
11:09:50.376 @WAH016 0
11:09:50.377 @WAH017 0
11:09:50.377 @WAH018 0
11:09:50.377 @WAH019 0
11:09:50.377 @WAH022 1
11:09:50.377 @idx 148
11:09:50.379 @WAH010 0
11:09:50.379 @WAH011 0
11:09:50.379 @WAH015 0
11:09:50.379 @WAH016 0
11:09:50.380 @WAH017 0
11:09:50.380 @WAH018 0
11:09:50.380 @WAH019 0
11:09:50.380 @WAH022 1
11:09:50.380 @idx 149
11:09:50.382 @WAH010 0
11:09:50.382 @WAH011 0
11:09:50.382 @WAH015 0
11:09:50.383 @WAH016 0
11:09:50.383 @WAH017 0
11:09:50.383 @WAH018 0
11:09:50.383 @WAH019 0
11:09:50.383 @WAH022 1
11:09:50.384 @idx 150
11:09:50.385 @WAH010 0
11:09:50.385 @WAH011 0
11:09:50.385 @WAH015 0
11:09:50.386 @WAH016 0
11:09:50.386 @WAH017 0
11:09:50.386 @WAH018 0
11:09:50.386 @WAH019 0
11:09:50.386 @WAH022 1
11:09:50.386 @idx 151
11:09:50.388 @WAH010 0
11:09:50.388 @WAH011 0
11:09:50.389 @WAH015 0
11:09:50.389 @WAH016 0
11:09:50.389 @WAH017 0
11:09:50.389 @WAH018 0
11:09:50.389 @WAH019 0
11:09:50.389 @WAH022 1
11:09:50.389 @idx 152
11:09:50.391 @WAH010 0
11:09:50.392 @WAH011 0
11:09:50.392 @WAH015 0
11:09:50.392 @WAH016 0
11:09:50.392 @WAH017 0
11:09:50.393 @WAH018 0
11:09:50.393 @WAH019 0
11:09:50.393 @WAH022 1
11:09:50.393 @idx 153
11:09:50.395 @WAH010 0
11:09:50.395 @WAH011 0
11:09:50.395 @WAH015 0
11:09:50.395 @WAH016 0
11:09:50.395 @WAH017 0
11:09:50.396 @WAH018 0
11:09:50.396 @WAH019 0
11:09:50.396 @WAH022 1
11:09:50.396 @idx 154
11:09:50.398 @WAH010 0
11:09:50.399 @WAH011 0
11:09:50.399 @WAH015 0
11:09:50.399 @WAH016 0
11:09:50.399 @WAH017 0
11:09:50.400 @WAH018 0
11:09:50.400 @WAH019 0
11:09:50.400 @WAH022 1
11:09:50.400 @idx 155
11:09:50.404 @WAH010 0
11:09:50.405 @WAH011 0
11:09:50.405 @WAH015 0
11:09:50.405 @WAH016 0
11:09:50.405 @WAH017 0
11:09:50.405 @WAH018 0
11:09:50.405 @WAH019 0
11:09:50.406 @WAH022 1
11:09:50.406 @idx 156
11:09:50.407 @WAH010 0
11:09:50.407 @WAH011 0
11:09:50.408 @WAH015 0
11:09:50.408 @WAH016 0
11:09:50.408 @WAH017 0
11:09:50.408 @WAH018 0
11:09:50.409 @WAH019 0
11:09:50.409 @WAH022 1
11:09:50.409 @idx 157
11:09:50.411 @WAH010 0
11:09:50.411 @WAH011 0
11:09:50.411 @WAH015 0
11:09:50.411 @WAH016 0
11:09:50.412 @WAH017 0
11:09:50.412 @WAH018 0
11:09:50.412 @WAH019 0
11:09:50.412 @WAH022 1
11:09:50.412 @idx 158
11:09:50.414 @WAH010 0
11:09:50.414 @WAH011 0
11:09:50.414 @WAH015 0
11:09:50.415 @WAH016 0
11:09:50.415 @WAH017 0
11:09:50.415 @WAH018 0
11:09:50.415 @WAH019 0
11:09:50.415 @WAH022 1
11:09:50.416 @idx 159
11:09:50.417 @WAH010 0
11:09:50.417 @WAH011 0
11:09:50.417 @WAH015 0
11:09:50.418 @WAH016 0
11:09:50.418 @WAH017 0
11:09:50.418 @WAH018 0
11:09:50.418 @WAH019 0
11:09:50.418 @WAH022 1
11:09:50.418 @idx 160
11:09:50.421 @WAH010 0
11:09:50.422 @WAH011 0
11:09:50.422 @WAH015 0
11:09:50.422 @WAH016 0
11:09:50.423 @WAH017 0
11:09:50.423 @WAH018 0
11:09:50.423 @WAH019 0
11:09:50.423 @WAH022 1
11:09:50.424 @idx 161
11:09:50.425 @WAH010 0
11:09:50.425 @WAH011 0
11:09:50.426 @WAH015 0
11:09:50.426 @WAH016 0
11:09:50.426 @WAH017 0
11:09:50.426 @WAH018 0
11:09:50.427 @WAH019 0
11:09:50.427 @WAH022 1
11:09:50.427 @idx 162
11:09:50.428 @WAH010 0
11:09:50.429 @WAH011 0
11:09:50.429 @WAH015 0
11:09:50.429 @WAH016 0
11:09:50.429 @WAH017 0
11:09:50.429 @WAH018 0
11:09:50.430 @WAH019 0
11:09:50.430 @WAH022 1
11:09:50.430 @idx 163
11:09:50.431 @WAH010 0
11:09:50.433 @WAH011 0
11:09:50.433 @WAH015 0
11:09:50.433 @WAH016 0
11:09:50.434 @WAH017 0
11:09:50.434 @WAH018 0
11:09:50.434 @WAH019 0
11:09:50.434 @WAH022 1
11:09:50.434 @idx 164
11:09:50.436 @WAH010 0
11:09:50.436 @WAH011 0
11:09:50.436 @WAH015 0
11:09:50.436 @WAH016 0
11:09:50.437 @WAH017 0
11:09:50.437 @WAH018 0
11:09:50.437 @WAH019 0
11:09:50.437 @WAH022 1
11:09:50.437 @idx 165
11:09:50.440 @WAH010 0
11:09:50.440 @WAH011 0
11:09:50.440 @WAH015 0
11:09:50.440 @WAH016 0
11:09:50.441 @WAH017 0
11:09:50.441 @WAH018 0
11:09:50.441 @WAH019 0
11:09:50.441 @WAH022 1
11:09:50.441 @idx 166
11:09:50.443 @WAH010 0
11:09:50.443 @WAH011 0
11:09:50.443 @WAH015 0
11:09:50.444 @WAH016 0
11:09:50.444 @WAH017 0
11:09:50.444 @WAH018 0
11:09:50.444 @WAH019 0
11:09:50.444 @WAH022 1
11:09:50.444 @idx 167
11:09:50.446 @WAH010 0
11:09:50.446 @WAH011 0
11:09:50.447 @WAH015 0
11:09:50.447 @WAH016 0
11:09:50.447 @WAH017 0
11:09:50.447 @WAH018 0
11:09:50.447 @WAH019 0
11:09:50.448 @WAH022 1
11:09:50.448 @idx 168
11:09:50.449 @WAH010 0
11:09:50.449 @WAH011 0
11:09:50.450 @WAH015 0
11:09:50.450 @WAH016 0
11:09:50.450 @WAH017 0
11:09:50.450 @WAH018 0
11:09:50.450 @WAH019 0
11:09:50.451 @WAH022 1
11:09:50.451 @idx 169
11:09:50.452 @WAH010 0
11:09:50.452 @WAH011 0
11:09:50.452 @WAH015 0
11:09:50.453 @WAH016 0
11:09:50.453 @WAH017 0
11:09:50.453 @WAH018 0
11:09:50.453 @WAH019 0
11:09:50.454 @WAH022 1
11:09:50.454 @idx 170
11:09:50.455 @WAH010 0
11:09:50.456 @WAH011 0
11:09:50.456 @WAH015 0
11:09:50.456 @WAH016 0
11:09:50.456 @WAH017 0
11:09:50.457 @WAH018 0
11:09:50.457 @WAH019 0
11:09:50.457 @WAH022 1
11:09:50.457 @idx 171
11:09:50.459 @WAH010 0
11:09:50.459 @WAH011 0
11:09:50.459 @WAH015 0
11:09:50.460 @WAH016 0
11:09:50.460 @WAH017 0
11:09:50.460 @WAH018 0
11:09:50.460 @WAH019 0
11:09:50.460 @WAH022 1
11:09:50.461 @idx 172
11:09:50.462 @WAH010 0
11:09:50.462 @WAH011 0
11:09:50.463 @WAH015 0
11:09:50.463 @WAH016 0
11:09:50.463 @WAH017 0
11:09:50.463 @WAH018 0
11:09:50.463 @WAH019 0
11:09:50.463 @WAH022 1
11:09:50.464 @idx 173
11:09:50.465 @WAH010 0
11:09:50.465 @WAH011 0
11:09:50.466 @WAH015 0
11:09:50.466 @WAH016 0
11:09:50.466 @WAH017 0
11:09:50.466 @WAH018 0
11:09:50.466 @WAH019 0
11:09:50.467 @WAH022 1
11:09:50.467 @idx 174
11:09:50.468 @WAH010 0
11:09:50.468 @WAH011 0
11:09:50.468 @WAH015 0
11:09:50.469 @WAH016 0
11:09:50.469 @WAH017 0
11:09:50.469 @WAH018 0
11:09:50.469 @WAH019 0
11:09:50.469 @WAH022 1
11:09:50.469 @idx 175
11:09:50.471 @WAH010 0
11:09:50.471 @WAH011 0
11:09:50.471 @WAH015 0
11:09:50.472 @WAH016 0
11:09:50.472 @WAH017 0
11:09:50.472 @WAH018 0
11:09:50.472 @WAH019 0
11:09:50.473 @WAH022 1
11:09:50.473 @idx 176
11:09:50.475 @WAH010 0
11:09:50.475 @WAH011 0
11:09:50.475 @WAH015 0
11:09:50.475 @WAH016 0
11:09:50.475 @WAH017 0
11:09:50.476 @WAH018 0
11:09:50.476 @WAH019 0
11:09:50.476 @WAH022 1
11:09:50.476 @idx 177
11:09:50.478 @WAH010 0
11:09:50.478 @WAH011 0
11:09:50.478 @WAH015 0
11:09:50.478 @WAH016 0
11:09:50.478 @WAH017 0
11:09:50.479 @WAH018 0
11:09:50.479 @WAH019 0
11:09:50.479 @WAH022 1
11:09:50.479 @idx 178
11:09:50.481 @WAH010 0
11:09:50.481 @WAH011 0
11:09:50.481 @WAH015 0
11:09:50.481 @WAH016 0
11:09:50.481 @WAH017 0
11:09:50.482 @WAH018 0
11:09:50.482 @WAH019 0
11:09:50.482 @WAH022 1
11:09:50.482 @idx 179
11:09:50.484 @WAH010 0
11:09:50.484 @WAH011 0
11:09:50.484 @WAH015 0
11:09:50.484 @WAH016 0
11:09:50.484 @WAH017 0
11:09:50.485 @WAH018 0
11:09:50.485 @WAH019 0
11:09:50.485 @WAH022 1
11:09:50.485 @idx 180
11:09:50.487 @WAH010 0
11:09:50.487 @WAH011 0
11:09:50.487 @WAH015 0
11:09:50.487 @WAH016 0
11:09:50.487 @WAH017 0
11:09:50.488 @WAH018 0
11:09:50.488 @WAH019 0
11:09:50.488 @WAH022 1
11:09:50.488 @idx 181
11:09:50.490 @WAH010 0
11:09:50.490 @WAH011 0
11:09:50.490 @WAH015 0
11:09:50.491 @WAH016 0
11:09:50.491 @WAH017 0
11:09:50.491 @WAH018 0
11:09:50.491 @WAH019 0
11:09:50.492 @WAH022 1
11:09:50.492 @idx 182
11:09:50.493 @WAH010 0
11:09:50.494 @WAH011 0
11:09:50.494 @WAH015 0
11:09:50.494 @WAH016 0
11:09:50.494 @WAH017 0
11:09:50.494 @WAH018 0
11:09:50.495 @WAH019 0
11:09:50.495 @WAH022 1
11:09:50.495 @idx 183
11:09:50.496 @WAH010 0
11:09:50.497 @WAH011 0
11:09:50.497 @WAH015 0
11:09:50.497 @WAH016 0
11:09:50.497 @WAH017 0
11:09:50.497 @WAH018 0
11:09:50.497 @WAH019 0
11:09:50.498 @WAH022 1
11:09:50.499 @idx 184
11:09:50.500 @WAH010 0
11:09:50.500 @WAH011 0
11:09:50.500 @WAH015 0
11:09:50.500 @WAH016 0
11:09:50.501 @WAH017 0
11:09:50.501 @WAH018 0
11:09:50.501 @WAH019 100
11:09:50.501 @WAH022 1
11:09:50.501 @idx 185
11:09:50.503 @WAH010 0
11:09:50.503 @WAH011 0
11:09:50.503 @WAH015 0
11:09:50.504 @WAH016 0
11:09:50.504 @WAH017 0
11:09:50.504 @WAH018 0
11:09:50.504 @WAH019 0
11:09:50.504 @WAH022 1
11:09:50.505 @idx 186
11:09:50.506 @WAH010 0
11:09:50.507 @WAH011 0
11:09:50.507 @WAH015 0
11:09:50.507 @WAH016 0
11:09:50.507 @WAH017 0
11:09:50.507 @WAH018 0
11:09:50.508 @WAH019 0
11:09:50.508 @WAH022 1
11:09:50.508 @idx 187
11:09:50.510 @WAH010 0
11:09:50.510 @WAH011 0
11:09:50.510 @WAH015 0
11:09:50.510 @WAH016 0
11:09:50.510 @WAH017 0
11:09:50.510 @WAH018 0
11:09:50.511 @WAH019 0
11:09:50.511 @WAH022 1
11:09:50.511 @idx 188
11:09:50.512 @WAH010 0
11:09:50.513 @WAH011 0
11:09:50.513 @WAH015 0
11:09:50.513 @WAH016 0
11:09:50.513 @WAH017 0
11:09:50.513 @WAH018 0
11:09:50.514 @WAH019 0
11:09:50.514 @WAH022 1
11:09:50.514 @idx 189
11:09:50.516 @WAH010 0
11:09:50.516 @WAH011 0
11:09:50.516 @WAH015 0
11:09:50.516 @WAH016 0
11:09:50.516 @WAH017 0
11:09:50.517 @WAH018 0
11:09:50.517 @WAH019 0
11:09:50.517 @WAH022 1
11:09:50.517 @idx 190
11:09:50.518 @WAH010 0
11:09:50.519 @WAH011 0
11:09:50.519 @WAH015 7.31818181818182
11:09:50.519 @WAH016 0
11:09:50.519 @WAH017 0
11:09:50.519 @WAH018 0
11:09:50.519 @WAH019 0
11:09:50.520 @WAH022 1
11:09:50.520 @idx 191
11:09:50.525 @WAH010 0
11:09:50.525 @WAH011 0
11:09:50.525 @WAH015 7.31818181818182
11:09:50.525 @WAH016 0
11:09:50.525 @WAH017 0
11:09:50.526 @WAH018 0
11:09:50.526 @WAH019 0
11:09:50.526 @WAH022 1
11:09:50.526 @idx 192
11:09:50.528 @WAH010 0
11:09:50.528 @WAH011 0
11:09:50.528 @WAH015 7.31818181818182
11:09:50.528 @WAH016 0
11:09:50.529 @WAH017 0
11:09:50.529 @WAH018 0
11:09:50.529 @WAH019 0
11:09:50.529 @WAH022 1
11:09:50.529 @idx 193
11:09:50.531 @WAH010 0
11:09:50.531 @WAH011 0
11:09:50.531 @WAH015 7.31818181818182
11:09:50.531 @WAH016 0
11:09:50.532 @WAH017 0
11:09:50.532 @WAH018 0
11:09:50.532 @WAH019 0
11:09:50.532 @WAH022 1
11:09:50.532 @idx 194
11:09:50.534 @WAH010 0
11:09:50.534 @WAH011 0
11:09:50.534 @WAH015 7.31818181818182
11:09:50.534 @WAH016 0
11:09:50.534 @WAH017 0
11:09:50.534 @WAH018 0
11:09:50.535 @WAH019 0
11:09:50.535 @WAH022 1
11:09:50.535 @idx 195
11:09:50.536 @WAH010 0
11:09:50.536 @WAH011 0
11:09:50.537 @WAH015 7.31818181818182
11:09:50.537 @WAH016 0
11:09:50.537 @WAH017 0
11:09:50.537 @WAH018 0
11:09:50.537 @WAH019 0
11:09:50.538 @WAH022 1
11:09:50.538 @idx 196
11:09:50.539 @WAH010 0
11:09:50.540 @WAH011 0
11:09:50.540 @WAH015 7.31818181818182
11:09:50.540 @WAH016 0
11:09:50.540 @WAH017 0
11:09:50.541 @WAH018 0
11:09:50.541 @WAH019 0
11:09:50.541 @WAH022 1
11:09:50.541 @idx 197
11:09:50.543 @WAH010 0
11:09:50.543 @WAH011 0
11:09:50.543 @WAH015 7.31818181818182
11:09:50.544 @WAH016 0
11:09:50.545 @WAH017 0
11:09:50.545 @WAH018 0
11:09:50.545 @WAH019 0
11:09:50.545 @WAH022 1
11:09:50.545 @idx 198
11:09:50.548 @WAH010 0
11:09:50.548 @WAH011 0
11:09:50.548 @WAH015 7.31818181818182
11:09:50.548 @WAH016 0
11:09:50.548 @WAH017 0
11:09:50.549 @WAH018 0
11:09:50.549 @WAH019 0
11:09:50.549 @WAH022 1
11:09:50.549 @idx 199
11:09:50.550 @WAH010 0
11:09:50.551 @WAH011 0
11:09:50.551 @WAH015 20
11:09:50.551 @WAH016 0
11:09:50.551 @WAH017 0
11:09:50.551 @WAH018 0
11:09:50.552 @WAH019 0
11:09:50.552 @WAH022 1
11:09:50.552 @idx 200
11:09:50.557 @WAH010 0
11:09:50.557 @WAH011 0
11:09:50.558 @WAH015 7.31818181818182
11:09:50.558 @WAH016 0
11:09:50.558 @WAH017 0
11:09:50.558 @WAH018 0
11:09:50.558 @WAH019 0
11:09:50.559 @WAH022 1
11:09:50.559 @idx 201
11:09:50.560 @WAH010 0
11:09:50.561 @WAH011 0
11:09:50.561 @WAH015 50
11:09:50.561 @WAH016 0
11:09:50.561 @WAH017 0
11:09:50.561 @WAH018 0
11:09:50.562 @WAH019 0
11:09:50.562 @WAH022 1
11:09:50.562 @idx 202
11:09:50.563 @WAH010 0
11:09:50.563 @WAH011 0
11:09:50.564 @WAH015 7.31818181818182
11:09:50.564 @WAH016 0
11:09:50.564 @WAH017 0
11:09:50.564 @WAH018 0
11:09:50.564 @WAH019 0
11:09:50.565 @WAH022 1
11:09:50.565 @idx 203
11:09:50.566 @WAH010 0
11:09:50.566 @WAH011 0
11:09:50.567 @WAH015 12
11:09:50.567 @WAH016 0
11:09:50.567 @WAH017 0
11:09:50.567 @WAH018 0
11:09:50.567 @WAH019 0
11:09:50.568 @WAH022 1
11:09:50.568 @idx 204
11:09:50.569 @WAH010 0
11:09:50.569 @WAH011 0
11:09:50.569 @WAH015 7.31818181818182
11:09:50.570 @WAH016 0
11:09:50.570 @WAH017 0
11:09:50.570 @WAH018 0
11:09:50.570 @WAH019 0
11:09:50.570 @WAH022 1
11:09:50.571 @idx 205
11:09:50.572 @WAH010 0
11:09:50.572 @WAH011 0
11:09:50.573 @WAH015 7.31818181818182
11:09:50.573 @WAH016 0
11:09:50.573 @WAH017 0
11:09:50.573 @WAH018 0
11:09:50.573 @WAH019 0
11:09:50.574 @WAH022 1
11:09:50.574 @idx 206
11:09:50.576 @WAH010 0
11:09:50.576 @WAH011 0
11:09:50.576 @WAH015 7.31818181818182
11:09:50.576 @WAH016 0
11:09:50.577 @WAH017 0
11:09:50.577 @WAH018 0
11:09:50.577 @WAH019 0
11:09:50.577 @WAH022 1
11:09:50.577 @idx 207
11:09:50.579 @WAH010 0
11:09:50.579 @WAH011 0
11:09:50.579 @WAH015 7.31818181818182
11:09:50.579 @WAH016 0
11:09:50.580 @WAH017 0
11:09:50.580 @WAH018 0
11:09:50.580 @WAH019 0
11:09:50.580 @WAH022 1
11:09:50.580 @idx 208
11:09:50.582 @WAH010 0
11:09:50.582 @WAH011 0
11:09:50.582 @WAH015 7.31818181818182
11:09:50.583 @WAH016 0
11:09:50.583 @WAH017 0
11:09:50.583 @WAH018 0
11:09:50.583 @WAH019 0
11:09:50.583 @WAH022 1
11:09:50.584 @idx 209
11:09:50.585 @WAH010 0
11:09:50.585 @WAH011 0
11:09:50.585 @WAH015 7.31818181818182
11:09:50.586 @WAH016 0
11:09:50.586 @WAH017 0
11:09:50.586 @WAH018 0
11:09:50.586 @WAH019 0
11:09:50.586 @WAH022 1
11:09:50.587 @idx 210
11:09:50.588 @WAH010 0
11:09:50.588 @WAH011 0
11:09:50.588 @WAH015 7.31818181818182
11:09:50.589 @WAH016 0
11:09:50.589 @WAH017 0
11:09:50.589 @WAH018 0
11:09:50.589 @WAH019 0
11:09:50.590 @WAH022 1
11:09:50.590 @idx 211
11:09:50.597 @WAH010 0
11:09:50.597 @WAH011 0
11:09:50.598 @WAH015 7.31818181818182
11:09:50.598 @WAH016 0
11:09:50.598 @WAH017 0
11:09:50.598 @WAH018 0
11:09:50.598 @WAH019 0
11:09:50.599 @WAH022 1
11:09:50.599 @idx 212
11:09:50.600 @WAH010 0
11:09:50.600 @WAH011 0
11:09:50.600 @WAH015 7.31818181818182
11:09:50.601 @WAH016 0
11:09:50.601 @WAH017 0
11:09:50.601 @WAH018 0
11:09:50.601 @WAH019 0
11:09:50.601 @WAH022 1
11:09:50.601 @idx 213
11:09:50.603 @WAH010 0
11:09:50.603 @WAH011 0
11:09:50.603 @WAH015 7.31818181818182
11:09:50.603 @WAH016 0
11:09:50.603 @WAH017 0
11:09:50.604 @WAH018 0
11:09:50.604 @WAH019 0
11:09:50.604 @WAH022 1
11:09:50.604 @idx 214
11:09:50.606 @WAH010 0
11:09:50.607 @WAH011 0
11:09:50.607 @WAH015 7.31818181818182
11:09:50.607 @WAH016 0
11:09:50.608 @WAH017 0
11:09:50.608 @WAH018 0
11:09:50.608 @WAH019 0
11:09:50.608 @WAH022 1
11:09:50.609 @idx 215
11:20:33.706 @EMP002 陈显元
11:20:33.707 @EMP033 e51e6c4ea698bc872c5f2e504383ac59
11:20:36.370 @EMP002 陈显元
11:20:36.371 @EMP033 cebfd1559b68d67688884d7a3d3e8c
11:23:22.026 @EMP002 陈显元
11:23:22.027 @EMP033 cebfd1559b68d67688884d7a3d3e8c
11:25:56.965 @EMP002 陈显元
11:25:56.965 @EMP033 cebfd1559b68d67688884d7a3d3e8c
11:28:35.621 @EMP002 陈显元
11:28:35.622 @EMP033 cebfd1559b68d67688884d7a3d3e8c
11:30:57.496 @EMP002 陈显元
11:30:57.496 @EMP033 cebfd1559b68d67688884d7a3d3e8c
16:24:57.018 @EMP002 陈显元
16:24:57.020 @EMP033 cebfd1559b68d67688884d7a3d3e8c
16:26:37.226 @EMP002 陈显元
16:26:37.226 @EMP033 cebfd1559b68d67688884d7a3d3e8c
16:30:45.289 @EMP002 陈显元
16:30:45.290 @EMP033 cebfd1559b68d67688884d7a3d3e8c
16:31:50.323 @EMP002 陈显元
16:31:50.323 @EMP033 cebfd1559b68d67688884d7a3d3e8c
16:39:24.279 @EMP002 陈显元
16:39:24.280 @EMP033 cebfd1559b68d67688884d7a3d3e8c
16:46:44.496 @EMP002 陈显元
16:46:44.497 @EMP033 cebfd1559b68d67688884d7a3d3e8c
16:48:53.818 @EMP002 陈显元
16:48:53.818 @EMP033 cebfd1559b68d67688884d7a3d3e8c
16:52:05.207 @EMP002 陈显元
16:52:05.207 @EMP033 cebfd1559b68d67688884d7a3d3e8c
16:58:46.930 @EMP002 陈显元
16:58:46.930 @EMP033 cebfd1559b68d67688884d7a3d3e8c
16:58:58.166 列名 'DGY' 无效。
列名 'F805' 无效。
   在 System.Data.SqlClient.SqlConnection.OnError(SqlException exception, Boolean breakConnection, Action`1 wrapCloseInAction)
   在 System.Data.SqlClient.SqlInternalConnection.OnError(SqlException exception, Boolean breakConnection, Action`1 wrapCloseInAction)
   在 System.Data.SqlClient.TdsParser.ThrowExceptionAndWarning(TdsParserStateObject stateObj, Boolean callerHasConnectionLock, Boolean asyncClose)
   在 System.Data.SqlClient.TdsParser.TryRun(RunBehavior runBehavior, SqlCommand cmdHandler, SqlDataReader dataStream, BulkCopySimpleResultSet bulkCopyHandler, TdsParserStateObject stateObj, Boolean& dataReady)
   在 System.Data.SqlClient.SqlDataReader.TryConsumeMetaData()
   在 System.Data.SqlClient.SqlDataReader.get_MetaData()
   在 System.Data.SqlClient.SqlCommand.FinishExecuteReader(SqlDataReader ds, RunBehavior runBehavior, String resetOptionsString, Boolean isInternal, Boolean forDescribeParameterEncryption, Boolean shouldCacheForAlwaysEncrypted)
   在 System.Data.SqlClient.SqlCommand.RunExecuteReaderTds(CommandBehavior cmdBehavior, RunBehavior runBehavior, Boolean returnStream, Boolean async, Int32 timeout, Task& task, Boolean asyncWrite, Boolean inRetry, SqlDataReader ds, Boolean describeParameterEncryptionRequest)
   在 System.Data.SqlClient.SqlCommand.RunExecuteReader(CommandBehavior cmdBehavior, RunBehavior runBehavior, Boolean returnStream, String method, TaskCompletionSource`1 completion, Int32 timeout, Task& task, Boolean& usedCache, Boolean asyncWrite, Boolean inRetry)
   在 System.Data.SqlClient.SqlCommand.RunExecuteReader(CommandBehavior cmdBehavior, RunBehavior runBehavior, Boolean returnStream, String method)
   在 System.Data.SqlClient.SqlCommand.ExecuteReader(CommandBehavior behavior, String method)
   在 System.Data.SqlClient.SqlCommand.ExecuteDbDataReader(CommandBehavior behavior)
   在 System.Data.Common.DbCommand.System.Data.IDbCommand.ExecuteReader(CommandBehavior behavior)
   在 System.Data.Common.DbDataAdapter.FillInternal(DataSet dataset, DataTable[] datatables, Int32 startRecord, Int32 maxRecords, String srcTable, IDbCommand command, CommandBehavior behavior)
   在 System.Data.Common.DbDataAdapter.Fill(DataTable[] dataTables, Int32 startRecord, Int32 maxRecords, IDbCommand command, CommandBehavior behavior)
   在 System.Data.Common.DbDataAdapter.Fill(DataTable dataTable)
   在 StudentMgr.SqlHelper.ExecuteDataTable(SqlConnection conn, String cmdText, SqlParameter[] parameters) 位置 D:\ProjectData\MiKe\LineProductMes\LineProductMesBll\SqlHelper.cs:行号 278
16:58:58.166 SELECT DISTINCT QAB001,QAB003,DEA002,DEA057,QAB005,DDA003,DEA003,DGA003,DEA009 FROM SGMQAB C LEFT JOIN TPADEA D ON C.QAB003=D.DEA001 LEFT JOIN TPADDA E ON D.DEA008=E.DDA001 LEFT JOIN TPADGA F ON D.DEA010=F.DGA001 WHERE QAB001 IN (DGY-F805) 
16:59:23.531 @EMP002 陈显元
16:59:23.532 @EMP033 cebfd1559b68d67688884d7a3d3e8c
17:01:11.950 @EMP002 陈显元
17:01:11.950 @EMP033 cebfd1559b68d67688884d7a3d3e8c
17:09:02.073 @EMP002 陈显元
17:09:02.073 @EMP033 cebfd1559b68d67688884d7a3d3e8c
17:31:04.960 @EMP002 陈显元
17:31:04.961 @EMP033 cebfd1559b68d67688884d7a3d3e8c
17:32:43.923 @EMP002 陈显元
17:32:43.924 @EMP033 cebfd1559b68d67688884d7a3d3e8c
17:35:15.671 @EMP002 陈显元
17:35:15.672 @EMP033 cebfd1559b68d67688884d7a3d3e8c
17:37:34.361 @EMP002 陈显元
17:37:34.361 @EMP033 cebfd1559b68d67688884d7a3d3e8c
17:38:38.136 @EMP002 陈显元
17:38:38.137 @EMP033 cebfd1559b68d67688884d7a3d3e8c
17:45:24.933 @EMP002 陈显元
17:45:24.933 @EMP033 cebfd1559b68d67688884d7a3d3e8c
17:45:37.581 @PRG005 1线
17:45:37.581 @PRG006 20
17:45:37.581 @PRG001 DGY-F805
17:45:37.581 @PRG002 2018/8/2 0:00:00
17:45:37.581 @PRG004 050701
17:45:37.585 @PRG005 2线
17:45:37.585 @PRG006 20
17:45:37.586 @PRG001 DGY-F805
17:45:37.586 @PRG002 2018/8/2 0:00:00
17:45:37.586 @PRG004 050702
17:45:37.588 @PRG005 3线
17:45:37.588 @PRG006 20
17:45:37.588 @PRG001 DGY-F805
17:45:37.588 @PRG002 2018/8/2 0:00:00
17:45:37.588 @PRG004 050703
17:45:37.597 @PRG005 4线
17:45:37.597 @PRG006 20
17:45:37.597 @PRG001 DGY-F805
17:45:37.597 @PRG002 2018/8/2 0:00:00
17:45:37.597 @PRG004 050704
17:45:37.599 @PRG005 5线
17:45:37.599 @PRG006 20
17:45:37.599 @PRG001 DGY-F805
17:45:37.600 @PRG002 2018/8/2 0:00:00
17:45:37.600 @PRG004 050705
17:45:37.601 @PRG005 6线
17:45:37.602 @PRG006 20
17:45:37.602 @PRG001 DGY-F805
17:45:37.602 @PRG002 2018/8/2 0:00:00
17:45:37.602 @PRG004 050706
17:45:37.604 @PRG005 7线
17:45:37.604 @PRG006 20
17:45:37.604 @PRG001 DGY-F805
17:45:37.605 @PRG002 2018/8/2 0:00:00
17:45:37.605 @PRG004 050707
17:45:37.606 @PRG005 8线
17:45:37.606 @PRG006 20
17:45:37.606 @PRG001 DGY-F805
17:45:37.606 @PRG002 2018/8/2 0:00:00
17:45:37.606 @PRG004 050708
17:45:37.608 @PRG005 1线
17:45:37.608 @PRG006 20
17:45:37.608 @PRG001 DGY-F805
17:45:37.608 @PRG002 2018/8/3 0:00:00
17:45:37.608 @PRG004 050701
17:45:37.610 @PRG005 2线
17:45:37.610 @PRG006 20
17:45:37.610 @PRG001 DGY-F805
17:45:37.611 @PRG002 2018/8/3 0:00:00
17:45:37.611 @PRG004 050702
17:45:37.612 @PRG005 3线
17:45:37.612 @PRG006 20
17:45:37.612 @PRG001 DGY-F805
17:45:37.613 @PRG002 2018/8/3 0:00:00
17:45:37.613 @PRG004 050703
17:45:37.614 @PRG005 4线
17:45:37.614 @PRG006 20
17:45:37.614 @PRG001 DGY-F805
17:45:37.614 @PRG002 2018/8/3 0:00:00
17:45:37.615 @PRG004 050704
17:45:37.616 @PRG005 5线
17:45:37.616 @PRG006 20
17:45:37.616 @PRG001 DGY-F805
17:45:37.616 @PRG002 2018/8/3 0:00:00
17:45:37.616 @PRG004 050705
17:45:37.618 @PRG005 6线
17:45:37.618 @PRG006 20
17:45:37.618 @PRG001 DGY-F805
17:45:37.618 @PRG002 2018/8/3 0:00:00
17:45:37.618 @PRG004 050706
17:45:37.620 @PRG005 7线
17:45:37.620 @PRG006 20
17:45:37.620 @PRG001 DGY-F805
17:45:37.620 @PRG002 2018/8/3 0:00:00
17:45:37.621 @PRG004 050707
17:45:37.623 @PRG005 8线
17:45:37.623 @PRG006 20
17:45:37.623 @PRG001 DGY-F805
17:45:37.623 @PRG002 2018/8/3 0:00:00
17:45:37.623 @PRG004 050708
17:45:37.625 @PRG005 1线
17:45:37.625 @PRG006 20
17:45:37.626 @PRG001 DGY-F805
17:45:37.626 @PRG002 2018/8/4 0:00:00
17:45:37.626 @PRG004 050701
17:45:37.627 @PRG005 2线
17:45:37.627 @PRG006 20
17:45:37.628 @PRG001 DGY-F805
17:45:37.628 @PRG002 2018/8/4 0:00:00
17:45:37.628 @PRG004 050702
17:45:37.629 @PRG005 3线
17:45:37.629 @PRG006 20
17:45:37.629 @PRG001 DGY-F805
17:45:37.629 @PRG002 2018/8/4 0:00:00
17:45:37.630 @PRG004 050703
17:45:37.631 @PRG005 4线
17:45:37.632 @PRG006 20
17:45:37.634 @PRG001 DGY-F805
17:45:37.634 @PRG002 2018/8/4 0:00:00
17:45:37.634 @PRG004 050704
17:45:37.636 @PRG005 5线
17:45:37.636 @PRG006 20
17:45:37.636 @PRG001 DGY-F805
17:45:37.636 @PRG002 2018/8/4 0:00:00
17:45:37.636 @PRG004 050705
17:45:37.638 @PRG005 6线
17:45:37.638 @PRG006 20
17:45:37.638 @PRG001 DGY-F805
17:45:37.638 @PRG002 2018/8/4 0:00:00
17:45:37.638 @PRG004 050706
17:45:37.640 @PRG005 7线
17:45:37.640 @PRG006 20
17:45:37.640 @PRG001 DGY-F805
17:45:37.640 @PRG002 2018/8/4 0:00:00
17:45:37.640 @PRG004 050707
17:45:37.642 @PRG005 8线
17:45:37.642 @PRG006 20
17:45:37.642 @PRG001 DGY-F805
17:45:37.642 @PRG002 2018/8/4 0:00:00
17:45:37.642 @PRG004 050708
17:45:37.644 @PRG005 1线
17:45:37.644 @PRG006 20
17:45:37.644 @PRG001 DGY-F805
17:45:37.645 @PRG002 2018/8/5 0:00:00
17:45:37.645 @PRG004 050701
17:45:37.646 @PRG005 2线
17:45:37.647 @PRG006 20
17:45:37.647 @PRG001 DGY-F805
17:45:37.647 @PRG002 2018/8/5 0:00:00
17:45:37.647 @PRG004 050702
17:45:37.648 @PRG005 3线
17:45:37.649 @PRG006 20
17:45:37.649 @PRG001 DGY-F805
17:45:37.649 @PRG002 2018/8/5 0:00:00
17:45:37.649 @PRG004 050703
17:45:37.650 @PRG005 4线
17:45:37.650 @PRG006 20
17:45:37.651 @PRG001 DGY-F805
17:45:37.651 @PRG002 2018/8/5 0:00:00
17:45:37.651 @PRG004 050704
17:45:37.652 @PRG005 5线
17:45:37.653 @PRG006 20
17:45:37.653 @PRG001 DGY-F805
17:45:37.653 @PRG002 2018/8/5 0:00:00
17:45:37.653 @PRG004 050705
17:45:37.654 @PRG005 6线
17:45:37.654 @PRG006 20
17:45:37.655 @PRG001 DGY-F805
17:45:37.655 @PRG002 2018/8/5 0:00:00
17:45:37.655 @PRG004 050706
17:45:37.657 @PRG005 7线
17:45:37.657 @PRG006 20
17:45:37.658 @PRG001 DGY-F805
17:45:37.658 @PRG002 2018/8/5 0:00:00
17:45:37.658 @PRG004 050707
17:45:37.659 @PRG005 8线
17:45:37.659 @PRG006 20
17:45:37.660 @PRG001 DGY-F805
17:45:37.660 @PRG002 2018/8/5 0:00:00
17:45:37.660 @PRG004 050708
17:45:37.662 @PRG005 1线
17:45:37.662 @PRG006 20
17:45:37.662 @PRG001 DGY-F805
17:45:37.662 @PRG002 2018/8/6 0:00:00
17:45:37.662 @PRG004 050701
17:45:37.664 @PRG005 2线
17:45:37.664 @PRG006 20
17:45:37.665 @PRG001 DGY-F805
17:45:37.665 @PRG002 2018/8/6 0:00:00
17:45:37.665 @PRG004 050702
17:45:37.666 @PRG005 3线
17:45:37.666 @PRG006 20
17:45:37.666 @PRG001 DGY-F805
17:45:37.667 @PRG002 2018/8/6 0:00:00
17:45:37.667 @PRG004 050703
17:45:37.668 @PRG005 4线
17:45:37.668 @PRG006 20
17:45:37.668 @PRG001 DGY-F805
17:45:37.669 @PRG002 2018/8/6 0:00:00
17:45:37.669 @PRG004 050704
17:45:37.670 @PRG005 5线
17:45:37.670 @PRG006 20
17:45:37.670 @PRG001 DGY-F805
17:45:37.670 @PRG002 2018/8/6 0:00:00
17:45:37.671 @PRG004 050705
17:45:37.672 @PRG005 6线
17:45:37.672 @PRG006 20
17:45:37.673 @PRG001 DGY-F805
17:45:37.673 @PRG002 2018/8/6 0:00:00
17:45:37.673 @PRG004 050706
17:45:37.674 @PRG005 7线
17:45:37.674 @PRG006 20
17:45:37.674 @PRG001 DGY-F805
17:45:37.674 @PRG002 2018/8/6 0:00:00
17:45:37.675 @PRG004 050707
17:45:37.676 @PRG005 8线
17:45:37.677 @PRG006 20
17:45:37.677 @PRG001 DGY-F805
17:45:37.677 @PRG002 2018/8/6 0:00:00
17:45:37.677 @PRG004 050708
17:45:37.678 @PRG005 1线
17:45:37.679 @PRG006 500
17:45:37.679 @PRG001 TCLJD-DQFY02
17:45:37.679 @PRG002 2018/12/11 0:00:00
17:45:37.679 @PRG004 050701
17:45:37.680 @PRG005 2线
17:45:37.680 @PRG006 500
17:45:37.681 @PRG001 TCLJD-DQFY02
17:45:37.681 @PRG002 2018/12/11 0:00:00
17:45:37.681 @PRG004 050702
17:45:37.682 @PRG005 3线
17:45:37.682 @PRG006 500
17:45:37.683 @PRG001 TCLJD-DQFY02
17:45:37.683 @PRG002 2018/12/11 0:00:00
17:45:37.683 @PRG004 050703
17:45:37.684 @PRG005 4线
17:45:37.684 @PRG006 500
17:45:37.685 @PRG001 TCLJD-DQFY02
17:45:37.685 @PRG002 2018/12/11 0:00:00
17:45:37.685 @PRG004 050704
17:45:37.686 @PRG005 5线
17:45:37.686 @PRG006 500
17:45:37.686 @PRG001 TCLJD-DQFY02
17:45:37.687 @PRG002 2018/12/11 0:00:00
17:45:37.687 @PRG004 050705
17:45:37.689 @PRG005 6线
17:45:37.689 @PRG006 500
17:45:37.689 @PRG001 TCLJD-DQFY02
17:45:37.689 @PRG002 2018/12/11 0:00:00
17:45:37.690 @PRG004 050706
17:45:37.691 @PRG005 7线
17:45:37.691 @PRG006 500
17:45:37.692 @PRG001 TCLJD-DQFY02
17:45:37.692 @PRG002 2018/12/11 0:00:00
17:45:37.692 @PRG004 050707
17:45:37.693 @PRG005 8线
17:45:37.694 @PRG006 500
17:45:37.694 @PRG001 TCLJD-DQFY02
17:45:37.694 @PRG002 2018/12/11 0:00:00
17:45:37.694 @PRG004 050708
17:45:37.696 @PRG005 1线
17:45:37.696 @PRG006 500
17:45:37.696 @PRG001 TCLJD-DQFY02
17:45:37.697 @PRG002 2018/12/12 0:00:00
17:45:37.697 @PRG004 050701
17:45:37.698 @PRG005 2线
17:45:37.698 @PRG006 500
17:45:37.698 @PRG001 TCLJD-DQFY02
17:45:37.699 @PRG002 2018/12/12 0:00:00
17:45:37.699 @PRG004 050702
17:45:37.700 @PRG005 3线
17:45:37.700 @PRG006 500
17:45:37.700 @PRG001 TCLJD-DQFY02
17:45:37.702 @PRG002 2018/12/12 0:00:00
17:45:37.702 @PRG004 050703
17:45:37.703 @PRG005 4线
17:45:37.704 @PRG006 500
17:45:37.704 @PRG001 TCLJD-DQFY02
17:45:37.704 @PRG002 2018/12/12 0:00:00
17:45:37.704 @PRG004 050704
17:45:37.705 @PRG005 5线
17:45:37.706 @PRG006 500
17:45:37.706 @PRG001 TCLJD-DQFY02
17:45:37.706 @PRG002 2018/12/12 0:00:00
17:45:37.706 @PRG004 050705
17:45:37.707 @PRG005 6线
17:45:37.707 @PRG006 500
17:45:37.708 @PRG001 TCLJD-DQFY02
17:45:37.708 @PRG002 2018/12/12 0:00:00
17:45:37.708 @PRG004 050706
17:45:37.709 @PRG005 7线
17:45:37.709 @PRG006 500
17:45:37.710 @PRG001 TCLJD-DQFY02
17:45:37.710 @PRG002 2018/12/12 0:00:00
17:45:37.710 @PRG004 050707
17:45:37.711 @PRG005 8线
17:45:37.711 @PRG006 500
17:45:37.711 @PRG001 TCLJD-DQFY02
17:45:37.712 @PRG002 2018/12/12 0:00:00
17:45:37.712 @PRG004 050708
17:45:41.616 @PRG005 1线
17:45:41.617 @PRG006 20
17:45:41.617 @PRG001 DGY-F805
17:45:41.617 @PRG002 2018/8/2 0:00:00
17:45:41.618 @PRG004 050701
17:45:41.621 @PRG005 2线
17:45:41.621 @PRG006 20
17:45:41.622 @PRG001 DGY-F805
17:45:41.623 @PRG002 2018/8/2 0:00:00
17:45:41.624 @PRG004 050702
17:45:41.627 @PRG005 3线
17:45:41.628 @PRG006 20
17:45:41.628 @PRG001 DGY-F805
17:45:41.628 @PRG002 2018/8/2 0:00:00
17:45:41.629 @PRG004 050703
17:45:41.631 @PRG005 4线
17:45:41.631 @PRG006 20
17:45:41.631 @PRG001 DGY-F805
17:45:41.632 @PRG002 2018/8/2 0:00:00
17:45:41.632 @PRG004 050704
17:45:41.633 @PRG005 5线
17:45:41.634 @PRG006 20
17:45:41.634 @PRG001 DGY-F805
17:45:41.634 @PRG002 2018/8/2 0:00:00
17:45:41.634 @PRG004 050705
17:45:41.636 @PRG005 6线
17:45:41.637 @PRG006 20
17:45:41.637 @PRG001 DGY-F805
17:45:41.637 @PRG002 2018/8/2 0:00:00
17:45:41.637 @PRG004 050706
17:45:41.639 @PRG005 7线
17:45:41.639 @PRG006 20
17:45:41.639 @PRG001 DGY-F805
17:45:41.640 @PRG002 2018/8/2 0:00:00
17:45:41.640 @PRG004 050707
17:45:41.641 @PRG005 8线
17:45:41.641 @PRG006 20
17:45:41.641 @PRG001 DGY-F805
17:45:41.642 @PRG002 2018/8/2 0:00:00
17:45:41.642 @PRG004 050708
17:45:41.643 @PRG005 1线
17:45:41.644 @PRG006 20
17:45:41.644 @PRG001 DGY-F805
17:45:41.644 @PRG002 2018/8/3 0:00:00
17:45:41.644 @PRG004 050701
17:45:41.646 @PRG005 2线
17:45:41.646 @PRG006 20
17:45:41.646 @PRG001 DGY-F805
17:45:41.646 @PRG002 2018/8/3 0:00:00
17:45:41.646 @PRG004 050702
17:45:41.648 @PRG005 3线
17:45:41.648 @PRG006 20
17:45:41.648 @PRG001 DGY-F805
17:45:41.649 @PRG002 2018/8/3 0:00:00
17:45:41.649 @PRG004 050703
17:45:41.651 @PRG005 4线
17:45:41.651 @PRG006 20
17:45:41.651 @PRG001 DGY-F805
17:45:41.651 @PRG002 2018/8/3 0:00:00
17:45:41.652 @PRG004 050704
17:45:41.653 @PRG005 5线
17:45:41.653 @PRG006 20
17:45:41.654 @PRG001 DGY-F805
17:45:41.654 @PRG002 2018/8/3 0:00:00
17:45:41.654 @PRG004 050705
17:45:41.655 @PRG005 6线
17:45:41.656 @PRG006 20
17:45:41.656 @PRG001 DGY-F805
17:45:41.656 @PRG002 2018/8/3 0:00:00
17:45:41.656 @PRG004 050706
17:45:41.658 @PRG005 7线
17:45:41.658 @PRG006 20
17:45:41.658 @PRG001 DGY-F805
17:45:41.658 @PRG002 2018/8/3 0:00:00
17:45:41.658 @PRG004 050707
17:45:41.660 @PRG005 8线
17:45:41.660 @PRG006 20
17:45:41.661 @PRG001 DGY-F805
17:45:41.661 @PRG002 2018/8/3 0:00:00
17:45:41.661 @PRG004 050708
17:45:41.662 @PRG005 1线
17:45:41.662 @PRG006 20
17:45:41.662 @PRG001 DGY-F805
17:45:41.662 @PRG002 2018/8/4 0:00:00
17:45:41.662 @PRG004 050701
17:45:41.664 @PRG005 2线
17:45:41.664 @PRG006 20
17:45:41.664 @PRG001 DGY-F805
17:45:41.665 @PRG002 2018/8/4 0:00:00
17:45:41.665 @PRG004 050702
17:45:41.666 @PRG005 3线
17:45:41.666 @PRG006 20
17:45:41.667 @PRG001 DGY-F805
17:45:41.667 @PRG002 2018/8/4 0:00:00
17:45:41.667 @PRG004 050703
17:45:41.668 @PRG005 4线
17:45:41.668 @PRG006 20
17:45:41.668 @PRG001 DGY-F805
17:45:41.668 @PRG002 2018/8/4 0:00:00
17:45:41.669 @PRG004 050704
17:45:41.670 @PRG005 5线
17:45:41.670 @PRG006 20
17:45:41.670 @PRG001 DGY-F805
17:45:41.670 @PRG002 2018/8/4 0:00:00
17:45:41.670 @PRG004 050705
17:45:41.671 @PRG005 6线
17:45:41.671 @PRG006 20
17:45:41.672 @PRG001 DGY-F805
17:45:41.672 @PRG002 2018/8/4 0:00:00
17:45:41.672 @PRG004 050706
17:45:41.673 @PRG005 7线
17:45:41.673 @PRG006 20
17:45:41.673 @PRG001 DGY-F805
17:45:41.673 @PRG002 2018/8/4 0:00:00
17:45:41.674 @PRG004 050707
17:45:41.675 @PRG005 8线
17:45:41.675 @PRG006 20
17:45:41.675 @PRG001 DGY-F805
17:45:41.675 @PRG002 2018/8/4 0:00:00
17:45:41.676 @PRG004 050708
17:45:41.677 @PRG005 1线
17:45:41.677 @PRG006 20
17:45:41.677 @PRG001 DGY-F805
17:45:41.677 @PRG002 2018/8/5 0:00:00
17:45:41.677 @PRG004 050701
17:45:41.678 @PRG005 2线
17:45:41.679 @PRG006 20
17:45:41.679 @PRG001 DGY-F805
17:45:41.679 @PRG002 2018/8/5 0:00:00
17:45:41.680 @PRG004 050702
17:45:41.681 @PRG005 3线
17:45:41.681 @PRG006 20
17:45:41.682 @PRG001 DGY-F805
17:45:41.682 @PRG002 2018/8/5 0:00:00
17:45:41.682 @PRG004 050703
17:45:41.683 @PRG005 4线
17:45:41.683 @PRG006 20
17:45:41.683 @PRG001 DGY-F805
17:45:41.683 @PRG002 2018/8/5 0:00:00
17:45:41.684 @PRG004 050704
17:45:41.685 @PRG005 5线
17:45:41.685 @PRG006 20
17:45:41.685 @PRG001 DGY-F805
17:45:41.685 @PRG002 2018/8/5 0:00:00
17:45:41.686 @PRG004 050705
17:45:41.687 @PRG005 6线
17:45:41.687 @PRG006 20
17:45:41.687 @PRG001 DGY-F805
17:45:41.687 @PRG002 2018/8/5 0:00:00
17:45:41.687 @PRG004 050706
17:45:41.688 @PRG005 7线
17:45:41.689 @PRG006 20
17:45:41.689 @PRG001 DGY-F805
17:45:41.689 @PRG002 2018/8/5 0:00:00
17:45:41.689 @PRG004 050707
17:45:41.690 @PRG005 8线
17:45:41.690 @PRG006 20
17:45:41.690 @PRG001 DGY-F805
17:45:41.690 @PRG002 2018/8/5 0:00:00
17:45:41.691 @PRG004 050708
17:45:41.691 @PRG005 1线
17:45:41.692 @PRG006 20
17:45:41.692 @PRG001 DGY-F805
17:45:41.692 @PRG002 2018/8/6 0:00:00
17:45:41.692 @PRG004 050701
17:45:41.693 @PRG005 2线
17:45:41.693 @PRG006 20
17:45:41.693 @PRG001 DGY-F805
17:45:41.693 @PRG002 2018/8/6 0:00:00
17:45:41.693 @PRG004 050702
17:45:41.694 @PRG005 3线
17:45:41.695 @PRG006 20
17:45:41.695 @PRG001 DGY-F805
17:45:41.695 @PRG002 2018/8/6 0:00:00
17:45:41.695 @PRG004 050703
17:45:41.696 @PRG005 4线
17:45:41.696 @PRG006 20
17:45:41.696 @PRG001 DGY-F805
17:45:41.697 @PRG002 2018/8/6 0:00:00
17:45:41.697 @PRG004 050704
17:45:41.698 @PRG005 5线
17:45:41.698 @PRG006 20
17:45:41.698 @PRG001 DGY-F805
17:45:41.698 @PRG002 2018/8/6 0:00:00
17:45:41.698 @PRG004 050705
17:45:41.699 @PRG005 6线
17:45:41.699 @PRG006 20
17:45:41.699 @PRG001 DGY-F805
17:45:41.700 @PRG002 2018/8/6 0:00:00
17:45:41.700 @PRG004 050706
17:45:41.701 @PRG005 7线
17:45:41.701 @PRG006 20
17:45:41.701 @PRG001 DGY-F805
17:45:41.701 @PRG002 2018/8/6 0:00:00
17:45:41.701 @PRG004 050707
17:45:41.702 @PRG005 8线
17:45:41.702 @PRG006 20
17:45:41.702 @PRG001 DGY-F805
17:45:41.703 @PRG002 2018/8/6 0:00:00
17:45:41.703 @PRG004 050708
17:45:41.704 @PRG005 1线
17:45:41.704 @PRG006 500
17:45:41.704 @PRG001 TCLJD-DQFY02
17:45:41.704 @PRG002 2018/12/11 0:00:00
17:45:41.704 @PRG004 050701
17:45:41.705 @PRG005 2线
17:45:41.705 @PRG006 500
17:45:41.705 @PRG001 TCLJD-DQFY02
17:45:41.706 @PRG002 2018/12/11 0:00:00
17:45:41.706 @PRG004 050702
17:45:41.707 @PRG005 3线
17:45:41.707 @PRG006 500
17:45:41.707 @PRG001 TCLJD-DQFY02
17:45:41.707 @PRG002 2018/12/11 0:00:00
17:45:41.707 @PRG004 050703
17:45:41.708 @PRG005 4线
17:45:41.708 @PRG006 500
17:45:41.708 @PRG001 TCLJD-DQFY02
17:45:41.708 @PRG002 2018/12/11 0:00:00
17:45:41.709 @PRG004 050704
17:45:41.709 @PRG005 5线
17:45:41.710 @PRG006 500
17:45:41.710 @PRG001 TCLJD-DQFY02
17:45:41.710 @PRG002 2018/12/11 0:00:00
17:45:41.710 @PRG004 050705
17:45:41.711 @PRG005 6线
17:45:41.711 @PRG006 500
17:45:41.711 @PRG001 TCLJD-DQFY02
17:45:41.712 @PRG002 2018/12/11 0:00:00
17:45:41.712 @PRG004 050706
17:45:41.713 @PRG005 7线
17:45:41.713 @PRG006 500
17:45:41.714 @PRG001 TCLJD-DQFY02
17:45:41.714 @PRG002 2018/12/11 0:00:00
17:45:41.714 @PRG004 050707
17:45:41.715 @PRG005 8线
17:45:41.715 @PRG006 500
17:45:41.715 @PRG001 TCLJD-DQFY02
17:45:41.715 @PRG002 2018/12/11 0:00:00
17:45:41.716 @PRG004 050708
17:45:41.716 @PRG005 1线
17:45:41.717 @PRG006 500
17:45:41.717 @PRG001 TCLJD-DQFY02
17:45:41.717 @PRG002 2018/12/12 0:00:00
17:45:41.717 @PRG004 050701
17:45:41.719 @PRG005 2线
17:45:41.719 @PRG006 500
17:45:41.719 @PRG001 TCLJD-DQFY02
17:45:41.719 @PRG002 2018/12/12 0:00:00
17:45:41.719 @PRG004 050702
17:45:41.720 @PRG005 3线
17:45:41.720 @PRG006 500
17:45:41.721 @PRG001 TCLJD-DQFY02
17:45:41.721 @PRG002 2018/12/12 0:00:00
17:45:41.721 @PRG004 050703
17:45:41.722 @PRG005 4线
17:45:41.722 @PRG006 500
17:45:41.722 @PRG001 TCLJD-DQFY02
17:45:41.722 @PRG002 2018/12/12 0:00:00
17:45:41.722 @PRG004 050704
17:45:41.723 @PRG005 5线
17:45:41.724 @PRG006 500
17:45:41.724 @PRG001 TCLJD-DQFY02
17:45:41.724 @PRG002 2018/12/12 0:00:00
17:45:41.724 @PRG004 050705
17:45:41.725 @PRG005 6线
17:45:41.725 @PRG006 500
17:45:41.725 @PRG001 TCLJD-DQFY02
17:45:41.725 @PRG002 2018/12/12 0:00:00
17:45:41.725 @PRG004 050706
17:45:41.726 @PRG005 7线
17:45:41.726 @PRG006 500
17:45:41.727 @PRG001 TCLJD-DQFY02
17:45:41.727 @PRG002 2018/12/12 0:00:00
17:45:41.727 @PRG004 050707
17:45:41.728 @PRG005 8线
17:45:41.728 @PRG006 500
17:45:41.728 @PRG001 TCLJD-DQFY02
17:45:41.728 @PRG002 2018/12/12 0:00:00
17:45:41.729 @PRG004 050708
