08:40:54.017  异常信息：远程服务器返回错误: (404) 未找到。
  堆栈信息:   在 AutoUpdate.AppUpdate.DownloadFile(String url, String localFilePath) 位置 D:\ProjectData\MiKe\LineProductMes\LineProductMes\ClassForMain\AppUpdate.cs:行号 243
   在 AutoUpdate.AppUpdate.CheckAppVersion(String& msg) 位置 D:\ProjectData\MiKe\LineProductMes\LineProductMes\ClassForMain\AppUpdate.cs:行号 310
08:41:00.051 @EMP002 系统管理员
08:41:00.054 @EMP033 cebfd1559b68d67688884d7a3d3e8c
09:26:08.907  异常信息：远程服务器返回错误: (404) 未找到。
  堆栈信息:   在 AutoUpdate.AppUpdate.DownloadFile(String url, String localFilePath) 位置 D:\ProjectData\MiKe\LineProductMes\LineProductMes\ClassForMain\AppUpdate.cs:行号 243
   在 AutoUpdate.AppUpdate.CheckAppVersion(String& msg) 位置 D:\ProjectData\MiKe\LineProductMes\LineProductMes\ClassForMain\AppUpdate.cs:行号 310
09:27:21.520 @EMP002 系统管理员
09:27:21.523 @EMP033 cebfd1559b68d67688884d7a3d3e8c
10:06:26.854  异常信息：远程服务器返回错误: (404) 未找到。
  堆栈信息:   在 AutoUpdate.AppUpdate.DownloadFile(String url, String localFilePath) 位置 D:\ProjectData\MiKe\LineProductMes\LineProductMes\ClassForMain\AppUpdate.cs:行号 243
   在 AutoUpdate.AppUpdate.CheckAppVersion(String& msg) 位置 D:\ProjectData\MiKe\LineProductMes\LineProductMes\ClassForMain\AppUpdate.cs:行号 310
10:08:18.149 @EMP002 系统管理员
10:08:18.151 @EMP033 cebfd1559b68d67688884d7a3d3e8c
10:49:26.391  异常信息：远程服务器返回错误: (404) 未找到。
  堆栈信息:   在 AutoUpdate.AppUpdate.DownloadFile(String url, String localFilePath) 位置 D:\ProjectData\MiKe\LineProductMes\LineProductMes\ClassForMain\AppUpdate.cs:行号 243
   在 AutoUpdate.AppUpdate.CheckAppVersion(String& msg) 位置 D:\ProjectData\MiKe\LineProductMes\LineProductMes\ClassForMain\AppUpdate.cs:行号 310
10:50:12.626  异常信息：远程服务器返回错误: (404) 未找到。
  堆栈信息:   在 AutoUpdate.AppUpdate.DownloadFile(String url, String localFilePath) 位置 D:\ProjectData\MiKe\LineProductMes\LineProductMes\ClassForMain\AppUpdate.cs:行号 243
   在 AutoUpdate.AppUpdate.CheckAppVersion(String& msg) 位置 D:\ProjectData\MiKe\LineProductMes\LineProductMes\ClassForMain\AppUpdate.cs:行号 310
10:50:19.859 @EMP002 系统管理员
10:50:19.862 @EMP033 cebfd1559b68d67688884d7a3d3e8c
10:52:45.650 @LEF001 20180814001
10:52:45.652 @LEF017 False
10:53:26.549  异常信息：远程服务器返回错误: (404) 未找到。
  堆栈信息:   在 AutoUpdate.AppUpdate.DownloadFile(String url, String localFilePath) 位置 D:\ProjectData\MiKe\LineProductMes\LineProductMes\ClassForMain\AppUpdate.cs:行号 243
   在 AutoUpdate.AppUpdate.CheckAppVersion(String& msg) 位置 D:\ProjectData\MiKe\LineProductMes\LineProductMes\ClassForMain\AppUpdate.cs:行号 310
10:53:33.206 @EMP002 系统管理员
10:53:33.209 @EMP033 cebfd1559b68d67688884d7a3d3e8c
10:54:23.269 @LEF009 0506
10:54:23.271 @LEF010 LED车间
10:54:23.272 @LEF011 0506
10:54:23.273 @LEF012 LED车间
10:54:23.275 @LEF013 2018/8/21 0:00:00
10:54:23.276 @LEF014 
10:54:23.278 @LEF015 
10:54:23.279 @LEF016 False
10:54:23.281 @LEF017 False
10:54:23.282 @LEF018 5
10:54:23.283 @idx 
10:54:23.317 将参数值从 String 转换到 Int32 失败。
   在 System.Data.SqlClient.SqlParameter.CoerceValue(Object value, MetaType destinationType, Boolean& coercedToDataFeed, Boolean& typeChanged, Boolean allowStreaming)
   在 System.Data.SqlClient.SqlParameter.GetCoercedValue()
   在 System.Data.SqlClient.SqlParameter.Validate(Int32 index, Boolean isCommandProc)
   在 System.Data.SqlClient.SqlCommand.BuildParamList(TdsParser parser, SqlParameterCollection parameters, Boolean includeReturnValue)
   在 System.Data.SqlClient.SqlCommand.BuildExecuteSql(CommandBehavior behavior, String commandText, SqlParameterCollection parameters, _SqlRPC& rpc)
   在 System.Data.SqlClient.SqlCommand.RunExecuteReaderTds(CommandBehavior cmdBehavior, RunBehavior runBehavior, Boolean returnStream, Boolean async, Int32 timeout, Task& task, Boolean asyncWrite, Boolean inRetry, SqlDataReader ds, Boolean describeParameterEncryptionRequest)
   在 System.Data.SqlClient.SqlCommand.RunExecuteReader(CommandBehavior cmdBehavior, RunBehavior runBehavior, Boolean returnStream, String method, TaskCompletionSource`1 completion, Int32 timeout, Task& task, Boolean& usedCache, Boolean asyncWrite, Boolean inRetry)
   在 System.Data.SqlClient.SqlCommand.InternalExecuteNonQuery(TaskCompletionSource`1 completion, String methodName, Boolean sendToPipe, Int32 timeout, Boolean& usedCache, Boolean asyncWrite, Boolean inRetry)
   在 System.Data.SqlClient.SqlCommand.ExecuteNonQuery()
   在 StudentMgr.SqlHelper.ExecuteSqlTranDic(Dictionary`2 SQLString) 位置 D:\ProjectData\MiKe\LineProductMes\LineProductMesBll\SqlHelper.cs:行号 961
10:54:23.318 update MIKLEF set LEF009=@LEF009,LEF010=@LEF010,LEF011=@LEF011,LEF012=@LEF012,LEF013=@LEF013,LEF014=@LEF014,LEF015=@LEF015,LEF016=@LEF016,LEF017=@LEF017,LEF018=@LEF018  where idx=@idx
10:58:58.526  异常信息：远程服务器返回错误: (404) 未找到。
  堆栈信息:   在 AutoUpdate.AppUpdate.DownloadFile(String url, String localFilePath) 位置 D:\ProjectData\MiKe\LineProductMes\LineProductMes\ClassForMain\AppUpdate.cs:行号 243
   在 AutoUpdate.AppUpdate.CheckAppVersion(String& msg) 位置 D:\ProjectData\MiKe\LineProductMes\LineProductMes\ClassForMain\AppUpdate.cs:行号 310
10:59:04.860 @EMP002 系统管理员
10:59:04.861 @EMP033 cebfd1559b68d67688884d7a3d3e8c
10:59:41.072 @LEF009 0506
10:59:41.074 @LEF010 LED车间
10:59:41.075 @LEF011 0506
10:59:41.077 @LEF012 LED车间
10:59:41.078 @LEF013 2018/8/21 0:00:00
10:59:41.079 @LEF015 
10:59:41.080 @LEF016 
10:59:41.082 @LEF017 False
10:59:41.083 @LEF018 False
10:59:41.085 @idx 5
10:59:41.091 @LEG003 郭婧
10:59:41.093 @LEG004 装配工
10:59:41.094 @LEG005 2018/8/14 8:00:00
10:59:41.096 @LEG006 2018/8/14 17:00:00
10:59:41.097 @LEG007 0.000000
10:59:41.098 @LEG008 2018/8/27 1:00:00
10:59:41.100 @LEG009 2018/8/27 7:00:00
10:59:41.101 @LEG010 500
10:59:41.103 @LEG011 
10:59:41.105 @LEG012 在职
10:59:41.106 @idx 27
10:59:41.108 @LEG002 10016
10:59:41.115 @LEG003 龙兴连
10:59:41.117 @LEG004 装配工
10:59:41.118 @LEG005 2018/8/14 8:00:00
10:59:41.120 @LEG006 2018/8/14 17:00:00
10:59:41.122 @LEG007 0.000000
10:59:41.123 @LEG008 
10:59:41.125 @LEG009 
10:59:41.126 @LEG010 0.000000
10:59:41.128 @LEG011 
10:59:41.129 @LEG012 在职
10:59:41.130 @idx 28
10:59:41.131 @LEG002 10017
10:59:41.137 @LEG003 刘付连
10:59:41.139 @LEG004 装配工
10:59:41.140 @LEG005 2018/8/14 8:00:00
10:59:41.141 @LEG006 2018/8/14 17:00:00
10:59:41.142 @LEG007 0.000000
10:59:41.143 @LEG008 
10:59:41.145 @LEG009 
10:59:41.146 @LEG010 0.000000
10:59:41.147 @LEG011 
10:59:41.148 @LEG012 在职
10:59:41.149 @idx 29
10:59:41.151 @LEG002 10018
10:59:41.154 @LEG003 聂付秋
10:59:41.155 @LEG004 装配工
10:59:41.157 @LEG005 2018/8/14 8:00:00
10:59:41.158 @LEG006 2018/8/14 17:00:00
10:59:41.159 @LEG007 0.000000
10:59:41.165 @LEG008 
10:59:41.167 @LEG009 
10:59:41.168 @LEG010 0.000000
10:59:41.169 @LEG011 
10:59:41.171 @LEG012 在职
10:59:41.172 @idx 30
10:59:41.173 @LEG002 10019
10:59:41.176 @LEG003 薛能米
10:59:41.177 @LEG004 装配工
10:59:41.179 @LEG005 2018/8/14 8:00:00
10:59:41.180 @LEG006 2018/8/14 17:00:00
10:59:41.182 @LEG007 0.000000
10:59:41.183 @LEG008 
10:59:41.184 @LEG009 
10:59:41.186 @LEG010 0.000000
10:59:41.187 @LEG011 
10:59:41.188 @LEG012 在职
10:59:41.190 @idx 31
10:59:41.191 @LEG002 10020
10:59:41.193 @LEG003 彭顺艳
10:59:41.195 @LEG004 装配工
10:59:41.197 @LEG005 2018/8/14 8:00:00
10:59:41.198 @LEG006 2018/8/14 17:00:00
10:59:41.199 @LEG007 0.000000
10:59:41.200 @LEG008 
10:59:41.202 @LEG009 
10:59:41.203 @LEG010 0.000000
10:59:41.204 @LEG011 
10:59:41.205 @LEG012 在职
10:59:41.206 @idx 32
10:59:41.208 @LEG002 10021
10:59:41.212 @LEG003 罗小琴
10:59:41.213 @LEG004 装配工
10:59:41.215 @LEG005 2018/8/14 8:00:00
10:59:41.216 @LEG006 2018/8/14 17:00:00
10:59:41.218 @LEG007 0.000000
10:59:41.219 @LEG008 
10:59:41.220 @LEG009 
10:59:41.222 @LEG010 0.000000
10:59:41.223 @LEG011 
10:59:41.224 @LEG012 在职
10:59:41.226 @idx 33
10:59:41.227 @LEG002 10022
10:59:41.230 @LEG003 吕红艳
10:59:41.231 @LEG004 装配工
10:59:41.233 @LEG005 2018/8/14 8:00:00
10:59:41.235 @LEG006 2018/8/14 17:00:00
10:59:41.236 @LEG007 0.000000
10:59:41.237 @LEG008 
10:59:41.239 @LEG009 
10:59:41.240 @LEG010 0.000000
10:59:41.241 @LEG011 
10:59:41.242 @LEG012 在职
10:59:41.243 @idx 34
10:59:41.244 @LEG002 10023
10:59:41.247 @LEG003 李朝粉
10:59:41.249 @LEG004 装配工
10:59:41.250 @LEG005 2018/8/14 8:00:00
10:59:41.252 @LEG006 2018/8/14 17:00:00
10:59:41.253 @LEG007 0.000000
10:59:41.255 @LEG008 
10:59:41.257 @LEG009 
10:59:41.258 @LEG010 0.000000
10:59:41.260 @LEG011 
10:59:41.262 @LEG012 在职
10:59:41.263 @idx 35
10:59:41.265 @LEG002 10024
10:59:41.268 @LEG003 陈文会
10:59:41.269 @LEG004 装配工
10:59:41.271 @LEG005 2018/8/14 8:00:00
10:59:41.272 @LEG006 2018/8/14 17:00:00
10:59:41.274 @LEG007 0.000000
10:59:41.276 @LEG008 
10:59:41.277 @LEG009 
10:59:41.279 @LEG010 0.000000
10:59:41.280 @LEG011 
10:59:41.281 @LEG012 在职
10:59:41.282 @idx 36
10:59:41.284 @LEG002 10025
10:59:41.286 @LEG003 平单单
10:59:41.288 @LEG004 装配工
10:59:41.290 @LEG005 2018/8/14 8:00:00
10:59:41.291 @LEG006 2018/8/14 17:00:00
10:59:41.292 @LEG007 0.000000
10:59:41.293 @LEG008 
10:59:41.295 @LEG009 
10:59:41.296 @LEG010 0.000000
10:59:41.297 @LEG011 
10:59:41.298 @LEG012 在职
10:59:41.300 @idx 37
10:59:41.302 @LEG002 10026
10:59:41.305 @LEG003 梁永琴
10:59:41.307 @LEG004 装配工
10:59:41.308 @LEG005 2018/8/14 8:00:00
10:59:41.309 @LEG006 2018/8/14 17:00:00
10:59:41.311 @LEG007 0.000000
10:59:41.312 @LEG008 
10:59:41.313 @LEG009 
10:59:41.315 @LEG010 0.000000
10:59:41.317 @LEG011 
10:59:41.319 @LEG012 在职
10:59:41.320 @idx 38
10:59:41.322 @LEG002 10027
10:59:41.325 @LEG003 胡孝明
10:59:41.326 @LEG004 装配工
10:59:41.328 @LEG005 2018/8/14 8:00:00
10:59:41.329 @LEG006 2018/8/14 17:00:00
10:59:41.331 @LEG007 0.000000
10:59:41.332 @LEG008 
10:59:41.333 @LEG009 
10:59:41.334 @LEG010 0.000000
10:59:41.335 @LEG011 
10:59:41.337 @LEG012 在职
10:59:41.338 @idx 39
10:59:41.340 @LEG002 10028
10:59:41.342 @LEG003 聂昌奎
10:59:41.344 @LEG004 装配工
10:59:41.345 @LEG005 2018/8/14 8:00:00
10:59:41.346 @LEG006 2018/8/14 17:00:00
10:59:41.347 @LEG007 0.000000
10:59:41.349 @LEG008 
10:59:41.350 @LEG009 
10:59:41.351 @LEG010 0.000000
10:59:41.353 @LEG011 
10:59:41.354 @LEG012 在职
10:59:41.356 @idx 40
10:59:41.357 @LEG002 10029
10:59:41.359 @LEG003 陶兴琴
10:59:41.361 @LEG004 装配工
10:59:41.362 @LEG005 2018/8/14 8:00:00
10:59:41.363 @LEG006 2018/8/14 17:00:00
10:59:41.364 @LEG007 0.000000
10:59:41.366 @LEG008 
10:59:41.367 @LEG009 
10:59:41.368 @LEG010 0.000000
10:59:41.369 @LEG011 
10:59:41.371 @LEG012 在职
10:59:41.372 @idx 41
10:59:41.374 @LEG002 10030
10:59:41.377 @LEG003 方宇
10:59:41.378 @LEG004 装配工
10:59:41.379 @LEG005 2018/8/14 8:00:00
10:59:41.381 @LEG006 2018/8/14 17:00:00
10:59:41.382 @LEG007 0.000000
10:59:41.383 @LEG008 
10:59:41.384 @LEG009 
10:59:41.386 @LEG010 0.000000
10:59:41.387 @LEG011 
10:59:41.388 @LEG012 在职
10:59:41.390 @idx 42
10:59:41.391 @LEG002 10031
10:59:41.393 @LEG003 段进连
10:59:41.394 @LEG004 装配工
10:59:41.396 @LEG005 2018/8/14 8:00:00
10:59:41.397 @LEG006 2018/8/14 17:00:00
10:59:41.398 @LEG007 0.000000
10:59:41.400 @LEG008 
10:59:41.401 @LEG009 
10:59:41.402 @LEG010 0.000000
10:59:41.404 @LEG011 
10:59:41.405 @LEG012 在职
10:59:41.406 @idx 43
10:59:41.408 @LEG002 10032
10:59:41.410 @LEG003 唐云云
10:59:41.412 @LEG004 装配工
10:59:41.413 @LEG005 2018/8/14 8:00:00
10:59:41.415 @LEG006 2018/8/14 17:00:00
10:59:41.416 @LEG007 0.000000
10:59:41.418 @LEG008 
10:59:41.419 @LEG009 
10:59:41.421 @LEG010 0.000000
10:59:41.422 @LEG011 
10:59:41.423 @LEG012 在职
10:59:41.424 @idx 44
10:59:41.425 @LEG002 10033
10:59:41.428 @LEG003 李大花
10:59:41.429 @LEG004 装配工
10:59:41.431 @LEG005 2018/8/14 8:00:00
10:59:41.432 @LEG006 2018/8/14 17:00:00
10:59:41.433 @LEG007 0.000000
10:59:41.434 @LEG008 
10:59:41.436 @LEG009 
10:59:41.438 @LEG010 0.000000
10:59:41.439 @LEG011 
10:59:41.441 @LEG012 在职
10:59:41.442 @idx 45
10:59:41.443 @LEG002 10034
10:59:41.446 @LEG003 黄史作
10:59:41.447 @LEG004 装配工
10:59:41.449 @LEG005 2018/8/14 8:00:00
10:59:41.450 @LEG006 2018/8/14 17:00:00
10:59:41.451 @LEG007 0.000000
10:59:41.452 @LEG008 
10:59:41.453 @LEG009 
10:59:41.454 @LEG010 0.000000
10:59:41.455 @LEG011 
10:59:41.456 @LEG012 在职
10:59:41.458 @idx 46
10:59:41.459 @LEG002 10035
10:59:41.462 @LEG003 罗昌梅
10:59:41.463 @LEG004 装配工
10:59:41.464 @LEG005 2018/8/14 8:00:00
10:59:41.465 @LEG006 2018/8/14 17:00:00
10:59:41.467 @LEG007 0.000000
10:59:41.468 @LEG008 
10:59:41.469 @LEG009 
10:59:41.471 @LEG010 0.000000
10:59:41.472 @LEG011 
10:59:41.473 @LEG012 在职
10:59:41.474 @idx 47
10:59:41.476 @LEG002 10036
10:59:41.478 @LEG003 赵雨婷
10:59:41.480 @LEG004 装配工
10:59:41.481 @LEG005 2018/8/14 8:00:00
10:59:41.483 @LEG006 2018/8/14 17:00:00
10:59:41.484 @LEG007 0.000000
10:59:41.485 @LEG008 
10:59:41.487 @LEG009 
10:59:41.488 @LEG010 0.000000
10:59:41.489 @LEG011 
10:59:41.491 @LEG012 在职
10:59:41.492 @idx 48
10:59:41.494 @LEG002 10037
10:59:41.496 @LEG003 余双双
10:59:41.497 @LEG004 装配工
10:59:41.499 @LEG005 2018/8/14 8:00:00
10:59:41.501 @LEG006 2018/8/14 17:00:00
10:59:41.502 @LEG007 0.000000
10:59:41.503 @LEG008 
10:59:41.505 @LEG009 
10:59:41.506 @LEG010 0.000000
10:59:41.507 @LEG011 
10:59:41.509 @LEG012 在职
10:59:41.510 @idx 49
10:59:41.511 @LEG002 10038
10:59:41.514 @LEH002 GD201711080010
10:59:41.515 @LEH003 203011662
10:59:41.517 @LEH004 F116成品面板-LED
10:59:41.518 @LEH005 PCS
10:59:41.519 @LEH006 
10:59:41.521 @LEH007 2000
10:59:41.522 @LEH008 0.000000
10:59:41.524 @LEH009 100
10:59:41.525 @idx 1
10:59:41.531 @LEH002 GD201803270010
10:59:41.533 @LEH003 203011705
10:59:41.534 @LEH004 F63-S-LED组件
10:59:41.535 @LEH005 PCS
10:59:41.536 @LEH006 
10:59:41.537 @LEH007 2400
10:59:41.539 @LEH008 0.000000
10:59:41.540 @LEH009 300
10:59:41.542 @idx 1
10:59:43.704 @LEF001 20180814001
10:59:43.707 @LEF017 True
11:00:15.813 @LEF001 20180814001
11:00:15.815 @LEF017 False
11:00:17.838 @LEF001 20180814001
11:00:17.841 @LEF017 True
11:03:44.285 @LEC001 20180818001
11:03:44.287 @LEC017 False
11:03:59.022 @LEC002 GD201610240025
11:03:59.024 @LEC003 
11:03:59.025 @LEC004 
11:03:59.026 @LEC005 
11:03:59.027 @LEC006 
11:03:59.029 @LEC007 50
11:03:59.030 @LEC008 
11:03:59.032 @LEC009 0504
11:03:59.033 @LEC010 前加工车间
11:03:59.034 @LEC011 0504
11:03:59.036 @LEC012 前加工车间
11:03:59.038 @LEC013 2018/8/23 0:00:00
11:03:59.039 @LEC014 50
11:03:59.041 @LEC015 
11:03:59.042 @LEC016 
11:03:59.043 @LEC017 False
11:03:59.045 @LEC018 False
11:03:59.046 @idx 4
11:03:59.052 @LED003 杜福英
11:03:59.054 @LED004 装配工
11:03:59.055 @LED005 2018/8/18 8:00:00
11:03:59.057 @LED006 2018/8/18 17:00:00
11:03:59.058 @LED007 0.000000
11:03:59.059 @LED008 
11:03:59.060 @LED009 
11:03:59.062 @LED010 0.000000
11:03:59.063 @LED011 
11:03:59.065 @LED012 在职
11:03:59.067 @idx 35
11:03:59.068 @LED002 10040
11:03:59.074 @LED003 廖仁琼
11:03:59.076 @LED004 装配工
11:03:59.077 @LED005 2018/8/18 8:00:00
11:03:59.079 @LED006 2018/8/18 17:00:00
11:03:59.080 @LED007 0.000000
11:03:59.082 @LED008 
11:03:59.083 @LED009 
11:03:59.084 @LED010 0.000000
11:03:59.086 @LED011 
11:03:59.087 @LED012 在职
11:03:59.088 @idx 36
11:03:59.090 @LED002 10041
11:03:59.092 @LED003 李光艳
11:03:59.094 @LED004 装配工
11:03:59.095 @LED005 2018/8/18 8:00:00
11:03:59.097 @LED006 2018/8/18 17:00:00
11:03:59.099 @LED007 0.000000
11:03:59.101 @LED008 
11:03:59.102 @LED009 
11:03:59.104 @LED010 0.000000
11:03:59.105 @LED011 
11:03:59.107 @LED012 在职
11:03:59.108 @idx 37
11:03:59.110 @LED002 10042
11:03:59.114 @LED003 彭荣泽
11:03:59.116 @LED004 装配工
11:03:59.117 @LED005 2018/8/18 8:00:00
11:03:59.118 @LED006 2018/8/18 17:00:00
11:03:59.119 @LED007 0.000000
11:03:59.121 @LED008 
11:03:59.122 @LED009 
11:03:59.123 @LED010 0.000000
11:03:59.124 @LED011 
11:03:59.125 @LED012 在职
11:03:59.127 @idx 38
11:03:59.129 @LED002 10043
11:03:59.132 @LED003 何培凤
11:03:59.133 @LED004 装配工
11:03:59.134 @LED005 2018/8/18 8:00:00
11:03:59.136 @LED006 2018/8/18 17:00:00
11:03:59.137 @LED007 0.000000
11:03:59.138 @LED008 
11:03:59.139 @LED009 
11:03:59.140 @LED010 0.000000
11:03:59.142 @LED011 
11:03:59.143 @LED012 在职
11:03:59.145 @idx 39
11:03:59.146 @LED002 10044
11:03:59.148 @LED003 李朝伟
11:03:59.150 @LED004 装配工
11:03:59.151 @LED005 2018/8/18 8:00:00
11:03:59.152 @LED006 2018/8/18 17:00:00
11:03:59.154 @LED007 0.000000
11:03:59.155 @LED008 
11:03:59.156 @LED009 
11:03:59.158 @LED010 0.000000
11:03:59.159 @LED011 
11:03:59.161 @LED012 在职
11:03:59.162 @idx 40
11:03:59.163 @LED002 10045
11:03:59.166 @LED003 王培秀
11:03:59.167 @LED004 装配工
11:03:59.169 @LED005 2018/8/18 8:00:00
11:03:59.170 @LED006 2018/8/18 17:00:00
11:03:59.171 @LED007 0.000000
11:03:59.173 @LED008 
11:03:59.174 @LED009 
11:03:59.176 @LED010 0.000000
11:03:59.177 @LED011 
11:03:59.178 @LED012 在职
11:03:59.180 @idx 41
11:03:59.181 @LED002 10046
11:03:59.183 @LED003 谢武林
11:03:59.185 @LED004 装配工
11:03:59.186 @LED005 2018/8/18 8:00:00
11:03:59.187 @LED006 2018/8/18 17:00:00
11:03:59.189 @LED007 0.000000
11:03:59.190 @LED008 
11:03:59.192 @LED009 
11:03:59.193 @LED010 0.000000
11:03:59.195 @LED011 
11:03:59.196 @LED012 在职
11:03:59.197 @idx 42
11:03:59.198 @LED002 10047
11:03:59.201 @LED003 王程平
11:03:59.202 @LED004 装配工
11:03:59.204 @LED005 2018/8/18 8:00:00
11:03:59.206 @LED006 2018/8/18 17:00:00
11:03:59.207 @LED007 0.000000
11:03:59.209 @LED008 2018/8/27 0:00:00
11:03:59.210 @LED009 2018/8/27 4:00:00
11:03:59.211 @LED010 1000
11:03:59.212 @LED011 
11:03:59.213 @LED012 在职
11:03:59.214 @idx 43
11:03:59.215 @LED002 10048
11:03:59.220 @LED003 韩英
11:03:59.222 @LED004 装配工
11:03:59.225 @LED005 2018/8/18 8:00:00
11:03:59.226 @LED006 2018/8/18 17:00:00
11:03:59.228 @LED007 0.000000
11:03:59.229 @LED008 
11:03:59.231 @LED009 
11:03:59.232 @LED010 0.000000
11:03:59.233 @LED011 
11:03:59.235 @LED012 在职
11:03:59.236 @idx 44
11:03:59.237 @LED002 10049
11:03:59.240 @LED003 杨海霞
11:03:59.242 @LED004 装配工
11:03:59.243 @LED005 2018/8/18 8:00:00
11:03:59.244 @LED006 2018/8/18 17:00:00
11:03:59.246 @LED007 0.000000
11:03:59.248 @LED008 
11:03:59.249 @LED009 
11:03:59.250 @LED010 0.000000
11:03:59.251 @LED011 
11:03:59.252 @LED012 在职
11:03:59.253 @idx 45
11:03:59.254 @LED002 10050
11:03:59.258 @LED003 熊华美
11:03:59.259 @LED004 装配工
11:03:59.261 @LED005 2018/8/18 8:00:00
11:03:59.262 @LED006 2018/8/18 17:00:00
11:03:59.264 @LED007 0.000000
11:03:59.265 @LED008 
11:03:59.266 @LED009 
11:03:59.268 @LED010 0.000000
11:03:59.269 @LED011 
11:03:59.270 @LED012 在职
11:03:59.272 @idx 46
11:03:59.273 @LED002 10051
11:03:59.276 @LED003 孙琼莲
11:03:59.277 @LED004 装配工
11:03:59.279 @LED005 2018/8/18 8:00:00
11:03:59.280 @LED006 2018/8/18 17:00:00
11:03:59.282 @LED007 0.000000
11:03:59.283 @LED008 
11:03:59.285 @LED009 
11:03:59.286 @LED010 0.000000
11:03:59.288 @LED011 
11:03:59.289 @LED012 在职
11:03:59.291 @idx 47
11:03:59.292 @LED002 10052
11:03:59.294 @LED003 李林菊
11:03:59.296 @LED004 装配工
11:03:59.298 @LED005 2018/8/18 8:00:00
11:03:59.299 @LED006 2018/8/18 17:00:00
11:03:59.301 @LED007 0.000000
11:03:59.302 @LED008 
11:03:59.304 @LED009 
11:03:59.305 @LED010 0.000000
11:03:59.306 @LED011 
11:03:59.307 @LED012 在职
11:03:59.308 @idx 48
11:03:59.310 @LED002 10053
11:03:59.312 @LED003 吴群英
11:03:59.314 @LED004 装配工
11:03:59.315 @LED005 2018/8/18 8:00:00
11:03:59.317 @LED006 2018/8/18 17:00:00
11:03:59.318 @LED007 0.000000
11:03:59.320 @LED008 
11:03:59.321 @LED009 
11:03:59.322 @LED010 0.000000
11:03:59.323 @LED011 
11:03:59.325 @LED012 在职
11:03:59.326 @idx 49
11:03:59.327 @LED002 10054
11:03:59.330 @LED003 杨琴
11:03:59.332 @LED004 装配工
11:03:59.334 @LED005 2018/8/18 8:00:00
11:03:59.335 @LED006 2018/8/18 17:00:00
11:03:59.336 @LED007 0.000000
11:03:59.338 @LED008 
11:03:59.339 @LED009 
11:03:59.340 @LED010 0.000000
11:03:59.342 @LED011 
11:03:59.343 @LED012 在职
11:03:59.344 @idx 50
11:03:59.345 @LED002 10055
11:03:59.348 @LED003 韩艳
11:03:59.350 @LED004 装配工
11:03:59.351 @LED005 2018/8/18 8:00:00
11:03:59.352 @LED006 2018/8/18 17:00:00
11:03:59.354 @LED007 0.000000
11:03:59.355 @LED008 
11:03:59.356 @LED009 
11:03:59.357 @LED010 0.000000
11:03:59.359 @LED011 
11:03:59.360 @LED012 在职
11:03:59.362 @idx 51
11:03:59.363 @LED002 10056
11:03:59.365 @LED003 张瑜
11:03:59.367 @LED004 装配工
11:03:59.369 @LED005 2018/8/18 8:00:00
11:03:59.370 @LED006 2018/8/18 17:00:00
11:03:59.371 @LED007 0.000000
11:03:59.372 @LED008 
11:03:59.374 @LED009 
11:03:59.375 @LED010 0.000000
11:03:59.376 @LED011 
11:03:59.377 @LED012 在职
11:03:59.379 @idx 52
11:03:59.380 @LED002 10057
11:03:59.383 @LED003 李光云
11:03:59.384 @LED004 装配工
11:03:59.386 @LED005 2018/8/18 8:00:00
11:03:59.387 @LED006 2018/8/18 17:00:00
11:03:59.388 @LED007 0.000000
11:03:59.390 @LED008 
11:03:59.391 @LED009 
11:03:59.392 @LED010 0.000000
11:03:59.394 @LED011 
11:03:59.395 @LED012 在职
11:03:59.397 @idx 53
11:03:59.398 @LED002 10058
11:03:59.401 @LED003 唐春凤
11:03:59.402 @LED004 装配工
11:03:59.404 @LED005 2018/8/18 8:00:00
11:03:59.405 @LED006 2018/8/18 17:00:00
11:03:59.406 @LED007 0.000000
11:03:59.407 @LED008 
11:03:59.409 @LED009 
11:03:59.411 @LED010 0.000000
11:03:59.412 @LED011 
11:03:59.413 @LED012 在职
11:03:59.415 @idx 54
11:03:59.416 @LED002 10059
11:03:59.419 @LED003 陈朝香
11:03:59.420 @LED004 装配工
11:03:59.422 @LED005 2018/8/18 8:00:00
11:03:59.423 @LED006 2018/8/18 17:00:00
11:03:59.425 @LED007 0.000000
11:03:59.427 @LED008 
11:03:59.428 @LED009 
11:03:59.429 @LED010 0.000000
11:03:59.430 @LED011 
11:03:59.431 @LED012 在职
11:03:59.432 @idx 55
11:03:59.433 @LED002 10060
11:03:59.436 @LED003 张小婵
11:03:59.437 @LED004 装配工
11:03:59.439 @LED005 2018/8/18 8:00:00
11:03:59.440 @LED006 2018/8/18 17:00:00
11:03:59.441 @LED007 0.000000
11:03:59.443 @LED008 
11:03:59.444 @LED009 
11:03:59.445 @LED010 0.000000
11:03:59.447 @LED011 
11:03:59.448 @LED012 在职
11:03:59.449 @idx 56
11:03:59.450 @LED002 10061
11:03:59.453 @LED003 曾昭婵
11:03:59.454 @LED004 装配工
11:03:59.455 @LED005 2018/8/18 8:00:00
11:03:59.457 @LED006 2018/8/18 17:00:00
11:03:59.458 @LED007 0.000000
11:03:59.459 @LED008 
11:03:59.460 @LED009 
11:03:59.461 @LED010 0.000000
11:03:59.463 @LED011 
11:03:59.464 @LED012 在职
11:03:59.465 @idx 57
11:03:59.466 @LED002 10062
11:03:59.469 @LED003 牟飞
11:03:59.470 @LED004 装配工
11:03:59.472 @LED005 2018/8/18 8:00:00
11:03:59.474 @LED006 2018/8/18 17:00:00
11:03:59.475 @LED007 0.000000
11:03:59.476 @LED008 
11:03:59.478 @LED009 
11:03:59.479 @LED010 0.000000
11:03:59.480 @LED011 
11:03:59.481 @LED012 在职
11:03:59.483 @idx 58
11:03:59.484 @LED002 10063
11:03:59.487 @LED003 牟欢
11:03:59.488 @LED004 装配工
11:03:59.490 @LED005 2018/8/18 8:00:00
11:03:59.491 @LED006 2018/8/18 17:00:00
11:03:59.492 @LED007 0.000000
11:03:59.493 @LED008 
11:03:59.495 @LED009 
11:03:59.496 @LED010 0.000000
11:03:59.497 @LED011 
11:03:59.498 @LED012 在职
11:03:59.500 @idx 59
11:03:59.501 @LED002 10064
11:03:59.504 @LED003 陶炼
11:03:59.506 @LED004 装配工
11:03:59.507 @LED005 2018/8/18 8:00:00
11:03:59.509 @LED006 2018/8/18 17:00:00
11:03:59.510 @LED007 0.000000
11:03:59.512 @LED008 
11:03:59.513 @LED009 
11:03:59.514 @LED010 0.000000
11:03:59.515 @LED011 
11:03:59.517 @LED012 在职
11:03:59.518 @idx 60
11:03:59.519 @LED002 10065
11:03:59.522 @LED003 杜光斌
11:03:59.523 @LED004 装配工
11:03:59.524 @LED005 2018/8/18 8:00:00
11:03:59.526 @LED006 2018/8/18 17:00:00
11:03:59.527 @LED007 0.000000
11:03:59.528 @LED008 
11:03:59.529 @LED009 
11:03:59.530 @LED010 0.000000
11:03:59.531 @LED011 
11:03:59.532 @LED012 在职
11:03:59.534 @idx 61
11:03:59.535 @LED002 10066
11:03:59.539 @LED003 朱大艳
11:03:59.541 @LED004 装配工
11:03:59.542 @LED005 2018/8/18 8:00:00
11:03:59.544 @LED006 2018/8/18 17:00:00
11:03:59.545 @LED007 0.000000
11:03:59.547 @LED008 
11:03:59.548 @LED009 
11:03:59.550 @LED010 0.000000
11:03:59.551 @LED011 
11:03:59.552 @LED012 在职
11:03:59.553 @idx 62
11:03:59.554 @LED002 10067
11:03:59.557 @LED003 王银祥
11:03:59.558 @LED004 装配工
11:03:59.560 @LED005 2018/8/18 8:00:00
11:03:59.561 @LED006 2018/8/18 17:00:00
11:03:59.563 @LED007 0.000000
11:03:59.565 @LED008 
11:03:59.566 @LED009 
11:03:59.569 @LED010 0.000000
11:03:59.570 @LED011 
11:03:59.571 @LED012 在职
11:03:59.573 @idx 63
11:03:59.574 @LED002 10068
11:03:59.576 @LED003 王建琼
11:03:59.578 @LED004 装配工
11:03:59.579 @LED005 2018/8/18 8:00:00
11:03:59.581 @LED006 2018/8/18 17:00:00
11:03:59.582 @LED007 0.000000
11:03:59.583 @LED008 
11:03:59.584 @LED009 
11:03:59.585 @LED010 0.000000
11:03:59.588 @LED011 
11:03:59.589 @LED012 在职
11:03:59.590 @idx 64
11:03:59.592 @LED002 10069
11:03:59.595 @LEE003 202121742
11:03:59.596 @LEE004 ZS20B-Z成品面板-LED
11:03:59.597 @LEE005 亚光白(智能)
11:03:59.599 @LEE006 PCS
11:03:59.600 @LEE007 50
11:03:59.602 @LEE008 0.000000
11:03:59.603 @LEE009 50
11:03:59.604 @idx 3
11:03:59.605 @LEE002 GD201610240025
11:04:01.627 @LEC001 20180818001
11:04:01.629 @LEC017 True
13:17:24.379  异常信息：远程服务器返回错误: (404) 未找到。
  堆栈信息:   在 AutoUpdate.AppUpdate.DownloadFile(String url, String localFilePath) 位置 D:\ProjectData\MiKe\LineProductMes\LineProductMes\ClassForMain\AppUpdate.cs:行号 243
   在 AutoUpdate.AppUpdate.CheckAppVersion(String& msg) 位置 D:\ProjectData\MiKe\LineProductMes\LineProductMes\ClassForMain\AppUpdate.cs:行号 310
13:17:29.451 @EMP002 系统管理员
13:17:29.453 @EMP033 cebfd1559b68d67688884d7a3d3e8c
13:21:04.441 @ARS001 202111350
13:21:04.444 @ARS002 TCLMC-3G61142面板-丝印
13:21:04.446 @ARS003 012
13:21:04.448 @ARS004 四灯三合一
13:21:04.455 @ARS005 
13:21:04.457 @ARS006 PCS
13:21:04.459 @ARS007 M
13:21:04.462 @ARS008 0
13:21:04.464 @ARS009 0503
13:21:04.470 @ART001 202111350
13:21:04.472 @ART002 02
13:21:04.473 @ART003 喷涂
13:21:04.474 @ART004 0.26
13:21:04.475 @ART005 0
13:21:04.477 @ART006 
13:21:04.478 @ART007 
13:21:04.479 @ART009 
13:21:04.480 @ART010 否
13:21:04.481 @ART011 001
13:21:04.482 @ART012 0
13:21:04.483 @ART013 装配工
13:21:04.488 @ART001 202111350
13:21:04.490 @ART002 21
13:21:04.491 @ART003 喷涂-组装

13:21:04.492 @ART004 0.476
13:21:04.493 @ART005 0
13:21:04.495 @ART006 
13:21:04.496 @ART007 
13:21:04.497 @ART009 
13:21:04.498 @ART010 否
13:21:04.499 @ART011 002
13:21:04.501 @ART012 0
13:21:04.502 @ART013 装配工
13:21:04.506 @ART001 202111350
13:21:04.507 @ART002 12
13:21:04.508 @ART003 面板组装
13:21:04.510 @ART004 0.75
13:21:04.511 @ART005 0
13:21:04.512 @ART006 
13:21:04.513 @ART007 
13:21:04.515 @ART009 
13:21:04.516 @ART010 否
13:21:04.517 @ART011 003
13:21:04.519 @ART012 0
13:21:04.520 @ART013 装配工
13:21:04.522 @ART001 202111350
13:21:04.524 @ART002 19
13:21:04.525 @ART003 打码
13:21:04.526 @ART004 0.82
13:21:04.528 @ART005 0
13:21:04.529 @ART006 
13:21:04.530 @ART007 
13:21:04.532 @ART009 
13:21:04.533 @ART010 否
13:21:04.534 @ART011 004
13:21:04.535 @ART012 0
13:21:04.537 @ART013 喷漆工
13:21:04.539 @ART001 202111350
13:21:04.541 @ART002 20
13:21:04.542 @ART003 喷涂-丝印-组装

13:21:04.543 @ART004 0.16
13:21:04.544 @ART005 0
13:21:04.545 @ART006 
13:21:04.547 @ART007 
13:21:04.548 @ART009 
13:21:04.549 @ART010 否
13:21:04.551 @ART011 005
13:21:04.552 @ART012 0
13:21:04.553 @ART013 喷漆工
13:21:04.556 @ART001 202111350
13:21:04.557 @ART002 24
13:21:04.558 @ART003 喷涂-打码-丝印

13:21:04.560 @ART004 1.48
13:21:04.561 @ART005 0
13:21:04.562 @ART006 
13:21:04.563 @ART007 
13:21:04.565 @ART009 
13:21:04.566 @ART010 否
13:21:04.567 @ART011 006
13:21:04.569 @ART012 0
13:21:04.570 @ART013 喷漆工
13:21:04.574 @ART001 202111350
13:21:04.576 @ART002 25
13:21:04.577 @ART003 打码-丝印
13:21:04.579 @ART004 0.27
13:21:04.580 @ART005 0
13:21:04.581 @ART006 
13:21:04.583 @ART007 
13:21:04.584 @ART009 
13:21:04.585 @ART010 否
13:21:04.586 @ART011 007
13:21:04.588 @ART012 0
13:21:04.589 @ART013 喷漆工
13:22:34.041  异常信息：远程服务器返回错误: (404) 未找到。
  堆栈信息:   在 AutoUpdate.AppUpdate.DownloadFile(String url, String localFilePath) 位置 D:\ProjectData\MiKe\LineProductMes\LineProductMes\ClassForMain\AppUpdate.cs:行号 243
   在 AutoUpdate.AppUpdate.CheckAppVersion(String& msg) 位置 D:\ProjectData\MiKe\LineProductMes\LineProductMes\ClassForMain\AppUpdate.cs:行号 310
13:22:38.830 @EMP002 系统管理员
13:22:38.831 @EMP033 cebfd1559b68d67688884d7a3d3e8c
13:24:31.612  异常信息：远程服务器返回错误: (404) 未找到。
  堆栈信息:   在 AutoUpdate.AppUpdate.DownloadFile(String url, String localFilePath) 位置 D:\ProjectData\MiKe\LineProductMes\LineProductMes\ClassForMain\AppUpdate.cs:行号 243
   在 AutoUpdate.AppUpdate.CheckAppVersion(String& msg) 位置 D:\ProjectData\MiKe\LineProductMes\LineProductMes\ClassForMain\AppUpdate.cs:行号 310
13:24:35.748 @EMP002 系统管理员
13:24:35.749 @EMP033 cebfd1559b68d67688884d7a3d3e8c
13:25:56.956  异常信息：远程服务器返回错误: (404) 未找到。
  堆栈信息:   在 AutoUpdate.AppUpdate.DownloadFile(String url, String localFilePath) 位置 D:\ProjectData\MiKe\LineProductMes\LineProductMes\ClassForMain\AppUpdate.cs:行号 243
   在 AutoUpdate.AppUpdate.CheckAppVersion(String& msg) 位置 D:\ProjectData\MiKe\LineProductMes\LineProductMes\ClassForMain\AppUpdate.cs:行号 310
13:40:31.621 @EMP002 系统管理员
13:40:31.624 @EMP033 cebfd1559b68d67688884d7a3d3e8c
13:44:59.610  异常信息：远程服务器返回错误: (404) 未找到。
  堆栈信息:   在 AutoUpdate.AppUpdate.DownloadFile(String url, String localFilePath) 位置 D:\ProjectData\MiKe\LineProductMes\LineProductMes\ClassForMain\AppUpdate.cs:行号 243
   在 AutoUpdate.AppUpdate.CheckAppVersion(String& msg) 位置 D:\ProjectData\MiKe\LineProductMes\LineProductMes\ClassForMain\AppUpdate.cs:行号 310
13:45:04.216 @EMP002 系统管理员
13:45:04.218 @EMP033 cebfd1559b68d67688884d7a3d3e8c
13:48:06.039  异常信息：远程服务器返回错误: (404) 未找到。
  堆栈信息:   在 AutoUpdate.AppUpdate.DownloadFile(String url, String localFilePath) 位置 D:\ProjectData\MiKe\LineProductMes\LineProductMes\ClassForMain\AppUpdate.cs:行号 243
   在 AutoUpdate.AppUpdate.CheckAppVersion(String& msg) 位置 D:\ProjectData\MiKe\LineProductMes\LineProductMes\ClassForMain\AppUpdate.cs:行号 310
13:48:10.223 @EMP002 系统管理员
13:48:10.225 @EMP033 cebfd1559b68d67688884d7a3d3e8c
13:49:10.740  异常信息：远程服务器返回错误: (404) 未找到。
  堆栈信息:   在 AutoUpdate.AppUpdate.DownloadFile(String url, String localFilePath) 位置 D:\ProjectData\MiKe\LineProductMes\LineProductMes\ClassForMain\AppUpdate.cs:行号 243
   在 AutoUpdate.AppUpdate.CheckAppVersion(String& msg) 位置 D:\ProjectData\MiKe\LineProductMes\LineProductMes\ClassForMain\AppUpdate.cs:行号 310
13:49:14.864 @EMP002 系统管理员
13:49:14.865 @EMP033 cebfd1559b68d67688884d7a3d3e8c
13:50:05.874 @PAN001 20180822001
13:50:05.876 @PAN009 False
13:50:52.901 @PAN002 0503
13:50:52.903 @PAN003 喷涂车间
13:50:52.904 @PAN004 0503
13:50:52.905 @PAN005 喷涂车间
13:50:52.906 @PAN006 2018/8/22 0:00:00
13:50:52.908 @PAN007 
13:50:52.909 @PAN008 
13:50:52.911 @PAN009 False
13:50:52.913 @PAN010 False
13:50:52.915 @PAN001 20180827001
13:50:52.922 @PAO003 202111350
13:50:52.923 @PAO004 TCLMC-3G61142面板-丝印
13:50:52.925 @PAO005 305
13:50:52.927 @PAO006 0.000000
13:50:52.928 @PAO007 PCS
13:50:52.929 @PAO008 四灯三合一
13:50:52.931 @PAO009 21
13:50:52.932 @PAO010 喷涂-组装

13:50:52.933 @PAO011 0.476000
13:50:52.934 @PAO012 300
13:50:52.935 @idx 11
13:50:52.937 @PAO002 GD201606280004
13:50:52.938 @PAO013 002
13:50:52.947 @PAO003 202111350
13:50:52.949 @PAO004 TCLMC-3G61142面板-丝印
13:50:52.951 @PAO005 297
13:50:52.953 @PAO006 0.000000
13:50:52.954 @PAO007 PCS
13:50:52.956 @PAO008 四灯三合一
13:50:52.958 @PAO009 12
13:50:52.960 @PAO010 面板组装
13:50:52.961 @PAO011 0.750000
13:50:52.962 @PAO012 200
13:50:52.964 @idx 5
13:50:52.965 @PAO002 GD201612070039
13:50:52.966 @PAO013 003
13:50:52.968 @PAO003 202111350
13:50:52.970 @PAO004 TCLMC-3G61142面板-丝印
13:50:52.972 @PAO005 300
13:50:52.974 @PAO006 0.000000
13:50:52.975 @PAO007 PCS
13:50:52.977 @PAO008 四灯三合一
13:50:52.978 @PAO009 19
13:50:52.980 @PAO010 打码
13:50:52.981 @PAO011 0.820000
13:50:52.982 @PAO012 300
13:50:52.983 @idx 6
13:50:52.984 @PAO002 GD201612140026
13:50:52.986 @PAO013 004
13:50:52.988 @PAO003 202111350
13:50:52.990 @PAO004 TCLMC-3G61142面板-丝印
13:50:52.991 @PAO005 300
13:50:52.993 @PAO006 0.000000
13:50:52.994 @PAO007 PCS
13:50:52.996 @PAO008 四灯三合一
13:50:52.997 @PAO009 20
13:50:52.998 @PAO010 喷涂-丝印-组装

13:50:53.000 @PAO011 0.160000
13:50:53.001 @PAO012 300
13:50:53.002 @idx 7
13:50:53.004 @PAO002 GD201704270026
13:50:53.005 @PAO013 005
13:50:53.008 @PAO003 202111350
13:50:53.009 @PAO004 TCLMC-3G61142面板-丝印
13:50:53.011 @PAO005 490
13:50:53.013 @PAO006 0.000000
13:50:53.014 @PAO007 PCS
13:50:53.016 @PAO008 四灯三合一
13:50:53.017 @PAO009 24
13:50:53.019 @PAO010 喷涂-打码-丝印

13:50:53.020 @PAO011 1.480000
13:50:53.022 @PAO012 450
13:50:53.023 @idx 8
13:50:53.025 @PAO002 GD201712120028
13:50:53.026 @PAO013 006
13:50:53.032 @PAO003 202111350
13:50:53.034 @PAO004 TCLMC-3G61142面板-丝印
13:50:53.035 @PAO005 20
13:50:53.037 @PAO006 0.000000
13:50:53.039 @PAO007 PCS
13:50:53.040 @PAO008 四灯三合一
13:50:53.042 @PAO009 02
13:50:53.043 @PAO010 喷涂
13:50:53.044 @PAO011 0.260000
13:50:53.046 @PAO012 20
13:50:53.047 @idx 9
13:50:53.048 @PAO002 GD201712180004
13:50:53.050 @PAO013 001
13:50:53.053 @PAO003 202111350
13:50:53.054 @PAO004 TCLMC-3G61142面板-丝印
13:50:53.055 @PAO005 500
13:50:53.057 @PAO006 0.000000
13:50:53.058 @PAO007 PCS
13:50:53.060 @PAO008 四灯三合一
13:50:53.061 @PAO009 25
13:50:53.062 @PAO010 打码-丝印
13:50:53.064 @PAO011 0.270000
13:50:53.065 @PAO012 500
13:50:53.066 @idx 10
13:50:53.068 @PAO002 GD201801150011
13:50:53.070 @PAO013 007
13:50:53.072 @PPA003 陈林甫
13:50:53.074 @PPA004 喷漆工
13:50:53.075 @PPA005 
13:50:53.077 @PPA006 
13:50:53.078 @PPA007 2018/8/22 8:00:00
13:50:53.079 @PPA008 2018/8/22 17:00:00
13:50:53.081 @PPA009 0.000000
13:50:53.082 @idx 11
13:50:53.084 @PPA002 10093
13:50:53.091 @PPA003 张正友
13:50:53.092 @PPA004 喷漆工
13:50:53.094 @PPA005 
13:50:53.095 @PPA006 
13:50:53.096 @PPA007 2018/8/22 8:00:00
13:50:53.098 @PPA008 2018/8/22 17:00:00
13:50:53.100 @PPA009 0.000000
13:50:53.102 @idx 12
13:50:53.104 @PPA002 10094
13:50:53.107 @PPA003 王光
13:50:53.108 @PPA004 喷漆工
13:50:53.110 @PPA005 
13:50:53.111 @PPA006 
13:50:53.112 @PPA007 2018/8/22 8:00:00
13:50:53.115 @PPA008 2018/8/22 17:00:00
13:50:53.116 @PPA009 0.000000
13:50:53.118 @idx 13
13:50:53.119 @PPA002 10095
13:50:53.122 @PPA003 钱均鹏
13:50:53.124 @PPA004 喷漆工
13:50:53.125 @PPA005 
13:50:53.127 @PPA006 
13:50:53.129 @PPA007 2018/8/22 8:00:00
13:50:53.130 @PPA008 2018/8/22 17:00:00
13:50:53.132 @PPA009 0.000000
13:50:53.133 @idx 14
13:50:53.135 @PPA002 10096
13:50:53.137 @PPA003 陆秋云
13:50:53.139 @PPA004 装配工
13:50:53.141 @PPA005 
13:50:53.142 @PPA006 
13:50:53.143 @PPA007 2018/8/22 8:00:00
13:50:53.145 @PPA008 2018/8/22 17:00:00
13:50:53.146 @PPA009 0.000000
13:50:53.147 @idx 15
13:50:53.149 @PPA002 10097
13:50:53.151 @PPA003 郁叶琴
13:50:53.152 @PPA004 装配工
13:50:53.154 @PPA005 
13:50:53.155 @PPA006 
13:50:53.157 @PPA007 2018/8/22 8:00:00
13:50:53.158 @PPA008 2018/8/22 17:00:00
13:50:53.160 @PPA009 0.000000
13:50:53.162 @idx 16
13:50:53.163 @PPA002 10098
13:51:06.197 @PAN001 20180822001
13:51:06.200 @PAN009 True
13:58:00.650  异常信息：远程服务器返回错误: (404) 未找到。
  堆栈信息:   在 AutoUpdate.AppUpdate.DownloadFile(String url, String localFilePath) 位置 D:\ProjectData\MiKe\LineProductMes\LineProductMes\ClassForMain\AppUpdate.cs:行号 243
   在 AutoUpdate.AppUpdate.CheckAppVersion(String& msg) 位置 D:\ProjectData\MiKe\LineProductMes\LineProductMes\ClassForMain\AppUpdate.cs:行号 310
13:58:05.279 @EMP002 系统管理员
13:58:05.280 @EMP033 cebfd1559b68d67688884d7a3d3e8c
13:58:33.402  异常信息：远程服务器返回错误: (404) 未找到。
  堆栈信息:   在 AutoUpdate.AppUpdate.DownloadFile(String url, String localFilePath) 位置 D:\ProjectData\MiKe\LineProductMes\LineProductMes\ClassForMain\AppUpdate.cs:行号 243
   在 AutoUpdate.AppUpdate.CheckAppVersion(String& msg) 位置 D:\ProjectData\MiKe\LineProductMes\LineProductMes\ClassForMain\AppUpdate.cs:行号 310
13:58:37.806 @EMP002 系统管理员
13:58:37.808 @EMP033 cebfd1559b68d67688884d7a3d3e8c
14:01:17.958  异常信息：远程服务器返回错误: (404) 未找到。
  堆栈信息:   在 AutoUpdate.AppUpdate.DownloadFile(String url, String localFilePath) 位置 D:\ProjectData\MiKe\LineProductMes\LineProductMes\ClassForMain\AppUpdate.cs:行号 243
   在 AutoUpdate.AppUpdate.CheckAppVersion(String& msg) 位置 D:\ProjectData\MiKe\LineProductMes\LineProductMes\ClassForMain\AppUpdate.cs:行号 310
14:01:31.626 @EMP002 系统管理员
14:01:31.629 @EMP033 cebfd1559b68d67688884d7a3d3e8c
14:06:41.938  异常信息：远程服务器返回错误: (404) 未找到。
  堆栈信息:   在 AutoUpdate.AppUpdate.DownloadFile(String url, String localFilePath) 位置 D:\ProjectData\MiKe\LineProductMes\LineProductMes\ClassForMain\AppUpdate.cs:行号 243
   在 AutoUpdate.AppUpdate.CheckAppVersion(String& msg) 位置 D:\ProjectData\MiKe\LineProductMes\LineProductMes\ClassForMain\AppUpdate.cs:行号 310
14:06:52.864 @EMP002 系统管理员
14:06:52.866 @EMP033 cebfd1559b68d67688884d7a3d3e8c
14:08:07.777  异常信息：远程服务器返回错误: (404) 未找到。
  堆栈信息:   在 AutoUpdate.AppUpdate.DownloadFile(String url, String localFilePath) 位置 D:\ProjectData\MiKe\LineProductMes\LineProductMes\ClassForMain\AppUpdate.cs:行号 243
   在 AutoUpdate.AppUpdate.CheckAppVersion(String& msg) 位置 D:\ProjectData\MiKe\LineProductMes\LineProductMes\ClassForMain\AppUpdate.cs:行号 310
14:08:14.984 @EMP002 系统管理员
14:08:14.987 @EMP033 cebfd1559b68d67688884d7a3d3e8c
14:09:29.624  异常信息：远程服务器返回错误: (404) 未找到。
  堆栈信息:   在 AutoUpdate.AppUpdate.DownloadFile(String url, String localFilePath) 位置 D:\ProjectData\MiKe\LineProductMes\LineProductMes\ClassForMain\AppUpdate.cs:行号 243
   在 AutoUpdate.AppUpdate.CheckAppVersion(String& msg) 位置 D:\ProjectData\MiKe\LineProductMes\LineProductMes\ClassForMain\AppUpdate.cs:行号 310
14:09:37.528 @EMP002 系统管理员
14:09:37.530 @EMP033 cebfd1559b68d67688884d7a3d3e8c
14:40:50.866  异常信息：远程服务器返回错误: (404) 未找到。
  堆栈信息:   在 AutoUpdate.AppUpdate.DownloadFile(String url, String localFilePath) 位置 D:\ProjectData\MiKe\LineProductMes\LineProductMes\ClassForMain\AppUpdate.cs:行号 243
   在 AutoUpdate.AppUpdate.CheckAppVersion(String& msg) 位置 D:\ProjectData\MiKe\LineProductMes\LineProductMes\ClassForMain\AppUpdate.cs:行号 310
14:40:55.866 @EMP002 系统管理员
14:40:55.868 @EMP033 cebfd1559b68d67688884d7a3d3e8c
14:41:12.295 @PAN001 20180822001
14:41:12.297 @PAN009 False
14:41:23.165 @PAN002 0503
14:41:23.167 @PAN003 喷涂车间
14:41:23.168 @PAN004 0503
14:41:23.169 @PAN005 喷涂车间
14:41:23.171 @PAN006 2018/8/22 0:00:00
14:41:23.172 @PAN007 
14:41:23.173 @PAN008 
14:41:23.175 @PAN009 False
14:41:23.176 @PAN010 False
14:41:23.177 @PAN001 20180827001
14:41:23.185 @PAO003 202111350
14:41:23.186 @PAO004 TCLMC-3G61142面板-丝印
14:41:23.187 @PAO005 305
14:41:23.189 @PAO006 0.000000
14:41:23.190 @PAO007 PCS
14:41:23.191 @PAO008 四灯三合一
14:41:23.193 @PAO009 21
14:41:23.194 @PAO010 喷涂-组装

14:41:23.195 @PAO011 0.476000
14:41:23.196 @PAO012 300
14:41:23.197 @idx 11
14:41:23.198 @PAO002 GD201606280004
14:41:23.199 @PAO013 002
14:41:23.205 @PAO003 202111350
14:41:23.207 @PAO004 TCLMC-3G61142面板-丝印
14:41:23.208 @PAO005 297
14:41:23.209 @PAO006 0.000000
14:41:23.210 @PAO007 PCS
14:41:23.212 @PAO008 四灯三合一
14:41:23.213 @PAO009 12
14:41:23.214 @PAO010 面板组装
14:41:23.216 @PAO011 0.750000
14:41:23.217 @PAO012 200
14:41:23.219 @idx 5
14:41:23.220 @PAO002 GD201612070039
14:41:23.226 @PAO013 003
14:41:23.229 @PAO003 202111350
14:41:23.231 @PAO004 TCLMC-3G61142面板-丝印
14:41:23.232 @PAO005 300
14:41:23.234 @PAO006 0.000000
14:41:23.236 @PAO007 PCS
14:41:23.237 @PAO008 四灯三合一
14:41:23.239 @PAO009 19
14:41:23.240 @PAO010 打码
14:41:23.242 @PAO011 0.820000
14:41:23.243 @PAO012 300
14:41:23.245 @idx 6
14:41:23.246 @PAO002 GD201612140026
14:41:23.247 @PAO013 004
14:41:23.250 @PAO003 202111350
14:41:23.251 @PAO004 TCLMC-3G61142面板-丝印
14:41:23.253 @PAO005 300
14:41:23.254 @PAO006 0.000000
14:41:23.255 @PAO007 PCS
14:41:23.256 @PAO008 四灯三合一
14:41:23.257 @PAO009 20
14:41:23.259 @PAO010 喷涂-丝印-组装

14:41:23.260 @PAO011 0.160000
14:41:23.262 @PAO012 300
14:41:23.263 @idx 7
14:41:23.264 @PAO002 GD201704270026
14:41:23.266 @PAO013 005
14:41:23.268 @PAO003 202111350
14:41:23.270 @PAO004 TCLMC-3G61142面板-丝印
14:41:23.271 @PAO005 490
14:41:23.273 @PAO006 0.000000
14:41:23.274 @PAO007 PCS
14:41:23.276 @PAO008 四灯三合一
14:41:23.277 @PAO009 24
14:41:23.279 @PAO010 喷涂-打码-丝印

14:41:23.280 @PAO011 1.480000
14:41:23.282 @PAO012 450
14:41:23.283 @idx 8
14:41:23.284 @PAO002 GD201712120028
14:41:23.286 @PAO013 006
14:41:23.291 @PAO003 202111350
14:41:23.293 @PAO004 TCLMC-3G61142面板-丝印
14:41:23.294 @PAO005 20
14:41:23.296 @PAO006 0.000000
14:41:23.297 @PAO007 PCS
14:41:23.299 @PAO008 四灯三合一
14:41:23.300 @PAO009 02
14:41:23.302 @PAO010 喷涂
14:41:23.303 @PAO011 0.260000
14:41:23.305 @PAO012 20
14:41:23.306 @idx 9
14:41:23.307 @PAO002 GD201712180004
14:41:23.309 @PAO013 001
14:41:23.311 @PAO003 202111350
14:41:23.312 @PAO004 TCLMC-3G61142面板-丝印
14:41:23.314 @PAO005 500
14:41:23.315 @PAO006 0.000000
14:41:23.317 @PAO007 PCS
14:41:23.318 @PAO008 四灯三合一
14:41:23.319 @PAO009 25
14:41:23.321 @PAO010 打码-丝印
14:41:23.322 @PAO011 0.270000
14:41:23.324 @PAO012 500
14:41:23.325 @idx 10
14:41:23.326 @PAO002 GD201801150011
14:41:23.328 @PAO013 007
14:41:23.330 @PPA003 陈林甫
14:41:23.332 @PPA004 喷漆工
14:41:23.334 @PPA005 
14:41:23.336 @PPA006 
14:41:23.337 @PPA007 2018/8/22 8:00:00
14:41:23.339 @PPA008 2018/8/22 17:00:00
14:41:23.340 @PPA009 0.000000
14:41:23.342 @idx 11
14:41:23.344 @PPA002 10093
14:41:23.345 @PPA010 在职
14:41:23.351 @PPA003 张正友
14:41:23.353 @PPA004 喷漆工
14:41:23.355 @PPA005 
14:41:23.356 @PPA006 
14:41:23.357 @PPA007 2018/8/22 8:00:00
14:41:23.359 @PPA008 2018/8/22 17:00:00
14:41:23.360 @PPA009 0.000000
14:41:23.361 @idx 12
14:41:23.363 @PPA002 10094
14:41:23.364 @PPA010 在职
14:41:23.366 @PPA003 王光
14:41:23.368 @PPA004 喷漆工
14:41:23.369 @PPA005 
14:41:23.371 @PPA006 
14:41:23.372 @PPA007 2018/8/22 8:00:00
14:41:23.374 @PPA008 2018/8/22 17:00:00
14:41:23.375 @PPA009 0.000000
14:41:23.376 @idx 13
14:41:23.377 @PPA002 10095
14:41:23.379 @PPA010 在职
14:41:23.381 @PPA003 钱均鹏
14:41:23.382 @PPA004 喷漆工
14:41:23.384 @PPA005 
14:41:23.385 @PPA006 
14:41:23.387 @PPA007 2018/8/22 8:00:00
14:41:23.388 @PPA008 2018/8/22 17:00:00
14:41:23.390 @PPA009 0.000000
14:41:23.391 @idx 14
14:41:23.392 @PPA002 10096
14:41:23.394 @PPA010 在职
14:41:23.396 @PPA003 陆秋云
14:41:23.398 @PPA004 装配工
14:41:23.399 @PPA005 
14:41:23.401 @PPA006 
14:41:23.402 @PPA007 2018/8/22 8:00:00
14:41:23.404 @PPA008 2018/8/22 17:00:00
14:41:23.405 @PPA009 0.000000
14:41:23.406 @idx 15
14:41:23.407 @PPA002 10097
14:41:23.408 @PPA010 在职
14:41:23.410 @PPA003 郁叶琴
14:41:23.412 @PPA004 装配工
14:41:23.413 @PPA005 
14:41:23.415 @PPA006 
14:41:23.417 @PPA007 2018/8/22 8:00:00
14:41:23.418 @PPA008 2018/8/22 17:00:00
14:41:23.420 @PPA009 0.000000
14:41:23.422 @idx 16
14:41:23.423 @PPA002 10098
14:41:23.425 @PPA010 在职
14:42:11.180 @PAN002 0503
14:42:11.184 @PAN003 喷涂车间
14:42:11.187 @PAN004 0503
14:42:11.191 @PAN005 喷涂车间
14:42:11.193 @PAN006 2018/8/22 0:00:00
14:42:11.194 @PAN007 
14:42:11.195 @PAN008 
14:42:11.196 @PAN009 False
14:42:11.197 @PAN010 False
14:42:11.199 @PAN001 20180827001
14:42:11.201 @PAO003 202111350
14:42:11.203 @PAO004 TCLMC-3G61142面板-丝印
14:42:11.204 @PAO005 305
14:42:11.205 @PAO006 0.000000
14:42:11.206 @PAO007 PCS
14:42:11.208 @PAO008 四灯三合一
14:42:11.209 @PAO009 21
14:42:11.211 @PAO010 喷涂-组装

14:42:11.212 @PAO011 0.476000
14:42:11.213 @PAO012 300
14:42:11.214 @idx 11
14:42:11.215 @PAO002 GD201606280004
14:42:11.216 @PAO013 002
14:42:11.219 @PAO003 202111350
14:42:11.221 @PAO004 TCLMC-3G61142面板-丝印
14:42:11.222 @PAO005 297
14:42:11.223 @PAO006 0.000000
14:42:11.225 @PAO007 PCS
14:42:11.226 @PAO008 四灯三合一
14:42:11.227 @PAO009 12
14:42:11.228 @PAO010 面板组装
14:42:11.229 @PAO011 0.750000
14:42:11.231 @PAO012 200
14:42:11.233 @idx 5
14:42:11.234 @PAO002 GD201612070039
14:42:11.235 @PAO013 003
14:42:11.237 @PAO003 202111350
14:42:11.239 @PAO004 TCLMC-3G61142面板-丝印
14:42:11.240 @PAO005 300
14:42:11.241 @PAO006 0.000000
14:42:11.243 @PAO007 PCS
14:42:11.244 @PAO008 四灯三合一
14:42:11.245 @PAO009 19
14:42:11.246 @PAO010 打码
14:42:11.248 @PAO011 0.820000
14:42:11.250 @PAO012 300
14:42:11.251 @idx 6
14:42:11.253 @PAO002 GD201612140026
14:42:11.254 @PAO013 004
14:42:11.258 @PAO003 202111350
14:42:11.259 @PAO004 TCLMC-3G61142面板-丝印
14:42:11.261 @PAO005 300
14:42:11.262 @PAO006 0.000000
14:42:11.263 @PAO007 PCS
14:42:11.265 @PAO008 四灯三合一
14:42:11.266 @PAO009 20
14:42:11.267 @PAO010 喷涂-丝印-组装

14:42:11.268 @PAO011 0.160000
14:42:11.269 @PAO012 300
14:42:11.271 @idx 7
14:42:11.272 @PAO002 GD201704270026
14:42:11.273 @PAO013 005
14:42:11.276 @PAO003 202111350
14:42:11.277 @PAO004 TCLMC-3G61142面板-丝印
14:42:11.278 @PAO005 490
14:42:11.279 @PAO006 0.000000
14:42:11.281 @PAO007 PCS
14:42:11.283 @PAO008 四灯三合一
14:42:11.284 @PAO009 24
14:42:11.285 @PAO010 喷涂-打码-丝印

14:42:11.286 @PAO011 1.480000
14:42:11.287 @PAO012 450
14:42:11.288 @idx 8
14:42:11.290 @PAO002 GD201712120028
14:42:11.291 @PAO013 006
14:42:11.294 @PAO003 202111350
14:42:11.295 @PAO004 TCLMC-3G61142面板-丝印
14:42:11.297 @PAO005 20
14:42:11.298 @PAO006 0.000000
14:42:11.299 @PAO007 PCS
14:42:11.301 @PAO008 四灯三合一
14:42:11.302 @PAO009 02
14:42:11.303 @PAO010 喷涂
14:42:11.305 @PAO011 0.260000
14:42:11.306 @PAO012 20
14:42:11.307 @idx 9
14:42:11.308 @PAO002 GD201712180004
14:42:11.309 @PAO013 001
14:42:11.313 @PAO003 202111350
14:42:11.314 @PAO004 TCLMC-3G61142面板-丝印
14:42:11.315 @PAO005 500
14:42:11.317 @PAO006 0.000000
14:42:11.318 @PAO007 PCS
14:42:11.319 @PAO008 四灯三合一
14:42:11.320 @PAO009 25
14:42:11.321 @PAO010 打码-丝印
14:42:11.322 @PAO011 0.270000
14:42:11.324 @PAO012 500
14:42:11.325 @idx 10
14:42:11.327 @PAO002 GD201801150011
14:42:11.328 @PAO013 007
14:42:11.330 @PPA003 陈林甫
14:42:11.332 @PPA004 喷漆工
14:42:11.333 @PPA005 
14:42:11.335 @PPA006 
14:42:11.336 @PPA007 2018/8/22 8:00:00
14:42:11.337 @PPA008 2018/8/22 17:00:00
14:42:11.339 @PPA009 0.000000
14:42:11.340 @idx 11
14:42:11.341 @PPA002 10093
14:42:11.342 @PPA010 在职
14:42:11.345 @PPA003 张正友
14:42:11.347 @PPA004 喷漆工
14:42:11.348 @PPA005 
14:42:11.349 @PPA006 
14:42:11.351 @PPA007 2018/8/22 8:00:00
14:42:11.352 @PPA008 2018/8/22 17:00:00
14:42:11.353 @PPA009 0.000000
14:42:11.355 @idx 12
14:42:11.356 @PPA002 10094
14:42:11.357 @PPA010 在职
14:42:11.359 @PPA003 王光
14:42:11.361 @PPA004 喷漆工
14:42:11.363 @PPA005 
14:42:11.364 @PPA006 
14:42:11.365 @PPA007 2018/8/22 8:00:00
14:42:11.366 @PPA008 2018/8/22 17:00:00
14:42:11.368 @PPA009 0.000000
14:42:11.369 @idx 13
14:42:11.370 @PPA002 10095
14:42:11.371 @PPA010 在职
14:42:11.375 @PPA003 钱均鹏
14:42:11.377 @PPA004 喷漆工
14:42:11.378 @PPA005 
14:42:11.380 @PPA006 
14:42:11.381 @PPA007 2018/8/22 8:00:00
14:42:11.383 @PPA008 2018/8/22 17:00:00
14:42:11.384 @PPA009 0.000000
14:42:11.385 @idx 14
14:42:11.387 @PPA002 10096
14:42:11.388 @PPA010 在职
14:42:11.391 @PPA003 陆秋云
14:42:11.393 @PPA004 装配工
14:42:11.394 @PPA005 
14:42:11.395 @PPA006 
14:42:11.396 @PPA007 2018/8/22 8:00:00
14:42:11.398 @PPA008 2018/8/22 17:00:00
14:42:11.399 @PPA009 0.000000
14:42:11.400 @idx 15
14:42:11.402 @PPA002 10097
14:42:11.403 @PPA010 在职
14:42:11.405 @PPA003 郁叶琴
14:42:11.407 @PPA004 装配工
14:42:11.408 @PPA005 
14:42:11.410 @PPA006 
14:42:11.412 @PPA007 2018/8/22 8:00:00
14:42:11.413 @PPA008 2018/8/22 17:00:00
14:42:11.415 @PPA009 0.000000
14:42:11.416 @idx 16
14:42:11.417 @PPA002 10098
14:42:11.419 @PPA010 在职
14:43:49.777 @PAN002 0503
14:43:49.779 @PAN003 喷涂车间
14:43:49.782 @PAN004 0503
14:43:49.784 @PAN005 喷涂车间
14:43:49.786 @PAN006 2018/8/22 0:00:00
14:43:49.788 @PAN007 
14:43:49.790 @PAN008 
14:43:49.792 @PAN009 False
14:43:49.794 @PAN010 False
14:43:49.796 @PAN001 20180827001
14:43:49.799 @PAO003 202111350
14:43:49.801 @PAO004 TCLMC-3G61142面板-丝印
14:43:49.803 @PAO005 305
14:43:49.804 @PAO006 0.000000
14:43:49.805 @PAO007 PCS
14:43:49.806 @PAO008 四灯三合一
14:43:49.807 @PAO009 21
14:43:49.809 @PAO010 喷涂-组装

14:43:49.810 @PAO011 0.476000
14:43:49.812 @PAO012 300
14:43:49.813 @idx 11
14:43:49.814 @PAO002 GD201606280004
14:43:49.815 @PAO013 002
14:43:49.818 @PAO003 202111350
14:43:49.820 @PAO004 TCLMC-3G61142面板-丝印
14:43:49.821 @PAO005 297
14:43:49.822 @PAO006 0.000000
14:43:49.823 @PAO007 PCS
14:43:49.825 @PAO008 四灯三合一
14:43:49.826 @PAO009 12
14:43:49.827 @PAO010 面板组装
14:43:49.829 @PAO011 0.750000
14:43:49.830 @PAO012 200
14:43:49.831 @idx 5
14:43:49.833 @PAO002 GD201612070039
14:43:49.834 @PAO013 003
14:43:49.836 @PAO003 202111350
14:43:49.838 @PAO004 TCLMC-3G61142面板-丝印
14:43:49.839 @PAO005 300
14:43:49.841 @PAO006 0.000000
14:43:49.842 @PAO007 PCS
14:43:49.844 @PAO008 四灯三合一
14:43:49.845 @PAO009 19
14:43:49.847 @PAO010 打码
14:43:49.848 @PAO011 0.820000
14:43:49.849 @PAO012 300
14:43:49.851 @idx 6
14:43:49.852 @PAO002 GD201612140026
14:43:49.853 @PAO013 004
14:43:49.855 @PAO003 202111350
14:43:49.857 @PAO004 TCLMC-3G61142面板-丝印
14:43:49.858 @PAO005 300
14:43:49.860 @PAO006 0.000000
14:43:49.861 @PAO007 PCS
14:43:49.862 @PAO008 四灯三合一
14:43:49.863 @PAO009 20
14:43:49.865 @PAO010 喷涂-丝印-组装

14:43:49.866 @PAO011 0.160000
14:43:49.867 @PAO012 300
14:43:49.868 @idx 7
14:43:49.869 @PAO002 GD201704270026
14:43:49.870 @PAO013 005
14:43:49.873 @PAO003 202111350
14:43:49.875 @PAO004 TCLMC-3G61142面板-丝印
14:43:49.876 @PAO005 490
14:43:49.877 @PAO006 0.000000
14:43:49.879 @PAO007 PCS
14:43:49.880 @PAO008 四灯三合一
14:43:49.881 @PAO009 24
14:43:49.883 @PAO010 喷涂-打码-丝印

14:43:49.884 @PAO011 1.480000
14:43:49.885 @PAO012 450
14:43:49.886 @idx 8
14:43:49.887 @PAO002 GD201712120028
14:43:49.889 @PAO013 006
14:43:49.892 @PAO003 202111350
14:43:49.893 @PAO004 TCLMC-3G61142面板-丝印
14:43:49.895 @PAO005 20
14:43:49.896 @PAO006 0.000000
14:43:49.898 @PAO007 PCS
14:43:49.900 @PAO008 四灯三合一
14:43:49.901 @PAO009 02
14:43:49.903 @PAO010 喷涂
14:43:49.905 @PAO011 0.260000
14:43:49.906 @PAO012 20
14:43:49.908 @idx 9
14:43:49.909 @PAO002 GD201712180004
14:43:49.911 @PAO013 001
14:43:49.913 @PAO003 202111350
14:43:49.915 @PAO004 TCLMC-3G61142面板-丝印
14:43:49.916 @PAO005 500
14:43:49.918 @PAO006 0.000000
14:43:49.919 @PAO007 PCS
14:43:49.920 @PAO008 四灯三合一
14:43:49.922 @PAO009 25
14:43:49.923 @PAO010 打码-丝印
14:43:49.924 @PAO011 0.270000
14:43:49.926 @PAO012 500
14:43:49.927 @idx 10
14:43:49.929 @PAO002 GD201801150011
14:43:49.930 @PAO013 007
14:43:49.933 @PPA003 陈林甫
14:43:49.934 @PPA004 喷漆工
14:43:49.936 @PPA005 
14:43:49.937 @PPA006 
14:43:49.938 @PPA007 2018/8/22 8:00:00
14:43:49.940 @PPA008 2018/8/22 17:00:00
14:43:49.941 @PPA009 0.000000
14:43:49.942 @idx 11
14:43:49.943 @PPA002 10093
14:43:49.944 @PPA010 在职
14:43:49.947 @PPA003 张正友
14:43:49.948 @PPA004 喷漆工
14:43:49.949 @PPA005 
14:43:49.951 @PPA006 
14:43:49.952 @PPA007 2018/8/22 8:00:00
14:43:49.954 @PPA008 2018/8/22 17:00:00
14:43:49.955 @PPA009 0.000000
14:43:49.957 @idx 12
14:43:49.958 @PPA002 10094
14:43:49.959 @PPA010 在职
14:43:49.961 @PPA003 王光
14:43:49.963 @PPA004 喷漆工
14:43:49.965 @PPA005 
14:43:49.966 @PPA006 
14:43:49.967 @PPA007 2018/8/22 8:00:00
14:43:49.969 @PPA008 2018/8/22 17:00:00
14:43:49.970 @PPA009 0.000000
14:43:49.972 @idx 13
14:43:49.974 @PPA002 10095
14:43:49.975 @PPA010 在职
14:43:49.978 @PPA003 钱均鹏
14:43:49.979 @PPA004 喷漆工
14:43:49.981 @PPA005 
14:43:49.982 @PPA006 
14:43:49.983 @PPA007 2018/8/22 8:00:00
14:43:49.984 @PPA008 2018/8/22 17:00:00
14:43:49.986 @PPA009 0.000000
14:43:49.987 @idx 14
14:43:49.988 @PPA002 10096
14:43:49.989 @PPA010 在职
14:43:49.992 @PPA003 陆秋云
14:43:49.993 @PPA004 装配工
14:43:49.995 @PPA005 
14:43:49.997 @PPA006 
14:43:49.998 @PPA007 2018/8/22 8:00:00
14:43:49.999 @PPA008 2018/8/22 17:00:00
14:43:50.000 @PPA009 0.000000
14:43:50.001 @idx 15
14:43:50.003 @PPA002 10097
14:43:50.005 @PPA010 在职
14:43:50.007 @PPA003 郁叶琴
14:43:50.009 @PPA004 装配工
14:43:50.010 @PPA005 
14:43:50.012 @PPA006 
14:43:50.013 @PPA007 2018/8/22 8:00:00
14:43:50.015 @PPA008 2018/8/22 17:00:00
14:43:50.016 @PPA009 0.000000
14:43:50.017 @idx 16
14:43:50.019 @PPA002 10098
14:43:50.020 @PPA010 在职
14:44:54.886 @PAN002 0503
14:44:54.887 @PAN003 喷涂车间
14:44:54.889 @PAN004 0503
14:44:54.890 @PAN005 喷涂车间
14:44:54.891 @PAN006 2018/8/22 0:00:00
14:44:54.893 @PAN007 
14:44:54.894 @PAN008 
14:44:54.896 @PAN009 False
14:44:54.898 @PAN010 False
14:44:54.899 @PAN001 20180827001
14:44:54.913 @PAO003 202111350
14:44:54.914 @PAO004 TCLMC-3G61142面板-丝印
14:44:54.916 @PAO005 305
14:44:54.917 @PAO006 0.000000
14:44:54.918 @PAO007 PCS
14:44:54.919 @PAO008 四灯三合一
14:44:54.921 @PAO009 21
14:44:54.923 @PAO010 喷涂-组装

14:44:54.924 @PAO011 0.476000
14:44:54.926 @PAO012 300
14:44:54.927 @idx 11
14:44:54.928 @PAO002 GD201606280004
14:44:54.929 @PAO013 002
14:44:54.932 @PAO003 202111350
14:44:54.934 @PAO004 TCLMC-3G61142面板-丝印
14:44:54.935 @PAO005 297
14:44:54.936 @PAO006 0.000000
14:44:54.937 @PAO007 PCS
14:44:54.939 @PAO008 四灯三合一
14:44:54.941 @PAO009 12
14:44:54.942 @PAO010 面板组装
14:44:54.943 @PAO011 0.750000
14:44:54.945 @PAO012 200
14:44:54.946 @idx 5
14:44:54.948 @PAO002 GD201612070039
14:44:54.950 @PAO013 003
14:44:54.954 @PAO003 202111350
14:44:54.956 @PAO004 TCLMC-3G61142面板-丝印
14:44:54.958 @PAO005 300
14:44:54.960 @PAO006 0.000000
14:44:54.962 @PAO007 PCS
14:44:54.964 @PAO008 四灯三合一
14:44:54.965 @PAO009 19
14:44:54.967 @PAO010 打码
14:44:54.968 @PAO011 0.820000
14:44:54.969 @PAO012 300
14:44:54.971 @idx 6
14:44:54.972 @PAO002 GD201612140026
14:44:54.974 @PAO013 004
14:44:54.976 @PAO003 202111350
14:44:54.978 @PAO004 TCLMC-3G61142面板-丝印
14:44:54.979 @PAO005 300
14:44:54.981 @PAO006 0.000000
14:44:54.982 @PAO007 PCS
14:44:54.983 @PAO008 四灯三合一
14:44:54.985 @PAO009 20
14:44:54.987 @PAO010 喷涂-丝印-组装

14:44:54.988 @PAO011 0.160000
14:44:54.990 @PAO012 300
14:44:54.991 @idx 7
14:44:54.992 @PAO002 GD201704270026
14:44:54.994 @PAO013 005
14:44:54.997 @PAO003 202111350
14:44:54.999 @PAO004 TCLMC-3G61142面板-丝印
14:44:55.000 @PAO005 490
14:44:55.002 @PAO006 0.000000
14:44:55.004 @PAO007 PCS
14:44:55.006 @PAO008 四灯三合一
14:44:55.007 @PAO009 24
14:44:55.009 @PAO010 喷涂-打码-丝印

14:44:55.011 @PAO011 1.480000
14:44:55.013 @PAO012 450
14:44:55.019 @idx 8
14:44:55.021 @PAO002 GD201712120028
14:44:55.022 @PAO013 006
14:44:55.025 @PAO003 202111350
14:44:55.026 @PAO004 TCLMC-3G61142面板-丝印
14:44:55.028 @PAO005 20
14:44:55.029 @PAO006 0.000000
14:44:55.031 @PAO007 PCS
14:44:55.032 @PAO008 四灯三合一
14:44:55.034 @PAO009 02
14:44:55.036 @PAO010 喷涂
14:44:55.037 @PAO011 0.260000
14:44:55.039 @PAO012 20
14:44:55.040 @idx 9
14:44:55.042 @PAO002 GD201712180004
14:44:55.043 @PAO013 001
14:44:55.045 @PAO003 202111350
14:44:55.047 @PAO004 TCLMC-3G61142面板-丝印
14:44:55.049 @PAO005 500
14:44:55.050 @PAO006 0.000000
14:44:55.052 @PAO007 PCS
14:44:55.053 @PAO008 四灯三合一
14:44:55.055 @PAO009 25
14:44:55.056 @PAO010 打码-丝印
14:44:55.058 @PAO011 0.270000
14:44:55.059 @PAO012 500
14:44:55.061 @idx 10
14:44:55.063 @PAO002 GD201801150011
14:44:55.065 @PAO013 007
14:44:55.068 @PPA003 陈林甫
14:44:55.070 @PPA004 喷漆工
14:44:55.072 @PPA005 
14:44:55.074 @PPA006 
14:44:55.075 @PPA007 2018/8/22 8:00:00
14:44:55.077 @PPA008 2018/8/22 17:00:00
14:44:55.079 @PPA009 0.000000
14:44:55.082 @idx 11
14:44:55.085 @PPA002 10093
14:44:55.086 @PPA010 在职
14:44:55.088 @PPA003 张正友
14:44:55.090 @PPA004 喷漆工
14:44:55.092 @PPA005 
14:44:55.093 @PPA006 
14:44:55.095 @PPA007 2018/8/22 8:00:00
14:44:55.096 @PPA008 2018/8/22 17:00:00
14:44:55.097 @PPA009 0.000000
14:44:55.099 @idx 12
14:44:55.101 @PPA002 10094
14:44:55.102 @PPA010 在职
14:44:55.105 @PPA003 王光
14:44:55.107 @PPA004 喷漆工
14:44:55.108 @PPA005 
14:44:55.110 @PPA006 
14:44:55.112 @PPA007 2018/8/22 8:00:00
14:44:55.113 @PPA008 2018/8/22 17:00:00
14:44:55.115 @PPA009 0.000000
14:44:55.116 @idx 13
14:44:55.118 @PPA002 10095
14:44:55.119 @PPA010 在职
14:44:55.121 @PPA003 钱均鹏
14:44:55.123 @PPA004 喷漆工
14:44:55.124 @PPA005 
14:44:55.126 @PPA006 
14:44:55.127 @PPA007 2018/8/22 8:00:00
14:44:55.129 @PPA008 2018/8/22 17:00:00
14:44:55.130 @PPA009 0.000000
14:44:55.132 @idx 14
14:44:55.133 @PPA002 10096
14:44:55.134 @PPA010 在职
14:44:55.137 @PPA003 陆秋云
14:44:55.138 @PPA004 装配工
14:44:55.139 @PPA005 
14:44:55.141 @PPA006 
14:44:55.142 @PPA007 2018/8/22 8:00:00
14:44:55.143 @PPA008 2018/8/22 17:00:00
14:44:55.145 @PPA009 0.000000
14:44:55.147 @idx 15
14:44:55.148 @PPA002 10097
14:44:55.149 @PPA010 在职
14:44:55.152 @PPA003 郁叶琴
14:44:55.153 @PPA004 装配工
14:44:55.154 @PPA005 
14:44:55.156 @PPA006 
14:44:55.157 @PPA007 2018/8/22 8:00:00
14:44:55.159 @PPA008 2018/8/22 17:00:00
14:44:55.160 @PPA009 0.000000
14:44:55.162 @idx 16
14:44:55.163 @PPA002 10098
14:44:55.164 @PPA010 在职
14:45:43.861 @PAN002 0503
14:45:43.863 @PAN003 喷涂车间
14:45:43.864 @PAN004 0503
14:45:43.866 @PAN005 喷涂车间
14:45:43.868 @PAN006 2018/8/22 0:00:00
14:45:43.870 @PAN007 
14:45:43.871 @PAN008 
14:45:43.873 @PAN009 False
14:45:43.875 @PAN010 False
14:45:43.877 @PAN001 20180827001
14:45:43.880 @PAO003 202111350
14:45:43.882 @PAO004 TCLMC-3G61142面板-丝印
14:45:43.883 @PAO005 305
14:45:43.884 @PAO006 0.000000
14:45:43.886 @PAO007 PCS
14:45:43.887 @PAO008 四灯三合一
14:45:43.888 @PAO009 21
14:45:43.890 @PAO010 喷涂-组装

14:45:43.891 @PAO011 0.476000
14:45:43.893 @PAO012 300
14:45:43.895 @idx 11
14:45:43.897 @PAO002 GD201606280004
14:45:43.898 @PAO013 002
14:45:43.901 @PAO003 202111350
14:45:43.902 @PAO004 TCLMC-3G61142面板-丝印
14:45:43.904 @PAO005 297
14:45:43.905 @PAO006 0.000000
14:45:43.907 @PAO007 PCS
14:45:43.908 @PAO008 四灯三合一
14:45:43.909 @PAO009 12
14:45:43.911 @PAO010 面板组装
14:45:43.912 @PAO011 0.750000
14:45:43.913 @PAO012 200
14:45:43.915 @idx 5
14:45:43.917 @PAO002 GD201612070039
14:45:43.918 @PAO013 003
14:45:43.921 @PAO003 202111350
14:45:43.923 @PAO004 TCLMC-3G61142面板-丝印
14:45:43.924 @PAO005 300
14:45:43.925 @PAO006 0.000000
14:45:43.926 @PAO007 PCS
14:45:43.928 @PAO008 四灯三合一
14:45:43.929 @PAO009 19
14:45:43.930 @PAO010 打码
14:45:43.931 @PAO011 0.820000
14:45:43.932 @PAO012 300
14:45:43.934 @idx 6
14:45:43.936 @PAO002 GD201612140026
14:45:43.938 @PAO013 004
14:45:43.940 @PAO003 202111350
14:45:43.942 @PAO004 TCLMC-3G61142面板-丝印
14:45:43.943 @PAO005 300
14:45:43.945 @PAO006 0.000000
14:45:43.947 @PAO007 PCS
14:45:43.948 @PAO008 四灯三合一
14:45:43.950 @PAO009 20
14:45:43.952 @PAO010 喷涂-丝印-组装

14:45:43.954 @PAO011 0.160000
14:45:43.956 @PAO012 300
14:45:43.957 @idx 7
14:45:43.959 @PAO002 GD201704270026
14:45:43.960 @PAO013 005
14:45:43.963 @PAO003 202111350
14:45:43.964 @PAO004 TCLMC-3G61142面板-丝印
14:45:43.966 @PAO005 490
14:45:43.967 @PAO006 0.000000
14:45:43.968 @PAO007 PCS
14:45:43.970 @PAO008 四灯三合一
14:45:43.971 @PAO009 24
14:45:43.972 @PAO010 喷涂-打码-丝印

14:45:43.974 @PAO011 1.480000
14:45:43.975 @PAO012 450
14:45:43.976 @idx 8
14:45:43.977 @PAO002 GD201712120028
14:45:43.979 @PAO013 006
14:45:43.981 @PAO003 202111350
14:45:43.982 @PAO004 TCLMC-3G61142面板-丝印
14:45:43.984 @PAO005 20
14:45:43.985 @PAO006 0.000000
14:45:43.987 @PAO007 PCS
14:45:43.993 @PAO008 四灯三合一
14:45:43.995 @PAO009 02
14:45:43.996 @PAO010 喷涂
14:45:43.997 @PAO011 0.260000
14:45:43.998 @PAO012 20
14:45:43.999 @idx 9
14:45:44.001 @PAO002 GD201712180004
14:45:44.003 @PAO013 001
14:45:44.005 @PAO003 202111350
14:45:44.006 @PAO004 TCLMC-3G61142面板-丝印
14:45:44.008 @PAO005 500
14:45:44.009 @PAO006 0.000000
14:45:44.011 @PAO007 PCS
14:45:44.012 @PAO008 四灯三合一
14:45:44.014 @PAO009 25
14:45:44.015 @PAO010 打码-丝印
14:45:44.017 @PAO011 0.270000
14:45:44.019 @PAO012 500
14:45:44.021 @idx 10
14:45:44.022 @PAO002 GD201801150011
14:45:44.024 @PAO013 007
14:45:44.027 @PPA003 陈林甫
14:45:44.028 @PPA004 喷漆工
14:45:44.029 @PPA005 
14:45:44.031 @PPA006 
14:45:44.033 @PPA007 2018/8/22 8:00:00
14:45:44.034 @PPA008 2018/8/22 17:00:00
14:45:44.036 @PPA009 0.000000
14:45:44.037 @idx 11
14:45:44.038 @PPA002 10093
14:45:44.039 @PPA010 在职
14:45:44.042 @PPA003 张正友
14:45:44.043 @PPA004 喷漆工
14:45:44.045 @PPA005 
14:45:44.046 @PPA006 
14:45:44.047 @PPA007 2018/8/22 8:00:00
14:45:44.049 @PPA008 2018/8/22 17:00:00
14:45:44.050 @PPA009 0.000000
14:45:44.051 @idx 12
14:45:44.052 @PPA002 10094
14:45:44.054 @PPA010 在职
14:45:44.056 @PPA003 王光
14:45:44.058 @PPA004 喷漆工
14:45:44.059 @PPA005 
14:45:44.060 @PPA006 
14:45:44.061 @PPA007 2018/8/22 8:00:00
14:45:44.062 @PPA008 2018/8/22 17:00:00
14:45:44.063 @PPA009 0.000000
14:45:44.065 @idx 13
14:45:44.066 @PPA002 10095
14:45:44.067 @PPA010 在职
14:45:44.069 @PPA003 钱均鹏
14:45:44.071 @PPA004 喷漆工
14:45:44.072 @PPA005 
14:45:44.073 @PPA006 
14:45:44.074 @PPA007 2018/8/22 8:00:00
14:45:44.075 @PPA008 2018/8/22 17:00:00
14:45:44.076 @PPA009 0.000000
14:45:44.078 @idx 14
14:45:44.079 @PPA002 10096
14:45:44.080 @PPA010 在职
14:45:44.083 @PPA003 陆秋云
14:45:44.084 @PPA004 装配工
14:45:44.085 @PPA005 
14:45:44.087 @PPA006 
14:45:44.088 @PPA007 2018/8/22 8:00:00
14:45:44.089 @PPA008 2018/8/22 17:00:00
14:45:44.090 @PPA009 0.000000
14:45:44.091 @idx 15
14:45:44.092 @PPA002 10097
14:45:44.093 @PPA010 在职
14:45:44.096 @PPA003 郁叶琴
14:45:44.098 @PPA004 装配工
14:45:44.099 @PPA005 
14:45:44.101 @PPA006 
14:45:44.102 @PPA007 2018/8/22 8:00:00
14:45:44.103 @PPA008 2018/8/22 17:00:00
14:45:44.104 @PPA009 0.000000
14:45:44.106 @idx 16
14:45:44.107 @PPA002 10098
14:45:44.108 @PPA010 在职
14:46:28.501  异常信息：远程服务器返回错误: (404) 未找到。
  堆栈信息:   在 AutoUpdate.AppUpdate.DownloadFile(String url, String localFilePath) 位置 D:\ProjectData\MiKe\LineProductMes\LineProductMes\ClassForMain\AppUpdate.cs:行号 243
   在 AutoUpdate.AppUpdate.CheckAppVersion(String& msg) 位置 D:\ProjectData\MiKe\LineProductMes\LineProductMes\ClassForMain\AppUpdate.cs:行号 310
14:46:33.231 @EMP002 系统管理员
14:46:33.233 @EMP033 cebfd1559b68d67688884d7a3d3e8c
14:47:33.437 @PAN002 0503
14:47:33.438 @PAN003 喷涂车间
14:47:33.440 @PAN004 0503
14:47:33.441 @PAN005 喷涂车间
14:47:33.445 @PAN006 2018/8/22 0:00:00
14:47:33.447 @PAN007 
14:47:33.448 @PAN008 
14:47:33.450 @PAN009 False
14:47:33.451 @PAN010 False
14:47:33.453 @PAN001 20180827001
14:47:33.456 @PAO003 202111350
14:47:33.458 @PAO004 TCLMC-3G61142面板-丝印
14:47:33.461 @PAO005 305
14:47:33.463 @PAO006 0.000000
14:47:33.465 @PAO007 PCS
14:47:33.466 @PAO008 四灯三合一
14:47:33.468 @PAO009 21
14:47:33.469 @PAO010 喷涂-组装

14:47:33.471 @PAO011 0.476000
14:47:33.472 @PAO012 300
14:47:33.474 @idx 11
14:47:33.475 @PAO002 GD201606280004
14:47:33.476 @PAO013 002
14:47:33.478 @PAO003 202111350
14:47:33.480 @PAO004 TCLMC-3G61142面板-丝印
14:47:33.482 @PAO005 297
14:47:33.483 @PAO006 0.000000
14:47:33.485 @PAO007 PCS
14:47:33.486 @PAO008 四灯三合一
14:47:33.488 @PAO009 12
14:47:33.489 @PAO010 面板组装
14:47:33.490 @PAO011 0.750000
14:47:33.492 @PAO012 200
14:47:33.493 @idx 5
14:47:33.494 @PAO002 GD201612070039
14:47:33.496 @PAO013 003
14:47:33.499 @PAO003 202111350
14:47:33.501 @PAO004 TCLMC-3G61142面板-丝印
14:47:33.502 @PAO005 300
14:47:33.503 @PAO006 0.000000
14:47:33.504 @PAO007 PCS
14:47:33.506 @PAO008 四灯三合一
14:47:33.507 @PAO009 19
14:47:33.508 @PAO010 打码
14:47:33.509 @PAO011 0.820000
14:47:33.511 @PAO012 300
14:47:33.512 @idx 6
14:47:33.514 @PAO002 GD201612140026
14:47:33.515 @PAO013 004
14:47:33.518 @PAO003 202111350
14:47:33.519 @PAO004 TCLMC-3G61142面板-丝印
14:47:33.521 @PAO005 300
14:47:33.523 @PAO006 0.000000
14:47:33.524 @PAO007 PCS
14:47:33.525 @PAO008 四灯三合一
14:47:33.526 @PAO009 20
14:47:33.528 @PAO010 喷涂-丝印-组装

14:47:33.529 @PAO011 0.160000
14:47:33.531 @PAO012 300
14:47:33.532 @idx 7
14:47:33.534 @PAO002 GD201704270026
14:47:33.535 @PAO013 005
14:47:33.538 @PAO003 202111350
14:47:33.539 @PAO004 TCLMC-3G61142面板-丝印
14:47:33.541 @PAO005 490
14:47:33.542 @PAO006 0.000000
14:47:33.543 @PAO007 PCS
14:47:33.544 @PAO008 四灯三合一
14:47:33.545 @PAO009 24
14:47:33.547 @PAO010 喷涂-打码-丝印

14:47:33.548 @PAO011 1.480000
14:47:33.549 @PAO012 450
14:47:33.550 @idx 8
14:47:33.551 @PAO002 GD201712120028
14:47:33.552 @PAO013 006
14:47:33.554 @PAO003 202111350
14:47:33.556 @PAO004 TCLMC-3G61142面板-丝印
14:47:33.558 @PAO005 20
14:47:33.559 @PAO006 0.000000
14:47:33.561 @PAO007 PCS
14:47:33.562 @PAO008 四灯三合一
14:47:33.564 @PAO009 02
14:47:33.566 @PAO010 喷涂
14:47:33.567 @PAO011 0.260000
14:47:33.568 @PAO012 20
14:47:33.569 @idx 9
14:47:33.571 @PAO002 GD201712180004
14:47:33.572 @PAO013 001
14:47:33.574 @PAO003 202111350
14:47:33.576 @PAO004 TCLMC-3G61142面板-丝印
14:47:33.577 @PAO005 500
14:47:33.579 @PAO006 0.000000
14:47:33.580 @PAO007 PCS
14:47:33.581 @PAO008 四灯三合一
14:47:33.583 @PAO009 25
14:47:33.584 @PAO010 打码-丝印
14:47:33.585 @PAO011 0.270000
14:47:33.587 @PAO012 500
14:47:33.588 @idx 10
14:47:33.589 @PAO002 GD201801150011
14:47:33.590 @PAO013 007
14:47:33.592 @PPA003 陈林甫
14:47:33.594 @PPA004 喷漆工
14:47:33.595 @PPA005 
14:47:33.597 @PPA006 
14:47:33.599 @PPA007 2018/8/22 8:00:00
14:47:33.601 @PPA008 2018/8/22 17:00:00
14:47:33.602 @PPA009 0.000000
14:47:33.604 @idx 11
14:47:33.605 @PPA002 10093
14:47:33.606 @PPA010 在职
14:47:33.609 @PPA003 张正友
14:47:33.611 @PPA004 喷漆工
14:47:33.612 @PPA005 
14:47:33.614 @PPA006 
14:47:33.615 @PPA007 2018/8/22 8:00:00
14:47:33.617 @PPA008 2018/8/22 17:00:00
14:47:33.618 @PPA009 0.000000
14:47:33.620 @idx 12
14:47:33.621 @PPA002 10094
14:47:33.623 @PPA010 在职
14:47:33.626 @PPA003 王光
14:47:33.627 @PPA004 喷漆工
14:47:33.629 @PPA005 
14:47:33.630 @PPA006 
14:47:33.631 @PPA007 2018/8/22 8:00:00
14:47:33.633 @PPA008 2018/8/22 17:00:00
14:47:33.634 @PPA009 0.000000
14:47:33.635 @idx 13
14:47:33.636 @PPA002 10095
14:47:33.638 @PPA010 在职
14:47:33.641 @PPA003 钱均鹏
14:47:33.642 @PPA004 喷漆工
14:47:33.643 @PPA005 
14:47:33.645 @PPA006 
14:47:33.646 @PPA007 2018/8/22 8:00:00
14:47:33.648 @PPA008 2018/8/22 17:00:00
14:47:33.649 @PPA009 0.000000
14:47:33.651 @idx 14
14:47:33.652 @PPA002 10096
14:47:33.653 @PPA010 在职
14:47:33.656 @PPA003 陆秋云
14:47:33.658 @PPA004 装配工
14:47:33.659 @PPA005 
14:47:33.661 @PPA006 
14:47:33.662 @PPA007 2018/8/22 8:00:00
14:47:33.663 @PPA008 2018/8/22 17:00:00
14:47:33.665 @PPA009 0.000000
14:47:33.666 @idx 15
14:47:33.668 @PPA002 10097
14:47:33.669 @PPA010 在职
14:47:33.673 @PPA003 郁叶琴
14:47:33.674 @PPA004 装配工
14:47:33.675 @PPA005 
14:47:33.677 @PPA006 
14:47:33.678 @PPA007 2018/8/22 8:00:00
14:47:33.679 @PPA008 2018/8/22 17:00:00
14:47:33.681 @PPA009 0.000000
14:47:33.682 @idx 16
14:47:33.684 @PPA002 10098
14:47:33.685 @PPA010 在职
14:47:35.723 @PAN001 20180822001
14:47:35.725 @PAN009 True
14:47:53.742 @PAN001 20180822001
14:47:53.746 @PAN009 False
14:48:18.156  异常信息：远程服务器返回错误: (404) 未找到。
  堆栈信息:   在 AutoUpdate.AppUpdate.DownloadFile(String url, String localFilePath) 位置 D:\ProjectData\MiKe\LineProductMes\LineProductMes\ClassForMain\AppUpdate.cs:行号 243
   在 AutoUpdate.AppUpdate.CheckAppVersion(String& msg) 位置 D:\ProjectData\MiKe\LineProductMes\LineProductMes\ClassForMain\AppUpdate.cs:行号 310
14:48:22.461 @EMP002 系统管理员
14:48:22.463 @EMP033 cebfd1559b68d67688884d7a3d3e8c
14:48:36.633 @PAN002 0503
14:48:36.634 @PAN003 喷涂车间
14:48:36.636 @PAN004 0503
14:48:36.638 @PAN005 喷涂车间
14:48:36.643 @PAN006 2018/8/22 0:00:00
14:48:36.645 @PAN007 
14:48:36.646 @PAN008 
14:48:36.648 @PAN009 False
14:48:36.650 @PAN010 False
14:48:36.651 @PAN001 20180827001
14:48:36.654 @PAO003 202111350
14:48:36.656 @PAO004 TCLMC-3G61142面板-丝印
14:48:36.657 @PAO005 305
14:48:36.659 @PAO006 0.000000
14:48:36.661 @PAO007 PCS
14:48:36.662 @PAO008 四灯三合一
14:48:36.663 @PAO009 21
14:48:36.664 @PAO010 喷涂-组装

14:48:36.665 @PAO011 0.476000
14:48:36.666 @PAO012 300
14:48:36.668 @idx 11
14:48:36.670 @PAO002 GD201606280004
14:48:36.671 @PAO013 002
14:48:36.674 @PAO003 202111350
14:48:36.675 @PAO004 TCLMC-3G61142面板-丝印
14:48:36.677 @PAO005 297
14:48:36.678 @PAO006 0.000000
14:48:36.680 @PAO007 PCS
14:48:36.681 @PAO008 四灯三合一
14:48:36.682 @PAO009 12
14:48:36.683 @PAO010 面板组装
14:48:36.685 @PAO011 0.750000
14:48:36.686 @PAO012 200
14:48:36.687 @idx 5
14:48:36.689 @PAO002 GD201612070039
14:48:36.690 @PAO013 003
14:48:36.693 @PAO003 202111350
14:48:36.694 @PAO004 TCLMC-3G61142面板-丝印
14:48:36.696 @PAO005 300
14:48:36.698 @PAO006 0.000000
14:48:36.699 @PAO007 PCS
14:48:36.701 @PAO008 四灯三合一
14:48:36.702 @PAO009 19
14:48:36.703 @PAO010 打码
14:48:36.705 @PAO011 0.820000
14:48:36.706 @PAO012 300
14:48:36.707 @idx 6
14:48:36.708 @PAO002 GD201612140026
14:48:36.709 @PAO013 004
14:48:36.712 @PAO003 202111350
14:48:36.714 @PAO004 TCLMC-3G61142面板-丝印
14:48:36.716 @PAO005 300
14:48:36.717 @PAO006 0.000000
14:48:36.718 @PAO007 PCS
14:48:36.719 @PAO008 四灯三合一
14:48:36.720 @PAO009 20
14:48:36.721 @PAO010 喷涂-丝印-组装

14:48:36.722 @PAO011 0.160000
14:48:36.723 @PAO012 300
14:48:36.724 @idx 7
14:48:36.725 @PAO002 GD201704270026
14:48:36.726 @PAO013 005
14:48:36.729 @PAO003 202111350
14:48:36.731 @PAO004 TCLMC-3G61142面板-丝印
14:48:36.732 @PAO005 490
14:48:36.734 @PAO006 0.000000
14:48:36.736 @PAO007 PCS
14:48:36.737 @PAO008 四灯三合一
14:48:36.738 @PAO009 24
14:48:36.739 @PAO010 喷涂-打码-丝印

14:48:36.741 @PAO011 1.480000
14:48:36.743 @PAO012 450
14:48:36.744 @idx 8
14:48:36.745 @PAO002 GD201712120028
14:48:36.747 @PAO013 006
14:48:36.749 @PAO003 202111350
14:48:36.751 @PAO004 TCLMC-3G61142面板-丝印
14:48:36.753 @PAO005 20
14:48:36.754 @PAO006 0.000000
14:48:36.755 @PAO007 PCS
14:48:36.756 @PAO008 四灯三合一
14:48:36.758 @PAO009 02
14:48:36.759 @PAO010 喷涂
14:48:36.761 @PAO011 0.260000
14:48:36.762 @PAO012 20
14:48:36.764 @idx 9
14:48:36.765 @PAO002 GD201712180004
14:48:36.766 @PAO013 001
14:48:36.768 @PAO003 202111350
14:48:36.770 @PAO004 TCLMC-3G61142面板-丝印
14:48:36.772 @PAO005 500
14:48:36.774 @PAO006 0.000000
14:48:36.775 @PAO007 PCS
14:48:36.777 @PAO008 四灯三合一
14:48:36.778 @PAO009 25
14:48:36.780 @PAO010 打码-丝印
14:48:36.782 @PAO011 0.270000
14:48:36.783 @PAO012 500
14:48:36.784 @idx 10
14:48:36.785 @PAO002 GD201801150011
14:48:36.787 @PAO013 007
14:48:36.790 @PPA003 陈林甫
14:48:36.792 @PPA004 喷漆工
14:48:36.793 @PPA005 
14:48:36.795 @PPA006 
14:48:36.796 @PPA007 2018/8/22 8:00:00
14:48:36.797 @PPA008 2018/8/22 17:00:00
14:48:36.798 @PPA009 0.000000
14:48:36.800 @idx 11
14:48:36.801 @PPA002 10093
14:48:36.802 @PPA010 在职
14:48:36.805 @PPA003 张正友
14:48:36.807 @PPA004 喷漆工
14:48:36.808 @PPA005 
14:48:36.809 @PPA006 
14:48:36.811 @PPA007 2018/8/22 8:00:00
14:48:36.812 @PPA008 2018/8/22 17:00:00
14:48:36.813 @PPA009 0.000000
14:48:36.814 @idx 12
14:48:36.815 @PPA002 10094
14:48:36.816 @PPA010 在职
14:48:36.819 @PPA003 王光
14:48:36.821 @PPA004 喷漆工
14:48:36.823 @PPA005 
14:48:36.824 @PPA006 
14:48:36.826 @PPA007 2018/8/22 8:00:00
14:48:36.827 @PPA008 2018/8/22 17:00:00
14:48:36.828 @PPA009 0.000000
14:48:36.830 @idx 13
14:48:36.831 @PPA002 10095
14:48:36.833 @PPA010 在职
14:48:36.835 @PPA003 钱均鹏
14:48:36.837 @PPA004 喷漆工
14:48:36.838 @PPA005 
14:48:36.840 @PPA006 
14:48:36.841 @PPA007 2018/8/22 8:00:00
14:48:36.843 @PPA008 2018/8/22 17:00:00
14:48:36.844 @PPA009 0.000000
14:48:36.845 @idx 14
14:48:36.847 @PPA002 10096
14:48:36.848 @PPA010 在职
14:48:36.851 @PPA003 陆秋云
14:48:36.852 @PPA004 装配工
14:48:36.854 @PPA005 
14:48:36.855 @PPA006 
14:48:36.857 @PPA007 2018/8/22 8:00:00
14:48:36.858 @PPA008 2018/8/22 17:00:00
14:48:36.859 @PPA009 0.000000
14:48:36.860 @idx 15
14:48:36.862 @PPA002 10097
14:48:36.863 @PPA010 在职
14:48:36.866 @PPA003 郁叶琴
14:48:36.867 @PPA004 装配工
14:48:36.869 @PPA005 
14:48:36.870 @PPA006 
14:48:36.871 @PPA007 2018/8/22 8:00:00
14:48:36.873 @PPA008 2018/8/22 17:00:00
14:48:36.874 @PPA009 0.000000
14:48:36.875 @idx 16
14:48:36.876 @PPA002 10098
14:48:36.877 @PPA010 在职
14:48:39.064 @PAN001 20180822001
14:48:39.065 @PAN009 True
16:32:47.996  异常信息：远程服务器返回错误: (404) 未找到。
  堆栈信息:   在 AutoUpdate.AppUpdate.DownloadFile(String url, String localFilePath) 位置 D:\ProjectData\MiKe\LineProductMes\LineProductMes\ClassForMain\AppUpdate.cs:行号 243
   在 AutoUpdate.AppUpdate.CheckAppVersion(String& msg) 位置 D:\ProjectData\MiKe\LineProductMes\LineProductMes\ClassForMain\AppUpdate.cs:行号 310
16:33:23.565 @EMP002 系统管理员
16:33:23.567 @EMP033 cebfd1559b68d67688884d7a3d3e8c
16:35:01.167  异常信息：远程服务器返回错误: (404) 未找到。
  堆栈信息:   在 AutoUpdate.AppUpdate.DownloadFile(String url, String localFilePath) 位置 D:\ProjectData\MiKe\LineProductMes\LineProductMes\ClassForMain\AppUpdate.cs:行号 243
   在 AutoUpdate.AppUpdate.CheckAppVersion(String& msg) 位置 D:\ProjectData\MiKe\LineProductMes\LineProductMes\ClassForMain\AppUpdate.cs:行号 310
16:35:07.021 @EMP002 系统管理员
16:35:07.023 @EMP033 cebfd1559b68d67688884d7a3d3e8c
16:45:52.413  异常信息：远程服务器返回错误: (404) 未找到。
  堆栈信息:   在 AutoUpdate.AppUpdate.DownloadFile(String url, String localFilePath) 位置 D:\ProjectData\MiKe\LineProductMes\LineProductMes\ClassForMain\AppUpdate.cs:行号 243
   在 AutoUpdate.AppUpdate.CheckAppVersion(String& msg) 位置 D:\ProjectData\MiKe\LineProductMes\LineProductMes\ClassForMain\AppUpdate.cs:行号 310
16:46:11.991 @EMP002 系统管理员
16:46:11.992 @EMP033 cebfd1559b68d67688884d7a3d3e8c
17:05:05.803  异常信息：远程服务器返回错误: (404) 未找到。
  堆栈信息:   在 AutoUpdate.AppUpdate.DownloadFile(String url, String localFilePath) 位置 D:\ProjectData\MiKe\LineProductMes\LineProductMes\ClassForMain\AppUpdate.cs:行号 243
   在 AutoUpdate.AppUpdate.CheckAppVersion(String& msg) 位置 D:\ProjectData\MiKe\LineProductMes\LineProductMes\ClassForMain\AppUpdate.cs:行号 310
17:05:10.656 @EMP002 系统管理员
17:05:10.657 @EMP033 cebfd1559b68d67688884d7a3d3e8c
17:07:02.823  异常信息：远程服务器返回错误: (404) 未找到。
  堆栈信息:   在 AutoUpdate.AppUpdate.DownloadFile(String url, String localFilePath) 位置 D:\ProjectData\MiKe\LineProductMes\LineProductMes\ClassForMain\AppUpdate.cs:行号 243
   在 AutoUpdate.AppUpdate.CheckAppVersion(String& msg) 位置 D:\ProjectData\MiKe\LineProductMes\LineProductMes\ClassForMain\AppUpdate.cs:行号 310
17:07:14.637 @EMP002 系统管理员
17:07:14.638 @EMP033 cebfd1559b68d67688884d7a3d3e8c
17:08:49.713  异常信息：远程服务器返回错误: (404) 未找到。
  堆栈信息:   在 AutoUpdate.AppUpdate.DownloadFile(String url, String localFilePath) 位置 D:\ProjectData\MiKe\LineProductMes\LineProductMes\ClassForMain\AppUpdate.cs:行号 243
   在 AutoUpdate.AppUpdate.CheckAppVersion(String& msg) 位置 D:\ProjectData\MiKe\LineProductMes\LineProductMes\ClassForMain\AppUpdate.cs:行号 310
17:08:54.723 @EMP002 系统管理员
17:08:54.724 @EMP033 cebfd1559b68d67688884d7a3d3e8c
17:15:05.272  异常信息：远程服务器返回错误: (404) 未找到。
  堆栈信息:   在 AutoUpdate.AppUpdate.DownloadFile(String url, String localFilePath) 位置 D:\ProjectData\MiKe\LineProductMes\LineProductMes\ClassForMain\AppUpdate.cs:行号 243
   在 AutoUpdate.AppUpdate.CheckAppVersion(String& msg) 位置 D:\ProjectData\MiKe\LineProductMes\LineProductMes\ClassForMain\AppUpdate.cs:行号 310
17:15:11.747 @EMP002 系统管理员
17:15:11.749 @EMP033 cebfd1559b68d67688884d7a3d3e8c
17:18:04.115 @idx 7
17:18:04.117 @BOS002 3
17:18:04.119 @BOS003 1
17:18:04.120 @BOS004 20
17:18:04.122 @BOS005 2018/8/26 0:00:00
17:18:04.127 @idx 5
17:18:04.129 @BOS002 3
17:18:04.130 @BOS003 1
17:18:04.132 @BOS004 5
17:18:04.134 @BOS005 2018/8/26 0:00:00
17:18:04.138 @idx 4
17:18:04.139 @BOS002 3
17:18:04.141 @BOS003 1
17:18:04.142 @BOS004 5
17:18:04.143 @BOS005 2018/8/26 0:00:00
17:18:04.145 @idx 6
17:18:04.147 @BOS002 3
17:18:04.148 @BOS003 1
17:18:04.149 @BOS004 5
17:18:04.151 @BOS005 2018/8/26 0:00:00
17:18:04.153 @idx 2
17:18:04.154 @BOS002 3
17:18:04.156 @BOS003 1
17:18:04.157 @BOS004 5
17:18:04.158 @BOS005 2018/8/26 0:00:00
17:18:04.160 @idx 1
17:18:04.162 @BOS002 3
17:18:04.163 @BOS003 1
17:18:04.164 @BOS004 20
17:18:04.166 @BOS005 2018/8/26 0:00:00
17:18:04.168 @idx 3
17:18:04.170 @BOS002 3
17:18:04.171 @BOS003 1
17:18:04.172 @BOS004 5
17:18:04.173 @BOS005 2018/8/26 0:00:00
17:18:12.978 @idx 7
17:18:12.980 @BOS002 3
17:18:12.982 @BOS003 1
17:18:12.983 @BOS004 20
17:18:12.984 @BOS005 2018/8/26 0:00:00
17:18:12.988 @idx 4
17:18:12.990 @BOS002 3
17:18:12.991 @BOS003 1
17:18:12.993 @BOS004 5
17:18:12.994 @BOS005 2018/8/26 0:00:00
17:18:12.997 @idx 2
17:18:12.998 @BOS002 3
17:18:12.999 @BOS003 1
17:18:13.000 @BOS004 5
17:18:13.002 @BOS005 2018/8/26 0:00:00
17:18:13.004 @idx 5
17:18:13.005 @BOS002 3
17:18:13.007 @BOS003 1
17:18:13.008 @BOS004 5
17:18:13.009 @BOS005 2018/8/26 0:00:00
17:18:13.011 @idx 8
17:18:13.013 @BOS002 3
17:18:13.014 @BOS003 1
17:18:13.015 @BOS004 20
17:18:13.016 @BOS005 2018/8/27 0:00:00
17:18:13.019 @idx 6
17:18:13.020 @BOS002 3
17:18:13.021 @BOS003 1
17:18:13.023 @BOS004 5
17:18:13.024 @BOS005 2018/8/26 0:00:00
17:18:13.027 @idx 3
17:18:13.028 @BOS002 3
17:18:13.029 @BOS003 1
17:18:13.031 @BOS004 5
17:18:13.032 @BOS005 2018/8/26 0:00:00
17:18:13.034 @idx 1
17:18:13.035 @BOS002 3
17:18:13.037 @BOS003 1
17:18:13.038 @BOS004 20
17:18:13.039 @BOS005 2018/8/26 0:00:00
17:26:34.432  异常信息：远程服务器返回错误: (404) 未找到。
  堆栈信息:   在 AutoUpdate.AppUpdate.DownloadFile(String url, String localFilePath) 位置 D:\ProjectData\MiKe\LineProductMes\LineProductMes\ClassForMain\AppUpdate.cs:行号 243
   在 AutoUpdate.AppUpdate.CheckAppVersion(String& msg) 位置 D:\ProjectData\MiKe\LineProductMes\LineProductMes\ClassForMain\AppUpdate.cs:行号 310
17:26:39.720 @EMP002 系统管理员
17:26:39.722 @EMP033 cebfd1559b68d67688884d7a3d3e8c
