09:38:09.805  异常信息：远程服务器返回错误: (404) 未找到。
  堆栈信息:   在 AutoUpdate.AppUpdate.DownloadFile(String url, String localFilePath) 位置 D:\ProjectData\MiKe\LineProductMes\LineProductMes\ClassForMain\AppUpdate.cs:行号 243
   在 AutoUpdate.AppUpdate.CheckAppVersion(String& msg) 位置 D:\ProjectData\MiKe\LineProductMes\LineProductMes\ClassForMain\AppUpdate.cs:行号 310
09:38:15.768 @EMP002 系统管理员
09:38:15.769 @EMP033 cebfd1559b68d67688884d7a3d3e8c
09:38:55.825  异常信息：远程服务器返回错误: (404) 未找到。
  堆栈信息:   在 AutoUpdate.AppUpdate.DownloadFile(String url, String localFilePath) 位置 D:\ProjectData\MiKe\LineProductMes\LineProductMes\ClassForMain\AppUpdate.cs:行号 243
   在 AutoUpdate.AppUpdate.CheckAppVersion(String& msg) 位置 D:\ProjectData\MiKe\LineProductMes\LineProductMes\ClassForMain\AppUpdate.cs:行号 310
09:39:04.483 @EMP002 系统管理员
09:39:04.485 @EMP033 cebfd1559b68d67688884d7a3d3e8c
09:39:35.741 @ANW001 20180820001
09:39:35.743 @ANW020 True
09:41:57.545 @ANW001 20180829001
09:41:57.546 @ANW002 GD201709160011
09:41:57.548 @ANW003 TCLNS-11Y3B20-T
09:41:57.549 @ANW004 TCL两灯三合一浴霸/灯暖+照明+换气
09:41:57.550 @ANW005 630W
09:41:57.551 @ANW006 1000
09:41:57.553 @ANW007 台
09:41:57.554 @ANW008 2
09:41:57.555 @ANW009 500
09:41:57.556 @ANW010 0507
09:41:57.558 @ANW011 总装车间
09:41:57.559 @ANW012 050701
09:41:57.560 @ANW013 1线
09:41:57.561 @ANW014 计件
09:41:57.563 @ANW015 2018/8/29 8:00:00
09:41:57.564 @ANW016 2018/8/29 17:00:00
09:41:57.565 @ANW017 
09:41:57.566 @ANW018 
09:41:57.567 @ANW019 
09:41:57.569 @ANW020 True
09:41:57.570 @ANW021 False
09:41:57.571 @ANW022 2018/8/29 0:00:00
09:41:57.577 @ANX001 20180829001
09:41:57.579 @ANX002 10139
09:41:57.580 @ANX003 张龙
09:41:57.581 @ANX004 一线组长
09:41:57.583 @ANX005 2018/8/29 8:00:00
09:41:57.585 @ANX006 2018/8/29 17:00:00
09:41:57.586 @ANX007 
09:41:57.588 @ANX008 
09:41:57.589 @ANX009 0
09:41:57.591 @ANX010 12
09:41:57.593 @ANX011 在职
09:41:57.594 @ANX012 
09:41:57.596 @ANX013 
09:41:57.601 @ANX001 20180829001
09:41:57.603 @ANX002 10140
09:41:57.604 @ANX003 刘兴贵
09:41:57.605 @ANX004 装配工
09:41:57.606 @ANX005 2018/8/29 8:00:00
09:41:57.607 @ANX006 2018/8/29 17:00:00
09:41:57.609 @ANX007 
09:41:57.610 @ANX008 
09:41:57.611 @ANX009 0
09:41:57.612 @ANX010 12
09:41:57.614 @ANX011 在职
09:41:57.615 @ANX012 
09:41:57.616 @ANX013 
09:41:57.619 @ANX001 20180829001
09:41:57.621 @ANX002 10141
09:41:57.622 @ANX003 王振宇
09:41:57.624 @ANX004 装配工
09:41:57.625 @ANX005 2018/8/29 8:00:00
09:41:57.627 @ANX006 2018/8/29 17:00:00
09:41:57.628 @ANX007 
09:41:57.630 @ANX008 
09:41:57.631 @ANX009 0
09:41:57.633 @ANX010 0
09:41:57.634 @ANX011 在职
09:41:57.638 @ANX012 
09:41:57.639 @ANX013 
09:41:57.643 @ANX001 20180829001
09:41:57.645 @ANX002 10142
09:41:57.647 @ANX003 钟成菊
09:41:57.648 @ANX004 装配工
09:41:57.649 @ANX005 2018/8/29 8:00:00
09:41:57.651 @ANX006 2018/8/29 17:00:00
09:41:57.652 @ANX007 
09:41:57.654 @ANX008 
09:41:57.655 @ANX009 0
09:41:57.657 @ANX010 0
09:41:57.659 @ANX011 在职
09:41:57.660 @ANX012 
09:41:57.662 @ANX013 
09:41:57.665 @ANX001 20180829001
09:41:57.666 @ANX002 10143
09:41:57.667 @ANX003 赵成鹏
09:41:57.669 @ANX004 装配工
09:41:57.671 @ANX005 2018/8/29 8:00:00
09:41:57.672 @ANX006 2018/8/29 17:00:00
09:41:57.674 @ANX007 
09:41:57.676 @ANX008 
09:41:57.677 @ANX009 0
09:41:57.679 @ANX010 0
09:41:57.680 @ANX011 在职
09:41:57.681 @ANX012 
09:41:57.682 @ANX013 
09:41:57.685 @ANX001 20180829001
09:41:57.687 @ANX002 10144
09:41:57.688 @ANX003 何万华
09:41:57.690 @ANX004 装配工
09:41:57.691 @ANX005 2018/8/29 8:00:00
09:41:57.693 @ANX006 2018/8/29 17:00:00
09:41:57.694 @ANX007 
09:41:57.696 @ANX008 
09:41:57.697 @ANX009 0
09:41:57.699 @ANX010 0
09:41:57.700 @ANX011 在职
09:41:57.702 @ANX012 
09:41:57.703 @ANX013 
09:41:57.705 @ANX001 20180829001
09:41:57.707 @ANX002 10145
09:41:57.709 @ANX003 严云芹
09:41:57.710 @ANX004 装配工
09:41:57.712 @ANX005 2018/8/29 8:00:00
09:41:57.713 @ANX006 2018/8/29 17:00:00
09:41:57.715 @ANX007 
09:41:57.716 @ANX008 
09:41:57.718 @ANX009 0
09:41:57.719 @ANX010 0
09:41:57.721 @ANX011 在职
09:41:57.722 @ANX012 
09:41:57.724 @ANX013 
09:41:57.726 @ANX001 20180829001
09:41:57.728 @ANX002 10146
09:41:57.730 @ANX003 马小千
09:41:57.731 @ANX004 装配工
09:41:57.733 @ANX005 2018/8/29 8:00:00
09:41:57.734 @ANX006 2018/8/29 17:00:00
09:41:57.736 @ANX007 
09:41:57.737 @ANX008 
09:41:57.739 @ANX009 0
09:41:57.741 @ANX010 0
09:41:57.742 @ANX011 在职
09:41:57.743 @ANX012 
09:41:57.745 @ANX013 
09:41:57.748 @ANX001 20180829001
09:41:57.750 @ANX002 10147
09:41:57.751 @ANX003 周顺
09:41:57.753 @ANX004 装配工
09:41:57.756 @ANX005 2018/8/29 8:00:00
09:41:57.757 @ANX006 2018/8/29 17:00:00
09:41:57.759 @ANX007 
09:41:57.760 @ANX008 
09:41:57.761 @ANX009 0
09:41:57.763 @ANX010 0
09:41:57.764 @ANX011 在职
09:41:57.766 @ANX012 
09:41:57.767 @ANX013 
09:41:57.770 @ANX001 20180829001
09:41:57.771 @ANX002 10148
09:41:57.773 @ANX003 龙付咪
09:41:57.774 @ANX004 装配工
09:41:57.776 @ANX005 2018/8/29 8:00:00
09:41:57.777 @ANX006 2018/8/29 17:00:00
09:41:57.778 @ANX007 
09:41:57.779 @ANX008 
09:41:57.781 @ANX009 0
09:41:57.782 @ANX010 0
09:41:57.784 @ANX011 在职
09:41:57.786 @ANX012 
09:41:57.787 @ANX013 
09:41:57.789 @ANX001 20180829001
09:41:57.791 @ANX002 10149
09:41:57.792 @ANX003 郭昭芬
09:41:57.794 @ANX004 装配工
09:41:57.795 @ANX005 2018/8/29 8:00:00
09:41:57.796 @ANX006 2018/8/29 17:00:00
09:41:57.797 @ANX007 
09:41:57.799 @ANX008 
09:41:57.800 @ANX009 0
09:41:57.802 @ANX010 0
09:41:57.803 @ANX011 在职
09:41:57.805 @ANX012 
09:41:57.806 @ANX013 
09:41:57.809 @ANX001 20180829001
09:41:57.811 @ANX002 10150
09:41:57.812 @ANX003 刘高发
09:41:57.814 @ANX004 装配工
09:41:57.816 @ANX005 2018/8/29 8:00:00
09:41:57.818 @ANX006 2018/8/29 17:00:00
09:41:57.819 @ANX007 
09:41:57.821 @ANX008 
09:41:57.823 @ANX009 0
09:41:57.825 @ANX010 0
09:41:57.826 @ANX011 在职
09:41:57.828 @ANX012 
09:41:57.830 @ANX013 
09:41:57.833 @ANX001 20180829001
09:41:57.834 @ANX002 10151
09:41:57.836 @ANX003 吴张英
09:41:57.838 @ANX004 装配工
09:41:57.840 @ANX005 2018/8/29 8:00:00
09:41:57.841 @ANX006 2018/8/29 17:00:00
09:41:57.843 @ANX007 
09:41:57.845 @ANX008 
09:41:57.846 @ANX009 0
09:41:57.848 @ANX010 0
09:41:57.849 @ANX011 在职
09:41:57.851 @ANX012 
09:41:57.852 @ANX013 
09:41:57.856 @ANX001 20180829001
09:41:57.857 @ANX002 10152
09:41:57.858 @ANX003 杨犁
09:41:57.859 @ANX004 装配工
09:41:57.861 @ANX005 2018/8/29 8:00:00
09:41:57.863 @ANX006 2018/8/29 17:00:00
09:41:57.865 @ANX007 
09:41:57.866 @ANX008 
09:41:57.868 @ANX009 0
09:41:57.870 @ANX010 0
09:41:57.872 @ANX011 在职
09:41:57.873 @ANX012 
09:41:57.875 @ANX013 
09:41:57.879 @ANX001 20180829001
09:41:57.881 @ANX002 10153
09:41:57.883 @ANX003 熊洪才
09:41:57.885 @ANX004 装配工
09:41:57.886 @ANX005 2018/8/29 8:00:00
09:41:57.888 @ANX006 2018/8/29 17:00:00
09:41:57.889 @ANX007 
09:41:57.890 @ANX008 
09:41:57.891 @ANX009 0
09:41:57.893 @ANX010 0
09:41:57.895 @ANX011 在职
09:41:57.896 @ANX012 
09:41:57.898 @ANX013 
09:41:57.901 @ANX001 20180829001
09:41:57.902 @ANX002 10154
09:41:57.904 @ANX003 代开容
09:41:57.905 @ANX004 装配工
09:41:57.907 @ANX005 2018/8/29 8:00:00
09:41:57.908 @ANX006 2018/8/29 17:00:00
09:41:57.910 @ANX007 
09:41:57.912 @ANX008 
09:41:57.913 @ANX009 0
09:41:57.915 @ANX010 0
09:41:57.916 @ANX011 在职
09:41:57.918 @ANX012 
09:41:57.920 @ANX013 
09:41:57.922 @ANX001 20180829001
09:41:57.924 @ANX002 10155
09:41:57.926 @ANX003 尹宗丹
09:41:57.927 @ANX004 装配工
09:41:57.928 @ANX005 2018/8/29 8:00:00
09:41:57.930 @ANX006 2018/8/29 17:00:00
09:41:57.931 @ANX007 
09:41:57.933 @ANX008 
09:41:57.934 @ANX009 0
09:41:57.936 @ANX010 0
09:41:57.937 @ANX011 在职
09:41:57.939 @ANX012 
09:41:57.940 @ANX013 
09:41:57.943 @ANX001 20180829001
09:41:57.944 @ANX002 10156
09:41:57.946 @ANX003 朱正高
09:41:57.947 @ANX004 装配工
09:41:57.949 @ANX005 2018/8/29 8:00:00
09:41:57.950 @ANX006 2018/8/29 17:00:00
09:41:57.952 @ANX007 
09:41:57.953 @ANX008 
09:41:57.954 @ANX009 0
09:41:57.956 @ANX010 0
09:41:57.958 @ANX011 在职
09:41:57.959 @ANX012 
09:41:57.960 @ANX013 
09:41:57.963 @ANX001 20180829001
09:41:57.964 @ANX002 10157
09:41:57.966 @ANX003 卿廷群
09:41:57.967 @ANX004 装配工
09:41:57.968 @ANX005 2018/8/29 8:00:00
09:41:57.970 @ANX006 2018/8/29 17:00:00
09:41:57.971 @ANX007 
09:41:57.972 @ANX008 
09:41:57.974 @ANX009 0
09:41:57.976 @ANX010 0
09:41:57.977 @ANX011 在职
09:41:57.978 @ANX012 
09:41:57.980 @ANX013 
09:41:57.982 @ANX001 20180829001
09:41:57.984 @ANX002 10158
09:41:57.986 @ANX003 邹修丽
09:41:57.987 @ANX004 装配工
09:41:57.988 @ANX005 2018/8/29 8:00:00
09:41:57.990 @ANX006 2018/8/29 17:00:00
09:41:57.991 @ANX007 
09:41:57.993 @ANX008 
09:41:57.994 @ANX009 0
09:41:57.996 @ANX010 0
09:41:57.997 @ANX011 在职
09:41:57.999 @ANX012 
09:41:58.000 @ANX013 
09:41:58.002 @ANX001 20180829001
09:41:58.004 @ANX002 10159
09:41:58.006 @ANX003 徐永洪
09:41:58.007 @ANX004 装配工
09:41:58.008 @ANX005 2018/8/29 8:00:00
09:41:58.009 @ANX006 2018/8/29 17:00:00
09:41:58.010 @ANX007 
09:41:58.012 @ANX008 
09:41:58.013 @ANX009 0
09:41:58.014 @ANX010 0
09:41:58.016 @ANX011 在职
09:41:58.017 @ANX012 
09:41:58.018 @ANX013 
09:41:58.021 @ANX001 20180829001
09:41:58.022 @ANX002 10160
09:41:58.024 @ANX003 刘仁燕
09:41:58.025 @ANX004 装配工
09:41:58.027 @ANX005 2018/8/29 8:00:00
09:41:58.028 @ANX006 2018/8/29 17:00:00
09:41:58.029 @ANX007 
09:41:58.030 @ANX008 
09:41:58.032 @ANX009 0
09:41:58.033 @ANX010 0
09:41:58.034 @ANX011 在职
09:41:58.036 @ANX012 
09:41:58.038 @ANX013 
09:41:58.041 @ANX001 20180829001
09:41:58.042 @ANX002 10161
09:41:58.044 @ANX003 陈万珍
09:41:58.045 @ANX004 装配工
09:41:58.047 @ANX005 2018/8/29 8:00:00
09:41:58.049 @ANX006 2018/8/29 17:00:00
09:41:58.050 @ANX007 
09:41:58.051 @ANX008 
09:41:58.052 @ANX009 0
09:41:58.054 @ANX010 0
09:41:58.056 @ANX011 在职
09:41:58.057 @ANX012 
09:41:58.058 @ANX013 
09:41:58.060 @ANX001 20180829001
09:41:58.062 @ANX002 10162
09:41:58.063 @ANX003 李义承
09:41:58.065 @ANX004 装配工
09:41:58.066 @ANX005 2018/8/29 8:00:00
09:41:58.068 @ANX006 2018/8/29 17:00:00
09:41:58.069 @ANX007 
09:41:58.071 @ANX008 
09:41:58.072 @ANX009 0
09:41:58.074 @ANX010 0
09:41:58.075 @ANX011 在职
09:41:58.077 @ANX012 
09:41:58.079 @ANX013 
09:41:58.081 @ANX001 20180829001
09:41:58.083 @ANX002 10163
09:41:58.085 @ANX003 张义兵
09:41:58.086 @ANX004 装配工
09:41:58.087 @ANX005 2018/8/29 8:00:00
09:41:58.089 @ANX006 2018/8/29 17:00:00
09:41:58.090 @ANX007 
09:41:58.091 @ANX008 
09:41:58.093 @ANX009 0
09:41:58.094 @ANX010 0
09:41:58.095 @ANX011 在职
09:41:58.097 @ANX012 
09:41:58.098 @ANX013 
09:41:58.101 @ANX001 20180829001
09:41:58.102 @ANX002 10164
09:41:58.104 @ANX003 韩会萍
09:41:58.105 @ANX004 装配工
09:41:58.106 @ANX005 2018/8/29 8:00:00
09:41:58.108 @ANX006 2018/8/29 17:00:00
09:41:58.109 @ANX007 
09:41:58.110 @ANX008 
09:41:58.111 @ANX009 0
09:41:58.113 @ANX010 0
09:41:58.114 @ANX011 在职
09:41:58.116 @ANX012 
09:41:58.117 @ANX013 
09:41:58.120 @ANX001 20180829001
09:41:58.121 @ANX002 10165
09:41:58.122 @ANX003 国明秀
09:41:58.124 @ANX004 装配工
09:41:58.125 @ANX005 2018/8/29 8:00:00
09:41:58.127 @ANX006 2018/8/29 17:00:00
09:41:58.128 @ANX007 
09:41:58.130 @ANX008 
09:41:58.131 @ANX009 0
09:41:58.132 @ANX010 0
09:41:58.134 @ANX011 在职
09:41:58.135 @ANX012 
09:41:58.136 @ANX013 
09:42:08.107 @ANW001 20180829001
09:42:08.108 @ANW020 False
09:42:10.507 @ANW002 GD201709160011
09:42:10.509 @ANW003 TCLNS-11Y3B20-T
09:42:10.510 @ANW004 TCL两灯三合一浴霸/灯暖+照明+换气
09:42:10.511 @ANW005 630W
09:42:10.512 @ANW006 1000
09:42:10.513 @ANW007 台
09:42:10.514 @ANW008 2.000000
09:42:10.516 @ANW009 500
09:42:10.517 @ANW010 0507
09:42:10.518 @ANW011 总装车间
09:42:10.519 @ANW012 050701
09:42:10.520 @ANW013 1线
09:42:10.521 @ANW014 计件
09:42:10.523 @ANW015 2018/8/29 8:00:00
09:42:10.524 @ANW016 2018/8/29 17:00:00
09:42:10.525 @ANW017 
09:42:10.526 @ANW018 
09:42:10.527 @ANW019 
09:42:10.528 @ANW020 False
09:42:10.529 @ANW021 False
09:42:10.531 @ANW001 20180829001
09:42:10.537 @ANX003 张龙
09:42:10.538 @ANX004 一线组长
09:42:10.539 @ANX005 2018/8/29 8:00:00
09:42:10.541 @ANX006 2018/8/29 17:00:00
09:42:10.542 @ANX007 
09:42:10.543 @ANX008 
09:42:10.544 @ANX009 0
09:42:10.545 @ANX010 12
09:42:10.546 @ANX011 在职
09:42:10.548 @ANX012 
09:42:10.549 @idx 148
09:42:10.550 @ANX002 10139
09:42:10.551 @ANX013 
09:42:10.558 @ANX003 刘兴贵
09:42:10.560 @ANX004 装配工
09:42:10.561 @ANX005 2018/8/29 8:00:00
09:42:10.562 @ANX006 2018/8/29 17:00:00
09:42:10.564 @ANX007 
09:42:10.565 @ANX008 
09:42:10.566 @ANX009 0
09:42:10.568 @ANX010 12
09:42:10.569 @ANX011 在职
09:42:10.570 @ANX012 
09:42:10.571 @idx 149
09:42:10.572 @ANX002 10140
09:42:10.573 @ANX013 
09:42:10.576 @ANX003 王振宇
09:42:10.577 @ANX004 装配工
09:42:10.579 @ANX005 2018/8/29 8:00:00
09:42:10.580 @ANX006 2018/8/29 17:00:00
09:42:10.581 @ANX007 
09:42:10.582 @ANX008 
09:42:10.583 @ANX009 0
09:42:10.585 @ANX010 0
09:42:10.586 @ANX011 在职
09:42:10.587 @ANX012 
09:42:10.588 @idx 150
09:42:10.590 @ANX002 10141
09:42:10.591 @ANX013 
09:42:10.598 @ANX003 钟成菊
09:42:10.600 @ANX004 装配工
09:42:10.601 @ANX005 2018/8/29 8:00:00
09:42:10.603 @ANX006 2018/8/29 17:00:00
09:42:10.604 @ANX007 
09:42:10.606 @ANX008 
09:42:10.607 @ANX009 0
09:42:10.608 @ANX010 0
09:42:10.610 @ANX011 在职
09:42:10.611 @ANX012 
09:42:10.612 @idx 151
09:42:10.613 @ANX002 10142
09:42:10.614 @ANX013 
09:42:10.617 @ANX003 赵成鹏
09:42:10.619 @ANX004 装配工
09:42:10.625 @ANX005 2018/8/29 8:00:00
09:42:10.627 @ANX006 2018/8/29 17:00:00
09:42:10.629 @ANX007 
09:42:10.630 @ANX008 
09:42:10.631 @ANX009 0
09:42:10.632 @ANX010 0
09:42:10.634 @ANX011 在职
09:42:10.635 @ANX012 
09:42:10.637 @idx 152
09:42:10.638 @ANX002 10143
09:42:10.640 @ANX013 
09:42:10.643 @ANX003 何万华
09:42:10.645 @ANX004 装配工
09:42:10.646 @ANX005 2018/8/29 8:00:00
09:42:10.648 @ANX006 2018/8/29 17:00:00
09:42:10.649 @ANX007 
09:42:10.650 @ANX008 
09:42:10.652 @ANX009 0
09:42:10.653 @ANX010 0
09:42:10.655 @ANX011 在职
09:42:10.656 @ANX012 
09:42:10.658 @idx 153
09:42:10.659 @ANX002 10144
09:42:10.661 @ANX013 
09:42:10.663 @ANX003 严云芹
09:42:10.665 @ANX004 装配工
09:42:10.667 @ANX005 2018/8/29 8:00:00
09:42:10.668 @ANX006 2018/8/29 17:00:00
09:42:10.670 @ANX007 
09:42:10.671 @ANX008 
09:42:10.672 @ANX009 0
09:42:10.673 @ANX010 0
09:42:10.674 @ANX011 在职
09:42:10.676 @ANX012 
09:42:10.677 @idx 154
09:42:10.679 @ANX002 10145
09:42:10.680 @ANX013 
09:42:10.683 @ANX003 马小千
09:42:10.685 @ANX004 装配工
09:42:10.686 @ANX005 2018/8/29 8:00:00
09:42:10.688 @ANX006 2018/8/29 17:00:00
09:42:10.689 @ANX007 
09:42:10.690 @ANX008 
09:42:10.692 @ANX009 0
09:42:10.694 @ANX010 0
09:42:10.696 @ANX011 在职
09:42:10.697 @ANX012 
09:42:10.699 @idx 155
09:42:10.701 @ANX002 10146
09:42:10.702 @ANX013 
09:42:10.705 @ANX003 周顺
09:42:10.707 @ANX004 装配工
09:42:10.709 @ANX005 2018/8/29 8:00:00
09:42:10.710 @ANX006 2018/8/29 17:00:00
09:42:10.712 @ANX007 
09:42:10.713 @ANX008 
09:42:10.714 @ANX009 0
09:42:10.716 @ANX010 0
09:42:10.718 @ANX011 在职
09:42:10.719 @ANX012 
09:42:10.720 @idx 156
09:42:10.721 @ANX002 10147
09:42:10.723 @ANX013 
09:42:10.726 @ANX003 龙付咪
09:42:10.728 @ANX004 装配工
09:42:10.729 @ANX005 2018/8/29 8:00:00
09:42:10.731 @ANX006 2018/8/29 17:00:00
09:42:10.732 @ANX007 
09:42:10.734 @ANX008 
09:42:10.735 @ANX009 0
09:42:10.737 @ANX010 0
09:42:10.738 @ANX011 在职
09:42:10.740 @ANX012 
09:42:10.741 @idx 157
09:42:10.743 @ANX002 10148
09:42:10.745 @ANX013 
09:42:10.748 @ANX003 郭昭芬
09:42:10.750 @ANX004 装配工
09:42:10.752 @ANX005 2018/8/29 8:00:00
09:42:10.754 @ANX006 2018/8/29 17:00:00
09:42:10.755 @ANX007 
09:42:10.756 @ANX008 
09:42:10.758 @ANX009 0
09:42:10.759 @ANX010 0
09:42:10.760 @ANX011 在职
09:42:10.761 @ANX012 
09:42:10.763 @idx 158
09:42:10.764 @ANX002 10149
09:42:10.766 @ANX013 
09:42:10.769 @ANX003 刘高发
09:42:10.770 @ANX004 装配工
09:42:10.771 @ANX005 2018/8/29 8:00:00
09:42:10.773 @ANX006 2018/8/29 17:00:00
09:42:10.774 @ANX007 
09:42:10.775 @ANX008 
09:42:10.776 @ANX009 0
09:42:10.778 @ANX010 0
09:42:10.779 @ANX011 在职
09:42:10.781 @ANX012 
09:42:10.782 @idx 159
09:42:10.783 @ANX002 10150
09:42:10.785 @ANX013 
09:42:10.787 @ANX003 吴张英
09:42:10.789 @ANX004 装配工
09:42:10.790 @ANX005 2018/8/29 8:00:00
09:42:10.792 @ANX006 2018/8/29 17:00:00
09:42:10.793 @ANX007 
09:42:10.795 @ANX008 
09:42:10.797 @ANX009 0
09:42:10.798 @ANX010 0
09:42:10.799 @ANX011 在职
09:42:10.801 @ANX012 
09:42:10.802 @idx 160
09:42:10.803 @ANX002 10151
09:42:10.805 @ANX013 
09:42:10.807 @ANX003 杨犁
09:42:10.808 @ANX004 装配工
09:42:10.810 @ANX005 2018/8/29 8:00:00
09:42:10.811 @ANX006 2018/8/29 17:00:00
09:42:10.812 @ANX007 
09:42:10.813 @ANX008 
09:42:10.815 @ANX009 0
09:42:10.816 @ANX010 0
09:42:10.817 @ANX011 在职
09:42:10.819 @ANX012 
09:42:10.820 @idx 161
09:42:10.821 @ANX002 10152
09:42:10.822 @ANX013 
09:42:10.824 @ANX003 熊洪才
09:42:10.826 @ANX004 装配工
09:42:10.827 @ANX005 2018/8/29 8:00:00
09:42:10.829 @ANX006 2018/8/29 17:00:00
09:42:10.830 @ANX007 
09:42:10.831 @ANX008 
09:42:10.832 @ANX009 0
09:42:10.833 @ANX010 0
09:42:10.835 @ANX011 在职
09:42:10.836 @ANX012 
09:42:10.837 @idx 162
09:42:10.838 @ANX002 10153
09:42:10.839 @ANX013 
09:42:10.842 @ANX003 代开容
09:42:10.843 @ANX004 装配工
09:42:10.845 @ANX005 2018/8/29 8:00:00
09:42:10.846 @ANX006 2018/8/29 17:00:00
09:42:10.847 @ANX007 
09:42:10.848 @ANX008 
09:42:10.849 @ANX009 0
09:42:10.850 @ANX010 0
09:42:10.852 @ANX011 在职
09:42:10.853 @ANX012 
09:42:10.855 @idx 163
09:42:10.856 @ANX002 10154
09:42:10.857 @ANX013 
09:42:10.860 @ANX003 尹宗丹
09:42:10.861 @ANX004 装配工
09:42:10.862 @ANX005 2018/8/29 8:00:00
09:42:10.863 @ANX006 2018/8/29 17:00:00
09:42:10.865 @ANX007 
09:42:10.866 @ANX008 
09:42:10.867 @ANX009 0
09:42:10.868 @ANX010 0
09:42:10.869 @ANX011 在职
09:42:10.871 @ANX012 
09:42:10.872 @idx 164
09:42:10.874 @ANX002 10155
09:42:10.875 @ANX013 
09:42:10.878 @ANX003 朱正高
09:42:10.880 @ANX004 装配工
09:42:10.881 @ANX005 2018/8/29 8:00:00
09:42:10.883 @ANX006 2018/8/29 17:00:00
09:42:10.884 @ANX007 
09:42:10.885 @ANX008 
09:42:10.886 @ANX009 0
09:42:10.887 @ANX010 0
09:42:10.889 @ANX011 在职
09:42:10.890 @ANX012 
09:42:10.891 @idx 165
09:42:10.893 @ANX002 10156
09:42:10.894 @ANX013 
09:42:10.896 @ANX003 卿廷群
09:42:10.898 @ANX004 装配工
09:42:10.899 @ANX005 2018/8/29 8:00:00
09:42:10.900 @ANX006 2018/8/29 17:00:00
09:42:10.901 @ANX007 
09:42:10.902 @ANX008 
09:42:10.904 @ANX009 0
09:42:10.905 @ANX010 0
09:42:10.906 @ANX011 在职
09:42:10.907 @ANX012 
09:42:10.909 @idx 166
09:42:10.910 @ANX002 10157
09:42:10.911 @ANX013 
09:42:10.914 @ANX003 邹修丽
09:42:10.915 @ANX004 装配工
09:42:10.917 @ANX005 2018/8/29 8:00:00
09:42:10.918 @ANX006 2018/8/29 17:00:00
09:42:10.919 @ANX007 
09:42:10.920 @ANX008 
09:42:10.922 @ANX009 0
09:42:10.923 @ANX010 0
09:42:10.924 @ANX011 在职
09:42:10.926 @ANX012 
09:42:10.927 @idx 167
09:42:10.928 @ANX002 10158
09:42:10.929 @ANX013 
09:42:10.931 @ANX003 徐永洪
09:42:10.933 @ANX004 装配工
09:42:10.934 @ANX005 2018/8/29 8:00:00
09:42:10.935 @ANX006 2018/8/29 17:00:00
09:42:10.936 @ANX007 
09:42:10.938 @ANX008 
09:42:10.939 @ANX009 0
09:42:10.940 @ANX010 0
09:42:10.941 @ANX011 在职
09:42:10.943 @ANX012 
09:42:10.944 @idx 168
09:42:10.945 @ANX002 10159
09:42:10.946 @ANX013 
09:42:10.949 @ANX003 刘仁燕
09:42:10.950 @ANX004 装配工
09:42:10.951 @ANX005 2018/8/29 8:00:00
09:42:10.952 @ANX006 2018/8/29 17:00:00
09:42:10.954 @ANX007 
09:42:10.955 @ANX008 
09:42:10.956 @ANX009 0
09:42:10.957 @ANX010 0
09:42:10.958 @ANX011 在职
09:42:10.959 @ANX012 
09:42:10.961 @idx 169
09:42:10.962 @ANX002 10160
09:42:10.963 @ANX013 
09:42:10.966 @ANX003 陈万珍
09:42:10.967 @ANX004 装配工
09:42:10.969 @ANX005 2018/8/29 8:00:00
09:42:10.970 @ANX006 2018/8/29 17:00:00
09:42:10.971 @ANX007 
09:42:10.972 @ANX008 
09:42:10.973 @ANX009 0
09:42:10.975 @ANX010 0
09:42:10.976 @ANX011 在职
09:42:10.977 @ANX012 
09:42:10.978 @idx 170
09:42:10.979 @ANX002 10161
09:42:10.981 @ANX013 
09:42:10.983 @ANX003 李义承
09:42:10.984 @ANX004 装配工
09:42:10.986 @ANX005 2018/8/29 8:00:00
09:42:10.987 @ANX006 2018/8/29 17:00:00
09:42:10.988 @ANX007 
09:42:10.989 @ANX008 
09:42:10.990 @ANX009 0
09:42:10.992 @ANX010 0
09:42:10.993 @ANX011 在职
09:42:10.994 @ANX012 
09:42:10.995 @idx 171
09:42:10.996 @ANX002 10162
09:42:10.998 @ANX013 
09:42:11.000 @ANX003 张义兵
09:42:11.002 @ANX004 装配工
09:42:11.003 @ANX005 2018/8/29 8:00:00
09:42:11.004 @ANX006 2018/8/29 17:00:00
09:42:11.005 @ANX007 
09:42:11.007 @ANX008 
09:42:11.008 @ANX009 0
09:42:11.009 @ANX010 0
09:42:11.010 @ANX011 在职
09:42:11.011 @ANX012 
09:42:11.012 @idx 172
09:42:11.014 @ANX002 10163
09:42:11.015 @ANX013 
09:42:11.018 @ANX003 韩会萍
09:42:11.020 @ANX004 装配工
09:42:11.021 @ANX005 2018/8/29 8:00:00
09:42:11.022 @ANX006 2018/8/29 17:00:00
09:42:11.023 @ANX007 
09:42:11.025 @ANX008 
09:42:11.026 @ANX009 0
09:42:11.027 @ANX010 0
09:42:11.028 @ANX011 在职
09:42:11.029 @ANX012 
09:42:11.030 @idx 173
09:42:11.031 @ANX002 10164
09:42:11.033 @ANX013 
09:42:11.035 @ANX003 国明秀
09:42:11.037 @ANX004 装配工
09:42:11.038 @ANX005 2018/8/29 8:00:00
09:42:11.039 @ANX006 2018/8/29 17:00:00
09:42:11.040 @ANX007 
09:42:11.041 @ANX008 
09:42:11.042 @ANX009 0
09:42:11.044 @ANX010 0
09:42:11.045 @ANX011 在职
09:42:11.046 @ANX012 
09:42:11.047 @idx 174
09:42:11.048 @ANX002 10165
09:42:11.049 @ANX013 
09:42:38.702 @ANW001 20180829002
09:42:38.705 @ANW002 GD201610190001
09:42:38.708 @ANW003 TCLNS-11Y3B20-T
09:42:38.710 @ANW004 TCL两灯三合一浴霸/灯暖+照明+换气
09:42:38.713 @ANW005 630W
09:42:38.716 @ANW006 672
09:42:38.718 @ANW007 台
09:42:38.720 @ANW008 2
09:42:38.723 @ANW009 400
09:42:38.725 @ANW010 0507
09:42:38.727 @ANW011 总装车间
09:42:38.730 @ANW012 050701
09:42:38.731 @ANW013 1线
09:42:38.732 @ANW014 计件
09:42:38.734 @ANW015 2018/8/29 8:00:00
09:42:38.735 @ANW016 2018/8/29 17:00:00
09:42:38.737 @ANW017 
09:42:38.738 @ANW018 
09:42:38.741 @ANW019 
09:42:38.742 @ANW020 False
09:42:38.743 @ANW021 False
09:42:38.744 @ANW022 2018/8/29 0:00:00
09:42:38.747 @ANX001 20180829002
09:42:38.748 @ANX002 10139
09:42:38.749 @ANX003 张龙
09:42:38.750 @ANX004 一线组长
09:42:38.752 @ANX005 2018/8/29 8:00:00
09:42:38.753 @ANX006 2018/8/29 17:00:00
09:42:38.754 @ANX007 
09:42:38.756 @ANX008 
09:42:38.757 @ANX009 0
09:42:38.758 @ANX010 300
09:42:38.759 @ANX011 在职
09:42:38.760 @ANX012 
09:42:38.762 @ANX013 
09:42:38.765 @ANX001 20180829002
09:42:38.767 @ANX002 10140
09:42:38.768 @ANX003 刘兴贵
09:42:38.769 @ANX004 装配工
09:42:38.771 @ANX005 2018/8/29 8:00:00
09:42:38.772 @ANX006 2018/8/29 17:00:00
09:42:38.773 @ANX007 
09:42:38.774 @ANX008 
09:42:38.775 @ANX009 0
09:42:38.776 @ANX010 0
09:42:38.778 @ANX011 在职
09:42:38.779 @ANX012 
09:42:38.780 @ANX013 
09:42:38.783 @ANX001 20180829002
09:42:38.785 @ANX002 10141
09:42:38.786 @ANX003 王振宇
09:42:38.787 @ANX004 装配工
09:42:38.788 @ANX005 2018/8/29 8:00:00
09:42:38.790 @ANX006 2018/8/29 17:00:00
09:42:38.791 @ANX007 
09:42:38.792 @ANX008 
09:42:38.793 @ANX009 0
09:42:38.795 @ANX010 0
09:42:38.796 @ANX011 在职
09:42:38.797 @ANX012 
09:42:38.799 @ANX013 
09:42:38.801 @ANX001 20180829002
09:42:38.803 @ANX002 10142
09:42:38.804 @ANX003 钟成菊
09:42:38.805 @ANX004 装配工
09:42:38.806 @ANX005 2018/8/29 8:00:00
09:42:38.808 @ANX006 2018/8/29 17:00:00
09:42:38.809 @ANX007 
09:42:38.810 @ANX008 
09:42:38.812 @ANX009 0
09:42:38.813 @ANX010 0
09:42:38.815 @ANX011 在职
09:42:38.816 @ANX012 
09:42:38.817 @ANX013 
09:42:38.820 @ANX001 20180829002
09:42:38.821 @ANX002 10143
09:42:38.822 @ANX003 赵成鹏
09:42:38.823 @ANX004 装配工
09:42:38.824 @ANX005 2018/8/29 8:00:00
09:42:38.826 @ANX006 2018/8/29 17:00:00
09:42:38.827 @ANX007 
09:42:38.828 @ANX008 
09:42:38.829 @ANX009 0
09:42:38.830 @ANX010 0
09:42:38.832 @ANX011 在职
09:42:38.833 @ANX012 
09:42:38.835 @ANX013 
09:42:38.837 @ANX001 20180829002
09:42:38.838 @ANX002 10144
09:42:38.840 @ANX003 何万华
09:42:38.841 @ANX004 装配工
09:42:38.842 @ANX005 2018/8/29 8:00:00
09:42:38.843 @ANX006 2018/8/29 17:00:00
09:42:38.845 @ANX007 
09:42:38.846 @ANX008 
09:42:38.848 @ANX009 0
09:42:38.849 @ANX010 0
09:42:38.850 @ANX011 在职
09:42:38.852 @ANX012 
09:42:38.853 @ANX013 
09:42:38.855 @ANX001 20180829002
09:42:38.856 @ANX002 10145
09:42:38.858 @ANX003 严云芹
09:42:38.859 @ANX004 装配工
09:42:38.861 @ANX005 2018/8/29 8:00:00
09:42:38.862 @ANX006 2018/8/29 17:00:00
09:42:38.863 @ANX007 
09:42:38.864 @ANX008 
09:42:38.866 @ANX009 0
09:42:38.867 @ANX010 0
09:42:38.868 @ANX011 在职
09:42:38.870 @ANX012 
09:42:38.871 @ANX013 
09:42:38.874 @ANX001 20180829002
09:42:38.875 @ANX002 10146
09:42:38.877 @ANX003 马小千
09:42:38.879 @ANX004 装配工
09:42:38.880 @ANX005 2018/8/29 8:00:00
09:42:38.882 @ANX006 2018/8/29 17:00:00
09:42:38.883 @ANX007 
09:42:38.885 @ANX008 
09:42:38.886 @ANX009 0
09:42:38.887 @ANX010 0
09:42:38.888 @ANX011 在职
09:42:38.890 @ANX012 
09:42:38.891 @ANX013 
09:42:38.893 @ANX001 20180829002
09:42:38.895 @ANX002 10147
09:42:38.896 @ANX003 周顺
09:42:38.897 @ANX004 装配工
09:42:38.898 @ANX005 2018/8/29 8:00:00
09:42:38.900 @ANX006 2018/8/29 17:00:00
09:42:38.901 @ANX007 
09:42:38.902 @ANX008 
09:42:38.903 @ANX009 0
09:42:38.904 @ANX010 0
09:42:38.906 @ANX011 在职
09:42:38.908 @ANX012 
09:42:38.909 @ANX013 
09:42:38.911 @ANX001 20180829002
09:42:38.913 @ANX002 10148
09:42:38.914 @ANX003 龙付咪
09:42:38.915 @ANX004 装配工
09:42:38.916 @ANX005 2018/8/29 8:00:00
09:42:38.918 @ANX006 2018/8/29 17:00:00
09:42:38.919 @ANX007 
09:42:38.920 @ANX008 
09:42:38.921 @ANX009 0
09:42:38.922 @ANX010 0
09:42:38.924 @ANX011 在职
09:42:38.925 @ANX012 
09:42:38.927 @ANX013 
09:42:38.929 @ANX001 20180829002
09:42:38.930 @ANX002 10149
09:42:38.931 @ANX003 郭昭芬
09:42:38.933 @ANX004 装配工
09:42:38.934 @ANX005 2018/8/29 8:00:00
09:42:38.935 @ANX006 2018/8/29 17:00:00
09:42:38.936 @ANX007 
09:42:38.938 @ANX008 
09:42:38.940 @ANX009 0
09:42:38.941 @ANX010 0
09:42:38.942 @ANX011 在职
09:42:38.943 @ANX012 
09:42:38.945 @ANX013 
09:42:38.947 @ANX001 20180829002
09:42:38.949 @ANX002 10150
09:42:38.950 @ANX003 刘高发
09:42:38.951 @ANX004 装配工
09:42:38.953 @ANX005 2018/8/29 8:00:00
09:42:38.954 @ANX006 2018/8/29 17:00:00
09:42:38.956 @ANX007 
09:42:38.957 @ANX008 
09:42:38.958 @ANX009 0
09:42:38.959 @ANX010 0
09:42:38.961 @ANX011 在职
09:42:38.962 @ANX012 
09:42:38.963 @ANX013 
09:42:38.966 @ANX001 20180829002
09:42:38.967 @ANX002 10151
09:42:38.968 @ANX003 吴张英
09:42:38.970 @ANX004 装配工
09:42:38.971 @ANX005 2018/8/29 8:00:00
09:42:38.972 @ANX006 2018/8/29 17:00:00
09:42:38.974 @ANX007 
09:42:38.975 @ANX008 
09:42:38.976 @ANX009 0
09:42:38.977 @ANX010 0
09:42:38.979 @ANX011 在职
09:42:38.980 @ANX012 
09:42:38.981 @ANX013 
09:42:38.983 @ANX001 20180829002
09:42:38.984 @ANX002 10152
09:42:38.986 @ANX003 杨犁
09:42:38.987 @ANX004 装配工
09:42:38.988 @ANX005 2018/8/29 8:00:00
09:42:38.989 @ANX006 2018/8/29 17:00:00
09:42:38.991 @ANX007 
09:42:38.992 @ANX008 
09:42:38.993 @ANX009 0
09:42:38.994 @ANX010 0
09:42:38.996 @ANX011 在职
09:42:38.997 @ANX012 
09:42:38.998 @ANX013 
09:42:39.001 @ANX001 20180829002
09:42:39.002 @ANX002 10153
09:42:39.004 @ANX003 熊洪才
09:42:39.005 @ANX004 装配工
09:42:39.006 @ANX005 2018/8/29 8:00:00
09:42:39.007 @ANX006 2018/8/29 17:00:00
09:42:39.008 @ANX007 
09:42:39.010 @ANX008 
09:42:39.011 @ANX009 0
09:42:39.012 @ANX010 0
09:42:39.013 @ANX011 在职
09:42:39.015 @ANX012 
09:42:39.016 @ANX013 
09:42:39.019 @ANX001 20180829002
09:42:39.020 @ANX002 10154
09:42:39.021 @ANX003 代开容
09:42:39.022 @ANX004 装配工
09:42:39.026 @ANX005 2018/8/29 8:00:00
09:42:39.028 @ANX006 2018/8/29 17:00:00
09:42:39.029 @ANX007 
09:42:39.030 @ANX008 
09:42:39.031 @ANX009 0
09:42:39.032 @ANX010 0
09:42:39.034 @ANX011 在职
09:42:39.035 @ANX012 
09:42:39.036 @ANX013 
09:42:39.038 @ANX001 20180829002
09:42:39.040 @ANX002 10155
09:42:39.041 @ANX003 尹宗丹
09:42:39.042 @ANX004 装配工
09:42:39.044 @ANX005 2018/8/29 8:00:00
09:42:39.045 @ANX006 2018/8/29 17:00:00
09:42:39.046 @ANX007 
09:42:39.047 @ANX008 
09:42:39.048 @ANX009 0
09:42:39.050 @ANX010 0
09:42:39.051 @ANX011 在职
09:42:39.052 @ANX012 
09:42:39.053 @ANX013 
09:42:39.055 @ANX001 20180829002
09:42:39.057 @ANX002 10156
09:42:39.058 @ANX003 朱正高
09:42:39.059 @ANX004 装配工
09:42:39.060 @ANX005 2018/8/29 8:00:00
09:42:39.061 @ANX006 2018/8/29 17:00:00
09:42:39.063 @ANX007 
09:42:39.064 @ANX008 
09:42:39.065 @ANX009 0
09:42:39.067 @ANX010 0
09:42:39.068 @ANX011 在职
09:42:39.069 @ANX012 
09:42:39.070 @ANX013 
09:42:39.072 @ANX001 20180829002
09:42:39.074 @ANX002 10157
09:42:39.075 @ANX003 卿廷群
09:42:39.076 @ANX004 装配工
09:42:39.077 @ANX005 2018/8/29 8:00:00
09:42:39.079 @ANX006 2018/8/29 17:00:00
09:42:39.080 @ANX007 
09:42:39.081 @ANX008 
09:42:39.082 @ANX009 0
09:42:39.083 @ANX010 0
09:42:39.085 @ANX011 在职
09:42:39.086 @ANX012 
09:42:39.087 @ANX013 
09:42:39.089 @ANX001 20180829002
09:42:39.091 @ANX002 10158
09:42:39.092 @ANX003 邹修丽
09:42:39.093 @ANX004 装配工
09:42:39.095 @ANX005 2018/8/29 8:00:00
09:42:39.097 @ANX006 2018/8/29 17:00:00
09:42:39.098 @ANX007 
09:42:39.099 @ANX008 
09:42:39.100 @ANX009 0
09:42:39.101 @ANX010 0
09:42:39.103 @ANX011 在职
09:42:39.104 @ANX012 
09:42:39.105 @ANX013 
09:42:39.108 @ANX001 20180829002
09:42:39.109 @ANX002 10159
09:42:39.110 @ANX003 徐永洪
09:42:39.112 @ANX004 装配工
09:42:39.113 @ANX005 2018/8/29 8:00:00
09:42:39.115 @ANX006 2018/8/29 17:00:00
09:42:39.116 @ANX007 
09:42:39.117 @ANX008 
09:42:39.118 @ANX009 0
09:42:39.119 @ANX010 0
09:42:39.120 @ANX011 在职
09:42:39.122 @ANX012 
09:42:39.123 @ANX013 
09:42:39.125 @ANX001 20180829002
09:42:39.126 @ANX002 10160
09:42:39.128 @ANX003 刘仁燕
09:42:39.129 @ANX004 装配工
09:42:39.130 @ANX005 2018/8/29 8:00:00
09:42:39.131 @ANX006 2018/8/29 17:00:00
09:42:39.132 @ANX007 
09:42:39.134 @ANX008 
09:42:39.135 @ANX009 0
09:42:39.136 @ANX010 0
09:42:39.137 @ANX011 在职
09:42:39.138 @ANX012 
09:42:39.140 @ANX013 
09:42:39.142 @ANX001 20180829002
09:42:39.143 @ANX002 10161
09:42:39.145 @ANX003 陈万珍
09:42:39.146 @ANX004 装配工
09:42:39.147 @ANX005 2018/8/29 8:00:00
09:42:39.148 @ANX006 2018/8/29 17:00:00
09:42:39.149 @ANX007 
09:42:39.150 @ANX008 
09:42:39.152 @ANX009 0
09:42:39.153 @ANX010 0
09:42:39.154 @ANX011 在职
09:42:39.155 @ANX012 
09:42:39.156 @ANX013 
09:42:39.159 @ANX001 20180829002
09:42:39.160 @ANX002 10162
09:42:39.161 @ANX003 李义承
09:42:39.163 @ANX004 装配工
09:42:39.164 @ANX005 2018/8/29 8:00:00
09:42:39.165 @ANX006 2018/8/29 17:00:00
09:42:39.166 @ANX007 
09:42:39.167 @ANX008 
09:42:39.169 @ANX009 0
09:42:39.170 @ANX010 0
09:42:39.171 @ANX011 在职
09:42:39.172 @ANX012 
09:42:39.173 @ANX013 
09:42:39.176 @ANX001 20180829002
09:42:39.177 @ANX002 10163
09:42:39.178 @ANX003 张义兵
09:42:39.179 @ANX004 装配工
09:42:39.181 @ANX005 2018/8/29 8:00:00
09:42:39.182 @ANX006 2018/8/29 17:00:00
09:42:39.184 @ANX007 
09:42:39.185 @ANX008 
09:42:39.186 @ANX009 0
09:42:39.188 @ANX010 0
09:42:39.189 @ANX011 在职
09:42:39.190 @ANX012 
09:42:39.191 @ANX013 
09:42:39.193 @ANX001 20180829002
09:42:39.195 @ANX002 10164
09:42:39.196 @ANX003 韩会萍
09:42:39.197 @ANX004 装配工
09:42:39.198 @ANX005 2018/8/29 8:00:00
09:42:39.200 @ANX006 2018/8/29 17:00:00
09:42:39.201 @ANX007 
09:42:39.202 @ANX008 
09:42:39.204 @ANX009 0
09:42:39.205 @ANX010 0
09:42:39.206 @ANX011 在职
09:42:39.207 @ANX012 
09:42:39.208 @ANX013 
09:42:39.212 @ANX001 20180829002
09:42:39.213 @ANX002 10165
09:42:39.214 @ANX003 国明秀
09:42:39.215 @ANX004 装配工
09:42:39.217 @ANX005 2018/8/29 8:00:00
09:42:39.218 @ANX006 2018/8/29 17:00:00
09:42:39.219 @ANX007 
09:42:39.221 @ANX008 
09:42:39.222 @ANX009 0
09:42:39.223 @ANX010 0
09:42:39.224 @ANX011 在职
09:42:39.226 @ANX012 
09:42:39.227 @ANX013 
09:42:42.397 @ANW001 20180829002
09:42:42.400 @ANW020 True
16:02:52.208  异常信息：远程服务器返回错误: (404) 未找到。
  堆栈信息:   在 AutoUpdate.AppUpdate.DownloadFile(String url, String localFilePath) 位置 D:\ProjectData\MiKe\LineProductMes\LineProductMes\ClassForMain\AppUpdate.cs:行号 243
   在 AutoUpdate.AppUpdate.CheckAppVersion(String& msg) 位置 D:\ProjectData\MiKe\LineProductMes\LineProductMes\ClassForMain\AppUpdate.cs:行号 310
16:02:59.672 @EMP002 系统管理员
16:02:59.674 @EMP033 cebfd1559b68d67688884d7a3d3e8c
16:05:00.677  异常信息：远程服务器返回错误: (404) 未找到。
  堆栈信息:   在 AutoUpdate.AppUpdate.DownloadFile(String url, String localFilePath) 位置 D:\ProjectData\MiKe\LineProductMes\LineProductMes\ClassForMain\AppUpdate.cs:行号 243
   在 AutoUpdate.AppUpdate.CheckAppVersion(String& msg) 位置 D:\ProjectData\MiKe\LineProductMes\LineProductMes\ClassForMain\AppUpdate.cs:行号 310
16:05:11.728 @EMP002 系统管理员
16:05:11.730 @EMP033 cebfd1559b68d67688884d7a3d3e8c
16:07:34.912  异常信息：远程服务器返回错误: (404) 未找到。
  堆栈信息:   在 AutoUpdate.AppUpdate.DownloadFile(String url, String localFilePath) 位置 D:\ProjectData\MiKe\LineProductMes\LineProductMes\ClassForMain\AppUpdate.cs:行号 243
   在 AutoUpdate.AppUpdate.CheckAppVersion(String& msg) 位置 D:\ProjectData\MiKe\LineProductMes\LineProductMes\ClassForMain\AppUpdate.cs:行号 310
16:07:58.794 @EMP002 系统管理员
16:07:58.796 @EMP033 cebfd1559b68d67688884d7a3d3e8c
16:09:29.022  异常信息：远程服务器返回错误: (404) 未找到。
  堆栈信息:   在 AutoUpdate.AppUpdate.DownloadFile(String url, String localFilePath) 位置 D:\ProjectData\MiKe\LineProductMes\LineProductMes\ClassForMain\AppUpdate.cs:行号 243
   在 AutoUpdate.AppUpdate.CheckAppVersion(String& msg) 位置 D:\ProjectData\MiKe\LineProductMes\LineProductMes\ClassForMain\AppUpdate.cs:行号 310
16:09:38.666 @EMP002 系统管理员
16:09:38.669 @EMP033 cebfd1559b68d67688884d7a3d3e8c
16:10:59.125  异常信息：远程服务器返回错误: (404) 未找到。
  堆栈信息:   在 AutoUpdate.AppUpdate.DownloadFile(String url, String localFilePath) 位置 D:\ProjectData\MiKe\LineProductMes\LineProductMes\ClassForMain\AppUpdate.cs:行号 243
   在 AutoUpdate.AppUpdate.CheckAppVersion(String& msg) 位置 D:\ProjectData\MiKe\LineProductMes\LineProductMes\ClassForMain\AppUpdate.cs:行号 310
16:11:03.883 @EMP002 系统管理员
16:11:03.885 @EMP033 cebfd1559b68d67688884d7a3d3e8c
16:11:25.612 @ANT001 20180829001
16:11:25.613 @ANT002 0507
16:11:25.615 @ANT003 总装车间
16:11:25.616 @ANT004 050708
16:11:25.617 @ANT005 附件组
16:11:25.618 @ANT008 2018/8/29 0:00:00
16:11:25.622 @ANU001 20180829001
16:11:25.624 @ANU002 20180707001
16:11:25.626 @ANU003 GD201804240030
16:11:25.627 @ANU004 202101326
16:11:25.629 @ANU005 F06-DS面板-冲压
16:11:25.631 @ANU006 附件
16:11:25.633 @ANU007 0.5623
16:11:25.635 @ANU008 050701
16:11:25.637 @ANU009 1线
16:11:25.638 @ANU010 400
16:11:25.643 @ANV001 20180829001
16:11:25.645 @ANV002 10293
16:11:25.646 @ANV003 韩秀金
16:11:25.648 @ANV004 附件加工
16:11:25.650 @ANV005 2018/8/29 8:00:00
16:11:25.651 @ANV006 2018/8/29 17:00:00
16:11:25.653 @ANV007 在职
16:11:25.657 @ANV001 20180829001
16:11:25.659 @ANV002 10294
16:11:25.660 @ANV003 黄春燕
16:11:25.661 @ANV004 附件加工
16:11:25.663 @ANV005 2018/8/29 8:00:00
16:11:25.664 @ANV006 2018/8/29 17:00:00
16:11:25.666 @ANV007 在职
16:11:25.669 @ANV001 20180829001
16:11:25.671 @ANV002 10295
16:11:25.672 @ANV003 薛能珍
16:11:25.673 @ANV004 附件加工
16:11:25.674 @ANV005 2018/8/29 8:00:00
16:11:25.675 @ANV006 2018/8/29 17:00:00
16:11:25.676 @ANV007 在职
16:11:25.679 @ANV001 20180829001
16:11:25.681 @ANV002 10296
16:11:25.682 @ANV003 何卫英
16:11:25.684 @ANV004 附件加工
16:11:25.685 @ANV005 2018/8/29 8:00:00
16:11:25.686 @ANV006 2018/8/29 17:00:00
16:11:25.687 @ANV007 在职
16:11:25.689 @ANV001 20180829001
16:11:25.691 @ANV002 10297
16:11:25.692 @ANV003 苏春
16:11:25.693 @ANV004 附件加工
16:11:25.694 @ANV005 2018/8/29 8:00:00
16:11:25.695 @ANV006 2018/8/29 17:00:00
16:11:25.696 @ANV007 在职
16:11:25.700 @ANV001 20180829001
16:11:25.702 @ANV002 10298
16:11:25.704 @ANV003 张丹丹
16:11:25.705 @ANV004 附件加工
16:11:25.706 @ANV005 2018/8/29 8:00:00
16:11:25.708 @ANV006 2018/8/29 17:00:00
16:11:25.709 @ANV007 在职
16:11:25.712 @ANV001 20180829001
16:11:25.714 @ANV002 10299
16:11:25.716 @ANV003 赵杰
16:11:25.717 @ANV004 附件加工
16:11:25.719 @ANV005 2018/8/29 8:00:00
16:11:25.721 @ANV006 2018/8/29 17:00:00
16:11:25.722 @ANV007 在职
16:11:25.725 @ANV001 20180829001
16:11:25.727 @ANV002 10300
16:11:25.729 @ANV003 汪国洋
16:11:25.731 @ANV004 附件加工
16:11:25.732 @ANV005 2018/8/29 8:00:00
16:11:25.734 @ANV006 2018/8/29 17:00:00
16:11:25.735 @ANV007 在职
16:11:58.130 @ANT001 20180829001
16:11:58.132 @ANT002 0507
16:11:58.134 @ANT003 总装车间
16:11:58.136 @ANT004 050708
16:11:58.138 @ANT005 附件组
16:11:58.139 @ANT008 2018/8/29 0:00:00
16:11:58.143 @ANU001 20180829001
16:11:58.145 @ANU002 20180820001
16:11:58.147 @ANU003 GD201804240030
16:11:58.149 @ANU004 202101326
16:11:58.150 @ANU005 F06-DS面板-冲压
16:11:58.152 @ANU006 附件
16:11:58.153 @ANU007 0.5623
16:11:58.155 @ANU008 050701
16:11:58.156 @ANU009 1线
16:11:58.157 @ANU010 500
16:11:58.160 @ANV001 20180829001
16:11:58.161 @ANV002 10293
16:11:58.163 @ANV003 韩秀金
16:11:58.164 @ANV004 附件加工
16:11:58.165 @ANV005 2018/8/29 8:00:00
16:11:58.166 @ANV006 2018/8/29 17:00:00
16:11:58.168 @ANV007 在职
16:11:58.170 @ANV001 20180829001
16:11:58.171 @ANV002 10294
16:11:58.173 @ANV003 黄春燕
16:11:58.174 @ANV004 附件加工
16:11:58.176 @ANV005 2018/8/29 8:00:00
16:11:58.178 @ANV006 2018/8/29 17:00:00
16:11:58.180 @ANV007 在职
16:11:58.182 @ANV001 20180829001
16:11:58.183 @ANV002 10295
16:11:58.184 @ANV003 薛能珍
16:11:58.186 @ANV004 附件加工
16:11:58.187 @ANV005 2018/8/29 8:00:00
16:11:58.188 @ANV006 2018/8/29 17:00:00
16:11:58.189 @ANV007 在职
16:11:58.192 @ANV001 20180829001
16:11:58.194 @ANV002 10296
16:11:58.196 @ANV003 何卫英
16:11:58.197 @ANV004 附件加工
16:11:58.199 @ANV005 2018/8/29 8:00:00
16:11:58.200 @ANV006 2018/8/29 17:00:00
16:11:58.201 @ANV007 在职
16:11:58.204 @ANV001 20180829001
16:11:58.206 @ANV002 10297
16:11:58.208 @ANV003 苏春
16:11:58.209 @ANV004 附件加工
16:11:58.212 @ANV005 2018/8/29 8:00:00
16:11:58.214 @ANV006 2018/8/29 17:00:00
16:11:58.215 @ANV007 在职
16:11:58.217 @ANV001 20180829001
16:11:58.219 @ANV002 10298
16:11:58.220 @ANV003 张丹丹
16:11:58.222 @ANV004 附件加工
16:11:58.223 @ANV005 2018/8/29 8:00:00
16:11:58.225 @ANV006 2018/8/29 17:00:00
16:11:58.226 @ANV007 在职
16:11:58.231 @ANV001 20180829001
16:11:58.232 @ANV002 10299
16:11:58.234 @ANV003 赵杰
16:11:58.235 @ANV004 附件加工
16:11:58.237 @ANV005 2018/8/29 8:00:00
16:11:58.239 @ANV006 2018/8/29 17:00:00
16:11:58.241 @ANV007 在职
16:11:58.243 @ANV001 20180829001
16:11:58.245 @ANV002 10300
16:11:58.246 @ANV003 汪国洋
16:11:58.248 @ANV004 附件加工
16:11:58.249 @ANV005 2018/8/29 8:00:00
16:11:58.251 @ANV006 2018/8/29 17:00:00
16:11:58.252 @ANV007 在职
16:12:53.780  异常信息：远程服务器返回错误: (404) 未找到。
  堆栈信息:   在 AutoUpdate.AppUpdate.DownloadFile(String url, String localFilePath) 位置 D:\ProjectData\MiKe\LineProductMes\LineProductMes\ClassForMain\AppUpdate.cs:行号 243
   在 AutoUpdate.AppUpdate.CheckAppVersion(String& msg) 位置 D:\ProjectData\MiKe\LineProductMes\LineProductMes\ClassForMain\AppUpdate.cs:行号 310
16:13:40.302 @EMP002 系统管理员
16:13:40.304 @EMP033 cebfd1559b68d67688884d7a3d3e8c
16:13:59.289 @ANT001 20180829001
16:13:59.290 @ANT002 0507
16:13:59.292 @ANT003 总装车间
16:13:59.293 @ANT004 050708
16:13:59.294 @ANT005 附件组
16:13:59.296 @ANT008 2018/8/29 0:00:00
16:13:59.300 @ANU001 20180829001
16:13:59.302 @ANU002 20180707001
16:13:59.303 @ANU003 GD201804240030
16:13:59.305 @ANU004 202101326
16:13:59.306 @ANU005 F06-DS面板-冲压
16:13:59.308 @ANU006 附件
16:13:59.309 @ANU007 0.5623
16:13:59.311 @ANU008 050701
16:13:59.312 @ANU009 1线
16:13:59.314 @ANU010 400
16:13:59.316 @ANV001 20180829001
16:13:59.318 @ANV002 10293
16:13:59.320 @ANV003 韩秀金
16:13:59.321 @ANV004 附件加工
16:13:59.322 @ANV005 2018/8/29 8:00:00
16:13:59.323 @ANV006 2018/8/29 17:00:00
16:13:59.324 @ANV007 在职
16:13:59.328 @ANV001 20180829001
16:13:59.329 @ANV002 10294
16:13:59.331 @ANV003 黄春燕
16:13:59.333 @ANV004 附件加工
16:13:59.334 @ANV005 2018/8/29 8:00:00
16:13:59.335 @ANV006 2018/8/29 17:00:00
16:13:59.336 @ANV007 在职
16:13:59.339 @ANV001 20180829001
16:13:59.341 @ANV002 10295
16:13:59.342 @ANV003 薛能珍
16:13:59.344 @ANV004 附件加工
16:13:59.345 @ANV005 2018/8/29 8:00:00
16:13:59.346 @ANV006 2018/8/29 17:00:00
16:13:59.347 @ANV007 在职
16:13:59.349 @ANV001 20180829001
16:13:59.351 @ANV002 10296
16:13:59.353 @ANV003 何卫英
16:13:59.354 @ANV004 附件加工
16:13:59.355 @ANV005 2018/8/29 8:00:00
16:13:59.357 @ANV006 2018/8/29 17:00:00
16:13:59.360 @ANV007 在职
16:13:59.362 @ANV001 20180829001
16:13:59.364 @ANV002 10297
16:13:59.366 @ANV003 苏春
16:13:59.368 @ANV004 附件加工
16:13:59.369 @ANV005 2018/8/29 8:00:00
16:13:59.371 @ANV006 2018/8/29 17:00:00
16:13:59.372 @ANV007 在职
16:13:59.376 @ANV001 20180829001
16:13:59.378 @ANV002 10298
16:13:59.379 @ANV003 张丹丹
16:13:59.380 @ANV004 附件加工
16:13:59.381 @ANV005 2018/8/29 8:00:00
16:13:59.382 @ANV006 2018/8/29 17:00:00
16:13:59.383 @ANV007 在职
16:13:59.385 @ANV001 20180829001
16:13:59.387 @ANV002 10299
16:13:59.389 @ANV003 赵杰
16:13:59.391 @ANV004 附件加工
16:13:59.395 @ANV005 2018/8/29 8:00:00
16:13:59.396 @ANV006 2018/8/29 17:00:00
16:13:59.397 @ANV007 在职
16:13:59.399 @ANV001 20180829001
16:13:59.401 @ANV002 10300
16:13:59.402 @ANV003 汪国洋
16:13:59.404 @ANV004 附件加工
16:13:59.406 @ANV005 2018/8/29 8:00:00
16:13:59.408 @ANV006 2018/8/29 17:00:00
16:13:59.409 @ANV007 在职
16:41:27.149 @PAN001 20180822002
16:41:27.151 @PAN009 False
16:41:42.333 @PAN002 0503
16:41:42.335 @PAN003 喷涂车间
16:41:42.336 @PAN004 0503
16:41:42.337 @PAN005 喷涂车间
16:41:42.339 @PAN006 2018/8/22 0:00:00
16:41:42.340 @PAN007 
16:41:42.341 @PAN008 
16:41:42.343 @PAN009 False
16:41:42.345 @PAN010 False
16:41:42.346 @PAN001 20180829001
16:41:42.353 @PAO003 202101322P
16:41:42.354 @PAO004 F01-DS钛银面板-丝印
16:41:42.356 @PAO005 7700
16:41:42.357 @PAO006 0.000000
16:41:42.358 @PAO007 PCS
16:41:42.359 @PAO008 300*300mm
16:41:42.361 @PAO009 19
16:41:42.363 @PAO010 打码
16:41:42.364 @PAO011 3.000000
16:41:42.365 @PAO012 2000
16:41:42.366 @idx 16
16:41:42.367 @PAO002 GD201605040020
16:41:42.368 @PAO013 004
16:41:42.373 @PAO003 202101322P
16:41:42.375 @PAO004 F01-DS钛银面板-丝印
16:41:42.377 @PAO005 2600
16:41:42.378 @PAO006 0.000000
16:41:42.379 @PAO007 PCS
16:41:42.380 @PAO008 300*300mm
16:41:42.382 @PAO009 20
16:41:42.383 @PAO010 喷涂-丝印-组装

16:41:42.384 @PAO011 4.000000
16:41:42.386 @PAO012 500
16:41:42.387 @idx 15
16:41:42.388 @PAO002 GD201606300036
16:41:42.389 @PAO013 005
16:41:42.393 @PAO003 202101322P
16:41:42.394 @PAO004 F01-DS钛银面板-丝印
16:41:42.396 @PAO005 80
16:41:42.397 @PAO006 0.000000
16:41:42.398 @PAO007 PCS
16:41:42.399 @PAO008 300*300mm
16:41:42.400 @PAO009 12
16:41:42.401 @PAO010 面板组装
16:41:42.402 @PAO011 3.000000
16:41:42.404 @PAO012 80
16:41:42.406 @idx 14
16:41:42.407 @PAO002 GD201803260047
16:41:42.408 @PAO013 003
16:41:42.410 @PAO003 202101322P
16:41:42.412 @PAO004 F01-DS钛银面板-丝印
16:41:42.413 @PAO005 4000
16:41:42.414 @PAO006 0.000000
16:41:42.415 @PAO007 PCS
16:41:42.416 @PAO008 300*300mm
16:41:42.417 @PAO009 02
16:41:42.418 @PAO010 喷涂
16:41:42.420 @PAO011 2.000000
16:41:42.422 @PAO012 3000
16:41:42.424 @idx 12
16:41:42.425 @PAO002 GD201804090003
16:41:42.427 @PAO013 001
16:41:42.429 @PAO003 202101322P
16:41:42.431 @PAO004 F01-DS钛银面板-丝印
16:41:42.432 @PAO005 4000
16:41:42.433 @PAO006 0.000000
16:41:42.434 @PAO007 PCS
16:41:42.436 @PAO008 300*300mm
16:41:42.437 @PAO009 03
16:41:42.439 @PAO010 丝印
16:41:42.440 @PAO011 2.000000
16:41:42.441 @PAO012 2000
16:41:42.442 @idx 13
16:41:42.443 @PAO002 GD201804090005
16:41:42.445 @PAO013 002
16:41:42.447 @PPA003 陈林甫
16:41:42.448 @PPA004 喷漆工
16:41:42.449 @PPA005 
16:41:42.451 @PPA006 
16:41:42.452 @PPA007 2018/8/22 8:00:00
16:41:42.454 @PPA008 2018/8/22 17:00:00
16:41:42.455 @PPA009 0.000000
16:41:42.457 @idx 17
16:41:42.459 @PPA002 10093
16:41:42.460 @PPA010 在职
16:41:42.465 @PPA003 张正友
16:41:42.467 @PPA004 喷漆工
16:41:42.469 @PPA005 
16:41:42.470 @PPA006 
16:41:42.472 @PPA007 2018/8/22 8:00:00
16:41:42.473 @PPA008 2018/8/22 17:00:00
16:41:42.474 @PPA009 0.000000
16:41:42.475 @idx 18
16:41:42.477 @PPA002 10094
16:41:42.478 @PPA010 在职
16:41:42.480 @PPA003 王光
16:41:42.482 @PPA004 喷漆工
16:41:42.484 @PPA005 
16:41:42.485 @PPA006 
16:41:42.487 @PPA007 2018/8/22 8:00:00
16:41:42.488 @PPA008 2018/8/22 17:00:00
16:41:42.489 @PPA009 0.000000
16:41:42.490 @idx 19
16:41:42.491 @PPA002 10095
16:41:42.493 @PPA010 在职
16:41:42.495 @PPA003 钱均鹏
16:41:42.496 @PPA004 喷漆工
16:41:42.497 @PPA005 
16:41:42.499 @PPA006 
16:41:42.501 @PPA007 2018/8/22 8:00:00
16:41:42.503 @PPA008 2018/8/22 17:00:00
16:41:42.505 @PPA009 0.000000
16:41:42.507 @idx 20
16:41:42.509 @PPA002 10096
16:41:42.510 @PPA010 在职
16:41:42.514 @PPA003 陆秋云
16:41:42.516 @PPA004 装配工
16:41:42.517 @PPA005 
16:41:42.518 @PPA006 
16:41:42.519 @PPA007 2018/8/22 8:00:00
16:41:42.520 @PPA008 2018/8/22 17:00:00
16:41:42.521 @PPA009 0.000000
16:41:42.522 @idx 21
16:41:42.523 @PPA002 10097
16:41:42.524 @PPA010 在职
16:41:42.527 @PPA003 郁叶琴
16:41:42.528 @PPA004 装配工
16:41:42.529 @PPA005 
16:41:42.530 @PPA006 
16:41:42.532 @PPA007 2018/8/22 8:00:00
16:41:42.534 @PPA008 2018/8/22 17:00:00
16:41:42.535 @PPA009 0.000000
16:41:42.537 @idx 22
16:41:42.539 @PPA002 10098
16:41:42.540 @PPA010 在职
16:41:45.686 @PAN001 20180822002
16:41:45.688 @PAN009 True
16:49:21.848 @LGN001 20180828001
16:49:21.849 @LGN003 True
