09:17:52.731 @EMP002 系统管理员
09:17:52.731 @EMP033 cebfd1559b68d67688884d7a3d3e8c
09:20:47.012 @EMP002 系统管理员
09:20:47.012 @EMP033 cebfd1559b68d67688884d7a3d3e8c
09:31:47.593 @EMP002 系统管理员
09:31:47.593 @EMP033 cebfd1559b68d67688884d7a3d3e8c
09:45:31.859 @EMP002 系统管理员
09:45:31.861 @EMP033 cebfd1559b68d67688884d7a3d3e8c
10:58:24.192 @EMP002 系统管理员
10:58:24.192 @EMP033 cebfd1559b68d67688884d7a3d3e8c
11:02:05.838 @EMP002 系统管理员
11:02:05.839 @EMP033 cebfd1559b68d67688884d7a3d3e8c
11:11:25.269 @EMP002 系统管理员
11:11:25.270 @EMP033 cebfd1559b68d67688884d7a3d3e8c
11:19:22.938 @EMP002 系统管理员
11:19:22.939 @EMP033 cebfd1559b68d67688884d7a3d3e8c
11:21:43.092 @EMP002 系统管理员
11:21:43.093 @EMP033 cebfd1559b68d67688884d7a3d3e8c
11:23:14.705 @EMP002 系统管理员
11:23:14.706 @EMP033 cebfd1559b68d67688884d7a3d3e8c
11:24:03.633 @POW002 10002
11:24:03.634 @POW003 FormLineForAssPlan
11:24:03.634 @POW004 False
11:24:03.634 @POW005 False
11:24:03.634 @POW006 False
11:24:03.634 @POW007 False
11:24:03.635 @POW008 False
11:24:03.635 @POW009 False
11:24:03.635 @POW010 False
11:24:03.635 @POW011 False
11:24:03.635 @POW012 False
11:24:03.635 @POW013 False
11:24:03.636 @POW016 False
11:24:03.636 @POW017 False
11:24:03.636 @idx 66
11:24:03.642 @POW002 10002
11:24:03.642 @POW003 FormHardWareWork
11:24:03.642 @POW004 False
11:24:03.643 @POW005 True
11:24:03.643 @POW006 False
11:24:03.643 @POW007 False
11:24:03.643 @POW008 False
11:24:03.643 @POW009 False
11:24:03.643 @POW010 False
11:24:03.644 @POW011 False
11:24:03.644 @POW012 False
11:24:03.644 @POW013 False
11:24:03.644 @POW016 False
11:24:03.644 @POW017 False
11:24:03.645 @idx 71
11:24:03.648 @POW002 10002
11:24:03.649 @POW003 FormInjectionMolding
11:24:03.649 @POW004 False
11:24:03.649 @POW005 False
11:24:03.649 @POW006 False
11:24:03.649 @POW007 False
11:24:03.650 @POW008 False
11:24:03.650 @POW009 False
11:24:03.650 @POW010 False
11:24:03.650 @POW011 False
11:24:03.650 @POW012 False
11:24:03.651 @POW013 False
11:24:03.651 @POW016 False
11:24:03.651 @POW017 False
11:24:03.651 @idx 60
11:24:03.653 @POW002 10002
11:24:03.654 @POW003 FormEmployee
11:24:03.655 @POW004 False
11:24:03.655 @POW005 False
11:24:03.655 @POW006 False
11:24:03.656 @POW007 False
11:24:03.656 @POW008 False
11:24:03.656 @POW009 False
11:24:03.656 @POW010 False
11:24:03.656 @POW011 False
11:24:03.656 @POW012 False
11:24:03.657 @POW013 True
11:24:03.657 @POW016 False
11:24:03.657 @POW017 False
11:24:03.657 @idx 81
11:24:03.660 @POW002 10002
11:24:03.660 @POW003 FormLEGBoard
11:24:03.660 @POW004 False
11:24:03.660 @POW005 False
11:24:03.660 @POW006 False
11:24:03.660 @POW007 False
11:24:03.661 @POW008 False
11:24:03.661 @POW009 False
11:24:03.661 @POW010 False
11:24:03.661 @POW011 False
11:24:03.661 @POW012 False
11:24:03.661 @POW013 False
11:24:03.661 @POW016 True
11:24:03.661 @POW017 False
11:24:03.662 @idx 74
11:24:03.663 @POW002 10002
11:24:03.663 @POW003 FormLEGNews
11:24:03.663 @POW004 False
11:24:03.663 @POW005 False
11:24:03.664 @POW006 False
11:24:03.664 @POW007 False
11:24:03.664 @POW008 False
11:24:03.664 @POW009 False
11:24:03.664 @POW010 False
11:24:03.665 @POW011 False
11:24:03.665 @POW012 False
11:24:03.665 @POW013 False
11:24:03.665 @POW016 False
11:24:03.665 @POW017 False
11:24:03.665 @idx 59
11:24:03.667 @POW002 10002
11:24:03.667 @POW003 FormPaintBoard
11:24:03.667 @POW004 False
11:24:03.667 @POW005 True
11:24:03.667 @POW006 False
11:24:03.668 @POW007 False
11:24:03.668 @POW008 False
11:24:03.668 @POW009 False
11:24:03.668 @POW010 False
11:24:03.668 @POW011 False
11:24:03.668 @POW012 False
11:24:03.668 @POW013 False
11:24:03.668 @POW016 False
11:24:03.668 @POW017 False
11:24:03.668 @idx 68
11:24:03.674 @POW002 10002
11:24:03.674 @POW003 FormSupplierForMould
11:24:03.675 @POW004 False
11:24:03.675 @POW005 False
11:24:03.675 @POW006 False
11:24:03.675 @POW007 False
11:24:03.675 @POW008 False
11:24:03.675 @POW009 False
11:24:03.677 @POW010 False
11:24:03.677 @POW011 False
11:24:03.677 @POW012 False
11:24:03.677 @POW013 False
11:24:03.677 @POW016 False
11:24:03.677 @POW017 False
11:24:03.677 @idx 83
11:24:03.680 @POW002 10002
11:24:03.680 @POW003 FormBoarSet
11:24:03.680 @POW004 False
11:24:03.681 @POW005 False
11:24:03.681 @POW006 False
11:24:03.681 @POW007 False
11:24:03.681 @POW008 False
11:24:03.681 @POW009 False
11:24:03.681 @POW010 False
11:24:03.681 @POW011 False
11:24:03.681 @POW012 False
11:24:03.682 @POW013 False
11:24:03.682 @POW016 False
11:24:03.682 @POW017 False
11:24:03.682 @idx 58
11:24:03.683 @POW002 10002
11:24:03.683 @POW003 FormPaintNewspaper
11:24:03.683 @POW004 False
11:24:03.684 @POW005 False
11:24:03.684 @POW006 False
11:24:03.684 @POW007 False
11:24:03.684 @POW008 False
11:24:03.684 @POW009 False
11:24:03.684 @POW010 False
11:24:03.684 @POW011 False
11:24:03.685 @POW012 False
11:24:03.685 @POW013 False
11:24:03.685 @POW016 False
11:24:03.685 @POW017 False
11:24:03.685 @idx 70
11:24:03.687 @POW002 10002
11:24:03.687 @POW003 FormProductPlanPreview
11:24:03.687 @POW004 False
11:24:03.687 @POW005 False
11:24:03.687 @POW006 True
11:24:03.687 @POW007 False
11:24:03.688 @POW008 False
11:24:03.688 @POW009 False
11:24:03.688 @POW010 False
11:24:03.688 @POW011 False
11:24:03.688 @POW012 False
11:24:03.688 @POW013 False
11:24:03.688 @POW016 False
11:24:03.688 @POW017 False
11:24:03.688 @idx 62
11:24:03.690 @POW002 10002
11:24:03.690 @POW003 FormPurchaseBoard
11:24:03.690 @POW004 True
11:24:03.691 @POW005 False
11:24:03.691 @POW006 False
11:24:03.691 @POW007 False
11:24:03.691 @POW008 False
11:24:03.691 @POW009 False
11:24:03.691 @POW010 False
11:24:03.691 @POW011 False
11:24:03.692 @POW012 False
11:24:03.693 @POW013 False
11:24:03.693 @POW016 False
11:24:03.693 @POW017 False
11:24:03.693 @idx 61
11:24:03.694 @POW002 10002
11:24:03.694 @POW003 FormLEDNewsPaper
11:24:03.694 @POW004 False
11:24:03.695 @POW005 False
11:24:03.695 @POW006 False
11:24:03.695 @POW007 False
11:24:03.695 @POW008 False
11:24:03.695 @POW009 False
11:24:03.695 @POW010 False
11:24:03.695 @POW011 False
11:24:03.695 @POW012 False
11:24:03.696 @POW013 False
11:24:03.696 @POW016 False
11:24:03.696 @POW017 False
11:24:03.696 @idx 75
11:24:03.697 @POW002 10002
11:24:03.698 @POW003 FormHardBoard
11:24:03.698 @POW004 False
11:24:03.698 @POW005 False
11:24:03.698 @POW006 False
11:24:03.698 @POW007 False
11:24:03.698 @POW008 False
11:24:03.698 @POW009 False
11:24:03.699 @POW010 False
11:24:03.699 @POW011 False
11:24:03.699 @POW012 False
11:24:03.699 @POW013 False
11:24:03.699 @POW016 True
11:24:03.699 @POW017 False
11:24:03.699 @idx 63
11:24:03.701 @POW002 10002
11:24:03.701 @POW003 FormAssBoard
11:24:03.701 @POW004 False
11:24:03.701 @POW005 False
11:24:03.701 @POW006 False
11:24:03.701 @POW007 False
11:24:03.702 @POW008 False
11:24:03.702 @POW009 False
11:24:03.702 @POW010 False
11:24:03.702 @POW011 False
11:24:03.702 @POW012 False
11:24:03.702 @POW013 True
11:24:03.702 @POW016 False
11:24:03.703 @POW017 False
11:24:03.703 @idx 80
11:24:03.704 @POW002 10002
11:24:03.704 @POW003 FormLogisticsNew
11:24:03.704 @POW004 False
11:24:03.704 @POW005 False
11:24:03.704 @POW006 False
11:24:03.704 @POW007 False
11:24:03.705 @POW008 False
11:24:03.705 @POW009 False
11:24:03.705 @POW010 False
11:24:03.705 @POW011 False
11:24:03.705 @POW012 False
11:24:03.705 @POW013 False
11:24:03.705 @POW016 False
11:24:03.705 @POW017 False
11:24:03.705 @idx 76
11:24:03.706 @POW002 10002
11:24:03.707 @POW003 FormMachinePlat
11:24:03.707 @POW004 False
11:24:03.707 @POW005 False
11:24:03.707 @POW006 False
11:24:03.707 @POW007 False
11:24:03.707 @POW008 False
11:24:03.707 @POW009 False
11:24:03.707 @POW010 False
11:24:03.708 @POW011 False
11:24:03.708 @POW012 False
11:24:03.708 @POW013 False
11:24:03.708 @POW016 False
11:24:03.708 @POW017 False
11:24:03.708 @idx 72
11:24:03.709 @POW002 10002
11:24:03.709 @POW003 FormInjectionBoard
11:24:03.709 @POW004 False
11:24:03.710 @POW005 False
11:24:03.710 @POW006 False
11:24:03.710 @POW007 False
11:24:03.710 @POW008 False
11:24:03.710 @POW009 False
11:24:03.710 @POW010 False
11:24:03.710 @POW011 False
11:24:03.710 @POW012 False
11:24:03.711 @POW013 False
11:24:03.711 @POW016 False
11:24:03.711 @POW017 False
11:24:03.711 @idx 69
11:24:03.712 @POW002 10002
11:24:03.712 @POW003 FormSemiPlanView
11:24:03.712 @POW004 False
11:24:03.712 @POW005 False
11:24:03.712 @POW006 True
11:24:03.713 @POW007 False
11:24:03.713 @POW008 False
11:24:03.713 @POW009 False
11:24:03.713 @POW010 False
11:24:03.713 @POW011 False
11:24:03.713 @POW012 False
11:24:03.713 @POW013 True
11:24:03.713 @POW016 False
11:24:03.713 @POW017 False
11:24:03.714 @idx 77
11:24:03.714 @POW002 10002
11:24:03.715 @POW003 FormArt
11:24:03.715 @POW004 False
11:24:03.715 @POW005 False
11:24:03.715 @POW006 False
11:24:03.715 @POW007 False
11:24:03.715 @POW008 False
11:24:03.715 @POW009 False
11:24:03.715 @POW010 False
11:24:03.716 @POW011 False
11:24:03.716 @POW012 False
11:24:03.716 @POW013 False
11:24:03.716 @POW016 False
11:24:03.716 @POW017 False
11:24:03.716 @idx 78
11:24:03.718 @POW002 10002
11:24:03.718 @POW003 FormLEEBoard
11:24:03.718 @POW004 True
11:24:03.722 @POW005 False
11:24:03.723 @POW006 False
11:24:03.723 @POW007 False
11:24:03.723 @POW008 False
11:24:03.723 @POW009 False
11:24:03.723 @POW010 False
11:24:03.723 @POW011 False
11:24:03.723 @POW012 False
11:24:03.724 @POW013 False
11:24:03.724 @POW016 False
11:24:03.724 @POW017 False
11:24:03.724 @idx 64
11:24:03.725 @POW002 10002
11:24:03.725 @POW003 FormPurProductView
11:24:03.726 @POW004 False
11:24:03.726 @POW005 False
11:24:03.726 @POW006 False
11:24:03.726 @POW007 False
11:24:03.726 @POW008 False
11:24:03.726 @POW009 False
11:24:03.726 @POW010 False
11:24:03.727 @POW011 False
11:24:03.727 @POW012 False
11:24:03.727 @POW013 False
11:24:03.727 @POW016 False
11:24:03.727 @POW017 False
11:24:03.727 @idx 65
11:24:03.729 @POW002 10002
11:24:03.729 @POW003 FormAssNewWorkEnclosure
11:24:03.729 @POW004 False
11:24:03.729 @POW005 False
11:24:03.729 @POW006 False
11:24:03.729 @POW007 False
11:24:03.730 @POW008 False
11:24:03.730 @POW009 False
11:24:03.730 @POW010 False
11:24:03.730 @POW011 False
11:24:03.730 @POW012 False
11:24:03.730 @POW013 False
11:24:03.731 @POW016 False
11:24:03.731 @POW017 False
11:24:03.731 @idx 67
11:24:03.733 @POW002 10002
11:24:03.733 @POW003 FormMouldInformation
11:24:03.733 @POW004 False
11:24:03.734 @POW005 False
11:24:03.734 @POW006 False
11:24:03.734 @POW007 False
11:24:03.734 @POW008 False
11:24:03.734 @POW009 False
11:24:03.735 @POW010 False
11:24:03.735 @POW011 False
11:24:03.735 @POW012 False
11:24:03.735 @POW013 False
11:24:03.736 @POW016 False
11:24:03.736 @POW017 False
11:24:03.736 @idx 82
11:24:03.738 @POW002 10002
11:24:03.738 @POW003 FormWages
11:24:03.738 @POW004 False
11:24:03.739 @POW005 False
11:24:03.739 @POW006 True
11:24:03.739 @POW007 False
11:24:03.739 @POW008 False
11:24:03.739 @POW009 False
11:24:03.739 @POW010 False
11:24:03.739 @POW011 False
11:24:03.740 @POW012 False
11:24:03.740 @POW013 False
11:24:03.740 @POW016 False
11:24:03.740 @POW017 False
11:24:03.740 @idx 73
11:24:03.741 @POW002 10002
11:24:03.741 @POW003 FormAssNewWork
11:24:03.742 @POW004 False
11:24:03.742 @POW005 False
11:24:03.742 @POW006 False
11:24:03.742 @POW007 False
11:24:03.742 @POW008 False
11:24:03.742 @POW009 False
11:24:03.742 @POW010 False
11:24:03.743 @POW011 False
11:24:03.743 @POW012 False
11:24:03.743 @POW013 False
11:24:03.743 @POW016 False
11:24:03.743 @POW017 False
11:24:03.743 @idx 79
11:24:14.213 @POW002 10002
11:24:14.214 @POW003 FormSemiPlanView
11:24:14.214 @POW004 False
11:24:14.215 @POW005 False
11:24:14.215 @POW006 True
11:24:14.216 @POW007 False
11:24:14.218 @POW008 False
11:24:14.219 @POW009 False
11:24:14.219 @POW010 False
11:24:14.219 @POW011 False
11:24:14.220 @POW012 False
11:24:14.220 @POW013 True
11:24:14.220 @POW016 False
11:24:14.221 @POW017 False
11:24:14.221 @idx 77
11:24:14.227 @POW002 10002
11:24:14.227 @POW003 FormLEEBoard
11:24:14.228 @POW004 True
11:24:14.228 @POW005 False
11:24:14.228 @POW006 False
11:24:14.228 @POW007 False
11:24:14.229 @POW008 False
11:24:14.229 @POW009 False
11:24:14.229 @POW010 False
11:24:14.229 @POW011 False
11:24:14.233 @POW012 False
11:24:14.233 @POW013 False
11:24:14.233 @POW016 False
11:24:14.233 @POW017 False
11:24:14.236 @idx 64
11:24:14.240 @POW002 10002
11:24:14.241 @POW003 FormEmployee
11:24:14.241 @POW004 False
11:24:14.241 @POW005 False
11:24:14.241 @POW006 False
11:24:14.242 @POW007 False
11:24:14.242 @POW008 False
11:24:14.243 @POW009 False
11:24:14.243 @POW010 False
11:24:14.243 @POW011 False
11:24:14.243 @POW012 False
11:24:14.244 @POW013 True
11:24:14.244 @POW016 False
11:24:14.244 @POW017 False
11:24:14.244 @idx 81
11:24:14.247 @POW002 10002
11:24:14.248 @POW003 FormHardWareWork
11:24:14.248 @POW004 False
11:24:14.248 @POW005 True
11:24:14.248 @POW006 False
11:24:14.249 @POW007 False
11:24:14.249 @POW008 False
11:24:14.249 @POW009 False
11:24:14.250 @POW010 False
11:24:14.250 @POW011 False
11:24:14.250 @POW012 False
11:24:14.250 @POW013 False
11:24:14.250 @POW016 False
11:24:14.250 @POW017 False
11:24:14.251 @idx 71
11:24:14.252 @POW002 10002
11:24:14.252 @POW003 FormBoarSet
11:24:14.253 @POW004 False
11:24:14.253 @POW005 False
11:24:14.253 @POW006 False
11:24:14.253 @POW007 False
11:24:14.253 @POW008 False
11:24:14.253 @POW009 False
11:24:14.254 @POW010 False
11:24:14.254 @POW011 False
11:24:14.254 @POW012 False
11:24:14.254 @POW013 False
11:24:14.254 @POW016 False
11:24:14.254 @POW017 False
11:24:14.255 @idx 58
11:24:14.256 @POW002 10002
11:24:14.256 @POW003 FormInjectionMolding
11:24:14.256 @POW004 True
11:24:14.256 @POW005 False
11:24:14.257 @POW006 False
11:24:14.257 @POW007 False
11:24:14.257 @POW008 False
11:24:14.257 @POW009 False
11:24:14.257 @POW010 False
11:24:14.257 @POW011 False
11:24:14.258 @POW012 False
11:24:14.258 @POW013 True
11:24:14.258 @POW016 False
11:24:14.258 @POW017 False
11:24:14.258 @idx 60
11:24:14.260 @POW002 10002
11:24:14.260 @POW003 FormAssBoard
11:24:14.260 @POW004 False
11:24:14.260 @POW005 False
11:24:14.260 @POW006 False
11:24:14.260 @POW007 False
11:24:14.261 @POW008 False
11:24:14.261 @POW009 False
11:24:14.261 @POW010 False
11:24:14.261 @POW011 False
11:24:14.261 @POW012 False
11:24:14.261 @POW013 True
11:24:14.261 @POW016 False
11:24:14.261 @POW017 False
11:24:14.261 @idx 80
11:24:14.264 @POW002 10002
11:24:14.264 @POW003 FormHardBoard
11:24:14.264 @POW004 True
11:24:14.264 @POW005 False
11:24:14.264 @POW006 False
11:24:14.264 @POW007 False
11:24:14.264 @POW008 False
11:24:14.264 @POW009 False
11:24:14.265 @POW010 False
11:24:14.265 @POW011 False
11:24:14.265 @POW012 False
11:24:14.265 @POW013 False
11:24:14.265 @POW016 True
11:24:14.265 @POW017 False
11:24:14.265 @idx 63
11:24:14.267 @POW002 10002
11:24:14.267 @POW003 FormInjectionBoard
11:24:14.267 @POW004 False
11:24:14.267 @POW005 False
11:24:14.267 @POW006 False
11:24:14.267 @POW007 False
11:24:14.268 @POW008 False
11:24:14.268 @POW009 False
11:24:14.268 @POW010 False
11:24:14.268 @POW011 False
11:24:14.268 @POW012 False
11:24:14.268 @POW013 False
11:24:14.268 @POW016 False
11:24:14.268 @POW017 False
11:24:14.268 @idx 69
11:24:14.270 @POW002 10002
11:24:14.270 @POW003 FormPaintNewspaper
11:24:14.270 @POW004 False
11:24:14.270 @POW005 False
11:24:14.270 @POW006 False
11:24:14.270 @POW007 False
11:24:14.271 @POW008 False
11:24:14.271 @POW009 False
11:24:14.271 @POW010 False
11:24:14.271 @POW011 False
11:24:14.271 @POW012 False
11:24:14.271 @POW013 True
11:24:14.272 @POW016 False
11:24:14.272 @POW017 False
11:24:14.272 @idx 70
11:24:14.273 @POW002 10002
11:24:14.273 @POW003 FormMouldInformation
11:24:14.273 @POW004 False
11:24:14.274 @POW005 False
11:24:14.274 @POW006 False
11:24:14.274 @POW007 False
11:24:14.274 @POW008 False
11:24:14.274 @POW009 False
11:24:14.274 @POW010 False
11:24:14.274 @POW011 False
11:24:14.274 @POW012 False
11:24:14.275 @POW013 False
11:24:14.275 @POW016 False
11:24:14.275 @POW017 False
11:24:14.275 @idx 82
11:24:14.276 @POW002 10002
11:24:14.276 @POW003 FormLogisticsNew
11:24:14.276 @POW004 False
11:24:14.276 @POW005 False
11:24:14.276 @POW006 False
11:24:14.277 @POW007 False
11:24:14.277 @POW008 False
11:24:14.277 @POW009 False
11:24:14.277 @POW010 False
11:24:14.277 @POW011 False
11:24:14.277 @POW012 False
11:24:14.277 @POW013 True
11:24:14.277 @POW016 False
11:24:14.277 @POW017 False
11:24:14.278 @idx 76
11:24:14.279 @POW002 10002
11:24:14.279 @POW003 FormMachinePlat
11:24:14.279 @POW004 False
11:24:14.279 @POW005 True
11:24:14.279 @POW006 False
11:24:14.279 @POW007 False
11:24:14.279 @POW008 False
11:24:14.279 @POW009 False
11:24:14.279 @POW010 False
11:24:14.280 @POW011 False
11:24:14.280 @POW012 False
11:24:14.280 @POW013 False
11:24:14.280 @POW016 False
11:24:14.280 @POW017 False
11:24:14.280 @idx 72
11:24:14.281 @POW002 10002
11:24:14.281 @POW003 FormSupplierForMould
11:24:14.281 @POW004 False
11:24:14.281 @POW005 False
11:24:14.282 @POW006 False
11:24:14.282 @POW007 False
11:24:14.282 @POW008 False
11:24:14.282 @POW009 False
11:24:14.282 @POW010 False
11:24:14.282 @POW011 False
11:24:14.283 @POW012 False
11:24:14.283 @POW013 False
11:24:14.283 @POW016 False
11:24:14.284 @POW017 False
11:24:14.284 @idx 83
11:24:14.285 @POW002 10002
11:24:14.285 @POW003 FormLineForAssPlan
11:24:14.285 @POW004 False
11:24:14.285 @POW005 False
11:24:14.285 @POW006 False
11:24:14.286 @POW007 False
11:24:14.286 @POW008 False
11:24:14.286 @POW009 False
11:24:14.286 @POW010 False
11:24:14.286 @POW011 False
11:24:14.286 @POW012 False
11:24:14.286 @POW013 False
11:24:14.286 @POW016 False
11:24:14.286 @POW017 False
11:24:14.287 @idx 66
11:24:14.288 @POW002 10002
11:24:14.288 @POW003 FormLEGBoard
11:24:14.288 @POW004 False
11:24:14.288 @POW005 False
11:24:14.288 @POW006 False
11:24:14.288 @POW007 False
11:24:14.288 @POW008 False
11:24:14.288 @POW009 False
11:24:14.288 @POW010 False
11:24:14.289 @POW011 False
11:24:14.289 @POW012 False
11:24:14.289 @POW013 False
11:24:14.289 @POW016 True
11:24:14.289 @POW017 False
11:24:14.289 @idx 74
11:24:14.290 @POW002 10002
11:24:14.290 @POW003 FormPaintBoard
11:24:14.291 @POW004 False
11:24:14.291 @POW005 True
11:24:14.291 @POW006 False
11:24:14.291 @POW007 False
11:24:14.291 @POW008 False
11:24:14.291 @POW009 False
11:24:14.291 @POW010 False
11:24:14.292 @POW011 False
11:24:14.292 @POW012 False
11:24:14.292 @POW013 False
11:24:14.292 @POW016 False
11:24:14.292 @POW017 False
11:24:14.293 @idx 68
11:24:14.294 @POW002 10002
11:24:14.294 @POW003 FormAssNewWork
11:24:14.294 @POW004 False
11:24:14.294 @POW005 False
11:24:14.294 @POW006 False
11:24:14.294 @POW007 False
11:24:14.294 @POW008 False
11:24:14.295 @POW009 False
11:24:14.295 @POW010 False
11:24:14.295 @POW011 False
11:24:14.295 @POW012 False
11:24:14.295 @POW013 False
11:24:14.295 @POW016 False
11:24:14.295 @POW017 False
11:24:14.295 @idx 79
11:24:14.296 @POW002 10002
11:24:14.297 @POW003 FormProductPlanPreview
11:24:14.297 @POW004 False
11:24:14.297 @POW005 False
11:24:14.297 @POW006 True
11:24:14.297 @POW007 False
11:24:14.297 @POW008 False
11:24:14.297 @POW009 False
11:24:14.298 @POW010 False
11:24:14.298 @POW011 False
11:24:14.298 @POW012 False
11:24:14.298 @POW013 False
11:24:14.298 @POW016 False
11:24:14.298 @POW017 False
11:24:14.298 @idx 62
11:24:14.299 @POW002 10002
11:24:14.299 @POW003 FormPurProductView
11:24:14.299 @POW004 False
11:24:14.300 @POW005 False
11:24:14.300 @POW006 False
11:24:14.300 @POW007 False
11:24:14.300 @POW008 False
11:24:14.300 @POW009 False
11:24:14.300 @POW010 False
11:24:14.300 @POW011 False
11:24:14.300 @POW012 False
11:24:14.300 @POW013 False
11:24:14.301 @POW016 False
11:24:14.301 @POW017 False
11:24:14.301 @idx 65
11:24:14.302 @POW002 10002
11:24:14.302 @POW003 FormLEGNews
11:24:14.302 @POW004 False
11:24:14.302 @POW005 False
11:24:14.302 @POW006 True
11:24:14.302 @POW007 False
11:24:14.302 @POW008 False
11:24:14.303 @POW009 False
11:24:14.303 @POW010 False
11:24:14.303 @POW011 False
11:24:14.303 @POW012 False
11:24:14.303 @POW013 False
11:24:14.303 @POW016 False
11:24:14.303 @POW017 False
11:24:14.303 @idx 59
11:24:14.304 @POW002 10002
11:24:14.304 @POW003 FormArt
11:24:14.305 @POW004 False
11:24:14.305 @POW005 False
11:24:14.305 @POW006 False
11:24:14.305 @POW007 False
11:24:14.305 @POW008 False
11:24:14.305 @POW009 False
11:24:14.305 @POW010 False
11:24:14.305 @POW011 False
11:24:14.305 @POW012 False
11:24:14.306 @POW013 False
11:24:14.306 @POW016 False
11:24:14.306 @POW017 False
11:24:14.306 @idx 78
11:24:14.307 @POW002 10002
11:24:14.307 @POW003 FormPurchaseBoard
11:24:14.307 @POW004 True
11:24:14.308 @POW005 False
11:24:14.308 @POW006 False
11:24:14.308 @POW007 False
11:24:14.308 @POW008 False
11:24:14.308 @POW009 False
11:24:14.309 @POW010 False
11:24:14.309 @POW011 False
11:24:14.309 @POW012 False
11:24:14.309 @POW013 False
11:24:14.309 @POW016 False
11:24:14.309 @POW017 False
11:24:14.310 @idx 61
11:24:14.311 @POW002 10002
11:24:14.311 @POW003 FormAssNewWorkEnclosure
11:24:14.311 @POW004 False
11:24:14.311 @POW005 False
11:24:14.311 @POW006 False
11:24:14.311 @POW007 False
11:24:14.311 @POW008 False
11:24:14.311 @POW009 False
11:24:14.312 @POW010 False
11:24:14.312 @POW011 False
11:24:14.312 @POW012 False
11:24:14.312 @POW013 False
11:24:14.312 @POW016 False
11:24:14.312 @POW017 False
11:24:14.312 @idx 67
11:24:14.313 @POW002 10002
11:24:14.313 @POW003 FormLEDNewsPaper
11:24:14.314 @POW004 False
11:24:14.314 @POW005 False
11:24:14.314 @POW006 False
11:24:14.314 @POW007 False
11:24:14.314 @POW008 False
11:24:14.314 @POW009 False
11:24:14.314 @POW010 False
11:24:14.315 @POW011 False
11:24:14.315 @POW012 False
11:24:14.315 @POW013 False
11:24:14.315 @POW016 False
11:24:14.315 @POW017 False
11:24:14.315 @idx 75
11:24:14.316 @POW002 10002
11:24:14.317 @POW003 FormWages
11:24:14.317 @POW004 False
11:24:14.317 @POW005 False
11:24:14.317 @POW006 True
11:24:14.317 @POW007 False
11:24:14.317 @POW008 False
11:24:14.317 @POW009 False
11:24:14.317 @POW010 False
11:24:14.317 @POW011 False
11:24:14.318 @POW012 False
11:24:14.318 @POW013 False
11:24:14.318 @POW016 False
11:24:14.318 @POW017 False
11:24:14.318 @idx 73
11:24:23.738 @POW002 10002
11:24:23.738 @POW003 FormInjectionMolding
11:24:23.739 @POW004 True
11:24:23.739 @POW005 False
11:24:23.739 @POW006 False
11:24:23.739 @POW007 False
11:24:23.739 @POW008 False
11:24:23.739 @POW009 False
11:24:23.739 @POW010 False
11:24:23.739 @POW011 False
11:24:23.739 @POW012 False
11:24:23.740 @POW013 True
11:24:23.740 @POW016 False
11:24:23.740 @POW017 False
11:24:23.740 @idx 60
11:24:23.743 @POW002 10002
11:24:23.743 @POW003 FormProductPlanPreview
11:24:23.743 @POW004 False
11:24:23.744 @POW005 False
11:24:23.744 @POW006 True
11:24:23.744 @POW007 False
11:24:23.744 @POW008 False
11:24:23.744 @POW009 False
11:24:23.744 @POW010 False
11:24:23.744 @POW011 False
11:24:23.744 @POW012 False
11:24:23.744 @POW013 True
11:24:23.745 @POW016 False
11:24:23.745 @POW017 False
11:24:23.745 @idx 62
11:24:23.747 @POW002 10002
11:24:23.747 @POW003 FormArt
11:24:23.747 @POW004 False
11:24:23.747 @POW005 False
11:24:23.747 @POW006 False
11:24:23.747 @POW007 False
11:24:23.748 @POW008 False
11:24:23.748 @POW009 False
11:24:23.748 @POW010 False
11:24:23.748 @POW011 False
11:24:23.748 @POW012 False
11:24:23.748 @POW013 False
11:24:23.748 @POW016 False
11:24:23.748 @POW017 False
11:24:23.748 @idx 78
11:24:23.750 @POW002 10002
11:24:23.750 @POW003 FormInjectionBoard
11:24:23.750 @POW004 False
11:24:23.750 @POW005 False
11:24:23.750 @POW006 False
11:24:23.750 @POW007 False
11:24:23.751 @POW008 False
11:24:23.751 @POW009 False
11:24:23.751 @POW010 False
11:24:23.751 @POW011 False
11:24:23.751 @POW012 False
11:24:23.751 @POW013 True
11:24:23.751 @POW016 False
11:24:23.751 @POW017 False
11:24:23.751 @idx 69
11:24:23.753 @POW002 10002
11:24:23.753 @POW003 FormLineForAssPlan
11:24:23.753 @POW004 False
11:24:23.753 @POW005 False
11:24:23.753 @POW006 False
11:24:23.753 @POW007 False
11:24:23.754 @POW008 False
11:24:23.754 @POW009 False
11:24:23.754 @POW010 False
11:24:23.754 @POW011 False
11:24:23.754 @POW012 False
11:24:23.754 @POW013 False
11:24:23.754 @POW016 False
11:24:23.754 @POW017 False
11:24:23.754 @idx 66
11:24:23.756 @POW002 10002
11:24:23.756 @POW003 FormAssNewWork
11:24:23.756 @POW004 False
11:24:23.756 @POW005 False
11:24:23.756 @POW006 False
11:24:23.756 @POW007 False
11:24:23.756 @POW008 False
11:24:23.757 @POW009 False
11:24:23.757 @POW010 False
11:24:23.757 @POW011 False
11:24:23.757 @POW012 False
11:24:23.757 @POW013 False
11:24:23.757 @POW016 False
11:24:23.757 @POW017 False
11:24:23.757 @idx 79
11:24:23.759 @POW002 10002
11:24:23.759 @POW003 FormPurProductView
11:24:23.759 @POW004 False
11:24:23.759 @POW005 False
11:24:23.759 @POW006 False
11:24:23.759 @POW007 False
11:24:23.759 @POW008 False
11:24:23.760 @POW009 False
11:24:23.760 @POW010 False
11:24:23.760 @POW011 False
11:24:23.760 @POW012 False
11:24:23.760 @POW013 False
11:24:23.760 @POW016 False
11:24:23.761 @POW017 False
11:24:23.761 @idx 65
11:24:23.762 @POW002 10002
11:24:23.762 @POW003 FormSemiPlanView
11:24:23.762 @POW004 False
11:24:23.763 @POW005 False
11:24:23.763 @POW006 True
11:24:23.763 @POW007 False
11:24:23.763 @POW008 False
11:24:23.763 @POW009 False
11:24:23.763 @POW010 False
11:24:23.763 @POW011 False
11:24:23.764 @POW012 False
11:24:23.764 @POW013 True
11:24:23.764 @POW016 False
11:24:23.764 @POW017 False
11:24:23.764 @idx 77
11:24:23.766 @POW002 10002
11:24:23.766 @POW003 FormPaintNewspaper
11:24:23.767 @POW004 False
11:24:23.767 @POW005 False
11:24:23.767 @POW006 False
11:24:23.767 @POW007 False
11:24:23.767 @POW008 False
11:24:23.767 @POW009 False
11:24:23.768 @POW010 False
11:24:23.768 @POW011 False
11:24:23.768 @POW012 False
11:24:23.768 @POW013 True
11:24:23.768 @POW016 False
11:24:23.769 @POW017 False
11:24:23.769 @idx 70
11:24:23.770 @POW002 10002
11:24:23.770 @POW003 FormHardBoard
11:24:23.770 @POW004 True
11:24:23.770 @POW005 False
11:24:23.771 @POW006 False
11:24:23.771 @POW007 False
11:24:23.771 @POW008 False
11:24:23.771 @POW009 False
11:24:23.771 @POW010 False
11:24:23.771 @POW011 False
11:24:23.772 @POW012 False
11:24:23.772 @POW013 False
11:24:23.772 @POW016 True
11:24:23.772 @POW017 False
11:24:23.772 @idx 63
11:24:23.774 @POW002 10002
11:24:23.774 @POW003 FormBoarSet
11:24:23.774 @POW004 False
11:24:23.774 @POW005 False
11:24:23.775 @POW006 False
11:24:23.775 @POW007 False
11:24:23.775 @POW008 False
11:24:23.775 @POW009 False
11:24:23.775 @POW010 False
11:24:23.775 @POW011 False
11:24:23.776 @POW012 False
11:24:23.776 @POW013 False
11:24:23.776 @POW016 False
11:24:23.776 @POW017 False
11:24:23.776 @idx 58
11:24:23.778 @POW002 10002
11:24:23.778 @POW003 FormPurchaseBoard
11:24:23.778 @POW004 True
11:24:23.778 @POW005 False
11:24:23.778 @POW006 False
11:24:23.778 @POW007 False
11:24:23.778 @POW008 False
11:24:23.779 @POW009 False
11:24:23.779 @POW010 False
11:24:23.779 @POW011 False
11:24:23.779 @POW012 False
11:24:23.779 @POW013 False
11:24:23.780 @POW016 False
11:24:23.781 @POW017 False
11:24:23.781 @idx 61
11:24:23.783 @POW002 10002
11:24:23.783 @POW003 FormLEGNews
11:24:23.783 @POW004 False
11:24:23.783 @POW005 False
11:24:23.784 @POW006 True
11:24:23.784 @POW007 False
11:24:23.784 @POW008 False
11:24:23.784 @POW009 False
11:24:23.784 @POW010 False
11:24:23.784 @POW011 False
11:24:23.785 @POW012 False
11:24:23.785 @POW013 True
11:24:23.785 @POW016 False
11:24:23.785 @POW017 False
11:24:23.785 @idx 59
11:24:23.786 @POW002 10002
11:24:23.787 @POW003 FormLEDNewsPaper
11:24:23.787 @POW004 False
11:24:23.787 @POW005 False
11:24:23.787 @POW006 False
11:24:23.787 @POW007 False
11:24:23.788 @POW008 False
11:24:23.788 @POW009 False
11:24:23.788 @POW010 False
11:24:23.788 @POW011 False
11:24:23.788 @POW012 False
11:24:23.788 @POW013 False
11:24:23.789 @POW016 False
11:24:23.789 @POW017 False
11:24:23.789 @idx 75
11:24:23.790 @POW002 10002
11:24:23.790 @POW003 FormLogisticsNew
11:24:23.790 @POW004 False
11:24:23.791 @POW005 False
11:24:23.791 @POW006 False
11:24:23.791 @POW007 False
11:24:23.791 @POW008 False
11:24:23.791 @POW009 False
11:24:23.791 @POW010 False
11:24:23.792 @POW011 False
11:24:23.792 @POW012 False
11:24:23.792 @POW013 True
11:24:23.792 @POW016 False
11:24:23.792 @POW017 False
11:24:23.793 @idx 76
11:24:23.794 @POW002 10002
11:24:23.794 @POW003 FormEmployee
11:24:23.795 @POW004 False
11:24:23.795 @POW005 False
11:24:23.795 @POW006 False
11:24:23.795 @POW007 False
11:24:23.795 @POW008 False
11:24:23.795 @POW009 False
11:24:23.796 @POW010 False
11:24:23.796 @POW011 False
11:24:23.796 @POW012 False
11:24:23.796 @POW013 True
11:24:23.796 @POW016 False
11:24:23.796 @POW017 False
11:24:23.797 @idx 81
11:24:23.798 @POW002 10002
11:24:23.798 @POW003 FormSupplierForMould
11:24:23.798 @POW004 False
11:24:23.798 @POW005 False
11:24:23.799 @POW006 False
11:24:23.799 @POW007 False
11:24:23.799 @POW008 False
11:24:23.799 @POW009 False
11:24:23.799 @POW010 False
11:24:23.800 @POW011 False
11:24:23.800 @POW012 False
11:24:23.800 @POW013 False
11:24:23.800 @POW016 False
11:24:23.800 @POW017 False
11:24:23.800 @idx 83
11:24:23.802 @POW002 10002
11:24:23.802 @POW003 FormMouldInformation
11:24:23.802 @POW004 False
11:24:23.802 @POW005 False
11:24:23.802 @POW006 False
11:24:23.802 @POW007 False
11:24:23.803 @POW008 False
11:24:23.803 @POW009 False
11:24:23.803 @POW010 False
11:24:23.803 @POW011 False
11:24:23.803 @POW012 False
11:24:23.803 @POW013 False
11:24:23.804 @POW016 False
11:24:23.804 @POW017 False
11:24:23.804 @idx 82
11:24:23.805 @POW002 10002
11:24:23.805 @POW003 FormWages
11:24:23.805 @POW004 False
11:24:23.806 @POW005 False
11:24:23.806 @POW006 True
11:24:23.806 @POW007 False
11:24:23.806 @POW008 False
11:24:23.806 @POW009 False
11:24:23.806 @POW010 False
11:24:23.807 @POW011 False
11:24:23.807 @POW012 False
11:24:23.807 @POW013 False
11:24:23.807 @POW016 False
11:24:23.807 @POW017 False
11:24:23.807 @idx 73
11:24:23.810 @POW002 10002
11:24:23.810 @POW003 FormAssBoard
11:24:23.810 @POW004 False
11:24:23.810 @POW005 False
11:24:23.811 @POW006 False
11:24:23.811 @POW007 False
11:24:23.811 @POW008 False
11:24:23.811 @POW009 False
11:24:23.811 @POW010 False
11:24:23.812 @POW011 False
11:24:23.812 @POW012 False
11:24:23.812 @POW013 True
11:24:23.812 @POW016 False
11:24:23.812 @POW017 False
11:24:23.812 @idx 80
11:24:23.814 @POW002 10002
11:24:23.814 @POW003 FormLEGBoard
11:24:23.814 @POW004 False
11:24:23.814 @POW005 False
11:24:23.815 @POW006 False
11:24:23.815 @POW007 False
11:24:23.815 @POW008 False
11:24:23.816 @POW009 False
11:24:23.816 @POW010 False
11:24:23.816 @POW011 False
11:24:23.816 @POW012 False
11:24:23.816 @POW013 True
11:24:23.817 @POW016 True
11:24:23.817 @POW017 False
11:24:23.817 @idx 74
11:24:23.818 @POW002 10002
11:24:23.818 @POW003 FormMachinePlat
11:24:23.819 @POW004 False
11:24:23.819 @POW005 True
11:24:23.819 @POW006 False
11:24:23.819 @POW007 False
11:24:23.819 @POW008 False
11:24:23.819 @POW009 False
11:24:23.820 @POW010 False
11:24:23.820 @POW011 False
11:24:23.820 @POW012 False
11:24:23.820 @POW013 True
11:24:23.820 @POW016 False
11:24:23.821 @POW017 False
11:24:23.821 @idx 72
11:24:23.822 @POW002 10002
11:24:23.823 @POW003 FormAssNewWorkEnclosure
11:24:23.823 @POW004 False
11:24:23.823 @POW005 False
11:24:23.823 @POW006 False
11:24:23.823 @POW007 False
11:24:23.823 @POW008 False
11:24:23.824 @POW009 False
11:24:23.824 @POW010 False
11:24:23.824 @POW011 False
11:24:23.824 @POW012 False
11:24:23.824 @POW013 False
11:24:23.825 @POW016 False
11:24:23.825 @POW017 False
11:24:23.825 @idx 67
11:24:23.826 @POW002 10002
11:24:23.826 @POW003 FormPaintBoard
11:24:23.826 @POW004 False
11:24:23.827 @POW005 True
11:24:23.827 @POW006 False
11:24:23.827 @POW007 False
11:24:23.827 @POW008 False
11:24:23.827 @POW009 False
11:24:23.827 @POW010 False
11:24:23.828 @POW011 False
11:24:23.828 @POW012 False
11:24:23.828 @POW013 True
11:24:23.828 @POW016 False
11:24:23.828 @POW017 False
11:24:23.828 @idx 68
11:24:23.830 @POW002 10002
11:24:23.830 @POW003 FormLEEBoard
11:24:23.830 @POW004 True
11:24:23.830 @POW005 False
11:24:23.830 @POW006 False
11:24:23.830 @POW007 False
11:24:23.831 @POW008 False
11:24:23.831 @POW009 False
11:24:23.831 @POW010 False
11:24:23.831 @POW011 False
11:24:23.831 @POW012 False
11:24:23.831 @POW013 False
11:24:23.831 @POW016 False
11:24:23.832 @POW017 False
11:24:23.832 @idx 64
11:24:23.833 @POW002 10002
11:24:23.834 @POW003 FormHardWareWork
11:24:23.834 @POW004 False
11:24:23.834 @POW005 True
11:24:23.834 @POW006 False
11:24:23.834 @POW007 False
11:24:23.834 @POW008 False
11:24:23.834 @POW009 False
11:24:23.835 @POW010 False
11:24:23.835 @POW011 False
11:24:23.835 @POW012 False
11:24:23.835 @POW013 True
11:24:23.835 @POW016 False
11:24:23.835 @POW017 False
11:24:23.836 @idx 71
11:24:43.560 @POW002 10003
11:24:43.561 @POW003 FormLEEBoard
11:24:43.561 @POW004 False
11:24:43.562 @POW005 False
11:24:43.562 @POW006 False
11:24:43.562 @POW007 False
11:24:43.562 @POW008 False
11:24:43.563 @POW009 False
11:24:43.563 @POW010 False
11:24:43.563 @POW011 False
11:24:43.564 @POW012 False
11:24:43.564 @POW013 False
11:24:43.564 @POW016 False
11:24:43.564 @POW017 False
11:24:43.574 @POW002 10003
11:24:43.574 @POW003 FormBoarSet
11:24:43.575 @POW004 False
11:24:43.575 @POW005 False
11:24:43.575 @POW006 False
11:24:43.576 @POW007 False
11:24:43.576 @POW008 False
11:24:43.576 @POW009 False
11:24:43.576 @POW010 False
11:24:43.577 @POW011 False
11:24:43.577 @POW012 False
11:24:43.577 @POW013 True
11:24:43.578 @POW016 False
11:24:43.578 @POW017 False
11:24:43.583 @POW002 10003
11:24:43.584 @POW003 FormInjectionBoard
11:24:43.584 @POW004 False
11:24:43.586 @POW005 False
11:24:43.586 @POW006 False
11:24:43.587 @POW007 False
11:24:43.587 @POW008 False
11:24:43.587 @POW009 False
11:24:43.587 @POW010 False
11:24:43.588 @POW011 False
11:24:43.588 @POW012 False
11:24:43.588 @POW013 False
11:24:43.589 @POW016 False
11:24:43.589 @POW017 False
11:24:43.591 @POW002 10003
11:24:43.591 @POW003 FormPurchaseBoard
11:24:43.591 @POW004 False
11:24:43.591 @POW005 False
11:24:43.591 @POW006 False
11:24:43.592 @POW007 False
11:24:43.592 @POW008 False
11:24:43.592 @POW009 False
11:24:43.592 @POW010 False
11:24:43.592 @POW011 False
11:24:43.592 @POW012 False
11:24:43.592 @POW013 False
11:24:43.592 @POW016 False
11:24:43.592 @POW017 False
11:24:43.594 @POW002 10003
11:24:43.594 @POW003 FormLEDNewsPaper
11:24:43.594 @POW004 False
11:24:43.594 @POW005 False
11:24:43.594 @POW006 False
11:24:43.594 @POW007 False
11:24:43.595 @POW008 False
11:24:43.595 @POW009 False
11:24:43.595 @POW010 False
11:24:43.595 @POW011 False
11:24:43.595 @POW012 False
11:24:43.595 @POW013 False
11:24:43.595 @POW016 False
11:24:43.596 @POW017 False
11:24:43.598 @POW002 10003
11:24:43.598 @POW003 FormLEGBoard
11:24:43.598 @POW004 True
11:24:43.598 @POW005 False
11:24:43.598 @POW006 False
11:24:43.599 @POW007 False
11:24:43.599 @POW008 False
11:24:43.599 @POW009 False
11:24:43.599 @POW010 False
11:24:43.599 @POW011 False
11:24:43.599 @POW012 False
11:24:43.599 @POW013 False
11:24:43.599 @POW016 False
11:24:43.600 @POW017 False
11:24:43.601 @POW002 10003
11:24:43.601 @POW003 FormEmployee
11:24:43.601 @POW004 False
11:24:43.601 @POW005 False
11:24:43.602 @POW006 False
11:24:43.602 @POW007 False
11:24:43.602 @POW008 False
11:24:43.602 @POW009 False
11:24:43.602 @POW010 False
11:24:43.602 @POW011 False
11:24:43.602 @POW012 False
11:24:43.602 @POW013 False
11:24:43.603 @POW016 False
11:24:43.603 @POW017 False
11:24:43.604 @POW002 10003
11:24:43.604 @POW003 FormAssNewWork
11:24:43.604 @POW004 False
11:24:43.604 @POW005 False
11:24:43.604 @POW006 False
11:24:43.605 @POW007 False
11:24:43.605 @POW008 False
11:24:43.605 @POW009 False
11:24:43.605 @POW010 False
11:24:43.605 @POW011 False
11:24:43.605 @POW012 False
11:24:43.605 @POW013 False
11:24:43.606 @POW016 False
11:24:43.606 @POW017 False
11:24:43.607 @POW002 10003
11:24:43.607 @POW003 FormArt
11:24:43.607 @POW004 False
11:24:43.607 @POW005 False
11:24:43.608 @POW006 False
11:24:43.608 @POW007 False
11:24:43.608 @POW008 False
11:24:43.608 @POW009 False
11:24:43.608 @POW010 False
11:24:43.608 @POW011 False
11:24:43.608 @POW012 False
11:24:43.609 @POW013 False
11:24:43.609 @POW016 False
11:24:43.609 @POW017 False
11:24:43.610 @POW002 10003
11:24:43.610 @POW003 FormInjectionMolding
11:24:43.610 @POW004 True
11:24:43.610 @POW005 False
11:24:43.610 @POW006 False
11:24:43.611 @POW007 False
11:24:43.611 @POW008 False
11:24:43.611 @POW009 False
11:24:43.611 @POW010 False
11:24:43.611 @POW011 False
11:24:43.611 @POW012 False
11:24:43.611 @POW013 True
11:24:43.611 @POW016 False
11:24:43.611 @POW017 False
11:24:43.612 @POW002 10003
11:24:43.613 @POW003 FormSupplierForMould
11:24:43.613 @POW004 False
11:24:43.613 @POW005 False
11:24:43.613 @POW006 False
11:24:43.613 @POW007 False
11:24:43.613 @POW008 False
11:24:43.613 @POW009 False
11:24:43.613 @POW010 False
11:24:43.613 @POW011 False
11:24:43.614 @POW012 False
11:24:43.614 @POW013 False
11:24:43.614 @POW016 False
11:24:43.614 @POW017 False
11:24:43.615 @POW002 10003
11:24:43.615 @POW003 FormPurProductView
11:24:43.615 @POW004 False
11:24:43.615 @POW005 False
11:24:43.615 @POW006 False
11:24:43.616 @POW007 False
11:24:43.616 @POW008 False
11:24:43.616 @POW009 False
11:24:43.616 @POW010 False
11:24:43.616 @POW011 False
11:24:43.616 @POW012 False
11:24:43.616 @POW013 False
11:24:43.616 @POW016 False
11:24:43.616 @POW017 False
11:24:43.618 @POW002 10003
11:24:43.618 @POW003 FormSemiPlanView
11:24:43.618 @POW004 False
11:24:43.618 @POW005 False
11:24:43.618 @POW006 False
11:24:43.618 @POW007 False
11:24:43.619 @POW008 False
11:24:43.619 @POW009 False
11:24:43.619 @POW010 False
11:24:43.619 @POW011 False
11:24:43.619 @POW012 False
11:24:43.619 @POW013 False
11:24:43.619 @POW016 False
11:24:43.619 @POW017 False
11:24:43.621 @POW002 10003
11:24:43.621 @POW003 FormProductPlanPreview
11:24:43.621 @POW004 False
11:24:43.621 @POW005 False
11:24:43.621 @POW006 False
11:24:43.621 @POW007 False
11:24:43.622 @POW008 False
11:24:43.622 @POW009 False
11:24:43.622 @POW010 False
11:24:43.622 @POW011 False
11:24:43.622 @POW012 False
11:24:43.622 @POW013 False
11:24:43.622 @POW016 False
11:24:43.623 @POW017 False
11:24:43.624 @POW002 10003
11:24:43.624 @POW003 FormHardWareWork
11:24:43.624 @POW004 True
11:24:43.624 @POW005 False
11:24:43.625 @POW006 False
11:24:43.625 @POW007 False
11:24:43.625 @POW008 False
11:24:43.625 @POW009 False
11:24:43.625 @POW010 False
11:24:43.625 @POW011 False
11:24:43.626 @POW012 False
11:24:43.626 @POW013 False
11:24:43.626 @POW016 False
11:24:43.626 @POW017 False
11:24:43.627 @POW002 10003
11:24:43.627 @POW003 FormPaintNewspaper
11:24:43.627 @POW004 False
11:24:43.628 @POW005 False
11:24:43.628 @POW006 False
11:24:43.628 @POW007 False
11:24:43.628 @POW008 False
11:24:43.628 @POW009 False
11:24:43.628 @POW010 False
11:24:43.628 @POW011 False
11:24:43.629 @POW012 False
11:24:43.629 @POW013 False
11:24:43.629 @POW016 False
11:24:43.629 @POW017 False
11:24:43.630 @POW002 10003
11:24:43.631 @POW003 FormLogisticsNew
11:24:43.631 @POW004 True
11:24:43.631 @POW005 False
11:24:43.631 @POW006 False
11:24:43.631 @POW007 False
11:24:43.631 @POW008 False
11:24:43.631 @POW009 False
11:24:43.631 @POW010 False
11:24:43.631 @POW011 False
11:24:43.632 @POW012 False
11:24:43.632 @POW013 False
11:24:43.632 @POW016 False
11:24:43.632 @POW017 False
11:24:43.634 @POW002 10003
11:24:43.634 @POW003 FormAssBoard
11:24:43.634 @POW004 False
11:24:43.634 @POW005 False
11:24:43.634 @POW006 False
11:24:43.634 @POW007 False
11:24:43.634 @POW008 False
11:24:43.635 @POW009 False
11:24:43.635 @POW010 False
11:24:43.635 @POW011 False
11:24:43.635 @POW012 False
11:24:43.635 @POW013 False
11:24:43.635 @POW016 False
11:24:43.636 @POW017 False
11:24:43.637 @POW002 10003
11:24:43.637 @POW003 FormMachinePlat
11:24:43.637 @POW004 False
11:24:43.637 @POW005 False
11:24:43.637 @POW006 False
11:24:43.638 @POW007 False
11:24:43.638 @POW008 False
11:24:43.638 @POW009 False
11:24:43.638 @POW010 False
11:24:43.638 @POW011 False
11:24:43.638 @POW012 False
11:24:43.638 @POW013 False
11:24:43.638 @POW016 False
11:24:43.639 @POW017 False
11:24:43.639 @POW002 10003
11:24:43.640 @POW003 FormMouldInformation
11:24:43.640 @POW004 False
11:24:43.640 @POW005 False
11:24:43.640 @POW006 False
11:24:43.640 @POW007 False
11:24:43.640 @POW008 False
11:24:43.641 @POW009 False
11:24:43.641 @POW010 False
11:24:43.641 @POW011 False
11:24:43.642 @POW012 False
11:24:43.642 @POW013 False
11:24:43.642 @POW016 False
11:24:43.642 @POW017 False
11:24:43.643 @POW002 10003
11:24:43.643 @POW003 FormLineForAssPlan
11:24:43.644 @POW004 False
11:24:43.644 @POW005 False
11:24:43.644 @POW006 False
11:24:43.644 @POW007 False
11:24:43.644 @POW008 False
11:24:43.644 @POW009 False
11:24:43.644 @POW010 False
11:24:43.644 @POW011 False
11:24:43.644 @POW012 False
11:24:43.645 @POW013 False
11:24:43.645 @POW016 False
11:24:43.645 @POW017 False
11:24:43.646 @POW002 10003
11:24:43.646 @POW003 FormAssNewWorkEnclosure
11:24:43.646 @POW004 False
11:24:43.646 @POW005 False
11:24:43.646 @POW006 False
11:24:43.647 @POW007 False
11:24:43.647 @POW008 False
11:24:43.647 @POW009 False
11:24:43.647 @POW010 False
11:24:43.647 @POW011 False
11:24:43.647 @POW012 False
11:24:43.648 @POW013 False
11:24:43.648 @POW016 False
11:24:43.648 @POW017 False
11:24:43.649 @POW002 10003
11:24:43.649 @POW003 FormHardBoard
11:24:43.649 @POW004 False
11:24:43.649 @POW005 False
11:24:43.650 @POW006 False
11:24:43.650 @POW007 False
11:24:43.650 @POW008 False
11:24:43.650 @POW009 False
11:24:43.650 @POW010 False
11:24:43.650 @POW011 False
11:24:43.650 @POW012 False
11:24:43.650 @POW013 False
11:24:43.650 @POW016 False
11:24:43.651 @POW017 False
11:24:43.652 @POW002 10003
11:24:43.652 @POW003 FormWages
11:24:43.652 @POW004 False
11:24:43.652 @POW005 False
11:24:43.652 @POW006 False
11:24:43.652 @POW007 False
11:24:43.652 @POW008 False
11:24:43.653 @POW009 False
11:24:43.653 @POW010 False
11:24:43.653 @POW011 False
11:24:43.653 @POW012 False
11:24:43.653 @POW013 False
11:24:43.653 @POW016 False
11:24:43.653 @POW017 False
11:24:43.655 @POW002 10003
11:24:43.655 @POW003 FormPaintBoard
11:24:43.655 @POW004 True
11:24:43.655 @POW005 False
11:24:43.655 @POW006 False
11:24:43.655 @POW007 False
11:24:43.655 @POW008 False
11:24:43.656 @POW009 False
11:24:43.656 @POW010 False
11:24:43.656 @POW011 False
11:24:43.656 @POW012 False
11:24:43.656 @POW013 True
11:24:43.656 @POW016 False
11:24:43.656 @POW017 False
11:24:43.657 @POW002 10003
11:24:43.658 @POW003 FormLEGNews
11:24:43.658 @POW004 False
11:24:43.658 @POW005 False
11:24:43.658 @POW006 False
11:24:43.658 @POW007 False
11:24:43.658 @POW008 False
11:24:43.658 @POW009 False
11:24:43.658 @POW010 False
11:24:43.658 @POW011 False
11:24:43.659 @POW012 False
11:24:43.659 @POW013 False
11:24:43.659 @POW016 False
11:24:43.659 @POW017 False
