14:35:34.649 @EMP002 系统管理员
14:35:34.650 @EMP033 cebfd1559b68d67688884d7a3d3e8c
14:40:41.393 @EMP002 系统管理员
14:40:41.393 @EMP033 cebfd1559b68d67688884d7a3d3e8c
14:43:44.779 @EMP002 系统管理员
14:43:44.779 @EMP033 cebfd1559b68d67688884d7a3d3e8c
14:44:23.306 @EMP002 系统管理员
14:44:23.307 @EMP033 cebfd1559b68d67688884d7a3d3e8c
14:45:31.279 @EMP002 系统管理员
14:45:31.279 @EMP033 cebfd1559b68d67688884d7a3d3e8c
14:46:03.847 @EMP002 系统管理员
14:46:03.853 @EMP033 cebfd1559b68d67688884d7a3d3e8c
14:52:43.068 @EMP002 系统管理员
14:52:43.069 @EMP033 cebfd1559b68d67688884d7a3d3e8c
14:54:27.134 @ANW001 20181224001
14:54:27.134 @ANW010 0507
14:54:27.134 @ANW011 总装车间
14:54:27.135 @ANW012 050701
14:54:27.135 @ANW013 1线
14:54:27.135 @ANW014 计件
14:54:27.135 @ANW015 2018/12/24 8:20:00
14:54:27.135 @ANW016 2018/12/25 7:00:00
14:54:27.135 @ANW017 
14:54:27.135 @ANW018 
14:54:27.135 @ANW019 
14:54:27.136 @ANW020 False
14:54:27.136 @ANW021 False
14:54:27.136 @ANW022 2018/12/24 0:00:00
14:54:27.136 @ANW023 0
14:54:27.136 @ANW024 0
14:54:27.136 @ANW025 系统管理员
14:54:27.147 @ANX001 20181224001
14:54:27.147 @ANX002 10140
14:54:27.148 @ANX003 刘兴贵
14:54:27.148 @ANX004 装配工
14:54:27.148 @ANX005 2018/12/24 8:20:00
14:54:27.148 @ANX006 2018/12/25 7:00:00
14:54:27.148 @ANX007 
14:54:27.149 @ANX008 
14:54:27.149 @ANX009 0
14:54:27.149 @ANX010 0
14:54:27.149 @ANX011 在职
14:54:27.149 @ANX012 
14:54:27.149 @ANX013 
14:54:27.149 @ANX014 1线
14:54:27.149 @ANX015 22.7
14:54:27.149 @ANX016 0
14:54:27.150 @ANX017 83.6
14:54:27.156 @ANX001 20181224001
14:54:27.156 @ANX002 10141
14:54:27.156 @ANX003 王振宇
14:54:27.156 @ANX004 装配工
14:54:27.157 @ANX005 2018/12/24 8:20:00
14:54:27.157 @ANX006 2018/12/25 7:00:00
14:54:27.157 @ANX007 
14:54:27.157 @ANX008 
14:54:27.157 @ANX009 0
14:54:27.158 @ANX010 0
14:54:27.158 @ANX011 在职
14:54:27.158 @ANX012 
14:54:27.158 @ANX013 
14:54:27.159 @ANX014 1线
14:54:27.159 @ANX015 22.7
14:54:27.159 @ANX016 0
14:54:27.160 @ANX017 83.6
14:54:27.161 @ANX001 20181224001
14:54:27.162 @ANX002 10142
14:54:27.162 @ANX003 钟成菊
14:54:27.162 @ANX004 装配工
14:54:27.162 @ANX005 2018/12/24 8:20:00
14:54:27.162 @ANX006 2018/12/25 7:00:00
14:54:27.163 @ANX007 
14:54:27.163 @ANX008 
14:54:27.163 @ANX009 0
14:54:27.163 @ANX010 0
14:54:27.163 @ANX011 在职
14:54:27.164 @ANX012 
14:54:27.164 @ANX013 
14:54:27.164 @ANX014 1线
14:54:27.164 @ANX015 22.7
14:54:27.164 @ANX016 0
14:54:27.164 @ANX017 83.6
14:54:27.172 @ANX001 20181224001
14:54:27.173 @ANX002 10143
14:54:27.173 @ANX003 赵成鹏
14:54:27.173 @ANX004 装配工
14:54:27.173 @ANX005 2018/12/24 8:20:00
14:54:27.174 @ANX006 2018/12/25 7:00:00
14:54:27.174 @ANX007 
14:54:27.174 @ANX008 
14:54:27.174 @ANX009 0
14:54:27.174 @ANX010 0
14:54:27.175 @ANX011 在职
14:54:27.175 @ANX012 
14:54:27.175 @ANX013 
14:54:27.175 @ANX014 1线
14:54:27.175 @ANX015 22.7
14:54:27.176 @ANX016 0
14:54:27.176 @ANX017 83.6
14:54:27.178 @ANX001 20181224001
14:54:27.178 @ANX002 10144
14:54:27.178 @ANX003 何万华
14:54:27.178 @ANX004 装配工
14:54:27.178 @ANX005 2018/12/24 8:20:00
14:54:27.179 @ANX006 2018/12/25 7:00:00
14:54:27.179 @ANX007 
14:54:27.179 @ANX008 
14:54:27.179 @ANX009 0
14:54:27.180 @ANX010 0
14:54:27.180 @ANX011 在职
14:54:27.180 @ANX012 
14:54:27.180 @ANX013 
14:54:27.180 @ANX014 1线
14:54:27.181 @ANX015 22.7
14:54:27.181 @ANX016 0
14:54:27.181 @ANX017 83.6
14:54:27.188 @ANX001 20181224001
14:54:27.188 @ANX002 10145
14:54:27.188 @ANX003 严云芹
14:54:27.188 @ANX004 装配工
14:54:27.188 @ANX005 2018/12/24 8:20:00
14:54:27.188 @ANX006 2018/12/25 7:00:00
14:54:27.189 @ANX007 
14:54:27.189 @ANX008 
14:54:27.189 @ANX009 0
14:54:27.189 @ANX010 0
14:54:27.189 @ANX011 在职
14:54:27.189 @ANX012 
14:54:27.190 @ANX013 
14:54:27.190 @ANX014 1线
14:54:27.190 @ANX015 22.7
14:54:27.190 @ANX016 0
14:54:27.190 @ANX017 83.6
14:54:27.192 @ANX001 20181224001
14:54:27.193 @ANX002 10146
14:54:27.193 @ANX003 马小千
14:54:27.193 @ANX004 装配工
14:54:27.193 @ANX005 2018/12/24 8:20:00
14:54:27.193 @ANX006 2018/12/25 7:00:00
14:54:27.193 @ANX007 
14:54:27.193 @ANX008 
14:54:27.194 @ANX009 0
14:54:27.194 @ANX010 0
14:54:27.194 @ANX011 在职
14:54:27.194 @ANX012 
14:54:27.194 @ANX013 
14:54:27.194 @ANX014 1线
14:54:27.194 @ANX015 22.7
14:54:27.194 @ANX016 0
14:54:27.195 @ANX017 83.6
14:54:27.198 @ANX001 20181224001
14:54:27.198 @ANX002 10147
14:54:27.198 @ANX003 周顺
14:54:27.199 @ANX004 装配工
14:54:27.199 @ANX005 2018/12/24 8:20:00
14:54:27.199 @ANX006 2018/12/25 7:00:00
14:54:27.199 @ANX007 
14:54:27.199 @ANX008 
14:54:27.200 @ANX009 0
14:54:27.200 @ANX010 0
14:54:27.200 @ANX011 在职
14:54:27.200 @ANX012 
14:54:27.200 @ANX013 
14:54:27.201 @ANX014 1线
14:54:27.201 @ANX015 22.7
14:54:27.201 @ANX016 0
14:54:27.201 @ANX017 83.6
14:54:27.203 @ANX001 20181224001
14:54:27.203 @ANX002 10148
14:54:27.203 @ANX003 龙付咪
14:54:27.204 @ANX004 装配工
14:54:27.204 @ANX005 2018/12/24 8:20:00
14:54:27.204 @ANX006 2018/12/25 7:00:00
14:54:27.204 @ANX007 
14:54:27.204 @ANX008 
14:54:27.204 @ANX009 0
14:54:27.205 @ANX010 0
14:54:27.205 @ANX011 在职
14:54:27.205 @ANX012 
14:54:27.205 @ANX013 
14:54:27.205 @ANX014 1线
14:54:27.205 @ANX015 22.7
14:54:27.206 @ANX016 0
14:54:27.206 @ANX017 83.6
14:54:27.208 @ANX001 20181224001
14:54:27.208 @ANX002 10150
14:54:27.208 @ANX003 刘高发
14:54:27.209 @ANX004 装配工
14:54:27.209 @ANX005 2018/12/24 8:20:00
14:54:27.209 @ANX006 2018/12/25 7:00:00
14:54:27.209 @ANX007 
14:54:27.209 @ANX008 
14:54:27.210 @ANX009 0
14:54:27.210 @ANX010 0
14:54:27.210 @ANX011 在职
14:54:27.210 @ANX012 
14:54:27.210 @ANX013 
14:54:27.211 @ANX014 1线
14:54:27.211 @ANX015 22.7
14:54:27.211 @ANX016 0
14:54:27.211 @ANX017 83.6
14:54:27.215 @ANX001 20181224001
14:54:27.215 @ANX002 10151
14:54:27.216 @ANX003 吴张英
14:54:27.216 @ANX004 装配工
14:54:27.216 @ANX005 2018/12/24 8:20:00
14:54:27.216 @ANX006 2018/12/25 7:00:00
14:54:27.216 @ANX007 
14:54:27.216 @ANX008 
14:54:27.217 @ANX009 0
14:54:27.217 @ANX010 0
14:54:27.217 @ANX011 在职
14:54:27.217 @ANX012 
14:54:27.217 @ANX013 
14:54:27.217 @ANX014 1线
14:54:27.218 @ANX015 22.7
14:54:27.218 @ANX016 0
14:54:27.218 @ANX017 83.6
14:54:27.220 @ANX001 20181224001
14:54:27.220 @ANX002 10152
14:54:27.220 @ANX003 杨犁
14:54:27.221 @ANX004 装配工
14:54:27.221 @ANX005 2018/12/24 8:20:00
14:54:27.221 @ANX006 2018/12/25 7:00:00
14:54:27.221 @ANX007 
14:54:27.221 @ANX008 
14:54:27.221 @ANX009 0
14:54:27.221 @ANX010 0
14:54:27.222 @ANX011 在职
14:54:27.222 @ANX012 
14:54:27.222 @ANX013 
14:54:27.222 @ANX014 1线
14:54:27.222 @ANX015 22.7
14:54:27.223 @ANX016 0
14:54:27.223 @ANX017 83.6
14:54:27.226 @ANX001 20181224001
14:54:27.226 @ANX002 10153
14:54:27.226 @ANX003 熊洪才
14:54:27.226 @ANX004 装配工
14:54:27.226 @ANX005 2018/12/24 8:20:00
14:54:27.227 @ANX006 2018/12/25 7:00:00
14:54:27.227 @ANX007 
14:54:27.227 @ANX008 
14:54:27.227 @ANX009 0
14:54:27.228 @ANX010 0
14:54:27.228 @ANX011 在职
14:54:27.228 @ANX012 
14:54:27.228 @ANX013 
14:54:27.228 @ANX014 1线
14:54:27.229 @ANX015 22.7
14:54:27.229 @ANX016 0
14:54:27.229 @ANX017 83.6
14:54:27.233 @ANX001 20181224001
14:54:27.234 @ANX002 10154
14:54:27.234 @ANX003 代开容
14:54:27.234 @ANX004 装配工
14:54:27.234 @ANX005 2018/12/24 8:20:00
14:54:27.234 @ANX006 2018/12/25 7:00:00
14:54:27.235 @ANX007 
14:54:27.235 @ANX008 
14:54:27.235 @ANX009 0
14:54:27.235 @ANX010 0
14:54:27.235 @ANX011 在职
14:54:27.236 @ANX012 
14:54:27.236 @ANX013 
14:54:27.236 @ANX014 1线
14:54:27.236 @ANX015 22.7
14:54:27.236 @ANX016 0
14:54:27.236 @ANX017 83.6
14:54:27.238 @ANX001 20181224001
14:54:27.238 @ANX002 10155
14:54:27.238 @ANX003 尹宗丹
14:54:27.239 @ANX004 装配工
14:54:27.239 @ANX005 2018/12/24 8:20:00
14:54:27.239 @ANX006 2018/12/25 7:00:00
14:54:27.239 @ANX007 
14:54:27.240 @ANX008 
14:54:27.240 @ANX009 0
14:54:27.240 @ANX010 0
14:54:27.240 @ANX011 在职
14:54:27.241 @ANX012 
14:54:27.241 @ANX013 
14:54:27.241 @ANX014 1线
14:54:27.241 @ANX015 22.7
14:54:27.242 @ANX016 0
14:54:27.242 @ANX017 83.6
14:54:27.243 @ANX001 20181224001
14:54:27.244 @ANX002 10156
14:54:27.244 @ANX003 朱正高
14:54:27.244 @ANX004 装配工
14:54:27.244 @ANX005 2018/12/24 8:20:00
14:54:27.245 @ANX006 2018/12/25 7:00:00
14:54:27.245 @ANX007 
14:54:27.245 @ANX008 
14:54:27.245 @ANX009 0
14:54:27.246 @ANX010 0
14:54:27.246 @ANX011 在职
14:54:27.246 @ANX012 
14:54:27.246 @ANX013 
14:54:27.247 @ANX014 1线
14:54:27.247 @ANX015 22.7
14:54:27.247 @ANX016 0
14:54:27.247 @ANX017 83.6
14:54:27.250 @ANX001 20181224001
14:54:27.250 @ANX002 10157
14:54:27.251 @ANX003 卿廷群
14:54:27.251 @ANX004 装配工
14:54:27.251 @ANX005 2018/12/24 8:20:00
14:54:27.252 @ANX006 2018/12/25 7:00:00
14:54:27.252 @ANX007 
14:54:27.252 @ANX008 
14:54:27.252 @ANX009 0
14:54:27.252 @ANX010 0
14:54:27.253 @ANX011 在职
14:54:27.253 @ANX012 
14:54:27.253 @ANX013 
14:54:27.253 @ANX014 1线
14:54:27.254 @ANX015 22.7
14:54:27.254 @ANX016 0
14:54:27.254 @ANX017 83.6
14:54:27.256 @ANX001 20181224001
14:54:27.256 @ANX002 10158
14:54:27.256 @ANX003 邹修丽
14:54:27.256 @ANX004 装配工
14:54:27.256 @ANX005 2018/12/24 8:20:00
14:54:27.257 @ANX006 2018/12/25 7:00:00
14:54:27.257 @ANX007 
14:54:27.257 @ANX008 
14:54:27.257 @ANX009 0
14:54:27.257 @ANX010 0
14:54:27.258 @ANX011 在职
14:54:27.258 @ANX012 
14:54:27.258 @ANX013 
14:54:27.258 @ANX014 1线
14:54:27.259 @ANX015 22.7
14:54:27.259 @ANX016 0
14:54:27.259 @ANX017 83.6
14:54:27.261 @ANX001 20181224001
14:54:27.262 @ANX002 10159
14:54:27.262 @ANX003 徐永洪
14:54:27.262 @ANX004 装配工
14:54:27.262 @ANX005 2018/12/24 8:20:00
14:54:27.262 @ANX006 2018/12/25 7:00:00
14:54:27.263 @ANX007 
14:54:27.263 @ANX008 
14:54:27.263 @ANX009 0
14:54:27.263 @ANX010 0
14:54:27.263 @ANX011 在职
14:54:27.264 @ANX012 
14:54:27.266 @ANX013 
14:54:27.266 @ANX014 1线
14:54:27.266 @ANX015 22.7
14:54:27.266 @ANX016 0
14:54:27.267 @ANX017 83.6
14:54:27.268 @ANX001 20181224001
14:54:27.268 @ANX002 10160
14:54:27.269 @ANX003 刘仁燕
14:54:27.269 @ANX004 装配工
14:54:27.269 @ANX005 2018/12/24 8:20:00
14:54:27.269 @ANX006 2018/12/25 7:00:00
14:54:27.269 @ANX007 
14:54:27.270 @ANX008 
14:54:27.270 @ANX009 0
14:54:27.270 @ANX010 0
14:54:27.270 @ANX011 在职
14:54:27.271 @ANX012 
14:54:27.271 @ANX013 
14:54:27.271 @ANX014 1线
14:54:27.271 @ANX015 22.7
14:54:27.271 @ANX016 0
14:54:27.271 @ANX017 83.6
14:54:27.273 @ANX001 20181224001
14:54:27.273 @ANX002 10161
14:54:27.273 @ANX003 陈万珍
14:54:27.273 @ANX004 装配工
14:54:27.274 @ANX005 2018/12/24 8:20:00
14:54:27.274 @ANX006 2018/12/25 7:00:00
14:54:27.274 @ANX007 
14:54:27.274 @ANX008 
14:54:27.274 @ANX009 0
14:54:27.275 @ANX010 0
14:54:27.275 @ANX011 在职
14:54:27.275 @ANX012 
14:54:27.275 @ANX013 
14:54:27.275 @ANX014 1线
14:54:27.275 @ANX015 22.7
14:54:27.276 @ANX016 0
14:54:27.276 @ANX017 83.6
14:54:27.277 @ANX001 20181224001
14:54:27.277 @ANX002 10162
14:54:27.278 @ANX003 李义承
14:54:27.278 @ANX004 装配工
14:54:27.278 @ANX005 2018/12/24 8:20:00
14:54:27.278 @ANX006 2018/12/25 7:00:00
14:54:27.278 @ANX007 
14:54:27.279 @ANX008 
14:54:27.279 @ANX009 0
14:54:27.279 @ANX010 0
14:54:27.279 @ANX011 在职
14:54:27.279 @ANX012 
14:54:27.280 @ANX013 
14:54:27.280 @ANX014 1线
14:54:27.280 @ANX015 22.7
14:54:27.280 @ANX016 0
14:54:27.280 @ANX017 83.6
14:54:27.282 @ANX001 20181224001
14:54:27.282 @ANX002 10163
14:54:27.283 @ANX003 张义兵
14:54:27.283 @ANX004 装配工
14:54:27.283 @ANX005 2018/12/24 8:20:00
14:54:27.283 @ANX006 2018/12/25 7:00:00
14:54:27.283 @ANX007 
14:54:27.284 @ANX008 
14:54:27.284 @ANX009 0
14:54:27.284 @ANX010 0
14:54:27.284 @ANX011 在职
14:54:27.284 @ANX012 
14:54:27.285 @ANX013 
14:54:27.285 @ANX014 1线
14:54:27.285 @ANX015 22.7
14:54:27.285 @ANX016 0
14:54:27.285 @ANX017 83.6
14:54:27.287 @ANX001 20181224001
14:54:27.287 @ANX002 10164
14:54:27.287 @ANX003 韩会萍
14:54:27.287 @ANX004 装配工
14:54:27.288 @ANX005 2018/12/24 8:20:00
14:54:27.288 @ANX006 2018/12/25 7:00:00
14:54:27.288 @ANX007 
14:54:27.288 @ANX008 
14:54:27.288 @ANX009 0
14:54:27.288 @ANX010 0
14:54:27.289 @ANX011 在职
14:54:27.289 @ANX012 
14:54:27.289 @ANX013 
14:54:27.289 @ANX014 1线
14:54:27.290 @ANX015 22.7
14:54:27.290 @ANX016 0
14:54:27.290 @ANX017 83.6
14:54:27.291 @ANX001 20181224001
14:54:27.292 @ANX002 10165
14:54:27.292 @ANX003 国明秀
14:54:27.292 @ANX004 装配工
14:54:27.292 @ANX005 2018/12/24 8:20:00
14:54:27.293 @ANX006 2018/12/25 7:00:00
14:54:27.293 @ANX007 
14:54:27.293 @ANX008 
14:54:27.293 @ANX009 0
14:54:27.294 @ANX010 0
14:54:27.294 @ANX011 在职
14:54:27.294 @ANX012 
14:54:27.294 @ANX013 
14:54:27.294 @ANX014 1线
14:54:27.295 @ANX015 22.7
14:54:27.295 @ANX016 0
14:54:27.295 @ANX017 83.6
14:54:27.296 @ANN001 20181224001
14:54:27.297 @ANN002 GD201811240004
14:54:27.297 @ANN003 D200
14:54:27.297 @ANN004 D200-吉祥小宝
14:54:27.297 @ANN005 
14:54:27.297 @ANN006 台
14:54:27.298 @ANN007 2500
14:54:27.298 @ANN008 2.2
14:54:27.298 @ANN009 1000
14:54:27.298 @ANN010 
15:33:03.208 @EMP002 系统管理员
15:33:03.209 @EMP033 cebfd1559b68d67688884d7a3d3e8c
15:34:29.906 @EMP002 系统管理员
15:34:29.907 @EMP033 cebfd1559b68d67688884d7a3d3e8c
15:36:05.738 @EMP002 系统管理员
15:36:05.739 @EMP033 cebfd1559b68d67688884d7a3d3e8c
15:39:04.236 @EMP002 系统管理员
15:39:04.237 @EMP033 cebfd1559b68d67688884d7a3d3e8c
15:42:57.354 @EMP002 系统管理员
15:42:57.355 @EMP033 cebfd1559b68d67688884d7a3d3e8c
15:44:20.242 @EMP002 系统管理员
15:44:20.242 @EMP033 cebfd1559b68d67688884d7a3d3e8c
15:44:54.530 @EMP002 系统管理员
15:44:54.530 @EMP033 cebfd1559b68d67688884d7a3d3e8c
15:45:41.100 @EMP002 系统管理员
15:45:41.100 @EMP033 cebfd1559b68d67688884d7a3d3e8c
15:47:34.555 @EMP002 系统管理员
15:47:34.556 @EMP033 cebfd1559b68d67688884d7a3d3e8c
15:51:06.124 @EMP002 系统管理员
15:51:06.124 @EMP033 cebfd1559b68d67688884d7a3d3e8c
15:51:46.878 @EMP002 系统管理员
15:51:46.879 @EMP033 cebfd1559b68d67688884d7a3d3e8c
15:58:21.545 @EMP002 系统管理员
15:58:21.546 @EMP033 cebfd1559b68d67688884d7a3d3e8c
16:03:05.121 @EMP002 系统管理员
16:03:05.122 @EMP033 cebfd1559b68d67688884d7a3d3e8c
16:04:40.820 @ANT001 20181224001
16:04:40.820 @ANT002 0507
16:04:40.820 @ANT003 总装车间
16:04:40.821 @ANT004 050709
16:04:40.822 @ANT005 附件组
16:04:40.823 @ANT008 2018/12/24 0:00:00
16:04:40.823 @ANT009 0.5
16:04:40.823 @ANT010 0.5
16:04:40.823 @ANT011 计时
16:04:40.823 @ANT012 
16:04:40.824 @ANT013 系统管理员
16:04:40.824 @ANT014 
16:04:40.824 @ANT015 
16:04:40.835 @ANU001 20181224001
16:04:40.835 @ANU002 20181223002
16:04:40.836 @ANU003 GD201808080007
16:04:40.836 @ANU004 JYLF06-XM
16:04:40.836 @ANU005 JYLF06-XM-项目专用复合机
16:04:40.836 @ANU006 附件加工
16:04:40.836 @ANU007 0.23
16:04:40.837 @ANU008 050701
16:04:40.837 @ANU009 1线
16:04:40.837 @ANU010 300
16:04:40.837 @ANU011 500
16:04:40.837 @ANU012 
16:04:40.848 @ANV001 20181224001
16:04:40.848 @ANV002 10302
16:04:40.849 @ANV003 钟以芝
16:04:40.849 @ANV004 维修员
16:04:40.849 @ANV005 2018/12/24 8:00:00
16:04:40.849 @ANV006 2018/12/25 6:00:00
16:04:40.850 @ANV007 在职
16:04:40.850 @ANV008 附件组
16:04:40.850 @ANV009 21.0
16:04:40.851 @ANV010 231
16:04:40.851 @ANV011 
16:04:40.851 @ANV013 
16:04:40.851 @ANV014 
16:04:40.851 @ANV015 0
16:04:40.852 @ANV016 20
16:04:40.859 @ANV001 20181224001
16:04:40.859 @ANV002 10303
16:04:40.859 @ANV003 蒋世芬
16:04:40.859 @ANV004 维修员
16:04:40.860 @ANV005 2018/12/24 8:00:00
16:04:40.860 @ANV006 2018/12/25 6:00:00
16:04:40.860 @ANV007 在职
16:04:40.860 @ANV008 附件组
16:04:40.860 @ANV009 21.0
16:04:40.861 @ANV010 231
16:04:40.861 @ANV011 
16:04:40.861 @ANV013 
16:04:40.861 @ANV014 
16:04:40.862 @ANV015 0
16:04:40.862 @ANV016 8
16:04:40.867 @ANV001 20181224001
16:04:40.867 @ANV002 10304
16:04:40.868 @ANV003 李泽勋
16:04:40.868 @ANV004 维修员
16:04:40.868 @ANV005 2018/12/24 8:00:00
16:04:40.868 @ANV006 2018/12/25 6:00:00
16:04:40.868 @ANV007 在职
16:04:40.869 @ANV008 附件组
16:04:40.869 @ANV009 21.0
16:04:40.869 @ANV010 231
16:04:40.869 @ANV011 
16:04:40.869 @ANV013 
16:04:40.870 @ANV014 
16:04:40.870 @ANV015 0
16:04:40.870 @ANV016 8
16:04:40.873 @ANV001 20181224001
16:04:40.874 @ANV002 10305
16:04:40.874 @ANV003 龚代慧
16:04:40.874 @ANV004 维修员
16:04:40.874 @ANV005 2018/12/24 8:00:00
16:04:40.875 @ANV006 2018/12/25 6:00:00
16:04:40.875 @ANV007 在职
16:04:40.875 @ANV008 附件组
16:04:40.875 @ANV009 21.0
16:04:40.876 @ANV010 231
16:04:40.876 @ANV011 
16:04:40.876 @ANV013 
16:04:40.876 @ANV014 
16:04:40.876 @ANV015 0
16:04:40.877 @ANV016 8
16:07:54.780 @EMP002 系统管理员
16:07:54.780 @EMP033 cebfd1559b68d67688884d7a3d3e8c
