14:08:49.064 @EMP002 系统管理员
14:08:49.065 @EMP033 cebfd1559b68d67688884d7a3d3e8c
14:11:48.372 @PRF001 TCLJD-DQFY02
14:11:48.372 @PRF002 2018/12/11 0:00:00
14:11:48.372 @PRF003 0
14:11:48.378 @PRF001 TCLJD-DQFY02
14:11:48.378 @PRF002 2018/12/12 0:00:00
14:11:48.379 @PRF003 0
14:11:48.380 @PRF001 TCLJD-DQFY02
14:11:48.381 @PRF002 2018/12/27 0:00:00
14:11:48.381 @PRF003 500
14:11:48.385 @PRF001 TCLJD-DQFY02
14:11:48.385 @PRF002 2018/12/28 0:00:00
14:11:48.385 @PRF003 500
14:11:48.387 @PRF001 ZTHJ7-1A1
14:11:48.387 @PRF002 2018/12/20 0:00:00
14:11:48.388 @PRF003 20
14:11:48.390 @PRF001 ZTHJ7-1A1
14:11:48.390 @PRF002 2018/12/21 0:00:00
14:11:48.390 @PRF003 20
14:11:48.394 @PRF001 ZTHJ7-1A1
14:11:48.394 @PRF002 2018/12/22 0:00:00
14:11:48.394 @PRF003 20
14:11:48.397 @PRF001 ZTHJ7-1A1
14:11:48.397 @PRF002 2018/12/23 0:00:00
14:11:48.397 @PRF003 20
14:11:48.404 @PRF001 ZTHJ7-1A1
14:11:48.405 @PRF002 2018/12/24 0:00:00
14:11:48.405 @PRF003 20
14:11:48.406 @PRF001 ZTHJ7-1A1
14:11:48.407 @PRF002 2018/12/25 0:00:00
14:11:48.407 @PRF003 20
14:11:48.410 @PRF001 ZTHJ7-1A1
14:11:48.410 @PRF002 2018/12/26 0:00:00
14:11:48.410 @PRF003 30
14:11:48.412 @PRF001 ZTHJ7-1A1
14:11:48.412 @PRF002 2018/12/27 0:00:00
14:11:48.412 @PRF003 10
14:11:48.413 @PRF001 ZTHJ7-1A1
14:11:48.413 @PRF002 2018/12/28 0:00:00
14:11:48.414 @PRF003 20
14:11:48.415 @PRF001 ZTHJ7-1A1
14:11:48.415 @PRF002 2018/12/29 0:00:00
14:11:48.415 @PRF003 20
14:11:48.416 @PRF001 ZTHJ7-1A1
14:11:48.417 @PRF002 2018/12/30 0:00:00
14:11:48.417 @PRF003 20
14:11:48.418 @PRF001 ZTHJ7-1A1
14:11:48.418 @PRF002 2018/12/31 0:00:00
14:11:48.418 @PRF003 12
14:11:48.420 @PRF001 ZTHJ7-1A1
14:11:48.420 @PRF002 2019/1/1 0:00:00
14:11:48.421 @PRF003 28
14:11:48.422 @PRF001 ZTHJ7-1A1
14:11:48.423 @PRF002 2019/1/2 0:00:00
14:11:48.423 @PRF003 28
14:11:48.425 @PRF001 ZTHJ7-1A1
14:11:48.425 @PRF002 2019/1/3 0:00:00
14:11:48.425 @PRF003 12
14:11:48.426 @PRF001 ZTHJ7-1A1
14:11:48.426 @PRF002 2019/1/4 0:00:00
14:11:48.426 @PRF003 20
14:11:48.428 @PRF001 ZTHJ7-1A1
14:11:48.428 @PRF002 2019/1/5 0:00:00
14:11:48.428 @PRF003 20
14:11:48.431 @PRF001 ZTHJ7-1A1
14:11:48.431 @PRF002 2019/1/6 0:00:00
14:11:48.431 @PRF003 20
14:11:48.433 @PRF001 ZTHJ7-1A1
14:11:48.433 @PRF002 2019/1/7 0:00:00
14:11:48.433 @PRF003 20
14:11:48.434 @PRF001 ZTHJ7-1A1
14:11:48.434 @PRF002 2019/1/8 0:00:00
14:11:48.435 @PRF003 20
14:25:05.752 @EMP002 系统管理员
14:25:05.752 @EMP033 cebfd1559b68d67688884d7a3d3e8c
14:26:50.675 @EMP002 系统管理员
14:26:50.676 @EMP033 cebfd1559b68d67688884d7a3d3e8c
14:27:10.076 @EMP002 系统管理员
14:27:10.076 @EMP033 cebfd1559b68d67688884d7a3d3e8c
14:31:50.961 @EMP002 系统管理员
14:31:50.962 @EMP033 cebfd1559b68d67688884d7a3d3e8c
14:35:00.396 @EMP002 系统管理员
14:35:00.397 @EMP033 cebfd1559b68d67688884d7a3d3e8c
14:41:42.986 @EMP002 系统管理员
14:41:42.987 @EMP033 cebfd1559b68d67688884d7a3d3e8c
14:44:28.525 @EMP002 系统管理员
14:44:28.526 @EMP033 cebfd1559b68d67688884d7a3d3e8c
14:46:35.067 @EMP002 系统管理员
14:46:35.067 @EMP033 cebfd1559b68d67688884d7a3d3e8c
14:49:33.282 @EMP002 系统管理员
14:49:33.284 @EMP033 cebfd1559b68d67688884d7a3d3e8c
15:10:12.239 @EMP002 系统管理员
15:10:12.241 @EMP033 cebfd1559b68d67688884d7a3d3e8c
15:12:30.996 @EMP002 系统管理员
15:12:30.997 @EMP033 cebfd1559b68d67688884d7a3d3e8c
