11:29:37.449  异常信息：远程服务器返回错误: (500) 内部服务器错误。
  堆栈信息:   在 AutoUpdate.AppUpdate.DownloadFile(String url, String localFilePath) 位置 D:\ProjectData\MiKe\LineProductMes\LineProductMes\ClassForMain\AppUpdate.cs:行号 243
   在 AutoUpdate.AppUpdate.CheckAppVersion(String& msg) 位置 D:\ProjectData\MiKe\LineProductMes\LineProductMes\ClassForMain\AppUpdate.cs:行号 310
11:29:44.159 @EMP002 系统管理员
11:29:44.161 @EMP033 cebfd1559b68d67688884d7a3d3e8c
11:29:54.664 未将对象引用设置到对象的实例。
   在 StudentMgr.SqlHelper.ExecuteNoStoreTable(SqlParameter[] parameters) 位置 D:\ProjectData\MiKe\LineProductMes\LineProductMesBll\SqlHelper.cs:行号 459
11:29:54.677 未将对象引用设置到对象的实例。
   在 StudentMgr.SqlHelper.ExecuteNoStoreTable(SqlParameter[] parameters) 位置 D:\ProjectData\MiKe\LineProductMes\LineProductMesBll\SqlHelper.cs:行号 478
11:30:29.976  异常信息：远程服务器返回错误: (500) 内部服务器错误。
  堆栈信息:   在 AutoUpdate.AppUpdate.DownloadFile(String url, String localFilePath) 位置 D:\ProjectData\MiKe\LineProductMes\LineProductMes\ClassForMain\AppUpdate.cs:行号 243
   在 AutoUpdate.AppUpdate.CheckAppVersion(String& msg) 位置 D:\ProjectData\MiKe\LineProductMes\LineProductMes\ClassForMain\AppUpdate.cs:行号 310
11:30:38.650 @EMP002 系统管理员
11:30:38.652 @EMP033 cebfd1559b68d67688884d7a3d3e8c
11:31:24.827  异常信息：远程服务器返回错误: (500) 内部服务器错误。
  堆栈信息:   在 AutoUpdate.AppUpdate.DownloadFile(String url, String localFilePath) 位置 D:\ProjectData\MiKe\LineProductMes\LineProductMes\ClassForMain\AppUpdate.cs:行号 243
   在 AutoUpdate.AppUpdate.CheckAppVersion(String& msg) 位置 D:\ProjectData\MiKe\LineProductMes\LineProductMes\ClassForMain\AppUpdate.cs:行号 310
11:31:29.319 @EMP002 系统管理员
11:31:29.321 @EMP033 cebfd1559b68d67688884d7a3d3e8c
13:18:46.965  异常信息：远程服务器返回错误: (500) 内部服务器错误。
  堆栈信息:   在 AutoUpdate.AppUpdate.DownloadFile(String url, String localFilePath) 位置 D:\ProjectData\MiKe\LineProductMes\LineProductMes\ClassForMain\AppUpdate.cs:行号 243
   在 AutoUpdate.AppUpdate.CheckAppVersion(String& msg) 位置 D:\ProjectData\MiKe\LineProductMes\LineProductMes\ClassForMain\AppUpdate.cs:行号 310
13:19:12.344 @EMP002 系统管理员
13:19:12.346 @EMP033 cebfd1559b68d67688884d7a3d3e8c
14:07:09.571  异常信息：远程服务器返回错误: (500) 内部服务器错误。
  堆栈信息:   在 AutoUpdate.AppUpdate.DownloadFile(String url, String localFilePath) 位置 D:\ProjectData\MiKe\LineProductMes\LineProductMes\ClassForMain\AppUpdate.cs:行号 243
   在 AutoUpdate.AppUpdate.CheckAppVersion(String& msg) 位置 D:\ProjectData\MiKe\LineProductMes\LineProductMes\ClassForMain\AppUpdate.cs:行号 310
14:07:17.955 @EMP002 系统管理员
14:07:17.956 @EMP033 cebfd1559b68d67688884d7a3d3e8c
14:07:46.032 @FOR001 315
14:07:46.034 @FOR002 3
14:07:46.035 @FOR003 FormPurProductView
14:07:46.037 @FOR004 采购计划一览表
14:07:46.039 @FOR005 
14:07:46.040 @FOR006 1
14:07:51.620  异常信息：远程服务器返回错误: (500) 内部服务器错误。
  堆栈信息:   在 AutoUpdate.AppUpdate.DownloadFile(String url, String localFilePath) 位置 D:\ProjectData\MiKe\LineProductMes\LineProductMes\ClassForMain\AppUpdate.cs:行号 243
   在 AutoUpdate.AppUpdate.CheckAppVersion(String& msg) 位置 D:\ProjectData\MiKe\LineProductMes\LineProductMes\ClassForMain\AppUpdate.cs:行号 310
14:07:56.968 @EMP002 系统管理员
14:07:56.969 @EMP033 cebfd1559b68d67688884d7a3d3e8c
14:08:52.236  异常信息：远程服务器返回错误: (500) 内部服务器错误。
  堆栈信息:   在 AutoUpdate.AppUpdate.DownloadFile(String url, String localFilePath) 位置 D:\ProjectData\MiKe\LineProductMes\LineProductMes\ClassForMain\AppUpdate.cs:行号 243
   在 AutoUpdate.AppUpdate.CheckAppVersion(String& msg) 位置 D:\ProjectData\MiKe\LineProductMes\LineProductMes\ClassForMain\AppUpdate.cs:行号 310
14:08:58.091 @EMP002 系统管理员
14:08:58.092 @EMP033 cebfd1559b68d67688884d7a3d3e8c
14:14:32.867  异常信息：远程服务器返回错误: (500) 内部服务器错误。
  堆栈信息:   在 AutoUpdate.AppUpdate.DownloadFile(String url, String localFilePath) 位置 D:\ProjectData\MiKe\LineProductMes\LineProductMes\ClassForMain\AppUpdate.cs:行号 243
   在 AutoUpdate.AppUpdate.CheckAppVersion(String& msg) 位置 D:\ProjectData\MiKe\LineProductMes\LineProductMes\ClassForMain\AppUpdate.cs:行号 310
14:14:38.446 @EMP002 系统管理员
14:14:38.447 @EMP033 cebfd1559b68d67688884d7a3d3e8c
14:16:13.109  异常信息：远程服务器返回错误: (500) 内部服务器错误。
  堆栈信息:   在 AutoUpdate.AppUpdate.DownloadFile(String url, String localFilePath) 位置 D:\ProjectData\MiKe\LineProductMes\LineProductMes\ClassForMain\AppUpdate.cs:行号 243
   在 AutoUpdate.AppUpdate.CheckAppVersion(String& msg) 位置 D:\ProjectData\MiKe\LineProductMes\LineProductMes\ClassForMain\AppUpdate.cs:行号 310
14:16:17.716 @EMP002 系统管理员
14:16:17.718 @EMP033 ad629baee44ff0cdc7e6767956f518f5
14:16:20.600 @EMP002 系统管理员
14:16:20.603 @EMP033 cebfd1559b68d67688884d7a3d3e8c
14:17:24.963  异常信息：远程服务器返回错误: (500) 内部服务器错误。
  堆栈信息:   在 AutoUpdate.AppUpdate.DownloadFile(String url, String localFilePath) 位置 D:\ProjectData\MiKe\LineProductMes\LineProductMes\ClassForMain\AppUpdate.cs:行号 243
   在 AutoUpdate.AppUpdate.CheckAppVersion(String& msg) 位置 D:\ProjectData\MiKe\LineProductMes\LineProductMes\ClassForMain\AppUpdate.cs:行号 310
14:17:32.318 @EMP002 系统管理员
14:17:32.319 @EMP033 cebfd1559b68d67688884d7a3d3e8c
14:20:49.030  异常信息：远程服务器返回错误: (500) 内部服务器错误。
  堆栈信息:   在 AutoUpdate.AppUpdate.DownloadFile(String url, String localFilePath) 位置 D:\ProjectData\MiKe\LineProductMes\LineProductMes\ClassForMain\AppUpdate.cs:行号 243
   在 AutoUpdate.AppUpdate.CheckAppVersion(String& msg) 位置 D:\ProjectData\MiKe\LineProductMes\LineProductMes\ClassForMain\AppUpdate.cs:行号 310
14:20:53.859 @EMP002 系统管理员
14:20:53.860 @EMP033 cebfd1559b68d67688884d7a3d3e8c
14:58:34.048  异常信息：远程服务器返回错误: (500) 内部服务器错误。
  堆栈信息:   在 AutoUpdate.AppUpdate.DownloadFile(String url, String localFilePath) 位置 D:\ProjectData\MiKe\LineProductMes\LineProductMes\ClassForMain\AppUpdate.cs:行号 243
   在 AutoUpdate.AppUpdate.CheckAppVersion(String& msg) 位置 D:\ProjectData\MiKe\LineProductMes\LineProductMes\ClassForMain\AppUpdate.cs:行号 310
14:58:40.888 @EMP002 系统管理员
14:58:40.890 @EMP033 cebfd1559b68d67688884d7a3d3e8c
15:13:57.500  异常信息：远程服务器返回错误: (500) 内部服务器错误。
  堆栈信息:   在 AutoUpdate.AppUpdate.DownloadFile(String url, String localFilePath) 位置 D:\ProjectData\MiKe\LineProductMes\LineProductMes\ClassForMain\AppUpdate.cs:行号 243
   在 AutoUpdate.AppUpdate.CheckAppVersion(String& msg) 位置 D:\ProjectData\MiKe\LineProductMes\LineProductMes\ClassForMain\AppUpdate.cs:行号 310
15:14:05.953 @EMP002 系统管理员
15:14:05.954 @EMP033 cebfd1559b68d67688884d7a3d3e8c
15:19:24.357  异常信息：远程服务器返回错误: (500) 内部服务器错误。
  堆栈信息:   在 AutoUpdate.AppUpdate.DownloadFile(String url, String localFilePath) 位置 D:\ProjectData\MiKe\LineProductMes\LineProductMes\ClassForMain\AppUpdate.cs:行号 243
   在 AutoUpdate.AppUpdate.CheckAppVersion(String& msg) 位置 D:\ProjectData\MiKe\LineProductMes\LineProductMes\ClassForMain\AppUpdate.cs:行号 310
15:19:31.589 @EMP002 系统管理员
15:19:31.591 @EMP033 cebfd1559b68d67688884d7a3d3e8c
15:42:57.536  异常信息：远程服务器返回错误: (500) 内部服务器错误。
  堆栈信息:   在 AutoUpdate.AppUpdate.DownloadFile(String url, String localFilePath) 位置 D:\ProjectData\MiKe\LineProductMes\LineProductMes\ClassForMain\AppUpdate.cs:行号 243
   在 AutoUpdate.AppUpdate.CheckAppVersion(String& msg) 位置 D:\ProjectData\MiKe\LineProductMes\LineProductMes\ClassForMain\AppUpdate.cs:行号 310
15:43:04.673 @EMP002 系统管理员
15:43:04.675 @EMP033 cebfd1559b68d67688884d7a3d3e8c
16:08:29.786  异常信息：远程服务器返回错误: (500) 内部服务器错误。
  堆栈信息:   在 AutoUpdate.AppUpdate.DownloadFile(String url, String localFilePath) 位置 D:\ProjectData\MiKe\LineProductMes\LineProductMes\ClassForMain\AppUpdate.cs:行号 243
   在 AutoUpdate.AppUpdate.CheckAppVersion(String& msg) 位置 D:\ProjectData\MiKe\LineProductMes\LineProductMes\ClassForMain\AppUpdate.cs:行号 310
16:09:25.286 @EMP002 系统管理员
16:09:25.288 @EMP033 cebfd1559b68d67688884d7a3d3e8c
16:16:08.283  异常信息：远程服务器返回错误: (500) 内部服务器错误。
  堆栈信息:   在 AutoUpdate.AppUpdate.DownloadFile(String url, String localFilePath) 位置 D:\ProjectData\MiKe\LineProductMes\LineProductMes\ClassForMain\AppUpdate.cs:行号 243
   在 AutoUpdate.AppUpdate.CheckAppVersion(String& msg) 位置 D:\ProjectData\MiKe\LineProductMes\LineProductMes\ClassForMain\AppUpdate.cs:行号 310
16:16:13.534 @EMP002 系统管理员
16:16:13.536 @EMP033 cebfd1559b68d67688884d7a3d3e8c
16:17:48.114  异常信息：远程服务器返回错误: (500) 内部服务器错误。
  堆栈信息:   在 AutoUpdate.AppUpdate.DownloadFile(String url, String localFilePath) 位置 D:\ProjectData\MiKe\LineProductMes\LineProductMes\ClassForMain\AppUpdate.cs:行号 243
   在 AutoUpdate.AppUpdate.CheckAppVersion(String& msg) 位置 D:\ProjectData\MiKe\LineProductMes\LineProductMes\ClassForMain\AppUpdate.cs:行号 310
16:17:52.413 @EMP002 系统管理员
16:17:52.415 @EMP033 cebfd1559b68d67688884d7a3d3e8c
16:18:04.440 @PRF001 105190005
16:18:04.442 @PRF002 2018/7/25 0:00:00
16:18:04.443 @PRF003 200
16:18:04.447 @PRF001 105190005
16:18:04.449 @PRF002 2018/7/26 0:00:00
16:18:04.450 @PRF003 200
16:18:04.454 @PRF001 105190005
16:18:04.455 @PRF002 2018/7/27 0:00:00
16:18:04.456 @PRF003 200
16:18:04.459 @PRF001 105190005
16:18:04.460 @PRF002 2018/7/28 0:00:00
16:18:04.461 @PRF003 200
16:18:04.464 @PRF001 105190005
16:18:04.465 @PRF002 2018/7/29 0:00:00
16:18:04.471 @PRF003 200
16:18:04.473 @PRF001 105190005
16:18:04.474 @PRF002 2018/7/30 0:00:00
16:18:04.475 @PRF003 200
16:18:04.478 @PRF001 140019503
16:18:04.479 @PRF002 2018/7/24 0:00:00
16:18:04.480 @PRF003 50
16:18:04.482 @PRF001 140019503
16:18:04.483 @PRF002 2018/7/25 0:00:00
16:18:04.484 @PRF003 50
16:18:04.487 @PRF001 140019503
16:18:04.488 @PRF002 2018/7/26 0:00:00
16:18:04.489 @PRF003 50
16:18:04.492 @PRF001 140019503
16:18:04.493 @PRF002 2018/7/27 0:00:00
16:18:04.494 @PRF003 50
16:18:04.497 @PRF001 140019503
16:18:04.498 @PRF002 2018/7/28 0:00:00
16:18:04.499 @PRF003 50
16:18:04.501 @PRF001 140019503
16:18:04.503 @PRF002 2018/7/30 0:00:00
16:18:04.504 @PRF003 98
16:18:04.507 @PRF001 140019503
16:18:04.508 @PRF002 2018/7/31 0:00:00
16:18:04.509 @PRF003 48
16:18:04.511 @PRF001 140019503
16:18:04.512 @PRF002 2018/8/1 0:00:00
16:18:04.513 @PRF003 52
16:18:04.515 @PRF001 140019503
16:18:04.516 @PRF002 2018/8/2 0:00:00
16:18:04.517 @PRF003 50
16:18:04.520 @PRF001 140019503
16:18:04.522 @PRF002 2018/8/3 0:00:00
16:18:04.523 @PRF003 50
16:18:04.525 @PRF001 140019503
16:18:04.526 @PRF002 2018/8/4 0:00:00
16:18:04.527 @PRF003 50
16:18:04.529 @PRF001 140019503
16:18:04.530 @PRF002 2018/8/5 0:00:00
16:18:04.531 @PRF003 50
16:18:04.533 @PRF001 140019503
16:18:04.534 @PRF002 2018/8/6 0:00:00
16:18:04.535 @PRF003 50
16:18:04.540 @PRF001 140019503
16:18:04.541 @PRF002 2018/8/7 0:00:00
16:18:04.542 @PRF003 50
16:18:04.544 @PRF001 140019503
16:18:04.545 @PRF002 2018/8/8 0:00:00
16:18:04.546 @PRF003 50
16:18:04.548 @PRF001 140019503
16:18:04.549 @PRF002 2018/8/9 0:00:00
16:18:04.550 @PRF003 50
16:18:04.552 @PRF001 140019503
16:18:04.553 @PRF002 2018/8/10 0:00:00
16:18:04.554 @PRF003 50
16:18:04.556 @PRF001 140019503
16:18:04.558 @PRF002 2018/8/11 0:00:00
16:18:04.559 @PRF003 50
16:18:04.561 @PRF001 140019503
16:18:04.562 @PRF002 2018/8/12 0:00:00
16:18:04.563 @PRF003 50
16:18:04.566 @PRF001 140019503
16:18:04.568 @PRF002 2018/8/13 0:00:00
16:18:04.569 @PRF003 50
16:18:04.572 @PRF001 140019503
16:18:04.573 @PRF002 2018/8/14 0:00:00
16:18:04.574 @PRF003 50
16:18:04.576 @PRF001 140019503
16:18:04.577 @PRF002 2018/8/15 0:00:00
16:18:04.578 @PRF003 50
16:18:04.580 @PRF001 140019503
16:18:04.581 @PRF002 2018/8/16 0:00:00
16:18:04.582 @PRF003 50
16:18:04.586 @PRF001 140019503
16:18:04.588 @PRF002 2018/8/17 0:00:00
16:18:04.589 @PRF003 50
16:18:04.591 @PRF001 140019503
16:18:04.592 @PRF002 2018/8/18 0:00:00
16:18:04.593 @PRF003 50
16:18:04.595 @PRF001 140019503
16:18:04.596 @PRF002 2018/8/19 0:00:00
16:18:04.597 @PRF003 50
16:18:04.601 @PRF001 140019503
16:18:04.602 @PRF002 2018/8/20 0:00:00
16:18:04.603 @PRF003 50
16:18:04.605 @PRF001 140019503
16:18:04.607 @PRF002 2018/8/21 0:00:00
16:18:04.608 @PRF003 50
16:18:04.609 @PRF001 140019503
16:18:04.611 @PRF002 2018/8/22 0:00:00
16:18:04.612 @PRF003 50
16:18:04.613 @PRF001 140019503
16:18:04.615 @PRF002 2018/8/23 0:00:00
16:18:04.616 @PRF003 50
16:18:04.619 @PRF001 140019503
16:18:04.621 @PRF002 2018/8/24 0:00:00
16:18:04.622 @PRF003 50
16:18:04.624 @PRF001 140019503
16:18:04.625 @PRF002 2018/8/25 0:00:00
16:18:04.626 @PRF003 50
16:18:04.628 @PRF001 140019503
16:18:04.629 @PRF002 2018/8/26 0:00:00
16:18:04.630 @PRF003 50
16:18:04.633 @PRF001 140019503
16:18:04.634 @PRF002 2018/8/27 0:00:00
16:18:04.635 @PRF003 50
16:18:04.638 @PRF001 140019503
16:18:04.640 @PRF002 2018/8/28 0:00:00
16:18:04.641 @PRF003 50
16:18:04.642 @PRF001 140019503
16:18:04.644 @PRF002 2018/8/29 0:00:00
16:18:04.645 @PRF003 50
16:18:04.647 @PRF001 140019503
16:18:04.648 @PRF002 2018/8/30 0:00:00
16:18:04.649 @PRF003 50
16:18:04.651 @PRF001 140019503
16:18:04.652 @PRF002 2018/8/31 0:00:00
16:18:04.653 @PRF003 50
16:18:04.657 @PRF001 140019503
16:18:04.658 @PRF002 2018/9/1 0:00:00
16:18:04.659 @PRF003 50
16:18:04.661 @PRF001 140019503
16:18:04.663 @PRF002 2018/9/2 0:00:00
16:18:04.664 @PRF003 50
16:18:04.666 @PRF001 140019503
16:18:04.667 @PRF002 2018/9/3 0:00:00
16:18:04.668 @PRF003 50
16:18:04.670 @PRF001 140019503
16:18:04.671 @PRF002 2018/9/4 0:00:00
16:18:04.672 @PRF003 50
16:18:04.674 @PRF001 140019503
16:18:04.675 @PRF002 2018/9/5 0:00:00
16:18:04.677 @PRF003 50
16:18:04.680 @PRF001 140019503
16:18:04.681 @PRF002 2018/9/6 0:00:00
16:18:04.682 @PRF003 50
16:18:04.684 @PRF001 140019503
16:18:04.685 @PRF002 2018/9/7 0:00:00
16:18:04.687 @PRF003 50
16:18:04.690 @PRF001 140019503
16:18:04.691 @PRF002 2018/9/8 0:00:00
16:18:04.692 @PRF003 50
16:18:04.694 @PRF001 140019503
16:18:04.696 @PRF002 2018/9/9 0:00:00
16:18:04.697 @PRF003 50
16:18:04.699 @PRF001 140019503
16:18:04.700 @PRF002 2018/9/10 0:00:00
16:18:04.701 @PRF003 50
16:18:04.703 @PRF001 140019503
16:18:04.704 @PRF002 2018/9/11 0:00:00
16:18:04.705 @PRF003 50
16:18:04.707 @PRF001 140019503
16:18:04.708 @PRF002 2018/9/12 0:00:00
16:18:04.709 @PRF003 50
16:18:04.712 @PRF001 140019503
16:18:04.713 @PRF002 2018/9/13 0:00:00
16:18:04.714 @PRF003 50
16:18:04.716 @PRF001 140019503
16:18:04.718 @PRF002 2018/9/14 0:00:00
16:18:04.719 @PRF003 50
16:18:04.722 @PRF001 140019503
16:18:04.724 @PRF002 2018/9/15 0:00:00
16:18:04.725 @PRF003 50
16:18:04.727 @PRF001 140019503
16:18:04.728 @PRF002 2018/9/16 0:00:00
16:18:04.729 @PRF003 50
16:18:04.731 @PRF001 140019503
16:18:04.732 @PRF002 2018/9/17 0:00:00
16:18:04.733 @PRF003 50
16:18:04.735 @PRF001 140019503
16:18:04.737 @PRF002 2018/9/18 0:00:00
16:18:04.739 @PRF003 50
16:18:04.743 @PRF001 140019503
16:18:04.744 @PRF002 2018/9/19 0:00:00
16:18:04.745 @PRF003 50
16:18:04.747 @PRF001 140019503
16:18:04.748 @PRF002 2018/9/20 0:00:00
16:18:04.749 @PRF003 50
16:18:04.751 @PRF001 140019503
16:18:04.753 @PRF002 2018/9/21 0:00:00
16:18:04.754 @PRF003 50
16:18:04.756 @PRF001 140019503
16:18:04.757 @PRF002 2018/9/22 0:00:00
16:18:04.758 @PRF003 50
16:18:04.760 @PRF001 140019503
16:18:04.762 @PRF002 2018/9/23 0:00:00
16:18:04.763 @PRF003 50
16:18:04.765 @PRF001 140019503
16:18:04.766 @PRF002 2018/9/24 0:00:00
16:18:04.768 @PRF003 50
16:18:04.770 @PRF001 140019503
16:18:04.771 @PRF002 2018/9/25 0:00:00
16:18:04.772 @PRF003 50
16:18:04.776 @PRF001 140019503
16:18:04.778 @PRF002 2018/9/26 0:00:00
16:18:04.779 @PRF003 50
16:18:04.781 @PRF001 140019503
16:18:04.782 @PRF002 2018/9/27 0:00:00
16:18:04.783 @PRF003 50
16:18:04.785 @PRF001 140019503
16:18:04.786 @PRF002 2018/9/28 0:00:00
16:18:04.787 @PRF003 50
16:18:04.789 @PRF001 140019503
16:18:04.791 @PRF002 2018/9/29 0:00:00
16:18:04.791 @PRF003 50
16:18:04.793 @PRF001 140019503
16:18:04.794 @PRF002 2018/9/30 0:00:00
16:18:04.795 @PRF003 50
16:18:04.798 @PRF001 140019503
16:18:04.799 @PRF002 2018/10/1 0:00:00
16:18:04.800 @PRF003 50
16:18:04.802 @PRF001 140019503
16:18:04.803 @PRF002 2018/10/2 0:00:00
16:18:04.804 @PRF003 50
16:18:04.807 @PRF001 140019503
16:18:04.809 @PRF002 2018/10/3 0:00:00
16:18:04.809 @PRF003 50
16:18:04.811 @PRF001 140019503
16:18:04.812 @PRF002 2018/10/4 0:00:00
16:18:04.813 @PRF003 50
16:18:04.815 @PRF001 140019503
16:18:04.817 @PRF002 2018/10/5 0:00:00
16:18:04.818 @PRF003 50
16:18:04.820 @PRF001 140019503
16:18:04.821 @PRF002 2018/10/6 0:00:00
16:18:04.822 @PRF003 50
16:18:04.824 @PRF001 140019503
16:18:04.825 @PRF002 2018/10/7 0:00:00
16:18:04.826 @PRF003 50
16:18:04.831 @PRF001 140019503
16:18:04.832 @PRF002 2018/10/8 0:00:00
16:18:04.833 @PRF003 50
16:18:04.836 @PRF001 140019503
16:18:04.837 @PRF002 2018/10/9 0:00:00
16:18:04.839 @PRF003 50
16:18:04.841 @PRF001 140019503
16:18:04.842 @PRF002 2018/10/10 0:00:00
16:18:04.843 @PRF003 50
16:18:04.845 @PRF001 140019503
16:18:04.847 @PRF002 2018/10/11 0:00:00
16:18:04.848 @PRF003 50
16:18:04.850 @PRF001 140019503
16:18:04.851 @PRF002 2018/10/12 0:00:00
16:18:04.852 @PRF003 50
16:18:04.854 @PRF001 140019503
16:18:04.855 @PRF002 2018/10/13 0:00:00
16:18:04.856 @PRF003 50
16:18:04.858 @PRF001 140019503
16:18:04.859 @PRF002 2018/10/14 0:00:00
16:18:04.860 @PRF003 50
16:18:04.863 @PRF001 140019503
16:18:04.864 @PRF002 2018/10/15 0:00:00
16:18:04.865 @PRF003 50
16:18:04.867 @PRF001 140019503
16:18:04.869 @PRF002 2018/10/16 0:00:00
16:18:04.870 @PRF003 50
16:18:04.872 @PRF001 140019503
16:18:04.873 @PRF002 2018/10/17 0:00:00
16:18:04.874 @PRF003 50
16:18:04.876 @PRF001 140019503
16:18:04.878 @PRF002 2018/10/18 0:00:00
16:18:04.878 @PRF003 50
16:18:04.880 @PRF001 140019503
16:18:04.881 @PRF002 2018/10/19 0:00:00
16:18:04.882 @PRF003 50
16:18:04.885 @PRF001 140019503
16:18:04.887 @PRF002 2018/10/20 0:00:00
16:18:04.888 @PRF003 50
16:18:04.891 @PRF001 140019503
16:18:04.892 @PRF002 2018/10/21 0:00:00
16:18:04.893 @PRF003 50
16:18:04.895 @PRF001 140019503
16:18:04.896 @PRF002 2018/10/22 0:00:00
16:18:04.897 @PRF003 50
16:18:04.900 @PRF001 140019503
16:18:04.901 @PRF002 2018/10/23 0:00:00
16:18:04.902 @PRF003 50
16:18:04.904 @PRF001 140019503
16:18:04.905 @PRF002 2018/10/24 0:00:00
16:18:04.906 @PRF003 50
16:18:04.908 @PRF001 140019503
16:18:04.909 @PRF002 2018/10/25 0:00:00
16:18:04.910 @PRF003 50
16:18:04.913 @PRF001 140019503
16:18:04.914 @PRF002 2018/10/26 0:00:00
16:18:04.915 @PRF003 50
16:18:04.918 @PRF001 140019503
16:18:04.919 @PRF002 2018/10/27 0:00:00
16:18:04.920 @PRF003 50
16:18:04.922 @PRF001 140019503
16:18:04.923 @PRF002 2018/10/28 0:00:00
16:18:04.924 @PRF003 50
16:18:04.926 @PRF001 140019503
16:18:04.927 @PRF002 2018/10/29 0:00:00
16:18:04.928 @PRF003 50
16:18:04.931 @PRF001 140019503
16:18:04.932 @PRF002 2018/10/30 0:00:00
16:18:04.933 @PRF003 50
16:18:04.935 @PRF001 140019503
16:18:04.936 @PRF002 2018/10/31 0:00:00
16:18:04.937 @PRF003 50
16:18:04.939 @PRF001 140019503
16:18:04.940 @PRF002 2018/11/1 0:00:00
16:18:04.941 @PRF003 50
16:18:04.944 @PRF001 140019503
16:18:04.945 @PRF002 2018/11/2 0:00:00
16:18:04.947 @PRF003 50
16:18:04.949 @PRF001 140019503
16:18:04.951 @PRF002 2018/11/3 0:00:00
16:18:04.952 @PRF003 50
16:18:04.953 @PRF001 140019503
16:18:04.955 @PRF002 2018/11/4 0:00:00
16:18:04.956 @PRF003 50
16:18:04.958 @PRF001 140019503
16:18:04.959 @PRF002 2018/11/5 0:00:00
16:18:04.960 @PRF003 50
16:18:04.962 @PRF001 140019503
16:18:04.963 @PRF002 2018/11/6 0:00:00
16:18:04.964 @PRF003 50
16:18:04.967 @PRF001 140019503
16:18:04.968 @PRF002 2018/11/7 0:00:00
16:18:04.969 @PRF003 50
16:18:04.971 @PRF001 140019503
16:18:04.972 @PRF002 2018/11/8 0:00:00
16:18:04.973 @PRF003 50
16:18:04.975 @PRF001 140019503
16:18:04.976 @PRF002 2018/11/9 0:00:00
16:18:04.977 @PRF003 50
16:18:04.979 @PRF001 140019503
16:18:04.981 @PRF002 2018/11/10 0:00:00
16:18:04.982 @PRF003 50
16:18:04.984 @PRF001 140019503
16:18:04.985 @PRF002 2018/11/11 0:00:00
16:18:04.986 @PRF003 50
16:18:04.988 @PRF001 140019503
16:18:04.989 @PRF002 2018/11/12 0:00:00
16:18:04.990 @PRF003 50
16:18:04.993 @PRF001 140019503
16:18:04.994 @PRF002 2018/11/13 0:00:00
16:18:04.995 @PRF003 50
16:18:04.998 @PRF001 140019503
16:18:04.999 @PRF002 2018/11/14 0:00:00
16:18:05.000 @PRF003 50
16:18:05.002 @PRF001 140019503
16:18:05.003 @PRF002 2018/11/15 0:00:00
16:18:05.004 @PRF003 50
16:18:05.006 @PRF001 140019503
16:18:05.008 @PRF002 2018/11/16 0:00:00
16:18:05.009 @PRF003 50
16:18:05.011 @PRF001 140019503
16:18:05.012 @PRF002 2018/11/17 0:00:00
16:18:05.013 @PRF003 50
16:18:05.015 @PRF001 140019503
16:18:05.016 @PRF002 2018/11/18 0:00:00
16:18:05.017 @PRF003 50
16:18:05.020 @PRF001 140019503
16:18:05.022 @PRF002 2018/11/19 0:00:00
16:18:05.022 @PRF003 50
16:18:05.024 @PRF001 140019503
16:18:05.026 @PRF002 2018/11/20 0:00:00
16:18:05.027 @PRF003 50
16:18:05.029 @PRF001 394121001011
16:18:05.030 @PRF002 2018/7/21 0:00:00
16:18:05.031 @PRF003 2345
16:18:05.033 @PRF001 394121001011
16:18:05.034 @PRF002 2018/7/22 0:00:00
16:18:05.036 @PRF003 2345
16:18:05.038 @PRF001 394121001011
16:18:05.039 @PRF002 2018/7/23 0:00:00
16:18:05.040 @PRF003 2144
16:18:05.043 @PRF001 394121001048
16:18:05.044 @PRF002 2018/7/21 0:00:00
16:18:05.045 @PRF003 56
16:18:05.047 @PRF001 394121001048
16:18:05.048 @PRF002 2018/7/22 0:00:00
16:18:05.049 @PRF003 56
16:18:05.052 @PRF001 394121001048
16:18:05.053 @PRF002 2018/7/23 0:00:00
16:18:05.054 @PRF003 1
16:18:05.056 @PRF001 394121001074
16:18:05.057 @PRF002 2018/7/25 0:00:00
16:18:05.058 @PRF003 300
16:18:05.060 @PRF001 394121001074
16:18:05.062 @PRF002 2018/7/26 0:00:00
16:18:05.063 @PRF003 300
16:18:05.064 @PRF001 394121001074
16:18:05.066 @PRF002 2018/7/27 0:00:00
16:18:05.067 @PRF003 300
16:18:05.069 @PRF001 394121001074
16:18:05.070 @PRF002 2018/7/28 0:00:00
16:18:05.072 @PRF003 300
16:18:05.075 @PRF001 394121001074
16:18:05.076 @PRF002 2018/7/29 0:00:00
16:18:05.077 @PRF003 300
16:18:05.079 @PRF001 394121001074
16:18:05.080 @PRF002 2018/7/30 0:00:00
16:18:05.081 @PRF003 300
16:18:05.083 @PRF001 394121001074
16:18:05.084 @PRF002 2018/7/31 0:00:00
16:18:05.086 @PRF003 300
16:18:05.089 @PRF001 394121001074
16:18:05.090 @PRF002 2018/8/1 0:00:00
16:18:05.091 @PRF003 300
16:18:05.093 @PRF001 394121001074
16:18:05.094 @PRF002 2018/8/2 0:00:00
16:18:05.095 @PRF003 300
16:18:05.110 @PRF001 394121001074
16:18:05.111 @PRF002 2018/8/3 0:00:00
16:18:05.112 @PRF003 300
16:18:05.114 @PRF001 394121001402
16:18:05.115 @PRF002 2018/7/26 0:00:00
16:18:05.116 @PRF003 100
16:18:05.118 @PRF001 394121001402
16:18:05.120 @PRF002 2018/7/27 0:00:00
16:18:05.121 @PRF003 100
16:18:05.123 @PRF001 394121001402
16:18:05.124 @PRF002 2018/7/28 0:00:00
16:18:05.125 @PRF003 100
16:18:05.127 @PRF001 394121001402
16:18:05.128 @PRF002 2018/7/29 0:00:00
16:18:05.129 @PRF003 22
16:18:05.132 @PRF001 394121003003
16:18:05.133 @PRF002 2018/7/24 0:00:00
16:18:05.134 @PRF003 23
16:18:05.136 @PRF001 394121003003
16:18:05.137 @PRF002 2018/7/25 0:00:00
16:18:05.138 @PRF003 23
16:18:05.141 @PRF001 394121003003
16:18:05.142 @PRF002 2018/7/26 0:00:00
16:18:05.143 @PRF003 9
16:18:05.145 @PRF001 394121007005
16:18:05.146 @PRF002 2018/7/25 0:00:00
16:18:05.147 @PRF003 345
16:18:05.149 @PRF001 394121007005
16:18:05.150 @PRF002 2018/7/26 0:00:00
16:18:05.151 @PRF003 345
16:18:05.153 @PRF001 394121007005
16:18:05.154 @PRF002 2018/7/27 0:00:00
16:18:05.155 @PRF003 345
16:18:05.157 @PRF001 394121007005
16:18:05.159 @PRF002 2018/7/28 0:00:00
16:18:05.160 @PRF003 345
16:18:05.162 @PRF001 394121007005
16:18:05.164 @PRF002 2018/7/29 0:00:00
16:18:05.165 @PRF003 100
16:18:05.167 @PRF001 394121007005
16:18:05.168 @PRF002 2018/7/30 0:00:00
16:18:05.169 @PRF003 79
16:18:05.171 @PRF001 MX48A(GT)
16:18:05.172 @PRF002 2018/7/21 0:00:00
16:18:05.173 @PRF003 1
16:18:05.175 @PRF001 MX55A
16:18:05.176 @PRF002 2018/7/21 0:00:00
16:18:05.177 @PRF003 23
16:18:05.180 @PRF001 MX55A
16:18:05.181 @PRF002 2018/7/22 0:00:00
16:18:05.182 @PRF003 23
16:18:05.184 @PRF001 MX55A
16:18:05.185 @PRF002 2018/7/23 0:00:00
16:18:05.187 @PRF003 23
16:18:05.188 @PRF001 MX55A
16:18:05.190 @PRF002 2018/7/24 0:00:00
16:18:05.191 @PRF003 23
16:18:05.194 @PRF001 MX55A
16:18:05.195 @PRF002 2018/7/25 0:00:00
16:18:05.196 @PRF003 23
16:18:05.198 @PRF001 MX55A
16:18:05.199 @PRF002 2018/7/26 0:00:00
16:18:05.201 @PRF003 23
16:18:05.203 @PRF001 MX55A
16:18:05.204 @PRF002 2018/7/27 0:00:00
16:18:05.206 @PRF003 23
16:18:05.208 @PRF001 MX55A
16:18:05.209 @PRF002 2018/7/28 0:00:00
16:18:05.211 @PRF003 3
16:18:05.213 @PRF001 MY22G
16:18:05.214 @PRF002 2018/7/21 0:00:00
16:18:05.215 @PRF003 244
16:18:05.217 @PRF001 MY22G
16:18:05.219 @PRF002 2018/7/22 0:00:00
16:18:05.220 @PRF003 244
16:18:05.222 @PRF001 MY22G
16:18:05.223 @PRF002 2018/7/23 0:00:00
16:18:05.224 @PRF003 244
16:18:05.228 @PRF001 MY22G
16:18:05.229 @PRF002 2018/7/24 0:00:00
16:18:05.230 @PRF003 185
16:18:05.232 @PRF001 NS11G18
16:18:05.234 @PRF002 2018/7/25 0:00:00
16:18:05.235 @PRF003 1
16:18:05.237 @PRF001 TCLNS-11B018
16:18:05.239 @PRF002 2018/7/21 0:00:00
16:18:05.240 @PRF003 200
16:18:05.243 @PRF001 TCLNS-11B018
16:18:05.244 @PRF002 2018/7/22 0:00:00
16:18:05.245 @PRF003 200
16:18:05.247 @PRF001 TCLNS-11B018
16:18:05.248 @PRF002 2018/7/23 0:00:00
16:18:05.249 @PRF003 200
16:18:05.251 @PRF001 TCLNS-11B018
16:18:05.253 @PRF002 2018/7/24 0:00:00
16:18:05.254 @PRF003 87
16:18:05.255 @PRF001 TCLNS-11B121A
16:18:05.257 @PRF002 2018/7/26 0:00:00
16:18:05.258 @PRF003 123
16:18:05.261 @PRF001 TCLNS-11B121A
16:18:05.263 @PRF002 2018/7/27 0:00:00
16:18:05.264 @PRF003 123
16:18:05.265 @PRF001 TCLNS-11B121A
16:18:05.267 @PRF002 2018/7/28 0:00:00
16:18:05.268 @PRF003 54
16:25:26.075  异常信息：远程服务器返回错误: (500) 内部服务器错误。
  堆栈信息:   在 AutoUpdate.AppUpdate.DownloadFile(String url, String localFilePath) 位置 D:\ProjectData\MiKe\LineProductMes\LineProductMes\ClassForMain\AppUpdate.cs:行号 243
   在 AutoUpdate.AppUpdate.CheckAppVersion(String& msg) 位置 D:\ProjectData\MiKe\LineProductMes\LineProductMes\ClassForMain\AppUpdate.cs:行号 310
16:25:31.941 @EMP002 系统管理员
16:25:31.943 @EMP033 cebfd1559b68d67688884d7a3d3e8c
16:29:07.761  异常信息：远程服务器返回错误: (500) 内部服务器错误。
  堆栈信息:   在 AutoUpdate.AppUpdate.DownloadFile(String url, String localFilePath) 位置 D:\ProjectData\MiKe\LineProductMes\LineProductMes\ClassForMain\AppUpdate.cs:行号 243
   在 AutoUpdate.AppUpdate.CheckAppVersion(String& msg) 位置 D:\ProjectData\MiKe\LineProductMes\LineProductMes\ClassForMain\AppUpdate.cs:行号 310
16:29:30.257  异常信息：远程服务器返回错误: (500) 内部服务器错误。
  堆栈信息:   在 AutoUpdate.AppUpdate.DownloadFile(String url, String localFilePath) 位置 D:\ProjectData\MiKe\LineProductMes\LineProductMes\ClassForMain\AppUpdate.cs:行号 243
   在 AutoUpdate.AppUpdate.CheckAppVersion(String& msg) 位置 D:\ProjectData\MiKe\LineProductMes\LineProductMes\ClassForMain\AppUpdate.cs:行号 310
16:29:35.502 @EMP002 系统管理员
16:29:35.504 @EMP033 cebfd1559b68d67688884d7a3d3e8c
16:42:30.012  异常信息：远程服务器返回错误: (500) 内部服务器错误。
  堆栈信息:   在 AutoUpdate.AppUpdate.DownloadFile(String url, String localFilePath) 位置 D:\ProjectData\MiKe\LineProductMes\LineProductMes\ClassForMain\AppUpdate.cs:行号 243
   在 AutoUpdate.AppUpdate.CheckAppVersion(String& msg) 位置 D:\ProjectData\MiKe\LineProductMes\LineProductMes\ClassForMain\AppUpdate.cs:行号 310
16:42:39.983 @EMP002 系统管理员
16:42:39.984 @EMP033 cebfd1559b68d67688884d7a3d3e8c
16:43:42.352  异常信息：远程服务器返回错误: (500) 内部服务器错误。
  堆栈信息:   在 AutoUpdate.AppUpdate.DownloadFile(String url, String localFilePath) 位置 D:\ProjectData\MiKe\LineProductMes\LineProductMes\ClassForMain\AppUpdate.cs:行号 243
   在 AutoUpdate.AppUpdate.CheckAppVersion(String& msg) 位置 D:\ProjectData\MiKe\LineProductMes\LineProductMes\ClassForMain\AppUpdate.cs:行号 310
16:43:48.439 @EMP002 系统管理员
16:43:48.445 @EMP033 cebfd1559b68d67688884d7a3d3e8c
16:52:40.924  异常信息：远程服务器返回错误: (500) 内部服务器错误。
  堆栈信息:   在 AutoUpdate.AppUpdate.DownloadFile(String url, String localFilePath) 位置 D:\ProjectData\MiKe\LineProductMes\LineProductMes\ClassForMain\AppUpdate.cs:行号 243
   在 AutoUpdate.AppUpdate.CheckAppVersion(String& msg) 位置 D:\ProjectData\MiKe\LineProductMes\LineProductMes\ClassForMain\AppUpdate.cs:行号 310
16:52:50.905 @EMP002 系统管理员
16:52:50.907 @EMP033 cebfd1559b68d67688884d7a3d3e8c
16:56:36.095  异常信息：远程服务器返回错误: (500) 内部服务器错误。
  堆栈信息:   在 AutoUpdate.AppUpdate.DownloadFile(String url, String localFilePath) 位置 D:\ProjectData\MiKe\LineProductMes\LineProductMes\ClassForMain\AppUpdate.cs:行号 243
   在 AutoUpdate.AppUpdate.CheckAppVersion(String& msg) 位置 D:\ProjectData\MiKe\LineProductMes\LineProductMes\ClassForMain\AppUpdate.cs:行号 310
16:56:47.502 @EMP002 系统管理员
16:56:47.504 @EMP033 cebfd1559b68d67688884d7a3d3e8c
16:57:00.362 '140019503' 附近有语法错误。
   在 System.Data.SqlClient.SqlConnection.OnError(SqlException exception, Boolean breakConnection, Action`1 wrapCloseInAction)
   在 System.Data.SqlClient.SqlInternalConnection.OnError(SqlException exception, Boolean breakConnection, Action`1 wrapCloseInAction)
   在 System.Data.SqlClient.TdsParser.ThrowExceptionAndWarning(TdsParserStateObject stateObj, Boolean callerHasConnectionLock, Boolean asyncClose)
   在 System.Data.SqlClient.TdsParser.TryRun(RunBehavior runBehavior, SqlCommand cmdHandler, SqlDataReader dataStream, BulkCopySimpleResultSet bulkCopyHandler, TdsParserStateObject stateObj, Boolean& dataReady)
   在 System.Data.SqlClient.SqlDataReader.TryConsumeMetaData()
   在 System.Data.SqlClient.SqlDataReader.get_MetaData()
   在 System.Data.SqlClient.SqlCommand.FinishExecuteReader(SqlDataReader ds, RunBehavior runBehavior, String resetOptionsString, Boolean isInternal, Boolean forDescribeParameterEncryption)
   在 System.Data.SqlClient.SqlCommand.RunExecuteReaderTds(CommandBehavior cmdBehavior, RunBehavior runBehavior, Boolean returnStream, Boolean async, Int32 timeout, Task& task, Boolean asyncWrite, Boolean inRetry, SqlDataReader ds, Boolean describeParameterEncryptionRequest)
   在 System.Data.SqlClient.SqlCommand.RunExecuteReader(CommandBehavior cmdBehavior, RunBehavior runBehavior, Boolean returnStream, String method, TaskCompletionSource`1 completion, Int32 timeout, Task& task, Boolean& usedCache, Boolean asyncWrite, Boolean inRetry)
   在 System.Data.SqlClient.SqlCommand.RunExecuteReader(CommandBehavior cmdBehavior, RunBehavior runBehavior, Boolean returnStream, String method)
   在 System.Data.SqlClient.SqlCommand.ExecuteReader(CommandBehavior behavior, String method)
   在 System.Data.SqlClient.SqlCommand.ExecuteDbDataReader(CommandBehavior behavior)
   在 System.Data.Common.DbCommand.System.Data.IDbCommand.ExecuteReader(CommandBehavior behavior)
   在 System.Data.Common.DbDataAdapter.FillInternal(DataSet dataset, DataTable[] datatables, Int32 startRecord, Int32 maxRecords, String srcTable, IDbCommand command, CommandBehavior behavior)
   在 System.Data.Common.DbDataAdapter.Fill(DataTable[] dataTables, Int32 startRecord, Int32 maxRecords, IDbCommand command, CommandBehavior behavior)
   在 System.Data.Common.DbDataAdapter.Fill(DataTable dataTable)
   在 StudentMgr.SqlHelper.ExecuteDataTable(SqlConnection conn, String cmdText, SqlParameter[] parameters) 位置 D:\ProjectData\MiKe\LineProductMes\LineProductMesBll\SqlHelper.cs:行号 278
16:57:00.363 DECLARE @strCN NVARCHAR(4000) SELECT @strCN=ISNULL(@strCN+',','')+ QUOTENAME(PRF002) FROM MIKPRF WHERE 1=1 AND PRF002>='2018-08-01' AND PRF002<='2018-11-01' GROUP BY PRF002 ORDER BY PRF002 DECLARE @SqlStr NVARCHAR(4000) SET @SqlStr='WITH CET AS (SELECT PRF001 主件品号,DEA002 主件品名,PRF002,PRF003 FROM MIKPRF A INNER JOIN TPADEA B ON A.PRF001=B.DEA001),CFT AS (SELECT PRF001,SUM(PRF003) PRF003 FROM MIKPRF WHERE PRF001='140019503' GROUP BY PRF001),CHT AS(SELECT A.*,B.PRF003 排产量 FROM CET A INNER JOIN CFT B ON A.主件品号=B.PRF001) ,CKT AS (SELECT PRF001,B.IBB006 FROM MIKPRF A INNER JOIN DCSIBB B ON A.PRF001=B.IBB003 WHERE IBB015=''N'' GROUP BY PRF001,B.IBB006),CGT AS(SELECT PRF001,CONVERT(FLOAT,SUM(IBB006)) 订单量 FROM CKT GROUP BY PRF001),CJT AS (SELECT DISTINCT A.PRF001,CONVERT(FLOAT,RAA018-RAA019) RAA FROM MIKPRF A INNER JOIN SGMRAA B ON A.PRF001=B.RAA015),CLT AS(SELECT PRF001,SUM(RAA) 预计生产量 FROM CJT GROUP BY PRF001),A AS(SELECT DISTINCT PRF001,LOA003 FROM MIKPRF A INNER JOIN JSKLOA B ON A.PRF001=B.LOA001),B AS(SELECT PRF001,CONVERT(FLOAT,SUM(LOA003)) 库存量 FROM A GROUP BY PRF001),CMT AS(SELECT A.*,B.订单量,C.预计生产量,D.库存量,D.库存量+C.预计生产量-B.订单量 库存可用量,B.订单量-A.排产量 未排量 FROM CHT A INNER JOIN CGT B ON A.主件品号=B.PRF001 INNER JOIN CLT C ON A.主件品号=C.PRF001 INNER JOIN B D ON A.主件品号=D.PRF001) SELECT * FROM CMT PIVOT ( MAX(PRF003) FOR PRF002 IN ('+@strCN+') ) AS T ' EXEC(@sqlstr)
16:57:47.196  异常信息：远程服务器返回错误: (500) 内部服务器错误。
  堆栈信息:   在 AutoUpdate.AppUpdate.DownloadFile(String url, String localFilePath) 位置 D:\ProjectData\MiKe\LineProductMes\LineProductMes\ClassForMain\AppUpdate.cs:行号 243
   在 AutoUpdate.AppUpdate.CheckAppVersion(String& msg) 位置 D:\ProjectData\MiKe\LineProductMes\LineProductMes\ClassForMain\AppUpdate.cs:行号 310
16:57:51.926 @EMP002 系统管理员
16:57:51.927 @EMP033 cebfd1559b68d67688884d7a3d3e8c
16:57:58.303 @PRF001 105190005
16:57:58.304 @PRF002 2018/7/25 0:00:00
16:57:58.305 @PRF003 200
16:57:58.309 @PRF001 105190005
16:57:58.310 @PRF002 2018/7/26 0:00:00
16:57:58.311 @PRF003 200
16:57:58.314 @PRF001 105190005
16:57:58.315 @PRF002 2018/7/27 0:00:00
16:57:58.316 @PRF003 200
16:57:58.319 @PRF001 105190005
16:57:58.320 @PRF002 2018/7/28 0:00:00
16:57:58.321 @PRF003 200
16:57:58.323 @PRF001 105190005
16:57:58.324 @PRF002 2018/7/29 0:00:00
16:57:58.325 @PRF003 200
16:57:58.329 @PRF001 105190005
16:57:58.331 @PRF002 2018/7/30 0:00:00
16:57:58.332 @PRF003 200
16:57:58.334 @PRF001 140019503
16:57:58.335 @PRF002 2018/7/24 0:00:00
16:57:58.336 @PRF003 50
16:57:58.338 @PRF001 140019503
16:57:58.339 @PRF002 2018/7/25 0:00:00
16:57:58.340 @PRF003 50
16:57:58.342 @PRF001 140019503
16:57:58.344 @PRF002 2018/7/26 0:00:00
16:57:58.345 @PRF003 50
16:57:58.348 @PRF001 140019503
16:57:58.349 @PRF002 2018/7/27 0:00:00
16:57:58.350 @PRF003 50
16:57:58.353 @PRF001 140019503
16:57:58.361 @PRF002 2018/7/28 0:00:00
16:57:58.362 @PRF003 50
16:57:58.364 @PRF001 140019503
16:57:58.365 @PRF002 2018/7/30 0:00:00
16:57:58.366 @PRF003 98
16:57:58.368 @PRF001 140019503
16:57:58.369 @PRF002 2018/7/31 0:00:00
16:57:58.370 @PRF003 48
16:57:58.372 @PRF001 140019503
16:57:58.373 @PRF002 2018/8/1 0:00:00
16:57:58.374 @PRF003 52
16:57:58.377 @PRF001 140019503
16:57:58.378 @PRF002 2018/8/2 0:00:00
16:57:58.379 @PRF003 50
16:57:58.382 @PRF001 140019503
16:57:58.383 @PRF002 2018/8/3 0:00:00
16:57:58.384 @PRF003 50
16:57:58.386 @PRF001 140019503
16:57:58.387 @PRF002 2018/8/4 0:00:00
16:57:58.388 @PRF003 50
16:57:58.391 @PRF001 140019503
16:57:58.392 @PRF002 2018/8/5 0:00:00
16:57:58.393 @PRF003 50
16:57:58.395 @PRF001 140019503
16:57:58.396 @PRF002 2018/8/6 0:00:00
16:57:58.397 @PRF003 50
16:57:58.399 @PRF001 140019503
16:57:58.400 @PRF002 2018/8/7 0:00:00
16:57:58.402 @PRF003 50
16:57:58.403 @PRF001 140019503
16:57:58.405 @PRF002 2018/8/8 0:00:00
16:57:58.406 @PRF003 50
16:57:58.409 @PRF001 140019503
16:57:58.410 @PRF002 2018/8/9 0:00:00
16:57:58.411 @PRF003 50
16:57:58.413 @PRF001 140019503
16:57:58.414 @PRF002 2018/8/10 0:00:00
16:57:58.415 @PRF003 50
16:57:58.417 @PRF001 140019503
16:57:58.418 @PRF002 2018/8/11 0:00:00
16:57:58.419 @PRF003 50
16:57:58.421 @PRF001 140019503
16:57:58.423 @PRF002 2018/8/12 0:00:00
16:57:58.424 @PRF003 50
16:57:58.426 @PRF001 140019503
16:57:58.427 @PRF002 2018/8/13 0:00:00
16:57:58.428 @PRF003 50
16:57:58.431 @PRF001 140019503
16:57:58.433 @PRF002 2018/8/14 0:00:00
16:57:58.434 @PRF003 50
16:57:58.436 @PRF001 140019503
16:57:58.437 @PRF002 2018/8/15 0:00:00
16:57:58.439 @PRF003 50
16:57:58.440 @PRF001 140019503
16:57:58.442 @PRF002 2018/8/16 0:00:00
16:57:58.443 @PRF003 50
16:57:58.444 @PRF001 140019503
16:57:58.446 @PRF002 2018/8/17 0:00:00
16:57:58.447 @PRF003 50
16:57:58.448 @PRF001 140019503
16:57:58.450 @PRF002 2018/8/18 0:00:00
16:57:58.451 @PRF003 50
16:57:58.452 @PRF001 140019503
16:57:58.454 @PRF002 2018/8/19 0:00:00
16:57:58.455 @PRF003 50
16:57:58.458 @PRF001 140019503
16:57:58.459 @PRF002 2018/8/20 0:00:00
16:57:58.460 @PRF003 50
16:57:58.463 @PRF001 140019503
16:57:58.464 @PRF002 2018/8/21 0:00:00
16:57:58.465 @PRF003 50
16:57:58.467 @PRF001 140019503
16:57:58.468 @PRF002 2018/8/22 0:00:00
16:57:58.469 @PRF003 50
16:57:58.471 @PRF001 140019503
16:57:58.472 @PRF002 2018/8/23 0:00:00
16:57:58.473 @PRF003 50
16:57:58.476 @PRF001 140019503
16:57:58.477 @PRF002 2018/8/24 0:00:00
16:57:58.478 @PRF003 50
16:57:58.480 @PRF001 140019503
16:57:58.481 @PRF002 2018/8/25 0:00:00
16:57:58.483 @PRF003 50
16:57:58.485 @PRF001 140019503
16:57:58.486 @PRF002 2018/8/26 0:00:00
16:57:58.487 @PRF003 50
16:57:58.489 @PRF001 140019503
16:57:58.491 @PRF002 2018/8/27 0:00:00
16:57:58.492 @PRF003 50
16:57:58.495 @PRF001 140019503
16:57:58.496 @PRF002 2018/8/28 0:00:00
16:57:58.497 @PRF003 50
16:57:58.499 @PRF001 140019503
16:57:58.500 @PRF002 2018/8/29 0:00:00
16:57:58.501 @PRF003 50
16:57:58.503 @PRF001 140019503
16:57:58.504 @PRF002 2018/8/30 0:00:00
16:57:58.505 @PRF003 50
16:57:58.507 @PRF001 140019503
16:57:58.509 @PRF002 2018/8/31 0:00:00
16:57:58.510 @PRF003 50
16:57:58.512 @PRF001 140019503
16:57:58.513 @PRF002 2018/9/1 0:00:00
16:57:58.514 @PRF003 50
16:57:58.517 @PRF001 140019503
16:57:58.518 @PRF002 2018/9/2 0:00:00
16:57:58.519 @PRF003 50
16:57:58.522 @PRF001 140019503
16:57:58.523 @PRF002 2018/9/3 0:00:00
16:57:58.524 @PRF003 50
16:57:58.526 @PRF001 140019503
16:57:58.527 @PRF002 2018/9/4 0:00:00
16:57:58.528 @PRF003 50
16:57:58.531 @PRF001 140019503
16:57:58.533 @PRF002 2018/9/5 0:00:00
16:57:58.534 @PRF003 50
16:57:58.535 @PRF001 140019503
16:57:58.537 @PRF002 2018/9/6 0:00:00
16:57:58.538 @PRF003 50
16:57:58.540 @PRF001 140019503
16:57:58.541 @PRF002 2018/9/7 0:00:00
16:57:58.542 @PRF003 50
16:57:58.544 @PRF001 140019503
16:57:58.546 @PRF002 2018/9/8 0:00:00
16:57:58.547 @PRF003 50
16:57:58.552 @PRF001 140019503
16:57:58.553 @PRF002 2018/9/9 0:00:00
16:57:58.554 @PRF003 50
16:57:58.556 @PRF001 140019503
16:57:58.557 @PRF002 2018/9/10 0:00:00
16:57:58.559 @PRF003 50
16:57:58.560 @PRF001 140019503
16:57:58.562 @PRF002 2018/9/11 0:00:00
16:57:58.563 @PRF003 50
16:57:58.564 @PRF001 140019503
16:57:58.566 @PRF002 2018/9/12 0:00:00
16:57:58.567 @PRF003 50
16:57:58.569 @PRF001 140019503
16:57:58.570 @PRF002 2018/9/13 0:00:00
16:57:58.571 @PRF003 50
16:57:58.573 @PRF001 140019503
16:57:58.574 @PRF002 2018/9/14 0:00:00
16:57:58.575 @PRF003 50
16:57:58.579 @PRF001 140019503
16:57:58.580 @PRF002 2018/9/15 0:00:00
16:57:58.581 @PRF003 50
16:57:58.583 @PRF001 140019503
16:57:58.585 @PRF002 2018/9/16 0:00:00
16:57:58.586 @PRF003 50
16:57:58.588 @PRF001 140019503
16:57:58.589 @PRF002 2018/9/17 0:00:00
16:57:58.590 @PRF003 50
16:57:58.593 @PRF001 140019503
16:57:58.594 @PRF002 2018/9/18 0:00:00
16:57:58.595 @PRF003 50
16:57:58.597 @PRF001 140019503
16:57:58.598 @PRF002 2018/9/19 0:00:00
16:57:58.599 @PRF003 50
16:57:58.601 @PRF001 140019503
16:57:58.602 @PRF002 2018/9/20 0:00:00
16:57:58.603 @PRF003 50
16:57:58.605 @PRF001 140019503
16:57:58.606 @PRF002 2018/9/21 0:00:00
16:57:58.607 @PRF003 50
16:57:58.611 @PRF001 140019503
16:57:58.612 @PRF002 2018/9/22 0:00:00
16:57:58.613 @PRF003 50
16:57:58.615 @PRF001 140019503
16:57:58.616 @PRF002 2018/9/23 0:00:00
16:57:58.618 @PRF003 50
16:57:58.619 @PRF001 140019503
16:57:58.621 @PRF002 2018/9/24 0:00:00
16:57:58.622 @PRF003 50
16:57:58.624 @PRF001 140019503
16:57:58.626 @PRF002 2018/9/25 0:00:00
16:57:58.627 @PRF003 50
16:57:58.629 @PRF001 140019503
16:57:58.630 @PRF002 2018/9/26 0:00:00
16:57:58.631 @PRF003 50
16:57:58.633 @PRF001 140019503
16:57:58.634 @PRF002 2018/9/27 0:00:00
16:57:58.635 @PRF003 50
16:57:58.638 @PRF001 140019503
16:57:58.640 @PRF002 2018/9/28 0:00:00
16:57:58.641 @PRF003 50
16:57:58.643 @PRF001 140019503
16:57:58.644 @PRF002 2018/9/29 0:00:00
16:57:58.645 @PRF003 50
16:57:58.647 @PRF001 140019503
16:57:58.648 @PRF002 2018/9/30 0:00:00
16:57:58.649 @PRF003 50
16:57:58.651 @PRF001 140019503
16:57:58.652 @PRF002 2018/10/1 0:00:00
16:57:58.653 @PRF003 50
16:57:58.655 @PRF001 140019503
16:57:58.656 @PRF002 2018/10/2 0:00:00
16:57:58.658 @PRF003 50
16:57:58.661 @PRF001 140019503
16:57:58.662 @PRF002 2018/10/3 0:00:00
16:57:58.663 @PRF003 50
16:57:58.665 @PRF001 140019503
16:57:58.667 @PRF002 2018/10/4 0:00:00
16:57:58.668 @PRF003 50
16:57:58.670 @PRF001 140019503
16:57:58.672 @PRF002 2018/10/5 0:00:00
16:57:58.673 @PRF003 50
16:57:58.674 @PRF001 140019503
16:57:58.675 @PRF002 2018/10/6 0:00:00
16:57:58.676 @PRF003 50
16:57:58.679 @PRF001 140019503
16:57:58.680 @PRF002 2018/10/7 0:00:00
16:57:58.681 @PRF003 50
16:57:58.683 @PRF001 140019503
16:57:58.684 @PRF002 2018/10/8 0:00:00
16:57:58.685 @PRF003 50
16:57:58.688 @PRF001 140019503
16:57:58.689 @PRF002 2018/10/9 0:00:00
16:57:58.691 @PRF003 50
16:57:58.694 @PRF001 140019503
16:57:58.695 @PRF002 2018/10/10 0:00:00
16:57:58.696 @PRF003 50
16:57:58.698 @PRF001 140019503
16:57:58.699 @PRF002 2018/10/11 0:00:00
16:57:58.700 @PRF003 50
16:57:58.702 @PRF001 140019503
16:57:58.704 @PRF002 2018/10/12 0:00:00
16:57:58.705 @PRF003 50
16:57:58.707 @PRF001 140019503
16:57:58.708 @PRF002 2018/10/13 0:00:00
16:57:58.709 @PRF003 50
16:57:58.711 @PRF001 140019503
16:57:58.712 @PRF002 2018/10/14 0:00:00
16:57:58.713 @PRF003 50
16:57:58.715 @PRF001 140019503
16:57:58.716 @PRF002 2018/10/15 0:00:00
16:57:58.718 @PRF003 50
16:57:58.720 @PRF001 140019503
16:57:58.721 @PRF002 2018/10/16 0:00:00
16:57:58.722 @PRF003 50
16:57:58.725 @PRF001 140019503
16:57:58.726 @PRF002 2018/10/17 0:00:00
16:57:58.727 @PRF003 50
16:57:58.729 @PRF001 140019503
16:57:58.730 @PRF002 2018/10/18 0:00:00
16:57:58.731 @PRF003 50
16:57:58.734 @PRF001 140019503
16:57:58.735 @PRF002 2018/10/19 0:00:00
16:57:58.736 @PRF003 50
16:57:58.738 @PRF001 140019503
16:57:58.740 @PRF002 2018/10/20 0:00:00
16:57:58.741 @PRF003 50
16:57:58.743 @PRF001 140019503
16:57:58.744 @PRF002 2018/10/21 0:00:00
16:57:58.745 @PRF003 50
16:57:58.748 @PRF001 140019503
16:57:58.750 @PRF002 2018/10/22 0:00:00
16:57:58.751 @PRF003 50
16:57:58.753 @PRF001 140019503
16:57:58.754 @PRF002 2018/10/23 0:00:00
16:57:58.755 @PRF003 50
16:57:58.758 @PRF001 140019503
16:57:58.759 @PRF002 2018/10/24 0:00:00
16:57:58.760 @PRF003 50
16:57:58.763 @PRF001 140019503
16:57:58.764 @PRF002 2018/10/25 0:00:00
16:57:58.765 @PRF003 50
16:57:58.767 @PRF001 140019503
16:57:58.769 @PRF002 2018/10/26 0:00:00
16:57:58.770 @PRF003 50
16:57:58.772 @PRF001 140019503
16:57:58.773 @PRF002 2018/10/27 0:00:00
16:57:58.774 @PRF003 50
16:57:58.776 @PRF001 140019503
16:57:58.777 @PRF002 2018/10/28 0:00:00
16:57:58.778 @PRF003 50
16:57:58.782 @PRF001 140019503
16:57:58.783 @PRF002 2018/10/29 0:00:00
16:57:58.784 @PRF003 50
16:57:58.786 @PRF001 140019503
16:57:58.788 @PRF002 2018/10/30 0:00:00
16:57:58.789 @PRF003 50
16:57:58.790 @PRF001 140019503
16:57:58.792 @PRF002 2018/10/31 0:00:00
16:57:58.793 @PRF003 50
16:57:58.796 @PRF001 140019503
16:57:58.797 @PRF002 2018/11/1 0:00:00
16:57:58.798 @PRF003 50
16:57:58.800 @PRF001 140019503
16:57:58.801 @PRF002 2018/11/2 0:00:00
16:57:58.802 @PRF003 50
16:57:58.805 @PRF001 140019503
16:57:58.807 @PRF002 2018/11/3 0:00:00
16:57:58.808 @PRF003 50
16:57:58.810 @PRF001 140019503
16:57:58.811 @PRF002 2018/11/4 0:00:00
16:57:58.812 @PRF003 50
16:57:58.815 @PRF001 140019503
16:57:58.816 @PRF002 2018/11/5 0:00:00
16:57:58.817 @PRF003 50
16:57:58.819 @PRF001 140019503
16:57:58.820 @PRF002 2018/11/6 0:00:00
16:57:58.821 @PRF003 50
16:57:58.823 @PRF001 140019503
16:57:58.824 @PRF002 2018/11/7 0:00:00
16:57:58.825 @PRF003 50
16:57:58.827 @PRF001 140019503
16:57:58.829 @PRF002 2018/11/8 0:00:00
16:57:58.830 @PRF003 50
16:57:58.831 @PRF001 140019503
16:57:58.833 @PRF002 2018/11/9 0:00:00
16:57:58.834 @PRF003 50
16:57:58.837 @PRF001 140019503
16:57:58.838 @PRF002 2018/11/10 0:00:00
16:57:58.839 @PRF003 50
16:57:58.841 @PRF001 140019503
16:57:58.842 @PRF002 2018/11/11 0:00:00
16:57:58.843 @PRF003 50
16:57:58.846 @PRF001 140019503
16:57:58.847 @PRF002 2018/11/12 0:00:00
16:57:58.848 @PRF003 50
16:57:58.850 @PRF001 140019503
16:57:58.851 @PRF002 2018/11/13 0:00:00
16:57:58.852 @PRF003 50
16:57:58.854 @PRF001 140019503
16:57:58.855 @PRF002 2018/11/14 0:00:00
16:57:58.856 @PRF003 50
16:57:58.859 @PRF001 140019503
16:57:58.860 @PRF002 2018/11/15 0:00:00
16:57:58.861 @PRF003 50
16:57:58.863 @PRF001 140019503
16:57:58.864 @PRF002 2018/11/16 0:00:00
16:57:58.865 @PRF003 50
16:57:58.868 @PRF001 140019503
16:57:58.869 @PRF002 2018/11/17 0:00:00
16:57:58.870 @PRF003 50
16:57:58.872 @PRF001 140019503
16:57:58.873 @PRF002 2018/11/18 0:00:00
16:57:58.874 @PRF003 50
16:57:58.876 @PRF001 140019503
16:57:58.877 @PRF002 2018/11/19 0:00:00
16:57:58.878 @PRF003 50
16:57:58.881 @PRF001 140019503
16:57:58.883 @PRF002 2018/11/20 0:00:00
16:57:58.884 @PRF003 50
16:57:58.885 @PRF001 394121001011
16:57:58.887 @PRF002 2018/7/21 0:00:00
16:57:58.889 @PRF003 2345
16:57:58.892 @PRF001 394121001011
16:57:58.893 @PRF002 2018/7/22 0:00:00
16:57:58.894 @PRF003 2345
16:57:58.896 @PRF001 394121001011
16:57:58.898 @PRF002 2018/7/23 0:00:00
16:57:58.899 @PRF003 2144
16:57:58.901 @PRF001 394121001048
16:57:58.902 @PRF002 2018/7/21 0:00:00
16:57:58.903 @PRF003 56
16:57:58.906 @PRF001 394121001048
16:57:58.907 @PRF002 2018/7/22 0:00:00
16:57:58.908 @PRF003 56
16:57:58.910 @PRF001 394121001048
16:57:58.911 @PRF002 2018/7/23 0:00:00
16:57:58.912 @PRF003 1
16:57:58.915 @PRF001 394121001074
16:57:58.916 @PRF002 2018/7/25 0:00:00
16:57:58.917 @PRF003 300
16:57:58.919 @PRF001 394121001074
16:57:58.920 @PRF002 2018/7/26 0:00:00
16:57:58.921 @PRF003 300
16:57:58.924 @PRF001 394121001074
16:57:58.925 @PRF002 2018/7/27 0:00:00
16:57:58.926 @PRF003 300
16:57:58.928 @PRF001 394121001074
16:57:58.929 @PRF002 2018/7/28 0:00:00
16:57:58.930 @PRF003 300
16:57:58.933 @PRF001 394121001074
16:57:58.934 @PRF002 2018/7/29 0:00:00
16:57:58.935 @PRF003 300
16:57:58.937 @PRF001 394121001074
16:57:58.939 @PRF002 2018/7/30 0:00:00
16:57:58.940 @PRF003 300
16:57:58.942 @PRF001 394121001074
16:57:58.943 @PRF002 2018/7/31 0:00:00
16:57:58.944 @PRF003 300
16:57:58.946 @PRF001 394121001074
16:57:58.947 @PRF002 2018/8/1 0:00:00
16:57:58.948 @PRF003 300
16:57:58.951 @PRF001 394121001074
16:57:58.952 @PRF002 2018/8/2 0:00:00
16:57:58.953 @PRF003 300
16:57:58.955 @PRF001 394121001074
16:57:58.956 @PRF002 2018/8/3 0:00:00
16:57:58.957 @PRF003 300
16:57:58.959 @PRF001 394121001402
16:57:58.960 @PRF002 2018/7/26 0:00:00
16:57:58.962 @PRF003 100
16:57:58.966 @PRF001 394121001402
16:57:58.968 @PRF002 2018/7/27 0:00:00
16:57:58.969 @PRF003 100
16:57:58.971 @PRF001 394121001402
16:57:58.973 @PRF002 2018/7/28 0:00:00
16:57:58.974 @PRF003 100
16:57:58.976 @PRF001 394121001402
16:57:58.977 @PRF002 2018/7/29 0:00:00
16:57:58.978 @PRF003 22
16:57:58.980 @PRF001 394121003003
16:57:58.981 @PRF002 2018/7/24 0:00:00
16:57:58.982 @PRF003 23
16:57:58.984 @PRF001 394121003003
16:57:58.986 @PRF002 2018/7/25 0:00:00
16:57:58.987 @PRF003 23
16:57:58.989 @PRF001 394121003003
16:57:58.990 @PRF002 2018/7/26 0:00:00
16:57:58.991 @PRF003 9
16:57:58.993 @PRF001 394121007005
16:57:58.994 @PRF002 2018/7/25 0:00:00
16:57:58.995 @PRF003 345
16:57:58.999 @PRF001 394121007005
16:57:59.001 @PRF002 2018/7/26 0:00:00
16:57:59.002 @PRF003 345
16:57:59.003 @PRF001 394121007005
16:57:59.005 @PRF002 2018/7/27 0:00:00
16:57:59.006 @PRF003 345
16:57:59.008 @PRF001 394121007005
16:57:59.009 @PRF002 2018/7/28 0:00:00
16:57:59.010 @PRF003 345
16:57:59.012 @PRF001 394121007005
16:57:59.013 @PRF002 2018/7/29 0:00:00
16:57:59.014 @PRF003 100
16:57:59.016 @PRF001 394121007005
16:57:59.017 @PRF002 2018/7/30 0:00:00
16:57:59.018 @PRF003 79
16:57:59.022 @PRF001 MX48A(GT)
16:57:59.023 @PRF002 2018/7/21 0:00:00
16:57:59.024 @PRF003 1
16:57:59.026 @PRF001 MX55A
16:57:59.027 @PRF002 2018/7/21 0:00:00
16:57:59.029 @PRF003 23
16:57:59.031 @PRF001 MX55A
16:57:59.032 @PRF002 2018/7/22 0:00:00
16:57:59.033 @PRF003 23
16:57:59.035 @PRF001 MX55A
16:57:59.036 @PRF002 2018/7/23 0:00:00
16:57:59.037 @PRF003 23
16:57:59.039 @PRF001 MX55A
16:57:59.041 @PRF002 2018/7/24 0:00:00
16:57:59.042 @PRF003 23
16:57:59.044 @PRF001 MX55A
16:57:59.046 @PRF002 2018/7/25 0:00:00
16:57:59.047 @PRF003 23
16:57:59.049 @PRF001 MX55A
16:57:59.050 @PRF002 2018/7/26 0:00:00
16:57:59.051 @PRF003 23
16:57:59.054 @PRF001 MX55A
16:57:59.056 @PRF002 2018/7/27 0:00:00
16:57:59.057 @PRF003 23
16:57:59.059 @PRF001 MX55A
16:57:59.060 @PRF002 2018/7/28 0:00:00
16:57:59.061 @PRF003 3
16:57:59.063 @PRF001 MY22G
16:57:59.064 @PRF002 2018/7/21 0:00:00
16:57:59.065 @PRF003 244
16:57:59.067 @PRF001 MY22G
16:57:59.068 @PRF002 2018/7/22 0:00:00
16:57:59.069 @PRF003 244
16:57:59.071 @PRF001 MY22G
16:57:59.072 @PRF002 2018/7/23 0:00:00
16:57:59.073 @PRF003 244
16:57:59.076 @PRF001 MY22G
16:57:59.077 @PRF002 2018/7/24 0:00:00
16:57:59.079 @PRF003 185
16:57:59.082 @PRF001 NS11G18
16:57:59.083 @PRF002 2018/7/25 0:00:00
16:57:59.084 @PRF003 1
16:57:59.086 @PRF001 TCLNS-11B018
16:57:59.087 @PRF002 2018/7/21 0:00:00
16:57:59.088 @PRF003 200
16:57:59.090 @PRF001 TCLNS-11B018
16:57:59.091 @PRF002 2018/7/22 0:00:00
16:57:59.092 @PRF003 200
16:57:59.094 @PRF001 TCLNS-11B018
16:57:59.096 @PRF002 2018/7/23 0:00:00
16:57:59.097 @PRF003 200
16:57:59.100 @PRF001 TCLNS-11B018
16:57:59.101 @PRF002 2018/7/24 0:00:00
16:57:59.102 @PRF003 87
16:57:59.104 @PRF001 TCLNS-11B121A
16:57:59.105 @PRF002 2018/7/26 0:00:00
16:57:59.106 @PRF003 123
16:57:59.108 @PRF001 TCLNS-11B121A
16:57:59.110 @PRF002 2018/7/27 0:00:00
16:57:59.111 @PRF003 123
16:57:59.113 @PRF001 TCLNS-11B121A
16:57:59.114 @PRF002 2018/7/28 0:00:00
16:57:59.115 @PRF003 54
