09:54:44.025 @EMP002 陈显元
09:54:44.026 @EMP033 cebfd1559b68d67688884d7a3d3e8c
09:56:14.143 @ANW001 20181218001
09:56:14.143 @ANW002 GD201811210001
09:56:14.143 @ANW003 TCLJD-DQFY02
09:56:14.143 @ANW004 TCL风暖+照明+换气+吹风+数显五合一
09:56:14.143 @ANW005 
09:56:14.144 @ANW006 300
09:56:14.144 @ANW007 台
09:56:14.144 @ANW008 4.35
09:56:14.144 @ANW009 290
09:56:14.144 @ANW010 0507
09:56:14.144 @ANW011 总装车间
09:56:14.144 @ANW012 050701
09:56:14.144 @ANW013 1线
09:56:14.145 @ANW014 计件
09:56:14.145 @ANW015 2018/12/18 8:00:00
09:56:14.145 @ANW016 2018/12/18 17:00:00
09:56:14.145 @ANW017 
09:56:14.145 @ANW018 
09:56:14.145 @ANW019 
09:56:14.145 @ANW020 True
09:56:14.145 @ANW021 False
09:56:14.146 @ANW022 2018/12/18 0:00:00
09:56:14.146 @ANW023 0.5
09:56:14.146 @ANW024 0
09:56:14.146 @ANW025 陈显元
09:56:14.162 @ANX001 20181218001
09:56:14.162 @ANX002 10140
09:56:14.162 @ANX003 刘兴贵
09:56:14.162 @ANX004 装配工
09:56:14.163 @ANX005 2018/12/18 8:00:00
09:56:14.164 @ANX006 2018/12/18 17:00:00
09:56:14.165 @ANX007 
09:56:14.165 @ANX008 
09:56:14.165 @ANX009 0
09:56:14.165 @ANX010 12
09:56:14.165 @ANX011 在职
09:56:14.165 @ANX012 
09:56:14.166 @ANX013 检测
09:56:14.166 @ANX014 1线
09:56:14.166 @ANX015 8.5
09:56:14.166 @ANX016 0
09:56:14.166 @ANX017 59.94
09:56:14.172 @ANX001 20181218001
09:56:14.172 @ANX002 10141
09:56:14.172 @ANX003 王振宇
09:56:14.173 @ANX004 装配工
09:56:14.173 @ANX005 2018/12/18 8:00:00
09:56:14.173 @ANX006 2018/12/18 17:00:00
09:56:14.173 @ANX007 
09:56:14.173 @ANX008 
09:56:14.174 @ANX009 0
09:56:14.174 @ANX010 13
09:56:14.174 @ANX011 在职
09:56:14.175 @ANX012 
09:56:14.175 @ANX013 
09:56:14.175 @ANX014 1线
09:56:14.175 @ANX015 8.5
09:56:14.176 @ANX016 0
09:56:14.176 @ANX017 60.94
09:56:14.178 @ANX001 20181218001
09:56:14.178 @ANX002 10142
09:56:14.179 @ANX003 钟成菊
09:56:14.179 @ANX004 装配工
09:56:14.179 @ANX005 2018/12/18 8:00:00
09:56:14.179 @ANX006 2018/12/18 17:00:00
09:56:14.180 @ANX007 
09:56:14.180 @ANX008 
09:56:14.180 @ANX009 0
09:56:14.180 @ANX010 0
09:56:14.180 @ANX011 在职
09:56:14.181 @ANX012 
09:56:14.181 @ANX013 
09:56:14.181 @ANX014 1线
09:56:14.181 @ANX015 8.5
09:56:14.182 @ANX016 0
09:56:14.182 @ANX017 47.94
09:56:14.186 @ANX001 20181218001
09:56:14.186 @ANX002 10143
09:56:14.186 @ANX003 赵成鹏
09:56:14.187 @ANX004 装配工
09:56:14.187 @ANX005 2018/12/18 8:00:00
09:56:14.187 @ANX006 2018/12/18 17:00:00
09:56:14.187 @ANX007 
09:56:14.188 @ANX008 
09:56:14.188 @ANX009 0
09:56:14.188 @ANX010 0
09:56:14.188 @ANX011 在职
09:56:14.188 @ANX012 
09:56:14.189 @ANX013 
09:56:14.189 @ANX014 1线
09:56:14.189 @ANX015 8.5
09:56:14.189 @ANX016 0
09:56:14.189 @ANX017 47.94
09:56:14.196 @ANX001 20181218001
09:56:14.197 @ANX002 10144
09:56:14.197 @ANX003 何万华
09:56:14.197 @ANX004 装配工
09:56:14.198 @ANX005 2018/12/18 8:00:00
09:56:14.198 @ANX006 2018/12/18 17:00:00
09:56:14.198 @ANX007 
09:56:14.198 @ANX008 
09:56:14.199 @ANX009 0
09:56:14.199 @ANX010 0
09:56:14.199 @ANX011 在职
09:56:14.199 @ANX012 
09:56:14.199 @ANX013 
09:56:14.200 @ANX014 1线
09:56:14.200 @ANX015 8.5
09:56:14.200 @ANX016 0
09:56:14.200 @ANX017 47.94
09:56:14.202 @ANX001 20181218001
09:56:14.203 @ANX002 10145
09:56:14.203 @ANX003 严云芹
09:56:14.203 @ANX004 装配工
09:56:14.203 @ANX005 2018/12/18 8:00:00
09:56:14.204 @ANX006 2018/12/18 17:00:00
09:56:14.204 @ANX007 
09:56:14.204 @ANX008 
09:56:14.204 @ANX009 0
09:56:14.204 @ANX010 0
09:56:14.205 @ANX011 在职
09:56:14.205 @ANX012 
09:56:14.205 @ANX013 
09:56:14.205 @ANX014 1线
09:56:14.205 @ANX015 8.5
09:56:14.206 @ANX016 0
09:56:14.206 @ANX017 47.94
09:56:14.210 @ANX001 20181218001
09:56:14.210 @ANX002 10146
09:56:14.210 @ANX003 马小千
09:56:14.211 @ANX004 装配工
09:56:14.211 @ANX005 2018/12/18 8:00:00
09:56:14.211 @ANX006 2018/12/18 17:00:00
09:56:14.211 @ANX007 
09:56:14.212 @ANX008 
09:56:14.212 @ANX009 0
09:56:14.212 @ANX010 0
09:56:14.212 @ANX011 在职
09:56:14.212 @ANX012 
09:56:14.213 @ANX013 
09:56:14.213 @ANX014 1线
09:56:14.213 @ANX015 8.5
09:56:14.213 @ANX016 0
09:56:14.214 @ANX017 47.94
09:56:14.218 @ANX001 20181218001
09:56:14.218 @ANX002 10147
09:56:14.218 @ANX003 周顺
09:56:14.218 @ANX004 装配工
09:56:14.219 @ANX005 2018/12/18 8:00:00
09:56:14.219 @ANX006 2018/12/18 17:00:00
09:56:14.219 @ANX007 
09:56:14.219 @ANX008 
09:56:14.219 @ANX009 0
09:56:14.220 @ANX010 0
09:56:14.220 @ANX011 在职
09:56:14.220 @ANX012 
09:56:14.220 @ANX013 
09:56:14.220 @ANX014 1线
09:56:14.221 @ANX015 8.5
09:56:14.221 @ANX016 0
09:56:14.221 @ANX017 47.94
09:56:14.224 @ANX001 20181218001
09:56:14.224 @ANX002 10148
09:56:14.225 @ANX003 龙付咪
09:56:14.225 @ANX004 装配工
09:56:14.225 @ANX005 2018/12/18 8:00:00
09:56:14.225 @ANX006 2018/12/18 17:00:00
09:56:14.225 @ANX007 
09:56:14.226 @ANX008 
09:56:14.226 @ANX009 0
09:56:14.226 @ANX010 0
09:56:14.226 @ANX011 在职
09:56:14.226 @ANX012 
09:56:14.227 @ANX013 
09:56:14.227 @ANX014 1线
09:56:14.227 @ANX015 8.5
09:56:14.227 @ANX016 0
09:56:14.227 @ANX017 47.94
09:56:14.229 @ANX001 20181218001
09:56:14.230 @ANX002 10150
09:56:14.230 @ANX003 刘高发
09:56:14.230 @ANX004 装配工
09:56:14.230 @ANX005 2018/12/18 8:00:00
09:56:14.231 @ANX006 2018/12/18 17:00:00
09:56:14.231 @ANX007 
09:56:14.231 @ANX008 
09:56:14.231 @ANX009 0
09:56:14.231 @ANX010 0
09:56:14.232 @ANX011 在职
09:56:14.232 @ANX012 
09:56:14.233 @ANX013 
09:56:14.233 @ANX014 1线
09:56:14.233 @ANX015 8.5
09:56:14.233 @ANX016 0
09:56:14.234 @ANX017 47.94
09:56:14.238 @ANX001 20181218001
09:56:14.238 @ANX002 10151
09:56:14.238 @ANX003 吴张英
09:56:14.239 @ANX004 装配工
09:56:14.239 @ANX005 2018/12/18 8:00:00
09:56:14.239 @ANX006 2018/12/18 17:00:00
09:56:14.239 @ANX007 
09:56:14.240 @ANX008 
09:56:14.240 @ANX009 0
09:56:14.240 @ANX010 0
09:56:14.240 @ANX011 在职
09:56:14.240 @ANX012 
09:56:14.241 @ANX013 
09:56:14.241 @ANX014 1线
09:56:14.241 @ANX015 8.5
09:56:14.241 @ANX016 0
09:56:14.241 @ANX017 47.94
09:56:14.243 @ANX001 20181218001
09:56:14.243 @ANX002 10152
09:56:14.244 @ANX003 杨犁
09:56:14.244 @ANX004 装配工
09:56:14.244 @ANX005 2018/12/18 8:00:00
09:56:14.244 @ANX006 2018/12/18 17:00:00
09:56:14.245 @ANX007 
09:56:14.245 @ANX008 
09:56:14.245 @ANX009 0
09:56:14.245 @ANX010 0
09:56:14.245 @ANX011 在职
09:56:14.246 @ANX012 
09:56:14.246 @ANX013 
09:56:14.246 @ANX014 1线
09:56:14.246 @ANX015 8.5
09:56:14.246 @ANX016 0
09:56:14.247 @ANX017 47.94
09:56:14.249 @ANX001 20181218001
09:56:14.249 @ANX002 10153
09:56:14.249 @ANX003 熊洪才
09:56:14.250 @ANX004 装配工
09:56:14.250 @ANX005 2018/12/18 8:00:00
09:56:14.250 @ANX006 2018/12/18 17:00:00
09:56:14.250 @ANX007 
09:56:14.251 @ANX008 
09:56:14.251 @ANX009 0
09:56:14.251 @ANX010 0
09:56:14.251 @ANX011 在职
09:56:14.251 @ANX012 
09:56:14.252 @ANX013 
09:56:14.252 @ANX014 1线
09:56:14.252 @ANX015 8.5
09:56:14.252 @ANX016 0
09:56:14.252 @ANX017 47.94
09:56:14.255 @ANX001 20181218001
09:56:14.256 @ANX002 10154
09:56:14.256 @ANX003 代开容
09:56:14.256 @ANX004 装配工
09:56:14.256 @ANX005 2018/12/18 8:00:00
09:56:14.256 @ANX006 2018/12/18 17:00:00
09:56:14.257 @ANX007 
09:56:14.257 @ANX008 
09:56:14.257 @ANX009 0
09:56:14.257 @ANX010 0
09:56:14.257 @ANX011 在职
09:56:14.257 @ANX012 
09:56:14.258 @ANX013 
09:56:14.258 @ANX014 1线
09:56:14.258 @ANX015 8.5
09:56:14.258 @ANX016 0
09:56:14.258 @ANX017 47.94
09:56:14.261 @ANX001 20181218001
09:56:14.261 @ANX002 10155
09:56:14.261 @ANX003 尹宗丹
09:56:14.262 @ANX004 装配工
09:56:14.262 @ANX005 2018/12/18 8:00:00
09:56:14.262 @ANX006 2018/12/18 17:00:00
09:56:14.262 @ANX007 
09:56:14.262 @ANX008 
09:56:14.263 @ANX009 0
09:56:14.263 @ANX010 0
09:56:14.263 @ANX011 在职
09:56:14.263 @ANX012 
09:56:14.264 @ANX013 
09:56:14.264 @ANX014 1线
09:56:14.264 @ANX015 8.5
09:56:14.264 @ANX016 0
09:56:14.264 @ANX017 47.94
09:56:14.266 @ANX001 20181218001
09:56:14.266 @ANX002 10156
09:56:14.267 @ANX003 朱正高
09:56:14.267 @ANX004 装配工
09:56:14.267 @ANX005 2018/12/18 8:00:00
09:56:14.267 @ANX006 2018/12/18 17:00:00
09:56:14.267 @ANX007 
09:56:14.268 @ANX008 
09:56:14.268 @ANX009 0
09:56:14.268 @ANX010 0
09:56:14.268 @ANX011 在职
09:56:14.268 @ANX012 
09:56:14.269 @ANX013 
09:56:14.269 @ANX014 1线
09:56:14.269 @ANX015 8.5
09:56:14.269 @ANX016 0
09:56:14.269 @ANX017 47.94
09:56:14.271 @ANX001 20181218001
09:56:14.271 @ANX002 10157
09:56:14.272 @ANX003 卿廷群
09:56:14.272 @ANX004 装配工
09:56:14.272 @ANX005 2018/12/18 8:00:00
09:56:14.272 @ANX006 2018/12/18 17:00:00
09:56:14.272 @ANX007 
09:56:14.273 @ANX008 
09:56:14.273 @ANX009 0
09:56:14.273 @ANX010 0
09:56:14.273 @ANX011 在职
09:56:14.273 @ANX012 
09:56:14.273 @ANX013 
09:56:14.274 @ANX014 1线
09:56:14.274 @ANX015 8.5
09:56:14.274 @ANX016 0
09:56:14.274 @ANX017 47.94
09:56:14.275 @ANX001 20181218001
09:56:14.276 @ANX002 10158
09:56:14.276 @ANX003 邹修丽
09:56:14.276 @ANX004 装配工
09:56:14.276 @ANX005 2018/12/18 8:00:00
09:56:14.277 @ANX006 2018/12/18 17:00:00
09:56:14.277 @ANX007 
09:56:14.277 @ANX008 
09:56:14.277 @ANX009 0
09:56:14.277 @ANX010 0
09:56:14.278 @ANX011 在职
09:56:14.278 @ANX012 
09:56:14.278 @ANX013 
09:56:14.278 @ANX014 1线
09:56:14.279 @ANX015 8.5
09:56:14.279 @ANX016 0
09:56:14.279 @ANX017 47.94
09:56:14.280 @ANX001 20181218001
09:56:14.280 @ANX002 10159
09:56:14.281 @ANX003 徐永洪
09:56:14.281 @ANX004 装配工
09:56:14.281 @ANX005 2018/12/18 8:00:00
09:56:14.281 @ANX006 2018/12/18 17:00:00
09:56:14.281 @ANX007 
09:56:14.282 @ANX008 
09:56:14.282 @ANX009 0
09:56:14.282 @ANX010 0
09:56:14.282 @ANX011 在职
09:56:14.282 @ANX012 
09:56:14.282 @ANX013 
09:56:14.283 @ANX014 1线
09:56:14.283 @ANX015 8.5
09:56:14.283 @ANX016 0
09:56:14.283 @ANX017 47.94
09:56:14.285 @ANX001 20181218001
09:56:14.285 @ANX002 10160
09:56:14.285 @ANX003 刘仁燕
09:56:14.285 @ANX004 装配工
09:56:14.286 @ANX005 2018/12/18 8:00:00
09:56:14.286 @ANX006 2018/12/18 17:00:00
09:56:14.286 @ANX007 
09:56:14.286 @ANX008 
09:56:14.287 @ANX009 0
09:56:14.287 @ANX010 0
09:56:14.287 @ANX011 在职
09:56:14.287 @ANX012 
09:56:14.287 @ANX013 
09:56:14.287 @ANX014 1线
09:56:14.288 @ANX015 8.5
09:56:14.288 @ANX016 0
09:56:14.288 @ANX017 47.94
09:56:14.289 @ANX001 20181218001
09:56:14.290 @ANX002 10161
09:56:14.290 @ANX003 陈万珍
09:56:14.290 @ANX004 装配工
09:56:14.290 @ANX005 2018/12/18 8:00:00
09:56:14.290 @ANX006 2018/12/18 17:00:00
09:56:14.291 @ANX007 
09:56:14.291 @ANX008 
09:56:14.291 @ANX009 0
09:56:14.291 @ANX010 0
09:56:14.291 @ANX011 在职
09:56:14.292 @ANX012 
09:56:14.292 @ANX013 
09:56:14.292 @ANX014 1线
09:56:14.292 @ANX015 8.5
09:56:14.292 @ANX016 0
09:56:14.292 @ANX017 47.94
09:56:14.294 @ANX001 20181218001
09:56:14.294 @ANX002 10162
09:56:14.294 @ANX003 李义承
09:56:14.294 @ANX004 装配工
09:56:14.295 @ANX005 2018/12/18 8:00:00
09:56:14.295 @ANX006 2018/12/18 17:00:00
09:56:14.295 @ANX007 
09:56:14.295 @ANX008 
09:56:14.295 @ANX009 0
09:56:14.296 @ANX010 0
09:56:14.296 @ANX011 在职
09:56:14.296 @ANX012 
09:56:14.296 @ANX013 
09:56:14.296 @ANX014 1线
09:56:14.296 @ANX015 8.5
09:56:14.297 @ANX016 0
09:56:14.297 @ANX017 47.94
09:56:14.305 @ANX001 20181218001
09:56:14.305 @ANX002 10163
09:56:14.305 @ANX003 张义兵
09:56:14.305 @ANX004 装配工
09:56:14.306 @ANX005 2018/12/18 8:00:00
09:56:14.306 @ANX006 2018/12/18 17:00:00
09:56:14.306 @ANX007 
09:56:14.307 @ANX008 
09:56:14.307 @ANX009 0
09:56:14.307 @ANX010 0
09:56:14.307 @ANX011 在职
09:56:14.308 @ANX012 
09:56:14.308 @ANX013 
09:56:14.308 @ANX014 1线
09:56:14.308 @ANX015 8.5
09:56:14.308 @ANX016 0
09:56:14.309 @ANX017 47.94
09:56:14.312 @ANX001 20181218001
09:56:14.313 @ANX002 10164
09:56:14.313 @ANX003 韩会萍
09:56:14.313 @ANX004 装配工
09:56:14.313 @ANX005 2018/12/18 8:00:00
09:56:14.313 @ANX006 2018/12/18 17:00:00
09:56:14.313 @ANX007 
09:56:14.314 @ANX008 
09:56:14.314 @ANX009 0
09:56:14.314 @ANX010 0
09:56:14.314 @ANX011 在职
09:56:14.314 @ANX012 
09:56:14.315 @ANX013 
09:56:14.315 @ANX014 1线
09:56:14.315 @ANX015 8.5
09:56:14.315 @ANX016 0
09:56:14.315 @ANX017 47.94
09:56:14.319 @ANX001 20181218001
09:56:14.320 @ANX002 10165
09:56:14.320 @ANX003 国明秀
09:56:14.320 @ANX004 装配工
09:56:14.320 @ANX005 2018/12/18 8:00:00
09:56:14.321 @ANX006 2018/12/18 17:00:00
09:56:14.321 @ANX007 
09:56:14.321 @ANX008 
09:56:14.321 @ANX009 0
09:56:14.321 @ANX010 0
09:56:14.322 @ANX011 在职
09:56:14.322 @ANX012 
09:56:14.322 @ANX013 
09:56:14.322 @ANX014 1线
09:56:14.322 @ANX015 8.5
09:56:14.323 @ANX016 0
09:56:14.323 @ANX017 47.94
09:56:16.564 @ANW001 20181218001
09:56:16.564 @ANW020 True
10:06:27.363 @EMP002 陈显元
10:06:27.363 @EMP033 cebfd1559b68d67688884d7a3d3e8c
10:13:26.034 @EMP002 陈显元
10:13:26.035 @EMP033 cebfd1559b68d67688884d7a3d3e8c
11:00:48.289  异常信息：由于连接方在一段时间后没有正确答复或连接的主机没有反应，连接尝试失败。 192.168.0.170:80
  堆栈信息:   在 AutoUpdate.AppUpdate.DownloadFile(String url, String localFilePath) 位置 D:\ProjectData\MiKe\LineProductMes\LineProductMes\ClassForMain\AppUpdate.cs:行号 239
   在 AutoUpdate.AppUpdate.CheckAppVersion(String& msg) 位置 D:\ProjectData\MiKe\LineProductMes\LineProductMes\ClassForMain\AppUpdate.cs:行号 310
11:09:43.850  异常信息：由于连接方在一段时间后没有正确答复或连接的主机没有反应，连接尝试失败。 192.168.0.170:80
  堆栈信息:   在 AutoUpdate.AppUpdate.DownloadFile(String url, String localFilePath) 位置 D:\ProjectData\MiKe\LineProductMes\LineProductMes\ClassForMain\AppUpdate.cs:行号 239
   在 AutoUpdate.AppUpdate.CheckAppVersion(String& msg) 位置 D:\ProjectData\MiKe\LineProductMes\LineProductMes\ClassForMain\AppUpdate.cs:行号 310
11:13:01.242 @EMP002 陈显元
11:13:01.243 @EMP033 cebfd1559b68d67688884d7a3d3e8c
11:18:07.926 @EMP002 系统管理员
11:18:07.927 @EMP033 cebfd1559b68d67688884d7a3d3e8c
13:10:37.364 @EMP002 系统管理员
13:10:37.365 @EMP033 cebfd1559b68d67688884d7a3d3e8c
13:12:30.152 @EMP002 系统管理员
13:12:30.153 @EMP033 cebfd1559b68d67688884d7a3d3e8c
13:13:52.375 @ANT001 20181218001
13:13:52.375 @ANT002 0507
13:13:52.381 @ANT003 总装车间
13:13:52.381 @ANT004 050709
13:13:52.381 @ANT005 附件组
13:13:52.381 @ANT008 2018/12/18 0:00:00
13:13:52.381 @ANT009 0.5
13:13:52.382 @ANT010 0
13:13:52.382 @ANT011 计件
13:13:52.382 @ANT012 
13:13:52.382 @ANT013 系统管理员
13:13:52.394 @ANU001 20181218001
13:13:52.394 @ANU002 20181218001
13:13:52.395 @ANU003 GD201811210001
13:13:52.395 @ANU004 TCLJD-DQFY02
13:13:52.395 @ANU005 TCL风暖+照明+换气+吹风+数显五合一
13:13:52.395 @ANU006 附件加工
13:13:52.395 @ANU007 0.3
13:13:52.396 @ANU008 050701
13:13:52.396 @ANU009 1线
13:13:52.396 @ANU010 200
13:13:52.396 @ANU011 290
13:13:52.396 @ANU012 
13:13:52.401 @ANV001 20181218001
13:13:52.402 @ANV002 10302
13:13:52.402 @ANV003 钟以芝
13:13:52.402 @ANV004 维修员
13:13:52.402 @ANV005 
13:13:52.403 @ANV006 
13:13:52.403 @ANV007 在职
13:13:52.403 @ANV008 附件组
13:13:52.403 @ANV009 0
13:13:52.403 @ANV010 15
13:13:52.403 @ANV011 
13:13:52.404 @ANV013 2018/12/18 8:00:00
13:13:52.404 @ANV014 2018/12/18 17:00:00
13:13:52.404 @ANV015 8.5
13:13:52.404 @ANV016 0
13:13:52.409 @ANV001 20181218001
13:13:52.409 @ANV002 10303
13:13:52.409 @ANV003 蒋世芬
13:13:52.409 @ANV004 维修员
13:13:52.410 @ANV005 
13:13:52.410 @ANV006 
13:13:52.410 @ANV007 在职
13:13:52.410 @ANV008 附件组
13:13:52.410 @ANV009 0
13:13:52.410 @ANV010 15
13:13:52.411 @ANV011 
13:13:52.411 @ANV013 2018/12/18 8:00:00
13:13:52.411 @ANV014 2018/12/18 17:00:00
13:13:52.411 @ANV015 8.5
13:13:52.411 @ANV016 0
13:13:52.413 @ANV001 20181218001
13:13:52.414 @ANV002 10304
13:13:52.414 @ANV003 李泽勋
13:13:52.414 @ANV004 维修员
13:13:52.414 @ANV005 
13:13:52.414 @ANV006 
13:13:52.414 @ANV007 在职
13:13:52.415 @ANV008 附件组
13:13:52.415 @ANV009 0
13:13:52.415 @ANV010 15
13:13:52.415 @ANV011 
13:13:52.415 @ANV013 2018/12/18 8:00:00
13:13:52.416 @ANV014 2018/12/18 17:00:00
13:13:52.416 @ANV015 8.5
13:13:52.416 @ANV016 0
13:13:52.418 @ANV001 20181218001
13:13:52.419 @ANV002 10305
13:13:52.419 @ANV003 龚代慧
13:13:52.419 @ANV004 维修员
13:13:52.419 @ANV005 
13:13:52.419 @ANV006 
13:13:52.420 @ANV007 在职
13:13:52.420 @ANV008 附件组
13:13:52.420 @ANV009 0
13:13:52.420 @ANV010 15
13:13:52.420 @ANV011 
13:13:52.421 @ANV013 2018/12/18 8:00:00
13:13:52.421 @ANV014 2018/12/18 17:00:00
13:13:52.421 @ANV015 8.5
13:13:52.421 @ANV016 0
13:49:13.857 @EMP002 系统管理员
13:49:13.857 @EMP033 cebfd1559b68d67688884d7a3d3e8c
13:52:42.835 @EMP002 系统管理员
13:52:42.836 @EMP033 cebfd1559b68d67688884d7a3d3e8c
14:40:52.482 @EMP002 系统管理员
14:40:52.482 @EMP033 cebfd1559b68d67688884d7a3d3e8c
14:55:03.482 @EMP002 系统管理员
14:55:03.483 @EMP033 cebfd1559b68d67688884d7a3d3e8c
15:05:45.380 @EMP002 系统管理员
15:05:45.381 @EMP033 cebfd1559b68d67688884d7a3d3e8c
15:06:31.723 @IJA001 20181218001
15:06:31.723 @IJA002 计件
15:06:31.723 @IJA003 0502
15:06:31.724 @IJA004 注塑车间
15:06:31.724 @IJA005 0502
15:06:31.724 @IJA006 注塑车间
15:06:31.724 @IJA007 2018/12/18 0:00:00
15:06:31.724 @IJA008 
15:06:31.725 @IJA009 
15:06:31.725 @IJA010 False
15:06:31.725 @IJA011 False
15:06:31.725 @IJA012 0
15:06:31.725 @IJA013 0
15:06:31.726 @IJA014 系统管理员
15:06:31.730 @IJB001 20181218001
15:06:31.730 @IJB002 10002
15:06:31.730 @IJB003 在职
15:06:31.731 @IJB004 GD201502090034
15:06:31.731 @IJB005 201211243
15:06:31.731 @IJB006 暖风机压线板
15:06:31.731 @IJB007 24.5*9.5*5mm
15:06:31.731 @IJB008 PCS
15:06:31.731 @IJB009 0.15
15:06:31.731 @IJB010 300
15:06:31.731 @IJB011 0.15
15:06:31.732 @IJB012 吴征义
15:06:31.732 @IJB013 成品搬运工
15:06:31.732 @IJB014 
15:06:31.732 @IJB015 100
15:06:31.732 @IJB016 2018/12/18 8:00:00
15:06:31.732 @IJB017 2018/12/18 11:00:00
15:06:31.732 @IJB018 
15:06:31.732 @IJB019 
15:06:31.732 @IJB020 0
15:06:31.733 @IJB021 
15:06:31.733 @IJB022 物流组
15:06:31.733 @IJB023 0
15:06:31.733 @IJB024 3
15:06:31.733 @IJB025 15.0
15:06:31.738 @IJB001 20181218001
15:06:31.739 @IJB002 10002
15:06:31.739 @IJB003 在职
15:06:31.739 @IJB004 GD201502090034
15:06:31.739 @IJB005 201211243
15:06:31.739 @IJB006 暖风机压线板
15:06:31.739 @IJB007 24.5*9.5*5mm
15:06:31.739 @IJB008 PCS
15:06:31.740 @IJB009 0.15
15:06:31.740 @IJB010 300
15:06:31.740 @IJB011 0.15
15:06:31.740 @IJB012 吴征义
15:06:31.740 @IJB013 成品搬运工
15:06:31.740 @IJB014 
15:06:31.740 @IJB015 100
15:06:31.740 @IJB016 2018/12/18 12:00:00
15:06:31.740 @IJB017 2018/12/18 17:00:00
15:06:31.741 @IJB018 
15:06:31.741 @IJB019 
15:06:31.741 @IJB020 0
15:06:31.741 @IJB021 
15:06:31.741 @IJB022 物流组
15:06:31.741 @IJB023 0
15:06:31.741 @IJB024 5
15:06:31.741 @IJB025 15.0
15:06:31.776 违反了 PRIMARY KEY 约束 'PK_MIKIJB'。不能在对象 'dbo.MIKIJB' 中插入重复键。
语句已终止。
   在 System.Data.SqlClient.SqlConnection.OnError(SqlException exception, Boolean breakConnection, Action`1 wrapCloseInAction)
   在 System.Data.SqlClient.SqlInternalConnection.OnError(SqlException exception, Boolean breakConnection, Action`1 wrapCloseInAction)
   在 System.Data.SqlClient.TdsParser.ThrowExceptionAndWarning(TdsParserStateObject stateObj, Boolean callerHasConnectionLock, Boolean asyncClose)
   在 System.Data.SqlClient.TdsParser.TryRun(RunBehavior runBehavior, SqlCommand cmdHandler, SqlDataReader dataStream, BulkCopySimpleResultSet bulkCopyHandler, TdsParserStateObject stateObj, Boolean& dataReady)
   在 System.Data.SqlClient.SqlCommand.FinishExecuteReader(SqlDataReader ds, RunBehavior runBehavior, String resetOptionsString, Boolean isInternal, Boolean forDescribeParameterEncryption, Boolean shouldCacheForAlwaysEncrypted)
   在 System.Data.SqlClient.SqlCommand.RunExecuteReaderTds(CommandBehavior cmdBehavior, RunBehavior runBehavior, Boolean returnStream, Boolean async, Int32 timeout, Task& task, Boolean asyncWrite, Boolean inRetry, SqlDataReader ds, Boolean describeParameterEncryptionRequest)
   在 System.Data.SqlClient.SqlCommand.RunExecuteReader(CommandBehavior cmdBehavior, RunBehavior runBehavior, Boolean returnStream, String method, TaskCompletionSource`1 completion, Int32 timeout, Task& task, Boolean& usedCache, Boolean asyncWrite, Boolean inRetry)
   在 System.Data.SqlClient.SqlCommand.InternalExecuteNonQuery(TaskCompletionSource`1 completion, String methodName, Boolean sendToPipe, Int32 timeout, Boolean& usedCache, Boolean asyncWrite, Boolean inRetry)
   在 System.Data.SqlClient.SqlCommand.ExecuteNonQuery()
   在 StudentMgr.SqlHelper.ExecuteSqlTranDic(Dictionary`2 SQLString) 位置 D:\ProjectData\MiKe\LineProductMes\LineProductMesBll\SqlHelper.cs:行号 962
15:06:31.776 insert into MIKIJB(IJB001,IJB002,IJB003,IJB004,IJB005,IJB006,IJB007,IJB008,IJB009,IJB010,IJB011,IJB012,IJB013,IJB014,IJB015,IJB016,IJB017,IJB018,IJB019,IJB020,IJB021,IJB022,IJB023,IJB024,IJB025) values (@IJB001,@IJB002,@IJB003,@IJB004,@IJB005,@IJB006,@IJB007,@IJB008,@IJB009,@IJB010,@IJB011,@IJB012,@IJB013,@IJB014,@IJB015,@IJB016,@IJB017,@IJB018,@IJB019,@IJB020,@IJB021,@IJB022,@IJB023,@IJB024,@IJB025)
15:09:20.006 @EMP002 系统管理员
15:09:20.007 @EMP033 cebfd1559b68d67688884d7a3d3e8c
15:10:10.163 @IJA001 20181218001
15:10:10.163 @IJA002 计件
15:10:10.163 @IJA003 0502
15:10:10.163 @IJA004 注塑车间
15:10:10.164 @IJA005 0502
15:10:10.164 @IJA006 注塑车间
15:10:10.164 @IJA007 2018/12/18 0:00:00
15:10:10.164 @IJA008 
15:10:10.164 @IJA009 
15:10:10.164 @IJA010 False
15:10:10.164 @IJA011 False
15:10:10.164 @IJA012 0.5
15:10:10.165 @IJA013 0
15:10:10.165 @IJA014 系统管理员
15:10:10.188 @IJB001 20181218001
15:10:10.188 @IJB002 10002
15:10:10.188 @IJB003 在职
15:10:10.188 @IJB004 GD201502090034
15:10:10.189 @IJB005 201211243
15:10:10.189 @IJB006 暖风机压线板
15:10:10.189 @IJB007 24.5*9.5*5mm
15:10:10.189 @IJB008 PCS
15:10:10.189 @IJB009 0.15
15:10:10.190 @IJB010 300
15:10:10.190 @IJB011 0.15
15:10:10.190 @IJB012 吴征义
15:10:10.190 @IJB013 成品搬运工
15:10:10.190 @IJB014 
15:10:10.191 @IJB015 100
15:10:10.191 @IJB016 2018/12/18 8:00:00
15:10:10.191 @IJB017 2018/12/18 11:00:00
15:10:10.191 @IJB018 
15:10:10.191 @IJB019 
15:10:10.192 @IJB020 0
15:10:10.192 @IJB021 
15:10:10.192 @IJB022 物流组
15:10:10.192 @IJB023 0
15:10:10.192 @IJB024 3
15:10:10.192 @IJB025 15.0
15:10:10.199 @IJB001 20181218001
15:10:10.199 @IJB002 10002
15:10:10.199 @IJB003 在职
15:10:10.200 @IJB004 GD201502090034
15:10:10.200 @IJB005 201211243
15:10:10.200 @IJB006 暖风机压线板
15:10:10.200 @IJB007 24.5*9.5*5mm
15:10:10.201 @IJB008 PCS
15:10:10.201 @IJB009 0.15
15:10:10.201 @IJB010 300
15:10:10.201 @IJB011 0.15
15:10:10.201 @IJB012 吴征义
15:10:10.202 @IJB013 成品搬运工
15:10:10.202 @IJB014 
15:10:10.202 @IJB015 200
15:10:10.202 @IJB016 2018/12/18 12:00:00
15:10:10.202 @IJB017 2018/12/18 17:00:00
15:10:10.203 @IJB018 
15:10:10.203 @IJB019 
15:10:10.203 @IJB020 0
15:10:10.203 @IJB021 
15:10:10.203 @IJB022 物流组
15:10:10.204 @IJB023 0
15:10:10.204 @IJB024 5
15:10:10.204 @IJB025 30.0
15:10:10.233 违反了 PRIMARY KEY 约束 'PK_MIKIJB_1'。不能在对象 'dbo.MIKIJB' 中插入重复键。
语句已终止。
   在 System.Data.SqlClient.SqlConnection.OnError(SqlException exception, Boolean breakConnection, Action`1 wrapCloseInAction)
   在 System.Data.SqlClient.SqlInternalConnection.OnError(SqlException exception, Boolean breakConnection, Action`1 wrapCloseInAction)
   在 System.Data.SqlClient.TdsParser.ThrowExceptionAndWarning(TdsParserStateObject stateObj, Boolean callerHasConnectionLock, Boolean asyncClose)
   在 System.Data.SqlClient.TdsParser.TryRun(RunBehavior runBehavior, SqlCommand cmdHandler, SqlDataReader dataStream, BulkCopySimpleResultSet bulkCopyHandler, TdsParserStateObject stateObj, Boolean& dataReady)
   在 System.Data.SqlClient.SqlCommand.FinishExecuteReader(SqlDataReader ds, RunBehavior runBehavior, String resetOptionsString, Boolean isInternal, Boolean forDescribeParameterEncryption, Boolean shouldCacheForAlwaysEncrypted)
   在 System.Data.SqlClient.SqlCommand.RunExecuteReaderTds(CommandBehavior cmdBehavior, RunBehavior runBehavior, Boolean returnStream, Boolean async, Int32 timeout, Task& task, Boolean asyncWrite, Boolean inRetry, SqlDataReader ds, Boolean describeParameterEncryptionRequest)
   在 System.Data.SqlClient.SqlCommand.RunExecuteReader(CommandBehavior cmdBehavior, RunBehavior runBehavior, Boolean returnStream, String method, TaskCompletionSource`1 completion, Int32 timeout, Task& task, Boolean& usedCache, Boolean asyncWrite, Boolean inRetry)
   在 System.Data.SqlClient.SqlCommand.InternalExecuteNonQuery(TaskCompletionSource`1 completion, String methodName, Boolean sendToPipe, Int32 timeout, Boolean& usedCache, Boolean asyncWrite, Boolean inRetry)
   在 System.Data.SqlClient.SqlCommand.ExecuteNonQuery()
   在 StudentMgr.SqlHelper.ExecuteSqlTranDic(Dictionary`2 SQLString) 位置 D:\ProjectData\MiKe\LineProductMes\LineProductMesBll\SqlHelper.cs:行号 962
15:10:10.234 insert into MIKIJB(IJB001,IJB002,IJB003,IJB004,IJB005,IJB006,IJB007,IJB008,IJB009,IJB010,IJB011,IJB012,IJB013,IJB014,IJB015,IJB016,IJB017,IJB018,IJB019,IJB020,IJB021,IJB022,IJB023,IJB024,IJB025) values (@IJB001,@IJB002,@IJB003,@IJB004,@IJB005,@IJB006,@IJB007,@IJB008,@IJB009,@IJB010,@IJB011,@IJB012,@IJB013,@IJB014,@IJB015,@IJB016,@IJB017,@IJB018,@IJB019,@IJB020,@IJB021,@IJB022,@IJB023,@IJB024,@IJB025)
15:11:21.550 @EMP002 系统管理员
15:11:21.551 @EMP033 cebfd1559b68d67688884d7a3d3e8c
15:12:35.923 @IJA001 20181218001
15:12:35.924 @IJA002 计件
15:12:35.924 @IJA003 0502
15:12:35.924 @IJA004 注塑车间
15:12:35.925 @IJA005 0502
15:12:35.925 @IJA006 注塑车间
15:12:35.926 @IJA007 2018/12/18 0:00:00
15:12:35.926 @IJA008 
15:12:35.927 @IJA009 
15:12:35.927 @IJA010 False
15:12:35.928 @IJA011 False
15:12:35.928 @IJA012 0.5
15:12:35.928 @IJA013 0
15:12:35.929 @IJA014 系统管理员
15:12:35.965 @IJB001 20181218001
15:12:35.965 @IJB002 10002
15:12:35.965 @IJB003 在职
15:12:35.965 @IJB004 GD201502090034
15:12:35.966 @IJB005 201211243
15:12:35.966 @IJB006 暖风机压线板
15:12:35.966 @IJB007 24.5*9.5*5mm
15:12:35.966 @IJB008 PCS
15:12:35.967 @IJB009 0.15
15:12:35.967 @IJB010 300
15:12:35.968 @IJB011 0.15
15:12:35.968 @IJB012 吴征义
15:12:35.968 @IJB013 成品搬运工
15:12:35.969 @IJB014 全自动
15:12:35.969 @IJB015 100
15:12:35.969 @IJB016 2018/12/18 8:00:00
15:12:35.969 @IJB017 2018/12/18 11:00:00
15:12:35.969 @IJB018 
15:12:35.970 @IJB019 
15:12:35.971 @IJB020 0
15:12:35.972 @IJB021 
15:12:35.972 @IJB022 物流组
15:12:35.972 @IJB023 0
15:12:35.973 @IJB024 3
15:12:35.973 @IJB025 15.0
15:12:35.975 @IJB001 20181218001
15:12:35.975 @IJB002 10002
15:12:35.975 @IJB003 在职
15:12:35.975 @IJB004 GD201502090034
15:12:35.976 @IJB005 201211243
15:12:35.976 @IJB006 暖风机压线板
15:12:35.976 @IJB007 24.5*9.5*5mm
15:12:35.976 @IJB008 PCS
15:12:35.976 @IJB009 0.15
15:12:35.976 @IJB010 300
15:12:35.977 @IJB011 0.15
15:12:35.977 @IJB012 吴征义
15:12:35.977 @IJB013 成品搬运工
15:12:35.977 @IJB014 半自动
15:12:35.977 @IJB015 100
15:12:35.977 @IJB016 2018/12/18 12:00:00
15:12:35.978 @IJB017 2018/12/18 17:00:00
15:12:35.978 @IJB018 
15:12:35.978 @IJB019 
15:12:35.978 @IJB020 0
15:12:35.978 @IJB021 
15:12:35.979 @IJB022 物流组
15:12:35.979 @IJB023 0
15:12:35.979 @IJB024 5
15:12:35.979 @IJB025 15.0
15:12:35.993 违反了 PRIMARY KEY 约束 'PK_MIKIJB_1'。不能在对象 'dbo.MIKIJB' 中插入重复键。
语句已终止。
   在 System.Data.SqlClient.SqlConnection.OnError(SqlException exception, Boolean breakConnection, Action`1 wrapCloseInAction)
   在 System.Data.SqlClient.SqlInternalConnection.OnError(SqlException exception, Boolean breakConnection, Action`1 wrapCloseInAction)
   在 System.Data.SqlClient.TdsParser.ThrowExceptionAndWarning(TdsParserStateObject stateObj, Boolean callerHasConnectionLock, Boolean asyncClose)
   在 System.Data.SqlClient.TdsParser.TryRun(RunBehavior runBehavior, SqlCommand cmdHandler, SqlDataReader dataStream, BulkCopySimpleResultSet bulkCopyHandler, TdsParserStateObject stateObj, Boolean& dataReady)
   在 System.Data.SqlClient.SqlCommand.FinishExecuteReader(SqlDataReader ds, RunBehavior runBehavior, String resetOptionsString, Boolean isInternal, Boolean forDescribeParameterEncryption, Boolean shouldCacheForAlwaysEncrypted)
   在 System.Data.SqlClient.SqlCommand.RunExecuteReaderTds(CommandBehavior cmdBehavior, RunBehavior runBehavior, Boolean returnStream, Boolean async, Int32 timeout, Task& task, Boolean asyncWrite, Boolean inRetry, SqlDataReader ds, Boolean describeParameterEncryptionRequest)
   在 System.Data.SqlClient.SqlCommand.RunExecuteReader(CommandBehavior cmdBehavior, RunBehavior runBehavior, Boolean returnStream, String method, TaskCompletionSource`1 completion, Int32 timeout, Task& task, Boolean& usedCache, Boolean asyncWrite, Boolean inRetry)
   在 System.Data.SqlClient.SqlCommand.InternalExecuteNonQuery(TaskCompletionSource`1 completion, String methodName, Boolean sendToPipe, Int32 timeout, Boolean& usedCache, Boolean asyncWrite, Boolean inRetry)
   在 System.Data.SqlClient.SqlCommand.ExecuteNonQuery()
   在 StudentMgr.SqlHelper.ExecuteSqlTranDic(Dictionary`2 SQLString) 位置 D:\ProjectData\MiKe\LineProductMes\LineProductMesBll\SqlHelper.cs:行号 962
15:12:35.994 insert into MIKIJB(IJB001,IJB002,IJB003,IJB004,IJB005,IJB006,IJB007,IJB008,IJB009,IJB010,IJB011,IJB012,IJB013,IJB014,IJB015,IJB016,IJB017,IJB018,IJB019,IJB020,IJB021,IJB022,IJB023,IJB024,IJB025) values (@IJB001,@IJB002,@IJB003,@IJB004,@IJB005,@IJB006,@IJB007,@IJB008,@IJB009,@IJB010,@IJB011,@IJB012,@IJB013,@IJB014,@IJB015,@IJB016,@IJB017,@IJB018,@IJB019,@IJB020,@IJB021,@IJB022,@IJB023,@IJB024,@IJB025)
15:14:23.278 @EMP002 系统管理员
15:14:23.279 @EMP033 cebfd1559b68d67688884d7a3d3e8c
15:15:44.461 @IJA001 20181218001
15:15:44.461 @IJA002 计件
15:15:44.461 @IJA003 0502
15:15:44.461 @IJA004 注塑车间
15:15:44.462 @IJA005 0502
15:15:44.462 @IJA006 注塑车间
15:15:44.462 @IJA007 2018/12/18 0:00:00
15:15:44.462 @IJA008 
15:15:44.462 @IJA009 
15:15:44.462 @IJA010 False
15:15:44.462 @IJA011 False
15:15:44.462 @IJA012 0.5
15:15:44.463 @IJA013 0
15:15:44.470 @IJA014 系统管理员
15:15:44.473 @IJB001 20181218001
15:15:44.474 @IJB002 10002
15:15:44.474 @IJB003 在职
15:15:44.474 @IJB004 GD201502090034
15:15:44.474 @IJB005 201211243
15:15:44.475 @IJB006 暖风机压线板
15:15:44.475 @IJB007 24.5*9.5*5mm
15:15:44.475 @IJB008 PCS
15:15:44.475 @IJB009 0.15
15:15:44.475 @IJB010 300
15:15:44.475 @IJB011 0.15
15:15:44.476 @IJB012 吴征义
15:15:44.476 @IJB013 成品搬运工
15:15:44.476 @IJB014 全自动
15:15:44.476 @IJB015 100
15:15:44.476 @IJB016 2018/12/18 8:00:00
15:15:44.476 @IJB017 2018/12/18 11:00:00
15:15:44.476 @IJB018 
15:15:44.477 @IJB019 
15:15:44.477 @IJB020 0
15:15:44.477 @IJB021 
15:15:44.477 @IJB022 物流组
15:15:44.477 @IJB023 0
15:15:44.477 @IJB024 3
15:15:44.478 @IJB025 15.0
15:15:44.485 @IJB001 20181218001
15:15:44.485 @IJB002 10002
15:15:44.485 @IJB003 在职
15:15:44.485 @IJB004 GD201502090034
15:15:44.486 @IJB005 201211243
15:15:44.486 @IJB006 暖风机压线板
15:15:44.486 @IJB007 24.5*9.5*5mm
15:15:44.486 @IJB008 PCS
15:15:44.486 @IJB009 0.15
15:15:44.487 @IJB010 300
15:15:44.487 @IJB011 0.15
15:15:44.487 @IJB012 吴征义
15:15:44.487 @IJB013 成品搬运工
15:15:44.487 @IJB014 全自动
15:15:44.488 @IJB015 100
15:15:44.488 @IJB016 2018/12/18 12:00:00
15:15:44.488 @IJB017 2018/12/18 17:00:00
15:15:44.488 @IJB018 
15:15:44.489 @IJB019 
15:15:44.489 @IJB020 0
15:15:44.489 @IJB021 
15:15:44.489 @IJB022 物流组
15:15:44.489 @IJB023 0
15:15:44.489 @IJB024 5
15:15:44.490 @IJB025 15.0
15:15:47.316 @IJA001 20181218001
15:15:47.317 @IJA010 True
16:16:04.096 @EMP002 系统管理员
16:16:04.096 @EMP033 cebfd1559b68d67688884d7a3d3e8c
16:16:55.815 @IJA001 20181218002
16:16:55.816 @IJA002 计时
16:16:55.816 @IJA003 0502
16:16:55.816 @IJA004 注塑车间
16:16:55.816 @IJA005 0502
16:16:55.816 @IJA006 注塑车间
16:16:55.816 @IJA007 2018/12/18 0:00:00
16:16:55.817 @IJA008 
16:16:55.817 @IJA009 
16:16:55.817 @IJA010 False
16:16:55.817 @IJA011 False
16:16:55.817 @IJA012 0.5
16:16:55.818 @IJA013 0
16:16:55.818 @IJA014 系统管理员
16:16:55.820 @IJC001 20181218002
16:16:55.820 @IJC002 GD201502090034
16:16:55.821 @IJC003 201211243
16:16:55.821 @IJC004 暖风机压线板
16:16:55.821 @IJC005 24.5*9.5*5mm
16:16:55.821 @IJC006 PCS
16:16:55.821 @IJC007 0.15
16:16:55.821 @IJC008 300
16:16:55.822 @IJC009 0.15
16:16:55.822 @IJC010 100
16:16:55.822 @IJC011 
16:16:55.828 @IJC001 20181218002
16:16:55.829 @IJC002 GD201502090042
16:16:55.829 @IJC003 201101132
16:16:55.829 @IJC004 暖风机左盖板
16:16:55.829 @IJC005 
16:16:55.829 @IJC006 PCS
16:16:55.830 @IJC007 0.08
16:16:55.830 @IJC008 300
16:16:55.830 @IJC009 0.08
16:16:55.830 @IJC010 100
16:16:55.830 @IJC011 
16:16:55.832 @IJD001 20181218002
16:16:55.833 @IJD002 10002
16:16:55.833 @IJD003 吴征义
16:16:55.833 @IJD004 成品搬运工
16:16:55.833 @IJD005 全自动
16:16:55.833 @IJD006 2018/12/18 8:00:00
16:16:55.834 @IJD007 2018/12/18 17:00:00
16:16:55.834 @IJD008 8
16:16:55.834 @IJD009 
16:16:55.834 @IJD010 在职
16:16:55.834 @IJD011 物流组
16:16:55.835 @IJD012 8.5
16:16:55.835 @IJD013 68.0
16:16:55.840 @IJD001 20181218002
16:16:55.840 @IJD002 10003
16:16:55.840 @IJD003 王世洪
16:16:55.841 @IJD004 成品搬运工
16:16:55.841 @IJD005 全自动
16:16:55.841 @IJD006 2018/12/18 8:00:00
16:16:55.841 @IJD007 2018/12/18 17:00:00
16:16:55.841 @IJD008 8
16:16:55.842 @IJD009 
16:16:55.842 @IJD010 在职
16:16:55.842 @IJD011 物流组
16:16:55.842 @IJD012 8.5
16:16:55.842 @IJD013 68.0
16:16:55.845 @IJD001 20181218002
16:16:55.846 @IJD002 10004
16:16:55.846 @IJD003 李守军
16:16:55.846 @IJD004 成品搬运工
16:16:55.848 @IJD005 半自动
16:16:55.848 @IJD006 2018/12/18 8:00:00
16:16:55.848 @IJD007 2018/12/18 17:00:00
16:16:55.849 @IJD008 8
16:16:55.849 @IJD009 
16:16:55.849 @IJD010 在职
16:16:55.849 @IJD011 物流组
16:16:55.849 @IJD012 8.5
16:16:55.850 @IJD013 68.0
16:16:57.590 @IJA001 20181218002
16:16:57.590 @IJA010 True
16:29:01.342 @EMP002 系统管理员
16:29:01.343 @EMP033 cebfd1559b68d67688884d7a3d3e8c
16:29:54.399 @EMP002 系统管理员
16:29:54.400 @EMP033 cebfd1559b68d67688884d7a3d3e8c
17:17:29.627 @EMP002 系统管理员
17:17:29.630 @EMP033 cebfd1559b68d67688884d7a3d3e8c
17:19:12.315 @EMP002 系统管理员
17:19:12.316 @EMP033 cebfd1559b68d67688884d7a3d3e8c
17:27:01.376 @EMP002 系统管理员
17:27:01.378 @EMP033 cebfd1559b68d67688884d7a3d3e8c
