09:40:33.222  异常信息：由于连接方在一段时间后没有正确答复或连接的主机没有反应，连接尝试失败。 192.168.0.170:80
  堆栈信息:   在 AutoUpdate.AppUpdate.DownloadFile(String url, String localFilePath) 位置 D:\ProjectData\MiKe\LineProductMes\LineProductMes\ClassForMain\AppUpdate.cs:行号 239
   在 AutoUpdate.AppUpdate.CheckAppVersion(String& msg) 位置 D:\ProjectData\MiKe\LineProductMes\LineProductMes\ClassForMain\AppUpdate.cs:行号 310
09:40:38.760 @EMP002 系统管理员
09:40:38.760 @EMP033 cebfd1559b68d67688884d7a3d3e8c
09:44:48.251 @idx 6
09:44:48.251 @BOS002 3
09:44:48.251 @BOS003 1
09:44:48.251 @BOS004 5
09:44:48.251 @BOS005 2018/8/22 0:00:00
09:44:48.266 @idx 1
09:44:48.266 @BOS002 3
09:44:48.266 @BOS003 1
09:44:48.266 @BOS004 20
09:44:48.266 @BOS005 2018/8/22 0:00:00
09:44:48.266 @idx 5
09:44:48.266 @BOS002 3
09:44:48.266 @BOS003 1
09:44:48.266 @BOS004 5
09:44:48.266 @BOS005 2018/8/22 0:00:00
09:44:48.282 @idx 3
09:44:48.282 @BOS002 3
09:44:48.282 @BOS003 1
09:44:48.282 @BOS004 5
09:44:48.282 @BOS005 2018/8/22 0:00:00
09:44:48.282 @idx 2
09:44:48.282 @BOS002 3
09:44:48.282 @BOS003 1
09:44:48.282 @BOS004 5
09:44:48.282 @BOS005 2018/8/22 0:00:00
09:44:48.298 @idx 4
09:44:48.298 @BOS002 3
09:44:48.298 @BOS003 1
09:44:48.298 @BOS004 5
09:44:48.298 @BOS005 2018/8/22 0:00:00
17:20:35.741  异常信息：远程服务器返回错误: (404) 未找到。
  堆栈信息:   在 AutoUpdate.AppUpdate.DownloadFile(String url, String localFilePath) 位置 D:\ProjectData\MiKe\LineProductMes\LineProductMes\ClassForMain\AppUpdate.cs:行号 243
   在 AutoUpdate.AppUpdate.CheckAppVersion(String& msg) 位置 D:\ProjectData\MiKe\LineProductMes\LineProductMes\ClassForMain\AppUpdate.cs:行号 310
17:33:55.231  异常信息：远程服务器返回错误: (404) 未找到。
  堆栈信息:   在 AutoUpdate.AppUpdate.DownloadFile(String url, String localFilePath) 位置 D:\ProjectData\MiKe\LineProductMes\LineProductMes\ClassForMain\AppUpdate.cs:行号 243
   在 AutoUpdate.AppUpdate.CheckAppVersion(String& msg) 位置 D:\ProjectData\MiKe\LineProductMes\LineProductMes\ClassForMain\AppUpdate.cs:行号 310
17:34:04.685 @EMP002 系统管理员
17:34:04.688 @EMP033 cebfd1559b68d67688884d7a3d3e8c
17:36:42.220  异常信息：远程服务器返回错误: (404) 未找到。
  堆栈信息:   在 AutoUpdate.AppUpdate.DownloadFile(String url, String localFilePath) 位置 D:\ProjectData\MiKe\LineProductMes\LineProductMes\ClassForMain\AppUpdate.cs:行号 243
   在 AutoUpdate.AppUpdate.CheckAppVersion(String& msg) 位置 D:\ProjectData\MiKe\LineProductMes\LineProductMes\ClassForMain\AppUpdate.cs:行号 310
17:36:47.522 @EMP002 系统管理员
17:36:47.524 @EMP033 cebfd1559b68d67688884d7a3d3e8c
17:38:46.554  异常信息：远程服务器返回错误: (404) 未找到。
  堆栈信息:   在 AutoUpdate.AppUpdate.DownloadFile(String url, String localFilePath) 位置 D:\ProjectData\MiKe\LineProductMes\LineProductMes\ClassForMain\AppUpdate.cs:行号 243
   在 AutoUpdate.AppUpdate.CheckAppVersion(String& msg) 位置 D:\ProjectData\MiKe\LineProductMes\LineProductMes\ClassForMain\AppUpdate.cs:行号 310
17:38:52.263 @EMP002 系统管理员
17:38:52.265 @EMP033 cebfd1559b68d67688884d7a3d3e8c
17:43:21.060  异常信息：远程服务器返回错误: (404) 未找到。
  堆栈信息:   在 AutoUpdate.AppUpdate.DownloadFile(String url, String localFilePath) 位置 D:\ProjectData\MiKe\LineProductMes\LineProductMes\ClassForMain\AppUpdate.cs:行号 243
   在 AutoUpdate.AppUpdate.CheckAppVersion(String& msg) 位置 D:\ProjectData\MiKe\LineProductMes\LineProductMes\ClassForMain\AppUpdate.cs:行号 310
17:43:27.191 @EMP002 系统管理员
17:43:27.194 @EMP033 cebfd1559b68d67688884d7a3d3e8c
17:51:24.645  异常信息：远程服务器返回错误: (404) 未找到。
  堆栈信息:   在 AutoUpdate.AppUpdate.DownloadFile(String url, String localFilePath) 位置 D:\ProjectData\MiKe\LineProductMes\LineProductMes\ClassForMain\AppUpdate.cs:行号 243
   在 AutoUpdate.AppUpdate.CheckAppVersion(String& msg) 位置 D:\ProjectData\MiKe\LineProductMes\LineProductMes\ClassForMain\AppUpdate.cs:行号 310
17:51:28.827 @EMP002 系统管理员
17:51:28.829 @EMP033 cebfd1559b68d67688884d7a3d3e8c
17:52:58.433  异常信息：远程服务器返回错误: (404) 未找到。
  堆栈信息:   在 AutoUpdate.AppUpdate.DownloadFile(String url, String localFilePath) 位置 D:\ProjectData\MiKe\LineProductMes\LineProductMes\ClassForMain\AppUpdate.cs:行号 243
   在 AutoUpdate.AppUpdate.CheckAppVersion(String& msg) 位置 D:\ProjectData\MiKe\LineProductMes\LineProductMes\ClassForMain\AppUpdate.cs:行号 310
17:53:07.329 @EMP002 系统管理员
17:53:07.331 @EMP033 cebfd1559b68d67688884d7a3d3e8c
17:57:53.660  异常信息：远程服务器返回错误: (404) 未找到。
  堆栈信息:   在 AutoUpdate.AppUpdate.DownloadFile(String url, String localFilePath) 位置 D:\ProjectData\MiKe\LineProductMes\LineProductMes\ClassForMain\AppUpdate.cs:行号 243
   在 AutoUpdate.AppUpdate.CheckAppVersion(String& msg) 位置 D:\ProjectData\MiKe\LineProductMes\LineProductMes\ClassForMain\AppUpdate.cs:行号 310
17:58:00.041 @EMP002 系统管理员
17:58:00.044 @EMP033 cebfd1559b68d67688884d7a3d3e8c
18:04:39.907  异常信息：远程服务器返回错误: (404) 未找到。
  堆栈信息:   在 AutoUpdate.AppUpdate.DownloadFile(String url, String localFilePath) 位置 D:\ProjectData\MiKe\LineProductMes\LineProductMes\ClassForMain\AppUpdate.cs:行号 243
   在 AutoUpdate.AppUpdate.CheckAppVersion(String& msg) 位置 D:\ProjectData\MiKe\LineProductMes\LineProductMes\ClassForMain\AppUpdate.cs:行号 310
18:04:45.699 @EMP002 系统管理员
18:04:45.703 @EMP033 cebfd1559b68d67688884d7a3d3e8c
18:05:20.659  异常信息：远程服务器返回错误: (404) 未找到。
  堆栈信息:   在 AutoUpdate.AppUpdate.DownloadFile(String url, String localFilePath) 位置 D:\ProjectData\MiKe\LineProductMes\LineProductMes\ClassForMain\AppUpdate.cs:行号 243
   在 AutoUpdate.AppUpdate.CheckAppVersion(String& msg) 位置 D:\ProjectData\MiKe\LineProductMes\LineProductMes\ClassForMain\AppUpdate.cs:行号 310
18:05:25.399 @EMP002 系统管理员
18:05:25.401 @EMP033 cebfd1559b68d67688884d7a3d3e8c
18:07:35.320 @idx 3
18:07:35.322 @BOS002 3
18:07:35.323 @BOS003 1
18:07:35.324 @BOS004 5
18:07:35.325 @BOS005 2018/8/21 0:00:00
18:07:35.329 @idx 2
18:07:35.330 @BOS002 3
18:07:35.332 @BOS003 1
18:07:35.333 @BOS004 5
18:07:35.334 @BOS005 2018/8/22 0:00:00
18:07:35.336 @idx 4
18:07:35.337 @BOS002 3
18:07:35.339 @BOS003 1
18:07:35.340 @BOS004 5
18:07:35.341 @BOS005 2018/8/22 0:00:00
18:07:35.343 @idx 5
18:07:35.345 @BOS002 3
18:07:35.346 @BOS003 1
18:07:35.347 @BOS004 5
18:07:35.349 @BOS005 2018/8/22 0:00:00
18:07:35.351 @idx 6
18:07:35.352 @BOS002 3
18:07:35.354 @BOS003 1
18:07:35.355 @BOS004 5
18:07:35.356 @BOS005 2018/8/22 0:00:00
18:07:35.358 @idx 1
18:07:35.359 @BOS002 3
18:07:35.361 @BOS003 1
18:07:35.362 @BOS004 20
18:07:35.363 @BOS005 2018/8/22 0:00:00
18:09:39.132  异常信息：远程服务器返回错误: (404) 未找到。
  堆栈信息:   在 AutoUpdate.AppUpdate.DownloadFile(String url, String localFilePath) 位置 D:\ProjectData\MiKe\LineProductMes\LineProductMes\ClassForMain\AppUpdate.cs:行号 243
   在 AutoUpdate.AppUpdate.CheckAppVersion(String& msg) 位置 D:\ProjectData\MiKe\LineProductMes\LineProductMes\ClassForMain\AppUpdate.cs:行号 310
18:10:01.584 @EMP002 系统管理员
18:10:01.587 @EMP033 cebfd1559b68d67688884d7a3d3e8c
18:13:06.642  异常信息：远程服务器返回错误: (404) 未找到。
  堆栈信息:   在 AutoUpdate.AppUpdate.DownloadFile(String url, String localFilePath) 位置 D:\ProjectData\MiKe\LineProductMes\LineProductMes\ClassForMain\AppUpdate.cs:行号 243
   在 AutoUpdate.AppUpdate.CheckAppVersion(String& msg) 位置 D:\ProjectData\MiKe\LineProductMes\LineProductMes\ClassForMain\AppUpdate.cs:行号 310
18:13:10.963 @EMP002 系统管理员
18:13:10.965 @EMP033 cebfd1559b68d67688884d7a3d3e8c
18:15:02.221  异常信息：远程服务器返回错误: (404) 未找到。
  堆栈信息:   在 AutoUpdate.AppUpdate.DownloadFile(String url, String localFilePath) 位置 D:\ProjectData\MiKe\LineProductMes\LineProductMes\ClassForMain\AppUpdate.cs:行号 243
   在 AutoUpdate.AppUpdate.CheckAppVersion(String& msg) 位置 D:\ProjectData\MiKe\LineProductMes\LineProductMes\ClassForMain\AppUpdate.cs:行号 310
18:15:06.845 @EMP002 系统管理员
18:15:06.847 @EMP033 cebfd1559b68d67688884d7a3d3e8c
18:18:49.998  异常信息：远程服务器返回错误: (404) 未找到。
  堆栈信息:   在 AutoUpdate.AppUpdate.DownloadFile(String url, String localFilePath) 位置 D:\ProjectData\MiKe\LineProductMes\LineProductMes\ClassForMain\AppUpdate.cs:行号 243
   在 AutoUpdate.AppUpdate.CheckAppVersion(String& msg) 位置 D:\ProjectData\MiKe\LineProductMes\LineProductMes\ClassForMain\AppUpdate.cs:行号 310
18:19:48.907 @EMP002 系统管理员
18:19:48.909 @EMP033 cebfd1559b68d67688884d7a3d3e8c
18:21:14.440  异常信息：远程服务器返回错误: (404) 未找到。
  堆栈信息:   在 AutoUpdate.AppUpdate.DownloadFile(String url, String localFilePath) 位置 D:\ProjectData\MiKe\LineProductMes\LineProductMes\ClassForMain\AppUpdate.cs:行号 243
   在 AutoUpdate.AppUpdate.CheckAppVersion(String& msg) 位置 D:\ProjectData\MiKe\LineProductMes\LineProductMes\ClassForMain\AppUpdate.cs:行号 310
18:21:19.391 @EMP002 系统管理员
18:21:19.392 @EMP033 cebfd1559b68d67688884d7a3d3e8c
18:37:37.784  异常信息：远程服务器返回错误: (404) 未找到。
  堆栈信息:   在 AutoUpdate.AppUpdate.DownloadFile(String url, String localFilePath) 位置 D:\ProjectData\MiKe\LineProductMes\LineProductMes\ClassForMain\AppUpdate.cs:行号 243
   在 AutoUpdate.AppUpdate.CheckAppVersion(String& msg) 位置 D:\ProjectData\MiKe\LineProductMes\LineProductMes\ClassForMain\AppUpdate.cs:行号 310
18:37:54.972 @EMP002 系统管理员
18:37:54.975 @EMP033 247999d42b2a9c89134ab3f1b8af5
18:37:58.280 @EMP002 系统管理员
18:37:58.282 @EMP033 cebfd1559b68d67688884d7a3d3e8c
18:57:05.530  异常信息：远程服务器返回错误: (404) 未找到。
  堆栈信息:   在 AutoUpdate.AppUpdate.DownloadFile(String url, String localFilePath) 位置 D:\ProjectData\MiKe\LineProductMes\LineProductMes\ClassForMain\AppUpdate.cs:行号 243
   在 AutoUpdate.AppUpdate.CheckAppVersion(String& msg) 位置 D:\ProjectData\MiKe\LineProductMes\LineProductMes\ClassForMain\AppUpdate.cs:行号 310
18:57:18.630 @EMP002 系统管理员
18:57:18.631 @EMP033 cebfd1559b68d67688884d7a3d3e8c
19:00:05.293  异常信息：远程服务器返回错误: (404) 未找到。
  堆栈信息:   在 AutoUpdate.AppUpdate.DownloadFile(String url, String localFilePath) 位置 D:\ProjectData\MiKe\LineProductMes\LineProductMes\ClassForMain\AppUpdate.cs:行号 243
   在 AutoUpdate.AppUpdate.CheckAppVersion(String& msg) 位置 D:\ProjectData\MiKe\LineProductMes\LineProductMes\ClassForMain\AppUpdate.cs:行号 310
19:01:06.332 @EMP002 系统管理员
19:01:06.334 @EMP033 cebfd1559b68d67688884d7a3d3e8c
19:01:35.981 @ARS001 201011096
19:01:35.982 @ARS002 F28圆风口
19:01:35.983 @ARS003 005
19:01:35.984 @ARS004 
19:01:35.986 @ARS005 黑PP
19:01:35.987 @ARS006 PCS
19:01:35.988 @ARS007 M
19:01:35.989 @ARS008 0
19:01:35.990 @ARS009 0502
19:01:35.994 @ART001 201011096
19:01:35.996 @ART002 09
19:01:35.997 @ART003 注塑
19:01:35.998 @ART004 3
19:01:35.999 @ART005 0
19:01:36.000 @ART006 
19:01:36.002 @ART007 
19:01:36.003 @ART009 
19:01:36.004 @ART010 否
19:01:36.005 @ART011 001
19:01:36.006 @ART012 0
19:01:36.008 @ART013 五线组长
19:02:08.102 @ARS001 201171188
19:02:08.104 @ARS008 0
19:02:08.109 @ART003 喷涂
19:02:08.111 @ART004 2
19:02:08.112 @ART005 0
19:02:08.113 @ART006 
19:02:08.115 @ART007 
19:02:08.116 @ART009 
19:02:08.117 @ART010 否
19:02:08.118 @idx 19
19:02:08.119 @ART002 02
19:02:08.120 @ART011 001
19:02:08.121 @ART012 0
19:02:08.122 @ART013 
19:02:08.129 @ART003 丝印
19:02:08.130 @ART004 3
19:02:08.132 @ART005 0
19:02:08.133 @ART006 
19:02:08.134 @ART007 
19:02:08.135 @ART009 
19:02:08.137 @ART010 否
19:02:08.138 @idx 20
19:02:08.139 @ART002 03
19:02:08.140 @ART011 002
19:02:08.141 @ART012 0
19:02:08.142 @ART013 
19:02:37.940 @ARS001 140038272
19:02:37.943 @ARS008 0
19:02:37.948 @ART003 冲压
19:02:37.950 @ART004 0
19:02:37.952 @ART005 0
19:02:37.954 @ART006 
19:02:37.961 @ART007 
19:02:37.963 @ART009 
19:02:37.966 @ART010 否
19:02:37.968 @idx 16
19:02:37.970 @ART002 01
19:02:37.972 @ART011 001
19:02:37.973 @ART012 0
19:02:37.974 @ART013 
19:02:37.977 @ARU004 2号模具
19:02:37.978 @ARU003 100002
19:02:37.980 @idx 3
19:02:37.985 @ART003 切割
19:02:37.986 @ART004 0
19:02:37.988 @ART005 0
19:02:37.989 @ART006 
19:02:37.990 @ART007 
19:02:37.991 @ART009 
19:02:37.992 @ART010 否
19:02:37.993 @idx 17
19:02:37.994 @ART002 08
19:02:37.996 @ART011 002
19:02:37.997 @ART012 0
19:02:37.998 @ART013 
19:03:20.420  异常信息：远程服务器返回错误: (404) 未找到。
  堆栈信息:   在 AutoUpdate.AppUpdate.DownloadFile(String url, String localFilePath) 位置 D:\ProjectData\MiKe\LineProductMes\LineProductMes\ClassForMain\AppUpdate.cs:行号 243
   在 AutoUpdate.AppUpdate.CheckAppVersion(String& msg) 位置 D:\ProjectData\MiKe\LineProductMes\LineProductMes\ClassForMain\AppUpdate.cs:行号 310
19:03:26.619 @EMP002 系统管理员
19:03:26.620 @EMP033 cebfd1559b68d67688884d7a3d3e8c
19:03:57.543 @ARS001 140038272
19:03:57.546 @ARS008 0
19:03:57.551 @ART003 冲压
19:03:57.554 @ART004 0
19:03:57.556 @ART005 0
19:03:57.558 @ART006 
19:03:57.560 @ART007 
19:03:57.561 @ART009 
19:03:57.562 @ART010 否
19:03:57.563 @idx 16
19:03:57.565 @ART002 01
19:03:57.566 @ART011 001
19:03:57.568 @ART012 0
19:03:57.569 @ART013 维修组长
19:03:57.573 @ARU004 2号模具
19:03:57.575 @ARU003 100002    
19:03:57.576 @idx 3
19:03:57.579 @ART003 切割
19:03:57.581 @ART004 0
19:03:57.582 @ART005 0
19:03:57.583 @ART006 
19:03:57.584 @ART007 
19:03:57.585 @ART009 
19:03:57.586 @ART010 否
19:03:57.587 @idx 17
19:03:57.589 @ART002 08
19:03:57.590 @ART011 002
19:03:57.591 @ART012 0
19:03:57.592 @ART013 装配工
19:16:09.039  异常信息：远程服务器返回错误: (404) 未找到。
  堆栈信息:   在 AutoUpdate.AppUpdate.DownloadFile(String url, String localFilePath) 位置 D:\ProjectData\MiKe\LineProductMes\LineProductMes\ClassForMain\AppUpdate.cs:行号 243
   在 AutoUpdate.AppUpdate.CheckAppVersion(String& msg) 位置 D:\ProjectData\MiKe\LineProductMes\LineProductMes\ClassForMain\AppUpdate.cs:行号 310
19:16:14.169 @EMP002 系统管理员
19:16:14.171 @EMP033 cebfd1559b68d67688884d7a3d3e8c
19:16:32.534 @ANW001 20180707001
19:16:32.536 @ANW020 False
19:16:38.355 @ANW002 GD201502090011
19:16:38.358 @ANW003 JYLF01
19:16:38.359 @ANW004 JYLF01-四灯暖三合一
19:16:38.360 @ANW005 
19:16:38.362 @ANW006 700
19:16:38.363 @ANW007 台
19:16:38.364 @ANW008 0.000000
19:16:38.366 @ANW009 400
19:16:38.367 @ANW010 0507
19:16:38.368 @ANW011 总装车间
19:16:38.369 @ANW012 050701
19:16:38.370 @ANW013 1线
19:16:38.371 @ANW014 计件
19:16:38.373 @ANW015 2018/7/7 8:00:00
19:16:38.374 @ANW016 2018/7/7 17:00:00
19:16:38.375 @ANW017 
19:16:38.376 @ANW018 
19:16:38.378 @ANW019 
19:16:38.379 @ANW020 False
19:16:38.380 @ANW021 False
19:16:38.382 @ANW001 20180707001
19:16:38.389 @ANX003 张三
19:16:38.391 @ANX004 冲压技师
19:16:38.392 @ANX005 2018/7/7 8:00:00
19:16:38.393 @ANX006 2018/7/7 17:00:00
19:16:38.394 @ANX007 
19:16:38.395 @ANX008 
19:16:38.397 @ANX009 0
19:16:38.398 @ANX010 15
19:16:38.400 @ANX011 在职
19:16:38.401 @ANX012 
19:16:38.402 @idx 10
19:16:38.403 @ANX002 10001
19:16:38.404 @ANX013 检测
19:16:38.411 @ANX003 李四
19:16:38.412 @ANX004 总装1号
19:16:38.414 @ANX005 2018/7/7 8:00:00
19:16:38.415 @ANX006 2018/7/7 17:00:00
19:16:38.416 @ANX007 
19:16:38.417 @ANX008 
19:16:38.419 @ANX009 0
19:16:38.420 @ANX010 0
19:16:38.421 @ANX011 在职
19:16:38.422 @ANX012 
19:16:38.423 @idx 11
19:16:38.424 @ANX002 10002
19:16:38.425 @ANX013 
19:16:38.431 @ANX003 田七
19:16:38.432 @ANX004 1
19:16:38.433 @ANX005 2018/7/7 8:00:00
19:16:38.434 @ANX006 2018/7/7 17:00:00
19:16:38.435 @ANX007 
19:16:38.437 @ANX008 
19:16:38.438 @ANX009 0
19:16:38.439 @ANX010 10
19:16:38.441 @ANX011 在职
19:16:38.442 @ANX012 
19:16:38.443 @idx 12
19:16:38.445 @ANX002 10003
19:16:38.446 @ANX013 
19:19:32.548  异常信息：远程服务器返回错误: (404) 未找到。
  堆栈信息:   在 AutoUpdate.AppUpdate.DownloadFile(String url, String localFilePath) 位置 D:\ProjectData\MiKe\LineProductMes\LineProductMes\ClassForMain\AppUpdate.cs:行号 243
   在 AutoUpdate.AppUpdate.CheckAppVersion(String& msg) 位置 D:\ProjectData\MiKe\LineProductMes\LineProductMes\ClassForMain\AppUpdate.cs:行号 310
19:19:38.119 @EMP002 系统管理员
19:19:38.120 @EMP033 cebfd1559b68d67688884d7a3d3e8c
