09:47:28.367  异常信息：由于连接方在一段时间后没有正确答复或连接的主机没有反应，连接尝试失败。 192.168.0.170:80
  堆栈信息:   在 AutoUpdate.AppUpdate.DownloadFile(String url, String localFilePath) 位置 D:\ProjectData\MiKe\LineProductMes\LineProductMes\ClassForMain\AppUpdate.cs:行号 239
   在 AutoUpdate.AppUpdate.CheckAppVersion(String& msg) 位置 D:\ProjectData\MiKe\LineProductMes\LineProductMes\ClassForMain\AppUpdate.cs:行号 310
09:47:43.546 @EMP002 系统管理员
09:47:43.546 @EMP033 cebfd1559b68d67688884d7a3d3e8c
09:48:28.223  异常信息：由于连接方在一段时间后没有正确答复或连接的主机没有反应，连接尝试失败。 192.168.0.170:80
  堆栈信息:   在 AutoUpdate.AppUpdate.DownloadFile(String url, String localFilePath) 位置 D:\ProjectData\MiKe\LineProductMes\LineProductMes\ClassForMain\AppUpdate.cs:行号 239
   在 AutoUpdate.AppUpdate.CheckAppVersion(String& msg) 位置 D:\ProjectData\MiKe\LineProductMes\LineProductMes\ClassForMain\AppUpdate.cs:行号 310
09:48:48.323 @EMP002 系统管理员
09:48:48.323 @EMP033 cebfd1559b68d67688884d7a3d3e8c
09:49:56.434  异常信息：由于连接方在一段时间后没有正确答复或连接的主机没有反应，连接尝试失败。 192.168.0.170:80
  堆栈信息:   在 AutoUpdate.AppUpdate.DownloadFile(String url, String localFilePath) 位置 D:\ProjectData\MiKe\LineProductMes\LineProductMes\ClassForMain\AppUpdate.cs:行号 239
   在 AutoUpdate.AppUpdate.CheckAppVersion(String& msg) 位置 D:\ProjectData\MiKe\LineProductMes\LineProductMes\ClassForMain\AppUpdate.cs:行号 310
09:50:01.683 @EMP002 系统管理员
09:50:01.698 @EMP033 cebfd1559b68d67688884d7a3d3e8c
09:50:23.784 @PRG001 TCLNS-08D006
09:50:23.800 @PRG002 2018/8/2 0:00:00
09:50:23.800 @PRG004 050701
09:50:23.800 @PRG005 1线
09:50:23.800 @PRG003 14
09:50:23.800 @PRG001 TCLNS-08D006
09:50:23.815 @PRG002 2018/8/2 0:00:00
09:50:23.815 @PRG004 050702
09:50:23.815 @PRG005 2线
09:50:23.815 @PRG003 14
09:50:23.831 @PRG001 TCLNS-08D006
09:50:23.831 @PRG002 2018/8/2 0:00:00
09:50:23.831 @PRG004 050703
09:50:23.831 @PRG005 3线
09:50:23.831 @PRG003 14
09:50:23.846 @PRG001 TCLNS-08D006
09:50:23.846 @PRG002 2018/8/2 0:00:00
09:50:23.846 @PRG004 050704
09:50:23.846 @PRG005 4线
09:50:23.846 @PRG003 14
09:50:23.862 @PRG001 TCLNS-08D006
09:50:23.862 @PRG002 2018/8/2 0:00:00
09:50:23.862 @PRG004 050705
09:50:23.862 @PRG005 5线
09:50:23.878 @PRG003 14
09:50:23.878 @PRG001 TCLNS-08D006
09:50:23.878 @PRG002 2018/8/2 0:00:00
09:50:23.878 @PRG004 050706
09:50:23.878 @PRG005 6线
09:50:23.878 @PRG003 14
09:50:23.878 @PRG001 TCLNS-08D006
09:50:23.893 @PRG002 2018/8/2 0:00:00
09:50:23.893 @PRG004 050707
09:50:23.893 @PRG005 7线
09:50:23.893 @PRG003 16
09:50:23.893 @PRG001 TCLNS-08D006
09:50:23.893 @PRG002 2018/8/3 0:00:00
09:50:23.909 @PRG004 050701
09:50:23.909 @PRG005 1线
09:50:23.909 @PRG003 2
09:50:23.909 @PRG001 TCLNS-08D006
09:50:23.909 @PRG002 2018/8/3 0:00:00
09:50:23.909 @PRG004 050702
09:50:23.924 @PRG005 2线
09:50:23.924 @PRG003 2
09:50:23.924 @PRG001 TCLNS-08D006
09:50:23.924 @PRG002 2018/8/3 0:00:00
09:50:23.924 @PRG004 050703
09:50:23.924 @PRG005 3线
09:50:23.924 @PRG003 2
09:50:23.940 @PRG001 TCLNS-08D006
09:50:23.940 @PRG002 2018/8/3 0:00:00
09:50:23.940 @PRG004 050704
09:50:23.940 @PRG005 4线
09:50:23.940 @PRG003 2
09:50:23.940 @PRG001 TCLNS-08D006
09:50:23.940 @PRG002 2018/8/3 0:00:00
09:50:23.956 @PRG004 050705
09:50:23.956 @PRG005 5线
09:50:23.956 @PRG003 2
09:50:23.956 @PRG001 TCLNS-08D006
09:50:23.956 @PRG002 2018/8/3 0:00:00
09:50:23.956 @PRG004 050706
09:50:23.956 @PRG005 6线
09:50:23.956 @PRG003 2
09:50:23.971 @PRG001 TCLNS-08D006
09:50:23.971 @PRG002 2018/8/3 0:00:00
09:50:23.971 @PRG004 050707
09:50:23.971 @PRG005 7线
09:50:23.971 @PRG003 8
09:50:23.971 @PRG001 TCLNS-08D006
09:50:23.971 @PRG002 2018/8/4 0:00:00
09:50:23.987 @PRG004 050701
09:50:23.987 @PRG005 1线
09:50:23.987 @PRG003 14
09:50:23.987 @PRG001 TCLNS-08D006
09:50:23.987 @PRG002 2018/8/4 0:00:00
09:50:23.987 @PRG004 050702
09:50:23.987 @PRG005 2线
09:50:23.987 @PRG003 14
09:50:24.002 @PRG001 TCLNS-08D006
09:50:24.002 @PRG002 2018/8/4 0:00:00
09:50:24.002 @PRG004 050703
09:50:24.002 @PRG005 3线
09:50:24.002 @PRG003 14
09:50:24.002 @PRG001 TCLNS-08D006
09:50:24.002 @PRG002 2018/8/4 0:00:00
09:50:24.018 @PRG004 050704
09:50:24.018 @PRG005 4线
09:50:24.018 @PRG003 14
09:50:24.018 @PRG001 TCLNS-08D006
09:50:24.018 @PRG002 2018/8/4 0:00:00
09:50:24.018 @PRG004 050705
09:50:24.018 @PRG005 5线
09:50:24.018 @PRG003 14
09:50:24.034 @PRG001 TCLNS-08D006
09:50:24.034 @PRG002 2018/8/4 0:00:00
09:50:24.034 @PRG004 050706
09:50:24.034 @PRG005 6线
09:50:24.034 @PRG003 14
09:50:24.034 @PRG001 TCLNS-08D006
09:50:24.034 @PRG002 2018/8/4 0:00:00
09:50:24.049 @PRG004 050707
09:50:24.049 @PRG005 7线
09:50:24.049 @PRG003 16
09:50:24.049 @PRG001 TCLNS-08D006
09:50:24.049 @PRG002 2018/8/5 0:00:00
09:50:24.049 @PRG004 050701
09:50:24.049 @PRG005 1线
09:50:24.065 @PRG003 14
09:50:24.065 @PRG001 TCLNS-08D006
09:50:24.065 @PRG002 2018/8/5 0:00:00
09:50:24.065 @PRG004 050702
09:50:24.065 @PRG005 2线
09:50:24.065 @PRG003 14
09:50:24.065 @PRG001 TCLNS-08D006
09:50:24.080 @PRG002 2018/8/5 0:00:00
09:50:24.080 @PRG004 050703
09:50:24.080 @PRG005 3线
09:50:24.080 @PRG003 14
09:50:24.080 @PRG001 TCLNS-08D006
09:50:24.080 @PRG002 2018/8/5 0:00:00
09:50:24.080 @PRG004 050704
09:50:24.080 @PRG005 4线
09:50:24.096 @PRG003 14
09:50:24.096 @PRG001 TCLNS-08D006
09:50:24.096 @PRG002 2018/8/5 0:00:00
09:50:24.096 @PRG004 050705
09:50:24.096 @PRG005 5线
09:50:24.096 @PRG003 14
09:50:24.096 @PRG001 TCLNS-08D006
09:50:24.112 @PRG002 2018/8/5 0:00:00
09:50:24.112 @PRG004 050706
09:50:24.112 @PRG005 6线
09:50:24.112 @PRG003 14
09:50:24.112 @PRG001 TCLNS-08D006
09:50:24.112 @PRG002 2018/8/5 0:00:00
09:50:24.112 @PRG004 050707
09:50:24.112 @PRG005 7线
09:50:24.127 @PRG003 16
09:50:24.127 @PRG001 TCLNS-08D006
09:50:24.127 @PRG002 2018/8/6 0:00:00
09:50:24.127 @PRG004 050701
09:50:24.127 @PRG005 1线
09:50:24.127 @PRG003 5
09:50:24.127 @PRG001 TCLNS-08D006
09:50:24.143 @PRG002 2018/8/6 0:00:00
09:50:24.143 @PRG004 050702
09:50:24.143 @PRG005 2线
09:50:24.143 @PRG003 5
09:50:24.143 @PRG001 TCLNS-08D006
09:50:24.143 @PRG002 2018/8/6 0:00:00
09:50:24.143 @PRG004 050703
09:50:24.158 @PRG005 3线
09:50:24.158 @PRG003 5
09:50:24.158 @PRG001 TCLNS-08D006
09:50:24.158 @PRG002 2018/8/6 0:00:00
09:50:24.158 @PRG004 050704
09:50:24.158 @PRG005 4线
09:50:24.158 @PRG003 5
09:50:24.174 @PRG001 TCLNS-08D006
09:50:24.174 @PRG002 2018/8/6 0:00:00
09:50:24.174 @PRG004 050705
09:50:24.174 @PRG005 5线
09:50:24.174 @PRG003 5
09:50:24.174 @PRG001 TCLNS-08D006
09:50:24.174 @PRG002 2018/8/6 0:00:00
09:50:24.174 @PRG004 050706
09:50:24.190 @PRG005 6线
09:50:24.190 @PRG003 5
09:50:24.205 @PRG001 TCLNS-08D006
09:50:24.205 @PRG002 2018/8/6 0:00:00
09:50:24.205 @PRG004 050707
09:50:24.205 @PRG005 7线
09:50:24.205 @PRG003 10
10:49:08.296  异常信息：由于连接方在一段时间后没有正确答复或连接的主机没有反应，连接尝试失败。 192.168.0.170:80
  堆栈信息:   在 AutoUpdate.AppUpdate.DownloadFile(String url, String localFilePath) 位置 D:\ProjectData\MiKe\LineProductMes\LineProductMes\ClassForMain\AppUpdate.cs:行号 239
   在 AutoUpdate.AppUpdate.CheckAppVersion(String& msg) 位置 D:\ProjectData\MiKe\LineProductMes\LineProductMes\ClassForMain\AppUpdate.cs:行号 310
10:49:15.716 @EMP002 系统管理员
10:49:15.718 @EMP033 cebfd1559b68d67688884d7a3d3e8c
12:44:59.797  异常信息：由于连接方在一段时间后没有正确答复或连接的主机没有反应，连接尝试失败。 192.168.0.170:80
  堆栈信息:   在 AutoUpdate.AppUpdate.DownloadFile(String url, String localFilePath) 位置 D:\ProjectData\MiKe\LineProductMes\LineProductMes\ClassForMain\AppUpdate.cs:行号 239
   在 AutoUpdate.AppUpdate.CheckAppVersion(String& msg) 位置 D:\ProjectData\MiKe\LineProductMes\LineProductMes\ClassForMain\AppUpdate.cs:行号 310
12:46:11.840 @EMP002 系统管理员
12:46:11.843 @EMP033 cebfd1559b68d67688884d7a3d3e8c
12:47:03.954 @FOR001 316
12:47:03.956 @FOR002 3
12:47:03.959 @FOR003 FormLineForAssPlan
12:47:03.961 @FOR004 组装车间生产线计划排产
12:47:03.964 @FOR005 MIKPRG
12:47:03.966 @FOR006 1
12:47:41.127 @FOR001 4
12:47:41.132 @FOR002 0
12:47:41.134 @FOR003 
12:47:41.137 @FOR004 车间看板
12:47:41.139 @FOR005 
12:47:41.142 @FOR006 0
12:48:02.739 @FOR001 410
12:48:02.742 @FOR002 4
12:48:02.744 @FOR003 FormAssBoard
12:48:02.747 @FOR004 组装车间看板
12:48:02.749 @FOR005 
12:48:02.754 @FOR006 1
12:48:28.895  异常信息：由于连接方在一段时间后没有正确答复或连接的主机没有反应，连接尝试失败。 192.168.0.170:80
  堆栈信息:   在 AutoUpdate.AppUpdate.DownloadFile(String url, String localFilePath) 位置 D:\ProjectData\MiKe\LineProductMes\LineProductMes\ClassForMain\AppUpdate.cs:行号 239
   在 AutoUpdate.AppUpdate.CheckAppVersion(String& msg) 位置 D:\ProjectData\MiKe\LineProductMes\LineProductMes\ClassForMain\AppUpdate.cs:行号 310
12:48:33.557 @EMP002 系统管理员
12:48:33.560 @EMP033 cebfd1559b68d67688884d7a3d3e8c
12:49:27.771 @PRG001 DGY-F805
12:49:27.773 @PRG002 2018/8/2 0:00:00
12:49:27.776 @PRG004 050701
12:49:27.778 @PRG005 1线
12:49:27.781 @PRG003 2
12:49:27.793 @PRG001 DGY-F805
12:49:27.798 @PRG002 2018/8/2 0:00:00
12:49:27.801 @PRG004 050702
12:49:27.803 @PRG005 2线
12:49:27.806 @PRG003 2
12:49:27.818 @PRG001 DGY-F805
12:49:27.821 @PRG002 2018/8/2 0:00:00
12:49:27.823 @PRG004 050703
12:49:27.826 @PRG005 3线
12:49:27.828 @PRG003 2
12:49:27.841 @PRG001 DGY-F805
12:49:27.843 @PRG002 2018/8/2 0:00:00
12:49:27.846 @PRG004 050704
12:49:27.848 @PRG005 4线
12:49:27.851 @PRG003 2
12:49:27.868 @PRG001 DGY-F805
12:49:27.873 @PRG002 2018/8/2 0:00:00
12:49:27.876 @PRG004 050705
12:49:27.878 @PRG005 5线
12:49:27.881 @PRG003 2
12:49:27.898 @PRG001 DGY-F805
12:49:27.901 @PRG002 2018/8/2 0:00:00
12:49:27.903 @PRG004 050706
12:49:27.906 @PRG005 6线
12:49:27.908 @PRG003 2
12:49:27.926 @PRG001 DGY-F805
12:49:27.928 @PRG002 2018/8/2 0:00:00
12:49:27.931 @PRG004 050707
12:49:27.933 @PRG005 7线
12:49:27.941 @PRG003 8
12:49:27.961 @PRG001 DGY-F805
12:49:27.963 @PRG002 2018/8/3 0:00:00
12:49:27.966 @PRG004 050701
12:49:27.968 @PRG005 1线
12:49:27.971 @PRG003 2
12:49:27.986 @PRG001 DGY-F805
12:49:27.988 @PRG002 2018/8/3 0:00:00
12:49:27.991 @PRG004 050702
12:49:27.996 @PRG005 2线
12:49:27.998 @PRG003 2
12:49:28.008 @PRG001 DGY-F805
12:49:28.011 @PRG002 2018/8/3 0:00:00
12:49:28.016 @PRG004 050703
12:49:28.018 @PRG005 3线
12:49:28.021 @PRG003 2
12:49:28.031 @PRG001 DGY-F805
12:49:28.036 @PRG002 2018/8/3 0:00:00
12:49:28.038 @PRG004 050704
12:49:28.041 @PRG005 4线
12:49:28.043 @PRG003 2
12:49:28.061 @PRG001 DGY-F805
12:49:28.063 @PRG002 2018/8/3 0:00:00
12:49:28.066 @PRG004 050705
12:49:28.068 @PRG005 5线
12:49:28.071 @PRG003 2
12:49:28.086 @PRG001 DGY-F805
12:49:28.091 @PRG002 2018/8/3 0:00:00
12:49:28.093 @PRG004 050706
12:49:28.096 @PRG005 6线
12:49:28.098 @PRG003 2
12:49:28.108 @PRG001 DGY-F805
12:49:28.113 @PRG002 2018/8/3 0:00:00
12:49:28.116 @PRG004 050707
12:49:28.118 @PRG005 7线
12:49:28.121 @PRG003 8
12:49:28.133 @PRG001 DGY-F805
12:49:28.138 @PRG002 2018/8/4 0:00:00
12:49:28.141 @PRG004 050701
12:49:28.143 @PRG005 1线
12:49:28.146 @PRG003 2
12:49:28.161 @PRG001 DGY-F805
12:49:28.163 @PRG002 2018/8/4 0:00:00
12:49:28.166 @PRG004 050702
12:49:28.168 @PRG005 2线
12:49:28.171 @PRG003 2
12:49:28.186 @PRG001 DGY-F805
12:49:28.191 @PRG002 2018/8/4 0:00:00
12:49:28.193 @PRG004 050703
12:49:28.196 @PRG005 3线
12:49:28.198 @PRG003 2
12:49:28.211 @PRG001 DGY-F805
12:49:28.213 @PRG002 2018/8/4 0:00:00
12:49:28.216 @PRG004 050704
12:49:28.218 @PRG005 4线
12:49:28.221 @PRG003 2
12:49:28.233 @PRG001 DGY-F805
12:49:28.236 @PRG002 2018/8/4 0:00:00
12:49:28.238 @PRG004 050705
12:49:28.241 @PRG005 5线
12:49:28.246 @PRG003 2
12:49:28.271 @PRG001 DGY-F805
12:49:28.276 @PRG002 2018/8/4 0:00:00
12:49:28.278 @PRG004 050706
12:49:28.281 @PRG005 6线
12:49:28.283 @PRG003 2
12:49:28.301 @PRG001 DGY-F805
12:49:28.303 @PRG002 2018/8/4 0:00:00
12:49:28.306 @PRG004 050707
12:49:28.308 @PRG005 7线
12:49:28.311 @PRG003 8
12:49:28.323 @PRG001 DGY-F805
12:49:28.326 @PRG002 2018/8/5 0:00:00
12:49:28.328 @PRG004 050701
12:49:28.331 @PRG005 1线
12:49:28.333 @PRG003 2
12:49:28.343 @PRG001 DGY-F805
12:49:28.348 @PRG002 2018/8/5 0:00:00
12:49:28.351 @PRG004 050702
12:49:28.353 @PRG005 2线
12:49:28.356 @PRG003 2
12:49:28.371 @PRG001 DGY-F805
12:49:28.373 @PRG002 2018/8/5 0:00:00
12:49:28.376 @PRG004 050703
12:49:28.378 @PRG005 3线
12:49:28.381 @PRG003 2
12:49:28.396 @PRG001 DGY-F805
12:49:28.398 @PRG002 2018/8/5 0:00:00
12:49:28.401 @PRG004 050704
12:49:28.403 @PRG005 4线
12:49:28.406 @PRG003 2
12:49:28.416 @PRG001 DGY-F805
12:49:28.418 @PRG002 2018/8/5 0:00:00
12:49:28.421 @PRG004 050705
12:49:28.423 @PRG005 5线
12:49:28.426 @PRG003 2
12:49:28.443 @PRG001 DGY-F805
12:49:28.446 @PRG002 2018/8/5 0:00:00
12:49:28.448 @PRG004 050706
12:49:28.451 @PRG005 6线
12:49:28.453 @PRG003 2
12:49:28.466 @PRG001 DGY-F805
12:49:28.468 @PRG002 2018/8/5 0:00:00
12:49:28.473 @PRG004 050707
12:49:28.476 @PRG005 7线
12:49:28.478 @PRG003 8
12:49:28.493 @PRG001 DGY-F805
12:49:28.496 @PRG002 2018/8/6 0:00:00
12:49:28.498 @PRG004 050701
12:49:28.501 @PRG005 1线
12:49:28.506 @PRG003 2
12:49:28.516 @PRG001 DGY-F805
12:49:28.518 @PRG002 2018/8/6 0:00:00
12:49:28.521 @PRG004 050702
12:49:28.523 @PRG005 2线
12:49:28.526 @PRG003 2
12:49:28.541 @PRG001 DGY-F805
12:49:28.543 @PRG002 2018/8/6 0:00:00
12:49:28.546 @PRG004 050703
12:49:28.551 @PRG005 3线
12:49:28.553 @PRG003 2
12:49:28.568 @PRG001 DGY-F805
12:49:28.573 @PRG002 2018/8/6 0:00:00
12:49:28.576 @PRG004 050704
12:49:28.578 @PRG005 4线
12:49:28.581 @PRG003 2
12:49:28.596 @PRG001 DGY-F805
12:49:28.598 @PRG002 2018/8/6 0:00:00
12:49:28.601 @PRG004 050705
12:49:28.603 @PRG005 5线
12:49:28.606 @PRG003 2
12:49:28.618 @PRG001 DGY-F805
12:49:28.621 @PRG002 2018/8/6 0:00:00
12:49:28.623 @PRG004 050706
12:49:28.626 @PRG005 6线
12:49:28.626 @PRG003 2
12:49:28.638 @PRG001 DGY-F805
12:49:28.641 @PRG002 2018/8/6 0:00:00
12:49:28.643 @PRG004 050707
12:49:28.646 @PRG005 7线
12:49:28.646 @PRG003 8
13:19:09.813  异常信息：由于连接方在一段时间后没有正确答复或连接的主机没有反应，连接尝试失败。 192.168.0.170:80
  堆栈信息:   在 AutoUpdate.AppUpdate.DownloadFile(String url, String localFilePath) 位置 D:\ProjectData\MiKe\LineProductMes\LineProductMes\ClassForMain\AppUpdate.cs:行号 239
   在 AutoUpdate.AppUpdate.CheckAppVersion(String& msg) 位置 D:\ProjectData\MiKe\LineProductMes\LineProductMes\ClassForMain\AppUpdate.cs:行号 310
13:19:15.601 @EMP002 系统管理员
13:19:15.616 @EMP033 cebfd1559b68d67688884d7a3d3e8c
14:20:06.906  异常信息：由于连接方在一段时间后没有正确答复或连接的主机没有反应，连接尝试失败。 192.168.0.170:80
  堆栈信息:   在 AutoUpdate.AppUpdate.DownloadFile(String url, String localFilePath) 位置 D:\ProjectData\MiKe\LineProductMes\LineProductMes\ClassForMain\AppUpdate.cs:行号 239
   在 AutoUpdate.AppUpdate.CheckAppVersion(String& msg) 位置 D:\ProjectData\MiKe\LineProductMes\LineProductMes\ClassForMain\AppUpdate.cs:行号 310
14:22:50.866 @EMP002 系统管理员
14:22:50.866 @EMP033 cebfd1559b68d67688884d7a3d3e8c
14:33:16.944  异常信息：由于连接方在一段时间后没有正确答复或连接的主机没有反应，连接尝试失败。 192.168.0.170:80
  堆栈信息:   在 AutoUpdate.AppUpdate.DownloadFile(String url, String localFilePath) 位置 D:\ProjectData\MiKe\LineProductMes\LineProductMes\ClassForMain\AppUpdate.cs:行号 239
   在 AutoUpdate.AppUpdate.CheckAppVersion(String& msg) 位置 D:\ProjectData\MiKe\LineProductMes\LineProductMes\ClassForMain\AppUpdate.cs:行号 310
14:33:28.332 @EMP002 系统管理员
14:33:28.332 @EMP033 cebfd1559b68d67688884d7a3d3e8c
14:35:09.046  异常信息：由于连接方在一段时间后没有正确答复或连接的主机没有反应，连接尝试失败。 192.168.0.170:80
  堆栈信息:   在 AutoUpdate.AppUpdate.DownloadFile(String url, String localFilePath) 位置 D:\ProjectData\MiKe\LineProductMes\LineProductMes\ClassForMain\AppUpdate.cs:行号 239
   在 AutoUpdate.AppUpdate.CheckAppVersion(String& msg) 位置 D:\ProjectData\MiKe\LineProductMes\LineProductMes\ClassForMain\AppUpdate.cs:行号 310
14:35:23.320 @EMP002 系统管理员
14:35:23.320 @EMP033 cebfd1559b68d67688884d7a3d3e8c
15:45:31.674  异常信息：由于连接方在一段时间后没有正确答复或连接的主机没有反应，连接尝试失败。 192.168.0.170:80
  堆栈信息:   在 AutoUpdate.AppUpdate.DownloadFile(String url, String localFilePath) 位置 D:\ProjectData\MiKe\LineProductMes\LineProductMes\ClassForMain\AppUpdate.cs:行号 239
   在 AutoUpdate.AppUpdate.CheckAppVersion(String& msg) 位置 D:\ProjectData\MiKe\LineProductMes\LineProductMes\ClassForMain\AppUpdate.cs:行号 310
15:46:12.446  异常信息：由于连接方在一段时间后没有正确答复或连接的主机没有反应，连接尝试失败。 192.168.0.170:80
  堆栈信息:   在 AutoUpdate.AppUpdate.DownloadFile(String url, String localFilePath) 位置 D:\ProjectData\MiKe\LineProductMes\LineProductMes\ClassForMain\AppUpdate.cs:行号 239
   在 AutoUpdate.AppUpdate.CheckAppVersion(String& msg) 位置 D:\ProjectData\MiKe\LineProductMes\LineProductMes\ClassForMain\AppUpdate.cs:行号 310
15:46:22.882 @EMP002 系统管理员
15:46:22.886 @EMP033 cebfd1559b68d67688884d7a3d3e8c
15:49:00.235  异常信息：由于连接方在一段时间后没有正确答复或连接的主机没有反应，连接尝试失败。 192.168.0.170:80
  堆栈信息:   在 AutoUpdate.AppUpdate.DownloadFile(String url, String localFilePath) 位置 D:\ProjectData\MiKe\LineProductMes\LineProductMes\ClassForMain\AppUpdate.cs:行号 239
   在 AutoUpdate.AppUpdate.CheckAppVersion(String& msg) 位置 D:\ProjectData\MiKe\LineProductMes\LineProductMes\ClassForMain\AppUpdate.cs:行号 310
15:49:12.249 @EMP002 系统管理员
15:49:12.252 @EMP033 cebfd1559b68d67688884d7a3d3e8c
15:58:12.146  异常信息：由于连接方在一段时间后没有正确答复或连接的主机没有反应，连接尝试失败。 192.168.0.170:80
  堆栈信息:   在 AutoUpdate.AppUpdate.DownloadFile(String url, String localFilePath) 位置 D:\ProjectData\MiKe\LineProductMes\LineProductMes\ClassForMain\AppUpdate.cs:行号 239
   在 AutoUpdate.AppUpdate.CheckAppVersion(String& msg) 位置 D:\ProjectData\MiKe\LineProductMes\LineProductMes\ClassForMain\AppUpdate.cs:行号 310
15:58:19.520 @EMP002 系统管理员
15:58:19.523 @EMP033 cebfd1559b68d67688884d7a3d3e8c
16:05:09.599  异常信息：由于连接方在一段时间后没有正确答复或连接的主机没有反应，连接尝试失败。 192.168.0.170:80
  堆栈信息:   在 AutoUpdate.AppUpdate.DownloadFile(String url, String localFilePath) 位置 D:\ProjectData\MiKe\LineProductMes\LineProductMes\ClassForMain\AppUpdate.cs:行号 239
   在 AutoUpdate.AppUpdate.CheckAppVersion(String& msg) 位置 D:\ProjectData\MiKe\LineProductMes\LineProductMes\ClassForMain\AppUpdate.cs:行号 310
16:05:16.000 @EMP002 系统管理员
16:05:16.003 @EMP033 cebfd1559b68d67688884d7a3d3e8c
16:07:46.671  异常信息：由于连接方在一段时间后没有正确答复或连接的主机没有反应，连接尝试失败。 192.168.0.170:80
  堆栈信息:   在 AutoUpdate.AppUpdate.DownloadFile(String url, String localFilePath) 位置 D:\ProjectData\MiKe\LineProductMes\LineProductMes\ClassForMain\AppUpdate.cs:行号 239
   在 AutoUpdate.AppUpdate.CheckAppVersion(String& msg) 位置 D:\ProjectData\MiKe\LineProductMes\LineProductMes\ClassForMain\AppUpdate.cs:行号 310
16:07:52.393 @EMP002 系统管理员
16:07:52.396 @EMP033 cebfd1559b68d67688884d7a3d3e8c
16:16:03.109  异常信息：由于连接方在一段时间后没有正确答复或连接的主机没有反应，连接尝试失败。 192.168.0.170:80
  堆栈信息:   在 AutoUpdate.AppUpdate.DownloadFile(String url, String localFilePath) 位置 D:\ProjectData\MiKe\LineProductMes\LineProductMes\ClassForMain\AppUpdate.cs:行号 239
   在 AutoUpdate.AppUpdate.CheckAppVersion(String& msg) 位置 D:\ProjectData\MiKe\LineProductMes\LineProductMes\ClassForMain\AppUpdate.cs:行号 310
16:16:09.279 @EMP002 系统管理员
16:16:09.282 @EMP033 cebfd1559b68d67688884d7a3d3e8c
16:17:56.887 @ANW001 20180810001
16:17:56.888 @ANW002 GD201805310016
16:17:56.890 @ANW003 604098025700
16:17:56.891 @ANW004 F116控制器配件包(更换)
16:17:56.892 @ANW005 
16:17:56.893 @ANW006 762
16:17:56.894 @ANW007 套
16:17:56.895 @ANW008 0
16:17:56.896 @ANW009 500
16:17:56.897 @ANW010 0507
16:17:56.898 @ANW011 总装车间
16:17:56.899 @ANW012 050701
16:17:56.900 @ANW013 1线
16:17:56.901 @ANW014 计件
16:17:56.902 @ANW015 2018/8/10 8:00:00
16:17:56.903 @ANW016 2018/8/10 17:00:00
16:17:56.904 @ANW017 
16:17:56.905 @ANW018 
16:17:56.906 @ANW019 
16:17:56.907 @ANW020 False
16:17:56.908 @ANW021 False
16:17:56.909 @ANW022 2018/8/10 0:00:00
16:17:56.934 @ANX001 20180810001
16:17:56.935 @ANX002 10139
16:17:56.936 @ANX003 张龙
16:17:56.937 @ANX004 一线组长
16:17:56.938 @ANX005 2018/8/10 8:00:00
16:17:56.939 @ANX006 2018/8/10 17:00:00
16:17:56.940 @ANX007 
16:17:56.941 @ANX008 
16:17:56.942 @ANX009 0
16:17:56.943 @ANX010 1000
16:17:56.944 @ANX011 在职
16:17:56.945 @ANX012 
16:17:56.962 @ANX001 20180810001
16:17:56.964 @ANX002 10140
16:17:56.965 @ANX003 刘兴贵
16:17:56.966 @ANX004 装配工
16:17:56.967 @ANX005 2018/8/10 8:00:00
16:17:56.968 @ANX006 2018/8/10 17:00:00
16:17:56.969 @ANX007 
16:17:56.970 @ANX008 
16:17:56.971 @ANX009 0
16:17:56.972 @ANX010 0
16:17:56.973 @ANX011 在职
16:17:56.974 @ANX012 
16:17:56.993 @ANX001 20180810001
16:17:56.994 @ANX002 10141
16:17:56.995 @ANX003 王振宇
16:17:56.996 @ANX004 装配工
16:17:56.997 @ANX005 2018/8/10 8:00:00
16:17:56.998 @ANX006 2018/8/10 17:00:00
16:17:56.999 @ANX007 
16:17:57.000 @ANX008 
16:17:57.001 @ANX009 0
16:17:57.002 @ANX010 0
16:17:57.003 @ANX011 在职
16:17:57.004 @ANX012 
16:17:57.026 @ANX001 20180810001
16:17:57.027 @ANX002 10142
16:17:57.029 @ANX003 钟成菊
16:17:57.030 @ANX004 装配工
16:17:57.031 @ANX005 2018/8/10 8:00:00
16:17:57.032 @ANX006 2018/8/10 17:00:00
16:17:57.033 @ANX007 
16:17:57.034 @ANX008 
16:17:57.035 @ANX009 0
16:17:57.036 @ANX010 0
16:17:57.037 @ANX011 在职
16:17:57.038 @ANX012 
16:17:57.045 @ANX001 20180810001
16:17:57.046 @ANX002 10143
16:17:57.047 @ANX003 赵成鹏
16:17:57.048 @ANX004 装配工
16:17:57.049 @ANX005 2018/8/10 8:00:00
16:17:57.051 @ANX006 2018/8/10 17:00:00
16:17:57.052 @ANX007 
16:17:57.053 @ANX008 
16:17:57.054 @ANX009 0
16:17:57.055 @ANX010 0
16:17:57.056 @ANX011 在职
16:17:57.057 @ANX012 
16:17:57.086 @ANX001 20180810001
16:17:57.088 @ANX002 10144
16:17:57.089 @ANX003 何万华
16:17:57.090 @ANX004 装配工
16:17:57.091 @ANX005 2018/8/10 8:00:00
16:17:57.092 @ANX006 2018/8/10 17:00:00
16:17:57.093 @ANX007 
16:17:57.094 @ANX008 
16:17:57.095 @ANX009 0
16:17:57.097 @ANX010 0
16:17:57.098 @ANX011 在职
16:17:57.102 @ANX012 
16:17:57.112 @ANX001 20180810001
16:17:57.114 @ANX002 10145
16:17:57.115 @ANX003 严云芹
16:17:57.116 @ANX004 装配工
16:17:57.117 @ANX005 2018/8/10 8:00:00
16:17:57.118 @ANX006 2018/8/10 17:00:00
16:17:57.119 @ANX007 
16:17:57.121 @ANX008 
16:17:57.122 @ANX009 0
16:17:57.123 @ANX010 0
16:17:57.124 @ANX011 在职
16:17:57.125 @ANX012 
16:17:57.152 @ANX001 20180810001
16:17:57.153 @ANX002 10146
16:17:57.154 @ANX003 马小千
16:17:57.155 @ANX004 装配工
16:17:57.157 @ANX005 2018/8/10 8:00:00
16:17:57.158 @ANX006 2018/8/10 17:00:00
16:17:57.159 @ANX007 
16:17:57.160 @ANX008 
16:17:57.161 @ANX009 0
16:17:57.162 @ANX010 0
16:17:57.163 @ANX011 在职
16:17:57.164 @ANX012 
16:17:57.170 @ANX001 20180810001
16:17:57.171 @ANX002 10147
16:17:57.172 @ANX003 周顺
16:17:57.173 @ANX004 装配工
16:17:57.174 @ANX005 2018/8/10 8:00:00
16:17:57.176 @ANX006 2018/8/10 17:00:00
16:17:57.177 @ANX007 
16:17:57.178 @ANX008 
16:17:57.179 @ANX009 0
16:17:57.180 @ANX010 0
16:17:57.181 @ANX011 在职
16:17:57.182 @ANX012 
16:17:57.195 @ANX001 20180810001
16:17:57.196 @ANX002 10148
16:17:57.197 @ANX003 龙付咪
16:17:57.199 @ANX004 装配工
16:17:57.200 @ANX005 2018/8/10 8:00:00
16:17:57.201 @ANX006 2018/8/10 17:00:00
16:17:57.202 @ANX007 
16:17:57.203 @ANX008 
16:17:57.204 @ANX009 0
16:17:57.205 @ANX010 0
16:17:57.206 @ANX011 在职
16:17:57.207 @ANX012 
16:17:57.218 @ANX001 20180810001
16:17:57.220 @ANX002 10149
16:17:57.221 @ANX003 郭昭芬
16:17:57.222 @ANX004 装配工
16:17:57.223 @ANX005 2018/8/10 8:00:00
16:17:57.224 @ANX006 2018/8/10 17:00:00
16:17:57.225 @ANX007 
16:17:57.226 @ANX008 
16:17:57.227 @ANX009 0
16:17:57.228 @ANX010 0
16:17:57.229 @ANX011 在职
16:17:57.230 @ANX012 
16:17:57.237 @ANX001 20180810001
16:17:57.239 @ANX002 10150
16:17:57.240 @ANX003 刘高发
16:17:57.241 @ANX004 装配工
16:17:57.242 @ANX005 2018/8/10 8:00:00
16:17:57.244 @ANX006 2018/8/10 17:00:00
16:17:57.245 @ANX007 
16:17:57.246 @ANX008 
16:17:57.247 @ANX009 0
16:17:57.248 @ANX010 0
16:17:57.249 @ANX011 在职
16:17:57.250 @ANX012 
16:17:57.256 @ANX001 20180810001
16:17:57.258 @ANX002 10151
16:17:57.259 @ANX003 吴张英
16:17:57.260 @ANX004 装配工
16:17:57.261 @ANX005 2018/8/10 8:00:00
16:17:57.262 @ANX006 2018/8/10 17:00:00
16:17:57.263 @ANX007 
16:17:57.264 @ANX008 
16:17:57.265 @ANX009 0
16:17:57.266 @ANX010 0
16:17:57.267 @ANX011 在职
16:17:57.268 @ANX012 
16:17:57.273 @ANX001 20180810001
16:17:57.275 @ANX002 10152
16:17:57.276 @ANX003 杨犁
16:17:57.277 @ANX004 装配工
16:17:57.278 @ANX005 2018/8/10 8:00:00
16:17:57.279 @ANX006 2018/8/10 17:00:00
16:17:57.280 @ANX007 
16:17:57.281 @ANX008 
16:17:57.282 @ANX009 0
16:17:57.283 @ANX010 0
16:17:57.284 @ANX011 在职
16:17:57.285 @ANX012 
16:17:57.293 @ANX001 20180810001
16:17:57.294 @ANX002 10153
16:17:57.295 @ANX003 熊洪才
16:17:57.297 @ANX004 装配工
16:17:57.298 @ANX005 2018/8/10 8:00:00
16:17:57.299 @ANX006 2018/8/10 17:00:00
16:17:57.300 @ANX007 
16:17:57.301 @ANX008 
16:17:57.302 @ANX009 0
16:17:57.303 @ANX010 0
16:17:57.304 @ANX011 在职
16:17:57.305 @ANX012 
16:17:57.313 @ANX001 20180810001
16:17:57.314 @ANX002 10154
16:17:57.315 @ANX003 代开容
16:17:57.316 @ANX004 装配工
16:17:57.317 @ANX005 2018/8/10 8:00:00
16:17:57.319 @ANX006 2018/8/10 17:00:00
16:17:57.320 @ANX007 
16:17:57.321 @ANX008 
16:17:57.322 @ANX009 0
16:17:57.322 @ANX010 0
16:17:57.323 @ANX011 在职
16:17:57.324 @ANX012 
16:17:57.330 @ANX001 20180810001
16:17:57.332 @ANX002 10155
16:17:57.333 @ANX003 尹宗丹
16:17:57.334 @ANX004 装配工
16:17:57.335 @ANX005 2018/8/10 8:00:00
16:17:57.336 @ANX006 2018/8/10 17:00:00
16:17:57.337 @ANX007 
16:17:57.338 @ANX008 
16:17:57.339 @ANX009 0
16:17:57.340 @ANX010 0
16:17:57.341 @ANX011 在职
16:17:57.342 @ANX012 
16:17:57.348 @ANX001 20180810001
16:17:57.349 @ANX002 10156
16:17:57.351 @ANX003 朱正高
16:17:57.352 @ANX004 装配工
16:17:57.353 @ANX005 2018/8/10 8:00:00
16:17:57.354 @ANX006 2018/8/10 17:00:00
16:17:57.355 @ANX007 
16:17:57.356 @ANX008 
16:17:57.357 @ANX009 0
16:17:57.358 @ANX010 0
16:17:57.359 @ANX011 在职
16:17:57.360 @ANX012 
16:17:57.365 @ANX001 20180810001
16:17:57.366 @ANX002 10157
16:17:57.368 @ANX003 卿廷群
16:17:57.369 @ANX004 装配工
16:17:57.370 @ANX005 2018/8/10 8:00:00
16:17:57.371 @ANX006 2018/8/10 17:00:00
16:17:57.372 @ANX007 
16:17:57.373 @ANX008 
16:17:57.374 @ANX009 0
16:17:57.375 @ANX010 0
16:17:57.376 @ANX011 在职
16:17:57.377 @ANX012 
16:17:57.383 @ANX001 20180810001
16:17:57.384 @ANX002 10158
16:17:57.385 @ANX003 邹修丽
16:17:57.386 @ANX004 装配工
16:17:57.387 @ANX005 2018/8/10 8:00:00
16:17:57.388 @ANX006 2018/8/10 17:00:00
16:17:57.389 @ANX007 
16:17:57.390 @ANX008 
16:17:57.391 @ANX009 0
16:17:57.392 @ANX010 0
16:17:57.393 @ANX011 在职
16:17:57.394 @ANX012 
16:17:57.400 @ANX001 20180810001
16:17:57.401 @ANX002 10159
16:17:57.403 @ANX003 徐永洪
16:17:57.404 @ANX004 装配工
16:17:57.405 @ANX005 2018/8/10 8:00:00
16:17:57.406 @ANX006 2018/8/10 17:00:00
16:17:57.407 @ANX007 
16:17:57.408 @ANX008 
16:17:57.409 @ANX009 0
16:17:57.410 @ANX010 0
16:17:57.411 @ANX011 在职
16:17:57.412 @ANX012 
16:17:57.418 @ANX001 20180810001
16:17:57.419 @ANX002 10160
16:17:57.420 @ANX003 刘仁燕
16:17:57.421 @ANX004 装配工
16:17:57.422 @ANX005 2018/8/10 8:00:00
16:17:57.423 @ANX006 2018/8/10 17:00:00
16:17:57.424 @ANX007 
16:17:57.425 @ANX008 
16:17:57.426 @ANX009 0
16:17:57.427 @ANX010 0
16:17:57.428 @ANX011 在职
16:17:57.430 @ANX012 
16:17:57.435 @ANX001 20180810001
16:17:57.436 @ANX002 10161
16:17:57.437 @ANX003 陈万珍
16:17:57.438 @ANX004 装配工
16:17:57.439 @ANX005 2018/8/10 8:00:00
16:17:57.440 @ANX006 2018/8/10 17:00:00
16:17:57.441 @ANX007 
16:17:57.442 @ANX008 
16:17:57.443 @ANX009 0
16:17:57.444 @ANX010 0
16:17:57.445 @ANX011 在职
16:17:57.446 @ANX012 
16:17:57.459 @ANX001 20180810001
16:17:57.460 @ANX002 10162
16:17:57.461 @ANX003 李义承
16:17:57.462 @ANX004 装配工
16:17:57.463 @ANX005 2018/8/10 8:00:00
16:17:57.464 @ANX006 2018/8/10 17:00:00
16:17:57.465 @ANX007 
16:17:57.466 @ANX008 
16:17:57.467 @ANX009 0
16:17:57.468 @ANX010 0
16:17:57.469 @ANX011 在职
16:17:57.470 @ANX012 
16:17:57.476 @ANX001 20180810001
16:17:57.477 @ANX002 10163
16:17:57.479 @ANX003 张义兵
16:17:57.480 @ANX004 装配工
16:17:57.481 @ANX005 2018/8/10 8:00:00
16:17:57.482 @ANX006 2018/8/10 17:00:00
16:17:57.483 @ANX007 
16:17:57.484 @ANX008 
16:17:57.485 @ANX009 0
16:17:57.486 @ANX010 0
16:17:57.487 @ANX011 在职
16:17:57.488 @ANX012 
16:17:57.496 @ANX001 20180810001
16:17:57.497 @ANX002 10164
16:17:57.499 @ANX003 韩会萍
16:17:57.500 @ANX004 装配工
16:17:57.501 @ANX005 2018/8/10 8:00:00
16:17:57.502 @ANX006 2018/8/10 17:00:00
16:17:57.503 @ANX007 
16:17:57.504 @ANX008 
16:17:57.505 @ANX009 0
16:17:57.506 @ANX010 0
16:17:57.507 @ANX011 在职
16:17:57.508 @ANX012 
16:17:57.515 @ANX001 20180810001
16:17:57.517 @ANX002 10165
16:17:57.518 @ANX003 国明秀
16:17:57.519 @ANX004 装配工
16:17:57.520 @ANX005 2018/8/10 8:00:00
16:17:57.521 @ANX006 2018/8/10 17:00:00
16:17:57.522 @ANX007 
16:17:57.523 @ANX008 
16:17:57.524 @ANX009 0
16:17:57.525 @ANX010 0
16:17:57.526 @ANX011 在职
16:17:57.527 @ANX012 
16:17:59.608 @ANW001 20180810001
16:17:59.611 @ANW020 True
