09:32:52.818 @EMP002 系统管理员
09:32:52.820 @EMP033 6657db4b379f9e9cf0cf61ace3e07de
09:32:55.978 @EMP002 系统管理员
09:32:55.978 @EMP033 6f1ec1fd1b3a20c8aea0e973ec7863
09:32:58.540 @EMP002 系统管理员
09:32:58.540 @EMP033 cebfd1559b68d67688884d7a3d3e8c
09:40:26.637 @ANW001 20181218001
09:40:26.637 @ANW020 False
09:44:26.046 @EMP002 系统管理员
09:44:26.046 @EMP033 6f1ec1fd1b3a20c8aea0e973ec7863
09:44:28.381 @EMP002 系统管理员
09:44:28.381 @EMP033 cebfd1559b68d67688884d7a3d3e8c
09:50:01.640 @EMP002 系统管理员
09:50:01.640 @EMP033 cebfd1559b68d67688884d7a3d3e8c
09:53:16.950 @EMP002 系统管理员
09:53:16.951 @EMP033 cebfd1559b68d67688884d7a3d3e8c
13:34:58.862 @EMP002 系统管理员
13:34:58.863 @EMP033 cebfd1559b68d67688884d7a3d3e8c
13:36:00.227 @EMP002 系统管理员
13:36:00.228 @EMP033 cebfd1559b68d67688884d7a3d3e8c
13:39:29.379 @EMP002 系统管理员
13:39:29.379 @EMP033 cebfd1559b68d67688884d7a3d3e8c
13:43:57.736 @EMP002 系统管理员
13:43:57.737 @EMP033 cebfd1559b68d67688884d7a3d3e8c
13:46:21.533 @EMP002 系统管理员
13:46:21.533 @EMP033 cebfd1559b68d67688884d7a3d3e8c
13:46:57.443 @EMP002 系统管理员
13:46:57.444 @EMP033 cebfd1559b68d67688884d7a3d3e8c
13:53:46.231 @EMP002 系统管理员
13:53:46.232 @EMP033 cebfd1559b68d67688884d7a3d3e8c
13:58:23.954 @EMP002 系统管理员
13:58:23.955 @EMP033 cebfd1559b68d67688884d7a3d3e8c
13:58:54.265 @ANW001 20181216001
13:58:54.265 @ANW020 False
13:59:00.954 @ANW001 20181219001
13:59:00.954 @ANW020 False
14:02:06.482 @EMP002 系统管理员
14:02:06.483 @EMP033 cebfd1559b68d67688884d7a3d3e8c
14:12:28.303 @EMP002 系统管理员
14:12:28.303 @EMP033 cebfd1559b68d67688884d7a3d3e8c
14:14:44.458 @EMP002 系统管理员
14:14:44.458 @EMP033 cebfd1559b68d67688884d7a3d3e8c
14:22:39.792 @EMP002 系统管理员
14:22:39.792 @EMP033 cebfd1559b68d67688884d7a3d3e8c
14:25:06.100 @EMP002 系统管理员
14:25:06.100 @EMP033 e51e6c4ea698bc872c5f2e504383ac59
14:25:08.885 @EMP002 系统管理员
14:25:08.885 @EMP033 cebfd1559b68d67688884d7a3d3e8c
14:26:25.311 @ANW001 20181223001
14:26:25.311 @ANW010 0507
14:26:25.311 @ANW011 总装车间
14:26:25.311 @ANW012 050701
14:26:25.312 @ANW013 1线
14:26:25.312 @ANW014 计时
14:26:25.312 @ANW017 
14:26:25.312 @ANW018 
14:26:25.312 @ANW019 
14:26:25.312 @ANW020 False
14:26:25.313 @ANW021 False
14:26:25.313 @ANW022 2018/12/23 0:00:00
14:26:25.313 @ANW023 0.5
14:26:25.313 @ANW024 0
14:26:25.313 @ANW025 系统管理员
14:26:25.321 @ANX001 20181223001
14:26:25.321 @ANX002 10140
14:26:25.321 @ANX003 刘兴贵
14:26:25.322 @ANX004 装配工
14:26:25.322 @ANX005 
14:26:25.322 @ANX006 
14:26:25.322 @ANX007 2018/12/23 8:00:00
14:26:25.322 @ANX008 2018/12/23 17:00:00
14:26:25.323 @ANX009 8
14:26:25.323 @ANX010 12
14:26:25.323 @ANX011 在职
14:26:25.323 @ANX012 123
14:26:25.323 @ANX013 检测
14:26:25.324 @ANX014 1线
14:26:25.324 @ANX015 0
14:26:25.324 @ANX016 8.5
14:26:25.324 @ANX017 80
14:26:25.333 @ANX001 20181223001
14:26:25.334 @ANX002 10141
14:26:25.334 @ANX003 王振宇
14:26:25.334 @ANX004 装配工
14:26:25.334 @ANX005 
14:26:25.334 @ANX006 
14:26:25.335 @ANX007 2018/12/23 8:00:00
14:26:25.335 @ANX008 2018/12/23 17:00:00
14:26:25.335 @ANX009 8
14:26:25.335 @ANX010 0
14:26:25.335 @ANX011 在职
14:26:25.336 @ANX012 
14:26:25.336 @ANX013 
14:26:25.336 @ANX014 1线
14:26:25.336 @ANX015 0
14:26:25.336 @ANX016 8.5
14:26:25.336 @ANX017 68
14:26:25.340 @ANX001 20181223001
14:26:25.340 @ANX002 10142
14:26:25.340 @ANX003 钟成菊
14:26:25.341 @ANX004 装配工
14:26:25.341 @ANX005 
14:26:25.341 @ANX006 
14:26:25.341 @ANX007 2018/12/23 8:00:00
14:26:25.341 @ANX008 2018/12/23 17:00:00
14:26:25.341 @ANX009 8
14:26:25.342 @ANX010 0
14:26:25.342 @ANX011 在职
14:26:25.342 @ANX012 
14:26:25.342 @ANX013 
14:26:25.342 @ANX014 1线
14:26:25.343 @ANX015 0
14:26:25.343 @ANX016 8.5
14:26:25.343 @ANX017 68
14:26:25.345 @ANX001 20181223001
14:26:25.346 @ANX002 10143
14:26:25.346 @ANX003 赵成鹏
14:26:25.346 @ANX004 装配工
14:26:25.346 @ANX005 
14:26:25.348 @ANX006 
14:26:25.349 @ANX007 2018/12/23 8:00:00
14:26:25.349 @ANX008 2018/12/23 17:00:00
14:26:25.349 @ANX009 8
14:26:25.349 @ANX010 0
14:26:25.349 @ANX011 在职
14:26:25.349 @ANX012 
14:26:25.350 @ANX013 
14:26:25.350 @ANX014 1线
14:26:25.350 @ANX015 0
14:26:25.350 @ANX016 8.5
14:26:25.351 @ANX017 68
14:26:25.353 @ANX001 20181223001
14:26:25.353 @ANX002 10144
14:26:25.353 @ANX003 何万华
14:26:25.353 @ANX004 装配工
14:26:25.353 @ANX005 
14:26:25.354 @ANX006 
14:26:25.354 @ANX007 2018/12/23 8:00:00
14:26:25.354 @ANX008 2018/12/23 17:00:00
14:26:25.354 @ANX009 8
14:26:25.354 @ANX010 0
14:26:25.354 @ANX011 在职
14:26:25.354 @ANX012 
14:26:25.354 @ANX013 
14:26:25.355 @ANX014 1线
14:26:25.355 @ANX015 0
14:26:25.355 @ANX016 8.5
14:26:25.355 @ANX017 68
14:26:25.357 @ANX001 20181223001
14:26:25.357 @ANX002 10145
14:26:25.357 @ANX003 严云芹
14:26:25.357 @ANX004 装配工
14:26:25.357 @ANX005 
14:26:25.358 @ANX006 
14:26:25.358 @ANX007 2018/12/23 8:00:00
14:26:25.358 @ANX008 2018/12/23 17:00:00
14:26:25.358 @ANX009 8
14:26:25.359 @ANX010 0
14:26:25.359 @ANX011 在职
14:26:25.359 @ANX012 
14:26:25.359 @ANX013 
14:26:25.359 @ANX014 1线
14:26:25.360 @ANX015 0
14:26:25.360 @ANX016 8.5
14:26:25.360 @ANX017 68
14:26:25.362 @ANX001 20181223001
14:26:25.362 @ANX002 10146
14:26:25.364 @ANX003 马小千
14:26:25.364 @ANX004 装配工
14:26:25.365 @ANX005 
14:26:25.365 @ANX006 
14:26:25.365 @ANX007 2018/12/23 8:00:00
14:26:25.365 @ANX008 2018/12/23 17:00:00
14:26:25.365 @ANX009 8
14:26:25.366 @ANX010 0
14:26:25.366 @ANX011 在职
14:26:25.366 @ANX012 
14:26:25.366 @ANX013 
14:26:25.366 @ANX014 1线
14:26:25.366 @ANX015 0
14:26:25.367 @ANX016 8.5
14:26:25.367 @ANX017 68
14:26:25.370 @ANX001 20181223001
14:26:25.370 @ANX002 10147
14:26:25.371 @ANX003 周顺
14:26:25.371 @ANX004 装配工
14:26:25.371 @ANX005 
14:26:25.371 @ANX006 
14:26:25.372 @ANX007 2018/12/23 8:00:00
14:26:25.372 @ANX008 2018/12/23 17:00:00
14:26:25.372 @ANX009 8
14:26:25.372 @ANX010 0
14:26:25.372 @ANX011 在职
14:26:25.373 @ANX012 
14:26:25.373 @ANX013 
14:26:25.373 @ANX014 1线
14:26:25.373 @ANX015 0
14:26:25.373 @ANX016 8.5
14:26:25.373 @ANX017 68
14:26:25.377 @ANX001 20181223001
14:26:25.378 @ANX002 10148
14:26:25.378 @ANX003 龙付咪
14:26:25.378 @ANX004 装配工
14:26:25.378 @ANX005 
14:26:25.379 @ANX006 
14:26:25.379 @ANX007 2018/12/23 8:00:00
14:26:25.380 @ANX008 2018/12/23 17:00:00
14:26:25.380 @ANX009 8
14:26:25.380 @ANX010 0
14:26:25.380 @ANX011 在职
14:26:25.380 @ANX012 
14:26:25.380 @ANX013 
14:26:25.380 @ANX014 1线
14:26:25.380 @ANX015 0
14:26:25.381 @ANX016 8.5
14:26:25.381 @ANX017 68
14:26:25.382 @ANX001 20181223001
14:26:25.383 @ANX002 10150
14:26:25.383 @ANX003 刘高发
14:26:25.383 @ANX004 装配工
14:26:25.383 @ANX005 
14:26:25.383 @ANX006 
14:26:25.384 @ANX007 2018/12/23 8:00:00
14:26:25.384 @ANX008 2018/12/23 17:00:00
14:26:25.384 @ANX009 8
14:26:25.384 @ANX010 0
14:26:25.384 @ANX011 在职
14:26:25.385 @ANX012 
14:26:25.385 @ANX013 
14:26:25.385 @ANX014 1线
14:26:25.385 @ANX015 0
14:26:25.385 @ANX016 8.5
14:26:25.386 @ANX017 68
14:26:25.387 @ANX001 20181223001
14:26:25.387 @ANX002 10151
14:26:25.387 @ANX003 吴张英
14:26:25.388 @ANX004 装配工
14:26:25.388 @ANX005 
14:26:25.388 @ANX006 
14:26:25.388 @ANX007 2018/12/23 8:00:00
14:26:25.388 @ANX008 2018/12/23 17:00:00
14:26:25.388 @ANX009 8
14:26:25.389 @ANX010 0
14:26:25.389 @ANX011 在职
14:26:25.389 @ANX012 
14:26:25.389 @ANX013 
14:26:25.389 @ANX014 1线
14:26:25.389 @ANX015 0
14:26:25.390 @ANX016 8.5
14:26:25.390 @ANX017 68
14:26:25.392 @ANX001 20181223001
14:26:25.392 @ANX002 10152
14:26:25.392 @ANX003 杨犁
14:26:25.393 @ANX004 装配工
14:26:25.393 @ANX005 
14:26:25.393 @ANX006 
14:26:25.393 @ANX007 2018/12/23 8:00:00
14:26:25.393 @ANX008 2018/12/23 17:00:00
14:26:25.393 @ANX009 8
14:26:25.394 @ANX010 0
14:26:25.394 @ANX011 在职
14:26:25.394 @ANX012 
14:26:25.394 @ANX013 
14:26:25.394 @ANX014 1线
14:26:25.398 @ANX015 0
14:26:25.398 @ANX016 8.5
14:26:25.398 @ANX017 68
14:26:25.400 @ANX001 20181223001
14:26:25.400 @ANX002 10153
14:26:25.400 @ANX003 熊洪才
14:26:25.401 @ANX004 装配工
14:26:25.401 @ANX005 
14:26:25.401 @ANX006 
14:26:25.401 @ANX007 2018/12/23 8:00:00
14:26:25.401 @ANX008 2018/12/23 17:00:00
14:26:25.402 @ANX009 8
14:26:25.402 @ANX010 0
14:26:25.402 @ANX011 在职
14:26:25.402 @ANX012 
14:26:25.402 @ANX013 
14:26:25.403 @ANX014 1线
14:26:25.403 @ANX015 0
14:26:25.403 @ANX016 8.5
14:26:25.403 @ANX017 68
14:26:25.405 @ANX001 20181223001
14:26:25.405 @ANX002 10154
14:26:25.405 @ANX003 代开容
14:26:25.405 @ANX004 装配工
14:26:25.405 @ANX005 
14:26:25.406 @ANX006 
14:26:25.406 @ANX007 2018/12/23 8:00:00
14:26:25.406 @ANX008 2018/12/23 17:00:00
14:26:25.406 @ANX009 8
14:26:25.406 @ANX010 0
14:26:25.406 @ANX011 在职
14:26:25.407 @ANX012 
14:26:25.407 @ANX013 
14:26:25.407 @ANX014 1线
14:26:25.407 @ANX015 0
14:26:25.407 @ANX016 8.5
14:26:25.407 @ANX017 68
14:26:25.409 @ANX001 20181223001
14:26:25.410 @ANX002 10155
14:26:25.410 @ANX003 尹宗丹
14:26:25.410 @ANX004 装配工
14:26:25.410 @ANX005 
14:26:25.410 @ANX006 
14:26:25.411 @ANX007 2018/12/23 8:00:00
14:26:25.411 @ANX008 2018/12/23 17:00:00
14:26:25.411 @ANX009 8
14:26:25.411 @ANX010 0
14:26:25.411 @ANX011 在职
14:26:25.411 @ANX012 
14:26:25.412 @ANX013 
14:26:25.412 @ANX014 1线
14:26:25.412 @ANX015 0
14:26:25.412 @ANX016 8.5
14:26:25.412 @ANX017 68
14:26:25.415 @ANX001 20181223001
14:26:25.415 @ANX002 10156
14:26:25.415 @ANX003 朱正高
14:26:25.415 @ANX004 装配工
14:26:25.416 @ANX005 
14:26:25.416 @ANX006 
14:26:25.416 @ANX007 2018/12/23 8:00:00
14:26:25.416 @ANX008 2018/12/23 17:00:00
14:26:25.416 @ANX009 8
14:26:25.416 @ANX010 0
14:26:25.417 @ANX011 在职
14:26:25.417 @ANX012 
14:26:25.417 @ANX013 
14:26:25.417 @ANX014 1线
14:26:25.417 @ANX015 0
14:26:25.417 @ANX016 8.5
14:26:25.418 @ANX017 68
14:26:25.419 @ANX001 20181223001
14:26:25.419 @ANX002 10157
14:26:25.420 @ANX003 卿廷群
14:26:25.420 @ANX004 装配工
14:26:25.420 @ANX005 
14:26:25.420 @ANX006 
14:26:25.420 @ANX007 2018/12/23 8:00:00
14:26:25.421 @ANX008 2018/12/23 17:00:00
14:26:25.421 @ANX009 8
14:26:25.421 @ANX010 0
14:26:25.421 @ANX011 在职
14:26:25.421 @ANX012 
14:26:25.421 @ANX013 
14:26:25.422 @ANX014 1线
14:26:25.422 @ANX015 0
14:26:25.422 @ANX016 8.5
14:26:25.422 @ANX017 68
14:26:25.423 @ANX001 20181223001
14:26:25.424 @ANX002 10158
14:26:25.424 @ANX003 邹修丽
14:26:25.424 @ANX004 装配工
14:26:25.425 @ANX005 
14:26:25.425 @ANX006 
14:26:25.425 @ANX007 2018/12/23 8:00:00
14:26:25.425 @ANX008 2018/12/23 17:00:00
14:26:25.426 @ANX009 8
14:26:25.426 @ANX010 0
14:26:25.427 @ANX011 在职
14:26:25.427 @ANX012 
14:26:25.427 @ANX013 
14:26:25.427 @ANX014 1线
14:26:25.427 @ANX015 0
14:26:25.427 @ANX016 8.5
14:26:25.428 @ANX017 68
14:26:25.430 @ANX001 20181223001
14:26:25.430 @ANX002 10159
14:26:25.430 @ANX003 徐永洪
14:26:25.431 @ANX004 装配工
14:26:25.431 @ANX005 
14:26:25.431 @ANX006 
14:26:25.432 @ANX007 2018/12/23 8:00:00
14:26:25.432 @ANX008 2018/12/23 17:00:00
14:26:25.432 @ANX009 8
14:26:25.432 @ANX010 0
14:26:25.433 @ANX011 在职
14:26:25.439 @ANX012 
14:26:25.439 @ANX013 
14:26:25.440 @ANX014 1线
14:26:25.440 @ANX015 0
14:26:25.440 @ANX016 8.5
14:26:25.440 @ANX017 68
14:26:25.442 @ANX001 20181223001
14:26:25.442 @ANX002 10160
14:26:25.443 @ANX003 刘仁燕
14:26:25.443 @ANX004 装配工
14:26:25.443 @ANX005 
14:26:25.443 @ANX006 
14:26:25.444 @ANX007 2018/12/23 8:00:00
14:26:25.444 @ANX008 2018/12/23 17:00:00
14:26:25.444 @ANX009 8
14:26:25.444 @ANX010 0
14:26:25.444 @ANX011 在职
14:26:25.445 @ANX012 
14:26:25.445 @ANX013 
14:26:25.445 @ANX014 1线
14:26:25.445 @ANX015 0
14:26:25.445 @ANX016 8.5
14:26:25.445 @ANX017 68
14:26:25.447 @ANX001 20181223001
14:26:25.448 @ANX002 10161
14:26:25.448 @ANX003 陈万珍
14:26:25.448 @ANX004 装配工
14:26:25.448 @ANX005 
14:26:25.448 @ANX006 
14:26:25.449 @ANX007 2018/12/23 8:00:00
14:26:25.449 @ANX008 2018/12/23 17:00:00
14:26:25.449 @ANX009 8
14:26:25.449 @ANX010 0
14:26:25.449 @ANX011 在职
14:26:25.450 @ANX012 
14:26:25.450 @ANX013 
14:26:25.450 @ANX014 1线
14:26:25.450 @ANX015 0
14:26:25.450 @ANX016 8.5
14:26:25.450 @ANX017 68
14:26:25.452 @ANX001 20181223001
14:26:25.452 @ANX002 10162
14:26:25.452 @ANX003 李义承
14:26:25.452 @ANX004 装配工
14:26:25.453 @ANX005 
14:26:25.453 @ANX006 
14:26:25.453 @ANX007 2018/12/23 8:00:00
14:26:25.453 @ANX008 2018/12/23 17:00:00
14:26:25.453 @ANX009 8
14:26:25.454 @ANX010 0
14:26:25.454 @ANX011 在职
14:26:25.454 @ANX012 
14:26:25.454 @ANX013 
14:26:25.454 @ANX014 1线
14:26:25.454 @ANX015 0
14:26:25.455 @ANX016 8.5
14:26:25.455 @ANX017 68
14:26:25.456 @ANX001 20181223001
14:26:25.456 @ANX002 10163
14:26:25.457 @ANX003 张义兵
14:26:25.457 @ANX004 装配工
14:26:25.457 @ANX005 
14:26:25.457 @ANX006 
14:26:25.457 @ANX007 2018/12/23 8:00:00
14:26:25.459 @ANX008 2018/12/23 17:00:00
14:26:25.459 @ANX009 8
14:26:25.459 @ANX010 0
14:26:25.459 @ANX011 在职
14:26:25.460 @ANX012 
14:26:25.460 @ANX013 
14:26:25.460 @ANX014 1线
14:26:25.460 @ANX015 0
14:26:25.460 @ANX016 8.5
14:26:25.460 @ANX017 68
14:26:25.462 @ANX001 20181223001
14:26:25.462 @ANX002 10164
14:26:25.463 @ANX003 韩会萍
14:26:25.463 @ANX004 装配工
14:26:25.463 @ANX005 
14:26:25.463 @ANX006 
14:26:25.463 @ANX007 2018/12/23 8:00:00
14:26:25.463 @ANX008 2018/12/23 17:00:00
14:26:25.464 @ANX009 8
14:26:25.464 @ANX010 0
14:26:25.464 @ANX011 在职
14:26:25.464 @ANX012 
14:26:25.464 @ANX013 
14:26:25.465 @ANX014 1线
14:26:25.465 @ANX015 0
14:26:25.465 @ANX016 8.5
14:26:25.466 @ANX017 68
14:26:25.467 @ANX001 20181223001
14:26:25.467 @ANX002 10165
14:26:25.468 @ANX003 国明秀
14:26:25.468 @ANX004 装配工
14:26:25.468 @ANX005 
14:26:25.468 @ANX006 
14:26:25.468 @ANX007 2018/12/23 8:00:00
14:26:25.469 @ANX008 2018/12/23 17:00:00
14:26:25.469 @ANX009 8
14:26:25.469 @ANX010 0
14:26:25.469 @ANX011 在职
14:26:25.469 @ANX012 
14:26:25.469 @ANX013 
14:26:25.470 @ANX014 1线
14:26:25.470 @ANX015 0
14:26:25.470 @ANX016 8.5
14:26:25.470 @ANX017 68
14:26:25.472 @ANN001 20181223001
14:26:25.472 @ANN002 GD201811240004
14:26:25.472 @ANN003 D200
14:26:25.472 @ANN004 D200-吉祥小宝
14:26:25.473 @ANN005 
14:26:25.473 @ANN006 台
14:26:25.473 @ANN007 2500
14:26:25.473 @ANN008 2.2
14:26:25.473 @ANN009 500
14:26:25.473 @ANN010 456
14:26:27.998 @ANW001 20181223001
14:26:27.998 @ANW020 True
14:34:01.652 @EMP002 系统管理员
14:34:01.653 @EMP033 cebfd1559b68d67688884d7a3d3e8c
14:35:42.873 @ANW001 20181223002
14:35:42.873 @ANW010 0507
14:35:42.873 @ANW011 总装车间
14:35:42.873 @ANW012 050701
14:35:42.874 @ANW013 1线
14:35:42.874 @ANW014 计件
14:35:42.874 @ANW017 
14:35:42.874 @ANW018 
14:35:42.874 @ANW019 
14:35:42.874 @ANW020 True
14:35:42.875 @ANW021 False
14:35:42.875 @ANW022 2018/12/23 0:00:00
14:35:42.875 @ANW023 0
14:35:42.875 @ANW024 0
14:35:42.875 @ANW025 系统管理员
14:35:42.894 @ANX001 20181223002
14:35:42.895 @ANX002 10140
14:35:42.895 @ANX003 刘兴贵
14:35:42.895 @ANX004 装配工
14:35:42.895 @ANX005 2018/12/23 7:00:00
14:35:42.896 @ANX006 2018/12/23 8:00:00
14:35:42.896 @ANX007 
14:35:42.896 @ANX008 
14:35:42.901 @ANX009 0
14:35:42.902 @ANX010 0
14:35:42.902 @ANX011 在职
14:35:42.902 @ANX012 
14:35:42.902 @ANX013 
14:35:42.903 @ANX014 1线
14:35:42.903 @ANX015 1
14:35:42.903 @ANX016 0
14:35:42.903 @ANX017 2090
14:35:42.914 @ANX001 20181223002
14:35:42.914 @ANX002 10141
14:35:42.915 @ANX003 王振宇
14:35:42.915 @ANX004 装配工
14:35:42.915 @ANX005 
14:35:42.915 @ANX006 
14:35:42.915 @ANX007 
14:35:42.916 @ANX008 
14:35:42.916 @ANX009 0
14:35:42.916 @ANX010 0
14:35:42.916 @ANX011 离职
14:35:42.916 @ANX012 
14:35:42.917 @ANX013 
14:35:42.917 @ANX014 1线
14:35:42.917 @ANX015 0
14:35:42.917 @ANX016 0
14:35:42.917 @ANX017 0
14:35:42.928 @ANX001 20181223002
14:35:42.928 @ANX002 10142
14:35:42.929 @ANX003 钟成菊
14:35:42.929 @ANX004 装配工
14:35:42.929 @ANX005 
14:35:42.929 @ANX006 
14:35:42.930 @ANX007 
14:35:42.930 @ANX008 
14:35:42.930 @ANX009 0
14:35:42.930 @ANX010 0
14:35:42.930 @ANX011 离职
14:35:42.930 @ANX012 
14:35:42.931 @ANX013 
14:35:42.931 @ANX014 1线
14:35:42.931 @ANX015 0
14:35:42.931 @ANX016 0
14:35:42.931 @ANX017 0
14:35:42.941 @ANX001 20181223002
14:35:42.941 @ANX002 10143
14:35:42.941 @ANX003 赵成鹏
14:35:42.941 @ANX004 装配工
14:35:42.942 @ANX005 
14:35:42.942 @ANX006 
14:35:42.942 @ANX007 
14:35:42.942 @ANX008 
14:35:42.942 @ANX009 0
14:35:42.942 @ANX010 0
14:35:42.943 @ANX011 离职
14:35:42.943 @ANX012 
14:35:42.943 @ANX013 
14:35:42.944 @ANX014 1线
14:35:42.944 @ANX015 0
14:35:42.944 @ANX016 0
14:35:42.945 @ANX017 0
14:35:42.951 @ANX001 20181223002
14:35:42.951 @ANX002 10144
14:35:42.951 @ANX003 何万华
14:35:42.952 @ANX004 装配工
14:35:42.952 @ANX005 
14:35:42.952 @ANX006 
14:35:42.952 @ANX007 
14:35:42.952 @ANX008 
14:35:42.953 @ANX009 0
14:35:42.953 @ANX010 0
14:35:42.953 @ANX011 离职
14:35:42.953 @ANX012 
14:35:42.953 @ANX013 
14:35:42.954 @ANX014 1线
14:35:42.954 @ANX015 0
14:35:42.954 @ANX016 0
14:35:42.954 @ANX017 0
14:35:42.958 @ANX001 20181223002
14:35:42.958 @ANX002 10145
14:35:42.958 @ANX003 严云芹
14:35:42.959 @ANX004 装配工
14:35:42.959 @ANX005 
14:35:42.959 @ANX006 
14:35:42.959 @ANX007 
14:35:42.959 @ANX008 
14:35:42.959 @ANX009 0
14:35:42.960 @ANX010 0
14:35:42.960 @ANX011 离职
14:35:42.960 @ANX012 
14:35:42.960 @ANX013 
14:35:42.960 @ANX014 1线
14:35:42.961 @ANX015 0
14:35:42.961 @ANX016 0
14:35:42.961 @ANX017 0
14:35:42.964 @ANX001 20181223002
14:35:42.965 @ANX002 10146
14:35:42.965 @ANX003 马小千
14:35:42.965 @ANX004 装配工
14:35:42.965 @ANX005 
14:35:42.965 @ANX006 
14:35:42.965 @ANX007 
14:35:42.966 @ANX008 
14:35:42.966 @ANX009 0
14:35:42.966 @ANX010 0
14:35:42.966 @ANX011 离职
14:35:42.966 @ANX012 
14:35:42.967 @ANX013 
14:35:42.967 @ANX014 1线
14:35:42.967 @ANX015 0
14:35:42.967 @ANX016 0
14:35:42.967 @ANX017 0
14:35:42.973 @ANX001 20181223002
14:35:42.974 @ANX002 10147
14:35:42.974 @ANX003 周顺
14:35:42.974 @ANX004 装配工
14:35:42.974 @ANX005 
14:35:42.974 @ANX006 
14:35:42.975 @ANX007 
14:35:42.975 @ANX008 
14:35:42.975 @ANX009 0
14:35:42.975 @ANX010 0
14:35:42.975 @ANX011 离职
14:35:42.976 @ANX012 
14:35:42.976 @ANX013 
14:35:42.976 @ANX014 1线
14:35:42.976 @ANX015 0
14:35:42.976 @ANX016 0
14:35:42.976 @ANX017 0
14:35:42.980 @ANX001 20181223002
14:35:42.980 @ANX002 10148
14:35:42.980 @ANX003 龙付咪
14:35:42.980 @ANX004 装配工
14:35:42.981 @ANX005 
14:35:42.981 @ANX006 
14:35:42.981 @ANX007 
14:35:42.981 @ANX008 
14:35:42.981 @ANX009 0
14:35:42.981 @ANX010 0
14:35:42.981 @ANX011 离职
14:35:42.982 @ANX012 
14:35:42.982 @ANX013 
14:35:42.982 @ANX014 1线
14:35:42.982 @ANX015 0
14:35:42.982 @ANX016 0
14:35:42.982 @ANX017 0
14:35:42.984 @ANX001 20181223002
14:35:42.984 @ANX002 10150
14:35:42.984 @ANX003 刘高发
14:35:42.985 @ANX004 装配工
14:35:42.985 @ANX005 
14:35:42.985 @ANX006 
14:35:42.986 @ANX007 
14:35:42.986 @ANX008 
14:35:42.986 @ANX009 0
14:35:42.987 @ANX010 0
14:35:42.987 @ANX011 离职
14:35:42.987 @ANX012 
14:35:42.987 @ANX013 
14:35:42.987 @ANX014 1线
14:35:42.988 @ANX015 0
14:35:42.988 @ANX016 0
14:35:42.988 @ANX017 0
14:35:42.990 @ANX001 20181223002
14:35:42.990 @ANX002 10151
14:35:42.990 @ANX003 吴张英
14:35:42.990 @ANX004 装配工
14:35:42.991 @ANX005 
14:35:42.991 @ANX006 
14:35:42.991 @ANX007 
14:35:42.991 @ANX008 
14:35:42.991 @ANX009 0
14:35:42.992 @ANX010 0
14:35:42.992 @ANX011 离职
14:35:42.992 @ANX012 
14:35:42.992 @ANX013 
14:35:42.992 @ANX014 1线
14:35:42.992 @ANX015 0
14:35:42.993 @ANX016 0
14:35:42.993 @ANX017 0
14:35:42.997 @ANX001 20181223002
14:35:42.997 @ANX002 10152
14:35:42.998 @ANX003 杨犁
14:35:42.998 @ANX004 装配工
14:35:42.998 @ANX005 
14:35:42.999 @ANX006 
14:35:42.999 @ANX007 
14:35:42.999 @ANX008 
14:35:42.999 @ANX009 0
14:35:42.999 @ANX010 0
14:35:43.000 @ANX011 离职
14:35:43.000 @ANX012 
14:35:43.000 @ANX013 
14:35:43.000 @ANX014 1线
14:35:43.000 @ANX015 0
14:35:43.000 @ANX016 0
14:35:43.001 @ANX017 0
14:35:43.002 @ANX001 20181223002
14:35:43.002 @ANX002 10153
14:35:43.003 @ANX003 熊洪才
14:35:43.003 @ANX004 装配工
14:35:43.003 @ANX005 
14:35:43.003 @ANX006 
14:35:43.003 @ANX007 
14:35:43.004 @ANX008 
14:35:43.004 @ANX009 0
14:35:43.004 @ANX010 0
14:35:43.004 @ANX011 离职
14:35:43.004 @ANX012 
14:35:43.004 @ANX013 
14:35:43.005 @ANX014 1线
14:35:43.005 @ANX015 0
14:35:43.005 @ANX016 0
14:35:43.005 @ANX017 0
14:35:43.009 @ANX001 20181223002
14:35:43.009 @ANX002 10154
14:35:43.009 @ANX003 代开容
14:35:43.009 @ANX004 装配工
14:35:43.010 @ANX005 
14:35:43.010 @ANX006 
14:35:43.010 @ANX007 
14:35:43.010 @ANX008 
14:35:43.010 @ANX009 0
14:35:43.011 @ANX010 0
14:35:43.012 @ANX011 离职
14:35:43.012 @ANX012 
14:35:43.012 @ANX013 
14:35:43.013 @ANX014 1线
14:35:43.013 @ANX015 0
14:35:43.013 @ANX016 0
14:35:43.013 @ANX017 0
14:35:43.015 @ANX001 20181223002
14:35:43.015 @ANX002 10155
14:35:43.015 @ANX003 尹宗丹
14:35:43.016 @ANX004 装配工
14:35:43.016 @ANX005 
14:35:43.016 @ANX006 
14:35:43.016 @ANX007 
14:35:43.016 @ANX008 
14:35:43.017 @ANX009 0
14:35:43.017 @ANX010 0
14:35:43.017 @ANX011 离职
14:35:43.017 @ANX012 
14:35:43.017 @ANX013 
14:35:43.017 @ANX014 1线
14:35:43.018 @ANX015 0
14:35:43.018 @ANX016 0
14:35:43.018 @ANX017 0
14:35:43.023 @ANX001 20181223002
14:35:43.023 @ANX002 10156
14:35:43.023 @ANX003 朱正高
14:35:43.023 @ANX004 装配工
14:35:43.023 @ANX005 
14:35:43.024 @ANX006 
14:35:43.024 @ANX007 
14:35:43.024 @ANX008 
14:35:43.024 @ANX009 0
14:35:43.024 @ANX010 0
14:35:43.024 @ANX011 离职
14:35:43.025 @ANX012 
14:35:43.025 @ANX013 
14:35:43.025 @ANX014 1线
14:35:43.025 @ANX015 0
14:35:43.025 @ANX016 0
14:35:43.026 @ANX017 0
14:35:43.028 @ANX001 20181223002
14:35:43.029 @ANX002 10157
14:35:43.029 @ANX003 卿廷群
14:35:43.029 @ANX004 装配工
14:35:43.029 @ANX005 
14:35:43.030 @ANX006 
14:35:43.030 @ANX007 
14:35:43.030 @ANX008 
14:35:43.030 @ANX009 0
14:35:43.030 @ANX010 0
14:35:43.031 @ANX011 离职
14:35:43.031 @ANX012 
14:35:43.031 @ANX013 
14:35:43.031 @ANX014 1线
14:35:43.031 @ANX015 0
14:35:43.031 @ANX016 0
14:35:43.032 @ANX017 0
14:35:43.039 @ANX001 20181223002
14:35:43.039 @ANX002 10158
14:35:43.040 @ANX003 邹修丽
14:35:43.040 @ANX004 装配工
14:35:43.040 @ANX005 
14:35:43.040 @ANX006 
14:35:43.040 @ANX007 
14:35:43.041 @ANX008 
14:35:43.041 @ANX009 0
14:35:43.041 @ANX010 0
14:35:43.041 @ANX011 离职
14:35:43.041 @ANX012 
14:35:43.041 @ANX013 
14:35:43.042 @ANX014 1线
14:35:43.042 @ANX015 0
14:35:43.042 @ANX016 0
14:35:43.042 @ANX017 0
14:35:43.044 @ANX001 20181223002
14:35:43.044 @ANX002 10159
14:35:43.044 @ANX003 徐永洪
14:35:43.045 @ANX004 装配工
14:35:43.045 @ANX005 
14:35:43.045 @ANX006 
14:35:43.045 @ANX007 
14:35:43.046 @ANX008 
14:35:43.046 @ANX009 0
14:35:43.046 @ANX010 0
14:35:43.046 @ANX011 离职
14:35:43.047 @ANX012 
14:35:43.047 @ANX013 
14:35:43.047 @ANX014 1线
14:35:43.047 @ANX015 0
14:35:43.047 @ANX016 0
14:35:43.048 @ANX017 0
14:35:43.054 @ANX001 20181223002
14:35:43.054 @ANX002 10160
14:35:43.054 @ANX003 刘仁燕
14:35:43.054 @ANX004 装配工
14:35:43.055 @ANX005 
14:35:43.055 @ANX006 
14:35:43.055 @ANX007 
14:35:43.055 @ANX008 
14:35:43.055 @ANX009 0
14:35:43.056 @ANX010 0
14:35:43.057 @ANX011 离职
14:35:43.057 @ANX012 
14:35:43.057 @ANX013 
14:35:43.058 @ANX014 1线
14:35:43.058 @ANX015 0
14:35:43.058 @ANX016 0
14:35:43.058 @ANX017 0
14:35:43.061 @ANX001 20181223002
14:35:43.062 @ANX002 10161
14:35:43.062 @ANX003 陈万珍
14:35:43.062 @ANX004 装配工
14:35:43.063 @ANX005 
14:35:43.063 @ANX006 
14:35:43.063 @ANX007 
14:35:43.063 @ANX008 
14:35:43.064 @ANX009 0
14:35:43.064 @ANX010 0
14:35:43.064 @ANX011 离职
14:35:43.064 @ANX012 
14:35:43.064 @ANX013 
14:35:43.065 @ANX014 1线
14:35:43.065 @ANX015 0
14:35:43.065 @ANX016 0
14:35:43.065 @ANX017 0
14:35:43.068 @ANX001 20181223002
14:35:43.068 @ANX002 10162
14:35:43.069 @ANX003 李义承
14:35:43.069 @ANX004 装配工
14:35:43.069 @ANX005 
14:35:43.069 @ANX006 
14:35:43.069 @ANX007 
14:35:43.070 @ANX008 
14:35:43.070 @ANX009 0
14:35:43.070 @ANX010 0
14:35:43.070 @ANX011 离职
14:35:43.070 @ANX012 
14:35:43.071 @ANX013 
14:35:43.071 @ANX014 1线
14:35:43.071 @ANX015 0
14:35:43.071 @ANX016 0
14:35:43.071 @ANX017 0
14:35:43.074 @ANX001 20181223002
14:35:43.074 @ANX002 10163
14:35:43.074 @ANX003 张义兵
14:35:43.075 @ANX004 装配工
14:35:43.075 @ANX005 
14:35:43.075 @ANX006 
14:35:43.075 @ANX007 
14:35:43.075 @ANX008 
14:35:43.076 @ANX009 0
14:35:43.076 @ANX010 0
14:35:43.076 @ANX011 离职
14:35:43.076 @ANX012 
14:35:43.076 @ANX013 
14:35:43.076 @ANX014 1线
14:35:43.077 @ANX015 0
14:35:43.077 @ANX016 0
14:35:43.077 @ANX017 0
14:35:43.079 @ANX001 20181223002
14:35:43.079 @ANX002 10164
14:35:43.080 @ANX003 韩会萍
14:35:43.080 @ANX004 装配工
14:35:43.080 @ANX005 
14:35:43.080 @ANX006 
14:35:43.080 @ANX007 
14:35:43.081 @ANX008 
14:35:43.081 @ANX009 0
14:35:43.081 @ANX010 0
14:35:43.081 @ANX011 离职
14:35:43.081 @ANX012 
14:35:43.082 @ANX013 
14:35:43.082 @ANX014 1线
14:35:43.082 @ANX015 0
14:35:43.082 @ANX016 0
14:35:43.082 @ANX017 0
14:35:43.084 @ANX001 20181223002
14:35:43.084 @ANX002 10165
14:35:43.084 @ANX003 国明秀
14:35:43.084 @ANX004 装配工
14:35:43.085 @ANX005 
14:35:43.085 @ANX006 
14:35:43.085 @ANX007 
14:35:43.085 @ANX008 
14:35:43.085 @ANX009 0
14:35:43.086 @ANX010 0
14:35:43.086 @ANX011 离职
14:35:43.086 @ANX012 
14:35:43.087 @ANX013 
14:35:43.088 @ANX014 1线
14:35:43.088 @ANX015 0
14:35:43.088 @ANX016 0
14:35:43.088 @ANX017 0
14:35:43.091 @ANN001 20181223002
14:35:43.091 @ANN002 GD201811240004
14:35:43.092 @ANN003 D200
14:35:43.092 @ANN004 D200-吉祥小宝
14:35:43.092 @ANN005 
14:35:43.092 @ANN006 台
14:35:43.092 @ANN007 2500
14:35:43.093 @ANN008 2.2
14:35:43.093 @ANN009 1000
14:35:43.093 @ANN010 
14:36:00.572 @ANW001 20181223002
14:36:00.572 @ANW020 False
14:36:06.455 @ANW001 20181223002
14:36:06.455 @ANW020 True
14:44:00.931 @EMP002 系统管理员
14:44:00.931 @EMP033 cebfd1559b68d67688884d7a3d3e8c
14:44:32.799 @ANW001 20181223002
14:44:32.800 @ANW020 False
14:44:52.670 @ANW002 
14:44:52.671 @ANW003 
14:44:52.671 @ANW004 
14:44:52.671 @ANW005 
14:44:52.671 @ANW006 
14:44:52.671 @ANW007 
14:44:52.672 @ANW008 
14:44:52.672 @ANW009 
14:44:52.672 @ANW010 0507
14:44:52.672 @ANW011 总装车间
14:44:52.672 @ANW012 050701
14:44:52.673 @ANW013 1线
14:44:52.673 @ANW014 计件
14:44:52.673 @ANW015 
14:44:52.673 @ANW016 
14:44:52.673 @ANW017 
14:44:52.673 @ANW018 
14:44:52.674 @ANW019 
14:44:52.674 @ANW020 False
14:44:52.674 @ANW021 False
14:44:52.674 @ANW001 20181223002
14:44:52.674 @ANW023 0
14:44:52.675 @ANW024 0
14:44:52.692 @ANX003 刘兴贵
14:44:52.692 @ANX004 装配工
14:44:52.693 @ANX005 2018/12/23 7:00:00
14:44:52.693 @ANX006 2018/12/23 8:00:00
14:44:52.693 @ANX007 
14:44:52.693 @ANX008 
14:44:52.693 @ANX009 0
14:44:52.693 @ANX010 0
14:44:52.694 @ANX011 在职
14:44:52.694 @ANX012 
14:44:52.694 @idx 351
14:44:52.694 @ANX002 10140
14:44:52.694 @ANX013 
14:44:52.695 @ANX014 1线
14:44:52.695 @ANX015 1.000000
14:44:52.695 @ANX016 0.000000
14:44:52.695 @ANX017 4146.75
14:44:52.703 @ANX003 王振宇
14:44:52.704 @ANX004 装配工
14:44:52.704 @ANX005 
14:44:52.704 @ANX006 
14:44:52.704 @ANX007 
14:44:52.704 @ANX008 
14:44:52.704 @ANX009 0
14:44:52.705 @ANX010 0
14:44:52.705 @ANX011 离职
14:44:52.705 @ANX012 
14:44:52.705 @idx 352
14:44:52.705 @ANX002 10141
14:44:52.705 @ANX013 
14:44:52.706 @ANX014 1线
14:44:52.706 @ANX015 0
14:44:52.706 @ANX016 0
14:44:52.706 @ANX017 0
14:44:52.711 @ANX003 钟成菊
14:44:52.712 @ANX004 装配工
14:44:52.712 @ANX005 
14:44:52.712 @ANX006 
14:44:52.712 @ANX007 
14:44:52.712 @ANX008 
14:44:52.713 @ANX009 0
14:44:52.713 @ANX010 0
14:44:52.713 @ANX011 离职
14:44:52.713 @ANX012 
14:44:52.713 @idx 353
14:44:52.713 @ANX002 10142
14:44:52.714 @ANX013 
14:44:52.714 @ANX014 1线
14:44:52.714 @ANX015 0
14:44:52.714 @ANX016 0
14:44:52.714 @ANX017 0
14:44:52.717 @ANX003 赵成鹏
14:44:52.718 @ANX004 装配工
14:44:52.718 @ANX005 
14:44:52.718 @ANX006 
14:44:52.718 @ANX007 
14:44:52.718 @ANX008 
14:44:52.719 @ANX009 0
14:44:52.719 @ANX010 0
14:44:52.719 @ANX011 离职
14:44:52.719 @ANX012 
14:44:52.719 @idx 354
14:44:52.720 @ANX002 10143
14:44:52.720 @ANX013 
14:44:52.720 @ANX014 1线
14:44:52.721 @ANX015 0
14:44:52.721 @ANX016 0
14:44:52.721 @ANX017 0
14:44:52.724 @ANX003 何万华
14:44:52.724 @ANX004 装配工
14:44:52.724 @ANX005 
14:44:52.724 @ANX006 
14:44:52.725 @ANX007 
14:44:52.725 @ANX008 
14:44:52.725 @ANX009 0
14:44:52.725 @ANX010 0
14:44:52.725 @ANX011 离职
14:44:52.726 @ANX012 
14:44:52.726 @idx 355
14:44:52.726 @ANX002 10144
14:44:52.726 @ANX013 
14:44:52.726 @ANX014 1线
14:44:52.726 @ANX015 0
14:44:52.726 @ANX016 0
14:44:52.727 @ANX017 0
14:44:52.729 @ANX003 严云芹
14:44:52.729 @ANX004 装配工
14:44:52.729 @ANX005 
14:44:52.730 @ANX006 
14:44:52.730 @ANX007 
14:44:52.730 @ANX008 
14:44:52.730 @ANX009 0
14:44:52.730 @ANX010 0
14:44:52.730 @ANX011 离职
14:44:52.731 @ANX012 
14:44:52.731 @idx 356
14:44:52.731 @ANX002 10145
14:44:52.731 @ANX013 
14:44:52.731 @ANX014 1线
14:44:52.731 @ANX015 0
14:44:52.732 @ANX016 0
14:44:52.732 @ANX017 0
14:44:52.735 @ANX003 马小千
14:44:52.735 @ANX004 装配工
14:44:52.736 @ANX005 
14:44:52.736 @ANX006 
14:44:52.736 @ANX007 
14:44:52.736 @ANX008 
14:44:52.736 @ANX009 0
14:44:52.736 @ANX010 0
14:44:52.737 @ANX011 离职
14:44:52.737 @ANX012 
14:44:52.737 @idx 357
14:44:52.737 @ANX002 10146
14:44:52.737 @ANX013 
14:44:52.737 @ANX014 1线
14:44:52.738 @ANX015 0
14:44:52.738 @ANX016 0
14:44:52.738 @ANX017 0
14:44:52.740 @ANX003 周顺
14:44:52.740 @ANX004 装配工
14:44:52.740 @ANX005 
14:44:52.740 @ANX006 
14:44:52.741 @ANX007 
14:44:52.741 @ANX008 
14:44:52.741 @ANX009 0
14:44:52.741 @ANX010 0
14:44:52.741 @ANX011 离职
14:44:52.742 @ANX012 
14:44:52.742 @idx 358
14:44:52.742 @ANX002 10147
14:44:52.742 @ANX013 
14:44:52.742 @ANX014 1线
14:44:52.742 @ANX015 0
14:44:52.743 @ANX016 0
14:44:52.743 @ANX017 0
14:44:52.744 @ANX003 龙付咪
14:44:52.745 @ANX004 装配工
14:44:52.745 @ANX005 
14:44:52.746 @ANX006 
14:44:52.746 @ANX007 
14:44:52.746 @ANX008 
14:44:52.746 @ANX009 0
14:44:52.746 @ANX010 0
14:44:52.747 @ANX011 离职
14:44:52.747 @ANX012 
14:44:52.747 @idx 359
14:44:52.747 @ANX002 10148
14:44:52.747 @ANX013 
14:44:52.747 @ANX014 1线
14:44:52.748 @ANX015 0
14:44:52.748 @ANX016 0
14:44:52.748 @ANX017 0
14:44:52.752 @ANX003 刘高发
14:44:52.752 @ANX004 装配工
14:44:52.753 @ANX005 
14:44:52.753 @ANX006 
14:44:52.753 @ANX007 
14:44:52.753 @ANX008 
14:44:52.753 @ANX009 0
14:44:52.754 @ANX010 0
14:44:52.754 @ANX011 离职
14:44:52.754 @ANX012 
14:44:52.754 @idx 360
14:44:52.754 @ANX002 10150
14:44:52.754 @ANX013 
14:44:52.755 @ANX014 1线
14:44:52.755 @ANX015 0
14:44:52.755 @ANX016 0
14:44:52.755 @ANX017 0
14:44:52.757 @ANX003 吴张英
14:44:52.757 @ANX004 装配工
14:44:52.757 @ANX005 
14:44:52.758 @ANX006 
14:44:52.758 @ANX007 
14:44:52.758 @ANX008 
14:44:52.758 @ANX009 0
14:44:52.758 @ANX010 0
14:44:52.759 @ANX011 离职
14:44:52.759 @ANX012 
14:44:52.759 @idx 361
14:44:52.759 @ANX002 10151
14:44:52.759 @ANX013 
14:44:52.759 @ANX014 1线
14:44:52.760 @ANX015 0
14:44:52.760 @ANX016 0
14:44:52.760 @ANX017 0
14:44:52.762 @ANX003 杨犁
14:44:52.762 @ANX004 装配工
14:44:52.762 @ANX005 
14:44:52.762 @ANX006 
14:44:52.763 @ANX007 
14:44:52.763 @ANX008 
14:44:52.763 @ANX009 0
14:44:52.763 @ANX010 0
14:44:52.763 @ANX011 离职
14:44:52.764 @ANX012 
14:44:52.764 @idx 362
14:44:52.764 @ANX002 10152
14:44:52.764 @ANX013 
14:44:52.764 @ANX014 1线
14:44:52.764 @ANX015 0
14:44:52.765 @ANX016 0
14:44:52.765 @ANX017 0
14:44:52.767 @ANX003 熊洪才
14:44:52.768 @ANX004 装配工
14:44:52.768 @ANX005 
14:44:52.768 @ANX006 
14:44:52.768 @ANX007 
14:44:52.768 @ANX008 
14:44:52.769 @ANX009 0
14:44:52.769 @ANX010 0
14:44:52.769 @ANX011 离职
14:44:52.769 @ANX012 
14:44:52.769 @idx 363
14:44:52.769 @ANX002 10153
14:44:52.770 @ANX013 
14:44:52.770 @ANX014 1线
14:44:52.770 @ANX015 0
14:44:52.770 @ANX016 0
14:44:52.770 @ANX017 0
14:44:52.772 @ANX003 代开容
14:44:52.772 @ANX004 装配工
14:44:52.772 @ANX005 
14:44:52.773 @ANX006 
14:44:52.773 @ANX007 
14:44:52.773 @ANX008 
14:44:52.773 @ANX009 0
14:44:52.773 @ANX010 0
14:44:52.773 @ANX011 离职
14:44:52.774 @ANX012 
14:44:52.774 @idx 364
14:44:52.774 @ANX002 10154
14:44:52.774 @ANX013 
14:44:52.774 @ANX014 1线
14:44:52.774 @ANX015 0
14:44:52.775 @ANX016 0
14:44:52.775 @ANX017 0
14:44:52.776 @ANX003 尹宗丹
14:44:52.777 @ANX004 装配工
14:44:52.777 @ANX005 
14:44:52.777 @ANX006 
14:44:52.777 @ANX007 
14:44:52.777 @ANX008 
14:44:52.778 @ANX009 0
14:44:52.778 @ANX010 0
14:44:52.778 @ANX011 离职
14:44:52.778 @ANX012 
14:44:52.778 @idx 365
14:44:52.778 @ANX002 10155
14:44:52.779 @ANX013 
14:44:52.779 @ANX014 1线
14:44:52.779 @ANX015 0
14:44:52.779 @ANX016 0
14:44:52.779 @ANX017 0
14:44:52.781 @ANX003 朱正高
14:44:52.782 @ANX004 装配工
14:44:52.782 @ANX005 
14:44:52.782 @ANX006 
14:44:52.782 @ANX007 
14:44:52.782 @ANX008 
14:44:52.783 @ANX009 0
14:44:52.783 @ANX010 0
14:44:52.783 @ANX011 离职
14:44:52.783 @ANX012 
14:44:52.783 @idx 366
14:44:52.784 @ANX002 10156
14:44:52.784 @ANX013 
14:44:52.785 @ANX014 1线
14:44:52.785 @ANX015 0
14:44:52.785 @ANX016 0
14:44:52.785 @ANX017 0
14:44:52.788 @ANX003 卿廷群
14:44:52.788 @ANX004 装配工
14:44:52.788 @ANX005 
14:44:52.789 @ANX006 
14:44:52.789 @ANX007 
14:44:52.789 @ANX008 
14:44:52.789 @ANX009 0
14:44:52.789 @ANX010 0
14:44:52.790 @ANX011 离职
14:44:52.790 @ANX012 
14:44:52.790 @idx 367
14:44:52.790 @ANX002 10157
14:44:52.790 @ANX013 
14:44:52.791 @ANX014 1线
14:44:52.791 @ANX015 0
14:44:52.791 @ANX016 0
14:44:52.791 @ANX017 0
14:44:52.793 @ANX003 邹修丽
14:44:52.793 @ANX004 装配工
14:44:52.793 @ANX005 
14:44:52.793 @ANX006 
14:44:52.794 @ANX007 
14:44:52.794 @ANX008 
14:44:52.794 @ANX009 0
14:44:52.794 @ANX010 0
14:44:52.794 @ANX011 离职
14:44:52.795 @ANX012 
14:44:52.795 @idx 368
14:44:52.795 @ANX002 10158
14:44:52.795 @ANX013 
14:44:52.795 @ANX014 1线
14:44:52.796 @ANX015 0
14:44:52.796 @ANX016 0
14:44:52.796 @ANX017 0
14:44:52.798 @ANX003 徐永洪
14:44:52.798 @ANX004 装配工
14:44:52.798 @ANX005 
14:44:52.799 @ANX006 
14:44:52.799 @ANX007 
14:44:52.799 @ANX008 
14:44:52.799 @ANX009 0
14:44:52.799 @ANX010 0
14:44:52.800 @ANX011 离职
14:44:52.800 @ANX012 
14:44:52.800 @idx 369
14:44:52.800 @ANX002 10159
14:44:52.800 @ANX013 
14:44:52.800 @ANX014 1线
14:44:52.801 @ANX015 0
14:44:52.801 @ANX016 0
14:44:52.801 @ANX017 0
14:44:52.803 @ANX003 刘仁燕
14:44:52.803 @ANX004 装配工
14:44:52.803 @ANX005 
14:44:52.804 @ANX006 
14:44:52.804 @ANX007 
14:44:52.804 @ANX008 
14:44:52.804 @ANX009 0
14:44:52.805 @ANX010 0
14:44:52.805 @ANX011 离职
14:44:52.805 @ANX012 
14:44:52.805 @idx 370
14:44:52.805 @ANX002 10160
14:44:52.805 @ANX013 
14:44:52.806 @ANX014 1线
14:44:52.806 @ANX015 0
14:44:52.806 @ANX016 0
14:44:52.806 @ANX017 0
14:44:52.808 @ANX003 陈万珍
14:44:52.808 @ANX004 装配工
14:44:52.808 @ANX005 
14:44:52.808 @ANX006 
14:44:52.808 @ANX007 
14:44:52.809 @ANX008 
14:44:52.809 @ANX009 0
14:44:52.809 @ANX010 0
14:44:52.809 @ANX011 离职
14:44:52.809 @ANX012 
14:44:52.810 @idx 371
14:44:52.810 @ANX002 10161
14:44:52.810 @ANX013 
14:44:52.810 @ANX014 1线
14:44:52.810 @ANX015 0
14:44:52.810 @ANX016 0
14:44:52.811 @ANX017 0
14:44:52.813 @ANX003 李义承
14:44:52.813 @ANX004 装配工
14:44:52.814 @ANX005 
14:44:52.814 @ANX006 
14:44:52.814 @ANX007 
14:44:52.814 @ANX008 
14:44:52.814 @ANX009 0
14:44:52.815 @ANX010 0
14:44:52.815 @ANX011 离职
14:44:52.815 @ANX012 
14:44:52.815 @idx 372
14:44:52.815 @ANX002 10162
14:44:52.816 @ANX013 
14:44:52.816 @ANX014 1线
14:44:52.816 @ANX015 0
14:44:52.816 @ANX016 0
14:44:52.816 @ANX017 0
14:44:52.826 @ANX003 张义兵
14:44:52.826 @ANX004 装配工
14:44:52.826 @ANX005 
14:44:52.827 @ANX006 
14:44:52.827 @ANX007 
14:44:52.827 @ANX008 
14:44:52.827 @ANX009 0
14:44:52.827 @ANX010 0
14:44:52.828 @ANX011 离职
14:44:52.828 @ANX012 
14:44:52.828 @idx 373
14:44:52.828 @ANX002 10163
14:44:52.828 @ANX013 
14:44:52.829 @ANX014 1线
14:44:52.829 @ANX015 0
14:44:52.829 @ANX016 0
14:44:52.829 @ANX017 0
14:44:52.832 @ANX003 韩会萍
14:44:52.832 @ANX004 装配工
14:44:52.832 @ANX005 
14:44:52.832 @ANX006 
14:44:52.832 @ANX007 
14:44:52.833 @ANX008 
14:44:52.833 @ANX009 0
14:44:52.833 @ANX010 0
14:44:52.833 @ANX011 离职
14:44:52.834 @ANX012 
14:44:52.834 @idx 374
14:44:52.834 @ANX002 10164
14:44:52.834 @ANX013 
14:44:52.834 @ANX014 1线
14:44:52.835 @ANX015 0
14:44:52.835 @ANX016 0
14:44:52.835 @ANX017 0
14:44:52.837 @ANX003 国明秀
14:44:52.837 @ANX004 装配工
14:44:52.837 @ANX005 
14:44:52.837 @ANX006 
14:44:52.838 @ANX007 
14:44:52.838 @ANX008 
14:44:52.838 @ANX009 0
14:44:52.838 @ANX010 0
14:44:52.838 @ANX011 离职
14:44:52.839 @ANX012 
14:44:52.839 @idx 375
14:44:52.839 @ANX002 10165
14:44:52.839 @ANX013 
14:44:52.839 @ANX014 1线
14:44:52.839 @ANX015 0
14:44:52.840 @ANX016 0
14:44:52.840 @ANX017 0
14:44:52.841 @ANN003 D200
14:44:52.842 @ANN004 D200-吉祥小宝
14:44:52.842 @ANN005 
14:44:52.842 @ANN006 台
14:44:52.842 @ANN007 2500
14:44:52.842 @ANN008 2.200000
14:44:52.843 @ANN009 1000
14:44:52.843 @ANN010 
14:44:52.843 @idx 2
14:44:52.843 @ANN002 GD201811240004
14:44:52.875 列名 'ANN002' 无效。
列名 'ANN003' 无效。
列名 'ANN004' 无效。
列名 'ANN005' 无效。
列名 'ANN006' 无效。
列名 'ANN007' 无效。
列名 'ANN008' 无效。
列名 'ANN009' 无效。
列名 'ANN010' 无效。
   在 System.Data.SqlClient.SqlConnection.OnError(SqlException exception, Boolean breakConnection, Action`1 wrapCloseInAction)
   在 System.Data.SqlClient.SqlInternalConnection.OnError(SqlException exception, Boolean breakConnection, Action`1 wrapCloseInAction)
   在 System.Data.SqlClient.TdsParser.ThrowExceptionAndWarning(TdsParserStateObject stateObj, Boolean callerHasConnectionLock, Boolean asyncClose)
   在 System.Data.SqlClient.TdsParser.TryRun(RunBehavior runBehavior, SqlCommand cmdHandler, SqlDataReader dataStream, BulkCopySimpleResultSet bulkCopyHandler, TdsParserStateObject stateObj, Boolean& dataReady)
   在 System.Data.SqlClient.SqlCommand.FinishExecuteReader(SqlDataReader ds, RunBehavior runBehavior, String resetOptionsString, Boolean isInternal, Boolean forDescribeParameterEncryption, Boolean shouldCacheForAlwaysEncrypted)
   在 System.Data.SqlClient.SqlCommand.RunExecuteReaderTds(CommandBehavior cmdBehavior, RunBehavior runBehavior, Boolean returnStream, Boolean async, Int32 timeout, Task& task, Boolean asyncWrite, Boolean inRetry, SqlDataReader ds, Boolean describeParameterEncryptionRequest)
   在 System.Data.SqlClient.SqlCommand.RunExecuteReader(CommandBehavior cmdBehavior, RunBehavior runBehavior, Boolean returnStream, String method, TaskCompletionSource`1 completion, Int32 timeout, Task& task, Boolean& usedCache, Boolean asyncWrite, Boolean inRetry)
   在 System.Data.SqlClient.SqlCommand.InternalExecuteNonQuery(TaskCompletionSource`1 completion, String methodName, Boolean sendToPipe, Int32 timeout, Boolean& usedCache, Boolean asyncWrite, Boolean inRetry)
   在 System.Data.SqlClient.SqlCommand.ExecuteNonQuery()
   在 StudentMgr.SqlHelper.ExecuteSqlTranDic(Dictionary`2 SQLString) 位置 D:\ProjectData\MiKe\LineProductMes\LineProductMesBll\SqlHelper.cs:行号 962
14:44:52.875 update MIKANX set ANN002=@ANN002,ANN003=@ANN003,ANN004=@ANN004,ANN005=@ANN005,ANN006=@ANN006,ANN007=@ANN007,ANN008=@ANN008,ANN009=@ANN009,ANN010=@ANN010  WHERE idx=@idx
14:46:22.753 @EMP002 系统管理员
14:46:22.754 @EMP033 cebfd1559b68d67688884d7a3d3e8c
14:47:02.660 @ANW002 
14:47:02.661 @ANW003 
14:47:02.661 @ANW004 
14:47:02.661 @ANW005 
14:47:02.661 @ANW006 
14:47:02.661 @ANW007 
14:47:02.662 @ANW008 
14:47:02.662 @ANW009 
14:47:02.662 @ANW010 0507
14:47:02.662 @ANW011 总装车间
14:47:02.662 @ANW012 050701
14:47:02.662 @ANW013 1线
14:47:02.663 @ANW014 计件
14:47:02.663 @ANW015 
14:47:02.663 @ANW016 
14:47:02.663 @ANW017 
14:47:02.663 @ANW018 
14:47:02.664 @ANW019 
14:47:02.664 @ANW020 False
14:47:02.664 @ANW021 False
14:47:02.664 @ANW001 20181223002
14:47:02.664 @ANW023 0
14:47:02.664 @ANW024 0
14:47:02.672 @ANX003 刘兴贵
14:47:02.672 @ANX004 装配工
14:47:02.672 @ANX005 2018/12/23 7:00:00
14:47:02.673 @ANX006 2018/12/23 8:00:00
14:47:02.673 @ANX007 
14:47:02.673 @ANX008 
14:47:02.673 @ANX009 0
14:47:02.673 @ANX010 0
14:47:02.674 @ANX011 在职
14:47:02.674 @ANX012 
14:47:02.674 @idx 351
14:47:02.674 @ANX002 10140
14:47:02.674 @ANX013 
14:47:02.674 @ANX014 1线
14:47:02.675 @ANX015 1.000000
14:47:02.675 @ANX016 0.000000
14:47:02.675 @ANX017 4398.5
14:47:02.685 @ANX003 王振宇
14:47:02.685 @ANX004 装配工
14:47:02.685 @ANX005 
14:47:02.686 @ANX006 
14:47:02.686 @ANX007 
14:47:02.686 @ANX008 
14:47:02.686 @ANX009 0
14:47:02.687 @ANX010 0
14:47:02.687 @ANX011 离职
14:47:02.687 @ANX012 
14:47:02.688 @idx 352
14:47:02.688 @ANX002 10141
14:47:02.688 @ANX013 
14:47:02.688 @ANX014 1线
14:47:02.689 @ANX015 0
14:47:02.689 @ANX016 0
14:47:02.691 @ANX017 0
14:47:02.692 @ANX003 钟成菊
14:47:02.692 @ANX004 装配工
14:47:02.693 @ANX005 
14:47:02.693 @ANX006 
14:47:02.694 @ANX007 
14:47:02.694 @ANX008 
14:47:02.694 @ANX009 0
14:47:02.694 @ANX010 0
14:47:02.694 @ANX011 离职
14:47:02.695 @ANX012 
14:47:02.695 @idx 353
14:47:02.695 @ANX002 10142
14:47:02.695 @ANX013 
14:47:02.695 @ANX014 1线
14:47:02.696 @ANX015 0
14:47:02.696 @ANX016 0
14:47:02.696 @ANX017 0
14:47:02.702 @ANX003 赵成鹏
14:47:02.702 @ANX004 装配工
14:47:02.703 @ANX005 
14:47:02.703 @ANX006 
14:47:02.704 @ANX007 
14:47:02.705 @ANX008 
14:47:02.705 @ANX009 0
14:47:02.705 @ANX010 0
14:47:02.705 @ANX011 离职
14:47:02.705 @ANX012 
14:47:02.706 @idx 354
14:47:02.706 @ANX002 10143
14:47:02.706 @ANX013 
14:47:02.706 @ANX014 1线
14:47:02.707 @ANX015 0
14:47:02.707 @ANX016 0
14:47:02.707 @ANX017 0
14:47:02.709 @ANX003 何万华
14:47:02.709 @ANX004 装配工
14:47:02.709 @ANX005 
14:47:02.709 @ANX006 
14:47:02.710 @ANX007 
14:47:02.710 @ANX008 
14:47:02.710 @ANX009 0
14:47:02.710 @ANX010 0
14:47:02.710 @ANX011 离职
14:47:02.711 @ANX012 
14:47:02.711 @idx 355
14:47:02.711 @ANX002 10144
14:47:02.711 @ANX013 
14:47:02.712 @ANX014 1线
14:47:02.712 @ANX015 0
14:47:02.712 @ANX016 0
14:47:02.712 @ANX017 0
14:47:02.717 @ANX003 严云芹
14:47:02.717 @ANX004 装配工
14:47:02.718 @ANX005 
14:47:02.718 @ANX006 
14:47:02.718 @ANX007 
14:47:02.718 @ANX008 
14:47:02.718 @ANX009 0
14:47:02.718 @ANX010 0
14:47:02.719 @ANX011 离职
14:47:02.719 @ANX012 
14:47:02.719 @idx 356
14:47:02.719 @ANX002 10145
14:47:02.719 @ANX013 
14:47:02.720 @ANX014 1线
14:47:02.720 @ANX015 0
14:47:02.720 @ANX016 0
14:47:02.720 @ANX017 0
14:47:02.729 @ANX003 马小千
14:47:02.730 @ANX004 装配工
14:47:02.730 @ANX005 
14:47:02.730 @ANX006 
14:47:02.730 @ANX007 
14:47:02.730 @ANX008 
14:47:02.731 @ANX009 0
14:47:02.731 @ANX010 0
14:47:02.731 @ANX011 离职
14:47:02.731 @ANX012 
14:47:02.731 @idx 357
14:47:02.731 @ANX002 10146
14:47:02.732 @ANX013 
14:47:02.732 @ANX014 1线
14:47:02.732 @ANX015 0
14:47:02.732 @ANX016 0
14:47:02.732 @ANX017 0
14:47:02.739 @ANX003 周顺
14:47:02.739 @ANX004 装配工
14:47:02.740 @ANX005 
14:47:02.740 @ANX006 
14:47:02.740 @ANX007 
14:47:02.740 @ANX008 
14:47:02.741 @ANX009 0
14:47:02.741 @ANX010 0
14:47:02.741 @ANX011 离职
14:47:02.741 @ANX012 
14:47:02.742 @idx 358
14:47:02.742 @ANX002 10147
14:47:02.742 @ANX013 
14:47:02.742 @ANX014 1线
14:47:02.742 @ANX015 0
14:47:02.742 @ANX016 0
14:47:02.743 @ANX017 0
14:47:02.747 @ANX003 龙付咪
14:47:02.748 @ANX004 装配工
14:47:02.748 @ANX005 
14:47:02.748 @ANX006 
14:47:02.748 @ANX007 
14:47:02.749 @ANX008 
14:47:02.749 @ANX009 0
14:47:02.749 @ANX010 0
14:47:02.749 @ANX011 离职
14:47:02.749 @ANX012 
14:47:02.749 @idx 359
14:47:02.750 @ANX002 10148
14:47:02.750 @ANX013 
14:47:02.750 @ANX014 1线
14:47:02.751 @ANX015 0
14:47:02.751 @ANX016 0
14:47:02.751 @ANX017 0
14:47:02.753 @ANX003 刘高发
14:47:02.754 @ANX004 装配工
14:47:02.754 @ANX005 
14:47:02.754 @ANX006 
14:47:02.754 @ANX007 
14:47:02.754 @ANX008 
14:47:02.755 @ANX009 0
14:47:02.755 @ANX010 0
14:47:02.755 @ANX011 离职
14:47:02.755 @ANX012 
14:47:02.755 @idx 360
14:47:02.756 @ANX002 10150
14:47:02.756 @ANX013 
14:47:02.756 @ANX014 1线
14:47:02.756 @ANX015 0
14:47:02.756 @ANX016 0
14:47:02.757 @ANX017 0
14:47:02.758 @ANX003 吴张英
14:47:02.758 @ANX004 装配工
14:47:02.759 @ANX005 
14:47:02.759 @ANX006 
14:47:02.759 @ANX007 
14:47:02.759 @ANX008 
14:47:02.759 @ANX009 0
14:47:02.759 @ANX010 0
14:47:02.760 @ANX011 离职
14:47:02.760 @ANX012 
14:47:02.760 @idx 361
14:47:02.760 @ANX002 10151
14:47:02.760 @ANX013 
14:47:02.760 @ANX014 1线
14:47:02.761 @ANX015 0
14:47:02.761 @ANX016 0
14:47:02.761 @ANX017 0
14:47:02.763 @ANX003 杨犁
14:47:02.764 @ANX004 装配工
14:47:02.764 @ANX005 
14:47:02.764 @ANX006 
14:47:02.764 @ANX007 
14:47:02.765 @ANX008 
14:47:02.765 @ANX009 0
14:47:02.765 @ANX010 0
14:47:02.765 @ANX011 离职
14:47:02.765 @ANX012 
14:47:02.765 @idx 362
14:47:02.766 @ANX002 10152
14:47:02.766 @ANX013 
14:47:02.766 @ANX014 1线
14:47:02.766 @ANX015 0
14:47:02.766 @ANX016 0
14:47:02.767 @ANX017 0
14:47:02.769 @ANX003 熊洪才
14:47:02.770 @ANX004 装配工
14:47:02.770 @ANX005 
14:47:02.770 @ANX006 
14:47:02.770 @ANX007 
14:47:02.770 @ANX008 
14:47:02.771 @ANX009 0
14:47:02.771 @ANX010 0
14:47:02.771 @ANX011 离职
14:47:02.771 @ANX012 
14:47:02.771 @idx 363
14:47:02.771 @ANX002 10153
14:47:02.772 @ANX013 
14:47:02.772 @ANX014 1线
14:47:02.772 @ANX015 0
14:47:02.772 @ANX016 0
14:47:02.772 @ANX017 0
14:47:02.774 @ANX003 代开容
14:47:02.774 @ANX004 装配工
14:47:02.775 @ANX005 
14:47:02.775 @ANX006 
14:47:02.775 @ANX007 
14:47:02.775 @ANX008 
14:47:02.775 @ANX009 0
14:47:02.775 @ANX010 0
14:47:02.776 @ANX011 离职
14:47:02.776 @ANX012 
14:47:02.776 @idx 364
14:47:02.776 @ANX002 10154
14:47:02.776 @ANX013 
14:47:02.776 @ANX014 1线
14:47:02.777 @ANX015 0
14:47:02.777 @ANX016 0
14:47:02.777 @ANX017 0
14:47:02.779 @ANX003 尹宗丹
14:47:02.779 @ANX004 装配工
14:47:02.780 @ANX005 
14:47:02.780 @ANX006 
14:47:02.780 @ANX007 
14:47:02.780 @ANX008 
14:47:02.780 @ANX009 0
14:47:02.780 @ANX010 0
14:47:02.781 @ANX011 离职
14:47:02.781 @ANX012 
14:47:02.781 @idx 365
14:47:02.781 @ANX002 10155
14:47:02.781 @ANX013 
14:47:02.781 @ANX014 1线
14:47:02.781 @ANX015 0
14:47:02.782 @ANX016 0
14:47:02.782 @ANX017 0
14:47:02.785 @ANX003 朱正高
14:47:02.785 @ANX004 装配工
14:47:02.786 @ANX005 
14:47:02.786 @ANX006 
14:47:02.786 @ANX007 
14:47:02.786 @ANX008 
14:47:02.786 @ANX009 0
14:47:02.787 @ANX010 0
14:47:02.787 @ANX011 离职
14:47:02.787 @ANX012 
14:47:02.787 @idx 366
14:47:02.787 @ANX002 10156
14:47:02.788 @ANX013 
14:47:02.788 @ANX014 1线
14:47:02.788 @ANX015 0
14:47:02.788 @ANX016 0
14:47:02.788 @ANX017 0
14:47:02.790 @ANX003 卿廷群
14:47:02.791 @ANX004 装配工
14:47:02.791 @ANX005 
14:47:02.791 @ANX006 
14:47:02.791 @ANX007 
14:47:02.791 @ANX008 
14:47:02.792 @ANX009 0
14:47:02.792 @ANX010 0
14:47:02.792 @ANX011 离职
14:47:02.792 @ANX012 
14:47:02.792 @idx 367
14:47:02.792 @ANX002 10157
14:47:02.793 @ANX013 
14:47:02.793 @ANX014 1线
14:47:02.793 @ANX015 0
14:47:02.793 @ANX016 0
14:47:02.793 @ANX017 0
14:47:02.796 @ANX003 邹修丽
14:47:02.796 @ANX004 装配工
14:47:02.796 @ANX005 
14:47:02.797 @ANX006 
14:47:02.797 @ANX007 
14:47:02.797 @ANX008 
14:47:02.797 @ANX009 0
14:47:02.798 @ANX010 0
14:47:02.798 @ANX011 离职
14:47:02.798 @ANX012 
14:47:02.798 @idx 368
14:47:02.798 @ANX002 10158
14:47:02.799 @ANX013 
14:47:02.799 @ANX014 1线
14:47:02.799 @ANX015 0
14:47:02.799 @ANX016 0
14:47:02.800 @ANX017 0
14:47:02.803 @ANX003 徐永洪
14:47:02.803 @ANX004 装配工
14:47:02.803 @ANX005 
14:47:02.803 @ANX006 
14:47:02.803 @ANX007 
14:47:02.804 @ANX008 
14:47:02.804 @ANX009 0
14:47:02.804 @ANX010 0
14:47:02.804 @ANX011 离职
14:47:02.804 @ANX012 
14:47:02.805 @idx 369
14:47:02.805 @ANX002 10159
14:47:02.806 @ANX013 
14:47:02.806 @ANX014 1线
14:47:02.807 @ANX015 0
14:47:02.807 @ANX016 0
14:47:02.807 @ANX017 0
14:47:02.814 @ANX003 刘仁燕
14:47:02.814 @ANX004 装配工
14:47:02.814 @ANX005 
14:47:02.815 @ANX006 
14:47:02.815 @ANX007 
14:47:02.815 @ANX008 
14:47:02.815 @ANX009 0
14:47:02.816 @ANX010 0
14:47:02.816 @ANX011 离职
14:47:02.816 @ANX012 
14:47:02.816 @idx 370
14:47:02.816 @ANX002 10160
14:47:02.816 @ANX013 
14:47:02.817 @ANX014 1线
14:47:02.817 @ANX015 0
14:47:02.817 @ANX016 0
14:47:02.817 @ANX017 0
14:47:02.822 @ANX003 陈万珍
14:47:02.822 @ANX004 装配工
14:47:02.822 @ANX005 
14:47:02.823 @ANX006 
14:47:02.823 @ANX007 
14:47:02.823 @ANX008 
14:47:02.823 @ANX009 0
14:47:02.823 @ANX010 0
14:47:02.824 @ANX011 离职
14:47:02.824 @ANX012 
14:47:02.824 @idx 371
14:47:02.824 @ANX002 10161
14:47:02.824 @ANX013 
14:47:02.825 @ANX014 1线
14:47:02.825 @ANX015 0
14:47:02.825 @ANX016 0
14:47:02.825 @ANX017 0
14:47:02.832 @ANX003 李义承
14:47:02.832 @ANX004 装配工
14:47:02.832 @ANX005 
14:47:02.832 @ANX006 
14:47:02.833 @ANX007 
14:47:02.833 @ANX008 
14:47:02.833 @ANX009 0
14:47:02.833 @ANX010 0
14:47:02.833 @ANX011 离职
14:47:02.834 @ANX012 
14:47:02.834 @idx 372
14:47:02.834 @ANX002 10162
14:47:02.834 @ANX013 
14:47:02.834 @ANX014 1线
14:47:02.834 @ANX015 0
14:47:02.835 @ANX016 0
14:47:02.835 @ANX017 0
14:47:02.840 @ANX003 张义兵
14:47:02.840 @ANX004 装配工
14:47:02.840 @ANX005 
14:47:02.840 @ANX006 
14:47:02.841 @ANX007 
14:47:02.841 @ANX008 
14:47:02.841 @ANX009 0
14:47:02.841 @ANX010 0
14:47:02.841 @ANX011 离职
14:47:02.841 @ANX012 
14:47:02.842 @idx 373
14:47:02.842 @ANX002 10163
14:47:02.842 @ANX013 
14:47:02.842 @ANX014 1线
14:47:02.842 @ANX015 0
14:47:02.842 @ANX016 0
14:47:02.843 @ANX017 0
14:47:02.848 @ANX003 韩会萍
14:47:02.849 @ANX004 装配工
14:47:02.849 @ANX005 
14:47:02.849 @ANX006 
14:47:02.849 @ANX007 
14:47:02.849 @ANX008 
14:47:02.850 @ANX009 0
14:47:02.850 @ANX010 0
14:47:02.850 @ANX011 离职
14:47:02.850 @ANX012 
14:47:02.850 @idx 374
14:47:02.850 @ANX002 10164
14:47:02.851 @ANX013 
14:47:02.851 @ANX014 1线
14:47:02.851 @ANX015 0
14:47:02.851 @ANX016 0
14:47:02.852 @ANX017 0
14:47:02.854 @ANX003 国明秀
14:47:02.854 @ANX004 装配工
14:47:02.855 @ANX005 
14:47:02.855 @ANX006 
14:47:02.855 @ANX007 
14:47:02.855 @ANX008 
14:47:02.855 @ANX009 0
14:47:02.856 @ANX010 0
14:47:02.856 @ANX011 离职
14:47:02.856 @ANX012 
14:47:02.856 @idx 375
14:47:02.856 @ANX002 10165
14:47:02.857 @ANX013 
14:47:02.857 @ANX014 1线
14:47:02.857 @ANX015 0
14:47:02.857 @ANX016 0
14:47:02.857 @ANX017 0
14:47:02.860 @ANN003 D200
14:47:02.861 @ANN004 D200-吉祥小宝
14:47:02.861 @ANN005 
14:47:02.861 @ANN006 台
14:47:02.861 @ANN007 2500
14:47:02.861 @ANN008 2.200000
14:47:02.862 @ANN009 1000
14:47:02.862 @ANN010 
14:47:02.862 @idx 2
14:47:02.862 @ANN002 GD201811240004
14:47:02.874 @ANN003 JYLF06-XM
14:47:02.874 @ANN004 JYLF06-XM-项目专用复合机
14:47:02.874 @ANN005 
14:47:02.874 @ANN006 台
14:47:02.874 @ANN007 1000
14:47:02.875 @ANN008 4.86
14:47:02.875 @ANN009 500
14:47:02.875 @ANN010 
14:47:02.875 @idx 0
14:47:02.876 @ANN002 GD201808080007
14:47:04.747 @ANW001 20181223002
14:47:04.747 @ANW020 True
14:47:34.049 @ANW001 20181223002
14:47:34.049 @ANW020 False
14:51:50.685 @EMP002 系统管理员
14:51:50.686 @EMP033 cebfd1559b68d67688884d7a3d3e8c
14:52:16.694 @ANW002 
14:52:16.694 @ANW003 
14:52:16.694 @ANW004 
14:52:16.695 @ANW005 
14:52:16.695 @ANW006 
14:52:16.695 @ANW007 
14:52:16.695 @ANW008 
14:52:16.695 @ANW009 
14:52:16.696 @ANW010 0507
14:52:16.696 @ANW011 总装车间
14:52:16.696 @ANW012 050701
14:52:16.696 @ANW013 1线
14:52:16.696 @ANW014 计件
14:52:16.696 @ANW015 
14:52:16.697 @ANW016 
14:52:16.697 @ANW017 
14:52:16.697 @ANW018 
14:52:16.698 @ANW019 
14:52:16.699 @ANW020 False
14:52:16.700 @ANW021 False
14:52:16.701 @ANW001 20181223002
14:52:16.701 @ANW023 0
14:52:16.701 @ANW024 0
14:52:16.704 @ANX003 刘兴贵
14:52:16.704 @ANX004 装配工
14:52:16.705 @ANX005 2018/12/23 7:00:00
14:52:16.705 @ANX006 2018/12/23 8:00:00
14:52:16.705 @ANX007 
14:52:16.705 @ANX008 
14:52:16.705 @ANX009 0
14:52:16.706 @ANX010 0
14:52:16.706 @ANX011 在职
14:52:16.706 @ANX012 
14:52:16.706 @idx 351
14:52:16.706 @ANX002 10140
14:52:16.706 @ANX013 
14:52:16.707 @ANX014 1线
14:52:16.707 @ANX015 1.000000
14:52:16.707 @ANX016 0.000000
14:52:16.707 @ANX017 6707
14:52:16.719 @ANX003 王振宇
14:52:16.719 @ANX004 装配工
14:52:16.720 @ANX005 
14:52:16.720 @ANX006 
14:52:16.720 @ANX007 
14:52:16.720 @ANX008 
14:52:16.720 @ANX009 0
14:52:16.721 @ANX010 0
14:52:16.721 @ANX011 离职
14:52:16.721 @ANX012 
14:52:16.721 @idx 352
14:52:16.721 @ANX002 10141
14:52:16.722 @ANX013 
14:52:16.722 @ANX014 1线
14:52:16.722 @ANX015 0
14:52:16.722 @ANX016 0
14:52:16.722 @ANX017 0
14:52:16.726 @ANX003 钟成菊
14:52:16.726 @ANX004 装配工
14:52:16.726 @ANX005 
14:52:16.726 @ANX006 
14:52:16.727 @ANX007 
14:52:16.727 @ANX008 
14:52:16.727 @ANX009 0
14:52:16.727 @ANX010 0
14:52:16.727 @ANX011 离职
14:52:16.727 @ANX012 
14:52:16.728 @idx 353
14:52:16.728 @ANX002 10142
14:52:16.728 @ANX013 
14:52:16.729 @ANX014 1线
14:52:16.729 @ANX015 0
14:52:16.729 @ANX016 0
14:52:16.729 @ANX017 0
14:52:16.735 @ANX003 赵成鹏
14:52:16.735 @ANX004 装配工
14:52:16.735 @ANX005 
14:52:16.735 @ANX006 
14:52:16.736 @ANX007 
14:52:16.736 @ANX008 
14:52:16.736 @ANX009 0
14:52:16.736 @ANX010 0
14:52:16.736 @ANX011 离职
14:52:16.736 @ANX012 
14:52:16.736 @idx 354
14:52:16.737 @ANX002 10143
14:52:16.737 @ANX013 
14:52:16.737 @ANX014 1线
14:52:16.737 @ANX015 0
14:52:16.737 @ANX016 0
14:52:16.738 @ANX017 0
14:52:16.740 @ANX003 何万华
14:52:16.740 @ANX004 装配工
14:52:16.740 @ANX005 
14:52:16.740 @ANX006 
14:52:16.741 @ANX007 
14:52:16.741 @ANX008 
14:52:16.741 @ANX009 0
14:52:16.741 @ANX010 0
14:52:16.741 @ANX011 离职
14:52:16.741 @ANX012 
14:52:16.742 @idx 355
14:52:16.742 @ANX002 10144
14:52:16.742 @ANX013 
14:52:16.742 @ANX014 1线
14:52:16.742 @ANX015 0
14:52:16.743 @ANX016 0
14:52:16.743 @ANX017 0
14:52:16.747 @ANX003 严云芹
14:52:16.747 @ANX004 装配工
14:52:16.747 @ANX005 
14:52:16.747 @ANX006 
14:52:16.747 @ANX007 
14:52:16.748 @ANX008 
14:52:16.748 @ANX009 0
14:52:16.748 @ANX010 0
14:52:16.748 @ANX011 离职
14:52:16.748 @ANX012 
14:52:16.749 @idx 356
14:52:16.749 @ANX002 10145
14:52:16.749 @ANX013 
14:52:16.749 @ANX014 1线
14:52:16.749 @ANX015 0
14:52:16.749 @ANX016 0
14:52:16.750 @ANX017 0
14:52:16.753 @ANX003 马小千
14:52:16.753 @ANX004 装配工
14:52:16.753 @ANX005 
14:52:16.754 @ANX006 
14:52:16.754 @ANX007 
14:52:16.754 @ANX008 
14:52:16.754 @ANX009 0
14:52:16.754 @ANX010 0
14:52:16.755 @ANX011 离职
14:52:16.755 @ANX012 
14:52:16.755 @idx 357
14:52:16.755 @ANX002 10146
14:52:16.755 @ANX013 
14:52:16.755 @ANX014 1线
14:52:16.756 @ANX015 0
14:52:16.756 @ANX016 0
14:52:16.756 @ANX017 0
14:52:16.759 @ANX003 周顺
14:52:16.759 @ANX004 装配工
14:52:16.759 @ANX005 
14:52:16.759 @ANX006 
14:52:16.760 @ANX007 
14:52:16.760 @ANX008 
14:52:16.760 @ANX009 0
14:52:16.760 @ANX010 0
14:52:16.760 @ANX011 离职
14:52:16.761 @ANX012 
14:52:16.761 @idx 358
14:52:16.761 @ANX002 10147
14:52:16.761 @ANX013 
14:52:16.761 @ANX014 1线
14:52:16.762 @ANX015 0
14:52:16.762 @ANX016 0
14:52:16.762 @ANX017 0
14:52:16.765 @ANX003 龙付咪
14:52:16.765 @ANX004 装配工
14:52:16.765 @ANX005 
14:52:16.765 @ANX006 
14:52:16.765 @ANX007 
14:52:16.766 @ANX008 
14:52:16.766 @ANX009 0
14:52:16.766 @ANX010 0
14:52:16.766 @ANX011 离职
14:52:16.766 @ANX012 
14:52:16.767 @idx 359
14:52:16.767 @ANX002 10148
14:52:16.767 @ANX013 
14:52:16.767 @ANX014 1线
14:52:16.767 @ANX015 0
14:52:16.768 @ANX016 0
14:52:16.768 @ANX017 0
14:52:16.770 @ANX003 刘高发
14:52:16.770 @ANX004 装配工
14:52:16.770 @ANX005 
14:52:16.770 @ANX006 
14:52:16.770 @ANX007 
14:52:16.771 @ANX008 
14:52:16.771 @ANX009 0
14:52:16.771 @ANX010 0
14:52:16.771 @ANX011 离职
14:52:16.771 @ANX012 
14:52:16.771 @idx 360
14:52:16.772 @ANX002 10150
14:52:16.772 @ANX013 
14:52:16.772 @ANX014 1线
14:52:16.772 @ANX015 0
14:52:16.772 @ANX016 0
14:52:16.772 @ANX017 0
14:52:16.774 @ANX003 吴张英
14:52:16.774 @ANX004 装配工
14:52:16.774 @ANX005 
14:52:16.775 @ANX006 
14:52:16.775 @ANX007 
14:52:16.775 @ANX008 
14:52:16.775 @ANX009 0
14:52:16.775 @ANX010 0
14:52:16.775 @ANX011 离职
14:52:16.776 @ANX012 
14:52:16.776 @idx 361
14:52:16.776 @ANX002 10151
14:52:16.776 @ANX013 
14:52:16.776 @ANX014 1线
14:52:16.777 @ANX015 0
14:52:16.777 @ANX016 0
14:52:16.777 @ANX017 0
14:52:16.779 @ANX003 杨犁
14:52:16.779 @ANX004 装配工
14:52:16.779 @ANX005 
14:52:16.780 @ANX006 
14:52:16.781 @ANX007 
14:52:16.781 @ANX008 
14:52:16.781 @ANX009 0
14:52:16.781 @ANX010 0
14:52:16.782 @ANX011 离职
14:52:16.782 @ANX012 
14:52:16.782 @idx 362
14:52:16.782 @ANX002 10152
14:52:16.782 @ANX013 
14:52:16.783 @ANX014 1线
14:52:16.783 @ANX015 0
14:52:16.783 @ANX016 0
14:52:16.783 @ANX017 0
14:52:16.785 @ANX003 熊洪才
14:52:16.786 @ANX004 装配工
14:52:16.786 @ANX005 
14:52:16.786 @ANX006 
14:52:16.786 @ANX007 
14:52:16.786 @ANX008 
14:52:16.787 @ANX009 0
14:52:16.787 @ANX010 0
14:52:16.787 @ANX011 离职
14:52:16.787 @ANX012 
14:52:16.788 @idx 363
14:52:16.788 @ANX002 10153
14:52:16.788 @ANX013 
14:52:16.788 @ANX014 1线
14:52:16.788 @ANX015 0
14:52:16.789 @ANX016 0
14:52:16.789 @ANX017 0
14:52:16.790 @ANX003 代开容
14:52:16.791 @ANX004 装配工
14:52:16.791 @ANX005 
14:52:16.791 @ANX006 
14:52:16.791 @ANX007 
14:52:16.791 @ANX008 
14:52:16.792 @ANX009 0
14:52:16.792 @ANX010 0
14:52:16.792 @ANX011 离职
14:52:16.792 @ANX012 
14:52:16.793 @idx 364
14:52:16.793 @ANX002 10154
14:52:16.794 @ANX013 
14:52:16.794 @ANX014 1线
14:52:16.794 @ANX015 0
14:52:16.795 @ANX016 0
14:52:16.795 @ANX017 0
14:52:16.800 @ANX003 尹宗丹
14:52:16.800 @ANX004 装配工
14:52:16.800 @ANX005 
14:52:16.801 @ANX006 
14:52:16.801 @ANX007 
14:52:16.801 @ANX008 
14:52:16.801 @ANX009 0
14:52:16.801 @ANX010 0
14:52:16.801 @ANX011 离职
14:52:16.802 @ANX012 
14:52:16.802 @idx 365
14:52:16.802 @ANX002 10155
14:52:16.802 @ANX013 
14:52:16.802 @ANX014 1线
14:52:16.803 @ANX015 0
14:52:16.803 @ANX016 0
14:52:16.803 @ANX017 0
14:52:16.805 @ANX003 朱正高
14:52:16.805 @ANX004 装配工
14:52:16.805 @ANX005 
14:52:16.806 @ANX006 
14:52:16.806 @ANX007 
14:52:16.806 @ANX008 
14:52:16.806 @ANX009 0
14:52:16.806 @ANX010 0
14:52:16.807 @ANX011 离职
14:52:16.807 @ANX012 
14:52:16.807 @idx 366
14:52:16.807 @ANX002 10156
14:52:16.807 @ANX013 
14:52:16.808 @ANX014 1线
14:52:16.808 @ANX015 0
14:52:16.808 @ANX016 0
14:52:16.808 @ANX017 0
14:52:16.811 @ANX003 卿廷群
14:52:16.811 @ANX004 装配工
14:52:16.811 @ANX005 
14:52:16.811 @ANX006 
14:52:16.812 @ANX007 
14:52:16.812 @ANX008 
14:52:16.812 @ANX009 0
14:52:16.812 @ANX010 0
14:52:16.812 @ANX011 离职
14:52:16.812 @ANX012 
14:52:16.813 @idx 367
14:52:16.813 @ANX002 10157
14:52:16.813 @ANX013 
14:52:16.813 @ANX014 1线
14:52:16.813 @ANX015 0
14:52:16.814 @ANX016 0
14:52:16.814 @ANX017 0
14:52:16.816 @ANX003 邹修丽
14:52:16.816 @ANX004 装配工
14:52:16.816 @ANX005 
14:52:16.816 @ANX006 
14:52:16.816 @ANX007 
14:52:16.817 @ANX008 
14:52:16.817 @ANX009 0
14:52:16.817 @ANX010 0
14:52:16.817 @ANX011 离职
14:52:16.817 @ANX012 
14:52:16.818 @idx 368
14:52:16.818 @ANX002 10158
14:52:16.818 @ANX013 
14:52:16.818 @ANX014 1线
14:52:16.818 @ANX015 0
14:52:16.821 @ANX016 0
14:52:16.821 @ANX017 0
14:52:16.823 @ANX003 徐永洪
14:52:16.824 @ANX004 装配工
14:52:16.824 @ANX005 
14:52:16.824 @ANX006 
14:52:16.824 @ANX007 
14:52:16.825 @ANX008 
14:52:16.825 @ANX009 0
14:52:16.825 @ANX010 0
14:52:16.825 @ANX011 离职
14:52:16.825 @ANX012 
14:52:16.825 @idx 369
14:52:16.826 @ANX002 10159
14:52:16.827 @ANX013 
14:52:16.827 @ANX014 1线
14:52:16.827 @ANX015 0
14:52:16.827 @ANX016 0
14:52:16.827 @ANX017 0
14:52:16.830 @ANX003 刘仁燕
14:52:16.831 @ANX004 装配工
14:52:16.831 @ANX005 
14:52:16.831 @ANX006 
14:52:16.831 @ANX007 
14:52:16.831 @ANX008 
14:52:16.832 @ANX009 0
14:52:16.832 @ANX010 0
14:52:16.832 @ANX011 离职
14:52:16.832 @ANX012 
14:52:16.833 @idx 370
14:52:16.833 @ANX002 10160
14:52:16.833 @ANX013 
14:52:16.833 @ANX014 1线
14:52:16.833 @ANX015 0
14:52:16.833 @ANX016 0
14:52:16.834 @ANX017 0
14:52:16.836 @ANX003 陈万珍
14:52:16.836 @ANX004 装配工
14:52:16.836 @ANX005 
14:52:16.836 @ANX006 
14:52:16.837 @ANX007 
14:52:16.837 @ANX008 
14:52:16.837 @ANX009 0
14:52:16.837 @ANX010 0
14:52:16.837 @ANX011 离职
14:52:16.838 @ANX012 
14:52:16.838 @idx 371
14:52:16.838 @ANX002 10161
14:52:16.838 @ANX013 
14:52:16.838 @ANX014 1线
14:52:16.839 @ANX015 0
14:52:16.839 @ANX016 0
14:52:16.839 @ANX017 0
14:52:16.841 @ANX003 李义承
14:52:16.842 @ANX004 装配工
14:52:16.842 @ANX005 
14:52:16.842 @ANX006 
14:52:16.842 @ANX007 
14:52:16.842 @ANX008 
14:52:16.842 @ANX009 0
14:52:16.843 @ANX010 0
14:52:16.843 @ANX011 离职
14:52:16.843 @ANX012 
14:52:16.843 @idx 372
14:52:16.843 @ANX002 10162
14:52:16.843 @ANX013 
14:52:16.844 @ANX014 1线
14:52:16.844 @ANX015 0
14:52:16.844 @ANX016 0
14:52:16.844 @ANX017 0
14:52:16.847 @ANX003 张义兵
14:52:16.847 @ANX004 装配工
14:52:16.847 @ANX005 
14:52:16.848 @ANX006 
14:52:16.848 @ANX007 
14:52:16.848 @ANX008 
14:52:16.848 @ANX009 0
14:52:16.848 @ANX010 0
14:52:16.848 @ANX011 离职
14:52:16.849 @ANX012 
14:52:16.849 @idx 373
14:52:16.849 @ANX002 10163
14:52:16.849 @ANX013 
14:52:16.849 @ANX014 1线
14:52:16.850 @ANX015 0
14:52:16.850 @ANX016 0
14:52:16.850 @ANX017 0
14:52:16.851 @ANX003 韩会萍
14:52:16.852 @ANX004 装配工
14:52:16.852 @ANX005 
14:52:16.852 @ANX006 
14:52:16.852 @ANX007 
14:52:16.853 @ANX008 
14:52:16.853 @ANX009 0
14:52:16.853 @ANX010 0
14:52:16.853 @ANX011 离职
14:52:16.853 @ANX012 
14:52:16.853 @idx 374
14:52:16.854 @ANX002 10164
14:52:16.854 @ANX013 
14:52:16.854 @ANX014 1线
14:52:16.854 @ANX015 0
14:52:16.854 @ANX016 0
14:52:16.855 @ANX017 0
14:52:16.856 @ANX003 国明秀
14:52:16.857 @ANX004 装配工
14:52:16.857 @ANX005 
14:52:16.857 @ANX006 
14:52:16.857 @ANX007 
14:52:16.857 @ANX008 
14:52:16.858 @ANX009 0
14:52:16.858 @ANX010 0
14:52:16.858 @ANX011 离职
14:52:16.858 @ANX012 
14:52:16.858 @idx 375
14:52:16.859 @ANX002 10165
14:52:16.859 @ANX013 
14:52:16.859 @ANX014 1线
14:52:16.859 @ANX015 0
14:52:16.859 @ANX016 0
14:52:16.859 @ANX017 0
14:52:16.861 @ANN003 D200
14:52:16.861 @ANN004 D200-吉祥小宝
14:52:16.861 @ANN005 
14:52:16.861 @ANN006 台
14:52:16.862 @ANN007 2500
14:52:16.862 @ANN008 2.200000
14:52:16.862 @ANN009 1000
14:52:16.862 @ANN010 
14:52:16.862 @idx 2
14:52:16.863 @ANN002 GD201811240004
14:52:16.864 @ANN003 JYLF06-XM
14:52:16.865 @ANN004 JYLF06-XM-项目专用复合机
14:52:16.865 @ANN005 
14:52:16.865 @ANN006 台
14:52:16.865 @ANN007 1000
14:52:16.865 @ANN008 4.86
14:52:16.866 @ANN009 1000
14:52:16.866 @ANN010 
14:52:16.866 @idx 0
14:52:16.866 @ANN002 GD201808080007
14:53:53.056 @EMP002 系统管理员
14:53:53.057 @EMP033 cebfd1559b68d67688884d7a3d3e8c
14:55:01.758 @ANW002 
14:55:01.758 @ANW003 
14:55:01.758 @ANW004 
14:55:01.758 @ANW005 
14:55:01.758 @ANW006 
14:55:01.758 @ANW007 
14:55:01.759 @ANW008 
14:55:01.759 @ANW009 
14:55:01.759 @ANW010 0507
14:55:01.759 @ANW011 总装车间
14:55:01.759 @ANW012 050701
14:55:01.759 @ANW013 1线
14:55:01.759 @ANW014 计件
14:55:01.759 @ANW015 
14:55:01.760 @ANW016 
14:55:01.760 @ANW017 
14:55:01.760 @ANW018 
14:55:01.760 @ANW019 
14:55:01.760 @ANW020 False
14:55:01.760 @ANW021 False
14:55:01.761 @ANW001 20181223002
14:55:01.761 @ANW023 0
14:55:01.761 @ANW024 0
14:55:01.766 @ANX003 刘兴贵
14:55:01.766 @ANX004 装配工
14:55:01.766 @ANX005 2018/12/23 7:00:00
14:55:01.766 @ANX006 2018/12/23 8:00:00
14:55:01.767 @ANX007 
14:55:01.767 @ANX008 
14:55:01.767 @ANX009 0
14:55:01.767 @ANX010 0
14:55:01.767 @ANX011 在职
14:55:01.767 @ANX012 
14:55:01.768 @idx 351
14:55:01.768 @ANX002 10140
14:55:01.768 @ANX013 
14:55:01.768 @ANX014 1线
14:55:01.768 @ANX015 1.000000
14:55:01.768 @ANX016 0.000000
14:55:01.768 @ANX017 4398.5
14:55:01.775 @ANX003 王振宇
14:55:01.776 @ANX004 装配工
14:55:01.776 @ANX005 
14:55:01.776 @ANX006 
14:55:01.776 @ANX007 
14:55:01.776 @ANX008 
14:55:01.777 @ANX009 0
14:55:01.777 @ANX010 0
14:55:01.777 @ANX011 离职
14:55:01.777 @ANX012 
14:55:01.782 @idx 352
14:55:01.783 @ANX002 10141
14:55:01.783 @ANX013 
14:55:01.783 @ANX014 1线
14:55:01.783 @ANX015 0
14:55:01.783 @ANX016 0
14:55:01.784 @ANX017 0
14:55:01.788 @ANX003 钟成菊
14:55:01.789 @ANX004 装配工
14:55:01.789 @ANX005 
14:55:01.789 @ANX006 
14:55:01.789 @ANX007 
14:55:01.789 @ANX008 
14:55:01.790 @ANX009 0
14:55:01.790 @ANX010 0
14:55:01.790 @ANX011 离职
14:55:01.790 @ANX012 
14:55:01.790 @idx 353
14:55:01.791 @ANX002 10142
14:55:01.791 @ANX013 
14:55:01.791 @ANX014 1线
14:55:01.791 @ANX015 0
14:55:01.791 @ANX016 0
14:55:01.791 @ANX017 0
14:55:01.804 @ANX003 赵成鹏
14:55:01.804 @ANX004 装配工
14:55:01.804 @ANX005 
14:55:01.804 @ANX006 
14:55:01.804 @ANX007 
14:55:01.805 @ANX008 
14:55:01.805 @ANX009 0
14:55:01.805 @ANX010 0
14:55:01.805 @ANX011 离职
14:55:01.806 @ANX012 
14:55:01.806 @idx 354
14:55:01.806 @ANX002 10143
14:55:01.806 @ANX013 
14:55:01.806 @ANX014 1线
14:55:01.807 @ANX015 0
14:55:01.807 @ANX016 0
14:55:01.807 @ANX017 0
14:55:01.811 @ANX003 何万华
14:55:01.811 @ANX004 装配工
14:55:01.811 @ANX005 
14:55:01.812 @ANX006 
14:55:01.812 @ANX007 
14:55:01.812 @ANX008 
14:55:01.812 @ANX009 0
14:55:01.812 @ANX010 0
14:55:01.812 @ANX011 离职
14:55:01.813 @ANX012 
14:55:01.813 @idx 355
14:55:01.813 @ANX002 10144
14:55:01.813 @ANX013 
14:55:01.813 @ANX014 1线
14:55:01.814 @ANX015 0
14:55:01.814 @ANX016 0
14:55:01.814 @ANX017 0
14:55:01.820 @ANX003 严云芹
14:55:01.820 @ANX004 装配工
14:55:01.821 @ANX005 
14:55:01.821 @ANX006 
14:55:01.821 @ANX007 
14:55:01.821 @ANX008 
14:55:01.822 @ANX009 0
14:55:01.822 @ANX010 0
14:55:01.822 @ANX011 离职
14:55:01.822 @ANX012 
14:55:01.822 @idx 356
14:55:01.822 @ANX002 10145
14:55:01.823 @ANX013 
14:55:01.823 @ANX014 1线
14:55:01.823 @ANX015 0
14:55:01.823 @ANX016 0
14:55:01.823 @ANX017 0
14:55:01.831 @ANX003 马小千
14:55:01.831 @ANX004 装配工
14:55:01.831 @ANX005 
14:55:01.831 @ANX006 
14:55:01.831 @ANX007 
14:55:01.832 @ANX008 
14:55:01.832 @ANX009 0
14:55:01.832 @ANX010 0
14:55:01.832 @ANX011 离职
14:55:01.832 @ANX012 
14:55:01.832 @idx 357
14:55:01.833 @ANX002 10146
14:55:01.833 @ANX013 
14:55:01.833 @ANX014 1线
14:55:01.834 @ANX015 0
14:55:01.834 @ANX016 0
14:55:01.834 @ANX017 0
14:55:01.844 @ANX003 周顺
14:55:01.845 @ANX004 装配工
14:55:01.845 @ANX005 
14:55:01.845 @ANX006 
14:55:01.845 @ANX007 
14:55:01.845 @ANX008 
14:55:01.845 @ANX009 0
14:55:01.845 @ANX010 0
14:55:01.845 @ANX011 离职
14:55:01.846 @ANX012 
14:55:01.846 @idx 358
14:55:01.846 @ANX002 10147
14:55:01.846 @ANX013 
14:55:01.846 @ANX014 1线
14:55:01.847 @ANX015 0
14:55:01.847 @ANX016 0
14:55:01.847 @ANX017 0
14:55:01.849 @ANX003 龙付咪
14:55:01.849 @ANX004 装配工
14:55:01.849 @ANX005 
14:55:01.850 @ANX006 
14:55:01.850 @ANX007 
14:55:01.850 @ANX008 
14:55:01.850 @ANX009 0
14:55:01.850 @ANX010 0
14:55:01.851 @ANX011 离职
14:55:01.851 @ANX012 
14:55:01.851 @idx 359
14:55:01.851 @ANX002 10148
14:55:01.851 @ANX013 
14:55:01.852 @ANX014 1线
14:55:01.852 @ANX015 0
14:55:01.852 @ANX016 0
14:55:01.852 @ANX017 0
14:55:01.854 @ANX003 刘高发
14:55:01.855 @ANX004 装配工
14:55:01.855 @ANX005 
14:55:01.855 @ANX006 
14:55:01.855 @ANX007 
14:55:01.855 @ANX008 
14:55:01.856 @ANX009 0
14:55:01.856 @ANX010 0
14:55:01.856 @ANX011 离职
14:55:01.856 @ANX012 
14:55:01.856 @idx 360
14:55:01.857 @ANX002 10150
14:55:01.857 @ANX013 
14:55:01.857 @ANX014 1线
14:55:01.857 @ANX015 0
14:55:01.857 @ANX016 0
14:55:01.858 @ANX017 0
14:55:01.863 @ANX003 吴张英
14:55:01.863 @ANX004 装配工
14:55:01.863 @ANX005 
14:55:01.863 @ANX006 
14:55:01.863 @ANX007 
14:55:01.864 @ANX008 
14:55:01.864 @ANX009 0
14:55:01.864 @ANX010 0
14:55:01.864 @ANX011 离职
14:55:01.864 @ANX012 
14:55:01.865 @idx 361
14:55:01.865 @ANX002 10151
14:55:01.865 @ANX013 
14:55:01.865 @ANX014 1线
14:55:01.865 @ANX015 0
14:55:01.866 @ANX016 0
14:55:01.866 @ANX017 0
14:55:01.867 @ANX003 杨犁
14:55:01.868 @ANX004 装配工
14:55:01.868 @ANX005 
14:55:01.868 @ANX006 
14:55:01.868 @ANX007 
14:55:01.868 @ANX008 
14:55:01.868 @ANX009 0
14:55:01.869 @ANX010 0
14:55:01.869 @ANX011 离职
14:55:01.869 @ANX012 
14:55:01.869 @idx 362
14:55:01.869 @ANX002 10152
14:55:01.870 @ANX013 
14:55:01.870 @ANX014 1线
14:55:01.870 @ANX015 0
14:55:01.870 @ANX016 0
14:55:01.870 @ANX017 0
14:55:01.879 @ANX003 熊洪才
14:55:01.879 @ANX004 装配工
14:55:01.879 @ANX005 
14:55:01.880 @ANX006 
14:55:01.880 @ANX007 
14:55:01.880 @ANX008 
14:55:01.880 @ANX009 0
14:55:01.880 @ANX010 0
14:55:01.880 @ANX011 离职
14:55:01.881 @ANX012 
14:55:01.881 @idx 363
14:55:01.881 @ANX002 10153
14:55:01.881 @ANX013 
14:55:01.881 @ANX014 1线
14:55:01.882 @ANX015 0
14:55:01.882 @ANX016 0
14:55:01.882 @ANX017 0
14:55:01.884 @ANX003 代开容
14:55:01.884 @ANX004 装配工
14:55:01.884 @ANX005 
14:55:01.885 @ANX006 
14:55:01.885 @ANX007 
14:55:01.885 @ANX008 
14:55:01.885 @ANX009 0
14:55:01.886 @ANX010 0
14:55:01.886 @ANX011 离职
14:55:01.886 @ANX012 
14:55:01.887 @idx 364
14:55:01.887 @ANX002 10154
14:55:01.887 @ANX013 
14:55:01.887 @ANX014 1线
14:55:01.887 @ANX015 0
14:55:01.887 @ANX016 0
14:55:01.888 @ANX017 0
14:55:01.892 @ANX003 尹宗丹
14:55:01.893 @ANX004 装配工
14:55:01.893 @ANX005 
14:55:01.893 @ANX006 
14:55:01.893 @ANX007 
14:55:01.893 @ANX008 
14:55:01.894 @ANX009 0
14:55:01.894 @ANX010 0
14:55:01.894 @ANX011 离职
14:55:01.894 @ANX012 
14:55:01.894 @idx 365
14:55:01.895 @ANX002 10155
14:55:01.895 @ANX013 
14:55:01.895 @ANX014 1线
14:55:01.895 @ANX015 0
14:55:01.895 @ANX016 0
14:55:01.896 @ANX017 0
14:55:01.897 @ANX003 朱正高
14:55:01.898 @ANX004 装配工
14:55:01.898 @ANX005 
14:55:01.898 @ANX006 
14:55:01.898 @ANX007 
14:55:01.898 @ANX008 
14:55:01.899 @ANX009 0
14:55:01.899 @ANX010 0
14:55:01.899 @ANX011 离职
14:55:01.899 @ANX012 
14:55:01.899 @idx 366
14:55:01.900 @ANX002 10156
14:55:01.900 @ANX013 
14:55:01.900 @ANX014 1线
14:55:01.900 @ANX015 0
14:55:01.900 @ANX016 0
14:55:01.901 @ANX017 0
14:55:01.902 @ANX003 卿廷群
14:55:01.902 @ANX004 装配工
14:55:01.903 @ANX005 
14:55:01.903 @ANX006 
14:55:01.903 @ANX007 
14:55:01.903 @ANX008 
14:55:01.903 @ANX009 0
14:55:01.904 @ANX010 0
14:55:01.904 @ANX011 离职
14:55:01.904 @ANX012 
14:55:01.904 @idx 367
14:55:01.904 @ANX002 10157
14:55:01.904 @ANX013 
14:55:01.905 @ANX014 1线
14:55:01.905 @ANX015 0
14:55:01.905 @ANX016 0
14:55:01.905 @ANX017 0
14:55:01.909 @ANX003 邹修丽
14:55:01.909 @ANX004 装配工
14:55:01.909 @ANX005 
14:55:01.910 @ANX006 
14:55:01.910 @ANX007 
14:55:01.910 @ANX008 
14:55:01.910 @ANX009 0
14:55:01.910 @ANX010 0
14:55:01.911 @ANX011 离职
14:55:01.911 @ANX012 
14:55:01.911 @idx 368
14:55:01.911 @ANX002 10158
14:55:01.911 @ANX013 
14:55:01.911 @ANX014 1线
14:55:01.912 @ANX015 0
14:55:01.912 @ANX016 0
14:55:01.912 @ANX017 0
14:55:01.915 @ANX003 徐永洪
14:55:01.915 @ANX004 装配工
14:55:01.915 @ANX005 
14:55:01.915 @ANX006 
14:55:01.915 @ANX007 
14:55:01.916 @ANX008 
14:55:01.916 @ANX009 0
14:55:01.916 @ANX010 0
14:55:01.916 @ANX011 离职
14:55:01.916 @ANX012 
14:55:01.917 @idx 369
14:55:01.917 @ANX002 10159
14:55:01.917 @ANX013 
14:55:01.917 @ANX014 1线
14:55:01.917 @ANX015 0
14:55:01.917 @ANX016 0
14:55:01.918 @ANX017 0
14:55:01.920 @ANX003 刘仁燕
14:55:01.920 @ANX004 装配工
14:55:01.920 @ANX005 
14:55:01.921 @ANX006 
14:55:01.921 @ANX007 
14:55:01.921 @ANX008 
14:55:01.921 @ANX009 0
14:55:01.921 @ANX010 0
14:55:01.921 @ANX011 离职
14:55:01.922 @ANX012 
14:55:01.922 @idx 370
14:55:01.922 @ANX002 10160
14:55:01.922 @ANX013 
14:55:01.923 @ANX014 1线
14:55:01.923 @ANX015 0
14:55:01.923 @ANX016 0
14:55:01.924 @ANX017 0
14:55:01.926 @ANX003 陈万珍
14:55:01.926 @ANX004 装配工
14:55:01.926 @ANX005 
14:55:01.926 @ANX006 
14:55:01.926 @ANX007 
14:55:01.927 @ANX008 
14:55:01.927 @ANX009 0
14:55:01.927 @ANX010 0
14:55:01.927 @ANX011 离职
14:55:01.927 @ANX012 
14:55:01.927 @idx 371
14:55:01.928 @ANX002 10161
14:55:01.928 @ANX013 
14:55:01.928 @ANX014 1线
14:55:01.928 @ANX015 0
14:55:01.928 @ANX016 0
14:55:01.928 @ANX017 0
14:55:01.931 @ANX003 李义承
14:55:01.931 @ANX004 装配工
14:55:01.931 @ANX005 
14:55:01.931 @ANX006 
14:55:01.931 @ANX007 
14:55:01.932 @ANX008 
14:55:01.932 @ANX009 0
14:55:01.932 @ANX010 0
14:55:01.932 @ANX011 离职
14:55:01.932 @ANX012 
14:55:01.933 @idx 372
14:55:01.933 @ANX002 10162
14:55:01.933 @ANX013 
14:55:01.933 @ANX014 1线
14:55:01.933 @ANX015 0
14:55:01.933 @ANX016 0
14:55:01.934 @ANX017 0
14:55:01.935 @ANX003 张义兵
14:55:01.935 @ANX004 装配工
14:55:01.935 @ANX005 
14:55:01.936 @ANX006 
14:55:01.936 @ANX007 
14:55:01.936 @ANX008 
14:55:01.936 @ANX009 0
14:55:01.937 @ANX010 0
14:55:01.937 @ANX011 离职
14:55:01.937 @ANX012 
14:55:01.937 @idx 373
14:55:01.938 @ANX002 10163
14:55:01.938 @ANX013 
14:55:01.938 @ANX014 1线
14:55:01.938 @ANX015 0
14:55:01.938 @ANX016 0
14:55:01.939 @ANX017 0
14:55:01.941 @ANX003 韩会萍
14:55:01.941 @ANX004 装配工
14:55:01.941 @ANX005 
14:55:01.941 @ANX006 
14:55:01.942 @ANX007 
14:55:01.942 @ANX008 
14:55:01.942 @ANX009 0
14:55:01.942 @ANX010 0
14:55:01.942 @ANX011 离职
14:55:01.942 @ANX012 
14:55:01.942 @idx 374
14:55:01.943 @ANX002 10164
14:55:01.943 @ANX013 
14:55:01.943 @ANX014 1线
14:55:01.943 @ANX015 0
14:55:01.943 @ANX016 0
14:55:01.943 @ANX017 0
14:55:01.947 @ANX003 国明秀
14:55:01.947 @ANX004 装配工
14:55:01.948 @ANX005 
14:55:01.948 @ANX006 
14:55:01.948 @ANX007 
14:55:01.948 @ANX008 
14:55:01.948 @ANX009 0
14:55:01.949 @ANX010 0
14:55:01.949 @ANX011 离职
14:55:01.949 @ANX012 
14:55:01.949 @idx 375
14:55:01.949 @ANX002 10165
14:55:01.950 @ANX013 
14:55:01.950 @ANX014 1线
14:55:01.950 @ANX015 0
14:55:01.950 @ANX016 0
14:55:01.950 @ANX017 0
14:55:01.952 @ANN003 D200
14:55:01.952 @ANN004 D200-吉祥小宝
14:55:01.952 @ANN005 
14:55:01.952 @ANN006 台
14:55:01.953 @ANN007 2500
14:55:01.953 @ANN008 2.200000
14:55:01.953 @ANN009 1000
14:55:01.953 @ANN010 
14:55:01.953 @idx 2
14:55:01.954 @ANN002 GD201811240004
14:55:01.957 @ANN001 20181223002
14:55:01.958 @ANN002 GD201808080007
14:55:01.958 @ANN003 JYLF06-XM
14:55:01.958 @ANN004 JYLF06-XM-项目专用复合机
14:55:01.958 @ANN005 
14:55:01.958 @ANN006 台
14:55:01.958 @ANN007 1000
14:55:01.959 @ANN008 4.86
14:55:01.959 @ANN009 500
14:55:01.959 @ANN010 
14:55:08.136 @ANW001 20181223002
14:55:08.136 @ANW020 True
15:18:00.086 @EMP002 系统管理员
15:18:00.086 @EMP033 cebfd1559b68d67688884d7a3d3e8c
15:39:30.391 @EMP002 系统管理员
15:39:30.391 @EMP033 e51e6c4ea698bc872c5f2e504383ac59
15:39:32.555 @EMP002 系统管理员
15:39:32.555 @EMP033 cebfd1559b68d67688884d7a3d3e8c
15:39:56.604 @WAG001 20181223001
15:39:56.604 @WAG002 2018/12/23 0:00:00
15:39:56.802 @WAH001 20181223001
15:39:56.802 @WAH002 10002
15:39:56.802 @WAH003 吴征义
15:39:56.802 @WAH004 成品搬运工
15:39:56.802 @WAH006 44.5
15:39:56.803 @WAH008 156
15:39:56.806 @WAH001 20181223001
15:39:56.806 @WAH002 10003
15:39:56.806 @WAH003 王世洪
15:39:56.806 @WAH004 成品搬运工
15:39:56.807 @WAH006 35.5
15:39:56.807 @WAH008 132
15:39:56.809 @WAH001 20181223001
15:39:56.809 @WAH002 10004
15:39:56.809 @WAH003 李守军
15:39:56.809 @WAH004 成品搬运工
15:39:56.810 @WAH006 26.5
15:39:56.810 @WAH008 102
15:39:56.812 @WAH001 20181223001
15:39:56.812 @WAH002 10005
15:39:56.812 @WAH003 陈波
15:39:56.812 @WAH004 成品搬运工
15:39:56.812 @WAH006 18
15:39:56.813 @WAH008 34
15:39:56.816 @WAH001 20181223001
15:39:56.816 @WAH002 10006
15:39:56.816 @WAH003 赵庆书
15:39:56.816 @WAH004 成品搬运工
15:39:56.816 @WAH006 18
15:39:56.817 @WAH008 34
15:39:56.818 @WAH001 20181223001
15:39:56.818 @WAH002 10007
15:39:56.818 @WAH003 朱志波
15:39:56.818 @WAH004 成品搬运工
15:39:56.819 @WAH006 18
15:39:56.819 @WAH008 34
15:39:56.821 @WAH001 20181223001
15:39:56.821 @WAH002 10016
15:39:56.822 @WAH003 郭婧
15:39:56.822 @WAH004 装配工
15:39:56.822 @WAH006 9
15:39:56.822 @WAH008 17.61
15:39:56.825 @WAH001 20181223001
15:39:56.825 @WAH002 10017
15:39:56.825 @WAH003 龙兴连
15:39:56.826 @WAH004 装配工
15:39:56.826 @WAH006 9
15:39:56.826 @WAH008 17.61
15:39:56.827 @WAH001 20181223001
15:39:56.827 @WAH002 10018
15:39:56.828 @WAH003 刘付连
15:39:56.828 @WAH004 装配工
15:39:56.828 @WAH006 9
15:39:56.828 @WAH008 17.61
15:39:56.830 @WAH001 20181223001
15:39:56.830 @WAH002 10019
15:39:56.830 @WAH003 聂付秋
15:39:56.830 @WAH004 装配工
15:39:56.831 @WAH006 9
15:39:56.831 @WAH008 17.61
15:39:56.832 @WAH001 20181223001
15:39:56.832 @WAH002 10020
15:39:56.833 @WAH003 薛能米
15:39:56.833 @WAH004 装配工
15:39:56.833 @WAH006 9
15:39:56.833 @WAH008 17.61
15:39:56.834 @WAH001 20181223001
15:39:56.834 @WAH002 10021
15:39:56.835 @WAH003 彭顺艳
15:39:56.835 @WAH004 装配工
15:39:56.835 @WAH006 9
15:39:56.835 @WAH008 17.61
15:39:56.836 @WAH001 20181223001
15:39:56.837 @WAH002 10022
15:39:56.837 @WAH003 罗小琴
15:39:56.837 @WAH004 装配工
15:39:56.837 @WAH006 9
15:39:56.837 @WAH008 17.61
15:39:56.838 @WAH001 20181223001
15:39:56.839 @WAH002 10023
15:39:56.839 @WAH003 吕红艳
15:39:56.839 @WAH004 装配工
15:39:56.839 @WAH006 9
15:39:56.840 @WAH008 17.61
15:39:56.841 @WAH001 20181223001
15:39:56.842 @WAH002 10024
15:39:56.842 @WAH003 李朝粉
15:39:56.842 @WAH004 装配工
15:39:56.842 @WAH006 9
15:39:56.842 @WAH008 17.61
15:39:56.844 @WAH001 20181223001
15:39:56.844 @WAH002 10025
15:39:56.844 @WAH003 陈文会
15:39:56.845 @WAH004 装配工
15:39:56.845 @WAH006 9
15:39:56.845 @WAH008 17.61
15:39:56.847 @WAH001 20181223001
15:39:56.847 @WAH002 10026
15:39:56.847 @WAH003 平单单
15:39:56.847 @WAH004 装配工
15:39:56.848 @WAH006 9
15:39:56.848 @WAH008 17.61
15:39:56.849 @WAH001 20181223001
15:39:56.849 @WAH002 10027
15:39:56.850 @WAH003 梁永琴
15:39:56.850 @WAH004 装配工
15:39:56.850 @WAH006 9
15:39:56.850 @WAH008 17.61
15:39:56.851 @WAH001 20181223001
15:39:56.851 @WAH002 10028
15:39:56.852 @WAH003 胡孝明
15:39:56.852 @WAH004 装配工
15:39:56.852 @WAH006 9
15:39:56.852 @WAH008 17.61
15:39:56.854 @WAH001 20181223001
15:39:56.854 @WAH002 10029
15:39:56.855 @WAH003 聂昌奎
15:39:56.855 @WAH004 装配工
15:39:56.855 @WAH006 9
15:39:56.855 @WAH008 17.61
15:39:56.856 @WAH001 20181223001
15:39:56.856 @WAH002 10030
15:39:56.857 @WAH003 陶兴琴
15:39:56.857 @WAH004 装配工
15:39:56.857 @WAH006 9
15:39:56.857 @WAH008 17.61
15:39:56.859 @WAH001 20181223001
15:39:56.859 @WAH002 10031
15:39:56.860 @WAH003 方宇
15:39:56.860 @WAH004 装配工
15:39:56.860 @WAH006 9
15:39:56.860 @WAH008 17.61
15:39:56.862 @WAH001 20181223001
15:39:56.863 @WAH002 10032
15:39:56.863 @WAH003 段进连
15:39:56.863 @WAH004 装配工
15:39:56.863 @WAH006 9
15:39:56.864 @WAH008 17.61
15:39:56.865 @WAH001 20181223001
15:39:56.865 @WAH002 10033
15:39:56.865 @WAH003 唐云云
15:39:56.865 @WAH004 装配工
15:39:56.866 @WAH006 9
15:39:56.866 @WAH008 17.61
15:39:56.867 @WAH001 20181223001
15:39:56.867 @WAH002 10034
15:39:56.867 @WAH003 李大花
15:39:56.867 @WAH004 装配工
15:39:56.868 @WAH006 9
15:39:56.868 @WAH008 17.61
15:39:56.869 @WAH001 20181223001
15:39:56.870 @WAH002 10035
15:39:56.870 @WAH003 黄史作
15:39:56.870 @WAH004 装配工
15:39:56.871 @WAH006 9
15:39:56.871 @WAH008 17.61
15:39:56.872 @WAH001 20181223001
15:39:56.872 @WAH002 10036
15:39:56.872 @WAH003 罗昌梅
15:39:56.873 @WAH004 装配工
15:39:56.873 @WAH006 9
15:39:56.873 @WAH008 17.61
15:39:56.874 @WAH001 20181223001
15:39:56.875 @WAH002 10037
15:39:56.875 @WAH003 赵雨婷
15:39:56.875 @WAH004 装配工
15:39:56.875 @WAH006 9
15:39:56.875 @WAH008 17.61
15:39:56.877 @WAH001 20181223001
15:39:56.877 @WAH002 10038
15:39:56.877 @WAH003 余双双
15:39:56.877 @WAH004 装配工
15:39:56.878 @WAH006 9
15:39:56.878 @WAH008 17.61
15:39:56.879 @WAH001 20181223001
15:39:56.879 @WAH002 10093
15:39:56.879 @WAH003 陈林甫
15:39:56.879 @WAH004 喷漆工
15:39:56.880 @WAH006 9
15:39:56.880 @WAH008 21.38
15:39:56.881 @WAH001 20181223001
15:39:56.882 @WAH002 10094
15:39:56.882 @WAH003 张正友
15:39:56.882 @WAH004 喷漆工
15:39:56.882 @WAH006 9
15:39:56.882 @WAH008 21.38
15:39:56.884 @WAH001 20181223001
15:39:56.884 @WAH002 10095
15:39:56.884 @WAH003 王光
15:39:56.885 @WAH004 喷漆工
15:39:56.885 @WAH006 9
15:39:56.885 @WAH008 21.38
15:39:56.887 @WAH001 20181223001
15:39:56.887 @WAH002 10096
15:39:56.887 @WAH003 钱均鹏
15:39:56.887 @WAH004 喷漆工
15:39:56.887 @WAH006 9
15:39:56.888 @WAH008 21.38
15:39:56.889 @WAH001 20181223001
15:39:56.889 @WAH002 10097
15:39:56.889 @WAH003 陆秋云
15:39:56.889 @WAH004 装配工
15:39:56.890 @WAH006 9
15:39:56.890 @WAH008 71.25
15:39:56.891 @WAH001 20181223001
15:39:56.891 @WAH002 10098
15:39:56.892 @WAH003 郁叶琴
15:39:56.892 @WAH004 装配工
15:39:56.892 @WAH006 9
15:39:56.892 @WAH008 71.25
15:39:56.894 @WAH001 20181223001
15:39:56.894 @WAH002 10140
15:39:56.894 @WAH003 刘兴贵
15:39:56.894 @WAH004 装配工
15:39:56.894 @WAH006 9.5
15:39:56.895 @WAH008 4478.5
15:39:56.897 @WAH001 20181223001
15:39:56.897 @WAH002 10141
15:39:56.898 @WAH003 王振宇
15:39:56.898 @WAH004 装配工
15:39:56.898 @WAH006 8.5
15:39:56.898 @WAH008 68
15:39:56.902 @WAH001 20181223001
15:39:56.902 @WAH002 10142
15:39:56.902 @WAH003 钟成菊
15:39:56.903 @WAH004 装配工
15:39:56.903 @WAH006 8.5
15:39:56.903 @WAH008 68
15:39:56.904 @WAH001 20181223001
15:39:56.904 @WAH002 10143
15:39:56.905 @WAH003 赵成鹏
15:39:56.905 @WAH004 装配工
15:39:56.905 @WAH006 8.5
15:39:56.905 @WAH008 68
15:39:56.906 @WAH001 20181223001
15:39:56.906 @WAH002 10144
15:39:56.907 @WAH003 何万华
15:39:56.907 @WAH004 装配工
15:39:56.907 @WAH006 8.5
15:39:56.907 @WAH008 68
15:39:56.909 @WAH001 20181223001
15:39:56.909 @WAH002 10145
15:39:56.909 @WAH003 严云芹
15:39:56.909 @WAH004 装配工
15:39:56.910 @WAH006 8.5
15:39:56.910 @WAH008 68
15:39:56.911 @WAH001 20181223001
15:39:56.911 @WAH002 10146
15:39:56.911 @WAH003 马小千
15:39:56.912 @WAH004 装配工
15:39:56.912 @WAH006 8.5
15:39:56.912 @WAH008 68
15:39:56.913 @WAH001 20181223001
15:39:56.913 @WAH002 10147
15:39:56.914 @WAH003 周顺
15:39:56.914 @WAH004 装配工
15:39:56.914 @WAH006 8.5
15:39:56.914 @WAH008 68
15:39:56.918 @WAH001 20181223001
15:39:56.918 @WAH002 10148
15:39:56.918 @WAH003 龙付咪
15:39:56.918 @WAH004 装配工
15:39:56.919 @WAH006 8.5
15:39:56.919 @WAH008 68
15:39:56.920 @WAH001 20181223001
15:39:56.920 @WAH002 10150
15:39:56.921 @WAH003 刘高发
15:39:56.921 @WAH004 装配工
15:39:56.921 @WAH006 8.5
15:39:56.921 @WAH008 68
15:39:56.923 @WAH001 20181223001
15:39:56.923 @WAH002 10151
15:39:56.923 @WAH003 吴张英
15:39:56.923 @WAH004 装配工
15:39:56.923 @WAH006 8.5
15:39:56.924 @WAH008 68
15:39:56.925 @WAH001 20181223001
15:39:56.925 @WAH002 10152
15:39:56.925 @WAH003 杨犁
15:39:56.926 @WAH004 装配工
15:39:56.926 @WAH006 8.5
15:39:56.926 @WAH008 68
15:39:56.927 @WAH001 20181223001
15:39:56.927 @WAH002 10153
15:39:56.928 @WAH003 熊洪才
15:39:56.928 @WAH004 装配工
15:39:56.928 @WAH006 8.5
15:39:56.928 @WAH008 68
15:39:56.929 @WAH001 20181223001
15:39:56.930 @WAH002 10154
15:39:56.930 @WAH003 代开容
15:39:56.930 @WAH004 装配工
15:39:56.930 @WAH006 8.5
15:39:56.930 @WAH008 68
15:39:56.933 @WAH001 20181223001
15:39:56.933 @WAH002 10155
15:39:56.933 @WAH003 尹宗丹
15:39:56.933 @WAH004 装配工
15:39:56.934 @WAH006 8.5
15:39:56.934 @WAH008 68
15:39:56.935 @WAH001 20181223001
15:39:56.935 @WAH002 10156
15:39:56.935 @WAH003 朱正高
15:39:56.936 @WAH004 装配工
15:39:56.936 @WAH006 8.5
15:39:56.936 @WAH008 68
15:39:56.937 @WAH001 20181223001
15:39:56.937 @WAH002 10157
15:39:56.937 @WAH003 卿廷群
15:39:56.938 @WAH004 装配工
15:39:56.938 @WAH006 8.5
15:39:56.938 @WAH008 68
15:39:56.939 @WAH001 20181223001
15:39:56.939 @WAH002 10158
15:39:56.940 @WAH003 邹修丽
15:39:56.940 @WAH004 装配工
15:39:56.940 @WAH006 8.5
15:39:56.940 @WAH008 68
15:39:56.942 @WAH001 20181223001
15:39:56.942 @WAH002 10159
15:39:56.942 @WAH003 徐永洪
15:39:56.942 @WAH004 装配工
15:39:56.943 @WAH006 8.5
15:39:56.943 @WAH008 68
15:39:56.944 @WAH001 20181223001
15:39:56.944 @WAH002 10160
15:39:56.944 @WAH003 刘仁燕
15:39:56.945 @WAH004 装配工
15:39:56.945 @WAH006 8.5
15:39:56.945 @WAH008 68
15:39:56.946 @WAH001 20181223001
15:39:56.946 @WAH002 10161
15:39:56.946 @WAH003 陈万珍
15:39:56.947 @WAH004 装配工
15:39:56.947 @WAH006 8.5
15:39:56.947 @WAH008 68
15:39:56.949 @WAH001 20181223001
15:39:56.949 @WAH002 10162
15:39:56.950 @WAH003 李义承
15:39:56.950 @WAH004 装配工
15:39:56.950 @WAH006 8.5
15:39:56.950 @WAH008 68
15:39:56.951 @WAH001 20181223001
15:39:56.952 @WAH002 10163
15:39:56.952 @WAH003 张义兵
15:39:56.952 @WAH004 装配工
15:39:56.952 @WAH006 8.5
15:39:56.952 @WAH008 68
15:39:56.953 @WAH001 20181223001
15:39:56.954 @WAH002 10164
15:39:56.954 @WAH003 韩会萍
15:39:56.954 @WAH004 装配工
15:39:56.954 @WAH006 8.5
15:39:56.954 @WAH008 68
15:39:56.955 @WAH001 20181223001
15:39:56.956 @WAH002 10165
15:39:56.956 @WAH003 国明秀
15:39:56.956 @WAH004 装配工
15:39:56.956 @WAH006 8.5
15:39:56.956 @WAH008 68
15:39:59.647 @WAH010 0
15:39:59.647 @WAH011 0
15:39:59.647 @WAH015 0
15:39:59.647 @WAH016 0
15:39:59.647 @WAH017 0
15:39:59.648 @WAH018 0
15:39:59.648 @WAH019 0
15:39:59.648 @WAH022 2
15:39:59.648 @idx 216
15:39:59.653 @WAH010 0
15:39:59.653 @WAH011 0
15:39:59.653 @WAH015 0
15:39:59.653 @WAH016 0
15:39:59.653 @WAH017 0
15:39:59.654 @WAH018 0
15:39:59.654 @WAH019 0
15:39:59.654 @WAH022 2
15:39:59.654 @idx 217
15:39:59.656 @WAH010 0
15:39:59.656 @WAH011 0
15:39:59.656 @WAH015 0
15:39:59.656 @WAH016 0
15:39:59.656 @WAH017 0
15:39:59.656 @WAH018 0
15:39:59.656 @WAH019 0
15:39:59.657 @WAH022 2
15:39:59.657 @idx 218
15:39:59.659 @WAH010 0
15:39:59.659 @WAH011 0
15:39:59.659 @WAH015 0
15:39:59.659 @WAH016 0
15:39:59.659 @WAH017 0
15:39:59.659 @WAH018 0
15:39:59.659 @WAH019 0
15:39:59.660 @WAH022 2
15:39:59.660 @idx 219
15:39:59.665 @WAH010 0
15:39:59.666 @WAH011 0
15:39:59.666 @WAH015 0
15:39:59.666 @WAH016 0
15:39:59.666 @WAH017 0
15:39:59.666 @WAH018 0
15:39:59.667 @WAH019 0
15:39:59.667 @WAH022 2
15:39:59.667 @idx 220
15:39:59.668 @WAH010 0
15:39:59.669 @WAH011 0
15:39:59.669 @WAH015 0
15:39:59.669 @WAH016 0
15:39:59.669 @WAH017 0
15:39:59.669 @WAH018 0
15:39:59.670 @WAH019 0
15:39:59.670 @WAH022 2
15:39:59.670 @idx 221
15:39:59.671 @WAH010 0
15:39:59.672 @WAH011 0
15:39:59.672 @WAH015 0
15:39:59.672 @WAH016 0
15:39:59.672 @WAH017 0
15:39:59.672 @WAH018 0
15:39:59.673 @WAH019 0
15:39:59.673 @WAH022 1
15:39:59.673 @idx 222
15:39:59.674 @WAH010 0
15:39:59.674 @WAH011 0
15:39:59.675 @WAH015 0
15:39:59.675 @WAH016 0
15:39:59.675 @WAH017 0
15:39:59.675 @WAH018 0
15:39:59.675 @WAH019 0
15:39:59.676 @WAH022 1
15:39:59.676 @idx 223
15:39:59.677 @WAH010 0
15:39:59.678 @WAH011 0
15:39:59.678 @WAH015 0
15:39:59.678 @WAH016 0
15:39:59.678 @WAH017 0
15:39:59.678 @WAH018 0
15:39:59.679 @WAH019 0
15:39:59.679 @WAH022 1
15:39:59.679 @idx 224
15:39:59.680 @WAH010 0
15:39:59.681 @WAH011 0
15:39:59.681 @WAH015 0
15:39:59.681 @WAH016 0
15:39:59.681 @WAH017 0
15:39:59.682 @WAH018 0
15:39:59.682 @WAH019 0
15:39:59.682 @WAH022 1
15:39:59.682 @idx 225
15:39:59.684 @WAH010 0
15:39:59.684 @WAH011 0
15:39:59.684 @WAH015 0
15:39:59.685 @WAH016 0
15:39:59.685 @WAH017 0
15:39:59.685 @WAH018 0
15:39:59.685 @WAH019 0
15:39:59.685 @WAH022 1
15:39:59.685 @idx 226
15:39:59.687 @WAH010 0
15:39:59.687 @WAH011 0
15:39:59.687 @WAH015 0
15:39:59.687 @WAH016 0
15:39:59.687 @WAH017 0
15:39:59.688 @WAH018 0
15:39:59.688 @WAH019 0
15:39:59.688 @WAH022 1
15:39:59.688 @idx 227
15:39:59.689 @WAH010 0
15:39:59.690 @WAH011 0
15:39:59.690 @WAH015 0
15:39:59.690 @WAH016 0
15:39:59.690 @WAH017 0
15:39:59.690 @WAH018 0
15:39:59.691 @WAH019 0
15:39:59.691 @WAH022 1
15:39:59.691 @idx 228
15:39:59.692 @WAH010 0
15:39:59.693 @WAH011 0
15:39:59.693 @WAH015 0
15:39:59.693 @WAH016 0
15:39:59.693 @WAH017 0
15:39:59.693 @WAH018 0
15:39:59.694 @WAH019 0
15:39:59.694 @WAH022 1
15:39:59.694 @idx 229
15:39:59.696 @WAH010 0
15:39:59.696 @WAH011 0
15:39:59.696 @WAH015 0
15:39:59.696 @WAH016 0
15:39:59.696 @WAH017 0
15:39:59.697 @WAH018 0
15:39:59.697 @WAH019 0
15:39:59.697 @WAH022 1
15:39:59.697 @idx 230
15:39:59.699 @WAH010 0
15:39:59.699 @WAH011 0
15:39:59.699 @WAH015 0
15:39:59.699 @WAH016 0
15:39:59.699 @WAH017 0
15:39:59.700 @WAH018 0
15:39:59.700 @WAH019 0
15:39:59.700 @WAH022 1
15:39:59.700 @idx 231
15:39:59.701 @WAH010 0
15:39:59.702 @WAH011 0
15:39:59.702 @WAH015 0
15:39:59.702 @WAH016 0
15:39:59.702 @WAH017 0
15:39:59.702 @WAH018 0
15:39:59.703 @WAH019 0
15:39:59.703 @WAH022 1
15:39:59.703 @idx 232
15:39:59.704 @WAH010 0
15:39:59.705 @WAH011 0
15:39:59.705 @WAH015 0
15:39:59.705 @WAH016 0
15:39:59.705 @WAH017 0
15:39:59.705 @WAH018 0
15:39:59.705 @WAH019 0
15:39:59.706 @WAH022 1
15:39:59.706 @idx 233
15:39:59.707 @WAH010 0
15:39:59.707 @WAH011 0
15:39:59.707 @WAH015 0
15:39:59.708 @WAH016 0
15:39:59.708 @WAH017 0
15:39:59.708 @WAH018 0
15:39:59.708 @WAH019 0
15:39:59.708 @WAH022 1
15:39:59.708 @idx 234
15:39:59.710 @WAH010 0
15:39:59.710 @WAH011 0
15:39:59.710 @WAH015 0
15:39:59.711 @WAH016 0
15:39:59.711 @WAH017 0
15:39:59.711 @WAH018 0
15:39:59.711 @WAH019 0
15:39:59.711 @WAH022 1
15:39:59.712 @idx 235
15:39:59.713 @WAH010 0
15:39:59.713 @WAH011 0
15:39:59.713 @WAH015 0
15:39:59.713 @WAH016 0
15:39:59.714 @WAH017 0
15:39:59.714 @WAH018 0
15:39:59.714 @WAH019 0
15:39:59.714 @WAH022 1
15:39:59.714 @idx 236
15:39:59.717 @WAH010 0
15:39:59.717 @WAH011 0
15:39:59.717 @WAH015 0
15:39:59.717 @WAH016 0
15:39:59.718 @WAH017 0
15:39:59.718 @WAH018 0
15:39:59.718 @WAH019 0
15:39:59.718 @WAH022 1
15:39:59.718 @idx 237
15:39:59.720 @WAH010 0
15:39:59.720 @WAH011 0
15:39:59.720 @WAH015 0
15:39:59.720 @WAH016 0
15:39:59.720 @WAH017 0
15:39:59.721 @WAH018 0
15:39:59.721 @WAH019 0
15:39:59.721 @WAH022 1
15:39:59.721 @idx 238
15:39:59.722 @WAH010 0
15:39:59.722 @WAH011 0
15:39:59.723 @WAH015 0
15:39:59.723 @WAH016 0
15:39:59.723 @WAH017 0
15:39:59.723 @WAH018 0
15:39:59.723 @WAH019 0
15:39:59.723 @WAH022 1
15:39:59.724 @idx 239
15:39:59.725 @WAH010 0
15:39:59.725 @WAH011 0
15:39:59.726 @WAH015 0
15:39:59.726 @WAH016 0
15:39:59.726 @WAH017 0
15:39:59.726 @WAH018 0
15:39:59.726 @WAH019 0
15:39:59.727 @WAH022 1
15:39:59.727 @idx 240
15:39:59.728 @WAH010 0
15:39:59.728 @WAH011 0
15:39:59.728 @WAH015 0
15:39:59.729 @WAH016 0
15:39:59.729 @WAH017 0
15:39:59.729 @WAH018 0
15:39:59.729 @WAH019 0
15:39:59.729 @WAH022 1
15:39:59.729 @idx 241
15:39:59.731 @WAH010 0
15:39:59.731 @WAH011 0
15:39:59.731 @WAH015 0
15:39:59.731 @WAH016 0
15:39:59.732 @WAH017 0
15:39:59.732 @WAH018 0
15:39:59.732 @WAH019 0
15:39:59.732 @WAH022 1
15:39:59.732 @idx 242
15:39:59.734 @WAH010 0
15:39:59.734 @WAH011 0
15:39:59.734 @WAH015 0
15:39:59.735 @WAH016 0
15:39:59.735 @WAH017 0
15:39:59.735 @WAH018 0
15:39:59.735 @WAH019 0
15:39:59.735 @WAH022 1
15:39:59.736 @idx 243
15:39:59.737 @WAH010 0
15:39:59.737 @WAH011 0
15:39:59.737 @WAH015 0
15:39:59.738 @WAH016 0
15:39:59.738 @WAH017 0
15:39:59.738 @WAH018 0
15:39:59.738 @WAH019 0
15:39:59.739 @WAH022 1
15:39:59.739 @idx 244
15:39:59.740 @WAH010 0
15:39:59.740 @WAH011 0
15:39:59.741 @WAH015 0
15:39:59.741 @WAH016 0
15:39:59.741 @WAH017 0
15:39:59.741 @WAH018 0
15:39:59.741 @WAH019 100
15:39:59.742 @WAH022 1
15:39:59.742 @idx 245
15:39:59.746 @WAH010 0
15:39:59.746 @WAH011 0
15:39:59.746 @WAH015 0
15:39:59.746 @WAH016 0
15:39:59.746 @WAH017 0
15:39:59.747 @WAH018 0
15:39:59.747 @WAH019 0
15:39:59.747 @WAH022 1
15:39:59.747 @idx 246
15:39:59.749 @WAH010 0
15:39:59.749 @WAH011 0
15:39:59.749 @WAH015 0
15:39:59.749 @WAH016 0
15:39:59.750 @WAH017 0
15:39:59.750 @WAH018 0
15:39:59.750 @WAH019 0
15:39:59.750 @WAH022 1
15:39:59.750 @idx 247
15:39:59.752 @WAH010 0
15:39:59.752 @WAH011 0
15:39:59.752 @WAH015 0
15:39:59.752 @WAH016 0
15:39:59.752 @WAH017 0
15:39:59.753 @WAH018 0
15:39:59.753 @WAH019 0
15:39:59.753 @WAH022 1
15:39:59.753 @idx 248
15:39:59.754 @WAH010 0
15:39:59.754 @WAH011 0
15:39:59.755 @WAH015 0
15:39:59.755 @WAH016 0
15:39:59.755 @WAH017 0
15:39:59.755 @WAH018 0
15:39:59.755 @WAH019 0
15:39:59.755 @WAH022 1
15:39:59.756 @idx 249
15:39:59.757 @WAH010 0
15:39:59.757 @WAH011 0
15:39:59.757 @WAH015 0
15:39:59.757 @WAH016 0
15:39:59.757 @WAH017 0
15:39:59.758 @WAH018 0
15:39:59.758 @WAH019 0
15:39:59.758 @WAH022 1
15:39:59.758 @idx 250
15:39:59.760 @WAH010 0
15:39:59.760 @WAH011 0
15:39:59.760 @WAH015 0
15:39:59.760 @WAH016 0
15:39:59.761 @WAH017 0
15:39:59.761 @WAH018 0
15:39:59.761 @WAH019 0
15:39:59.761 @WAH022 1
15:39:59.761 @idx 251
15:39:59.763 @WAH010 0
15:39:59.763 @WAH011 0
15:39:59.763 @WAH015 0
15:39:59.763 @WAH016 0
15:39:59.763 @WAH017 0
15:39:59.764 @WAH018 0
15:39:59.764 @WAH019 0
15:39:59.764 @WAH022 1
15:39:59.764 @idx 252
15:39:59.766 @WAH010 0
15:39:59.766 @WAH011 0
15:39:59.766 @WAH015 0
15:39:59.766 @WAH016 0
15:39:59.766 @WAH017 0
15:39:59.766 @WAH018 0
15:39:59.767 @WAH019 0
15:39:59.767 @WAH022 1
15:39:59.767 @idx 253
15:39:59.768 @WAH010 0
15:39:59.768 @WAH011 0
15:39:59.769 @WAH015 0
15:39:59.769 @WAH016 0
15:39:59.769 @WAH017 0
15:39:59.769 @WAH018 0
15:39:59.769 @WAH019 0
15:39:59.770 @WAH022 1
15:39:59.770 @idx 254
15:39:59.771 @WAH010 0
15:39:59.771 @WAH011 0
15:39:59.771 @WAH015 0
15:39:59.771 @WAH016 0
15:39:59.772 @WAH017 0
15:39:59.772 @WAH018 0
15:39:59.772 @WAH019 0
15:39:59.772 @WAH022 1
15:39:59.772 @idx 255
15:39:59.774 @WAH010 0
15:39:59.774 @WAH011 0
15:39:59.774 @WAH015 0
15:39:59.774 @WAH016 0
15:39:59.774 @WAH017 0
15:39:59.775 @WAH018 0
15:39:59.775 @WAH019 0
15:39:59.775 @WAH022 1
15:39:59.775 @idx 256
15:39:59.777 @WAH010 0
15:39:59.777 @WAH011 0
15:39:59.777 @WAH015 0
15:39:59.777 @WAH016 0
15:39:59.777 @WAH017 0
15:39:59.778 @WAH018 0
15:39:59.778 @WAH019 0
15:39:59.778 @WAH022 1
15:39:59.778 @idx 257
15:39:59.779 @WAH010 0
15:39:59.780 @WAH011 0
15:39:59.780 @WAH015 0
15:39:59.780 @WAH016 0
15:39:59.780 @WAH017 0
15:39:59.780 @WAH018 0
15:39:59.781 @WAH019 0
15:39:59.781 @WAH022 1
15:39:59.781 @idx 258
15:39:59.782 @WAH010 0
15:39:59.783 @WAH011 0
15:39:59.783 @WAH015 0
15:39:59.783 @WAH016 0
15:39:59.783 @WAH017 0
15:39:59.783 @WAH018 0
15:39:59.784 @WAH019 0
15:39:59.784 @WAH022 1
15:39:59.784 @idx 259
15:39:59.785 @WAH010 0
15:39:59.785 @WAH011 0
15:39:59.786 @WAH015 0
15:39:59.786 @WAH016 0
15:39:59.786 @WAH017 0
15:39:59.786 @WAH018 0
15:39:59.786 @WAH019 0
15:39:59.786 @WAH022 1
15:39:59.787 @idx 260
15:39:59.788 @WAH010 0
15:39:59.788 @WAH011 0
15:39:59.788 @WAH015 0
15:39:59.789 @WAH016 0
15:39:59.789 @WAH017 0
15:39:59.789 @WAH018 0
15:39:59.789 @WAH019 0
15:39:59.789 @WAH022 1
15:39:59.789 @idx 261
15:39:59.791 @WAH010 0
15:39:59.791 @WAH011 0
15:39:59.791 @WAH015 0
15:39:59.791 @WAH016 0
15:39:59.791 @WAH017 0
15:39:59.792 @WAH018 0
15:39:59.792 @WAH019 0
15:39:59.792 @WAH022 1
15:39:59.792 @idx 262
15:39:59.793 @WAH010 0
15:39:59.794 @WAH011 0
15:39:59.794 @WAH015 0
15:39:59.794 @WAH016 0
15:39:59.794 @WAH017 0
15:39:59.794 @WAH018 0
15:39:59.795 @WAH019 0
15:39:59.795 @WAH022 1
15:39:59.795 @idx 263
15:39:59.796 @WAH010 0
15:39:59.796 @WAH011 0
15:39:59.797 @WAH015 0
15:39:59.797 @WAH016 0
15:39:59.797 @WAH017 0
15:39:59.797 @WAH018 0
15:39:59.797 @WAH019 0
15:39:59.798 @WAH022 1
15:39:59.798 @idx 264
15:39:59.799 @WAH010 0
15:39:59.799 @WAH011 0
15:39:59.800 @WAH015 0
15:39:59.800 @WAH016 0
15:39:59.800 @WAH017 0
15:39:59.800 @WAH018 0
15:39:59.800 @WAH019 0
15:39:59.801 @WAH022 1
15:39:59.801 @idx 265
15:39:59.802 @WAH010 0
15:39:59.802 @WAH011 0
15:39:59.802 @WAH015 0
15:39:59.803 @WAH016 0
15:39:59.803 @WAH017 0
15:39:59.803 @WAH018 0
15:39:59.803 @WAH019 0
15:39:59.803 @WAH022 1
15:39:59.803 @idx 266
15:39:59.805 @WAH010 0
15:39:59.805 @WAH011 0
15:39:59.805 @WAH015 0
15:39:59.805 @WAH016 0
15:39:59.805 @WAH017 0
15:39:59.806 @WAH018 0
15:39:59.806 @WAH019 0
15:39:59.806 @WAH022 1
15:39:59.806 @idx 267
15:39:59.807 @WAH010 0
15:39:59.807 @WAH011 0
15:39:59.808 @WAH015 0
15:39:59.808 @WAH016 0
15:39:59.808 @WAH017 0
15:39:59.808 @WAH018 0
15:39:59.808 @WAH019 0
15:39:59.809 @WAH022 1
15:39:59.809 @idx 268
15:39:59.810 @WAH010 0
15:39:59.810 @WAH011 0
15:39:59.810 @WAH015 0
15:39:59.811 @WAH016 0
15:39:59.811 @WAH017 0
15:39:59.811 @WAH018 0
15:39:59.811 @WAH019 0
15:39:59.811 @WAH022 1
15:39:59.812 @idx 269
15:39:59.813 @WAH010 0
15:39:59.813 @WAH011 0
15:39:59.813 @WAH015 0
15:39:59.813 @WAH016 0
15:39:59.814 @WAH017 0
15:39:59.814 @WAH018 0
15:39:59.814 @WAH019 0
15:39:59.814 @WAH022 1
15:39:59.814 @idx 270
15:39:59.816 @WAH010 0
15:39:59.816 @WAH011 0
15:39:59.816 @WAH015 0
15:39:59.816 @WAH016 0
15:39:59.817 @WAH017 0
15:39:59.817 @WAH018 0
15:39:59.817 @WAH019 0
15:39:59.817 @WAH022 1
15:39:59.818 @idx 271
15:39:59.819 @WAH010 0
15:39:59.820 @WAH011 0
15:39:59.820 @WAH015 0
15:39:59.820 @WAH016 0
15:39:59.820 @WAH017 0
15:39:59.820 @WAH018 0
15:39:59.821 @WAH019 0
15:39:59.821 @WAH022 1
15:39:59.821 @idx 272
15:39:59.822 @WAH010 0
15:39:59.822 @WAH011 0
15:39:59.823 @WAH015 0
15:39:59.823 @WAH016 0
15:39:59.823 @WAH017 0
15:39:59.823 @WAH018 0
15:39:59.823 @WAH019 0
15:39:59.823 @WAH022 1
15:39:59.824 @idx 273
15:39:59.825 @WAH010 0
15:39:59.825 @WAH011 0
15:39:59.825 @WAH015 0
15:39:59.826 @WAH016 0
15:39:59.826 @WAH017 0
15:39:59.826 @WAH018 0
15:39:59.826 @WAH019 0
15:39:59.826 @WAH022 1
15:39:59.826 @idx 274
15:39:59.828 @WAH010 0
15:39:59.828 @WAH011 0
15:39:59.828 @WAH015 0
15:39:59.828 @WAH016 0
15:39:59.828 @WAH017 0
15:39:59.829 @WAH018 0
15:39:59.829 @WAH019 0
15:39:59.829 @WAH022 1
15:39:59.829 @idx 275
