10:01:15.825 @EMP002 系统管理员
10:01:15.825 @EMP033 cebfd1559b68d67688884d7a3d3e8c
10:26:43.531 @EMP002 系统管理员
10:26:43.532 @EMP033 cebfd1559b68d67688884d7a3d3e8c
10:28:50.698 @EMP002 系统管理员
10:28:50.699 @EMP033 cebfd1559b68d67688884d7a3d3e8c
10:57:34.493 @EMP002 系统管理员
10:57:34.494 @EMP033 cebfd1559b68d67688884d7a3d3e8c
10:58:32.415 @PRF001 MX48A
10:58:32.415 @PRF002 2018/12/14 0:00:00
10:58:32.416 @PRF003 0
10:58:32.428 @PRF001 MX48A
10:58:32.428 @PRF002 2018/12/15 0:00:00
10:58:32.428 @PRF003 0
11:00:09.019 @EMP002 系统管理员
11:00:09.021 @EMP033 cebfd1559b68d67688884d7a3d3e8c
11:00:37.958 @PRF001 MX48A
11:00:37.974 @PRF002 2018/12/16 0:00:00
11:00:37.974 @PRF003 0
11:00:37.982 @PRF001 MX48A
11:00:37.983 @PRF002 2018/12/17 0:00:00
11:00:37.983 @PRF003 0
11:02:45.731 @EMP002 系统管理员
11:02:45.733 @EMP033 cebfd1559b68d67688884d7a3d3e8c
11:04:03.232 @PRF001 MX48A
11:04:03.232 @PRF002 2018/12/18 0:00:00
11:04:03.232 @PRF003 0
11:04:03.239 @PRF001 MX48A
11:04:03.239 @PRF002 2018/12/19 0:00:00
11:04:03.239 @PRF003 0
11:04:34.806 @PRF001 MX55A
11:04:34.807 @PRF002 2018/12/19 0:00:00
11:04:34.807 @PRF003 0
11:04:34.817 @PRF001 MX55A
11:04:34.818 @PRF002 2018/12/20 0:00:00
11:04:34.818 @PRF003 0
11:04:34.823 @PRF001 MX55A
11:04:34.824 @PRF002 2018/12/21 0:00:00
11:04:34.824 @PRF003 0
11:05:01.715 @PRF001 MX48A
11:05:01.715 @PRF002 2018/12/11 0:00:00
11:05:01.716 @PRF003 12
11:05:01.723 @PRF001 MX48A
11:05:01.723 @PRF002 2018/12/12 0:00:00
11:05:01.724 @PRF003 12
11:05:01.727 @PRF001 MX48A
11:05:01.727 @PRF002 2018/12/13 0:00:00
11:05:01.728 @PRF003 12
11:05:01.736 @PRF001 MX48A
11:05:01.737 @PRF002 2018/12/14 0:00:00
11:05:01.737 @PRF003 0
11:05:01.739 @PRF001 MX48A
11:05:01.739 @PRF002 2018/12/15 0:00:00
11:05:01.739 @PRF003 0
11:05:01.741 @PRF001 MX48A
11:05:01.741 @PRF002 2018/12/16 0:00:00
11:05:01.741 @PRF003 0
11:05:01.742 @PRF001 MX48A
11:05:01.743 @PRF002 2018/12/17 0:00:00
11:05:01.743 @PRF003 0
11:05:01.744 @PRF001 MX48A
11:05:01.744 @PRF002 2018/12/18 0:00:00
11:05:01.744 @PRF003 0
11:05:01.746 @PRF001 MX48A
11:05:01.746 @PRF002 2018/12/19 0:00:00
11:05:01.746 @PRF003 0
11:05:01.748 @PRF001 MX48A
11:05:01.748 @PRF002 2018/12/20 0:00:00
11:05:01.748 @PRF003 0
11:05:01.749 @PRF001 MX48A
11:05:01.750 @PRF002 2018/12/21 0:00:00
11:05:01.750 @PRF003 0
11:05:01.751 @PRF001 MX55A
11:05:01.751 @PRF002 2018/12/11 0:00:00
11:05:01.751 @PRF003 20
11:05:01.752 @PRF001 MX55A
11:05:01.753 @PRF002 2018/12/12 0:00:00
11:05:01.753 @PRF003 20
11:05:01.754 @PRF001 MX55A
11:05:01.754 @PRF002 2018/12/13 0:00:00
11:05:01.754 @PRF003 20
11:05:01.756 @PRF001 MX55A
11:05:01.756 @PRF002 2018/12/14 0:00:00
11:05:01.756 @PRF003 20
11:05:01.758 @PRF001 MX55A
11:05:01.758 @PRF002 2018/12/15 0:00:00
11:05:01.758 @PRF003 20
11:05:01.759 @PRF001 MX55A
11:05:01.760 @PRF002 2018/12/16 0:00:00
11:05:01.760 @PRF003 20
11:05:01.761 @PRF001 MX55A
11:05:01.761 @PRF002 2018/12/17 0:00:00
11:05:01.762 @PRF003 20
11:05:01.763 @PRF001 MX55A
11:05:01.763 @PRF002 2018/12/18 0:00:00
11:05:01.763 @PRF003 4
11:05:01.765 @PRF001 MX55A
11:05:01.765 @PRF002 2018/12/19 0:00:00
11:05:01.765 @PRF003 0
11:05:01.767 @PRF001 MX55A
11:05:01.767 @PRF002 2018/12/20 0:00:00
11:05:01.767 @PRF003 0
11:05:01.769 @PRF001 MX55A
11:05:01.769 @PRF002 2018/12/21 0:00:00
11:05:01.770 @PRF003 0
11:27:48.004 @EMP002 系统管理员
11:27:48.004 @EMP033 cebfd1559b68d67688884d7a3d3e8c
11:30:10.268 @EMP002 系统管理员
11:30:10.269 @EMP033 cebfd1559b68d67688884d7a3d3e8c
13:05:39.451 @EMP002 系统管理员
13:05:39.451 @EMP033 cebfd1559b68d67688884d7a3d3e8c
13:08:27.655 @EMP002 系统管理员
13:08:27.656 @EMP033 cebfd1559b68d67688884d7a3d3e8c
13:08:55.587 @EMP002 系统管理员
13:08:55.588 @EMP033 cebfd1559b68d67688884d7a3d3e8c
13:11:02.916 @EMP002 系统管理员
13:11:02.917 @EMP033 cebfd1559b68d67688884d7a3d3e8c
13:11:51.709 @EMP002 系统管理员
13:11:51.710 @EMP033 cebfd1559b68d67688884d7a3d3e8c
13:14:41.267 @EMP002 系统管理员
13:14:41.268 @EMP033 cebfd1559b68d67688884d7a3d3e8c
13:19:43.390 @EMP002 系统管理员
13:19:43.391 @EMP033 cebfd1559b68d67688884d7a3d3e8c
13:20:35.337 @PRF001 MX48A
13:20:35.338 @PRF002 2018/12/11 0:00:00
13:20:35.338 @PRF003 0
13:20:35.342 @PRF001 MX48A
13:20:35.343 @PRF002 2018/12/12 0:00:00
13:20:35.343 @PRF003 0
13:20:35.349 @PRF001 MX48A
13:20:35.349 @PRF002 2018/12/13 0:00:00
13:20:35.350 @PRF003 0
13:20:35.352 @PRF001 MX48A
13:20:35.352 @PRF002 2018/12/14 0:00:00
13:20:35.352 @PRF003 12
13:20:35.361 @PRF001 MX48A
13:20:35.361 @PRF002 2018/12/15 0:00:00
13:20:35.361 @PRF003 12
13:20:35.364 @PRF001 MX48A
13:20:35.364 @PRF002 2018/12/16 0:00:00
13:20:35.365 @PRF003 12
13:20:35.366 @PRF001 MX48A
13:20:35.366 @PRF002 2018/12/17 0:00:00
13:20:35.366 @PRF003 0
13:20:35.367 @PRF001 MX48A
13:20:35.368 @PRF002 2018/12/18 0:00:00
13:20:35.368 @PRF003 0
13:20:35.369 @PRF001 MX48A
13:20:35.369 @PRF002 2018/12/19 0:00:00
13:20:35.370 @PRF003 0
13:20:35.371 @PRF001 MX48A
13:20:35.371 @PRF002 2018/12/20 0:00:00
13:20:35.372 @PRF003 0
13:20:35.373 @PRF001 MX48A
13:20:35.373 @PRF002 2018/12/21 0:00:00
13:20:35.373 @PRF003 0
13:20:35.375 @PRF001 MX55A
13:20:35.375 @PRF002 2018/12/11 0:00:00
13:20:35.375 @PRF003 20
13:20:35.376 @PRF001 MX55A
13:20:35.377 @PRF002 2018/12/12 0:00:00
13:20:35.377 @PRF003 20
13:20:35.378 @PRF001 MX55A
13:20:35.379 @PRF002 2018/12/13 0:00:00
13:20:35.379 @PRF003 20
13:20:35.380 @PRF001 MX55A
13:20:35.380 @PRF002 2018/12/14 0:00:00
13:20:35.381 @PRF003 20
13:20:35.382 @PRF001 MX55A
13:20:35.382 @PRF002 2018/12/15 0:00:00
13:20:35.383 @PRF003 20
13:20:35.384 @PRF001 MX55A
13:20:35.384 @PRF002 2018/12/16 0:00:00
13:20:35.384 @PRF003 20
13:20:35.385 @PRF001 MX55A
13:20:35.386 @PRF002 2018/12/17 0:00:00
13:20:35.386 @PRF003 20
13:20:35.387 @PRF001 MX55A
13:20:35.388 @PRF002 2018/12/18 0:00:00
13:20:35.388 @PRF003 4
13:20:35.389 @PRF001 MX55A
13:20:35.390 @PRF002 2018/12/19 0:00:00
13:20:35.390 @PRF003 0
13:20:35.393 @PRF001 MX55A
13:20:35.393 @PRF002 2018/12/20 0:00:00
13:20:35.394 @PRF003 0
13:20:35.395 @PRF001 MX55A
13:20:35.395 @PRF002 2018/12/21 0:00:00
13:20:35.395 @PRF003 0
13:46:58.837 @EMP002 系统管理员
13:46:58.838 @EMP033 cebfd1559b68d67688884d7a3d3e8c
13:48:59.609 @EMP002 系统管理员
13:48:59.609 @EMP033 cebfd1559b68d67688884d7a3d3e8c
13:53:41.270 @EMP002 系统管理员
13:53:41.271 @EMP033 cebfd1559b68d67688884d7a3d3e8c
13:55:48.075 @EMP002 系统管理员
13:55:48.076 @EMP033 cebfd1559b68d67688884d7a3d3e8c
14:01:06.342 @EMP002 系统管理员
14:01:06.343 @EMP033 cebfd1559b68d67688884d7a3d3e8c
14:01:48.328 @HAW001 20181211001
14:01:48.328 @HAW002 GD201810060120
14:01:48.328 @HAW003 202101322P
14:01:48.328 @HAW004 F01-DS钛银面板-丝印
14:01:48.328 @HAW005 300*300mm
14:01:48.328 @HAW006 PCS
14:01:48.328 @HAW007 2000
14:01:48.329 @HAW008 0.231
14:01:48.329 @HAW009 100
14:01:48.329 @HAW010 2018/12/11 0:00:00
14:01:48.329 @HAW011 计时
14:01:48.329 @HAW012 0501
14:01:48.329 @HAW013 五金车间
14:01:48.329 @HAW014 0501
14:01:48.330 @HAW015 五金车间
14:01:48.330 @HAW016 
14:01:48.330 @HAW017 
14:01:48.330 @HAW018 False
14:01:48.330 @HAW019 False
14:01:48.331 @HAW020 0
14:01:48.331 @HAW021 0
14:01:48.339 @HAX001 20181211001
14:01:48.339 @HAX002 10002
14:01:48.339 @HAX003 吴征义
14:01:48.339 @HAX004 成品搬运工
14:01:48.340 @HAX005 1011
14:01:48.340 @HAX006 冲角
14:01:48.340 @HAX007 0.014
14:01:48.340 @HAX008 120
14:01:48.341 @HAX009 
14:01:48.341 @HAX010 
14:01:48.341 @HAX011 2018/12/11 8:00:00
14:01:48.341 @HAX012 2018/12/11 17:00:00
14:01:48.341 @HAX013 8
14:01:48.341 @HAX014 
14:01:48.342 @HAX015 在职
14:01:48.342 @HAX016 001
14:01:48.342 @HAX017 物流组
14:01:48.342 @HAX018 0
14:01:48.342 @HAX019 9
14:01:48.343 @HAX020 73.7
14:01:48.353 @HAX001 20181211001
14:01:48.353 @HAX002 10003
14:01:48.354 @HAX003 王世洪
14:01:48.354 @HAX004 成品搬运工
14:01:48.354 @HAX005 1008
14:01:48.354 @HAX006 成型
14:01:48.354 @HAX007 0.015
14:01:48.355 @HAX008 100
14:01:48.355 @HAX009 
14:01:48.355 @HAX010 
14:01:48.355 @HAX011 2018/12/11 8:00:00
14:01:48.355 @HAX012 2018/12/11 17:00:00
14:01:48.357 @HAX013 8
14:01:48.357 @HAX014 
14:01:48.357 @HAX015 在职
14:01:48.357 @HAX016 002
14:01:48.358 @HAX017 物流组
14:01:48.358 @HAX018 0
14:01:48.358 @HAX019 9
14:01:48.358 @HAX020 73.5
14:01:48.360 @HAX001 20181211001
14:01:48.361 @HAX002 10004
14:01:48.361 @HAX003 李守军
14:01:48.361 @HAX004 成品搬运工
14:01:48.361 @HAX005 1005
14:01:48.362 @HAX006 冲孔
14:01:48.362 @HAX007 0.024
14:01:48.362 @HAX008 100
14:01:48.362 @HAX009 
14:01:48.362 @HAX010 
14:01:48.363 @HAX011 2018/12/11 8:00:00
14:01:48.363 @HAX012 2018/12/11 17:00:00
14:01:48.363 @HAX013 10
14:01:48.363 @HAX014 
14:01:48.363 @HAX015 在职
14:01:48.364 @HAX016 003
14:01:48.364 @HAX017 物流组
14:01:48.364 @HAX018 0
14:01:48.364 @HAX019 9
14:01:48.365 @HAX020 92.4
14:01:48.369 @HAX001 20181211001
14:01:48.369 @HAX002 10005
14:01:48.369 @HAX003 陈波
14:01:48.369 @HAX004 成品搬运工
14:01:48.370 @HAX005 1009
14:01:48.370 @HAX006 压筋
14:01:48.370 @HAX007 0.028
14:01:48.370 @HAX008 100
14:01:48.370 @HAX009 
14:01:48.370 @HAX010 
14:01:48.371 @HAX011 2018/12/11 8:00:00
14:01:48.371 @HAX012 2018/12/11 17:00:00
14:01:48.371 @HAX013 8
14:01:48.371 @HAX014 
14:01:48.371 @HAX015 在职
14:01:48.372 @HAX016 004
14:01:48.372 @HAX017 物流组
14:01:48.372 @HAX018 0
14:01:48.372 @HAX019 9
14:01:48.372 @HAX020 74.8
14:01:48.374 @HAX001 20181211001
14:01:48.374 @HAX002 10006
14:01:48.374 @HAX003 赵庆书
14:01:48.374 @HAX004 成品搬运工
14:01:48.374 @HAX005 1017
14:01:48.374 @HAX006 丝印
14:01:48.375 @HAX007 0.15
14:01:48.375 @HAX008 100
14:01:48.375 @HAX009 
14:01:48.375 @HAX010 
14:01:48.375 @HAX011 2018/12/11 8:00:00
14:01:48.375 @HAX012 2018/12/11 17:00:00
14:01:48.375 @HAX013 8
14:01:48.376 @HAX014 
14:01:48.376 @HAX015 在职
14:01:48.376 @HAX016 005
14:01:48.376 @HAX017 物流组
14:01:48.376 @HAX018 0
14:01:48.377 @HAX019 9
14:01:48.377 @HAX020 87.0
14:02:11.957 @HAW002 GD201810060120
14:02:11.957 @HAW003 202101322P
14:02:11.957 @HAW004 F01-DS钛银面板-丝印
14:02:11.957 @HAW005 300*300mm
14:02:11.958 @HAW006 PCS
14:02:11.958 @HAW007 2000
14:02:11.958 @HAW008 0.231000
14:02:11.958 @HAW009 100
14:02:11.959 @HAW010 2018/12/11 0:00:00
14:02:11.959 @HAW011 计件
14:02:11.959 @HAW012 0501
14:02:11.959 @HAW013 五金车间
14:02:11.960 @HAW014 0501
14:02:11.960 @HAW015 五金车间
14:02:11.960 @HAW016 
14:02:11.960 @HAW017 
14:02:11.960 @HAW018 False
14:02:11.961 @HAW019 False
14:02:11.961 @HAW001 20181211001
14:02:11.961 @HAW020 0
14:02:11.961 @HAW021 0
14:02:11.969 @HAX003 吴征义
14:02:11.970 @HAX004 成品搬运工
14:02:11.970 @HAX005 1011
14:02:11.970 @HAX006 冲角
14:02:11.970 @HAX007 0.014000
14:02:11.970 @HAX008 120
14:02:11.971 @HAX009 2018/12/11 8:00:00
14:02:11.971 @HAX010 2018/12/11 17:00:00
14:02:11.971 @HAX011 
14:02:11.971 @HAX012 
14:02:11.971 @HAX013 8.000000
14:02:11.971 @HAX014 
14:02:11.971 @HAX015 在职
14:02:11.972 @HAX016 001
14:02:11.972 @HAX017 物流组
14:02:11.972 @idx 27
14:02:11.972 @HAX018 9
14:02:11.972 @HAX019 0
14:02:11.972 @HAX020 1.7
14:02:11.979 @HAX003 王世洪
14:02:11.980 @HAX004 成品搬运工
14:02:11.980 @HAX005 1008
14:02:11.980 @HAX006 成型
14:02:11.980 @HAX007 0.015000
14:02:11.980 @HAX008 100
14:02:11.980 @HAX009 2018/12/11 8:00:00
14:02:11.980 @HAX010 2018/12/11 17:00:00
14:02:11.980 @HAX011 
14:02:11.981 @HAX012 
14:02:11.981 @HAX013 8.000000
14:02:11.981 @HAX014 
14:02:11.981 @HAX015 在职
14:02:11.982 @HAX016 002
14:02:11.982 @HAX017 物流组
14:02:11.982 @idx 28
14:02:11.982 @HAX018 9
14:02:11.982 @HAX019 0
14:02:11.983 @HAX020 1.5
14:02:11.984 @HAX003 李守军
14:02:11.985 @HAX004 成品搬运工
14:02:11.985 @HAX005 1005
14:02:11.985 @HAX006 冲孔
14:02:11.985 @HAX007 0.024000
14:02:11.986 @HAX008 100
14:02:11.986 @HAX009 2018/12/11 8:00:00
14:02:11.986 @HAX010 2018/12/11 17:00:00
14:02:11.986 @HAX011 
14:02:11.988 @HAX012 
14:02:11.988 @HAX013 10.000000
14:02:11.988 @HAX014 
14:02:11.988 @HAX015 在职
14:02:11.989 @HAX016 003
14:02:11.989 @HAX017 物流组
14:02:11.989 @idx 29
14:02:11.989 @HAX018 9
14:02:11.989 @HAX019 0
14:02:11.990 @HAX020 2.4
14:02:11.997 @HAX003 陈波
14:02:11.998 @HAX004 成品搬运工
14:02:11.998 @HAX005 1009
14:02:11.998 @HAX006 压筋
14:02:11.999 @HAX007 0.028000
14:02:11.999 @HAX008 100
14:02:11.999 @HAX009 2018/12/11 8:00:00
14:02:11.999 @HAX010 2018/12/11 17:00:00
14:02:12.000 @HAX011 
14:02:12.000 @HAX012 
14:02:12.000 @HAX013 8.000000
14:02:12.000 @HAX014 
14:02:12.000 @HAX015 在职
14:02:12.000 @HAX016 004
14:02:12.001 @HAX017 物流组
14:02:12.001 @idx 30
14:02:12.001 @HAX018 9
14:02:12.001 @HAX019 0
14:02:12.001 @HAX020 2.8
14:02:12.004 @HAX003 赵庆书
14:02:12.004 @HAX004 成品搬运工
14:02:12.004 @HAX005 1017
14:02:12.005 @HAX006 丝印
14:02:12.005 @HAX007 0.150000
14:02:12.005 @HAX008 100
14:02:12.005 @HAX009 2018/12/11 8:00:00
14:02:12.005 @HAX010 2018/12/11 17:00:00
14:02:12.005 @HAX011 
14:02:12.005 @HAX012 
14:02:12.006 @HAX013 8.000000
14:02:12.006 @HAX014 
14:02:12.006 @HAX015 在职
14:02:12.006 @HAX016 005
14:02:12.006 @HAX017 物流组
14:02:12.006 @idx 31
14:02:12.006 @HAX018 9
14:02:12.007 @HAX019 0
14:02:12.007 @HAX020 15.0
14:02:23.486 @HAW002 GD201810060120
14:02:23.487 @HAW003 202101322P
14:02:23.487 @HAW004 F01-DS钛银面板-丝印
14:02:23.487 @HAW005 300*300mm
14:02:23.487 @HAW006 PCS
14:02:23.487 @HAW007 2000
14:02:23.488 @HAW008 0.231000
14:02:23.488 @HAW009 100
14:02:23.488 @HAW010 2018/12/11 0:00:00
14:02:23.488 @HAW011 计件
14:02:23.488 @HAW012 0501
14:02:23.489 @HAW013 五金车间
14:02:23.489 @HAW014 0501
14:02:23.489 @HAW015 五金车间
14:02:23.489 @HAW016 
14:02:23.489 @HAW017 
14:02:23.490 @HAW018 False
14:02:23.490 @HAW019 False
14:02:23.490 @HAW001 20181211001
14:02:23.490 @HAW020 0
14:02:23.491 @HAW021 0
14:02:23.500 @HAX003 吴征义
14:02:23.500 @HAX004 成品搬运工
14:02:23.500 @HAX005 1011
14:02:23.501 @HAX006 冲角
14:02:23.501 @HAX007 0.014000
14:02:23.501 @HAX008 120
14:02:23.501 @HAX009 2018/12/11 8:00:00
14:02:23.501 @HAX010 2018/12/11 17:00:00
14:02:23.502 @HAX011 
14:02:23.502 @HAX012 
14:02:23.502 @HAX013 8.000000
14:02:23.502 @HAX014 
14:02:23.502 @HAX015 在职
14:02:23.503 @HAX016 001
14:02:23.503 @HAX017 物流组
14:02:23.503 @idx 27
14:02:23.503 @HAX018 9
14:02:23.503 @HAX019 0
14:02:23.503 @HAX020 1.7
14:02:23.507 @HAX003 王世洪
14:02:23.507 @HAX004 成品搬运工
14:02:23.507 @HAX005 1008
14:02:23.507 @HAX006 成型
14:02:23.508 @HAX007 0.015000
14:02:23.508 @HAX008 100
14:02:23.508 @HAX009 2018/12/11 8:00:00
14:02:23.508 @HAX010 2018/12/11 17:00:00
14:02:23.509 @HAX011 
14:02:23.509 @HAX012 
14:02:23.509 @HAX013 8.000000
14:02:23.509 @HAX014 
14:02:23.509 @HAX015 在职
14:02:23.510 @HAX016 002
14:02:23.510 @HAX017 物流组
14:02:23.510 @idx 28
14:02:23.510 @HAX018 9
14:02:23.510 @HAX019 0
14:02:23.511 @HAX020 1.5
14:02:23.516 @HAX003 李守军
14:02:23.517 @HAX004 成品搬运工
14:02:23.517 @HAX005 1005
14:02:23.517 @HAX006 冲孔
14:02:23.517 @HAX007 0.024000
14:02:23.518 @HAX008 100
14:02:23.518 @HAX009 2018/12/11 8:00:00
14:02:23.518 @HAX010 2018/12/11 17:00:00
14:02:23.518 @HAX011 
14:02:23.518 @HAX012 
14:02:23.519 @HAX013 10.000000
14:02:23.519 @HAX014 
14:02:23.519 @HAX015 在职
14:02:23.519 @HAX016 003
14:02:23.519 @HAX017 物流组
14:02:23.520 @idx 29
14:02:23.520 @HAX018 9
14:02:23.520 @HAX019 0
14:02:23.520 @HAX020 2.4
14:02:23.522 @HAX003 陈波
14:02:23.522 @HAX004 成品搬运工
14:02:23.522 @HAX005 1009
14:02:23.522 @HAX006 压筋
14:02:23.522 @HAX007 0.028000
14:02:23.523 @HAX008 100
14:02:23.523 @HAX009 2018/12/11 8:00:00
14:02:23.523 @HAX010 2018/12/11 17:00:00
14:02:23.523 @HAX011 
14:02:23.524 @HAX012 
14:02:23.524 @HAX013 8.000000
14:02:23.524 @HAX014 
14:02:23.524 @HAX015 在职
14:02:23.524 @HAX016 004
14:02:23.524 @HAX017 物流组
14:02:23.525 @idx 30
14:02:23.525 @HAX018 9
14:02:23.525 @HAX019 0
14:02:23.525 @HAX020 2.8
14:02:23.527 @HAX003 赵庆书
14:02:23.527 @HAX004 成品搬运工
14:02:23.527 @HAX005 1017
14:02:23.527 @HAX006 丝印
14:02:23.527 @HAX007 0.150000
14:02:23.528 @HAX008 100
14:02:23.528 @HAX009 2018/12/11 8:00:00
14:02:23.528 @HAX010 2018/12/11 17:00:00
14:02:23.528 @HAX011 
14:02:23.529 @HAX012 
14:02:23.529 @HAX013 8.000000
14:02:23.529 @HAX014 
14:02:23.529 @HAX015 在职
14:02:23.529 @HAX016 005
14:02:23.529 @HAX017 物流组
14:02:23.530 @idx 31
14:02:23.530 @HAX018 9
14:02:23.530 @HAX019 0
14:02:23.530 @HAX020 15.0
14:04:05.978 @EMP002 系统管理员
14:04:05.979 @EMP033 cebfd1559b68d67688884d7a3d3e8c
14:04:53.055 @HAW002 GD201810060120
14:04:53.055 @HAW003 202101322P
14:04:53.056 @HAW004 F01-DS钛银面板-丝印
14:04:53.056 @HAW005 300*300mm
14:04:53.056 @HAW006 PCS
14:04:53.056 @HAW007 2000
14:04:53.056 @HAW008 0.231000
14:04:53.057 @HAW009 100
14:04:53.057 @HAW010 2018/12/11 0:00:00
14:04:53.057 @HAW011 计件
14:04:53.057 @HAW012 0501
14:04:53.057 @HAW013 五金车间
14:04:53.058 @HAW014 0501
14:04:53.058 @HAW015 五金车间
14:04:53.058 @HAW016 
14:04:53.058 @HAW017 
14:04:53.058 @HAW018 False
14:04:53.058 @HAW019 False
14:04:53.059 @HAW001 20181211001
14:04:53.059 @HAW020 0
14:04:53.059 @HAW021 0
14:04:53.066 @HAX003 吴征义
14:04:53.066 @HAX004 成品搬运工
14:04:53.066 @HAX005 1011
14:04:53.066 @HAX006 冲角
14:04:53.067 @HAX007 0.014000
14:04:53.067 @HAX008 120
14:04:53.067 @HAX009 2018/12/11 8:00:00
14:04:53.067 @HAX010 2018/12/11 17:00:00
14:04:53.067 @HAX011 
14:04:53.067 @HAX012 
14:04:53.068 @HAX013 8.000000
14:04:53.068 @HAX014 
14:04:53.068 @HAX015 在职
14:04:53.068 @HAX016 001
14:04:53.068 @HAX017 物流组
14:04:53.068 @idx 27
14:04:53.069 @HAX018 9
14:04:53.069 @HAX019 0
14:04:53.069 @HAX020 1.7
14:04:53.076 @HAX003 王世洪
14:04:53.076 @HAX004 成品搬运工
14:04:53.076 @HAX005 1008
14:04:53.077 @HAX006 成型
14:04:53.077 @HAX007 0.015000
14:04:53.077 @HAX008 100
14:04:53.077 @HAX009 2018/12/11 8:00:00
14:04:53.077 @HAX010 2018/12/11 17:00:00
14:04:53.077 @HAX011 
14:04:53.078 @HAX012 
14:04:53.078 @HAX013 8.000000
14:04:53.078 @HAX014 
14:04:53.078 @HAX015 在职
14:04:53.078 @HAX016 002
14:04:53.079 @HAX017 物流组
14:04:53.079 @idx 28
14:04:53.079 @HAX018 9
14:04:53.079 @HAX019 0
14:04:53.079 @HAX020 1.5
14:04:53.084 @HAX003 李守军
14:04:53.084 @HAX004 成品搬运工
14:04:53.084 @HAX005 1005
14:04:53.084 @HAX006 冲孔
14:04:53.084 @HAX007 0.024000
14:04:53.085 @HAX008 100
14:04:53.085 @HAX009 2018/12/11 8:00:00
14:04:53.085 @HAX010 2018/12/11 17:00:00
14:04:53.085 @HAX011 
14:04:53.085 @HAX012 
14:04:53.086 @HAX013 10.000000
14:04:53.086 @HAX014 
14:04:53.086 @HAX015 在职
14:04:53.086 @HAX016 003
14:04:53.086 @HAX017 物流组
14:04:53.087 @idx 29
14:04:53.087 @HAX018 9
14:04:53.087 @HAX019 0
14:04:53.087 @HAX020 2.4
14:04:53.090 @HAX003 陈波
14:04:53.091 @HAX004 成品搬运工
14:04:53.091 @HAX005 1009
14:04:53.091 @HAX006 压筋
14:04:53.091 @HAX007 0.028000
14:04:53.091 @HAX008 100
14:04:53.092 @HAX009 2018/12/11 8:00:00
14:04:53.092 @HAX010 2018/12/11 17:00:00
14:04:53.092 @HAX011 
14:04:53.092 @HAX012 
14:04:53.092 @HAX013 8.000000
14:04:53.093 @HAX014 
14:04:53.093 @HAX015 在职
14:04:53.093 @HAX016 004
14:04:53.093 @HAX017 物流组
14:04:53.093 @idx 30
14:04:53.093 @HAX018 9
14:04:53.094 @HAX019 0
14:04:53.094 @HAX020 2.8
14:04:53.098 @HAX003 赵庆书
14:04:53.099 @HAX004 成品搬运工
14:04:53.099 @HAX005 1017
14:04:53.099 @HAX006 丝印
14:04:53.099 @HAX007 0.150000
14:04:53.099 @HAX008 100
14:04:53.100 @HAX009 2018/12/11 8:00:00
14:04:53.100 @HAX010 2018/12/11 17:00:00
14:04:53.100 @HAX011 
14:04:53.100 @HAX012 
14:04:53.100 @HAX013 8.000000
14:04:53.100 @HAX014 
14:04:53.101 @HAX015 在职
14:04:53.101 @HAX016 005
14:04:53.101 @HAX017 物流组
14:04:53.101 @idx 31
14:04:53.101 @HAX018 9
14:04:53.102 @HAX019 0
14:04:53.102 @HAX020 15.0
14:04:56.645 @HAW001 20181211001
14:04:56.645 @HAW018 True
14:09:23.530 @EMP002 系统管理员
14:09:23.532 @EMP033 cebfd1559b68d67688884d7a3d3e8c
14:14:11.376 @EMP002 系统管理员
14:14:11.377 @EMP033 cebfd1559b68d67688884d7a3d3e8c
14:18:19.713 @EMP002 系统管理员
14:18:19.713 @EMP033 cebfd1559b68d67688884d7a3d3e8c
14:29:11.821 @EMP002 系统管理员
14:29:11.821 @EMP033 cebfd1559b68d67688884d7a3d3e8c
14:29:41.466 @LEF001 20181211001
14:29:41.467 @LEF009 0506
14:29:41.467 @LEF010 LED车间
14:29:41.467 @LEF011 0506
14:29:41.467 @LEF012 LED车间
14:29:41.467 @LEF013 2018/12/11 0:00:00
14:29:41.467 @LEF015 
14:29:41.468 @LEF016 
14:29:41.470 @LEF017 False
14:29:41.470 @LEF018 False
14:29:41.470 @LEF019 0
14:29:41.470 @LEF020 0
14:29:41.470 @LEF021 计时
14:29:41.478 @LEG001 20181211001
14:29:41.478 @LEG002 10016
14:29:41.478 @LEG003 郭婧
14:29:41.479 @LEG004 装配工
14:29:41.479 @LEG005 
14:29:41.479 @LEG006 
14:29:41.479 @LEG007 0
14:29:41.479 @LEG008 2018/12/11 8:00:00
14:29:41.479 @LEG009 2018/12/11 17:00:00
14:29:41.479 @LEG010 8
14:29:41.479 @LEG011 
14:29:41.480 @LEG012 在职
14:29:41.480 @LEG013 LED车间
14:29:41.480 @LEG014 0
14:29:41.480 @LEG015 9
14:29:41.480 @LEG016 72
14:29:41.492 @LEG001 20181211001
14:29:41.492 @LEG002 10017
14:29:41.492 @LEG003 龙兴连
14:29:41.493 @LEG004 装配工
14:29:41.493 @LEG005 
14:29:41.493 @LEG006 
14:29:41.493 @LEG007 0
14:29:41.494 @LEG008 2018/12/11 8:00:00
14:29:41.494 @LEG009 2018/12/11 17:00:00
14:29:41.494 @LEG010 8
14:29:41.494 @LEG011 
14:29:41.494 @LEG012 在职
14:29:41.495 @LEG013 LED车间
14:29:41.495 @LEG014 0
14:29:41.496 @LEG015 9
14:29:41.496 @LEG016 72
14:29:41.497 @LEG001 20181211001
14:29:41.497 @LEG002 10018
14:29:41.498 @LEG003 刘付连
14:29:41.498 @LEG004 装配工
14:29:41.498 @LEG005 
14:29:41.498 @LEG006 
14:29:41.498 @LEG007 0
14:29:41.498 @LEG008 2018/12/11 8:00:00
14:29:41.499 @LEG009 2018/12/11 17:00:00
14:29:41.499 @LEG010 8
14:29:41.499 @LEG011 
14:29:41.499 @LEG012 在职
14:29:41.499 @LEG013 LED车间
14:29:41.499 @LEG014 0
14:29:41.500 @LEG015 9
14:29:41.500 @LEG016 72
14:29:41.502 @LEG001 20181211001
14:29:41.502 @LEG002 10019
14:29:41.503 @LEG003 聂付秋
14:29:41.503 @LEG004 装配工
14:29:41.503 @LEG005 
14:29:41.503 @LEG006 
14:29:41.503 @LEG007 0
14:29:41.503 @LEG008 2018/12/11 8:00:00
14:29:41.504 @LEG009 2018/12/11 17:00:00
14:29:41.504 @LEG010 8
14:29:41.504 @LEG011 
14:29:41.504 @LEG012 在职
14:29:41.504 @LEG013 LED车间
14:29:41.505 @LEG014 0
14:29:41.505 @LEG015 9
14:29:41.505 @LEG016 72
14:29:41.508 @LEG001 20181211001
14:29:41.508 @LEG002 10020
14:29:41.508 @LEG003 薛能米
14:29:41.508 @LEG004 装配工
14:29:41.509 @LEG005 
14:29:41.509 @LEG006 
14:29:41.509 @LEG007 0
14:29:41.509 @LEG008 2018/12/11 8:00:00
14:29:41.510 @LEG009 2018/12/11 17:00:00
14:29:41.510 @LEG010 8
14:29:41.510 @LEG011 
14:29:41.510 @LEG012 在职
14:29:41.510 @LEG013 LED车间
14:29:41.510 @LEG014 0
14:29:41.511 @LEG015 9
14:29:41.511 @LEG016 72
14:29:41.512 @LEG001 20181211001
14:29:41.512 @LEG002 10021
14:29:41.513 @LEG003 彭顺艳
14:29:41.513 @LEG004 装配工
14:29:41.513 @LEG005 
14:29:41.513 @LEG006 
14:29:41.513 @LEG007 0
14:29:41.513 @LEG008 2018/12/11 8:00:00
14:29:41.513 @LEG009 2018/12/11 17:00:00
14:29:41.514 @LEG010 8
14:29:41.514 @LEG011 
14:29:41.514 @LEG012 在职
14:29:41.514 @LEG013 LED车间
14:29:41.514 @LEG014 0
14:29:41.514 @LEG015 9
14:29:41.514 @LEG016 72
14:29:41.516 @LEG001 20181211001
14:29:41.516 @LEG002 10022
14:29:41.516 @LEG003 罗小琴
14:29:41.516 @LEG004 装配工
14:29:41.517 @LEG005 
14:29:41.517 @LEG006 
14:29:41.517 @LEG007 0
14:29:41.517 @LEG008 2018/12/11 8:00:00
14:29:41.517 @LEG009 2018/12/11 17:00:00
14:29:41.518 @LEG010 8
14:29:41.518 @LEG011 
14:29:41.518 @LEG012 在职
14:29:41.518 @LEG013 LED车间
14:29:41.518 @LEG014 0
14:29:41.519 @LEG015 9
14:29:41.519 @LEG016 72
14:29:41.520 @LEG001 20181211001
14:29:41.520 @LEG002 10023
14:29:41.521 @LEG003 吕红艳
14:29:41.521 @LEG004 装配工
14:29:41.521 @LEG005 
14:29:41.521 @LEG006 
14:29:41.522 @LEG007 0
14:29:41.522 @LEG008 2018/12/11 8:00:00
14:29:41.522 @LEG009 2018/12/11 17:00:00
14:29:41.522 @LEG010 8
14:29:41.522 @LEG011 
14:29:41.522 @LEG012 在职
14:29:41.522 @LEG013 LED车间
14:29:41.523 @LEG014 0
14:29:41.523 @LEG015 9
14:29:41.523 @LEG016 72
14:29:41.525 @LEG001 20181211001
14:29:41.526 @LEG002 10024
14:29:41.526 @LEG003 李朝粉
14:29:41.526 @LEG004 装配工
14:29:41.526 @LEG005 
14:29:41.526 @LEG006 
14:29:41.526 @LEG007 0
14:29:41.526 @LEG008 2018/12/11 8:00:00
14:29:41.526 @LEG009 2018/12/11 17:00:00
14:29:41.527 @LEG010 8
14:29:41.527 @LEG011 
14:29:41.527 @LEG012 在职
14:29:41.527 @LEG013 LED车间
14:29:41.527 @LEG014 0
14:29:41.527 @LEG015 9
14:29:41.527 @LEG016 72
14:29:41.529 @LEG001 20181211001
14:29:41.529 @LEG002 10025
14:29:41.529 @LEG003 陈文会
14:29:41.529 @LEG004 装配工
14:29:41.529 @LEG005 
14:29:41.529 @LEG006 
14:29:41.530 @LEG007 0
14:29:41.530 @LEG008 2018/12/11 8:00:00
14:29:41.530 @LEG009 2018/12/11 17:00:00
14:29:41.530 @LEG010 8
14:29:41.530 @LEG011 
14:29:41.530 @LEG012 在职
14:29:41.530 @LEG013 LED车间
14:29:41.531 @LEG014 0
14:29:41.531 @LEG015 9
14:29:41.531 @LEG016 72
14:29:41.532 @LEG001 20181211001
14:29:41.532 @LEG002 10026
14:29:41.533 @LEG003 平单单
14:29:41.533 @LEG004 装配工
14:29:41.533 @LEG005 
14:29:41.533 @LEG006 
14:29:41.533 @LEG007 0
14:29:41.533 @LEG008 2018/12/11 8:00:00
14:29:41.533 @LEG009 2018/12/11 17:00:00
14:29:41.533 @LEG010 8
14:29:41.534 @LEG011 
14:29:41.534 @LEG012 在职
14:29:41.534 @LEG013 LED车间
14:29:41.534 @LEG014 0
14:29:41.534 @LEG015 9
14:29:41.534 @LEG016 72
14:29:41.536 @LEG001 20181211001
14:29:41.536 @LEG002 10027
14:29:41.536 @LEG003 梁永琴
14:29:41.536 @LEG004 装配工
14:29:41.537 @LEG005 
14:29:41.537 @LEG006 
14:29:41.537 @LEG007 0
14:29:41.537 @LEG008 2018/12/11 8:00:00
14:29:41.537 @LEG009 2018/12/11 17:00:00
14:29:41.537 @LEG010 8
14:29:41.537 @LEG011 
14:29:41.538 @LEG012 在职
14:29:41.538 @LEG013 LED车间
14:29:41.538 @LEG014 0
14:29:41.538 @LEG015 9
14:29:41.538 @LEG016 72
14:29:41.540 @LEG001 20181211001
14:29:41.540 @LEG002 10028
14:29:41.540 @LEG003 胡孝明
14:29:41.540 @LEG004 装配工
14:29:41.541 @LEG005 
14:29:41.541 @LEG006 
14:29:41.541 @LEG007 0
14:29:41.541 @LEG008 2018/12/11 8:00:00
14:29:41.541 @LEG009 2018/12/11 17:00:00
14:29:41.541 @LEG010 8
14:29:41.542 @LEG011 
14:29:41.542 @LEG012 在职
14:29:41.542 @LEG013 LED车间
14:29:41.543 @LEG014 0
14:29:41.543 @LEG015 9
14:29:41.543 @LEG016 72
14:29:41.545 @LEG001 20181211001
14:29:41.545 @LEG002 10029
14:29:41.545 @LEG003 聂昌奎
14:29:41.545 @LEG004 装配工
14:29:41.546 @LEG005 
14:29:41.546 @LEG006 
14:29:41.546 @LEG007 0
14:29:41.546 @LEG008 2018/12/11 8:00:00
14:29:41.546 @LEG009 2018/12/11 17:00:00
14:29:41.546 @LEG010 8
14:29:41.547 @LEG011 
14:29:41.547 @LEG012 在职
14:29:41.547 @LEG013 LED车间
14:29:41.547 @LEG014 0
14:29:41.547 @LEG015 9
14:29:41.547 @LEG016 72
14:29:41.549 @LEG001 20181211001
14:29:41.549 @LEG002 10030
14:29:41.549 @LEG003 陶兴琴
14:29:41.549 @LEG004 装配工
14:29:41.550 @LEG005 
14:29:41.550 @LEG006 
14:29:41.550 @LEG007 0
14:29:41.550 @LEG008 2018/12/11 8:00:00
14:29:41.550 @LEG009 2018/12/11 17:00:00
14:29:41.550 @LEG010 8
14:29:41.551 @LEG011 
14:29:41.551 @LEG012 在职
14:29:41.551 @LEG013 LED车间
14:29:41.551 @LEG014 0
14:29:41.551 @LEG015 9
14:29:41.551 @LEG016 72
14:29:41.553 @LEG001 20181211001
14:29:41.553 @LEG002 10031
14:29:41.553 @LEG003 方宇
14:29:41.554 @LEG004 装配工
14:29:41.554 @LEG005 
14:29:41.554 @LEG006 
14:29:41.554 @LEG007 0
14:29:41.554 @LEG008 2018/12/11 8:00:00
14:29:41.555 @LEG009 2018/12/11 17:00:00
14:29:41.555 @LEG010 8
14:29:41.555 @LEG011 
14:29:41.555 @LEG012 在职
14:29:41.555 @LEG013 LED车间
14:29:41.556 @LEG014 0
14:29:41.556 @LEG015 9
14:29:41.556 @LEG016 72
14:29:41.559 @LEG001 20181211001
14:29:41.559 @LEG002 10032
14:29:41.559 @LEG003 段进连
14:29:41.559 @LEG004 装配工
14:29:41.560 @LEG005 
14:29:41.560 @LEG006 
14:29:41.560 @LEG007 0
14:29:41.560 @LEG008 2018/12/11 8:00:00
14:29:41.560 @LEG009 2018/12/11 17:00:00
14:29:41.561 @LEG010 8
14:29:41.561 @LEG011 
14:29:41.561 @LEG012 在职
14:29:41.561 @LEG013 LED车间
14:29:41.561 @LEG014 0
14:29:41.562 @LEG015 9
14:29:41.562 @LEG016 72
14:29:41.563 @LEG001 20181211001
14:29:41.563 @LEG002 10033
14:29:41.563 @LEG003 唐云云
14:29:41.564 @LEG004 装配工
14:29:41.564 @LEG005 
14:29:41.564 @LEG006 
14:29:41.564 @LEG007 0
14:29:41.564 @LEG008 2018/12/11 8:00:00
14:29:41.564 @LEG009 2018/12/11 17:00:00
14:29:41.565 @LEG010 8
14:29:41.565 @LEG011 
14:29:41.565 @LEG012 在职
14:29:41.565 @LEG013 LED车间
14:29:41.565 @LEG014 0
14:29:41.565 @LEG015 9
14:29:41.566 @LEG016 72
14:29:41.567 @LEG001 20181211001
14:29:41.568 @LEG002 10034
14:29:41.568 @LEG003 李大花
14:29:41.568 @LEG004 装配工
14:29:41.568 @LEG005 
14:29:41.568 @LEG006 
14:29:41.569 @LEG007 0
14:29:41.569 @LEG008 2018/12/11 8:00:00
14:29:41.569 @LEG009 2018/12/11 17:00:00
14:29:41.569 @LEG010 8
14:29:41.569 @LEG011 
14:29:41.569 @LEG012 在职
14:29:41.570 @LEG013 LED车间
14:29:41.570 @LEG014 0
14:29:41.570 @LEG015 9
14:29:41.571 @LEG016 72
14:29:41.573 @LEG001 20181211001
14:29:41.573 @LEG002 10035
14:29:41.573 @LEG003 黄史作
14:29:41.573 @LEG004 装配工
14:29:41.574 @LEG005 
14:29:41.574 @LEG006 
14:29:41.574 @LEG007 0
14:29:41.574 @LEG008 2018/12/11 8:00:00
14:29:41.574 @LEG009 2018/12/11 17:00:00
14:29:41.575 @LEG010 8
14:29:41.575 @LEG011 
14:29:41.575 @LEG012 在职
14:29:41.575 @LEG013 LED车间
14:29:41.575 @LEG014 0
14:29:41.576 @LEG015 9
14:29:41.576 @LEG016 72
14:29:41.577 @LEG001 20181211001
14:29:41.577 @LEG002 10036
14:29:41.578 @LEG003 罗昌梅
14:29:41.578 @LEG004 装配工
14:29:41.578 @LEG005 
14:29:41.578 @LEG006 
14:29:41.578 @LEG007 0
14:29:41.579 @LEG008 2018/12/11 8:00:00
14:29:41.579 @LEG009 2018/12/11 17:00:00
14:29:41.579 @LEG010 8
14:29:41.579 @LEG011 
14:29:41.579 @LEG012 在职
14:29:41.580 @LEG013 LED车间
14:29:41.580 @LEG014 0
14:29:41.580 @LEG015 9
14:29:41.580 @LEG016 72
14:29:41.582 @LEG001 20181211001
14:29:41.582 @LEG002 10037
14:29:41.582 @LEG003 赵雨婷
14:29:41.583 @LEG004 装配工
14:29:41.583 @LEG005 
14:29:41.583 @LEG006 
14:29:41.583 @LEG007 0
14:29:41.583 @LEG008 2018/12/11 8:00:00
14:29:41.583 @LEG009 2018/12/11 17:00:00
14:29:41.584 @LEG010 8
14:29:41.584 @LEG011 
14:29:41.584 @LEG012 在职
14:29:41.584 @LEG013 LED车间
14:29:41.584 @LEG014 0
14:29:41.585 @LEG015 9
14:29:41.585 @LEG016 72
14:29:41.586 @LEG001 20181211001
14:29:41.587 @LEG002 10038
14:29:41.587 @LEG003 余双双
14:29:41.587 @LEG004 装配工
14:29:41.587 @LEG005 
14:29:41.587 @LEG006 
14:29:41.588 @LEG007 0
14:29:41.588 @LEG008 2018/12/11 8:00:00
14:29:41.588 @LEG009 2018/12/11 17:00:00
14:29:41.588 @LEG010 8
14:29:41.588 @LEG011 
14:29:41.589 @LEG012 在职
14:29:41.589 @LEG013 LED车间
14:29:41.589 @LEG014 0
14:29:41.589 @LEG015 9
14:29:41.590 @LEG016 72
14:29:41.591 @LEH001 20181211001
14:29:41.592 @LEH002 GD201810170024
14:29:41.592 @LEH003 201171492
14:29:41.592 @LEH004 2450GC成品面板-LED
14:29:41.592 @LEH005 珠光白/丝印美尔凯特LOGO
14:29:41.592 @LEH006 PCS
14:29:41.593 @LEH007 500
14:29:41.593 @LEH008 1.5
14:29:41.593 @LEH009 100
14:29:41.593 @LEH010 
14:29:41.596 @LEH001 20181211001
14:29:41.596 @LEH002 GD201810120066
14:29:41.596 @LEH003 201171495
14:29:41.596 @LEH004 F3601-XM成品面板-LED
14:29:41.597 @LEH005 亚光白/丝印opple
14:29:41.597 @LEH006 PCS
14:29:41.597 @LEH007 1000
14:29:41.597 @LEH008 1.35
14:29:41.597 @LEH009 200
14:29:41.598 @LEH010 
14:32:10.897 @EMP002 系统管理员
14:32:10.898 @EMP033 5bdc47e3ad11b3118ed75c366cb567
14:32:14.845 @EMP002 系统管理员
14:32:14.846 @EMP033 cebfd1559b68d67688884d7a3d3e8c
14:34:29.992 @EMP002 系统管理员
14:34:29.993 @EMP033 cebfd1559b68d67688884d7a3d3e8c
14:36:42.704 @EMP002 系统管理员
14:36:42.704 @EMP033 cebfd1559b68d67688884d7a3d3e8c
14:45:07.943 @EMP002 系统管理员
14:45:07.943 @EMP033 cebfd1559b68d67688884d7a3d3e8c
14:52:27.270 @EMP002 系统管理员
14:52:27.271 @EMP033 cebfd1559b68d67688884d7a3d3e8c
14:56:37.238 @EMP002 系统管理员
14:56:37.239 @EMP033 cebfd1559b68d67688884d7a3d3e8c
14:58:36.807 @PAN001 20181211001
14:58:36.808 @PAN002 0503
14:58:36.808 @PAN003 喷涂车间
14:58:36.808 @PAN004 0503
14:58:36.808 @PAN005 喷涂车间
14:58:36.809 @PAN006 2018/12/11 0:00:00
14:58:36.809 @PAN007 
14:58:36.809 @PAN008 
14:58:36.809 @PAN009 False
14:58:36.809 @PAN010 False
14:58:36.809 @PAN011 0
14:58:36.810 @PAN012 0
14:58:36.810 @PAN013 计时
14:58:36.816 @PAO001 20181211001
14:58:36.816 @PAO002 GD201809210030
14:58:36.817 @PAO003 201111170
14:58:36.817 @PAO004 F06-DS换气进风窗-喷涂
14:58:36.817 @PAO005 1000
14:58:36.817 @PAO006 0.16
14:58:36.817 @PAO007 PCS
14:58:36.817 @PAO008 银色
14:58:36.818 @PAO009 
14:58:36.818 @PAO010 组装:0.03 | 喷漆:0.13
14:58:36.818 @PAO011 0
14:58:36.819 @PAO012 100
14:58:36.819 @PAO013 
14:58:36.819 @PAO014 
14:58:36.823 @PAO001 20181211001
14:58:36.823 @PAO002 GD201810230058
14:58:36.824 @PAO003 201161193
14:58:36.824 @PAO004 F133-S装饰圈-喷涂
14:58:36.824 @PAO005 1000
14:58:36.824 @PAO006 0.2
14:58:36.824 @PAO007 PCS
14:58:36.825 @PAO008 银色
14:58:36.825 @PAO009 
14:58:36.825 @PAO010 喷漆:0.2
14:58:36.825 @PAO011 0
14:58:36.825 @PAO012 100
14:58:36.825 @PAO013 
14:58:36.826 @PAO014 
14:58:36.830 @PAP001 20181211001
14:58:36.830 @PPA002 10093
14:58:36.830 @PPA003 陈林甫
14:58:36.830 @PPA004 喷漆工
14:58:36.830 @PPA005 
14:58:36.831 @PPA006 
14:58:36.831 @PPA007 2018/12/11 8:00:00
14:58:36.831 @PPA008 2018/12/11 17:00:00
14:58:36.832 @PPA009 8
14:58:36.832 @PPA010 在职
14:58:36.832 @PPA011 喷涂车间
14:58:36.832 @PPA012 0
14:58:36.832 @PPA013 9
14:58:36.832 @PPA014 72.68
14:58:36.835 @PPA015 
14:58:36.844 @PAP001 20181211001
14:58:36.844 @PPA002 10094
14:58:36.844 @PPA003 张正友
14:58:36.844 @PPA004 喷漆工
14:58:36.844 @PPA005 
14:58:36.845 @PPA006 
14:58:36.845 @PPA007 2018/12/11 8:00:00
14:58:36.845 @PPA008 2018/12/11 17:00:00
14:58:36.845 @PPA009 8
14:58:36.845 @PPA010 在职
14:58:36.846 @PPA011 喷涂车间
14:58:36.846 @PPA012 0
14:58:36.846 @PPA013 9
14:58:36.846 @PPA014 72.68
14:58:36.846 @PPA015 
14:58:36.849 @PAP001 20181211001
14:58:36.850 @PPA002 10095
14:58:36.850 @PPA003 王光
14:58:36.850 @PPA004 喷漆工
14:58:36.850 @PPA005 
14:58:36.850 @PPA006 
14:58:36.851 @PPA007 2018/12/11 8:00:00
14:58:36.851 @PPA008 2018/12/11 17:00:00
14:58:36.851 @PPA009 10
14:58:36.851 @PPA010 在职
14:58:36.852 @PPA011 喷涂车间
14:58:36.852 @PPA012 0
14:58:36.852 @PPA013 9
14:58:36.852 @PPA014 72.68
14:58:36.852 @PPA015 
14:58:36.862 @PAP001 20181211001
14:58:36.863 @PPA002 10096
14:58:36.863 @PPA003 钱均鹏
14:58:36.863 @PPA004 喷漆工
14:58:36.863 @PPA005 
14:58:36.864 @PPA006 
14:58:36.864 @PPA007 2018/12/11 8:00:00
14:58:36.864 @PPA008 2018/12/11 17:00:00
14:58:36.864 @PPA009 8
14:58:36.864 @PPA010 在职
14:58:36.864 @PPA011 喷涂车间
14:58:36.865 @PPA012 0
14:58:36.865 @PPA013 9
14:58:36.865 @PPA014 72.68
14:58:36.865 @PPA015 
14:58:36.869 @PAP001 20181211001
14:58:36.870 @PPA002 10097
14:58:36.870 @PPA003 陆秋云
14:58:36.870 @PPA004 装配工
14:58:36.870 @PPA005 
14:58:36.870 @PPA006 
14:58:36.871 @PPA007 2018/12/11 8:00:00
14:58:36.871 @PPA008 2018/12/11 17:00:00
14:58:36.871 @PPA009 8
14:58:36.871 @PPA010 在职
14:58:36.871 @PPA011 喷涂车间
14:58:36.871 @PPA012 0
14:58:36.872 @PPA013 9
14:58:36.872 @PPA014 68.4
14:58:36.872 @PPA015 
14:58:36.876 @PAP001 20181211001
14:58:36.876 @PPA002 10098
14:58:36.877 @PPA003 郁叶琴
14:58:36.877 @PPA004 装配工
14:58:36.877 @PPA005 
14:58:36.877 @PPA006 
14:58:36.877 @PPA007 2018/12/11 8:00:00
14:58:36.878 @PPA008 2018/12/11 17:00:00
14:58:36.878 @PPA009 8
14:58:36.878 @PPA010 在职
14:58:36.878 @PPA011 喷涂车间
14:58:36.878 @PPA012 0
14:58:36.879 @PPA013 9
14:58:36.879 @PPA014 68.4
14:58:36.879 @PPA015 
15:02:27.881 @EMP002 系统管理员
15:02:27.881 @EMP033 cebfd1559b68d67688884d7a3d3e8c
15:05:49.271 @EMP002 系统管理员
15:05:49.272 @EMP033 cebfd1559b68d67688884d7a3d3e8c
15:09:00.820 @EMP002 系统管理员
15:09:00.821 @EMP033 cebfd1559b68d67688884d7a3d3e8c
15:14:41.557 @EMP002 系统管理员
15:14:41.568 @EMP033 cebfd1559b68d67688884d7a3d3e8c
15:21:19.035 @EMP002 系统管理员
15:21:19.035 @EMP033 cebfd1559b68d67688884d7a3d3e8c
15:28:25.965 @EMP002 系统管理员
15:28:25.966 @EMP033 cebfd1559b68d67688884d7a3d3e8c
15:31:48.910 @EMP002 系统管理员
15:31:48.912 @EMP033 cebfd1559b68d67688884d7a3d3e8c
17:09:38.682 @EMP002 系统管理员
17:09:38.687 @EMP033 cebfd1559b68d67688884d7a3d3e8c
17:13:53.947 @EMP002 系统管理员
17:13:53.947 @EMP033 cebfd1559b68d67688884d7a3d3e8c
17:14:44.361 @EMP002 系统管理员
17:14:44.361 @EMP033 cebfd1559b68d67688884d7a3d3e8c
17:20:55.686 @EMP002 系统管理员
17:20:55.687 @EMP033 cebfd1559b68d67688884d7a3d3e8c
17:22:18.837 @EMP002 系统管理员
17:22:18.838 @EMP033 cebfd1559b68d67688884d7a3d3e8c
17:25:03.323 @EMP002 系统管理员
17:25:03.323 @EMP033 cebfd1559b68d67688884d7a3d3e8c
17:25:38.169 @EMP002 系统管理员
17:25:38.170 @EMP033 cebfd1559b68d67688884d7a3d3e8c
17:26:26.455 @EMP002 系统管理员
17:26:26.456 @EMP033 cebfd1559b68d67688884d7a3d3e8c
17:28:00.364 @EMP002 系统管理员
17:28:00.364 @EMP033 cebfd1559b68d67688884d7a3d3e8c
17:28:55.031 @EMP002 系统管理员
17:28:55.032 @EMP033 cebfd1559b68d67688884d7a3d3e8c
17:30:36.818 @EMP002 系统管理员
17:30:36.819 @EMP033 cebfd1559b68d67688884d7a3d3e8c
17:31:17.095 @EMP002 系统管理员
17:31:17.096 @EMP033 cebfd1559b68d67688884d7a3d3e8c
