15:50:28.930 @EMP002 系统管理员
15:50:28.932 @EMP033 cebfd1559b68d67688884d7a3d3e8c
17:11:08.252 @EMP002 系统管理员
17:11:08.252 @EMP033 cebfd1559b68d67688884d7a3d3e8c
17:11:43.610 @PRD001 20181115001
17:11:43.610 @PRD002 2018/11/15 0:00:00
17:11:43.610 @PRD003 False
17:11:43.629 @PRE001 20181115001
17:11:43.629 @PRE002 SD201503140002
17:11:43.629 @PRE003 001
17:11:43.630 @PRE004 DG30D
17:11:43.630 @PRE005 2018/11/15 0:00:00
17:11:43.630 @PRE006 2015/3/16 0:00:00
17:11:43.630 @PRE007 8
17:11:43.630 @PRE008 1
17:11:43.631 @PRE009 0
17:11:43.631 @PRE010 1
17:11:43.634 @PRF001 DG30D
17:11:43.634 @PRF002 2018/11/15 0:00:00
17:11:43.634 @PRF003 1
17:11:43.637 @PRE001 20181115001
17:11:43.637 @PRE002 SD201503140002
17:11:43.637 @PRE003 001
17:11:43.637 @PRE004 DG30D
17:11:43.637 @PRE005 2018/11/16 0:00:00
17:11:43.638 @PRE006 2015/3/16 0:00:00
17:11:43.638 @PRE007 8
17:11:43.638 @PRE008 1
17:11:43.638 @PRE009 0
17:11:43.638 @PRE010 1
17:11:43.641 @PRF001 DG30D
17:11:43.641 @PRF002 2018/11/16 0:00:00
17:11:43.641 @PRF003 1
17:11:43.643 @PRE001 20181115001
17:11:43.643 @PRE002 SD201503140002
17:11:43.643 @PRE003 001
17:11:43.643 @PRE004 DG30D
17:11:43.643 @PRE005 2018/11/17 0:00:00
17:11:43.644 @PRE006 2015/3/16 0:00:00
17:11:43.644 @PRE007 8
17:11:43.644 @PRE008 1
17:11:43.644 @PRE009 0
17:11:43.644 @PRE010 1
17:11:43.646 @PRF001 DG30D
17:11:43.646 @PRF002 2018/11/17 0:00:00
17:11:43.646 @PRF003 1
17:11:43.647 @PRE001 20181115001
17:11:43.647 @PRE002 SD201503140002
17:11:43.648 @PRE003 001
17:11:43.648 @PRE004 DG30D
17:11:43.648 @PRE005 2018/11/18 0:00:00
17:11:43.648 @PRE006 2015/3/16 0:00:00
17:11:43.648 @PRE007 8
17:11:43.649 @PRE008 1
17:11:43.649 @PRE009 0
17:11:43.649 @PRE010 1
17:11:43.650 @PRF001 DG30D
17:11:43.650 @PRF002 2018/11/18 0:00:00
17:11:43.651 @PRF003 1
17:11:43.652 @PRE001 20181115001
17:11:43.652 @PRE002 SD201503140002
17:11:43.652 @PRE003 001
17:11:43.653 @PRE004 DG30D
17:11:43.653 @PRE005 2018/11/19 0:00:00
17:11:43.653 @PRE006 2015/3/16 0:00:00
17:11:43.653 @PRE007 8
17:11:43.653 @PRE008 1
17:11:43.654 @PRE009 0
17:11:43.654 @PRE010 1
17:11:43.655 @PRF001 DG30D
17:11:43.656 @PRF002 2018/11/19 0:00:00
17:11:43.656 @PRF003 1
17:11:43.657 @PRE001 20181115001
17:11:43.657 @PRE002 SD201503140002
17:11:43.658 @PRE003 001
17:11:43.658 @PRE004 DG30D
17:11:43.658 @PRE005 2018/11/20 0:00:00
17:11:43.658 @PRE006 2015/3/16 0:00:00
17:11:43.658 @PRE007 8
17:11:43.660 @PRE008 1
17:11:43.661 @PRE009 0
17:11:43.661 @PRE010 1
17:11:43.662 @PRF001 DG30D
17:11:43.663 @PRF002 2018/11/20 0:00:00
17:11:43.663 @PRF003 1
17:11:43.664 @PRE001 20181115001
17:11:43.664 @PRE002 SD201503140002
17:11:43.665 @PRE003 001
17:11:43.665 @PRE004 DG30D
17:11:43.665 @PRE005 2018/11/21 0:00:00
17:11:43.665 @PRE006 2015/3/16 0:00:00
17:11:43.665 @PRE007 8
17:11:43.666 @PRE008 1
17:11:43.666 @PRE009 0
17:11:43.666 @PRE010 1
17:11:43.667 @PRF001 DG30D
17:11:43.667 @PRF002 2018/11/21 0:00:00
17:11:43.668 @PRF003 1
17:11:43.669 @PRE001 20181115001
17:11:43.669 @PRE002 SD201503140002
17:11:43.670 @PRE003 001
17:11:43.670 @PRE004 DG30D
17:11:43.670 @PRE005 2018/11/22 0:00:00
17:11:43.670 @PRE006 2015/3/16 0:00:00
17:11:43.670 @PRE007 8
17:11:43.670 @PRE008 1
17:11:43.670 @PRE009 0
17:11:43.671 @PRE010 1
17:11:43.672 @PRF001 DG30D
17:11:43.672 @PRF002 2018/11/22 0:00:00
17:11:43.672 @PRF003 1
17:13:27.553 @EMP002 系统管理员
17:13:27.554 @EMP033 cebfd1559b68d67688884d7a3d3e8c
17:34:51.524 @EMP002 系统管理员
17:34:51.534 @EMP033 cebfd1559b68d67688884d7a3d3e8c
17:36:18.522 @EMP002 系统管理员
17:36:18.522 @EMP033 cebfd1559b68d67688884d7a3d3e8c
17:51:05.430 @PRD001 20181115002
17:51:05.430 @PRD002 2018/11/15 0:00:00
17:51:05.430 @PRD003 False
17:51:05.440 @PRE001 20181115002
17:51:05.440 @PRE002 SD201809060002
17:51:05.440 @PRE003 001
17:51:05.440 @PRE004 DG03D
17:51:05.440 @PRE005 2018/11/15 0:00:00
17:51:05.440 @PRE006 2018/9/26 0:00:00
17:51:05.440 @PRE007 600
17:51:05.440 @PRE008 100
17:51:05.440 @PRE009 0
17:51:05.440 @PRE010 100
17:51:05.440 @PRF001 DG03D
17:51:05.440 @PRF002 2018/11/15 0:00:00
17:51:05.440 @PRF003 100
17:51:05.450 @PRE001 20181115002
17:51:05.450 @PRE002 SD201809060002
17:51:05.450 @PRE003 001
17:51:05.450 @PRE004 DG03D
17:51:05.450 @PRE005 2018/11/16 0:00:00
17:51:05.450 @PRE006 2018/9/26 0:00:00
17:51:05.450 @PRE007 600
17:51:05.450 @PRE008 100
17:51:05.460 @PRE009 0
17:51:05.460 @PRE010 100
17:51:05.460 @PRF001 DG03D
17:51:05.460 @PRF002 2018/11/16 0:00:00
17:51:05.460 @PRF003 100
17:51:05.460 @PRE001 20181115002
17:51:05.460 @PRE002 SD201809060002
17:51:05.460 @PRE003 001
17:51:05.460 @PRE004 DG03D
17:51:05.460 @PRE005 2018/11/17 0:00:00
17:51:05.460 @PRE006 2018/9/26 0:00:00
17:51:05.470 @PRE007 600
17:51:05.470 @PRE008 100
17:51:05.470 @PRE009 0
17:51:05.470 @PRE010 100
17:51:05.470 @PRF001 DG03D
17:51:05.470 @PRF002 2018/11/17 0:00:00
17:51:05.470 @PRF003 100
17:51:05.470 @PRE001 20181115002
17:51:05.470 @PRE002 SD201809060002
17:51:05.470 @PRE003 001
17:51:05.470 @PRE004 DG03D
17:51:05.470 @PRE005 2018/11/18 0:00:00
17:51:05.470 @PRE006 2018/9/26 0:00:00
17:51:05.470 @PRE007 600
17:51:05.470 @PRE008 100
17:51:05.470 @PRE009 0
17:51:05.470 @PRE010 100
17:51:05.470 @PRF001 DG03D
17:51:05.470 @PRF002 2018/11/18 0:00:00
17:51:05.470 @PRF003 100
17:51:05.480 @PRE001 20181115002
17:51:05.480 @PRE002 SD201809060002
17:51:05.480 @PRE003 001
17:51:05.480 @PRE004 DG03D
17:51:05.480 @PRE005 2018/11/19 0:00:00
17:51:05.480 @PRE006 2018/9/26 0:00:00
17:51:05.480 @PRE007 600
17:51:05.480 @PRE008 100
17:51:05.480 @PRE009 0
17:51:05.480 @PRE010 100
17:51:05.480 @PRF001 DG03D
17:51:05.480 @PRF002 2018/11/19 0:00:00
17:51:05.480 @PRF003 100
17:51:05.480 @PRE001 20181115002
17:51:05.480 @PRE002 SD201809060002
17:51:05.480 @PRE003 001
17:51:05.480 @PRE004 DG03D
17:51:05.480 @PRE005 2018/11/20 0:00:00
17:51:05.480 @PRE006 2018/9/26 0:00:00
17:51:05.480 @PRE007 600
17:51:05.480 @PRE008 100
17:51:05.480 @PRE009 0
17:51:05.480 @PRE010 100
17:51:05.480 @PRF001 DG03D
17:51:05.480 @PRF002 2018/11/20 0:00:00
17:51:05.480 @PRF003 100
18:10:32.941 @EMP002 系统管理员
18:10:32.941 @EMP033 cebfd1559b68d67688884d7a3d3e8c
18:11:21.044 @EMP002 系统管理员
18:11:21.044 @EMP033 cebfd1559b68d67688884d7a3d3e8c
18:14:17.483 @EMP002 系统管理员
18:14:17.483 @EMP033 cebfd1559b68d67688884d7a3d3e8c
18:14:38.147 @PRF001 DG03D
18:14:38.147 @PRF002 2018/11/15 0:00:00
18:14:38.147 @PRF003 100
18:14:38.151 @PRF001 DG03D
18:14:38.152 @PRF002 2018/11/16 0:00:00
18:14:38.152 @PRF003 100
18:14:38.156 @PRF001 DG03D
18:14:38.156 @PRF002 2018/11/17 0:00:00
18:14:38.156 @PRF003 100
18:14:38.160 @PRF001 DG03D
18:14:38.160 @PRF002 2018/11/18 0:00:00
18:14:38.160 @PRF003 100
18:14:38.164 @PRF001 DG03D
18:14:38.164 @PRF002 2018/11/19 0:00:00
18:14:38.164 @PRF003 100
18:14:38.166 @PRF001 DG03D
18:14:38.166 @PRF002 2018/11/20 0:00:00
18:14:38.166 @PRF003 100
18:14:38.167 @PRF001 DG30D
18:14:38.168 @PRF002 2018/11/15 0:00:00
18:14:38.168 @PRF003 1
18:14:38.168 @PRF001 DG30D
18:14:38.168 @PRF002 2018/11/16 0:00:00
18:14:38.168 @PRF003 1
18:14:38.168 @PRF001 DG30D
18:14:38.168 @PRF002 2018/11/17 0:00:00
18:14:38.168 @PRF003 1
18:14:38.168 @PRF001 DG30D
18:14:38.168 @PRF002 2018/11/18 0:00:00
18:14:38.168 @PRF003 1
18:14:38.168 @PRF001 DG30D
18:14:38.168 @PRF002 2018/11/19 0:00:00
18:14:38.168 @PRF003 1
18:14:38.168 @PRF001 DG30D
18:14:38.168 @PRF002 2018/11/20 0:00:00
18:14:38.168 @PRF003 1
18:14:38.168 @PRF001 DG30D
18:14:38.168 @PRF002 2018/11/21 0:00:00
18:14:38.168 @PRF003 1
18:14:38.178 @PRF001 DG30D
18:14:38.178 @PRF002 2018/11/22 0:00:00
18:14:38.178 @PRF003 1
18:14:48.801 @PRF001 DG03D
18:14:48.801 @PRF002 2018/11/15 0:00:00
18:14:48.801 @PRF003 100
18:14:48.801 @PRF001 DG03D
18:14:48.801 @PRF002 2018/11/16 0:00:00
18:14:48.801 @PRF003 100
18:14:48.801 @PRF001 DG03D
18:14:48.801 @PRF002 2018/11/17 0:00:00
18:14:48.801 @PRF003 100
18:14:48.811 @PRF001 DG03D
18:14:48.811 @PRF002 2018/11/18 0:00:00
18:14:48.811 @PRF003 100
18:14:48.811 @PRF001 DG03D
18:14:48.811 @PRF002 2018/11/19 0:00:00
18:14:48.811 @PRF003 100
18:14:48.811 @PRF001 DG03D
18:14:48.811 @PRF002 2018/11/20 0:00:00
18:14:48.811 @PRF003 50
18:14:48.811 @PRF001 DG03D
18:14:48.811 @PRF002 2018/11/22 0:00:00
18:14:48.811 @PRF003 50
18:14:48.821 @PRF001 DG30D
18:14:48.821 @PRF002 2018/11/15 0:00:00
18:14:48.821 @PRF003 1
18:14:48.821 @PRF001 DG30D
18:14:48.821 @PRF002 2018/11/16 0:00:00
18:14:48.821 @PRF003 1
18:14:48.821 @PRF001 DG30D
18:14:48.821 @PRF002 2018/11/17 0:00:00
18:14:48.821 @PRF003 1
18:14:48.821 @PRF001 DG30D
18:14:48.821 @PRF002 2018/11/18 0:00:00
18:14:48.821 @PRF003 1
18:14:48.821 @PRF001 DG30D
18:14:48.821 @PRF002 2018/11/19 0:00:00
18:14:48.821 @PRF003 1
18:14:48.821 @PRF001 DG30D
18:14:48.821 @PRF002 2018/11/20 0:00:00
18:14:48.821 @PRF003 1
18:14:48.831 @PRF001 DG30D
18:14:48.831 @PRF002 2018/11/21 0:00:00
18:14:48.831 @PRF003 1
18:14:48.831 @PRF001 DG30D
18:14:48.831 @PRF002 2018/11/22 0:00:00
18:14:48.831 @PRF003 1
