16:01:23.692  异常信息：由于连接方在一段时间后没有正确答复或连接的主机没有反应，连接尝试失败。 192.168.0.170:80
  堆栈信息:   在 AutoUpdate.AppUpdate.DownloadFile(String url, String localFilePath) 位置 D:\ProjectData\MiKe\LineProductMes\LineProductMes\ClassForMain\AppUpdate.cs:行号 239
   在 AutoUpdate.AppUpdate.CheckAppVersion(String& msg) 位置 D:\ProjectData\MiKe\LineProductMes\LineProductMes\ClassForMain\AppUpdate.cs:行号 310
16:02:44.825  异常信息：由于连接方在一段时间后没有正确答复或连接的主机没有反应，连接尝试失败。 192.168.0.170:80
  堆栈信息:   在 AutoUpdate.AppUpdate.DownloadFile(String url, String localFilePath) 位置 D:\ProjectData\MiKe\LineProductMes\LineProductMes\ClassForMain\AppUpdate.cs:行号 239
   在 AutoUpdate.AppUpdate.CheckAppVersion(String& msg) 位置 D:\ProjectData\MiKe\LineProductMes\LineProductMes\ClassForMain\AppUpdate.cs:行号 310
16:07:00.853 @EMP002 系统管理员
16:07:00.854 @EMP033 cebfd1559b68d67688884d7a3d3e8c
16:07:50.020 @HAW001 20181129001
16:07:50.020 @HAW002 GD201810060120
16:07:50.020 @HAW003 202101322P
16:07:50.021 @HAW004 F01-DS钛银面板-丝印
16:07:50.021 @HAW005 300*300mm
16:07:50.021 @HAW006 PCS
16:07:50.021 @HAW007 2000
16:07:50.021 @HAW008 0.231
16:07:50.021 @HAW009 0
16:07:50.022 @HAW010 2018/11/29 0:00:00
16:07:50.022 @HAW011 计件
16:07:50.022 @HAW012 0501
16:07:50.022 @HAW013 五金车间
16:07:50.022 @HAW014 0501
16:07:50.022 @HAW015 五金车间
16:07:50.023 @HAW016 
16:07:50.023 @HAW017 
16:07:50.023 @HAW018 False
16:07:50.023 @HAW019 False
16:07:50.023 @HAW020 0
16:07:50.023 @HAW021 0
16:07:50.027 @HAX001 20181129001
16:07:50.027 @HAX002 10002
16:07:50.027 @HAX003 吴征义
16:07:50.027 @HAX004 成品搬运工
16:07:50.027 @HAX005 1011
16:07:50.027 @HAX006 冲角
16:07:50.028 @HAX007 0.014
16:07:50.028 @HAX008 10
16:07:50.028 @HAX009 2018/11/29 8:00:00
16:07:50.028 @HAX010 2018/11/29 17:00:00
16:07:50.028 @HAX011 
16:07:50.028 @HAX012 
16:07:50.028 @HAX013 0
16:07:50.029 @HAX014 
16:07:50.029 @HAX015 在职
16:07:50.029 @HAX016 001
16:07:50.030 @HAX017 物流组
16:07:50.030 @HAX018 9
16:07:50.031 @HAX019 0
16:07:50.031 @HAX020 0.1
16:07:50.034 @HAX001 20181129001
16:07:50.034 @HAX002 10003
16:07:50.035 @HAX003 王世洪
16:07:50.035 @HAX004 成品搬运工
16:07:50.035 @HAX005 1008
16:07:50.035 @HAX006 成型
16:07:50.035 @HAX007 0.015
16:07:50.035 @HAX008 10
16:07:50.035 @HAX009 2018/11/29 8:00:00
16:07:50.035 @HAX010 2018/11/29 17:00:00
16:07:50.036 @HAX011 
16:07:50.036 @HAX012 
16:07:50.036 @HAX013 0
16:07:50.036 @HAX014 
16:07:50.036 @HAX015 在职
16:07:50.036 @HAX016 002
16:07:50.036 @HAX017 物流组
16:07:50.036 @HAX018 9
16:07:50.037 @HAX019 0
16:07:50.037 @HAX020 0.2
16:09:48.192 @HAW002 GD201810060120
16:09:48.193 @HAW003 202101322P
16:09:48.193 @HAW004 F01-DS钛银面板-丝印
16:09:48.193 @HAW005 300*300mm
16:09:48.194 @HAW006 PCS
16:09:48.194 @HAW007 2000
16:09:48.196 @HAW008 0.231
16:09:48.197 @HAW009 0
16:09:48.197 @HAW010 2018/11/29 0:00:00
16:09:48.197 @HAW011 计件
16:09:48.198 @HAW012 0501
16:09:48.198 @HAW013 五金车间
16:09:48.198 @HAW014 0501
16:09:48.198 @HAW015 五金车间
16:09:48.199 @HAW016 
16:09:48.199 @HAW017 
16:09:48.199 @HAW018 False
16:09:48.199 @HAW019 False
16:09:48.200 @HAW001 20181129001
16:09:48.200 @HAW020 0
16:09:48.200 @HAW021 0
16:09:48.207 @HAX003 吴征义
16:09:48.208 @HAX004 成品搬运工
16:09:48.208 @HAX005 1011
16:09:48.208 @HAX006 冲角
16:09:48.209 @HAX007 0.014000
16:09:48.209 @HAX008 10
16:09:48.209 @HAX009 2018/11/29 8:00:00
16:09:48.209 @HAX010 2018/11/29 17:00:00
16:09:48.209 @HAX011 
16:09:48.210 @HAX012 
16:09:48.210 @HAX013 0.000000
16:09:48.210 @HAX014 
16:09:48.211 @HAX015 在职
16:09:48.211 @HAX016 001
16:09:48.211 @HAX017 物流组
16:09:48.211 @idx 23
16:09:48.212 @HAX018 9
16:09:48.212 @HAX019 0
16:09:48.212 @HAX020 0.1
16:09:48.221 @HAX003 王世洪
16:09:48.221 @HAX004 成品搬运工
16:09:48.221 @HAX005 1008
16:09:48.221 @HAX006 成型
16:09:48.222 @HAX007 0.015000
16:09:48.222 @HAX008 10
16:09:48.222 @HAX009 2018/11/29 8:00:00
16:09:48.222 @HAX010 2018/11/29 17:00:00
16:09:48.222 @HAX011 
16:09:48.223 @HAX012 
16:09:48.223 @HAX013 0.000000
16:09:48.223 @HAX014 
16:09:48.224 @HAX015 在职
16:09:48.224 @HAX016 002
16:09:48.224 @HAX017 物流组
16:09:48.224 @idx 24
16:09:48.224 @HAX018 9
16:09:48.224 @HAX019 0
16:09:48.224 @HAX020 0.2
16:10:18.007 @HAW001 20181129002
16:10:18.008 @HAW002 GD201810060120
16:10:18.008 @HAW003 202101322P
16:10:18.009 @HAW004 F01-DS钛银面板-丝印
16:10:18.009 @HAW005 300*300mm
16:10:18.009 @HAW006 PCS
16:10:18.010 @HAW007 2000
16:10:18.010 @HAW008 0.231
16:10:18.010 @HAW009 10
16:10:18.010 @HAW010 2018/11/29 0:00:00
16:10:18.010 @HAW011 计件
16:10:18.010 @HAW012 0501
16:10:18.011 @HAW013 五金车间
16:10:18.011 @HAW014 0501
16:10:18.011 @HAW015 五金车间
16:10:18.011 @HAW016 
16:10:18.011 @HAW017 
16:10:18.011 @HAW018 False
16:10:18.011 @HAW019 False
16:10:18.012 @HAW020 0
16:10:18.012 @HAW021 0
16:10:18.021 @HAX001 20181129002
16:10:18.021 @HAX002 10010
16:10:18.022 @HAX003 胡福林
16:10:18.022 @HAX004 发货员
16:10:18.022 @HAX005 1017
16:10:18.022 @HAX006 丝印
16:10:18.022 @HAX007 0.15
16:10:18.023 @HAX008 10
16:10:18.023 @HAX009 2018/11/29 8:00:00
16:10:18.023 @HAX010 2018/11/29 17:00:00
16:10:18.023 @HAX011 
16:10:18.023 @HAX012 
16:10:18.023 @HAX013 0
16:10:18.023 @HAX014 
16:10:18.024 @HAX015 在职
16:10:18.024 @HAX016 005
16:10:18.024 @HAX017 物流组
16:10:18.024 @HAX018 9
16:10:18.024 @HAX019 0
16:10:18.024 @HAX020 1.5
16:31:34.507 @EMP002 系统管理员
16:31:34.508 @EMP033 cebfd1559b68d67688884d7a3d3e8c
16:32:12.020 @HAW002 GD201810060120
16:32:12.020 @HAW003 202101322P
16:32:12.021 @HAW004 F01-DS钛银面板-丝印
16:32:12.021 @HAW005 300*300mm
16:32:12.021 @HAW006 PCS
16:32:12.021 @HAW007 2000
16:32:12.021 @HAW008 0.231000
16:32:12.021 @HAW009 10
16:32:12.022 @HAW010 2018/11/29 0:00:00
16:32:12.022 @HAW011 计件
16:32:12.022 @HAW012 0501
16:32:12.022 @HAW013 五金车间
16:32:12.022 @HAW014 0501
16:32:12.022 @HAW015 五金车间
16:32:12.023 @HAW016 
16:32:12.023 @HAW017 
16:32:12.023 @HAW018 False
16:32:12.023 @HAW019 False
16:32:12.023 @HAW001 20181129002
16:32:12.023 @HAW020 0
16:32:12.024 @HAW021 0
16:32:12.048 @HAX003 胡福林
16:32:12.049 @HAX004 发货员
16:32:12.049 @HAX005 1009
16:32:12.049 @HAX006 压筋
16:32:12.049 @HAX007 0.028
16:32:12.050 @HAX008 10
16:32:12.050 @HAX009 2018/11/29 8:00:00
16:32:12.050 @HAX010 2018/11/29 17:00:00
16:32:12.050 @HAX011 
16:32:12.050 @HAX012 
16:32:12.051 @HAX013 0.000000
16:32:12.051 @HAX014 
16:32:12.051 @HAX015 在职
16:32:12.051 @HAX016 004
16:32:12.051 @HAX017 物流组
16:32:12.052 @idx 25
16:32:12.052 @HAX018 9
16:32:12.052 @HAX019 0
16:32:12.052 @HAX020 1.5
16:33:42.792 @EMP002 系统管理员
16:33:42.794 @EMP033 cebfd1559b68d67688884d7a3d3e8c
16:34:26.174 @EMP002 系统管理员
16:34:26.174 @EMP033 e51e6c4ea698bc872c5f2e504383ac59
16:34:29.218 @EMP002 系统管理员
16:34:29.218 @EMP033 cebfd1559b68d67688884d7a3d3e8c
16:36:33.333 @EMP002 系统管理员
16:36:33.334 @EMP033 cebfd1559b68d67688884d7a3d3e8c
16:37:21.979 @HAW002 GD201810060120
16:37:21.979 @HAW003 202101322P
16:37:21.979 @HAW004 F01-DS钛银面板-丝印
16:37:21.979 @HAW005 300*300mm
16:37:21.980 @HAW006 PCS
16:37:21.980 @HAW007 2000
16:37:21.980 @HAW008 0.231000
16:37:21.980 @HAW009 0
16:37:21.980 @HAW010 2018/11/29 0:00:00
16:37:21.980 @HAW011 计件
16:37:21.980 @HAW012 0501
16:37:21.983 @HAW013 五金车间
16:37:21.983 @HAW014 0501
16:37:21.983 @HAW015 五金车间
16:37:21.983 @HAW016 
16:37:21.983 @HAW017 
16:37:21.983 @HAW018 False
16:37:21.983 @HAW019 False
16:37:21.984 @HAW001 20181129002
16:37:21.984 @HAW020 0
16:37:21.984 @HAW021 0
16:37:22.001 @HAX003 胡福林
16:37:22.001 @HAX004 发货员
16:37:22.002 @HAX005 1005
16:37:22.002 @HAX006 冲孔
16:37:22.002 @HAX007 0.024
16:37:22.002 @HAX008 10
16:37:22.002 @HAX009 2018/11/29 8:00:00
16:37:22.002 @HAX010 2018/11/29 17:00:00
16:37:22.002 @HAX011 
16:37:22.002 @HAX012 
16:37:22.002 @HAX013 0.000000
16:37:22.003 @HAX014 
16:37:22.003 @HAX015 在职
16:37:22.003 @HAX016 003
16:37:22.003 @HAX017 物流组
16:37:22.003 @idx 25
16:37:22.003 @HAX018 9
16:37:22.003 @HAX019 0
16:37:22.003 @HAX020 0.3
16:37:37.804 @HAW002 GD201810060120
16:37:37.804 @HAW003 202101322P
16:37:37.805 @HAW004 F01-DS钛银面板-丝印
16:37:37.805 @HAW005 300*300mm
16:37:37.806 @HAW006 PCS
16:37:37.806 @HAW007 2000
16:37:37.807 @HAW008 0.231000
16:37:37.807 @HAW009 0
16:37:37.808 @HAW010 2018/11/29 0:00:00
16:37:37.808 @HAW011 计件
16:37:37.808 @HAW012 0501
16:37:37.809 @HAW013 五金车间
16:37:37.809 @HAW014 0501
16:37:37.810 @HAW015 五金车间
16:37:37.810 @HAW016 
16:37:37.810 @HAW017 
16:37:37.810 @HAW018 False
16:37:37.810 @HAW019 False
16:37:37.811 @HAW001 20181129002
16:37:37.811 @HAW020 0
16:37:37.811 @HAW021 0
16:37:37.824 @HAX003 胡福林
16:37:37.824 @HAX004 发货员
16:37:37.824 @HAX005 1005
16:37:37.824 @HAX006 冲孔
16:37:37.824 @HAX007 0.024000
16:37:37.825 @HAX008 10
16:37:37.825 @HAX009 2018/11/29 8:00:00
16:37:37.825 @HAX010 2018/11/29 17:00:00
16:37:37.825 @HAX011 
16:37:37.825 @HAX012 
16:37:37.826 @HAX013 0.000000
16:37:37.826 @HAX014 
16:37:37.826 @HAX015 在职
16:37:37.826 @HAX016 003
16:37:37.826 @HAX017 物流组
16:37:37.826 @idx 25
16:37:37.827 @HAX018 9
16:37:37.827 @HAX019 0
16:37:37.827 @HAX020 0.2
16:38:44.827 @EMP002 系统管理员
16:38:44.828 @EMP033 cebfd1559b68d67688884d7a3d3e8c
16:40:13.283 @EMP002 系统管理员
16:40:13.283 @EMP033 cebfd1559b68d67688884d7a3d3e8c
16:40:47.702 @HAW001 20181129003
16:40:47.703 @HAW002 GD201810060120
16:40:47.703 @HAW003 202101322P
16:40:47.703 @HAW004 F01-DS钛银面板-丝印
16:40:47.703 @HAW005 300*300mm
16:40:47.704 @HAW006 PCS
16:40:47.704 @HAW007 2000
16:40:47.704 @HAW008 0.231
16:40:47.704 @HAW009 0
16:40:47.704 @HAW010 2018/11/29 0:00:00
16:40:47.705 @HAW011 计件
16:40:47.705 @HAW012 0501
16:40:47.705 @HAW013 五金车间
16:40:47.705 @HAW014 0501
16:40:47.705 @HAW015 五金车间
16:40:47.706 @HAW016 
16:40:47.706 @HAW017 
16:40:47.706 @HAW018 False
16:40:47.706 @HAW019 False
16:40:47.706 @HAW020 0
16:40:47.706 @HAW021 0
16:40:47.713 @HAX001 20181129003
16:40:47.713 @HAX002 10011
16:40:47.714 @HAX003 潘传慧
16:40:47.714 @HAX004 发货员
16:40:47.714 @HAX005 1009
16:40:47.714 @HAX006 压筋
16:40:47.715 @HAX007 0.028
16:40:47.715 @HAX008 10
16:40:47.715 @HAX009 2018/11/29 8:00:00
16:40:47.715 @HAX010 2018/11/29 17:00:00
16:40:47.715 @HAX011 
16:40:47.716 @HAX012 
16:40:47.716 @HAX013 0
16:40:47.716 @HAX014 
16:40:47.716 @HAX015 在职
16:40:47.716 @HAX016 004
16:40:47.716 @HAX017 物流组
16:40:47.717 @HAX018 9
16:40:47.717 @HAX019 0
16:40:47.717 @HAX020 0.3
16:43:58.518 @EMP002 系统管理员
16:43:58.520 @EMP033 cebfd1559b68d67688884d7a3d3e8c
