09:08:37.593 @EMP002 系统管理员
09:08:37.594 @EMP033 cebfd1559b68d67688884d7a3d3e8c
09:29:46.287 @EMP002 系统管理员
09:29:46.288 @EMP033 cebfd1559b68d67688884d7a3d3e8c
09:30:16.430 @EMP002 系统管理员
09:30:16.430 @EMP033 cebfd1559b68d67688884d7a3d3e8c
09:31:38.144 @EMP002 系统管理员
09:31:38.144 @EMP033 cebfd1559b68d67688884d7a3d3e8c
09:40:30.719 @EMP002 系统管理员
09:40:30.720 @EMP033 cebfd1559b68d67688884d7a3d3e8c
10:18:17.658 @EMP002 系统管理员
10:18:17.660 @EMP033 cebfd1559b68d67688884d7a3d3e8c
10:24:33.591 @EMP002 系统管理员
10:24:33.592 @EMP033 cebfd1559b68d67688884d7a3d3e8c
10:40:51.438 @EMP002 系统管理员
10:40:51.439 @EMP033 cebfd1559b68d67688884d7a3d3e8c
11:05:59.856 @EMP002 系统管理员
11:05:59.856 @EMP033 cebfd1559b68d67688884d7a3d3e8c
11:07:48.884 @EMP002 系统管理员
11:07:48.886 @EMP033 cebfd1559b68d67688884d7a3d3e8c
11:08:12.035 @PRG005 1线
11:08:12.035 @PRG006 20
11:08:12.035 @PRG001 DGY-F805
11:08:12.036 @PRG002 2018/8/2 0:00:00
11:08:12.036 @PRG004 050701
11:08:12.040 @PRG005 2线
11:08:12.041 @PRG006 20
11:08:12.041 @PRG001 DGY-F805
11:08:12.041 @PRG002 2018/8/2 0:00:00
11:08:12.041 @PRG004 050702
11:08:12.042 @PRG005 3线
11:08:12.043 @PRG006 20
11:08:12.043 @PRG001 DGY-F805
11:08:12.043 @PRG002 2018/8/2 0:00:00
11:08:12.043 @PRG004 050703
11:08:12.044 @PRG005 4线
11:08:12.044 @PRG006 20
11:08:12.045 @PRG001 DGY-F805
11:08:12.045 @PRG002 2018/8/2 0:00:00
11:08:12.045 @PRG004 050704
11:08:12.047 @PRG005 5线
11:08:12.047 @PRG006 20
11:08:12.047 @PRG001 DGY-F805
11:08:12.047 @PRG002 2018/8/2 0:00:00
11:08:12.047 @PRG004 050705
11:08:12.049 @PRG005 6线
11:08:12.049 @PRG006 20
11:08:12.049 @PRG001 DGY-F805
11:08:12.049 @PRG002 2018/8/2 0:00:00
11:08:12.049 @PRG004 050706
11:08:12.050 @PRG005 7线
11:08:12.051 @PRG006 20
11:08:12.051 @PRG001 DGY-F805
11:08:12.051 @PRG002 2018/8/2 0:00:00
11:08:12.051 @PRG004 050707
11:08:12.052 @PRG005 8线
11:08:12.052 @PRG006 20
11:08:12.052 @PRG001 DGY-F805
11:08:12.052 @PRG002 2018/8/2 0:00:00
11:08:12.053 @PRG004 050708
11:08:12.054 @PRG005 1线
11:08:12.054 @PRG006 20
11:08:12.054 @PRG001 DGY-F805
11:08:12.055 @PRG002 2018/8/3 0:00:00
11:08:12.055 @PRG004 050701
11:08:12.056 @PRG005 2线
11:08:12.056 @PRG006 20
11:08:12.056 @PRG001 DGY-F805
11:08:12.056 @PRG002 2018/8/3 0:00:00
11:08:12.056 @PRG004 050702
11:08:12.057 @PRG005 3线
11:08:12.058 @PRG006 20
11:08:12.058 @PRG001 DGY-F805
11:08:12.058 @PRG002 2018/8/3 0:00:00
11:08:12.058 @PRG004 050703
11:08:12.059 @PRG005 4线
11:08:12.059 @PRG006 20
11:08:12.059 @PRG001 DGY-F805
11:08:12.060 @PRG002 2018/8/3 0:00:00
11:08:12.060 @PRG004 050704
11:08:12.065 @PRG005 5线
11:08:12.065 @PRG006 20
11:08:12.065 @PRG001 DGY-F805
11:08:12.066 @PRG002 2018/8/3 0:00:00
11:08:12.066 @PRG004 050705
11:08:12.067 @PRG005 6线
11:08:12.067 @PRG006 20
11:08:12.067 @PRG001 DGY-F805
11:08:12.067 @PRG002 2018/8/3 0:00:00
11:08:12.067 @PRG004 050706
11:08:12.069 @PRG005 7线
11:08:12.069 @PRG006 20
11:08:12.069 @PRG001 DGY-F805
11:08:12.069 @PRG002 2018/8/3 0:00:00
11:08:12.069 @PRG004 050707
11:08:12.070 @PRG005 8线
11:08:12.071 @PRG006 20
11:08:12.071 @PRG001 DGY-F805
11:08:12.071 @PRG002 2018/8/3 0:00:00
11:08:12.071 @PRG004 050708
11:08:12.072 @PRG005 1线
11:08:12.072 @PRG006 20
11:08:12.072 @PRG001 DGY-F805
11:08:12.073 @PRG002 2018/8/4 0:00:00
11:08:12.073 @PRG004 050701
11:08:12.074 @PRG005 2线
11:08:12.074 @PRG006 20
11:08:12.074 @PRG001 DGY-F805
11:08:12.075 @PRG002 2018/8/4 0:00:00
11:08:12.075 @PRG004 050702
11:08:12.076 @PRG005 3线
11:08:12.076 @PRG006 20
11:08:12.076 @PRG001 DGY-F805
11:08:12.076 @PRG002 2018/8/4 0:00:00
11:08:12.077 @PRG004 050703
11:08:12.078 @PRG005 4线
11:08:12.078 @PRG006 20
11:08:12.078 @PRG001 DGY-F805
11:08:12.078 @PRG002 2018/8/4 0:00:00
11:08:12.078 @PRG004 050704
11:08:12.080 @PRG005 5线
11:08:12.080 @PRG006 20
11:08:12.080 @PRG001 DGY-F805
11:08:12.081 @PRG002 2018/8/4 0:00:00
11:08:12.081 @PRG004 050705
11:08:12.082 @PRG005 6线
11:08:12.082 @PRG006 20
11:08:12.082 @PRG001 DGY-F805
11:08:12.083 @PRG002 2018/8/4 0:00:00
11:08:12.083 @PRG004 050706
11:08:12.084 @PRG005 7线
11:08:12.084 @PRG006 20
11:08:12.084 @PRG001 DGY-F805
11:08:12.084 @PRG002 2018/8/4 0:00:00
11:08:12.084 @PRG004 050707
11:08:12.086 @PRG005 8线
11:08:12.086 @PRG006 20
11:08:12.086 @PRG001 DGY-F805
11:08:12.086 @PRG002 2018/8/4 0:00:00
11:08:12.086 @PRG004 050708
11:08:12.087 @PRG005 1线
11:08:12.088 @PRG006 20
11:08:12.088 @PRG001 DGY-F805
11:08:12.088 @PRG002 2018/8/5 0:00:00
11:08:12.088 @PRG004 050701
11:08:12.089 @PRG005 2线
11:08:12.089 @PRG006 20
11:08:12.089 @PRG001 DGY-F805
11:08:12.089 @PRG002 2018/8/5 0:00:00
11:08:12.090 @PRG004 050702
11:08:12.091 @PRG005 3线
11:08:12.091 @PRG006 20
11:08:12.091 @PRG001 DGY-F805
11:08:12.091 @PRG002 2018/8/5 0:00:00
11:08:12.091 @PRG004 050703
11:08:12.093 @PRG005 4线
11:08:12.093 @PRG006 20
11:08:12.093 @PRG001 DGY-F805
11:08:12.093 @PRG002 2018/8/5 0:00:00
11:08:12.093 @PRG004 050704
11:08:12.094 @PRG005 5线
11:08:12.095 @PRG006 20
11:08:12.095 @PRG001 DGY-F805
11:08:12.095 @PRG002 2018/8/5 0:00:00
11:08:12.095 @PRG004 050705
11:08:12.097 @PRG005 6线
11:08:12.097 @PRG006 20
11:08:12.097 @PRG001 DGY-F805
11:08:12.097 @PRG002 2018/8/5 0:00:00
11:08:12.097 @PRG004 050706
11:08:12.098 @PRG005 7线
11:08:12.099 @PRG006 20
11:08:12.099 @PRG001 DGY-F805
11:08:12.099 @PRG002 2018/8/5 0:00:00
11:08:12.099 @PRG004 050707
11:08:12.100 @PRG005 8线
11:08:12.100 @PRG006 20
11:08:12.100 @PRG001 DGY-F805
11:08:12.100 @PRG002 2018/8/5 0:00:00
11:08:12.101 @PRG004 050708
11:08:12.102 @PRG005 1线
11:08:12.102 @PRG006 20
11:08:12.102 @PRG001 DGY-F805
11:08:12.102 @PRG002 2018/8/6 0:00:00
11:08:12.102 @PRG004 050701
11:08:12.103 @PRG005 2线
11:08:12.104 @PRG006 20
11:08:12.104 @PRG001 DGY-F805
11:08:12.104 @PRG002 2018/8/6 0:00:00
11:08:12.104 @PRG004 050702
11:08:12.105 @PRG005 3线
11:08:12.105 @PRG006 20
11:08:12.105 @PRG001 DGY-F805
11:08:12.106 @PRG002 2018/8/6 0:00:00
11:08:12.106 @PRG004 050703
11:08:12.107 @PRG005 4线
11:08:12.107 @PRG006 20
11:08:12.107 @PRG001 DGY-F805
11:08:12.107 @PRG002 2018/8/6 0:00:00
11:08:12.108 @PRG004 050704
11:08:12.109 @PRG005 5线
11:08:12.109 @PRG006 20
11:08:12.109 @PRG001 DGY-F805
11:08:12.109 @PRG002 2018/8/6 0:00:00
11:08:12.109 @PRG004 050705
11:08:12.111 @PRG005 6线
11:08:12.111 @PRG006 20
11:08:12.111 @PRG001 DGY-F805
11:08:12.111 @PRG002 2018/8/6 0:00:00
11:08:12.111 @PRG004 050706
11:08:12.113 @PRG005 7线
11:08:12.113 @PRG006 20
11:08:12.113 @PRG001 DGY-F805
11:08:12.114 @PRG002 2018/8/6 0:00:00
11:08:12.114 @PRG004 050707
11:08:12.115 @PRG005 8线
11:08:12.115 @PRG006 20
11:08:12.115 @PRG001 DGY-F805
11:08:12.115 @PRG002 2018/8/6 0:00:00
11:08:12.116 @PRG004 050708
11:08:12.117 @PRG005 1线
11:08:12.117 @PRG006 500
11:08:12.117 @PRG001 TCLJD-DQFY02
11:08:12.117 @PRG002 2018/12/11 0:00:00
11:08:12.117 @PRG004 050701
11:08:12.118 @PRG005 2线
11:08:12.119 @PRG006 500
11:08:12.119 @PRG001 TCLJD-DQFY02
11:08:12.119 @PRG002 2018/12/11 0:00:00
11:08:12.119 @PRG004 050702
11:08:12.120 @PRG005 3线
11:08:12.120 @PRG006 500
11:08:12.120 @PRG001 TCLJD-DQFY02
11:08:12.120 @PRG002 2018/12/11 0:00:00
11:08:12.121 @PRG004 050703
11:08:12.122 @PRG005 4线
11:08:12.122 @PRG006 500
11:08:12.122 @PRG001 TCLJD-DQFY02
11:08:12.122 @PRG002 2018/12/11 0:00:00
11:08:12.122 @PRG004 050704
11:08:12.123 @PRG005 5线
11:08:12.123 @PRG006 500
11:08:12.124 @PRG001 TCLJD-DQFY02
11:08:12.124 @PRG002 2018/12/11 0:00:00
11:08:12.124 @PRG004 050705
11:08:12.125 @PRG005 6线
11:08:12.125 @PRG006 500
11:08:12.125 @PRG001 TCLJD-DQFY02
11:08:12.125 @PRG002 2018/12/11 0:00:00
11:08:12.126 @PRG004 050706
11:08:12.127 @PRG005 7线
11:08:12.127 @PRG006 500
11:08:12.127 @PRG001 TCLJD-DQFY02
11:08:12.127 @PRG002 2018/12/11 0:00:00
11:08:12.128 @PRG004 050707
11:08:12.129 @PRG005 8线
11:08:12.129 @PRG006 500
11:08:12.129 @PRG001 TCLJD-DQFY02
11:08:12.129 @PRG002 2018/12/11 0:00:00
11:08:12.129 @PRG004 050708
11:08:12.131 @PRG005 1线
11:08:12.132 @PRG006 500
11:08:12.132 @PRG001 TCLJD-DQFY02
11:08:12.132 @PRG002 2018/12/12 0:00:00
11:08:12.132 @PRG004 050701
11:08:12.133 @PRG005 2线
11:08:12.134 @PRG006 500
11:08:12.134 @PRG001 TCLJD-DQFY02
11:08:12.134 @PRG002 2018/12/12 0:00:00
11:08:12.134 @PRG004 050702
11:08:12.135 @PRG005 3线
11:08:12.136 @PRG006 500
11:08:12.136 @PRG001 TCLJD-DQFY02
11:08:12.136 @PRG002 2018/12/12 0:00:00
11:08:12.136 @PRG004 050703
11:08:12.137 @PRG005 4线
11:08:12.138 @PRG006 500
11:08:12.138 @PRG001 TCLJD-DQFY02
11:08:12.138 @PRG002 2018/12/12 0:00:00
11:08:12.138 @PRG004 050704
11:08:12.140 @PRG005 5线
11:08:12.140 @PRG006 500
11:08:12.140 @PRG001 TCLJD-DQFY02
11:08:12.140 @PRG002 2018/12/12 0:00:00
11:08:12.140 @PRG004 050705
11:08:12.142 @PRG005 6线
11:08:12.142 @PRG006 500
11:08:12.142 @PRG001 TCLJD-DQFY02
11:08:12.142 @PRG002 2018/12/12 0:00:00
11:08:12.142 @PRG004 050706
11:08:12.144 @PRG005 7线
11:08:12.144 @PRG006 500
11:08:12.144 @PRG001 TCLJD-DQFY02
11:08:12.144 @PRG002 2018/12/12 0:00:00
11:08:12.144 @PRG004 050707
11:08:12.146 @PRG005 8线
11:08:12.146 @PRG006 500
11:08:12.146 @PRG001 TCLJD-DQFY02
11:08:12.146 @PRG002 2018/12/12 0:00:00
11:08:12.146 @PRG004 050708
11:08:13.616 @PRG005 1线
11:08:13.616 @PRG006 20
11:08:13.616 @PRG001 DGY-F805
11:08:13.617 @PRG002 2018/8/2 0:00:00
11:08:13.617 @PRG004 050701
11:08:13.618 @PRG005 2线
11:08:13.619 @PRG006 20
11:08:13.619 @PRG001 DGY-F805
11:08:13.619 @PRG002 2018/8/2 0:00:00
11:08:13.619 @PRG004 050702
11:08:13.620 @PRG005 3线
11:08:13.621 @PRG006 20
11:08:13.621 @PRG001 DGY-F805
11:08:13.621 @PRG002 2018/8/2 0:00:00
11:08:13.621 @PRG004 050703
11:08:13.623 @PRG005 4线
11:08:13.623 @PRG006 20
11:08:13.623 @PRG001 DGY-F805
11:08:13.623 @PRG002 2018/8/2 0:00:00
11:08:13.623 @PRG004 050704
11:08:13.625 @PRG005 5线
11:08:13.625 @PRG006 20
11:08:13.625 @PRG001 DGY-F805
11:08:13.626 @PRG002 2018/8/2 0:00:00
11:08:13.626 @PRG004 050705
11:08:13.633 @PRG005 6线
11:08:13.633 @PRG006 20
11:08:13.633 @PRG001 DGY-F805
11:08:13.634 @PRG002 2018/8/2 0:00:00
11:08:13.634 @PRG004 050706
11:08:13.635 @PRG005 7线
11:08:13.635 @PRG006 20
11:08:13.636 @PRG001 DGY-F805
11:08:13.636 @PRG002 2018/8/2 0:00:00
11:08:13.636 @PRG004 050707
11:08:13.637 @PRG005 8线
11:08:13.638 @PRG006 20
11:08:13.638 @PRG001 DGY-F805
11:08:13.638 @PRG002 2018/8/2 0:00:00
11:08:13.638 @PRG004 050708
11:08:13.640 @PRG005 1线
11:08:13.640 @PRG006 20
11:08:13.640 @PRG001 DGY-F805
11:08:13.640 @PRG002 2018/8/3 0:00:00
11:08:13.640 @PRG004 050701
11:08:13.642 @PRG005 2线
11:08:13.642 @PRG006 20
11:08:13.642 @PRG001 DGY-F805
11:08:13.642 @PRG002 2018/8/3 0:00:00
11:08:13.643 @PRG004 050702
11:08:13.644 @PRG005 3线
11:08:13.644 @PRG006 20
11:08:13.645 @PRG001 DGY-F805
11:08:13.645 @PRG002 2018/8/3 0:00:00
11:08:13.645 @PRG004 050703
11:08:13.646 @PRG005 4线
11:08:13.646 @PRG006 20
11:08:13.647 @PRG001 DGY-F805
11:08:13.647 @PRG002 2018/8/3 0:00:00
11:08:13.647 @PRG004 050704
11:08:13.648 @PRG005 5线
11:08:13.649 @PRG006 20
11:08:13.649 @PRG001 DGY-F805
11:08:13.649 @PRG002 2018/8/3 0:00:00
11:08:13.649 @PRG004 050705
11:08:13.651 @PRG005 6线
11:08:13.651 @PRG006 20
11:08:13.651 @PRG001 DGY-F805
11:08:13.651 @PRG002 2018/8/3 0:00:00
11:08:13.651 @PRG004 050706
11:08:13.653 @PRG005 7线
11:08:13.653 @PRG006 20
11:08:13.653 @PRG001 DGY-F805
11:08:13.653 @PRG002 2018/8/3 0:00:00
11:08:13.653 @PRG004 050707
11:08:13.655 @PRG005 8线
11:08:13.655 @PRG006 20
11:08:13.655 @PRG001 DGY-F805
11:08:13.655 @PRG002 2018/8/3 0:00:00
11:08:13.655 @PRG004 050708
11:08:13.657 @PRG005 1线
11:08:13.657 @PRG006 20
11:08:13.657 @PRG001 DGY-F805
11:08:13.657 @PRG002 2018/8/4 0:00:00
11:08:13.658 @PRG004 050701
11:08:13.659 @PRG005 2线
11:08:13.659 @PRG006 20
11:08:13.659 @PRG001 DGY-F805
11:08:13.660 @PRG002 2018/8/4 0:00:00
11:08:13.660 @PRG004 050702
11:08:13.661 @PRG005 3线
11:08:13.661 @PRG006 20
11:08:13.661 @PRG001 DGY-F805
11:08:13.662 @PRG002 2018/8/4 0:00:00
11:08:13.662 @PRG004 050703
11:08:13.663 @PRG005 4线
11:08:13.663 @PRG006 20
11:08:13.664 @PRG001 DGY-F805
11:08:13.664 @PRG002 2018/8/4 0:00:00
11:08:13.664 @PRG004 050704
11:08:13.665 @PRG005 5线
11:08:13.665 @PRG006 20
11:08:13.666 @PRG001 DGY-F805
11:08:13.666 @PRG002 2018/8/4 0:00:00
11:08:13.666 @PRG004 050705
11:08:13.667 @PRG005 6线
11:08:13.667 @PRG006 20
11:08:13.668 @PRG001 DGY-F805
11:08:13.668 @PRG002 2018/8/4 0:00:00
11:08:13.668 @PRG004 050706
11:08:13.670 @PRG005 7线
11:08:13.670 @PRG006 20
11:08:13.670 @PRG001 DGY-F805
11:08:13.670 @PRG002 2018/8/4 0:00:00
11:08:13.671 @PRG004 050707
11:08:13.672 @PRG005 8线
11:08:13.672 @PRG006 20
11:08:13.672 @PRG001 DGY-F805
11:08:13.672 @PRG002 2018/8/4 0:00:00
11:08:13.673 @PRG004 050708
11:08:13.674 @PRG005 1线
11:08:13.674 @PRG006 20
11:08:13.674 @PRG001 DGY-F805
11:08:13.674 @PRG002 2018/8/5 0:00:00
11:08:13.675 @PRG004 050701
11:08:13.676 @PRG005 2线
11:08:13.676 @PRG006 20
11:08:13.676 @PRG001 DGY-F805
11:08:13.676 @PRG002 2018/8/5 0:00:00
11:08:13.677 @PRG004 050702
11:08:13.678 @PRG005 3线
11:08:13.678 @PRG006 20
11:08:13.678 @PRG001 DGY-F805
11:08:13.679 @PRG002 2018/8/5 0:00:00
11:08:13.679 @PRG004 050703
11:08:13.680 @PRG005 4线
11:08:13.680 @PRG006 20
11:08:13.680 @PRG001 DGY-F805
11:08:13.680 @PRG002 2018/8/5 0:00:00
11:08:13.681 @PRG004 050704
11:08:13.682 @PRG005 5线
11:08:13.682 @PRG006 20
11:08:13.682 @PRG001 DGY-F805
11:08:13.682 @PRG002 2018/8/5 0:00:00
11:08:13.682 @PRG004 050705
11:08:13.684 @PRG005 6线
11:08:13.684 @PRG006 20
11:08:13.684 @PRG001 DGY-F805
11:08:13.684 @PRG002 2018/8/5 0:00:00
11:08:13.684 @PRG004 050706
11:08:13.685 @PRG005 7线
11:08:13.686 @PRG006 20
11:08:13.686 @PRG001 DGY-F805
11:08:13.686 @PRG002 2018/8/5 0:00:00
11:08:13.686 @PRG004 050707
11:08:13.688 @PRG005 8线
11:08:13.688 @PRG006 20
11:08:13.688 @PRG001 DGY-F805
11:08:13.688 @PRG002 2018/8/5 0:00:00
11:08:13.689 @PRG004 050708
11:08:13.692 @PRG005 1线
11:08:13.692 @PRG006 20
11:08:13.692 @PRG001 DGY-F805
11:08:13.692 @PRG002 2018/8/6 0:00:00
11:08:13.693 @PRG004 050701
11:08:13.694 @PRG005 2线
11:08:13.694 @PRG006 20
11:08:13.694 @PRG001 DGY-F805
11:08:13.695 @PRG002 2018/8/6 0:00:00
11:08:13.695 @PRG004 050702
11:08:13.696 @PRG005 3线
11:08:13.696 @PRG006 20
11:08:13.697 @PRG001 DGY-F805
11:08:13.697 @PRG002 2018/8/6 0:00:00
11:08:13.697 @PRG004 050703
11:08:13.698 @PRG005 4线
11:08:13.698 @PRG006 20
11:08:13.699 @PRG001 DGY-F805
11:08:13.699 @PRG002 2018/8/6 0:00:00
11:08:13.699 @PRG004 050704
11:08:13.701 @PRG005 5线
11:08:13.701 @PRG006 20
11:08:13.702 @PRG001 DGY-F805
11:08:13.702 @PRG002 2018/8/6 0:00:00
11:08:13.702 @PRG004 050705
11:08:13.704 @PRG005 6线
11:08:13.704 @PRG006 20
11:08:13.704 @PRG001 DGY-F805
11:08:13.704 @PRG002 2018/8/6 0:00:00
11:08:13.704 @PRG004 050706
11:08:13.705 @PRG005 7线
11:08:13.706 @PRG006 20
11:08:13.706 @PRG001 DGY-F805
11:08:13.706 @PRG002 2018/8/6 0:00:00
11:08:13.706 @PRG004 050707
11:08:13.707 @PRG005 8线
11:08:13.707 @PRG006 20
11:08:13.708 @PRG001 DGY-F805
11:08:13.708 @PRG002 2018/8/6 0:00:00
11:08:13.708 @PRG004 050708
11:08:13.709 @PRG005 1线
11:08:13.709 @PRG006 500
11:08:13.709 @PRG001 TCLJD-DQFY02
11:08:13.710 @PRG002 2018/12/11 0:00:00
11:08:13.710 @PRG004 050701
11:08:13.711 @PRG005 2线
11:08:13.711 @PRG006 500
11:08:13.712 @PRG001 TCLJD-DQFY02
11:08:13.712 @PRG002 2018/12/11 0:00:00
11:08:13.712 @PRG004 050702
11:08:13.713 @PRG005 3线
11:08:13.713 @PRG006 500
11:08:13.714 @PRG001 TCLJD-DQFY02
11:08:13.714 @PRG002 2018/12/11 0:00:00
11:08:13.714 @PRG004 050703
11:08:13.715 @PRG005 4线
11:08:13.715 @PRG006 500
11:08:13.716 @PRG001 TCLJD-DQFY02
11:08:13.716 @PRG002 2018/12/11 0:00:00
11:08:13.716 @PRG004 050704
11:08:13.717 @PRG005 5线
11:08:13.717 @PRG006 500
11:08:13.717 @PRG001 TCLJD-DQFY02
11:08:13.718 @PRG002 2018/12/11 0:00:00
11:08:13.718 @PRG004 050705
11:08:13.719 @PRG005 6线
11:08:13.719 @PRG006 500
11:08:13.719 @PRG001 TCLJD-DQFY02
11:08:13.720 @PRG002 2018/12/11 0:00:00
11:08:13.720 @PRG004 050706
11:08:13.721 @PRG005 7线
11:08:13.721 @PRG006 500
11:08:13.721 @PRG001 TCLJD-DQFY02
11:08:13.722 @PRG002 2018/12/11 0:00:00
11:08:13.722 @PRG004 050707
11:08:13.723 @PRG005 8线
11:08:13.723 @PRG006 500
11:08:13.723 @PRG001 TCLJD-DQFY02
11:08:13.723 @PRG002 2018/12/11 0:00:00
11:08:13.724 @PRG004 050708
11:08:13.726 @PRG005 1线
11:08:13.726 @PRG006 500
11:08:13.726 @PRG001 TCLJD-DQFY02
11:08:13.726 @PRG002 2018/12/12 0:00:00
11:08:13.726 @PRG004 050701
11:08:13.728 @PRG005 2线
11:08:13.728 @PRG006 500
11:08:13.728 @PRG001 TCLJD-DQFY02
11:08:13.729 @PRG002 2018/12/12 0:00:00
11:08:13.729 @PRG004 050702
11:08:13.730 @PRG005 3线
11:08:13.730 @PRG006 500
11:08:13.730 @PRG001 TCLJD-DQFY02
11:08:13.731 @PRG002 2018/12/12 0:00:00
11:08:13.731 @PRG004 050703
11:08:13.732 @PRG005 4线
11:08:13.732 @PRG006 500
11:08:13.732 @PRG001 TCLJD-DQFY02
11:08:13.732 @PRG002 2018/12/12 0:00:00
11:08:13.733 @PRG004 050704
11:08:13.734 @PRG005 5线
11:08:13.734 @PRG006 500
11:08:13.734 @PRG001 TCLJD-DQFY02
11:08:13.734 @PRG002 2018/12/12 0:00:00
11:08:13.735 @PRG004 050705
11:08:13.736 @PRG005 6线
11:08:13.736 @PRG006 500
11:08:13.736 @PRG001 TCLJD-DQFY02
11:08:13.736 @PRG002 2018/12/12 0:00:00
11:08:13.737 @PRG004 050706
11:08:13.738 @PRG005 7线
11:08:13.738 @PRG006 500
11:08:13.738 @PRG001 TCLJD-DQFY02
11:08:13.738 @PRG002 2018/12/12 0:00:00
11:08:13.738 @PRG004 050707
11:08:13.739 @PRG005 8线
11:08:13.740 @PRG006 500
11:08:13.740 @PRG001 TCLJD-DQFY02
11:08:13.740 @PRG002 2018/12/12 0:00:00
11:08:13.740 @PRG004 050708
11:08:16.763 @PRG005 1线
11:08:16.763 @PRG006 20
11:08:16.763 @PRG001 DGY-F805
11:08:16.763 @PRG002 2018/8/2 0:00:00
11:08:16.764 @PRG004 050701
11:08:16.765 @PRG005 2线
11:08:16.766 @PRG006 20
11:08:16.766 @PRG001 DGY-F805
11:08:16.766 @PRG002 2018/8/2 0:00:00
11:08:16.766 @PRG004 050702
11:08:16.768 @PRG005 3线
11:08:16.769 @PRG006 20
11:08:16.769 @PRG001 DGY-F805
11:08:16.769 @PRG002 2018/8/2 0:00:00
11:08:16.769 @PRG004 050703
11:08:16.771 @PRG005 4线
11:08:16.771 @PRG006 20
11:08:16.771 @PRG001 DGY-F805
11:08:16.772 @PRG002 2018/8/2 0:00:00
11:08:16.772 @PRG004 050704
11:08:16.776 @PRG005 5线
11:08:16.776 @PRG006 20
11:08:16.776 @PRG001 DGY-F805
11:08:16.777 @PRG002 2018/8/2 0:00:00
11:08:16.777 @PRG004 050705
11:08:16.778 @PRG005 6线
11:08:16.779 @PRG006 20
11:08:16.779 @PRG001 DGY-F805
11:08:16.779 @PRG002 2018/8/2 0:00:00
11:08:16.779 @PRG004 050706
11:08:16.781 @PRG005 7线
11:08:16.781 @PRG006 20
11:08:16.781 @PRG001 DGY-F805
11:08:16.782 @PRG002 2018/8/2 0:00:00
11:08:16.782 @PRG004 050707
11:08:16.783 @PRG005 8线
11:08:16.784 @PRG006 20
11:08:16.784 @PRG001 DGY-F805
11:08:16.784 @PRG002 2018/8/2 0:00:00
11:08:16.784 @PRG004 050708
11:08:16.785 @PRG005 1线
11:08:16.786 @PRG006 20
11:08:16.786 @PRG001 DGY-F805
11:08:16.786 @PRG002 2018/8/3 0:00:00
11:08:16.786 @PRG004 050701
11:08:16.787 @PRG005 2线
11:08:16.787 @PRG006 20
11:08:16.788 @PRG001 DGY-F805
11:08:16.788 @PRG002 2018/8/3 0:00:00
11:08:16.788 @PRG004 050702
11:08:16.789 @PRG005 3线
11:08:16.789 @PRG006 20
11:08:16.789 @PRG001 DGY-F805
11:08:16.789 @PRG002 2018/8/3 0:00:00
11:08:16.789 @PRG004 050703
11:08:16.791 @PRG005 4线
11:08:16.792 @PRG006 20
11:08:16.792 @PRG001 DGY-F805
11:08:16.792 @PRG002 2018/8/3 0:00:00
11:08:16.792 @PRG004 050704
11:08:16.793 @PRG005 5线
11:08:16.793 @PRG006 20
11:08:16.793 @PRG001 DGY-F805
11:08:16.794 @PRG002 2018/8/3 0:00:00
11:08:16.794 @PRG004 050705
11:08:16.795 @PRG005 6线
11:08:16.795 @PRG006 20
11:08:16.795 @PRG001 DGY-F805
11:08:16.795 @PRG002 2018/8/3 0:00:00
11:08:16.795 @PRG004 050706
11:08:16.796 @PRG005 7线
11:08:16.797 @PRG006 20
11:08:16.797 @PRG001 DGY-F805
11:08:16.797 @PRG002 2018/8/3 0:00:00
11:08:16.797 @PRG004 050707
11:08:16.798 @PRG005 8线
11:08:16.799 @PRG006 20
11:08:16.799 @PRG001 DGY-F805
11:08:16.799 @PRG002 2018/8/3 0:00:00
11:08:16.799 @PRG004 050708
11:08:16.800 @PRG005 1线
11:08:16.800 @PRG006 20
11:08:16.800 @PRG001 DGY-F805
11:08:16.800 @PRG002 2018/8/4 0:00:00
11:08:16.801 @PRG004 050701
11:08:16.802 @PRG005 2线
11:08:16.802 @PRG006 20
11:08:16.802 @PRG001 DGY-F805
11:08:16.802 @PRG002 2018/8/4 0:00:00
11:08:16.802 @PRG004 050702
11:08:16.803 @PRG005 3线
11:08:16.803 @PRG006 20
11:08:16.804 @PRG001 DGY-F805
11:08:16.804 @PRG002 2018/8/4 0:00:00
11:08:16.804 @PRG004 050703
11:08:16.805 @PRG005 4线
11:08:16.805 @PRG006 20
11:08:16.805 @PRG001 DGY-F805
11:08:16.805 @PRG002 2018/8/4 0:00:00
11:08:16.805 @PRG004 050704
11:08:16.806 @PRG005 5线
11:08:16.806 @PRG006 20
11:08:16.806 @PRG001 DGY-F805
11:08:16.807 @PRG002 2018/8/4 0:00:00
11:08:16.807 @PRG004 050705
11:08:16.809 @PRG005 6线
11:08:16.809 @PRG006 20
11:08:16.810 @PRG001 DGY-F805
11:08:16.810 @PRG002 2018/8/4 0:00:00
11:08:16.810 @PRG004 050706
11:08:16.811 @PRG005 7线
11:08:16.811 @PRG006 20
11:08:16.811 @PRG001 DGY-F805
11:08:16.811 @PRG002 2018/8/4 0:00:00
11:08:16.811 @PRG004 050707
11:08:16.812 @PRG005 8线
11:08:16.813 @PRG006 20
11:08:16.813 @PRG001 DGY-F805
11:08:16.813 @PRG002 2018/8/4 0:00:00
11:08:16.813 @PRG004 050708
11:08:16.814 @PRG005 1线
11:08:16.814 @PRG006 20
11:08:16.815 @PRG001 DGY-F805
11:08:16.815 @PRG002 2018/8/5 0:00:00
11:08:16.815 @PRG004 050701
11:08:16.816 @PRG005 2线
11:08:16.816 @PRG006 20
11:08:16.816 @PRG001 DGY-F805
11:08:16.817 @PRG002 2018/8/5 0:00:00
11:08:16.817 @PRG004 050702
11:08:16.818 @PRG005 3线
11:08:16.818 @PRG006 20
11:08:16.818 @PRG001 DGY-F805
11:08:16.818 @PRG002 2018/8/5 0:00:00
11:08:16.818 @PRG004 050703
11:08:16.819 @PRG005 4线
11:08:16.820 @PRG006 20
11:08:16.820 @PRG001 DGY-F805
11:08:16.820 @PRG002 2018/8/5 0:00:00
11:08:16.820 @PRG004 050704
11:08:16.822 @PRG005 5线
11:08:16.822 @PRG006 20
11:08:16.822 @PRG001 DGY-F805
11:08:16.823 @PRG002 2018/8/5 0:00:00
11:08:16.823 @PRG004 050705
11:08:16.824 @PRG005 6线
11:08:16.824 @PRG006 20
11:08:16.824 @PRG001 DGY-F805
11:08:16.825 @PRG002 2018/8/5 0:00:00
11:08:16.825 @PRG004 050706
11:08:16.826 @PRG005 7线
11:08:16.826 @PRG006 20
11:08:16.826 @PRG001 DGY-F805
11:08:16.827 @PRG002 2018/8/5 0:00:00
11:08:16.827 @PRG004 050707
11:08:16.828 @PRG005 8线
11:08:16.828 @PRG006 20
11:08:16.828 @PRG001 DGY-F805
11:08:16.829 @PRG002 2018/8/5 0:00:00
11:08:16.829 @PRG004 050708
11:08:16.830 @PRG005 1线
11:08:16.830 @PRG006 20
11:08:16.830 @PRG001 DGY-F805
11:08:16.831 @PRG002 2018/8/6 0:00:00
11:08:16.831 @PRG004 050701
11:08:16.832 @PRG005 2线
11:08:16.832 @PRG006 20
11:08:16.832 @PRG001 DGY-F805
11:08:16.833 @PRG002 2018/8/6 0:00:00
11:08:16.833 @PRG004 050702
11:08:16.834 @PRG005 3线
11:08:16.834 @PRG006 20
11:08:16.834 @PRG001 DGY-F805
11:08:16.834 @PRG002 2018/8/6 0:00:00
11:08:16.835 @PRG004 050703
11:08:16.836 @PRG005 4线
11:08:16.836 @PRG006 20
11:08:16.836 @PRG001 DGY-F805
11:08:16.836 @PRG002 2018/8/6 0:00:00
11:08:16.837 @PRG004 050704
11:08:16.838 @PRG005 5线
11:08:16.838 @PRG006 20
11:08:16.838 @PRG001 DGY-F805
11:08:16.838 @PRG002 2018/8/6 0:00:00
11:08:16.839 @PRG004 050705
11:08:16.840 @PRG005 6线
11:08:16.840 @PRG006 20
11:08:16.840 @PRG001 DGY-F805
11:08:16.840 @PRG002 2018/8/6 0:00:00
11:08:16.840 @PRG004 050706
11:08:16.842 @PRG005 7线
11:08:16.843 @PRG006 20
11:08:16.843 @PRG001 DGY-F805
11:08:16.843 @PRG002 2018/8/6 0:00:00
11:08:16.843 @PRG004 050707
11:08:16.844 @PRG005 8线
11:08:16.844 @PRG006 20
11:08:16.844 @PRG001 DGY-F805
11:08:16.845 @PRG002 2018/8/6 0:00:00
11:08:16.845 @PRG004 050708
11:08:16.846 @PRG005 1线
11:08:16.846 @PRG006 500
11:08:16.846 @PRG001 TCLJD-DQFY02
11:08:16.846 @PRG002 2018/12/11 0:00:00
11:08:16.847 @PRG004 050701
11:08:16.848 @PRG005 2线
11:08:16.848 @PRG006 500
11:08:16.848 @PRG001 TCLJD-DQFY02
11:08:16.848 @PRG002 2018/12/11 0:00:00
11:08:16.848 @PRG004 050702
11:08:16.850 @PRG005 3线
11:08:16.850 @PRG006 500
11:08:16.850 @PRG001 TCLJD-DQFY02
11:08:16.850 @PRG002 2018/12/11 0:00:00
11:08:16.850 @PRG004 050703
11:08:16.852 @PRG005 4线
11:08:16.852 @PRG006 500
11:08:16.852 @PRG001 TCLJD-DQFY02
11:08:16.852 @PRG002 2018/12/11 0:00:00
11:08:16.852 @PRG004 050704
11:08:16.854 @PRG005 5线
11:08:16.854 @PRG006 500
11:08:16.855 @PRG001 TCLJD-DQFY02
11:08:16.855 @PRG002 2018/12/11 0:00:00
11:08:16.855 @PRG004 050705
11:08:16.856 @PRG005 6线
11:08:16.856 @PRG006 500
11:08:16.856 @PRG001 TCLJD-DQFY02
11:08:16.857 @PRG002 2018/12/11 0:00:00
11:08:16.857 @PRG004 050706
11:08:16.858 @PRG005 7线
11:08:16.858 @PRG006 500
11:08:16.858 @PRG001 TCLJD-DQFY02
11:08:16.859 @PRG002 2018/12/11 0:00:00
11:08:16.859 @PRG004 050707
11:08:16.860 @PRG005 8线
11:08:16.860 @PRG006 500
11:08:16.860 @PRG001 TCLJD-DQFY02
11:08:16.860 @PRG002 2018/12/11 0:00:00
11:08:16.861 @PRG004 050708
11:08:16.862 @PRG005 1线
11:08:16.862 @PRG006 500
11:08:16.862 @PRG001 TCLJD-DQFY02
11:08:16.862 @PRG002 2018/12/12 0:00:00
11:08:16.863 @PRG004 050701
11:08:16.864 @PRG005 2线
11:08:16.864 @PRG006 500
11:08:16.864 @PRG001 TCLJD-DQFY02
11:08:16.864 @PRG002 2018/12/12 0:00:00
11:08:16.864 @PRG004 050702
11:08:16.866 @PRG005 3线
11:08:16.866 @PRG006 500
11:08:16.866 @PRG001 TCLJD-DQFY02
11:08:16.866 @PRG002 2018/12/12 0:00:00
11:08:16.867 @PRG004 050703
11:08:16.868 @PRG005 4线
11:08:16.869 @PRG006 500
11:08:16.869 @PRG001 TCLJD-DQFY02
11:08:16.869 @PRG002 2018/12/12 0:00:00
11:08:16.869 @PRG004 050704
11:08:16.870 @PRG005 5线
11:08:16.871 @PRG006 500
11:08:16.871 @PRG001 TCLJD-DQFY02
11:08:16.871 @PRG002 2018/12/12 0:00:00
11:08:16.871 @PRG004 050705
11:08:16.872 @PRG005 6线
11:08:16.873 @PRG006 500
11:08:16.873 @PRG001 TCLJD-DQFY02
11:08:16.873 @PRG002 2018/12/12 0:00:00
11:08:16.873 @PRG004 050706
11:08:16.874 @PRG005 7线
11:08:16.874 @PRG006 500
11:08:16.874 @PRG001 TCLJD-DQFY02
11:08:16.875 @PRG002 2018/12/12 0:00:00
11:08:16.875 @PRG004 050707
11:08:16.876 @PRG005 8线
11:08:16.876 @PRG006 500
11:08:16.876 @PRG001 TCLJD-DQFY02
11:08:16.876 @PRG002 2018/12/12 0:00:00
11:08:16.877 @PRG004 050708
13:02:39.020 @EMP002 系统管理员
13:02:39.021 @EMP033 cebfd1559b68d67688884d7a3d3e8c
13:03:42.994 @HAW001 20181216001
13:03:42.994 @HAW002 GD201811050004
13:03:42.994 @HAW003 202140001
13:03:42.994 @HAW004 F07D拉丝型材框
13:03:42.994 @HAW005 
13:03:42.994 @HAW006 PCS
13:03:42.994 @HAW007 2000
13:03:42.995 @HAW008 0.45
13:03:42.995 @HAW009 1000
13:03:42.995 @HAW010 2018/12/16 0:00:00
13:03:42.995 @HAW011 计件
13:03:42.995 @HAW012 0501
13:03:42.995 @HAW013 五金车间
13:03:42.995 @HAW014 0501
13:03:42.995 @HAW015 五金车间
13:03:42.995 @HAW016 
13:03:42.996 @HAW017 
13:03:42.996 @HAW018 False
13:03:42.996 @HAW019 False
13:03:42.996 @HAW020 0.5
13:03:42.996 @HAW021 0
13:03:43.009 @HAX001 20181216001
13:03:43.009 @HAX002 10002
13:03:43.009 @HAX003 吴征义
13:03:43.010 @HAX004 成品搬运工
13:03:43.010 @HAX005 1012
13:03:43.010 @HAX006 焊接
13:03:43.010 @HAX007 0.25
13:03:43.010 @HAX008 1000
13:03:43.010 @HAX009 2018/12/16 8:00:00
13:03:43.011 @HAX010 2018/12/16 17:00:00
13:03:43.011 @HAX011 
13:03:43.011 @HAX012 
13:03:43.011 @HAX013 0
13:03:43.011 @HAX014 
13:03:43.012 @HAX015 在职
13:03:43.012 @HAX016 001
13:03:43.012 @HAX017 物流组
13:03:43.012 @HAX018 8.5
13:03:43.012 @HAX019 0
13:03:43.012 @HAX020 250.0
13:03:43.016 @HAX001 20181216001
13:03:43.016 @HAX002 10003
13:03:43.016 @HAX003 王世洪
13:03:43.016 @HAX004 成品搬运工
13:03:43.017 @HAX005 1013
13:03:43.017 @HAX006 拉丝
13:03:43.017 @HAX007 0.2
13:03:43.017 @HAX008 1000
13:03:43.017 @HAX009 2018/12/16 8:00:00
13:03:43.017 @HAX010 2018/12/16 17:00:00
13:03:43.018 @HAX011 
13:03:43.018 @HAX012 
13:03:43.018 @HAX013 0
13:03:43.018 @HAX014 
13:03:43.018 @HAX015 在职
13:03:43.019 @HAX016 002
13:03:43.019 @HAX017 物流组
13:03:43.019 @HAX018 8.5
13:03:43.019 @HAX019 0
13:03:43.019 @HAX020 200.0
13:04:09.282 @HAW001 20181216001
13:04:09.282 @HAW018 True
13:05:43.038 @EMP002 系统管理员
13:05:43.039 @EMP033 cebfd1559b68d67688884d7a3d3e8c
13:09:04.045 @HAW001 20181216002
13:09:04.045 @HAW002 GD201811050004
13:09:04.046 @HAW003 202140001
13:09:04.047 @HAW004 F07D拉丝型材框
13:09:04.050 @HAW005 
13:09:04.051 @HAW006 PCS
13:09:04.051 @HAW007 2000
13:09:04.051 @HAW008 0.45
13:09:04.051 @HAW009 1000
13:09:04.051 @HAW010 2018/12/16 0:00:00
13:09:04.052 @HAW011 计件
13:09:04.052 @HAW012 0501
13:09:04.052 @HAW013 五金车间
13:09:04.052 @HAW014 0501
13:09:04.053 @HAW015 五金车间
13:09:04.053 @HAW016 
13:09:04.053 @HAW017 
13:09:04.053 @HAW018 False
13:09:04.053 @HAW019 False
13:09:04.054 @HAW020 0.5
13:09:04.054 @HAW021 0
13:09:04.054 @HAW023 系统管理员
13:09:04.058 @HAX001 20181216002
13:09:04.058 @HAX002 10002
13:09:04.058 @HAX003 吴征义
13:09:04.059 @HAX004 成品搬运工
13:09:04.059 @HAX005 1012
13:09:04.059 @HAX006 焊接
13:09:04.059 @HAX007 0.25
13:09:04.059 @HAX008 1000
13:09:04.059 @HAX009 2018/12/16 8:00:00
13:09:04.060 @HAX010 2018/12/16 17:00:00
13:09:04.060 @HAX011 
13:09:04.060 @HAX012 
13:09:04.060 @HAX013 0
13:09:04.060 @HAX014 
13:09:04.061 @HAX015 在职
13:09:04.061 @HAX016 001
13:09:04.061 @HAX017 物流组
13:09:04.061 @HAX018 8.5
13:09:04.061 @HAX019 0
13:09:04.061 @HAX020 250.0
13:09:04.064 @HAX001 20181216002
13:09:04.064 @HAX002 10008
13:09:04.064 @HAX003 杨彬洪
13:09:04.064 @HAX004 发货员
13:09:04.064 @HAX005 1013
13:09:04.065 @HAX006 拉丝
13:09:04.065 @HAX007 0.2
13:09:04.065 @HAX008 1000
13:09:04.065 @HAX009 2018/12/16 8:00:00
13:09:04.065 @HAX010 2018/12/16 17:00:00
13:09:04.065 @HAX011 
13:09:04.066 @HAX012 
13:09:04.066 @HAX013 0
13:09:04.066 @HAX014 
13:09:04.066 @HAX015 在职
13:09:04.066 @HAX016 002
13:09:04.069 @HAX017 物流组
13:09:04.069 @HAX018 8.5
13:09:04.069 @HAX019 0
13:09:04.069 @HAX020 200.0
13:09:12.226 @HAW001 20181216002
13:09:12.227 @HAW018 True
13:10:25.537 @PAN001 20181216001
13:10:25.537 @PAN002 0503
13:10:25.537 @PAN003 喷涂车间
13:10:25.537 @PAN004 0503
13:10:25.537 @PAN005 喷涂车间
13:10:25.538 @PAN006 2018/12/16 0:00:00
13:10:25.538 @PAN007 
13:10:25.538 @PAN008 
13:10:25.538 @PAN009 False
13:10:25.538 @PAN010 False
13:10:25.538 @PAN011 0
13:10:25.538 @PAN012 0
13:10:25.539 @PAN013 计件
13:10:25.539 @PAN014 系统管理员
13:10:25.543 @PAO001 20181216001
13:10:25.543 @PAO002 GD201812060014
13:10:25.543 @PAO003 201171193
13:10:25.543 @PAO004 TCL13款二灯壁挂面板
13:10:25.543 @PAO005 300
13:10:25.543 @PAO006 0.8
13:10:25.544 @PAO007 PCS
13:10:25.544 @PAO008 激光打码
13:10:25.544 @PAO009 
13:10:25.544 @PAO010 喷漆:0.3 | 组装:0.5
13:10:25.544 @PAO011 0
13:10:25.544 @PAO012 300
13:10:25.544 @PAO013 
13:10:25.545 @PAO014 
13:10:25.549 @PAP001 20181216001
13:10:25.550 @PPA002 10093
13:10:25.550 @PPA003 陈林甫
13:10:25.550 @PPA004 喷漆工
13:10:25.550 @PPA005 2018/12/16 8:00:00
13:10:25.550 @PPA006 2018/12/16 17:00:00
13:10:25.551 @PPA007 
13:10:25.551 @PPA008 
13:10:25.551 @PPA009 0
13:10:25.554 @PPA010 在职
13:10:25.554 @PPA011 喷涂车间
13:10:25.554 @PPA012 9
13:10:25.554 @PPA013 0
13:10:25.554 @PPA014 21.38
13:10:25.554 @PPA015 
13:10:25.558 @PAP001 20181216001
13:10:25.558 @PPA002 10094
13:10:25.559 @PPA003 张正友
13:10:25.559 @PPA004 喷漆工
13:10:25.559 @PPA005 2018/12/16 8:00:00
13:10:25.559 @PPA006 2018/12/16 17:00:00
13:10:25.559 @PPA007 
13:10:25.560 @PPA008 
13:10:25.560 @PPA009 0
13:10:25.560 @PPA010 在职
13:10:25.560 @PPA011 喷涂车间
13:10:25.560 @PPA012 9
13:10:25.561 @PPA013 0
13:10:25.561 @PPA014 21.38
13:10:25.561 @PPA015 
13:10:25.563 @PAP001 20181216001
13:10:25.563 @PPA002 10095
13:10:25.563 @PPA003 王光
13:10:25.563 @PPA004 喷漆工
13:10:25.563 @PPA005 2018/12/16 8:00:00
13:10:25.564 @PPA006 2018/12/16 17:00:00
13:10:25.564 @PPA007 
13:10:25.564 @PPA008 
13:10:25.564 @PPA009 0
13:10:25.564 @PPA010 在职
13:10:25.564 @PPA011 喷涂车间
13:10:25.565 @PPA012 9
13:10:25.565 @PPA013 0
13:10:25.565 @PPA014 21.38
13:10:25.565 @PPA015 
13:10:25.567 @PAP001 20181216001
13:10:25.568 @PPA002 10096
13:10:25.568 @PPA003 钱均鹏
13:10:25.568 @PPA004 喷漆工
13:10:25.568 @PPA005 2018/12/16 8:00:00
13:10:25.568 @PPA006 2018/12/16 17:00:00
13:10:25.568 @PPA007 
13:10:25.568 @PPA008 
13:10:25.569 @PPA009 0
13:10:25.569 @PPA010 在职
13:10:25.569 @PPA011 喷涂车间
13:10:25.569 @PPA012 9
13:10:25.569 @PPA013 0
13:10:25.570 @PPA014 21.38
13:10:25.570 @PPA015 
13:10:25.571 @PAP001 20181216001
13:10:25.572 @PPA002 10097
13:10:25.572 @PPA003 陆秋云
13:10:25.572 @PPA004 装配工
13:10:25.572 @PPA005 2018/12/16 8:00:00
13:10:25.572 @PPA006 2018/12/16 17:00:00
13:10:25.573 @PPA007 
13:10:25.573 @PPA008 
13:10:25.573 @PPA009 0
13:10:25.573 @PPA010 在职
13:10:25.573 @PPA011 喷涂车间
13:10:25.574 @PPA012 9
13:10:25.574 @PPA013 0
13:10:25.575 @PPA014 71.25
13:10:25.575 @PPA015 
13:10:25.577 @PAP001 20181216001
13:10:25.577 @PPA002 10098
13:10:25.577 @PPA003 郁叶琴
13:10:25.577 @PPA004 装配工
13:10:25.578 @PPA005 2018/12/16 8:00:00
13:10:25.578 @PPA006 2018/12/16 17:00:00
13:10:25.578 @PPA007 
13:10:25.578 @PPA008 
13:10:25.579 @PPA009 0
13:10:25.579 @PPA010 在职
13:10:25.579 @PPA011 喷涂车间
13:10:25.579 @PPA012 9
13:10:25.579 @PPA013 0
13:10:25.580 @PPA014 71.25
13:10:25.580 @PPA015 
13:10:27.465 @PAN001 20181216001
13:10:27.465 @PAN009 True
13:10:43.250 @LEF001 20181216001
13:10:43.251 @LEF009 0506
13:10:43.251 @LEF010 LED车间
13:10:43.251 @LEF011 0506
13:10:43.251 @LEF012 LED车间
13:10:43.251 @LEF013 2018/12/16 0:00:00
13:10:43.252 @LEF015 
13:10:43.252 @LEF016 
13:10:43.252 @LEF017 False
13:10:43.252 @LEF018 False
13:10:43.252 @LEF019 0
13:10:43.252 @LEF020 0
13:10:43.252 @LEF021 计件
13:10:43.252 @LEF022 系统管理员
13:10:43.260 @LEG001 20181216001
13:10:43.260 @LEG002 10016
13:10:43.260 @LEG003 郭婧
13:10:43.260 @LEG004 装配工
13:10:43.260 @LEG005 2018/12/16 8:00:00
13:10:43.261 @LEG006 2018/12/16 17:00:00
13:10:43.261 @LEG007 0
13:10:43.261 @LEG008 
13:10:43.261 @LEG009 
13:10:43.261 @LEG010 0
13:10:43.261 @LEG011 
13:10:43.261 @LEG012 在职
13:10:43.261 @LEG013 LED车间
13:10:43.262 @LEG014 9
13:10:43.262 @LEG015 0
13:10:43.262 @LEG016 17.61
13:10:43.266 @LEG001 20181216001
13:10:43.266 @LEG002 10017
13:10:43.266 @LEG003 龙兴连
13:10:43.266 @LEG004 装配工
13:10:43.266 @LEG005 2018/12/16 8:00:00
13:10:43.266 @LEG006 2018/12/16 17:00:00
13:10:43.267 @LEG007 0
13:10:43.267 @LEG008 
13:10:43.267 @LEG009 
13:10:43.267 @LEG010 0
13:10:43.267 @LEG011 
13:10:43.267 @LEG012 在职
13:10:43.267 @LEG013 LED车间
13:10:43.267 @LEG014 9
13:10:43.268 @LEG015 0
13:10:43.268 @LEG016 17.61
13:10:43.269 @LEG001 20181216001
13:10:43.269 @LEG002 10018
13:10:43.270 @LEG003 刘付连
13:10:43.270 @LEG004 装配工
13:10:43.270 @LEG005 2018/12/16 8:00:00
13:10:43.271 @LEG006 2018/12/16 17:00:00
13:10:43.272 @LEG007 0
13:10:43.272 @LEG008 
13:10:43.272 @LEG009 
13:10:43.272 @LEG010 0
13:10:43.272 @LEG011 
13:10:43.272 @LEG012 在职
13:10:43.272 @LEG013 LED车间
13:10:43.272 @LEG014 9
13:10:43.273 @LEG015 0
13:10:43.273 @LEG016 17.61
13:10:43.275 @LEG001 20181216001
13:10:43.275 @LEG002 10019
13:10:43.275 @LEG003 聂付秋
13:10:43.275 @LEG004 装配工
13:10:43.275 @LEG005 2018/12/16 8:00:00
13:10:43.276 @LEG006 2018/12/16 17:00:00
13:10:43.276 @LEG007 0
13:10:43.276 @LEG008 
13:10:43.276 @LEG009 
13:10:43.276 @LEG010 0
13:10:43.276 @LEG011 
13:10:43.276 @LEG012 在职
13:10:43.276 @LEG013 LED车间
13:10:43.276 @LEG014 9
13:10:43.277 @LEG015 0
13:10:43.277 @LEG016 17.61
13:10:43.280 @LEG001 20181216001
13:10:43.281 @LEG002 10020
13:10:43.281 @LEG003 薛能米
13:10:43.281 @LEG004 装配工
13:10:43.281 @LEG005 2018/12/16 8:00:00
13:10:43.281 @LEG006 2018/12/16 17:00:00
13:10:43.281 @LEG007 0
13:10:43.281 @LEG008 
13:10:43.281 @LEG009 
13:10:43.282 @LEG010 0
13:10:43.282 @LEG011 
13:10:43.282 @LEG012 在职
13:10:43.282 @LEG013 LED车间
13:10:43.282 @LEG014 9
13:10:43.282 @LEG015 0
13:10:43.282 @LEG016 17.61
13:10:43.285 @LEG001 20181216001
13:10:43.285 @LEG002 10021
13:10:43.285 @LEG003 彭顺艳
13:10:43.285 @LEG004 装配工
13:10:43.286 @LEG005 2018/12/16 8:00:00
13:10:43.286 @LEG006 2018/12/16 17:00:00
13:10:43.286 @LEG007 0
13:10:43.286 @LEG008 
13:10:43.286 @LEG009 
13:10:43.287 @LEG010 0
13:10:43.287 @LEG011 
13:10:43.287 @LEG012 在职
13:10:43.287 @LEG013 LED车间
13:10:43.287 @LEG014 9
13:10:43.287 @LEG015 0
13:10:43.287 @LEG016 17.61
13:10:43.290 @LEG001 20181216001
13:10:43.290 @LEG002 10022
13:10:43.290 @LEG003 罗小琴
13:10:43.291 @LEG004 装配工
13:10:43.291 @LEG005 2018/12/16 8:00:00
13:10:43.291 @LEG006 2018/12/16 17:00:00
13:10:43.291 @LEG007 0
13:10:43.291 @LEG008 
13:10:43.291 @LEG009 
13:10:43.291 @LEG010 0
13:10:43.291 @LEG011 
13:10:43.292 @LEG012 在职
13:10:43.292 @LEG013 LED车间
13:10:43.292 @LEG014 9
13:10:43.292 @LEG015 0
13:10:43.292 @LEG016 17.61
13:10:43.294 @LEG001 20181216001
13:10:43.294 @LEG002 10023
13:10:43.294 @LEG003 吕红艳
13:10:43.294 @LEG004 装配工
13:10:43.295 @LEG005 2018/12/16 8:00:00
13:10:43.295 @LEG006 2018/12/16 17:00:00
13:10:43.295 @LEG007 0
13:10:43.295 @LEG008 
13:10:43.295 @LEG009 
13:10:43.295 @LEG010 0
13:10:43.295 @LEG011 
13:10:43.295 @LEG012 在职
13:10:43.296 @LEG013 LED车间
13:10:43.296 @LEG014 9
13:10:43.296 @LEG015 0
13:10:43.296 @LEG016 17.61
13:10:43.297 @LEG001 20181216001
13:10:43.298 @LEG002 10024
13:10:43.298 @LEG003 李朝粉
13:10:43.299 @LEG004 装配工
13:10:43.299 @LEG005 2018/12/16 8:00:00
13:10:43.299 @LEG006 2018/12/16 17:00:00
13:10:43.299 @LEG007 0
13:10:43.299 @LEG008 
13:10:43.300 @LEG009 
13:10:43.300 @LEG010 0
13:10:43.300 @LEG011 
13:10:43.300 @LEG012 在职
13:10:43.300 @LEG013 LED车间
13:10:43.300 @LEG014 9
13:10:43.300 @LEG015 0
13:10:43.300 @LEG016 17.61
13:10:43.302 @LEG001 20181216001
13:10:43.303 @LEG002 10025
13:10:43.303 @LEG003 陈文会
13:10:43.303 @LEG004 装配工
13:10:43.303 @LEG005 2018/12/16 8:00:00
13:10:43.303 @LEG006 2018/12/16 17:00:00
13:10:43.303 @LEG007 0
13:10:43.303 @LEG008 
13:10:43.304 @LEG009 
13:10:43.304 @LEG010 0
13:10:43.304 @LEG011 
13:10:43.304 @LEG012 在职
13:10:43.304 @LEG013 LED车间
13:10:43.304 @LEG014 9
13:10:43.304 @LEG015 0
13:10:43.304 @LEG016 17.61
13:10:43.306 @LEG001 20181216001
13:10:43.306 @LEG002 10026
13:10:43.306 @LEG003 平单单
13:10:43.306 @LEG004 装配工
13:10:43.307 @LEG005 2018/12/16 8:00:00
13:10:43.307 @LEG006 2018/12/16 17:00:00
13:10:43.307 @LEG007 0
13:10:43.307 @LEG008 
13:10:43.308 @LEG009 
13:10:43.308 @LEG010 0
13:10:43.308 @LEG011 
13:10:43.308 @LEG012 在职
13:10:43.308 @LEG013 LED车间
13:10:43.308 @LEG014 9
13:10:43.309 @LEG015 0
13:10:43.309 @LEG016 17.61
13:10:43.310 @LEG001 20181216001
13:10:43.311 @LEG002 10027
13:10:43.311 @LEG003 梁永琴
13:10:43.311 @LEG004 装配工
13:10:43.311 @LEG005 2018/12/16 8:00:00
13:10:43.311 @LEG006 2018/12/16 17:00:00
13:10:43.312 @LEG007 0
13:10:43.312 @LEG008 
13:10:43.312 @LEG009 
13:10:43.312 @LEG010 0
13:10:43.312 @LEG011 
13:10:43.312 @LEG012 在职
13:10:43.313 @LEG013 LED车间
13:10:43.313 @LEG014 9
13:10:43.313 @LEG015 0
13:10:43.313 @LEG016 17.61
13:10:43.315 @LEG001 20181216001
13:10:43.315 @LEG002 10028
13:10:43.316 @LEG003 胡孝明
13:10:43.317 @LEG004 装配工
13:10:43.317 @LEG005 2018/12/16 8:00:00
13:10:43.317 @LEG006 2018/12/16 17:00:00
13:10:43.317 @LEG007 0
13:10:43.317 @LEG008 
13:10:43.317 @LEG009 
13:10:43.317 @LEG010 0
13:10:43.318 @LEG011 
13:10:43.318 @LEG012 在职
13:10:43.318 @LEG013 LED车间
13:10:43.318 @LEG014 9
13:10:43.318 @LEG015 0
13:10:43.318 @LEG016 17.61
13:10:43.321 @LEG001 20181216001
13:10:43.321 @LEG002 10029
13:10:43.321 @LEG003 聂昌奎
13:10:43.321 @LEG004 装配工
13:10:43.322 @LEG005 2018/12/16 8:00:00
13:10:43.322 @LEG006 2018/12/16 17:00:00
13:10:43.322 @LEG007 0
13:10:43.322 @LEG008 
13:10:43.322 @LEG009 
13:10:43.323 @LEG010 0
13:10:43.323 @LEG011 
13:10:43.323 @LEG012 在职
13:10:43.323 @LEG013 LED车间
13:10:43.323 @LEG014 9
13:10:43.324 @LEG015 0
13:10:43.324 @LEG016 17.61
13:10:43.325 @LEG001 20181216001
13:10:43.325 @LEG002 10030
13:10:43.326 @LEG003 陶兴琴
13:10:43.326 @LEG004 装配工
13:10:43.326 @LEG005 2018/12/16 8:00:00
13:10:43.327 @LEG006 2018/12/16 17:00:00
13:10:43.327 @LEG007 0
13:10:43.327 @LEG008 
13:10:43.327 @LEG009 
13:10:43.328 @LEG010 0
13:10:43.328 @LEG011 
13:10:43.328 @LEG012 在职
13:10:43.328 @LEG013 LED车间
13:10:43.328 @LEG014 9
13:10:43.329 @LEG015 0
13:10:43.329 @LEG016 17.61
13:10:43.330 @LEG001 20181216001
13:10:43.330 @LEG002 10031
13:10:43.331 @LEG003 方宇
13:10:43.331 @LEG004 装配工
13:10:43.331 @LEG005 2018/12/16 8:00:00
13:10:43.331 @LEG006 2018/12/16 17:00:00
13:10:43.331 @LEG007 0
13:10:43.331 @LEG008 
13:10:43.331 @LEG009 
13:10:43.331 @LEG010 0
13:10:43.332 @LEG011 
13:10:43.332 @LEG012 在职
13:10:43.332 @LEG013 LED车间
13:10:43.332 @LEG014 9
13:10:43.332 @LEG015 0
13:10:43.332 @LEG016 17.61
13:10:43.333 @LEG001 20181216001
13:10:43.334 @LEG002 10032
13:10:43.334 @LEG003 段进连
13:10:43.334 @LEG004 装配工
13:10:43.334 @LEG005 2018/12/16 8:00:00
13:10:43.335 @LEG006 2018/12/16 17:00:00
13:10:43.335 @LEG007 0
13:10:43.335 @LEG008 
13:10:43.335 @LEG009 
13:10:43.335 @LEG010 0
13:10:43.335 @LEG011 
13:10:43.336 @LEG012 在职
13:10:43.336 @LEG013 LED车间
13:10:43.336 @LEG014 9
13:10:43.336 @LEG015 0
13:10:43.336 @LEG016 17.61
13:10:43.337 @LEG001 20181216001
13:10:43.337 @LEG002 10033
13:10:43.338 @LEG003 唐云云
13:10:43.338 @LEG004 装配工
13:10:43.338 @LEG005 2018/12/16 8:00:00
13:10:43.338 @LEG006 2018/12/16 17:00:00
13:10:43.338 @LEG007 0
13:10:43.338 @LEG008 
13:10:43.339 @LEG009 
13:10:43.339 @LEG010 0
13:10:43.339 @LEG011 
13:10:43.339 @LEG012 在职
13:10:43.339 @LEG013 LED车间
13:10:43.340 @LEG014 9
13:10:43.340 @LEG015 0
13:10:43.340 @LEG016 17.61
13:10:43.341 @LEG001 20181216001
13:10:43.342 @LEG002 10034
13:10:43.342 @LEG003 李大花
13:10:43.342 @LEG004 装配工
13:10:43.342 @LEG005 2018/12/16 8:00:00
13:10:43.342 @LEG006 2018/12/16 17:00:00
13:10:43.342 @LEG007 0
13:10:43.343 @LEG008 
13:10:43.343 @LEG009 
13:10:43.343 @LEG010 0
13:10:43.343 @LEG011 
13:10:43.343 @LEG012 在职
13:10:43.343 @LEG013 LED车间
13:10:43.344 @LEG014 9
13:10:43.344 @LEG015 0
13:10:43.344 @LEG016 17.61
13:10:43.345 @LEG001 20181216001
13:10:43.346 @LEG002 10035
13:10:43.346 @LEG003 黄史作
13:10:43.346 @LEG004 装配工
13:10:43.346 @LEG005 2018/12/16 8:00:00
13:10:43.346 @LEG006 2018/12/16 17:00:00
13:10:43.347 @LEG007 0
13:10:43.347 @LEG008 
13:10:43.347 @LEG009 
13:10:43.347 @LEG010 0
13:10:43.347 @LEG011 
13:10:43.348 @LEG012 在职
13:10:43.348 @LEG013 LED车间
13:10:43.348 @LEG014 9
13:10:43.348 @LEG015 0
13:10:43.348 @LEG016 17.61
13:10:43.350 @LEG001 20181216001
13:10:43.350 @LEG002 10036
13:10:43.350 @LEG003 罗昌梅
13:10:43.350 @LEG004 装配工
13:10:43.350 @LEG005 2018/12/16 8:00:00
13:10:43.350 @LEG006 2018/12/16 17:00:00
13:10:43.351 @LEG007 0
13:10:43.351 @LEG008 
13:10:43.351 @LEG009 
13:10:43.351 @LEG010 0
13:10:43.351 @LEG011 
13:10:43.351 @LEG012 在职
13:10:43.352 @LEG013 LED车间
13:10:43.352 @LEG014 9
13:10:43.352 @LEG015 0
13:10:43.352 @LEG016 17.61
13:10:43.354 @LEG001 20181216001
13:10:43.354 @LEG002 10037
13:10:43.354 @LEG003 赵雨婷
13:10:43.355 @LEG004 装配工
13:10:43.355 @LEG005 2018/12/16 8:00:00
13:10:43.355 @LEG006 2018/12/16 17:00:00
13:10:43.355 @LEG007 0
13:10:43.355 @LEG008 
13:10:43.356 @LEG009 
13:10:43.356 @LEG010 0
13:10:43.356 @LEG011 
13:10:43.356 @LEG012 在职
13:10:43.356 @LEG013 LED车间
13:10:43.357 @LEG014 9
13:10:43.357 @LEG015 0
13:10:43.357 @LEG016 17.61
13:10:43.359 @LEG001 20181216001
13:10:43.359 @LEG002 10038
13:10:43.359 @LEG003 余双双
13:10:43.359 @LEG004 装配工
13:10:43.359 @LEG005 2018/12/16 8:00:00
13:10:43.360 @LEG006 2018/12/16 17:00:00
13:10:43.360 @LEG007 0
13:10:43.360 @LEG008 
13:10:43.360 @LEG009 
13:10:43.360 @LEG010 0
13:10:43.360 @LEG011 
13:10:43.360 @LEG012 在职
13:10:43.361 @LEG013 LED车间
13:10:43.361 @LEG014 9
13:10:43.361 @LEG015 0
13:10:43.361 @LEG016 17.61
13:10:43.362 @LEH001 20181216001
13:10:43.362 @LEH002 GD201812010051
13:10:43.363 @LEH003 201171486
13:10:43.363 @LEH004 F130成品面板-LED
13:10:43.363 @LEH005 亮银
13:10:43.363 @LEH006 PCS
13:10:43.363 @LEH007 510
13:10:43.363 @LEH008 1.35
13:10:43.363 @LEH009 300
13:10:43.364 @LEH010 
13:10:44.960 @LEF001 20181216001
13:10:44.961 @LEF017 True
13:10:59.352 @LEC001 20181216001
13:10:59.352 @LEC002 
13:10:59.353 @LEC003 
13:10:59.353 @LEC004 
13:10:59.353 @LEC005 
13:10:59.353 @LEC006 
13:10:59.353 @LEC007 
13:10:59.354 @LEC008 
13:10:59.354 @LEC009 0504
13:10:59.354 @LEC010 前加工车间
13:10:59.354 @LEC011 0504
13:10:59.354 @LEC012 前加工车间
13:10:59.355 @LEC013 2018/12/16 0:00:00
13:10:59.355 @LEC014 
13:10:59.355 @LEC015 
13:10:59.355 @LEC016 
13:10:59.356 @LEC017 False
13:10:59.356 @LEC018 False
13:10:59.356 @LEC019 0
13:10:59.356 @LEC020 0
13:10:59.356 @LEC021 计件
13:10:59.356 @LEC022 系统管理员
13:10:59.362 @LED001 20181216001
13:10:59.362 @LED002 10040
13:10:59.362 @LED003 杜福英
13:10:59.362 @LED004 装配工
13:10:59.363 @LED005 2018/12/16 8:00:00
13:10:59.363 @LED006 2018/12/16 17:00:00
13:10:59.363 @LED007 0
13:10:59.363 @LED008 
13:10:59.363 @LED009 
13:10:59.363 @LED010 0
13:10:59.363 @LED011 
13:10:59.363 @LED012 在职
13:10:59.363 @LED013 前加工车间
13:10:59.364 @LED014 9
13:10:59.364 @LED015 0
13:10:59.364 @LED016 12
13:10:59.371 @LED001 20181216001
13:10:59.371 @LED002 10041
13:10:59.371 @LED003 廖仁琼
13:10:59.371 @LED004 装配工
13:10:59.371 @LED005 2018/12/16 8:00:00
13:10:59.371 @LED006 2018/12/16 17:00:00
13:10:59.371 @LED007 0
13:10:59.372 @LED008 
13:10:59.372 @LED009 
13:10:59.372 @LED010 0
13:10:59.372 @LED011 
13:10:59.372 @LED012 在职
13:10:59.372 @LED013 前加工车间
13:10:59.372 @LED014 9
13:10:59.372 @LED015 0
13:10:59.372 @LED016 12
13:10:59.376 @LED001 20181216001
13:10:59.377 @LED002 10042
13:10:59.377 @LED003 李光艳
13:10:59.378 @LED004 装配工
13:10:59.379 @LED005 2018/12/16 8:00:00
13:10:59.379 @LED006 2018/12/16 17:00:00
13:10:59.379 @LED007 0
13:10:59.379 @LED008 
13:10:59.379 @LED009 
13:10:59.379 @LED010 0
13:10:59.379 @LED011 
13:10:59.379 @LED012 在职
13:10:59.380 @LED013 前加工车间
13:10:59.380 @LED014 9
13:10:59.380 @LED015 0
13:10:59.380 @LED016 12
13:10:59.385 @LED001 20181216001
13:10:59.385 @LED002 10043
13:10:59.385 @LED003 彭荣泽
13:10:59.385 @LED004 装配工
13:10:59.386 @LED005 2018/12/16 8:00:00
13:10:59.386 @LED006 2018/12/16 17:00:00
13:10:59.386 @LED007 0
13:10:59.386 @LED008 
13:10:59.386 @LED009 
13:10:59.386 @LED010 0
13:10:59.386 @LED011 
13:10:59.386 @LED012 在职
13:10:59.387 @LED013 前加工车间
13:10:59.387 @LED014 9
13:10:59.387 @LED015 0
13:10:59.387 @LED016 12
13:10:59.389 @LED001 20181216001
13:10:59.389 @LED002 10044
13:10:59.389 @LED003 何培凤
13:10:59.389 @LED004 装配工
13:10:59.390 @LED005 2018/12/16 8:00:00
13:10:59.390 @LED006 2018/12/16 17:00:00
13:10:59.390 @LED007 0
13:10:59.390 @LED008 
13:10:59.390 @LED009 
13:10:59.390 @LED010 0
13:10:59.391 @LED011 
13:10:59.391 @LED012 在职
13:10:59.391 @LED013 前加工车间
13:10:59.391 @LED014 9
13:10:59.391 @LED015 0
13:10:59.392 @LED016 12
13:10:59.393 @LED001 20181216001
13:10:59.393 @LED002 10045
13:10:59.394 @LED003 李朝伟
13:10:59.394 @LED004 装配工
13:10:59.394 @LED005 2018/12/16 8:00:00
13:10:59.394 @LED006 2018/12/16 17:00:00
13:10:59.394 @LED007 0
13:10:59.394 @LED008 
13:10:59.394 @LED009 
13:10:59.395 @LED010 0
13:10:59.395 @LED011 
13:10:59.395 @LED012 在职
13:10:59.395 @LED013 前加工车间
13:10:59.395 @LED014 9
13:10:59.395 @LED015 0
13:10:59.395 @LED016 12
13:10:59.397 @LED001 20181216001
13:10:59.397 @LED002 10046
13:10:59.397 @LED003 王培秀
13:10:59.398 @LED004 装配工
13:10:59.398 @LED005 2018/12/16 8:00:00
13:10:59.398 @LED006 2018/12/16 17:00:00
13:10:59.398 @LED007 0
13:10:59.399 @LED008 
13:10:59.399 @LED009 
13:10:59.399 @LED010 0
13:10:59.399 @LED011 
13:10:59.399 @LED012 在职
13:10:59.400 @LED013 前加工车间
13:10:59.400 @LED014 9
13:10:59.400 @LED015 0
13:10:59.400 @LED016 12
13:10:59.402 @LED001 20181216001
13:10:59.402 @LED002 10047
13:10:59.402 @LED003 谢武林
13:10:59.402 @LED004 装配工
13:10:59.402 @LED005 2018/12/16 8:00:00
13:10:59.403 @LED006 2018/12/16 17:00:00
13:10:59.403 @LED007 0
13:10:59.403 @LED008 
13:10:59.403 @LED009 
13:10:59.403 @LED010 0
13:10:59.404 @LED011 
13:10:59.404 @LED012 在职
13:10:59.404 @LED013 前加工车间
13:10:59.404 @LED014 9
13:10:59.404 @LED015 0
13:10:59.404 @LED016 12
13:10:59.407 @LED001 20181216001
13:10:59.407 @LED002 10048
13:10:59.407 @LED003 王程平
13:10:59.407 @LED004 装配工
13:10:59.408 @LED005 2018/12/16 8:00:00
13:10:59.408 @LED006 2018/12/16 17:00:00
13:10:59.408 @LED007 0
13:10:59.408 @LED008 
13:10:59.408 @LED009 
13:10:59.409 @LED010 0
13:10:59.409 @LED011 
13:10:59.409 @LED012 在职
13:10:59.409 @LED013 前加工车间
13:10:59.409 @LED014 9
13:10:59.410 @LED015 0
13:10:59.410 @LED016 12
13:10:59.411 @LED001 20181216001
13:10:59.411 @LED002 10049
13:10:59.411 @LED003 韩英
13:10:59.412 @LED004 装配工
13:10:59.412 @LED005 2018/12/16 8:00:00
13:10:59.412 @LED006 2018/12/16 17:00:00
13:10:59.412 @LED007 0
13:10:59.412 @LED008 
13:10:59.412 @LED009 
13:10:59.412 @LED010 0
13:10:59.413 @LED011 
13:10:59.413 @LED012 在职
13:10:59.413 @LED013 前加工车间
13:10:59.413 @LED014 9
13:10:59.413 @LED015 0
13:10:59.414 @LED016 12
13:10:59.416 @LED001 20181216001
13:10:59.416 @LED002 10050
13:10:59.416 @LED003 杨海霞
13:10:59.416 @LED004 装配工
13:10:59.417 @LED005 2018/12/16 8:00:00
13:10:59.417 @LED006 2018/12/16 17:00:00
13:10:59.417 @LED007 0
13:10:59.417 @LED008 
13:10:59.417 @LED009 
13:10:59.417 @LED010 0
13:10:59.418 @LED011 
13:10:59.418 @LED012 在职
13:10:59.418 @LED013 前加工车间
13:10:59.418 @LED014 9
13:10:59.418 @LED015 0
13:10:59.419 @LED016 12
13:10:59.420 @LED001 20181216001
13:10:59.420 @LED002 10051
13:10:59.420 @LED003 熊华美
13:10:59.421 @LED004 装配工
13:10:59.421 @LED005 2018/12/16 8:00:00
13:10:59.421 @LED006 2018/12/16 17:00:00
13:10:59.421 @LED007 0
13:10:59.421 @LED008 
13:10:59.421 @LED009 
13:10:59.421 @LED010 0
13:10:59.421 @LED011 
13:10:59.422 @LED012 在职
13:10:59.422 @LED013 前加工车间
13:10:59.422 @LED014 9
13:10:59.422 @LED015 0
13:10:59.422 @LED016 12
13:10:59.424 @LED001 20181216001
13:10:59.424 @LED002 10052
13:10:59.424 @LED003 孙琼莲
13:10:59.424 @LED004 装配工
13:10:59.425 @LED005 2018/12/16 8:00:00
13:10:59.425 @LED006 2018/12/16 17:00:00
13:10:59.425 @LED007 0
13:10:59.425 @LED008 
13:10:59.425 @LED009 
13:10:59.426 @LED010 0
13:10:59.426 @LED011 
13:10:59.426 @LED012 在职
13:10:59.426 @LED013 前加工车间
13:10:59.426 @LED014 9
13:10:59.426 @LED015 0
13:10:59.427 @LED016 12
13:10:59.428 @LED001 20181216001
13:10:59.428 @LED002 10053
13:10:59.429 @LED003 李林菊
13:10:59.429 @LED004 装配工
13:10:59.429 @LED005 2018/12/16 8:00:00
13:10:59.429 @LED006 2018/12/16 17:00:00
13:10:59.429 @LED007 0
13:10:59.430 @LED008 
13:10:59.430 @LED009 
13:10:59.430 @LED010 0
13:10:59.430 @LED011 
13:10:59.430 @LED012 在职
13:10:59.431 @LED013 前加工车间
13:10:59.431 @LED014 9
13:10:59.431 @LED015 0
13:10:59.431 @LED016 12
13:10:59.433 @LED001 20181216001
13:10:59.433 @LED002 10054
13:10:59.433 @LED003 吴群英
13:10:59.434 @LED004 装配工
13:10:59.434 @LED005 2018/12/16 8:00:00
13:10:59.434 @LED006 2018/12/16 17:00:00
13:10:59.434 @LED007 0
13:10:59.434 @LED008 
13:10:59.434 @LED009 
13:10:59.435 @LED010 0
13:10:59.435 @LED011 
13:10:59.435 @LED012 在职
13:10:59.435 @LED013 前加工车间
13:10:59.435 @LED014 9
13:10:59.436 @LED015 0
13:10:59.436 @LED016 12
13:10:59.437 @LED001 20181216001
13:10:59.437 @LED002 10055
13:10:59.438 @LED003 杨琴
13:10:59.438 @LED004 装配工
13:10:59.438 @LED005 2018/12/16 8:00:00
13:10:59.438 @LED006 2018/12/16 17:00:00
13:10:59.438 @LED007 0
13:10:59.438 @LED008 
13:10:59.439 @LED009 
13:10:59.439 @LED010 0
13:10:59.439 @LED011 
13:10:59.439 @LED012 在职
13:10:59.439 @LED013 前加工车间
13:10:59.440 @LED014 9
13:10:59.440 @LED015 0
13:10:59.440 @LED016 12
13:10:59.442 @LED001 20181216001
13:10:59.442 @LED002 10056
13:10:59.442 @LED003 韩艳
13:10:59.443 @LED004 装配工
13:10:59.443 @LED005 2018/12/16 8:00:00
13:10:59.443 @LED006 2018/12/16 17:00:00
13:10:59.443 @LED007 0
13:10:59.443 @LED008 
13:10:59.444 @LED009 
13:10:59.444 @LED010 0
13:10:59.444 @LED011 
13:10:59.444 @LED012 在职
13:10:59.444 @LED013 前加工车间
13:10:59.444 @LED014 9
13:10:59.445 @LED015 0
13:10:59.445 @LED016 12
13:10:59.447 @LED001 20181216001
13:10:59.447 @LED002 10057
13:10:59.448 @LED003 张瑜
13:10:59.448 @LED004 装配工
13:10:59.448 @LED005 2018/12/16 8:00:00
13:10:59.448 @LED006 2018/12/16 17:00:00
13:10:59.448 @LED007 0
13:10:59.448 @LED008 
13:10:59.449 @LED009 
13:10:59.449 @LED010 0
13:10:59.449 @LED011 
13:10:59.449 @LED012 在职
13:10:59.449 @LED013 前加工车间
13:10:59.450 @LED014 9
13:10:59.450 @LED015 0
13:10:59.450 @LED016 12
13:10:59.452 @LED001 20181216001
13:10:59.452 @LED002 10058
13:10:59.452 @LED003 李光云
13:10:59.452 @LED004 装配工
13:10:59.452 @LED005 2018/12/16 8:00:00
13:10:59.453 @LED006 2018/12/16 17:00:00
13:10:59.453 @LED007 0
13:10:59.453 @LED008 
13:10:59.453 @LED009 
13:10:59.453 @LED010 0
13:10:59.454 @LED011 
13:10:59.454 @LED012 在职
13:10:59.454 @LED013 前加工车间
13:10:59.454 @LED014 9
13:10:59.454 @LED015 0
13:10:59.455 @LED016 12
13:10:59.457 @LED001 20181216001
13:10:59.457 @LED002 10059
13:10:59.457 @LED003 唐春凤
13:10:59.458 @LED004 装配工
13:10:59.458 @LED005 2018/12/16 8:00:00
13:10:59.458 @LED006 2018/12/16 17:00:00
13:10:59.458 @LED007 0
13:10:59.458 @LED008 
13:10:59.459 @LED009 
13:10:59.459 @LED010 0
13:10:59.459 @LED011 
13:10:59.459 @LED012 在职
13:10:59.459 @LED013 前加工车间
13:10:59.460 @LED014 9
13:10:59.460 @LED015 0
13:10:59.460 @LED016 12
13:10:59.463 @LED001 20181216001
13:10:59.463 @LED002 10060
13:10:59.463 @LED003 陈朝香
13:10:59.463 @LED004 装配工
13:10:59.464 @LED005 2018/12/16 8:00:00
13:10:59.464 @LED006 2018/12/16 17:00:00
13:10:59.464 @LED007 0
13:10:59.464 @LED008 
13:10:59.464 @LED009 
13:10:59.464 @LED010 0
13:10:59.465 @LED011 
13:10:59.465 @LED012 在职
13:10:59.465 @LED013 前加工车间
13:10:59.465 @LED014 9
13:10:59.465 @LED015 0
13:10:59.466 @LED016 12
13:10:59.467 @LED001 20181216001
13:10:59.468 @LED002 10061
13:10:59.468 @LED003 张小婵
13:10:59.468 @LED004 装配工
13:10:59.468 @LED005 2018/12/16 8:00:00
13:10:59.469 @LED006 2018/12/16 17:00:00
13:10:59.469 @LED007 0
13:10:59.469 @LED008 
13:10:59.469 @LED009 
13:10:59.469 @LED010 0
13:10:59.470 @LED011 
13:10:59.470 @LED012 在职
13:10:59.470 @LED013 前加工车间
13:10:59.470 @LED014 9
13:10:59.470 @LED015 0
13:10:59.471 @LED016 12
13:10:59.473 @LED001 20181216001
13:10:59.473 @LED002 10062
13:10:59.473 @LED003 曾昭婵
13:10:59.473 @LED004 装配工
13:10:59.474 @LED005 2018/12/16 8:00:00
13:10:59.474 @LED006 2018/12/16 17:00:00
13:10:59.474 @LED007 0
13:10:59.474 @LED008 
13:10:59.474 @LED009 
13:10:59.475 @LED010 0
13:10:59.475 @LED011 
13:10:59.475 @LED012 在职
13:10:59.475 @LED013 前加工车间
13:10:59.475 @LED014 9
13:10:59.476 @LED015 0
13:10:59.476 @LED016 12
13:10:59.477 @LED001 20181216001
13:10:59.477 @LED002 10063
13:10:59.478 @LED003 牟飞
13:10:59.478 @LED004 装配工
13:10:59.478 @LED005 2018/12/16 8:00:00
13:10:59.478 @LED006 2018/12/16 17:00:00
13:10:59.478 @LED007 0
13:10:59.479 @LED008 
13:10:59.479 @LED009 
13:10:59.479 @LED010 0
13:10:59.479 @LED011 
13:10:59.479 @LED012 在职
13:10:59.480 @LED013 前加工车间
13:10:59.480 @LED014 9
13:10:59.480 @LED015 0
13:10:59.480 @LED016 12
13:10:59.482 @LED001 20181216001
13:10:59.482 @LED002 10064
13:10:59.482 @LED003 牟欢
13:10:59.482 @LED004 装配工
13:10:59.482 @LED005 2018/12/16 8:00:00
13:10:59.482 @LED006 2018/12/16 17:00:00
13:10:59.483 @LED007 0
13:10:59.483 @LED008 
13:10:59.483 @LED009 
13:10:59.483 @LED010 0
13:10:59.483 @LED011 
13:10:59.484 @LED012 在职
13:10:59.484 @LED013 前加工车间
13:10:59.484 @LED014 9
13:10:59.484 @LED015 0
13:10:59.484 @LED016 12
13:10:59.486 @LED001 20181216001
13:10:59.486 @LED002 10065
13:10:59.486 @LED003 陶炼
13:10:59.486 @LED004 装配工
13:10:59.487 @LED005 2018/12/16 8:00:00
13:10:59.487 @LED006 2018/12/16 17:00:00
13:10:59.487 @LED007 0
13:10:59.487 @LED008 
13:10:59.487 @LED009 
13:10:59.487 @LED010 0
13:10:59.488 @LED011 
13:10:59.488 @LED012 在职
13:10:59.488 @LED013 前加工车间
13:10:59.488 @LED014 9
13:10:59.488 @LED015 0
13:10:59.488 @LED016 12
13:10:59.490 @LED001 20181216001
13:10:59.490 @LED002 10066
13:10:59.490 @LED003 杜光斌
13:10:59.490 @LED004 装配工
13:10:59.491 @LED005 2018/12/16 8:00:00
13:10:59.491 @LED006 2018/12/16 17:00:00
13:10:59.491 @LED007 0
13:10:59.491 @LED008 
13:10:59.491 @LED009 
13:10:59.491 @LED010 0
13:10:59.492 @LED011 
13:10:59.492 @LED012 在职
13:10:59.492 @LED013 前加工车间
13:10:59.492 @LED014 9
13:10:59.492 @LED015 0
13:10:59.492 @LED016 12
13:10:59.494 @LED001 20181216001
13:10:59.495 @LED002 10067
13:10:59.495 @LED003 朱大艳
13:10:59.496 @LED004 装配工
13:10:59.496 @LED005 2018/12/16 8:00:00
13:10:59.496 @LED006 2018/12/16 17:00:00
13:10:59.496 @LED007 0
13:10:59.496 @LED008 
13:10:59.497 @LED009 
13:10:59.497 @LED010 0
13:10:59.497 @LED011 
13:10:59.497 @LED012 在职
13:10:59.497 @LED013 前加工车间
13:10:59.497 @LED014 9
13:10:59.498 @LED015 0
13:10:59.498 @LED016 12
13:10:59.499 @LED001 20181216001
13:10:59.499 @LED002 10068
13:10:59.500 @LED003 王银祥
13:10:59.500 @LED004 装配工
13:10:59.500 @LED005 2018/12/16 8:00:00
13:10:59.500 @LED006 2018/12/16 17:00:00
13:10:59.500 @LED007 0
13:10:59.500 @LED008 
13:10:59.501 @LED009 
13:10:59.501 @LED010 0
13:10:59.501 @LED011 
13:10:59.501 @LED012 在职
13:10:59.501 @LED013 前加工车间
13:10:59.501 @LED014 9
13:10:59.502 @LED015 0
13:10:59.502 @LED016 12
13:10:59.504 @LED001 20181216001
13:10:59.504 @LED002 10069
13:10:59.504 @LED003 王建琼
13:10:59.504 @LED004 装配工
13:10:59.504 @LED005 2018/12/16 8:00:00
13:10:59.504 @LED006 2018/12/16 17:00:00
13:10:59.505 @LED007 0
13:10:59.505 @LED008 
13:10:59.505 @LED009 
13:10:59.505 @LED010 0
13:10:59.505 @LED011 
13:10:59.505 @LED012 在职
13:10:59.506 @LED013 前加工车间
13:10:59.506 @LED014 9
13:10:59.506 @LED015 0
13:10:59.506 @LED016 12
13:10:59.508 @LEE001 20181216001
13:10:59.508 @LEE002 GD201811030016
13:10:59.508 @LEE003 140054983
13:10:59.508 @LEE004 JPJ18-铝合金转换框-300*600（电商）
13:10:59.508 @LEE005 10PCS/箱
13:10:59.508 @LEE006 PCS
13:10:59.509 @LEE007 4820
13:10:59.509 @LEE008 0.18
13:10:59.509 @LEE009 2000
13:11:01.033 @LEC001 20181216001
13:11:01.034 @LEC017 True
13:11:23.715 @ANW001 20181216001
13:11:23.715 @ANW002 GD201808080007
13:11:23.715 @ANW003 JYLF06-XM
13:11:23.715 @ANW004 JYLF06-XM-项目专用复合机
13:11:23.716 @ANW005 
13:11:23.716 @ANW006 1000
13:11:23.716 @ANW007 台
13:11:23.716 @ANW008 4.86
13:11:23.716 @ANW009 1000
13:11:23.716 @ANW010 0507
13:11:23.717 @ANW011 总装车间
13:11:23.717 @ANW012 050701
13:11:23.717 @ANW013 1线
13:11:23.717 @ANW014 计件
13:11:23.717 @ANW015 2018/12/16 8:00:00
13:11:23.717 @ANW016 2018/12/16 17:00:00
13:11:23.717 @ANW017 
13:11:23.718 @ANW018 
13:11:23.718 @ANW019 
13:11:23.718 @ANW020 False
13:11:23.718 @ANW021 False
13:11:23.718 @ANW022 2018/12/16 0:00:00
13:11:23.718 @ANW023 0
13:11:23.718 @ANW024 0
13:11:23.718 @ANW025 系统管理员
13:11:23.732 @ANX001 20181216001
13:11:23.732 @ANX002 10140
13:11:23.732 @ANX003 刘兴贵
13:11:23.732 @ANX004 装配工
13:11:23.732 @ANX005 2018/12/16 8:00:00
13:11:23.732 @ANX006 2018/12/16 17:00:00
13:11:23.732 @ANX007 
13:11:23.733 @ANX008 
13:11:23.733 @ANX009 0
13:11:23.733 @ANX010 0
13:11:23.733 @ANX011 在职
13:11:23.733 @ANX012 
13:11:23.733 @ANX013 
13:11:23.733 @ANX014 1线
13:11:23.733 @ANX015 9
13:11:23.733 @ANX016 0
13:11:23.734 @ANX017 184.68
13:11:23.739 @ANX001 20181216001
13:11:23.739 @ANX002 10141
13:11:23.740 @ANX003 王振宇
13:11:23.740 @ANX004 装配工
13:11:23.740 @ANX005 2018/12/16 8:00:00
13:11:23.740 @ANX006 2018/12/16 17:00:00
13:11:23.740 @ANX007 
13:11:23.740 @ANX008 
13:11:23.740 @ANX009 0
13:11:23.740 @ANX010 0
13:11:23.741 @ANX011 在职
13:11:23.741 @ANX012 
13:11:23.741 @ANX013 
13:11:23.741 @ANX014 1线
13:11:23.741 @ANX015 9
13:11:23.741 @ANX016 0
13:11:23.741 @ANX017 184.68
13:11:23.744 @ANX001 20181216001
13:11:23.745 @ANX002 10142
13:11:23.745 @ANX003 钟成菊
13:11:23.745 @ANX004 装配工
13:11:23.745 @ANX005 2018/12/16 8:00:00
13:11:23.745 @ANX006 2018/12/16 17:00:00
13:11:23.745 @ANX007 
13:11:23.745 @ANX008 
13:11:23.745 @ANX009 0
13:11:23.746 @ANX010 0
13:11:23.746 @ANX011 在职
13:11:23.746 @ANX012 
13:11:23.746 @ANX013 
13:11:23.746 @ANX014 1线
13:11:23.746 @ANX015 9
13:11:23.746 @ANX016 0
13:11:23.746 @ANX017 184.68
13:11:23.748 @ANX001 20181216001
13:11:23.749 @ANX002 10143
13:11:23.749 @ANX003 赵成鹏
13:11:23.749 @ANX004 装配工
13:11:23.749 @ANX005 2018/12/16 8:00:00
13:11:23.752 @ANX006 2018/12/16 17:00:00
13:11:23.753 @ANX007 
13:11:23.753 @ANX008 
13:11:23.753 @ANX009 0
13:11:23.753 @ANX010 0
13:11:23.753 @ANX011 在职
13:11:23.754 @ANX012 
13:11:23.754 @ANX013 
13:11:23.754 @ANX014 1线
13:11:23.754 @ANX015 9
13:11:23.754 @ANX016 0
13:11:23.755 @ANX017 184.68
13:11:23.757 @ANX001 20181216001
13:11:23.757 @ANX002 10144
13:11:23.757 @ANX003 何万华
13:11:23.757 @ANX004 装配工
13:11:23.757 @ANX005 2018/12/16 8:00:00
13:11:23.758 @ANX006 2018/12/16 17:00:00
13:11:23.758 @ANX007 
13:11:23.758 @ANX008 
13:11:23.758 @ANX009 0
13:11:23.758 @ANX010 0
13:11:23.759 @ANX011 在职
13:11:23.759 @ANX012 
13:11:23.759 @ANX013 
13:11:23.759 @ANX014 1线
13:11:23.759 @ANX015 9
13:11:23.759 @ANX016 0
13:11:23.760 @ANX017 184.68
13:11:23.761 @ANX001 20181216001
13:11:23.762 @ANX002 10145
13:11:23.762 @ANX003 严云芹
13:11:23.762 @ANX004 装配工
13:11:23.762 @ANX005 2018/12/16 8:00:00
13:11:23.762 @ANX006 2018/12/16 17:00:00
13:11:23.762 @ANX007 
13:11:23.763 @ANX008 
13:11:23.763 @ANX009 0
13:11:23.763 @ANX010 0
13:11:23.763 @ANX011 在职
13:11:23.763 @ANX012 
13:11:23.763 @ANX013 
13:11:23.763 @ANX014 1线
13:11:23.763 @ANX015 9
13:11:23.764 @ANX016 0
13:11:23.764 @ANX017 184.68
13:11:23.766 @ANX001 20181216001
13:11:23.766 @ANX002 10146
13:11:23.766 @ANX003 马小千
13:11:23.766 @ANX004 装配工
13:11:23.766 @ANX005 2018/12/16 8:00:00
13:11:23.767 @ANX006 2018/12/16 17:00:00
13:11:23.767 @ANX007 
13:11:23.767 @ANX008 
13:11:23.767 @ANX009 0
13:11:23.767 @ANX010 0
13:11:23.768 @ANX011 在职
13:11:23.768 @ANX012 
13:11:23.768 @ANX013 
13:11:23.768 @ANX014 1线
13:11:23.768 @ANX015 9
13:11:23.768 @ANX016 0
13:11:23.769 @ANX017 184.68
13:11:23.772 @ANX001 20181216001
13:11:23.772 @ANX002 10147
13:11:23.772 @ANX003 周顺
13:11:23.773 @ANX004 装配工
13:11:23.773 @ANX005 2018/12/16 8:00:00
13:11:23.773 @ANX006 2018/12/16 17:00:00
13:11:23.773 @ANX007 
13:11:23.773 @ANX008 
13:11:23.774 @ANX009 0
13:11:23.774 @ANX010 0
13:11:23.774 @ANX011 在职
13:11:23.774 @ANX012 
13:11:23.774 @ANX013 
13:11:23.775 @ANX014 1线
13:11:23.775 @ANX015 9
13:11:23.775 @ANX016 0
13:11:23.775 @ANX017 184.68
13:11:23.777 @ANX001 20181216001
13:11:23.777 @ANX002 10148
13:11:23.777 @ANX003 龙付咪
13:11:23.777 @ANX004 装配工
13:11:23.777 @ANX005 2018/12/16 8:00:00
13:11:23.778 @ANX006 2018/12/16 17:00:00
13:11:23.778 @ANX007 
13:11:23.778 @ANX008 
13:11:23.778 @ANX009 0
13:11:23.778 @ANX010 0
13:11:23.778 @ANX011 在职
13:11:23.778 @ANX012 
13:11:23.778 @ANX013 
13:11:23.779 @ANX014 1线
13:11:23.779 @ANX015 9
13:11:23.779 @ANX016 0
13:11:23.779 @ANX017 184.68
13:11:23.781 @ANX001 20181216001
13:11:23.781 @ANX002 10150
13:11:23.781 @ANX003 刘高发
13:11:23.781 @ANX004 装配工
13:11:23.781 @ANX005 2018/12/16 8:00:00
13:11:23.782 @ANX006 2018/12/16 17:00:00
13:11:23.782 @ANX007 
13:11:23.782 @ANX008 
13:11:23.782 @ANX009 0
13:11:23.782 @ANX010 0
13:11:23.783 @ANX011 在职
13:11:23.783 @ANX012 
13:11:23.783 @ANX013 
13:11:23.783 @ANX014 1线
13:11:23.783 @ANX015 9
13:11:23.784 @ANX016 0
13:11:23.784 @ANX017 184.68
13:11:23.786 @ANX001 20181216001
13:11:23.786 @ANX002 10151
13:11:23.786 @ANX003 吴张英
13:11:23.787 @ANX004 装配工
13:11:23.787 @ANX005 2018/12/16 8:00:00
13:11:23.787 @ANX006 2018/12/16 17:00:00
13:11:23.787 @ANX007 
13:11:23.787 @ANX008 
13:11:23.787 @ANX009 0
13:11:23.788 @ANX010 0
13:11:23.788 @ANX011 在职
13:11:23.788 @ANX012 
13:11:23.788 @ANX013 
13:11:23.788 @ANX014 1线
13:11:23.789 @ANX015 9
13:11:23.789 @ANX016 0
13:11:23.789 @ANX017 184.68
13:11:23.791 @ANX001 20181216001
13:11:23.792 @ANX002 10152
13:11:23.792 @ANX003 杨犁
13:11:23.792 @ANX004 装配工
13:11:23.792 @ANX005 2018/12/16 8:00:00
13:11:23.792 @ANX006 2018/12/16 17:00:00
13:11:23.792 @ANX007 
13:11:23.792 @ANX008 
13:11:23.792 @ANX009 0
13:11:23.793 @ANX010 0
13:11:23.793 @ANX011 在职
13:11:23.793 @ANX012 
13:11:23.793 @ANX013 
13:11:23.793 @ANX014 1线
13:11:23.793 @ANX015 9
13:11:23.794 @ANX016 0
13:11:23.794 @ANX017 184.68
13:11:23.795 @ANX001 20181216001
13:11:23.795 @ANX002 10153
13:11:23.796 @ANX003 熊洪才
13:11:23.796 @ANX004 装配工
13:11:23.796 @ANX005 2018/12/16 8:00:00
13:11:23.796 @ANX006 2018/12/16 17:00:00
13:11:23.796 @ANX007 
13:11:23.797 @ANX008 
13:11:23.797 @ANX009 0
13:11:23.797 @ANX010 0
13:11:23.797 @ANX011 在职
13:11:23.797 @ANX012 
13:11:23.798 @ANX013 
13:11:23.798 @ANX014 1线
13:11:23.798 @ANX015 9
13:11:23.798 @ANX016 0
13:11:23.798 @ANX017 184.68
13:11:23.800 @ANX001 20181216001
13:11:23.800 @ANX002 10154
13:11:23.800 @ANX003 代开容
13:11:23.800 @ANX004 装配工
13:11:23.800 @ANX005 2018/12/16 8:00:00
13:11:23.800 @ANX006 2018/12/16 17:00:00
13:11:23.801 @ANX007 
13:11:23.801 @ANX008 
13:11:23.801 @ANX009 0
13:11:23.801 @ANX010 0
13:11:23.801 @ANX011 在职
13:11:23.801 @ANX012 
13:11:23.801 @ANX013 
13:11:23.801 @ANX014 1线
13:11:23.802 @ANX015 9
13:11:23.802 @ANX016 0
13:11:23.802 @ANX017 184.68
13:11:23.804 @ANX001 20181216001
13:11:23.804 @ANX002 10155
13:11:23.804 @ANX003 尹宗丹
13:11:23.804 @ANX004 装配工
13:11:23.805 @ANX005 2018/12/16 8:00:00
13:11:23.805 @ANX006 2018/12/16 17:00:00
13:11:23.805 @ANX007 
13:11:23.805 @ANX008 
13:11:23.805 @ANX009 0
13:11:23.806 @ANX010 0
13:11:23.806 @ANX011 在职
13:11:23.806 @ANX012 
13:11:23.806 @ANX013 
13:11:23.806 @ANX014 1线
13:11:23.807 @ANX015 9
13:11:23.807 @ANX016 0
13:11:23.807 @ANX017 184.68
13:11:23.809 @ANX001 20181216001
13:11:23.809 @ANX002 10156
13:11:23.809 @ANX003 朱正高
13:11:23.809 @ANX004 装配工
13:11:23.809 @ANX005 2018/12/16 8:00:00
13:11:23.810 @ANX006 2018/12/16 17:00:00
13:11:23.810 @ANX007 
13:11:23.810 @ANX008 
13:11:23.810 @ANX009 0
13:11:23.810 @ANX010 0
13:11:23.811 @ANX011 在职
13:11:23.811 @ANX012 
13:11:23.811 @ANX013 
13:11:23.811 @ANX014 1线
13:11:23.811 @ANX015 9
13:11:23.811 @ANX016 0
13:11:23.812 @ANX017 184.68
13:11:23.813 @ANX001 20181216001
13:11:23.814 @ANX002 10157
13:11:23.814 @ANX003 卿廷群
13:11:23.814 @ANX004 装配工
13:11:23.814 @ANX005 2018/12/16 8:00:00
13:11:23.814 @ANX006 2018/12/16 17:00:00
13:11:23.814 @ANX007 
13:11:23.815 @ANX008 
13:11:23.815 @ANX009 0
13:11:23.815 @ANX010 0
13:11:23.815 @ANX011 在职
13:11:23.815 @ANX012 
13:11:23.816 @ANX013 
13:11:23.816 @ANX014 1线
13:11:23.816 @ANX015 9
13:11:23.816 @ANX016 0
13:11:23.816 @ANX017 184.68
13:11:23.818 @ANX001 20181216001
13:11:23.819 @ANX002 10158
13:11:23.819 @ANX003 邹修丽
13:11:23.819 @ANX004 装配工
13:11:23.819 @ANX005 2018/12/16 8:00:00
13:11:23.820 @ANX006 2018/12/16 17:00:00
13:11:23.820 @ANX007 
13:11:23.820 @ANX008 
13:11:23.820 @ANX009 0
13:11:23.820 @ANX010 0
13:11:23.821 @ANX011 在职
13:11:23.821 @ANX012 
13:11:23.821 @ANX013 
13:11:23.821 @ANX014 1线
13:11:23.821 @ANX015 9
13:11:23.821 @ANX016 0
13:11:23.822 @ANX017 184.68
13:11:23.823 @ANX001 20181216001
13:11:23.824 @ANX002 10159
13:11:23.824 @ANX003 徐永洪
13:11:23.824 @ANX004 装配工
13:11:23.824 @ANX005 2018/12/16 8:00:00
13:11:23.824 @ANX006 2018/12/16 17:00:00
13:11:23.824 @ANX007 
13:11:23.825 @ANX008 
13:11:23.825 @ANX009 0
13:11:23.825 @ANX010 0
13:11:23.825 @ANX011 在职
13:11:23.826 @ANX012 
13:11:23.826 @ANX013 
13:11:23.826 @ANX014 1线
13:11:23.826 @ANX015 9
13:11:23.826 @ANX016 0
13:11:23.826 @ANX017 184.68
13:11:23.829 @ANX001 20181216001
13:11:23.829 @ANX002 10160
13:11:23.830 @ANX003 刘仁燕
13:11:23.830 @ANX004 装配工
13:11:23.830 @ANX005 2018/12/16 8:00:00
13:11:23.830 @ANX006 2018/12/16 17:00:00
13:11:23.830 @ANX007 
13:11:23.831 @ANX008 
13:11:23.831 @ANX009 0
13:11:23.831 @ANX010 0
13:11:23.831 @ANX011 在职
13:11:23.831 @ANX012 
13:11:23.832 @ANX013 
13:11:23.832 @ANX014 1线
13:11:23.832 @ANX015 9
13:11:23.832 @ANX016 0
13:11:23.833 @ANX017 184.68
13:11:23.835 @ANX001 20181216001
13:11:23.835 @ANX002 10161
13:11:23.835 @ANX003 陈万珍
13:11:23.835 @ANX004 装配工
13:11:23.835 @ANX005 2018/12/16 8:00:00
13:11:23.836 @ANX006 2018/12/16 17:00:00
13:11:23.836 @ANX007 
13:11:23.836 @ANX008 
13:11:23.836 @ANX009 0
13:11:23.836 @ANX010 0
13:11:23.837 @ANX011 在职
13:11:23.837 @ANX012 
13:11:23.837 @ANX013 
13:11:23.837 @ANX014 1线
13:11:23.837 @ANX015 9
13:11:23.838 @ANX016 0
13:11:23.838 @ANX017 184.68
13:11:23.839 @ANX001 20181216001
13:11:23.840 @ANX002 10162
13:11:23.840 @ANX003 李义承
13:11:23.840 @ANX004 装配工
13:11:23.840 @ANX005 2018/12/16 8:00:00
13:11:23.840 @ANX006 2018/12/16 17:00:00
13:11:23.840 @ANX007 
13:11:23.841 @ANX008 
13:11:23.841 @ANX009 0
13:11:23.841 @ANX010 0
13:11:23.841 @ANX011 在职
13:11:23.841 @ANX012 
13:11:23.841 @ANX013 
13:11:23.842 @ANX014 1线
13:11:23.842 @ANX015 9
13:11:23.842 @ANX016 0
13:11:23.842 @ANX017 184.68
13:11:23.844 @ANX001 20181216001
13:11:23.844 @ANX002 10163
13:11:23.844 @ANX003 张义兵
13:11:23.844 @ANX004 装配工
13:11:23.845 @ANX005 2018/12/16 8:00:00
13:11:23.845 @ANX006 2018/12/16 17:00:00
13:11:23.845 @ANX007 
13:11:23.845 @ANX008 
13:11:23.845 @ANX009 0
13:11:23.846 @ANX010 0
13:11:23.846 @ANX011 在职
13:11:23.846 @ANX012 
13:11:23.846 @ANX013 
13:11:23.846 @ANX014 1线
13:11:23.847 @ANX015 9
13:11:23.847 @ANX016 0
13:11:23.847 @ANX017 184.68
13:11:23.848 @ANX001 20181216001
13:11:23.848 @ANX002 10164
13:11:23.849 @ANX003 韩会萍
13:11:23.849 @ANX004 装配工
13:11:23.849 @ANX005 2018/12/16 8:00:00
13:11:23.849 @ANX006 2018/12/16 17:00:00
13:11:23.849 @ANX007 
13:11:23.850 @ANX008 
13:11:23.850 @ANX009 0
13:11:23.850 @ANX010 0
13:11:23.850 @ANX011 在职
13:11:23.850 @ANX012 
13:11:23.850 @ANX013 
13:11:23.851 @ANX014 1线
13:11:23.851 @ANX015 9
13:11:23.851 @ANX016 0
13:11:23.851 @ANX017 184.68
13:11:23.852 @ANX001 20181216001
13:11:23.853 @ANX002 10165
13:11:23.853 @ANX003 国明秀
13:11:23.853 @ANX004 装配工
13:11:23.853 @ANX005 2018/12/16 8:00:00
13:11:23.853 @ANX006 2018/12/16 17:00:00
13:11:23.853 @ANX007 
13:11:23.854 @ANX008 
13:11:23.854 @ANX009 0
13:11:23.854 @ANX010 0
13:11:23.854 @ANX011 在职
13:11:23.854 @ANX012 
13:11:23.854 @ANX013 
13:11:23.855 @ANX014 1线
13:11:23.855 @ANX015 9
13:11:23.855 @ANX016 0
13:11:23.855 @ANX017 184.68
13:11:31.042 @ANW001 20181216001
13:11:31.042 @ANW020 True
13:11:58.852 @LGN001 20181216001
13:11:58.853 @LGN002 2018/12/16 0:00:00
13:11:58.853 @LGN005 0
13:11:58.853 @LGN006 0
13:11:58.853 @LGN007 计件
13:11:58.853 @LGN008 系统管理员
13:11:58.857 @LOG001 20181216001
13:11:58.858 @LOG002 XH201502270002
13:11:58.858 @LOG003 001
13:11:58.858 @LOG004 MDR302D
13:11:58.858 @LOG005 浴霸-MDR302-淡金-吉祥三宝(电商)
13:11:58.858 @LOG006 1436
13:11:58.858 @LOG007 0
13:11:58.859 @LOG008 100
13:11:58.859 @LOG009 0.062000
13:11:58.863 @LGP001 20181216001
13:11:58.863 @LGP002 10002
13:11:58.864 @LGP003 吴征义
13:11:58.864 @LGP004 成品搬运工
13:11:58.864 @LGP005 在职
13:11:58.864 @LGP006 物流组
13:11:58.864 @LGP007 
13:11:58.865 @LGP008 
13:11:58.865 @LGP009 2018/12/16 8:00:00
13:11:58.865 @LGP010 2018/12/16 17:00:00
13:11:58.865 @LGP011 9
13:11:58.865 @LGP012 0
13:11:58.866 @LGP013 0
13:11:58.866 @LGP014 
13:11:58.880 @LGP001 20181216001
13:11:58.881 @LGP002 10003
13:11:58.881 @LGP003 王世洪
13:11:58.881 @LGP004 成品搬运工
13:11:58.881 @LGP005 在职
13:11:58.881 @LGP006 物流组
13:11:58.881 @LGP007 
13:11:58.882 @LGP008 
13:11:58.882 @LGP009 2018/12/16 8:00:00
13:11:58.882 @LGP010 2018/12/16 17:00:00
13:11:58.882 @LGP011 9
13:11:58.882 @LGP012 0
13:11:58.883 @LGP013 0
13:11:58.883 @LGP014 
13:11:58.889 @LGP001 20181216001
13:11:58.889 @LGP002 10004
13:11:58.890 @LGP003 李守军
13:11:58.890 @LGP004 成品搬运工
13:11:58.890 @LGP005 在职
13:11:58.890 @LGP006 物流组
13:11:58.890 @LGP007 
13:11:58.890 @LGP008 
13:11:58.891 @LGP009 2018/12/16 8:00:00
13:11:58.892 @LGP010 2018/12/16 17:00:00
13:11:58.893 @LGP011 9
13:11:58.894 @LGP012 0
13:11:58.894 @LGP013 0
13:11:58.894 @LGP014 
13:11:58.896 @LGP001 20181216001
13:11:58.896 @LGP002 10005
13:11:58.896 @LGP003 陈波
13:11:58.897 @LGP004 成品搬运工
13:11:58.897 @LGP005 在职
13:11:58.897 @LGP006 物流组
13:11:58.897 @LGP007 
13:11:58.897 @LGP008 
13:11:58.897 @LGP009 2018/12/16 8:00:00
13:11:58.898 @LGP010 2018/12/16 17:00:00
13:11:58.898 @LGP011 9
13:11:58.898 @LGP012 0
13:11:58.898 @LGP013 0
13:11:58.898 @LGP014 
13:11:58.908 @LGP001 20181216001
13:11:58.909 @LGP002 10006
13:11:58.909 @LGP003 赵庆书
13:11:58.909 @LGP004 成品搬运工
13:11:58.909 @LGP005 在职
13:11:58.909 @LGP006 物流组
13:11:58.910 @LGP007 
13:11:58.910 @LGP008 
13:11:58.910 @LGP009 2018/12/16 8:00:00
13:11:58.910 @LGP010 2018/12/16 17:00:00
13:11:58.910 @LGP011 9
13:11:58.911 @LGP012 0
13:11:58.911 @LGP013 0
13:11:58.911 @LGP014 
13:11:58.921 @LGP001 20181216001
13:11:58.921 @LGP002 10007
13:11:58.921 @LGP003 朱志波
13:11:58.922 @LGP004 成品搬运工
13:11:58.922 @LGP005 在职
13:11:58.922 @LGP006 物流组
13:11:58.922 @LGP007 
13:11:58.922 @LGP008 
13:11:58.922 @LGP009 2018/12/16 8:00:00
13:11:58.923 @LGP010 2018/12/16 17:00:00
13:11:58.923 @LGP011 9
13:11:58.923 @LGP012 0
13:11:58.923 @LGP013 0
13:11:58.923 @LGP014 
13:12:00.687 @LGN001 20181216001
13:12:00.688 @LGN003 True
13:13:02.027 @EMP002 系统管理员
13:13:02.028 @EMP033 cebfd1559b68d67688884d7a3d3e8c
13:13:39.742 @ANW001 20181216001
13:13:39.743 @ANW020 False
13:28:36.506 @EMP002 系统管理员
13:28:36.508 @EMP033 cebfd1559b68d67688884d7a3d3e8c
13:29:21.088 @EMP002 系统管理员
13:29:21.089 @EMP033 cebfd1559b68d67688884d7a3d3e8c
13:31:25.898 @EMP002 系统管理员
13:31:25.899 @EMP033 cebfd1559b68d67688884d7a3d3e8c
13:37:53.615 @EMP002 系统管理员
13:37:53.616 @EMP033 cebfd1559b68d67688884d7a3d3e8c
13:38:20.894 @HAW001 20181216002
13:38:20.894 @HAW018 False
13:44:46.808 @EMP002 系统管理员
13:44:46.809 @EMP033 cebfd1559b68d67688884d7a3d3e8c
13:53:57.771 @EMP002 系统管理员
13:53:57.772 @EMP033 cebfd1559b68d67688884d7a3d3e8c
13:57:28.062 @EMP002 系统管理员
13:57:28.063 @EMP033 cebfd1559b68d67688884d7a3d3e8c
14:17:41.297 @EMP002 系统管理员
14:17:41.298 @EMP033 cebfd1559b68d67688884d7a3d3e8c
14:19:23.955 @EMP002 系统管理员
14:19:23.956 @EMP033 ba7b4cd179dc2c44f85660cffb8048
14:19:29.631 @EMP002 系统管理员
14:19:29.632 @EMP033 cebfd1559b68d67688884d7a3d3e8c
14:21:02.938 @EMP002 系统管理员
14:21:02.939 @EMP033 cebfd1559b68d67688884d7a3d3e8c
14:28:22.863 @EMP002 系统管理员
14:28:22.864 @EMP033 e51e6c4ea698bc872c5f2e504383ac59
14:28:24.983 @EMP002 系统管理员
14:28:24.983 @EMP033 cebfd1559b68d67688884d7a3d3e8c
14:49:35.577 @EMP002 系统管理员
14:49:35.577 @EMP033 cebfd1559b68d67688884d7a3d3e8c
14:50:12.247 @HAW001 20181216001
14:50:12.248 @HAW018 False
15:24:37.212 @EMP002 系统管理员
15:24:37.213 @EMP033 cebfd1559b68d67688884d7a3d3e8c
15:46:52.307 @EMP002 系统管理员
15:46:52.314 @EMP033 cebfd1559b68d67688884d7a3d3e8c
15:48:34.399 @EMP002 系统管理员
15:48:34.400 @EMP033 cebfd1559b68d67688884d7a3d3e8c
16:08:34.148 @EMP002 系统管理员
16:08:34.149 @EMP033 cebfd1559b68d67688884d7a3d3e8c
16:14:40.693 @EMP002 系统管理员
16:14:40.694 @EMP033 cebfd1559b68d67688884d7a3d3e8c
16:23:31.359 @EMP002 系统管理员
16:23:31.359 @EMP033 cebfd1559b68d67688884d7a3d3e8c
16:31:10.841 @EMP002 系统管理员
16:31:10.841 @EMP033 cebfd1559b68d67688884d7a3d3e8c
16:39:44.078 @EMP002 系统管理员
16:39:44.079 @EMP033 cebfd1559b68d67688884d7a3d3e8c
