14:23:24.889 @EMP002 系统管理员
14:23:24.892 @EMP033 cebfd1559b68d67688884d7a3d3e8c
14:31:25.840 @EMP002 系统管理员
14:31:25.842 @EMP033 cebfd1559b68d67688884d7a3d3e8c
15:19:10.482 @EMP002 系统管理员
15:19:10.485 @EMP033 cebfd1559b68d67688884d7a3d3e8c
15:28:18.955 @EMP002 系统管理员
15:28:18.958 @EMP033 cebfd1559b68d67688884d7a3d3e8c
15:36:09.421 @EMP002 系统管理员
15:36:09.424 @EMP033 cebfd1559b68d67688884d7a3d3e8c
16:21:04.056 @EMP002 系统管理员
16:21:04.058 @EMP033 cebfd1559b68d67688884d7a3d3e8c
16:22:38.660 @EMP002 系统管理员
16:22:38.663 @EMP033 cebfd1559b68d67688884d7a3d3e8c
16:24:13.185 @EMP002 系统管理员
16:24:13.187 @EMP033 cebfd1559b68d67688884d7a3d3e8c
16:35:27.932 @EMP002 系统管理员
16:35:27.935 @EMP033 cebfd1559b68d67688884d7a3d3e8c
16:50:28.242 @EMP002 系统管理员
16:50:28.245 @EMP033 cebfd1559b68d67688884d7a3d3e8c
16:50:43.683 @PRG005 1线
16:50:43.684 @PRG006 100
16:50:43.685 @PRG001 TCLNS-08D006
16:50:43.686 @PRG002 2018/8/2 0:00:00
16:50:43.687 @PRG004 050701
16:50:43.691 @PRG005 2线
16:50:43.692 @PRG006 100
16:50:43.693 @PRG001 TCLNS-08D006
16:50:43.694 @PRG002 2018/8/2 0:00:00
16:50:43.696 @PRG004 050702
16:50:43.698 @PRG005 3线
16:50:43.699 @PRG006 100
16:50:43.701 @PRG001 TCLNS-08D006
16:50:43.702 @PRG002 2018/8/2 0:00:00
16:50:43.703 @PRG004 050703
16:50:43.706 @PRG005 4线
16:50:43.707 @PRG006 100
16:50:43.708 @PRG001 TCLNS-08D006
16:50:43.709 @PRG002 2018/8/2 0:00:00
16:50:43.711 @PRG004 050704
16:50:43.713 @PRG005 5线
16:50:43.714 @PRG006 100
16:50:43.716 @PRG001 TCLNS-08D006
16:50:43.718 @PRG002 2018/8/2 0:00:00
16:50:43.719 @PRG004 050705
16:50:43.721 @PRG005 6线
16:50:43.722 @PRG006 100
16:50:43.723 @PRG001 TCLNS-08D006
16:50:43.725 @PRG002 2018/8/2 0:00:00
16:50:43.726 @PRG004 050706
16:50:43.728 @PRG005 7线
16:50:43.729 @PRG006 100
16:50:43.731 @PRG001 TCLNS-08D006
16:50:43.732 @PRG002 2018/8/2 0:00:00
16:50:43.734 @PRG004 050707
16:50:43.736 @PRG005 1线
16:50:43.738 @PRG006 20
16:50:43.739 @PRG001 TCLNS-08D006
16:50:43.741 @PRG002 2018/8/3 0:00:00
16:50:43.742 @PRG004 050701
16:50:43.744 @PRG005 2线
16:50:43.746 @PRG006 20
16:50:43.747 @PRG001 TCLNS-08D006
16:50:43.748 @PRG002 2018/8/3 0:00:00
16:50:43.750 @PRG004 050702
16:50:43.752 @PRG005 3线
16:50:43.753 @PRG006 20
16:50:43.755 @PRG001 TCLNS-08D006
16:50:43.756 @PRG002 2018/8/3 0:00:00
16:50:43.757 @PRG004 050703
16:50:43.760 @PRG005 4线
16:50:43.761 @PRG006 20
16:50:43.763 @PRG001 TCLNS-08D006
16:50:43.764 @PRG002 2018/8/3 0:00:00
16:50:43.766 @PRG004 050704
16:50:43.768 @PRG005 5线
16:50:43.770 @PRG006 20
16:50:43.771 @PRG001 TCLNS-08D006
16:50:43.772 @PRG002 2018/8/3 0:00:00
16:50:43.773 @PRG004 050705
16:50:43.775 @PRG005 6线
16:50:43.777 @PRG006 20
16:50:43.778 @PRG001 TCLNS-08D006
16:50:43.779 @PRG002 2018/8/3 0:00:00
16:50:43.780 @PRG004 050706
16:50:43.782 @PRG005 7线
16:50:43.784 @PRG006 20
16:50:43.785 @PRG001 TCLNS-08D006
16:50:43.786 @PRG002 2018/8/3 0:00:00
16:50:43.788 @PRG004 050707
16:50:43.790 @PRG005 1线
16:50:43.791 @PRG006 100
16:50:43.792 @PRG001 TCLNS-08D006
16:50:43.794 @PRG002 2018/8/4 0:00:00
16:50:43.796 @PRG004 050701
16:50:43.798 @PRG005 2线
16:50:43.799 @PRG006 100
16:50:43.800 @PRG001 TCLNS-08D006
16:50:43.802 @PRG002 2018/8/4 0:00:00
16:50:43.803 @PRG004 050702
16:50:43.805 @PRG005 3线
16:50:43.806 @PRG006 100
16:50:43.807 @PRG001 TCLNS-08D006
16:50:43.808 @PRG002 2018/8/4 0:00:00
16:50:43.809 @PRG004 050703
16:50:43.812 @PRG005 4线
16:50:43.813 @PRG006 100
16:50:43.815 @PRG001 TCLNS-08D006
16:50:43.816 @PRG002 2018/8/4 0:00:00
16:50:43.817 @PRG004 050704
16:50:43.820 @PRG005 5线
16:50:43.821 @PRG006 100
16:50:43.822 @PRG001 TCLNS-08D006
16:50:43.823 @PRG002 2018/8/4 0:00:00
16:50:43.825 @PRG004 050705
16:50:43.827 @PRG005 6线
16:50:43.829 @PRG006 100
16:50:43.830 @PRG001 TCLNS-08D006
16:50:43.832 @PRG002 2018/8/4 0:00:00
16:50:43.833 @PRG004 050706
16:50:43.835 @PRG005 7线
16:50:43.837 @PRG006 100
16:50:43.838 @PRG001 TCLNS-08D006
16:50:43.839 @PRG002 2018/8/4 0:00:00
16:50:43.841 @PRG004 050707
16:50:43.843 @PRG005 1线
16:50:43.845 @PRG006 100
16:50:43.846 @PRG001 TCLNS-08D006
16:50:43.848 @PRG002 2018/8/5 0:00:00
16:50:43.849 @PRG004 050701
16:50:43.852 @PRG005 2线
16:50:43.853 @PRG006 100
16:50:43.855 @PRG001 TCLNS-08D006
16:50:43.856 @PRG002 2018/8/5 0:00:00
16:50:43.857 @PRG004 050702
16:50:43.860 @PRG005 3线
16:50:43.861 @PRG006 100
16:50:43.863 @PRG001 TCLNS-08D006
16:50:43.864 @PRG002 2018/8/5 0:00:00
16:50:43.865 @PRG004 050703
16:50:43.867 @PRG005 4线
16:50:43.869 @PRG006 100
16:50:43.870 @PRG001 TCLNS-08D006
16:50:43.872 @PRG002 2018/8/5 0:00:00
16:50:43.873 @PRG004 050704
16:50:43.875 @PRG005 5线
16:50:43.877 @PRG006 100
16:50:43.878 @PRG001 TCLNS-08D006
16:50:43.879 @PRG002 2018/8/5 0:00:00
16:50:43.881 @PRG004 050705
16:50:43.883 @PRG005 6线
16:50:43.884 @PRG006 100
16:50:43.886 @PRG001 TCLNS-08D006
16:50:43.887 @PRG002 2018/8/5 0:00:00
16:50:43.888 @PRG004 050706
16:50:43.890 @PRG005 7线
16:50:43.892 @PRG006 100
16:50:43.893 @PRG001 TCLNS-08D006
16:50:43.894 @PRG002 2018/8/5 0:00:00
16:50:43.896 @PRG004 050707
16:50:43.898 @PRG005 1线
16:50:43.899 @PRG006 40
16:50:43.901 @PRG001 TCLNS-08D006
16:50:43.902 @PRG002 2018/8/6 0:00:00
16:50:43.903 @PRG004 050701
16:50:43.905 @PRG005 2线
16:50:43.907 @PRG006 40
16:50:43.908 @PRG001 TCLNS-08D006
16:50:43.910 @PRG002 2018/8/6 0:00:00
16:50:43.911 @PRG004 050702
16:50:43.913 @PRG005 3线
16:50:43.914 @PRG006 40
16:50:43.916 @PRG001 TCLNS-08D006
16:50:43.917 @PRG002 2018/8/6 0:00:00
16:50:43.919 @PRG004 050703
16:50:43.921 @PRG005 4线
16:50:43.923 @PRG006 40
16:50:43.924 @PRG001 TCLNS-08D006
16:50:43.925 @PRG002 2018/8/6 0:00:00
16:50:43.927 @PRG004 050704
16:50:43.929 @PRG005 5线
16:50:43.930 @PRG006 40
16:50:43.931 @PRG001 TCLNS-08D006
16:50:43.933 @PRG002 2018/8/6 0:00:00
16:50:43.934 @PRG004 050705
16:50:43.937 @PRG005 6线
16:50:43.938 @PRG006 40
16:50:43.939 @PRG001 TCLNS-08D006
16:50:43.941 @PRG002 2018/8/6 0:00:00
16:50:43.942 @PRG004 050706
16:50:43.944 @PRG005 7线
16:50:43.945 @PRG006 40
16:50:43.947 @PRG001 TCLNS-08D006
16:50:43.949 @PRG002 2018/8/6 0:00:00
16:50:43.950 @PRG004 050707
16:50:43.952 @PRG005 1线
16:50:43.954 @PRG006 100
16:50:43.956 @PRG001 TCLNS-11Y3B20-T
16:50:43.957 @PRG002 2018/8/7 0:00:00
16:50:43.958 @PRG004 050701
16:50:43.960 @PRG005 2线
16:50:43.962 @PRG006 100
16:50:43.963 @PRG001 TCLNS-11Y3B20-T
16:50:43.965 @PRG002 2018/8/7 0:00:00
16:50:43.966 @PRG004 050702
16:50:43.968 @PRG005 3线
16:50:43.969 @PRG006 100
16:50:43.971 @PRG001 TCLNS-11Y3B20-T
16:50:43.972 @PRG002 2018/8/7 0:00:00
16:50:43.973 @PRG004 050703
16:50:43.976 @PRG005 4线
16:50:43.977 @PRG006 100
16:50:43.979 @PRG001 TCLNS-11Y3B20-T
16:50:43.980 @PRG002 2018/8/7 0:00:00
16:50:43.981 @PRG004 050704
16:50:43.983 @PRG005 5线
16:50:43.985 @PRG006 100
16:50:43.986 @PRG001 TCLNS-11Y3B20-T
16:50:43.987 @PRG002 2018/8/7 0:00:00
16:50:43.988 @PRG004 050705
16:50:43.990 @PRG005 6线
16:50:43.992 @PRG006 100
16:50:43.993 @PRG001 TCLNS-11Y3B20-T
16:50:43.994 @PRG002 2018/8/7 0:00:00
16:50:43.996 @PRG004 050706
16:50:43.998 @PRG005 7线
16:50:44.000 @PRG006 100
16:50:44.001 @PRG001 TCLNS-11Y3B20-T
16:50:44.002 @PRG002 2018/8/7 0:00:00
16:50:44.004 @PRG004 050707
16:50:44.006 @PRG005 1线
16:50:44.007 @PRG006 100
16:50:44.009 @PRG001 TCLNS-11Y3B20-T
16:50:44.010 @PRG002 2018/8/8 0:00:00
16:50:44.012 @PRG004 050701
16:50:44.014 @PRG005 2线
16:50:44.015 @PRG006 100
16:50:44.017 @PRG001 TCLNS-11Y3B20-T
16:50:44.020 @PRG002 2018/8/8 0:00:00
16:50:44.022 @PRG004 050702
16:50:44.024 @PRG005 3线
16:50:44.025 @PRG006 100
16:50:44.027 @PRG001 TCLNS-11Y3B20-T
16:50:44.028 @PRG002 2018/8/8 0:00:00
16:50:44.030 @PRG004 050703
16:50:44.032 @PRG005 4线
16:50:44.033 @PRG006 100
16:50:44.035 @PRG001 TCLNS-11Y3B20-T
16:50:44.036 @PRG002 2018/8/8 0:00:00
16:50:44.038 @PRG004 050704
16:50:44.040 @PRG005 5线
16:50:44.042 @PRG006 100
16:50:44.044 @PRG001 TCLNS-11Y3B20-T
16:50:44.045 @PRG002 2018/8/8 0:00:00
16:50:44.046 @PRG004 050705
16:50:44.049 @PRG005 6线
16:50:44.051 @PRG006 100
16:50:44.053 @PRG001 TCLNS-11Y3B20-T
16:50:44.054 @PRG002 2018/8/8 0:00:00
16:50:44.056 @PRG004 050706
16:50:44.058 @PRG005 7线
16:50:44.060 @PRG006 100
16:50:44.061 @PRG001 TCLNS-11Y3B20-T
16:50:44.063 @PRG002 2018/8/8 0:00:00
16:50:44.064 @PRG004 050707
16:50:44.066 @PRG005 1线
16:50:44.068 @PRG006 100
16:50:44.069 @PRG001 TCLNS-11Y3B20-T
16:50:44.070 @PRG002 2018/8/9 0:00:00
16:50:44.071 @PRG004 050701
16:50:44.074 @PRG005 2线
16:50:44.075 @PRG006 100
16:50:44.077 @PRG001 TCLNS-11Y3B20-T
16:50:44.078 @PRG002 2018/8/9 0:00:00
16:50:44.079 @PRG004 050702
16:50:44.081 @PRG005 3线
16:50:44.083 @PRG006 100
16:50:44.084 @PRG001 TCLNS-11Y3B20-T
16:50:44.085 @PRG002 2018/8/9 0:00:00
16:50:44.086 @PRG004 050703
16:50:44.088 @PRG005 4线
16:50:44.090 @PRG006 100
16:50:44.091 @PRG001 TCLNS-11Y3B20-T
16:50:44.092 @PRG002 2018/8/9 0:00:00
16:50:44.093 @PRG004 050704
16:50:44.095 @PRG005 5线
16:50:44.097 @PRG006 100
16:50:44.098 @PRG001 TCLNS-11Y3B20-T
16:50:44.099 @PRG002 2018/8/9 0:00:00
16:50:44.101 @PRG004 050705
16:50:44.103 @PRG005 6线
16:50:44.104 @PRG006 100
16:50:44.106 @PRG001 TCLNS-11Y3B20-T
16:50:44.107 @PRG002 2018/8/9 0:00:00
16:50:44.108 @PRG004 050706
16:50:44.110 @PRG005 7线
16:50:44.112 @PRG006 100
16:50:44.113 @PRG001 TCLNS-11Y3B20-T
16:50:44.114 @PRG002 2018/8/9 0:00:00
16:50:44.116 @PRG004 050707
16:50:44.118 @PRG005 1线
16:50:44.120 @PRG006 100
16:50:44.121 @PRG001 TCLNS-11Y3B20-T
16:50:44.122 @PRG002 2018/8/10 0:00:00
16:50:44.124 @PRG004 050701
16:50:44.126 @PRG005 2线
16:50:44.127 @PRG006 100
16:50:44.129 @PRG001 TCLNS-11Y3B20-T
16:50:44.130 @PRG002 2018/8/10 0:00:00
16:50:44.131 @PRG004 050702
16:50:44.134 @PRG005 3线
16:50:44.135 @PRG006 100
16:50:44.137 @PRG001 TCLNS-11Y3B20-T
16:50:44.138 @PRG002 2018/8/10 0:00:00
16:50:44.139 @PRG004 050703
16:50:44.142 @PRG005 4线
16:50:44.143 @PRG006 100
16:50:44.145 @PRG001 TCLNS-11Y3B20-T
16:50:44.146 @PRG002 2018/8/10 0:00:00
16:50:44.147 @PRG004 050704
16:50:44.149 @PRG005 5线
16:50:44.151 @PRG006 100
16:50:44.153 @PRG001 TCLNS-11Y3B20-T
16:50:44.154 @PRG002 2018/8/10 0:00:00
16:50:44.155 @PRG004 050705
16:50:44.158 @PRG005 6线
16:50:44.159 @PRG006 100
16:50:44.161 @PRG001 TCLNS-11Y3B20-T
16:50:44.162 @PRG002 2018/8/10 0:00:00
16:50:44.163 @PRG004 050706
16:50:44.166 @PRG005 7线
16:50:44.168 @PRG006 100
16:50:44.169 @PRG001 TCLNS-11Y3B20-T
16:50:44.171 @PRG002 2018/8/10 0:00:00
16:50:44.172 @PRG004 050707
16:50:44.174 @PRG005 1线
16:50:44.176 @PRG006 100
16:50:44.177 @PRG001 TCLNS-11Y3B20-T
16:50:44.178 @PRG002 2018/8/11 0:00:00
16:50:44.180 @PRG004 050701
16:50:44.182 @PRG005 2线
16:50:44.183 @PRG006 100
16:50:44.185 @PRG001 TCLNS-11Y3B20-T
16:50:44.187 @PRG002 2018/8/11 0:00:00
16:50:44.188 @PRG004 050702
16:50:44.191 @PRG005 3线
16:50:44.192 @PRG006 100
16:50:44.193 @PRG001 TCLNS-11Y3B20-T
16:50:44.194 @PRG002 2018/8/11 0:00:00
16:50:44.196 @PRG004 050703
16:50:44.198 @PRG005 4线
16:50:44.199 @PRG006 100
16:50:44.200 @PRG001 TCLNS-11Y3B20-T
16:50:44.201 @PRG002 2018/8/11 0:00:00
16:50:44.202 @PRG004 050704
16:50:44.204 @PRG005 5线
16:50:44.206 @PRG006 100
16:50:44.207 @PRG001 TCLNS-11Y3B20-T
16:50:44.208 @PRG002 2018/8/11 0:00:00
16:50:44.209 @PRG004 050705
16:50:44.211 @PRG005 6线
16:50:44.213 @PRG006 100
16:50:44.214 @PRG001 TCLNS-11Y3B20-T
16:50:44.216 @PRG002 2018/8/11 0:00:00
16:50:44.217 @PRG004 050706
16:50:44.219 @PRG005 7线
16:50:44.220 @PRG006 100
16:50:44.222 @PRG001 TCLNS-11Y3B20-T
16:50:44.223 @PRG002 2018/8/11 0:00:00
16:50:44.224 @PRG004 050707
16:50:44.226 @PRG005 1线
16:50:44.228 @PRG006 100
16:50:44.229 @PRG001 TCLNS-11Y3B20-T
16:50:44.230 @PRG002 2018/8/12 0:00:00
16:50:44.231 @PRG004 050701
16:50:44.234 @PRG005 2线
16:50:44.235 @PRG006 100
16:50:44.236 @PRG001 TCLNS-11Y3B20-T
16:50:44.237 @PRG002 2018/8/12 0:00:00
16:50:44.238 @PRG004 050702
16:50:44.241 @PRG005 3线
16:50:44.242 @PRG006 100
16:50:44.243 @PRG001 TCLNS-11Y3B20-T
16:50:44.244 @PRG002 2018/8/12 0:00:00
16:50:44.245 @PRG004 050703
16:50:44.248 @PRG005 4线
16:50:44.249 @PRG006 100
16:50:44.250 @PRG001 TCLNS-11Y3B20-T
16:50:44.251 @PRG002 2018/8/12 0:00:00
16:50:44.252 @PRG004 050704
16:50:44.254 @PRG005 5线
16:50:44.256 @PRG006 100
16:50:44.257 @PRG001 TCLNS-11Y3B20-T
16:50:44.258 @PRG002 2018/8/12 0:00:00
16:50:44.259 @PRG004 050705
16:50:44.261 @PRG005 6线
16:50:44.263 @PRG006 100
16:50:44.264 @PRG001 TCLNS-11Y3B20-T
16:50:44.266 @PRG002 2018/8/12 0:00:00
16:50:44.267 @PRG004 050706
16:50:44.269 @PRG005 7线
16:50:44.271 @PRG006 100
16:50:44.272 @PRG001 TCLNS-11Y3B20-T
16:50:44.274 @PRG002 2018/8/12 0:00:00
16:50:44.275 @PRG004 050707
16:50:44.278 @PRG005 1线
16:50:44.280 @PRG006 100
16:50:44.281 @PRG001 TCLNS-11Y3B20-T
16:50:44.282 @PRG002 2018/8/13 0:00:00
16:50:44.284 @PRG004 050701
16:50:44.286 @PRG005 2线
16:50:44.288 @PRG006 100
16:50:44.289 @PRG001 TCLNS-11Y3B20-T
16:50:44.291 @PRG002 2018/8/13 0:00:00
16:50:44.292 @PRG004 050702
16:50:44.294 @PRG005 3线
16:50:44.295 @PRG006 100
16:50:44.297 @PRG001 TCLNS-11Y3B20-T
16:50:44.298 @PRG002 2018/8/13 0:00:00
16:50:44.299 @PRG004 050703
16:50:44.302 @PRG005 4线
16:50:44.303 @PRG006 100
16:50:44.305 @PRG001 TCLNS-11Y3B20-T
16:50:44.306 @PRG002 2018/8/13 0:00:00
16:50:44.308 @PRG004 050704
16:50:44.310 @PRG005 5线
16:50:44.312 @PRG006 100
16:50:44.313 @PRG001 TCLNS-11Y3B20-T
16:50:44.314 @PRG002 2018/8/13 0:00:00
16:50:44.316 @PRG004 050705
16:50:44.318 @PRG005 6线
16:50:44.320 @PRG006 100
16:50:44.321 @PRG001 TCLNS-11Y3B20-T
16:50:44.323 @PRG002 2018/8/13 0:00:00
16:50:44.324 @PRG004 050706
16:50:44.326 @PRG005 7线
16:50:44.328 @PRG006 100
16:50:44.329 @PRG001 TCLNS-11Y3B20-T
16:50:44.331 @PRG002 2018/8/13 0:00:00
16:50:44.332 @PRG004 050707
16:50:44.334 @PRG005 1线
16:50:44.335 @PRG006 100
16:50:44.337 @PRG001 TCLNS-11Y3B20-T
16:50:44.338 @PRG002 2018/8/14 0:00:00
16:50:44.340 @PRG004 050701
16:50:44.342 @PRG005 2线
16:50:44.344 @PRG006 100
16:50:44.345 @PRG001 TCLNS-11Y3B20-T
16:50:44.346 @PRG002 2018/8/14 0:00:00
16:50:44.347 @PRG004 050702
16:50:44.349 @PRG005 3线
16:50:44.351 @PRG006 100
16:50:44.352 @PRG001 TCLNS-11Y3B20-T
16:50:44.353 @PRG002 2018/8/14 0:00:00
16:50:44.355 @PRG004 050703
16:50:44.357 @PRG005 4线
16:50:44.359 @PRG006 100
16:50:44.360 @PRG001 TCLNS-11Y3B20-T
16:50:44.361 @PRG002 2018/8/14 0:00:00
16:50:44.362 @PRG004 050704
16:50:44.364 @PRG005 5线
16:50:44.366 @PRG006 100
16:50:44.367 @PRG001 TCLNS-11Y3B20-T
16:50:44.368 @PRG002 2018/8/14 0:00:00
16:50:44.370 @PRG004 050705
16:50:44.372 @PRG005 6线
16:50:44.374 @PRG006 100
16:50:44.375 @PRG001 TCLNS-11Y3B20-T
16:50:44.377 @PRG002 2018/8/14 0:00:00
16:50:44.378 @PRG004 050706
16:50:44.380 @PRG005 7线
16:50:44.382 @PRG006 100
16:50:44.383 @PRG001 TCLNS-11Y3B20-T
16:50:44.384 @PRG002 2018/8/14 0:00:00
16:50:44.386 @PRG004 050707
16:50:44.388 @PRG005 1线
16:50:44.390 @PRG006 100
16:50:44.391 @PRG001 TCLNS-11Y3B20-T
16:50:44.393 @PRG002 2018/8/15 0:00:00
16:50:44.394 @PRG004 050701
16:50:44.396 @PRG005 2线
16:50:44.398 @PRG006 100
16:50:44.399 @PRG001 TCLNS-11Y3B20-T
16:50:44.401 @PRG002 2018/8/15 0:00:00
16:50:44.402 @PRG004 050702
16:50:44.404 @PRG005 3线
16:50:44.406 @PRG006 100
16:50:44.407 @PRG001 TCLNS-11Y3B20-T
16:50:44.408 @PRG002 2018/8/15 0:00:00
16:50:44.409 @PRG004 050703
16:50:44.411 @PRG005 4线
16:50:44.413 @PRG006 100
16:50:44.414 @PRG001 TCLNS-11Y3B20-T
16:50:44.415 @PRG002 2018/8/15 0:00:00
16:50:44.416 @PRG004 050704
16:50:44.419 @PRG005 5线
16:50:44.420 @PRG006 100
16:50:44.421 @PRG001 TCLNS-11Y3B20-T
16:50:44.423 @PRG002 2018/8/15 0:00:00
16:50:44.424 @PRG004 050705
16:50:44.426 @PRG005 6线
16:50:44.427 @PRG006 100
16:50:44.429 @PRG001 TCLNS-11Y3B20-T
16:50:44.430 @PRG002 2018/8/15 0:00:00
16:50:44.431 @PRG004 050706
16:50:44.433 @PRG005 7线
16:50:44.434 @PRG006 100
16:50:44.436 @PRG001 TCLNS-11Y3B20-T
16:50:44.437 @PRG002 2018/8/15 0:00:00
16:50:44.438 @PRG004 050707
16:50:44.441 @PRG005 1线
16:50:44.442 @PRG006 100
16:50:44.444 @PRG001 TCLNS-11Y3B20-T
16:50:44.445 @PRG002 2018/8/16 0:00:00
16:50:44.446 @PRG004 050701
16:50:44.449 @PRG005 2线
16:50:44.450 @PRG006 100
16:50:44.452 @PRG001 TCLNS-11Y3B20-T
16:50:44.453 @PRG002 2018/8/16 0:00:00
16:50:44.454 @PRG004 050702
16:50:44.456 @PRG005 3线
16:50:44.458 @PRG006 100
16:50:44.459 @PRG001 TCLNS-11Y3B20-T
16:50:44.460 @PRG002 2018/8/16 0:00:00
16:50:44.461 @PRG004 050703
16:50:44.464 @PRG005 4线
16:50:44.465 @PRG006 100
16:50:44.467 @PRG001 TCLNS-11Y3B20-T
16:50:44.468 @PRG002 2018/8/16 0:00:00
16:50:44.469 @PRG004 050704
16:50:44.472 @PRG005 5线
16:50:44.473 @PRG006 100
16:50:44.474 @PRG001 TCLNS-11Y3B20-T
16:50:44.477 @PRG002 2018/8/16 0:00:00
16:50:44.478 @PRG004 050705
16:50:44.480 @PRG005 6线
16:50:44.482 @PRG006 100
16:50:44.483 @PRG001 TCLNS-11Y3B20-T
16:50:44.484 @PRG002 2018/8/16 0:00:00
16:50:44.486 @PRG004 050706
16:50:44.488 @PRG005 7线
16:50:44.489 @PRG006 100
16:50:44.490 @PRG001 TCLNS-11Y3B20-T
16:50:44.492 @PRG002 2018/8/16 0:00:00
16:50:44.493 @PRG004 050707
17:38:11.342 @EMP002 系统管理员
17:38:11.352 @EMP033 cebfd1559b68d67688884d7a3d3e8c
