19:58:45.128 @EMP002 系统管理员
19:58:45.128 @EMP033 cebfd1559b68d67688884d7a3d3e8c
20:05:59.297 @EMP002 系统管理员
20:05:59.297 @EMP033 e51e6c4ea698bc872c5f2e504383ac59
20:06:03.271 @EMP002 系统管理员
20:06:03.271 @EMP033 cebfd1559b68d67688884d7a3d3e8c
20:08:24.130 @EMP002 系统管理员
20:08:24.130 @EMP033 cebfd1559b68d67688884d7a3d3e8c
20:10:35.991 @EMP002 系统管理员
20:10:35.991 @EMP033 cebfd1559b68d67688884d7a3d3e8c
20:13:38.247 @EMP002 系统管理员
20:13:38.247 @EMP033 cebfd1559b68d67688884d7a3d3e8c
20:15:31.248 @EMP002 系统管理员
20:15:31.248 @EMP033 cebfd1559b68d67688884d7a3d3e8c
20:16:13.491 @PRF001 JYLF66-S
20:16:13.491 @PRF002 2018/11/26 0:00:00
20:16:13.491 @PRF003 200
20:16:13.491 @PRF001 JYLF66-S
20:16:13.491 @PRF002 2018/11/27 0:00:00
20:16:13.491 @PRF003 500
20:16:13.491 @PRF001 JYLF66-S
20:16:13.491 @PRF002 2018/11/28 0:00:00
20:16:13.491 @PRF003 500
20:16:13.507 @PRF001 JYLF66-S
20:16:13.507 @PRF002 2018/11/29 0:00:00
20:16:13.507 @PRF003 400
20:16:13.507 @PRF001 JYLF66-S
20:16:13.507 @PRF002 2018/11/30 0:00:00
20:16:13.507 @PRF003 50
20:16:13.507 @PRF001 JYLF66-S
20:16:13.507 @PRF002 2018/12/1 0:00:00
20:16:13.507 @PRF003 10
20:16:13.507 @PRF001 JYLF66-S
20:16:13.507 @PRF002 2018/12/2 0:00:00
20:16:13.507 @PRF003 40
20:19:31.504 @EMP002 系统管理员
20:19:31.504 @EMP033 cebfd1559b68d67688884d7a3d3e8c
20:23:25.294 @EMP002 系统管理员
20:23:25.294 @EMP033 cebfd1559b68d67688884d7a3d3e8c
20:29:40.526 @PRF001 JYLF66-S
20:29:40.526 @PRF002 2018/11/26 0:00:00
20:29:40.526 @PRF003 200
20:29:40.541 @PRF001 JYLF66-S
20:29:40.541 @PRF002 2018/11/27 0:00:00
20:29:40.541 @PRF003 500
20:29:40.541 @PRF001 JYLF66-S
20:29:40.541 @PRF002 2018/11/28 0:00:00
20:29:40.541 @PRF003 500
20:29:40.541 @PRF001 JYLF66-S
20:29:40.541 @PRF002 2018/11/29 0:00:00
20:29:40.541 @PRF003 100
20:29:40.541 @PRF001 JYLF66-S
20:29:40.541 @PRF002 2018/11/30 0:00:00
20:29:40.557 @PRF003 50
20:29:40.557 @PRF001 JYLF66-S
20:29:40.557 @PRF002 2018/12/1 0:00:00
20:29:40.557 @PRF003 10
20:29:40.557 @PRF001 JYLF66-S
20:29:40.557 @PRF002 2018/12/2 0:00:00
20:29:40.557 @PRF003 340
20:30:13.461 @PRF001 JYLF66-S
20:30:13.461 @PRF002 2018/11/26 0:00:00
20:30:13.461 @PRF003 200
20:30:13.461 @PRF001 JYLF66-S
20:30:13.461 @PRF002 2018/11/27 0:00:00
20:30:13.461 @PRF003 500
20:30:13.461 @PRF001 JYLF66-S
20:30:13.461 @PRF002 2018/11/28 0:00:00
20:30:13.461 @PRF003 500
20:30:13.477 @PRF001 JYLF66-S
20:30:13.477 @PRF002 2018/11/29 0:00:00
20:30:13.477 @PRF003 100
20:30:13.477 @PRF001 JYLF66-S
20:30:13.477 @PRF002 2018/11/30 0:00:00
20:30:13.477 @PRF003 150
20:30:13.477 @PRF001 JYLF66-S
20:30:13.477 @PRF002 2018/12/1 0:00:00
20:30:13.477 @PRF003 10
20:30:13.477 @PRF001 JYLF66-S
20:30:13.477 @PRF002 2018/12/2 0:00:00
20:30:13.477 @PRF003 240
20:30:36.333 @PRF001 JYLF66-S
20:30:36.333 @PRF002 2018/11/26 0:00:00
20:30:36.348 @PRF003 200
20:30:36.348 @PRF001 JYLF66-S
20:30:36.348 @PRF002 2018/11/27 0:00:00
20:30:36.348 @PRF003 100
20:30:36.348 @PRF001 JYLF66-S
20:30:36.348 @PRF002 2018/11/28 0:00:00
20:30:36.348 @PRF003 100
20:30:36.348 @PRF001 JYLF66-S
20:30:36.348 @PRF002 2018/11/29 0:00:00
20:30:36.364 @PRF003 200
20:30:36.364 @PRF001 JYLF66-S
20:30:36.364 @PRF002 2018/11/30 0:00:00
20:30:36.364 @PRF003 50
20:30:36.364 @PRF001 JYLF66-S
20:30:36.364 @PRF002 2018/12/1 0:00:00
20:30:36.364 @PRF003 10
20:30:36.364 @PRF001 JYLF66-S
20:30:36.364 @PRF002 2018/12/2 0:00:00
20:30:36.364 @PRF003 1040
20:32:54.434 @EMP002 系统管理员
20:32:54.434 @EMP033 cebfd1559b68d67688884d7a3d3e8c
