14:54:41.943  异常信息：远程服务器返回错误: (404) 未找到。
  堆栈信息:   在 AutoUpdate.AppUpdate.DownloadFile(String url, String localFilePath) 位置 D:\ProjectData\MiKe\LineProductMes\LineProductMes\ClassForMain\AppUpdate.cs:行号 243
   在 AutoUpdate.AppUpdate.CheckAppVersion(String& msg) 位置 D:\ProjectData\MiKe\LineProductMes\LineProductMes\ClassForMain\AppUpdate.cs:行号 310
14:54:48.165 @EMP002 系统管理员
14:54:48.167 @EMP033 cebfd1559b68d67688884d7a3d3e8c
15:16:51.018 @PRG001 JSYF3602-XM
15:16:51.020 @PRG002 2018/9/8 0:00:00
15:16:51.021 @PRG004 050701
15:16:51.022 @PRG005 1线
15:16:51.023 @PRG006 500
15:16:51.027 @PRG001 JSYF3602-XM
15:16:51.029 @PRG002 2018/9/8 0:00:00
15:16:51.030 @PRG004 050702
15:16:51.031 @PRG005 2线
15:16:51.032 @PRG006 500
15:16:51.035 @PRG001 JSYF3602-XM
15:16:51.036 @PRG002 2018/9/8 0:00:00
15:16:51.037 @PRG004 050703
15:16:51.038 @PRG005 3线
15:16:51.039 @PRG006 500
15:16:51.042 @PRG001 JSYF3602-XM
15:16:51.043 @PRG002 2018/9/8 0:00:00
15:16:51.044 @PRG004 050704
15:16:51.046 @PRG005 4线
15:16:51.047 @PRG006 500
15:16:51.049 @PRG001 JSYF3602-XM
15:16:51.050 @PRG002 2018/9/8 0:00:00
15:16:51.051 @PRG004 050705
15:16:51.052 @PRG005 5线
15:16:51.054 @PRG006 500
15:16:51.056 @PRG001 JSYF3602-XM
15:16:51.057 @PRG002 2018/9/8 0:00:00
15:16:51.058 @PRG004 050706
15:16:51.059 @PRG005 6线
15:16:51.060 @PRG006 500
15:16:51.063 @PRG001 JSYF3602-XM
15:16:51.065 @PRG002 2018/9/8 0:00:00
15:16:51.066 @PRG004 050707
15:16:51.067 @PRG005 7线
15:16:51.068 @PRG006 500
15:16:51.070 @PRG001 JSYF3602-XM
15:16:51.071 @PRG002 2018/9/8 0:00:00
15:16:51.073 @PRG004 050710
15:16:51.074 @PRG005 8线
15:16:51.075 @PRG006 500
15:16:51.077 @PRG001 JSYF3602-XM
15:16:51.079 @PRG002 2018/9/9 0:00:00
15:16:51.080 @PRG004 050701
15:16:51.081 @PRG005 1线
15:16:51.082 @PRG006 500
15:16:51.085 @PRG001 JSYF3602-XM
15:16:51.086 @PRG002 2018/9/9 0:00:00
15:16:51.087 @PRG004 050702
15:16:51.089 @PRG005 2线
15:16:51.090 @PRG006 500
15:16:51.092 @PRG001 JSYF3602-XM
15:16:51.094 @PRG002 2018/9/9 0:00:00
15:16:51.095 @PRG004 050703
15:16:51.096 @PRG005 3线
15:16:51.097 @PRG006 500
15:16:51.099 @PRG001 JSYF3602-XM
15:16:51.101 @PRG002 2018/9/9 0:00:00
15:16:51.102 @PRG004 050704
15:16:51.103 @PRG005 4线
15:16:51.104 @PRG006 500
15:16:51.107 @PRG001 JSYF3602-XM
15:16:51.108 @PRG002 2018/9/9 0:00:00
15:16:51.109 @PRG004 050705
15:16:51.110 @PRG005 5线
15:16:51.111 @PRG006 500
15:16:51.114 @PRG001 JSYF3602-XM
15:16:51.115 @PRG002 2018/9/9 0:00:00
15:16:51.116 @PRG004 050706
15:16:51.117 @PRG005 6线
15:16:51.118 @PRG006 500
15:16:51.120 @PRG001 JSYF3602-XM
15:16:51.122 @PRG002 2018/9/9 0:00:00
15:16:51.123 @PRG004 050707
15:16:51.124 @PRG005 7线
15:16:51.126 @PRG006 500
15:16:51.128 @PRG001 JSYF3602-XM
15:16:51.129 @PRG002 2018/9/9 0:00:00
15:16:51.130 @PRG004 050710
15:16:51.131 @PRG005 8线
15:16:51.132 @PRG006 500
15:16:51.134 @PRG001 JSYF3602-XM
15:16:51.136 @PRG002 2018/9/10 0:00:00
15:16:51.137 @PRG004 050701
15:16:51.139 @PRG005 1线
15:16:51.140 @PRG006 500
15:16:51.142 @PRG001 JSYF3602-XM
15:16:51.143 @PRG002 2018/9/10 0:00:00
15:16:51.144 @PRG004 050702
15:16:51.146 @PRG005 2线
15:16:51.147 @PRG006 500
15:16:51.149 @PRG001 JSYF3602-XM
15:16:51.150 @PRG002 2018/9/10 0:00:00
15:16:51.151 @PRG004 050703
15:16:51.153 @PRG005 3线
15:16:51.154 @PRG006 500
15:16:51.156 @PRG001 JSYF3602-XM
15:16:51.157 @PRG002 2018/9/10 0:00:00
15:16:51.159 @PRG004 050704
15:16:51.160 @PRG005 4线
15:16:51.161 @PRG006 500
15:16:51.163 @PRG001 JSYF3602-XM
15:16:51.164 @PRG002 2018/9/10 0:00:00
15:16:51.166 @PRG004 050705
15:16:51.167 @PRG005 5线
15:16:51.168 @PRG006 500
15:16:51.170 @PRG001 JSYF3602-XM
15:16:51.172 @PRG002 2018/9/10 0:00:00
15:16:51.173 @PRG004 050706
15:16:51.174 @PRG005 6线
15:16:51.175 @PRG006 500
15:16:51.177 @PRG001 JSYF3602-XM
15:16:51.179 @PRG002 2018/9/10 0:00:00
15:16:51.180 @PRG004 050707
15:16:51.181 @PRG005 7线
15:16:51.182 @PRG006 500
15:16:51.184 @PRG001 JSYF3602-XM
15:16:51.186 @PRG002 2018/9/10 0:00:00
15:16:51.187 @PRG004 050710
15:16:51.188 @PRG005 8线
15:16:51.190 @PRG006 500
15:16:51.192 @PRG001 JSYF3602-XM
15:16:51.193 @PRG002 2018/9/11 0:00:00
15:16:51.194 @PRG004 050701
15:16:51.195 @PRG005 1线
15:16:51.196 @PRG006 500
15:16:51.199 @PRG001 JSYF3602-XM
15:16:51.200 @PRG002 2018/9/11 0:00:00
15:16:51.201 @PRG004 050702
15:16:51.202 @PRG005 2线
15:16:51.203 @PRG006 500
15:16:51.206 @PRG001 JSYF3602-XM
15:16:51.207 @PRG002 2018/9/11 0:00:00
15:16:51.209 @PRG004 050703
15:16:51.210 @PRG005 3线
15:16:51.211 @PRG006 500
15:16:51.213 @PRG001 JSYF3602-XM
15:16:51.215 @PRG002 2018/9/11 0:00:00
15:16:51.216 @PRG004 050704
15:16:51.217 @PRG005 4线
15:16:51.218 @PRG006 500
15:16:51.220 @PRG001 JSYF3602-XM
15:16:51.222 @PRG002 2018/9/11 0:00:00
15:16:51.223 @PRG004 050705
15:16:51.224 @PRG005 5线
15:16:51.225 @PRG006 500
15:16:51.227 @PRG001 JSYF3602-XM
15:16:51.229 @PRG002 2018/9/11 0:00:00
15:16:51.230 @PRG004 050706
15:16:51.231 @PRG005 6线
15:16:51.232 @PRG006 500
15:16:51.235 @PRG001 JSYF3602-XM
15:16:51.236 @PRG002 2018/9/11 0:00:00
15:16:51.238 @PRG004 050707
15:16:51.239 @PRG005 7线
15:16:51.240 @PRG006 500
15:16:51.242 @PRG001 JSYF3602-XM
15:16:51.244 @PRG002 2018/9/11 0:00:00
15:16:51.245 @PRG004 050710
15:16:51.246 @PRG005 8线
15:16:51.248 @PRG006 500
15:16:51.252 @PRG001 JSYF3602-XM
15:16:51.254 @PRG002 2018/9/12 0:00:00
15:16:51.255 @PRG004 050701
15:16:51.256 @PRG005 1线
15:16:51.257 @PRG006 500
15:16:51.259 @PRG001 JSYF3602-XM
15:16:51.261 @PRG002 2018/9/12 0:00:00
15:16:51.262 @PRG004 050702
15:16:51.263 @PRG005 2线
15:16:51.265 @PRG006 500
15:16:51.269 @PRG001 JSYF3602-XM
15:16:51.270 @PRG002 2018/9/12 0:00:00
15:16:51.271 @PRG004 050703
15:16:51.272 @PRG005 3线
15:16:51.274 @PRG006 500
15:16:51.276 @PRG001 JSYF3602-XM
15:16:51.277 @PRG002 2018/9/12 0:00:00
15:16:51.278 @PRG004 050704
15:16:51.280 @PRG005 4线
15:16:51.281 @PRG006 500
15:16:51.283 @PRG001 JSYF3602-XM
15:16:51.284 @PRG002 2018/9/12 0:00:00
15:16:51.286 @PRG004 050705
15:16:51.287 @PRG005 5线
15:16:51.288 @PRG006 500
15:16:51.290 @PRG001 JSYF3602-XM
15:16:51.291 @PRG002 2018/9/12 0:00:00
15:16:51.292 @PRG004 050706
15:16:51.294 @PRG005 6线
15:16:51.295 @PRG006 500
15:16:51.298 @PRG001 JSYF3602-XM
15:16:51.299 @PRG002 2018/9/12 0:00:00
15:16:51.300 @PRG004 050707
15:16:51.301 @PRG005 7线
15:16:51.302 @PRG006 500
15:16:51.305 @PRG001 JSYF3602-XM
15:16:51.306 @PRG002 2018/9/12 0:00:00
15:16:51.308 @PRG004 050710
15:16:51.309 @PRG005 8线
15:16:51.310 @PRG006 500
15:16:51.312 @PRG001 JSYF3602-XM
15:16:51.314 @PRG002 2018/9/13 0:00:00
15:16:51.315 @PRG004 050701
15:16:51.316 @PRG005 1线
15:16:51.317 @PRG006 500
15:16:51.319 @PRG001 JSYF3602-XM
15:16:51.321 @PRG002 2018/9/13 0:00:00
15:16:51.322 @PRG004 050702
15:16:51.323 @PRG005 2线
15:16:51.324 @PRG006 500
15:16:51.326 @PRG001 JSYF3602-XM
15:16:51.328 @PRG002 2018/9/13 0:00:00
15:16:51.329 @PRG004 050703
15:16:51.330 @PRG005 3线
15:16:51.331 @PRG006 500
15:16:51.333 @PRG001 JSYF3602-XM
15:16:51.335 @PRG002 2018/9/13 0:00:00
15:16:51.336 @PRG004 050704
15:16:51.337 @PRG005 4线
15:16:51.338 @PRG006 500
15:16:51.340 @PRG001 JSYF3602-XM
15:16:51.342 @PRG002 2018/9/13 0:00:00
15:16:51.343 @PRG004 050705
15:16:51.344 @PRG005 5线
15:16:51.345 @PRG006 500
15:16:51.348 @PRG001 JSYF3602-XM
15:16:51.349 @PRG002 2018/9/13 0:00:00
15:16:51.350 @PRG004 050706
15:16:51.351 @PRG005 6线
15:16:51.352 @PRG006 500
15:16:51.354 @PRG001 JSYF3602-XM
15:16:51.356 @PRG002 2018/9/13 0:00:00
15:16:51.357 @PRG004 050707
15:16:51.358 @PRG005 7线
15:16:51.359 @PRG006 500
15:16:51.361 @PRG001 JSYF3602-XM
15:16:51.363 @PRG002 2018/9/13 0:00:00
15:16:51.364 @PRG004 050710
15:16:51.365 @PRG005 8线
15:16:51.367 @PRG006 500
15:16:51.369 @PRG001 JSYF3602-XM
15:16:51.370 @PRG002 2018/9/14 0:00:00
15:16:51.372 @PRG004 050701
15:16:51.373 @PRG005 1线
15:16:51.374 @PRG006 500
15:16:51.377 @PRG001 JSYF3602-XM
15:16:51.378 @PRG002 2018/9/14 0:00:00
15:16:51.379 @PRG004 050702
15:16:51.380 @PRG005 2线
15:16:51.381 @PRG006 500
15:16:51.383 @PRG001 JSYF3602-XM
15:16:51.385 @PRG002 2018/9/14 0:00:00
15:16:51.386 @PRG004 050703
15:16:51.387 @PRG005 3线
15:16:51.388 @PRG006 500
15:16:51.390 @PRG001 JSYF3602-XM
15:16:51.392 @PRG002 2018/9/14 0:00:00
15:16:51.393 @PRG004 050704
15:16:51.395 @PRG005 4线
15:16:51.396 @PRG006 500
15:16:51.398 @PRG001 JSYF3602-XM
15:16:51.399 @PRG002 2018/9/14 0:00:00
15:16:51.401 @PRG004 050705
15:16:51.402 @PRG005 5线
15:16:51.403 @PRG006 500
15:16:51.405 @PRG001 JSYF3602-XM
15:16:51.407 @PRG002 2018/9/14 0:00:00
15:16:51.408 @PRG004 050706
15:16:51.409 @PRG005 6线
15:16:51.410 @PRG006 500
15:16:51.412 @PRG001 JSYF3602-XM
15:16:51.413 @PRG002 2018/9/14 0:00:00
15:16:51.414 @PRG004 050707
15:16:51.416 @PRG005 7线
15:16:51.417 @PRG006 500
15:16:51.419 @PRG001 JSYF3602-XM
15:16:51.420 @PRG002 2018/9/14 0:00:00
15:16:51.421 @PRG004 050710
15:16:51.423 @PRG005 8线
15:16:51.424 @PRG006 500
15:16:51.426 @PRG001 JSYF3602-XM
15:16:51.427 @PRG002 2018/9/15 0:00:00
15:16:51.428 @PRG004 050701
15:16:51.429 @PRG005 1线
15:16:51.430 @PRG006 500
15:16:51.432 @PRG001 JSYF3602-XM
15:16:51.434 @PRG002 2018/9/15 0:00:00
15:16:51.435 @PRG004 050702
15:16:51.436 @PRG005 2线
15:16:51.437 @PRG006 500
15:16:51.439 @PRG001 JSYF3602-XM
15:16:51.441 @PRG002 2018/9/15 0:00:00
15:16:51.442 @PRG004 050703
15:16:51.443 @PRG005 3线
15:16:51.444 @PRG006 500
15:16:51.446 @PRG001 JSYF3602-XM
15:16:51.448 @PRG002 2018/9/15 0:00:00
15:16:51.449 @PRG004 050704
15:16:51.450 @PRG005 4线
15:16:51.452 @PRG006 500
15:16:51.455 @PRG001 JSYF3602-XM
15:16:51.457 @PRG002 2018/9/15 0:00:00
15:16:51.458 @PRG004 050705
15:16:51.459 @PRG005 5线
15:16:51.461 @PRG006 500
15:16:51.463 @PRG001 JSYF3602-XM
15:16:51.465 @PRG002 2018/9/15 0:00:00
15:16:51.467 @PRG004 050706
15:16:51.468 @PRG005 6线
15:16:51.469 @PRG006 500
15:16:51.472 @PRG001 JSYF3602-XM
15:16:51.473 @PRG002 2018/9/15 0:00:00
15:16:51.474 @PRG004 050707
15:16:51.475 @PRG005 7线
15:16:51.477 @PRG006 500
15:16:51.479 @PRG001 JSYF3602-XM
15:16:51.481 @PRG002 2018/9/15 0:00:00
15:16:51.482 @PRG004 050710
15:16:51.483 @PRG005 8线
15:16:51.484 @PRG006 500
15:16:51.486 @PRG001 JSYF3602-XM
15:16:51.488 @PRG002 2018/9/16 0:00:00
15:16:51.489 @PRG004 050701
15:16:51.491 @PRG005 1线
15:16:51.493 @PRG006 500
15:16:51.498 @PRG001 JSYF3602-XM
15:16:51.500 @PRG002 2018/9/16 0:00:00
15:16:51.501 @PRG004 050702
15:16:51.503 @PRG005 2线
15:16:51.505 @PRG006 500
15:16:51.508 @PRG001 JSYF3602-XM
15:16:51.509 @PRG002 2018/9/16 0:00:00
15:16:51.511 @PRG004 050703
15:16:51.513 @PRG005 3线
15:16:51.515 @PRG006 500
15:16:51.518 @PRG001 JSYF3602-XM
15:16:51.520 @PRG002 2018/9/16 0:00:00
15:16:51.521 @PRG004 050704
15:16:51.523 @PRG005 4线
15:16:51.524 @PRG006 500
15:16:51.527 @PRG001 JSYF3602-XM
15:16:51.529 @PRG002 2018/9/16 0:00:00
15:16:51.530 @PRG004 050705
15:16:51.532 @PRG005 5线
15:16:51.534 @PRG006 500
15:16:51.536 @PRG001 JSYF3602-XM
15:16:51.538 @PRG002 2018/9/16 0:00:00
15:16:51.539 @PRG004 050706
15:16:51.540 @PRG005 6线
15:16:51.542 @PRG006 500
15:16:51.545 @PRG001 JSYF3602-XM
15:16:51.546 @PRG002 2018/9/16 0:00:00
15:16:51.548 @PRG004 050707
15:16:51.550 @PRG005 7线
15:16:51.552 @PRG006 500
15:16:51.555 @PRG001 JSYF3602-XM
15:16:51.557 @PRG002 2018/9/16 0:00:00
15:16:51.558 @PRG004 050710
15:16:51.560 @PRG005 8线
15:16:51.562 @PRG006 500
15:16:51.565 @PRG001 JSYF3602-XM
15:16:51.567 @PRG002 2018/9/17 0:00:00
15:16:51.569 @PRG004 050701
15:16:51.571 @PRG005 1线
15:16:51.572 @PRG006 500
15:16:51.575 @PRG001 JSYF3602-XM
15:16:51.577 @PRG002 2018/9/17 0:00:00
15:16:51.579 @PRG004 050702
15:16:51.581 @PRG005 2线
15:16:51.583 @PRG006 500
15:16:51.586 @PRG001 JSYF3602-XM
15:16:51.588 @PRG002 2018/9/17 0:00:00
15:16:51.589 @PRG004 050703
15:16:51.591 @PRG005 3线
15:16:51.592 @PRG006 500
15:16:51.595 @PRG001 JSYF3602-XM
15:16:51.596 @PRG002 2018/9/17 0:00:00
15:16:51.598 @PRG004 050704
15:16:51.599 @PRG005 4线
15:16:51.601 @PRG006 500
15:16:51.603 @PRG001 JSYF3602-XM
15:16:51.605 @PRG002 2018/9/17 0:00:00
15:16:51.607 @PRG004 050705
15:16:51.608 @PRG005 5线
15:16:51.609 @PRG006 500
15:16:51.612 @PRG001 JSYF3602-XM
15:16:51.613 @PRG002 2018/9/17 0:00:00
15:16:51.615 @PRG004 050706
15:16:51.617 @PRG005 6线
15:16:51.619 @PRG006 500
15:16:51.622 @PRG001 JSYF3602-XM
15:16:51.623 @PRG002 2018/9/17 0:00:00
15:16:51.625 @PRG004 050707
15:16:51.627 @PRG005 7线
15:16:51.628 @PRG006 500
15:16:51.631 @PRG001 JSYF3602-XM
15:16:51.633 @PRG002 2018/9/17 0:00:00
15:16:51.634 @PRG004 050710
15:16:51.636 @PRG005 8线
15:16:51.638 @PRG006 500
15:16:51.640 @PRG001 JSYF3603-XM
15:16:51.642 @PRG002 2018/9/8 0:00:00
15:16:51.643 @PRG004 050701
15:16:51.645 @PRG005 1线
15:16:51.646 @PRG006 500
15:16:51.649 @PRG001 JSYF3603-XM
15:16:51.650 @PRG002 2018/9/8 0:00:00
15:16:51.652 @PRG004 050702
15:16:51.653 @PRG005 2线
15:16:51.655 @PRG006 500
15:16:51.657 @PRG001 JSYF3603-XM
15:16:51.659 @PRG002 2018/9/8 0:00:00
15:16:51.661 @PRG004 050703
15:16:51.662 @PRG005 3线
15:16:51.664 @PRG006 500
15:16:51.667 @PRG001 JSYF3603-XM
15:16:51.668 @PRG002 2018/9/8 0:00:00
15:16:51.669 @PRG004 050704
15:16:51.671 @PRG005 4线
15:16:51.672 @PRG006 500
15:16:51.674 @PRG001 JSYF3603-XM
15:16:51.676 @PRG002 2018/9/8 0:00:00
15:16:51.677 @PRG004 050705
15:16:51.679 @PRG005 5线
15:16:51.680 @PRG006 500
15:16:51.683 @PRG001 JSYF3603-XM
15:16:51.684 @PRG002 2018/9/8 0:00:00
15:16:51.686 @PRG004 050706
15:16:51.688 @PRG005 6线
15:16:51.689 @PRG006 500
15:16:51.692 @PRG001 JSYF3603-XM
15:16:51.693 @PRG002 2018/9/8 0:00:00
15:16:51.695 @PRG004 050707
15:16:51.697 @PRG005 7线
15:16:51.698 @PRG006 500
15:16:51.707 @PRG001 JSYF3603-XM
15:16:51.709 @PRG002 2018/9/8 0:00:00
15:16:51.710 @PRG004 050710
15:16:51.712 @PRG005 8线
15:16:51.714 @PRG006 500
15:16:51.716 @PRG001 JSYF3603-XM
15:16:51.718 @PRG002 2018/9/9 0:00:00
15:16:51.719 @PRG004 050701
15:16:51.720 @PRG005 1线
15:16:51.721 @PRG006 500
15:16:51.724 @PRG001 JSYF3603-XM
15:16:51.726 @PRG002 2018/9/9 0:00:00
15:16:51.727 @PRG004 050702
15:16:51.729 @PRG005 2线
15:16:51.730 @PRG006 500
15:16:51.733 @PRG001 JSYF3603-XM
15:16:51.734 @PRG002 2018/9/9 0:00:00
15:16:51.736 @PRG004 050703
15:16:51.737 @PRG005 3线
15:16:51.739 @PRG006 500
15:16:51.741 @PRG001 JSYF3603-XM
15:16:51.743 @PRG002 2018/9/9 0:00:00
15:16:51.744 @PRG004 050704
15:16:51.746 @PRG005 4线
15:16:51.748 @PRG006 500
15:16:51.750 @PRG001 JSYF3603-XM
15:16:51.755 @PRG002 2018/9/9 0:00:00
15:16:51.757 @PRG004 050705
15:16:51.758 @PRG005 5线
15:16:51.760 @PRG006 500
15:16:51.762 @PRG001 JSYF3603-XM
15:16:51.764 @PRG002 2018/9/9 0:00:00
15:16:51.766 @PRG004 050706
15:16:51.767 @PRG005 6线
15:16:51.769 @PRG006 500
15:16:51.772 @PRG001 JSYF3603-XM
15:16:51.774 @PRG002 2018/9/9 0:00:00
15:16:51.775 @PRG004 050707
15:16:51.777 @PRG005 7线
15:16:51.779 @PRG006 500
15:16:51.781 @PRG001 JSYF3603-XM
15:16:51.783 @PRG002 2018/9/9 0:00:00
15:16:51.784 @PRG004 050710
15:16:51.786 @PRG005 8线
15:16:51.787 @PRG006 500
15:16:51.790 @PRG001 JSYF3603-XM
15:16:51.791 @PRG002 2018/9/10 0:00:00
15:16:51.793 @PRG004 050701
15:16:51.794 @PRG005 1线
15:16:51.796 @PRG006 500
15:16:51.798 @PRG001 JSYF3603-XM
15:16:51.800 @PRG002 2018/9/10 0:00:00
15:16:51.802 @PRG004 050702
15:16:51.803 @PRG005 2线
15:16:51.804 @PRG006 500
15:16:51.806 @PRG001 JSYF3603-XM
15:16:51.808 @PRG002 2018/9/10 0:00:00
15:16:51.809 @PRG004 050703
15:16:51.810 @PRG005 3线
15:16:51.812 @PRG006 500
15:16:51.814 @PRG001 JSYF3603-XM
15:16:51.816 @PRG002 2018/9/10 0:00:00
15:16:51.817 @PRG004 050704
15:16:51.818 @PRG005 4线
15:16:51.820 @PRG006 500
15:16:51.822 @PRG001 JSYF3603-XM
15:16:51.823 @PRG002 2018/9/10 0:00:00
15:16:51.825 @PRG004 050705
15:16:51.826 @PRG005 5线
15:16:51.827 @PRG006 500
15:16:51.830 @PRG001 JSYF3603-XM
15:16:51.831 @PRG002 2018/9/10 0:00:00
15:16:51.832 @PRG004 050706
15:16:51.833 @PRG005 6线
15:16:51.835 @PRG006 500
15:16:51.837 @PRG001 JSYF3603-XM
15:16:51.838 @PRG002 2018/9/10 0:00:00
15:16:51.839 @PRG004 050707
15:16:51.841 @PRG005 7线
15:16:51.842 @PRG006 500
15:16:51.844 @PRG001 JSYF3603-XM
15:16:51.846 @PRG002 2018/9/10 0:00:00
15:16:51.847 @PRG004 050710
15:16:51.848 @PRG005 8线
15:16:51.849 @PRG006 500
15:16:51.851 @PRG001 JSYF3603-XM
15:16:51.853 @PRG002 2018/9/11 0:00:00
15:16:51.854 @PRG004 050701
15:16:51.855 @PRG005 1线
15:16:51.857 @PRG006 500
15:16:51.859 @PRG001 JSYF3603-XM
15:16:51.860 @PRG002 2018/9/11 0:00:00
15:16:51.861 @PRG004 050702
15:16:51.862 @PRG005 2线
15:16:51.864 @PRG006 500
15:16:51.866 @PRG001 JSYF3603-XM
15:16:51.867 @PRG002 2018/9/11 0:00:00
15:16:51.868 @PRG004 050703
15:16:51.870 @PRG005 3线
15:16:51.871 @PRG006 500
15:16:51.873 @PRG001 JSYF3603-XM
15:16:51.874 @PRG002 2018/9/11 0:00:00
15:16:51.876 @PRG004 050704
15:16:51.877 @PRG005 4线
15:16:51.878 @PRG006 500
15:16:51.880 @PRG001 JSYF3603-XM
15:16:51.881 @PRG002 2018/9/11 0:00:00
15:16:51.882 @PRG004 050705
15:16:51.883 @PRG005 5线
15:16:51.885 @PRG006 500
15:16:51.887 @PRG001 JSYF3603-XM
15:16:51.889 @PRG002 2018/9/11 0:00:00
15:16:51.890 @PRG004 050706
15:16:51.892 @PRG005 6线
15:16:51.893 @PRG006 500
15:16:51.896 @PRG001 JSYF3603-XM
15:16:51.897 @PRG002 2018/9/11 0:00:00
15:16:51.898 @PRG004 050707
15:16:51.899 @PRG005 7线
15:16:51.900 @PRG006 500
15:16:51.904 @PRG001 JSYF3603-XM
15:16:51.905 @PRG002 2018/9/11 0:00:00
15:16:51.906 @PRG004 050710
15:16:51.907 @PRG005 8线
15:16:51.908 @PRG006 500
15:16:51.910 @PRG001 JSYF3603-XM
15:16:51.912 @PRG002 2018/9/12 0:00:00
15:16:51.913 @PRG004 050701
15:16:51.914 @PRG005 1线
15:16:51.915 @PRG006 500
15:16:51.918 @PRG001 JSYF3603-XM
15:16:51.919 @PRG002 2018/9/12 0:00:00
15:16:51.920 @PRG004 050702
15:16:51.922 @PRG005 2线
15:16:51.923 @PRG006 500
15:16:51.925 @PRG001 JSYF3603-XM
15:16:51.926 @PRG002 2018/9/12 0:00:00
15:16:51.927 @PRG004 050703
15:16:51.928 @PRG005 3线
15:16:51.930 @PRG006 500
15:16:51.932 @PRG001 JSYF3603-XM
15:16:51.933 @PRG002 2018/9/12 0:00:00
15:16:51.934 @PRG004 050704
15:16:51.935 @PRG005 4线
15:16:51.936 @PRG006 500
15:16:51.939 @PRG001 JSYF3603-XM
15:16:51.941 @PRG002 2018/9/12 0:00:00
15:16:51.942 @PRG004 050705
15:16:51.943 @PRG005 5线
15:16:51.944 @PRG006 500
15:16:51.947 @PRG001 JSYF3603-XM
15:16:51.948 @PRG002 2018/9/12 0:00:00
15:16:51.950 @PRG004 050706
15:16:51.951 @PRG005 6线
15:16:51.952 @PRG006 500
15:16:51.954 @PRG001 JSYF3603-XM
15:16:51.955 @PRG002 2018/9/12 0:00:00
15:16:51.956 @PRG004 050707
15:16:51.957 @PRG005 7线
15:16:51.958 @PRG006 500
15:16:51.960 @PRG001 JSYF3603-XM
15:16:51.962 @PRG002 2018/9/12 0:00:00
15:16:51.963 @PRG004 050710
15:16:51.965 @PRG005 8线
15:16:51.966 @PRG006 500
15:16:51.968 @PRG001 JSYF3603-XM
15:16:51.969 @PRG002 2018/9/13 0:00:00
15:16:51.970 @PRG004 050701
15:16:51.972 @PRG005 1线
15:16:51.973 @PRG006 500
15:16:51.975 @PRG001 JSYF3603-XM
15:16:51.976 @PRG002 2018/9/13 0:00:00
15:16:51.978 @PRG004 050702
15:16:51.979 @PRG005 2线
15:16:51.980 @PRG006 500
15:16:51.982 @PRG001 JSYF3603-XM
15:16:51.983 @PRG002 2018/9/13 0:00:00
15:16:51.985 @PRG004 050703
15:16:51.986 @PRG005 3线
15:16:51.987 @PRG006 500
15:16:51.989 @PRG001 JSYF3603-XM
15:16:51.990 @PRG002 2018/9/13 0:00:00
15:16:51.991 @PRG004 050704
15:16:51.993 @PRG005 4线
15:16:51.994 @PRG006 500
15:16:51.996 @PRG001 JSYF3603-XM
15:16:51.998 @PRG002 2018/9/13 0:00:00
15:16:51.999 @PRG004 050705
15:16:52.000 @PRG005 5线
15:16:52.001 @PRG006 500
15:16:52.003 @PRG001 JSYF3603-XM
15:16:52.005 @PRG002 2018/9/13 0:00:00
15:16:52.006 @PRG004 050706
15:16:52.007 @PRG005 6线
15:16:52.008 @PRG006 500
15:16:52.010 @PRG001 JSYF3603-XM
15:16:52.012 @PRG002 2018/9/13 0:00:00
15:16:52.013 @PRG004 050707
15:16:52.014 @PRG005 7线
15:16:52.015 @PRG006 500
15:16:52.017 @PRG001 JSYF3603-XM
15:16:52.019 @PRG002 2018/9/13 0:00:00
15:16:52.020 @PRG004 050710
15:16:52.021 @PRG005 8线
15:16:52.022 @PRG006 500
15:16:52.025 @PRG001 JSYF3603-XM
15:16:52.027 @PRG002 2018/9/14 0:00:00
15:16:52.028 @PRG004 050701
15:16:52.029 @PRG005 1线
15:16:52.030 @PRG006 500
15:16:52.032 @PRG001 JSYF3603-XM
15:16:52.034 @PRG002 2018/9/14 0:00:00
15:16:52.035 @PRG004 050702
15:16:52.036 @PRG005 2线
15:16:52.037 @PRG006 500
15:16:52.040 @PRG001 JSYF3603-XM
15:16:52.041 @PRG002 2018/9/14 0:00:00
15:16:52.042 @PRG004 050703
15:16:52.043 @PRG005 3线
15:16:52.044 @PRG006 500
15:16:52.047 @PRG001 JSYF3603-XM
15:16:52.048 @PRG002 2018/9/14 0:00:00
15:16:52.049 @PRG004 050704
15:16:52.050 @PRG005 4线
15:16:52.051 @PRG006 500
15:16:52.054 @PRG001 JSYF3603-XM
15:16:52.055 @PRG002 2018/9/14 0:00:00
15:16:52.057 @PRG004 050705
15:16:52.058 @PRG005 5线
15:16:52.059 @PRG006 500
15:16:52.061 @PRG001 JSYF3603-XM
15:16:52.062 @PRG002 2018/9/14 0:00:00
15:16:52.063 @PRG004 050706
15:16:52.065 @PRG005 6线
15:16:52.066 @PRG006 500
15:16:52.068 @PRG001 JSYF3603-XM
15:16:52.069 @PRG002 2018/9/14 0:00:00
15:16:52.070 @PRG004 050707
15:16:52.072 @PRG005 7线
15:16:52.073 @PRG006 500
15:16:52.075 @PRG001 JSYF3603-XM
15:16:52.076 @PRG002 2018/9/14 0:00:00
15:16:52.078 @PRG004 050710
15:16:52.079 @PRG005 8线
15:16:52.080 @PRG006 500
15:16:52.082 @PRG001 JSYF3603-XM
15:16:52.083 @PRG002 2018/9/15 0:00:00
15:16:52.085 @PRG004 050701
15:16:52.086 @PRG005 1线
15:16:52.087 @PRG006 500
15:16:52.089 @PRG001 JSYF3603-XM
15:16:52.090 @PRG002 2018/9/15 0:00:00
15:16:52.091 @PRG004 050702
15:16:52.092 @PRG005 2线
15:16:52.094 @PRG006 500
15:16:52.097 @PRG001 JSYF3603-XM
15:16:52.098 @PRG002 2018/9/15 0:00:00
15:16:52.099 @PRG004 050703
15:16:52.100 @PRG005 3线
15:16:52.101 @PRG006 500
15:16:52.103 @PRG001 JSYF3603-XM
15:16:52.105 @PRG002 2018/9/15 0:00:00
15:16:52.106 @PRG004 050704
15:16:52.107 @PRG005 4线
15:16:52.108 @PRG006 500
15:16:52.110 @PRG001 JSYF3603-XM
15:16:52.112 @PRG002 2018/9/15 0:00:00
15:16:52.113 @PRG004 050705
15:16:52.114 @PRG005 5线
15:16:52.115 @PRG006 500
15:16:52.117 @PRG001 JSYF3603-XM
15:16:52.119 @PRG002 2018/9/15 0:00:00
15:16:52.120 @PRG004 050706
15:16:52.121 @PRG005 6线
15:16:52.122 @PRG006 500
15:16:52.125 @PRG001 JSYF3603-XM
15:16:52.126 @PRG002 2018/9/15 0:00:00
15:16:52.127 @PRG004 050707
15:16:52.128 @PRG005 7线
15:16:52.129 @PRG006 500
15:16:52.131 @PRG001 JSYF3603-XM
15:16:52.133 @PRG002 2018/9/15 0:00:00
15:16:52.134 @PRG004 050710
15:16:52.135 @PRG005 8线
15:16:52.136 @PRG006 500
15:16:52.139 @PRG001 JSYF3603-XM
15:16:52.141 @PRG002 2018/9/16 0:00:00
15:16:52.142 @PRG004 050701
15:16:52.143 @PRG005 1线
15:16:52.144 @PRG006 500
15:16:52.146 @PRG001 JSYF3603-XM
15:16:52.148 @PRG002 2018/9/16 0:00:00
15:16:52.149 @PRG004 050702
15:16:52.150 @PRG005 2线
15:16:52.151 @PRG006 500
15:16:52.153 @PRG001 JSYF3603-XM
15:16:52.155 @PRG002 2018/9/16 0:00:00
15:16:52.156 @PRG004 050703
15:16:52.157 @PRG005 3线
15:16:52.158 @PRG006 500
15:16:52.160 @PRG001 JSYF3603-XM
15:16:52.162 @PRG002 2018/9/16 0:00:00
15:16:52.163 @PRG004 050704
15:16:52.164 @PRG005 4线
15:16:52.165 @PRG006 500
15:16:52.167 @PRG001 JSYF3603-XM
15:16:52.168 @PRG002 2018/9/16 0:00:00
15:16:52.170 @PRG004 050705
15:16:52.171 @PRG005 5线
15:16:52.172 @PRG006 500
15:16:52.174 @PRG001 JSYF3603-XM
15:16:52.176 @PRG002 2018/9/16 0:00:00
15:16:52.177 @PRG004 050706
15:16:52.178 @PRG005 6线
15:16:52.179 @PRG006 500
15:16:52.182 @PRG001 JSYF3603-XM
15:16:52.183 @PRG002 2018/9/16 0:00:00
15:16:52.184 @PRG004 050707
15:16:52.185 @PRG005 7线
15:16:52.186 @PRG006 500
15:16:52.188 @PRG001 JSYF3603-XM
15:16:52.190 @PRG002 2018/9/16 0:00:00
15:16:52.191 @PRG004 050710
15:16:52.192 @PRG005 8线
15:16:52.193 @PRG006 500
15:16:52.196 @PRG001 JSYF3603-XM
15:16:52.197 @PRG002 2018/9/17 0:00:00
15:16:52.198 @PRG004 050701
15:16:52.200 @PRG005 1线
15:16:52.201 @PRG006 500
15:16:52.203 @PRG001 JSYF3603-XM
15:16:52.205 @PRG002 2018/9/17 0:00:00
15:16:52.206 @PRG004 050702
15:16:52.207 @PRG005 2线
15:16:52.208 @PRG006 500
15:16:52.210 @PRG001 JSYF3603-XM
15:16:52.211 @PRG002 2018/9/17 0:00:00
15:16:52.213 @PRG004 050703
15:16:52.214 @PRG005 3线
15:16:52.215 @PRG006 500
15:16:52.217 @PRG001 JSYF3603-XM
15:16:52.219 @PRG002 2018/9/17 0:00:00
15:16:52.220 @PRG004 050704
15:16:52.221 @PRG005 4线
15:16:52.222 @PRG006 500
15:16:52.224 @PRG001 JSYF3603-XM
15:16:52.226 @PRG002 2018/9/17 0:00:00
15:16:52.227 @PRG004 050705
15:16:52.228 @PRG005 5线
15:16:52.229 @PRG006 500
15:16:52.231 @PRG001 JSYF3603-XM
15:16:52.233 @PRG002 2018/9/17 0:00:00
15:16:52.234 @PRG004 050706
15:16:52.235 @PRG005 6线
15:16:52.237 @PRG006 500
15:16:52.239 @PRG001 JSYF3603-XM
15:16:52.241 @PRG002 2018/9/17 0:00:00
15:16:52.244 @PRG004 050707
15:16:52.246 @PRG005 7线
15:16:52.247 @PRG006 500
15:16:52.251 @PRG001 JSYF3603-XM
15:16:52.252 @PRG002 2018/9/17 0:00:00
15:16:52.253 @PRG004 050710
15:16:52.255 @PRG005 8线
15:16:52.256 @PRG006 500
15:49:08.619  异常信息：远程服务器返回错误: (404) 未找到。
  堆栈信息:   在 AutoUpdate.AppUpdate.DownloadFile(String url, String localFilePath) 位置 D:\ProjectData\MiKe\LineProductMes\LineProductMes\ClassForMain\AppUpdate.cs:行号 243
   在 AutoUpdate.AppUpdate.CheckAppVersion(String& msg) 位置 D:\ProjectData\MiKe\LineProductMes\LineProductMes\ClassForMain\AppUpdate.cs:行号 310
15:49:13.929 @EMP002 系统管理员
15:49:13.930 @EMP033 cebfd1559b68d67688884d7a3d3e8c
