08:41:21.565 @EMP002 系统管理员
08:41:21.565 @EMP033 cebfd1559b68d67688884d7a3d3e8c
09:10:44.239 @EMP002 系统管理员
09:10:44.241 @EMP033 cebfd1559b68d67688884d7a3d3e8c
09:14:56.607 @EMP002 系统管理员
09:14:56.608 @EMP033 cebfd1559b68d67688884d7a3d3e8c
09:17:06.974 @EMP002 系统管理员
09:17:06.976 @EMP033 cebfd1559b68d67688884d7a3d3e8c
09:17:51.379 @EMP002 系统管理员
09:17:51.381 @EMP033 cebfd1559b68d67688884d7a3d3e8c
09:25:40.976 @EMP002 系统管理员
09:25:40.977 @EMP033 cebfd1559b68d67688884d7a3d3e8c
09:38:30.876 @EMP002 系统管理员
09:38:30.877 @EMP033 cebfd1559b68d67688884d7a3d3e8c
09:42:55.399 @EMP002 系统管理员
09:42:55.399 @EMP033 cebfd1559b68d67688884d7a3d3e8c
09:57:16.336 @EMP002 系统管理员
09:57:16.336 @EMP033 cebfd1559b68d67688884d7a3d3e8c
09:59:59.656 @EMP002 系统管理员
09:59:59.657 @EMP033 cebfd1559b68d67688884d7a3d3e8c
10:00:56.926 @EMP002 系统管理员
10:00:56.926 @EMP033 cebfd1559b68d67688884d7a3d3e8c
10:02:27.244 @EMP002 系统管理员
10:02:27.245 @EMP033 cebfd1559b68d67688884d7a3d3e8c
10:08:38.050 @EMP002 系统管理员
10:08:38.051 @EMP033 cebfd1559b68d67688884d7a3d3e8c
10:09:49.110 @PRE002 SD201811140001
10:09:49.110 @PRE003 001
10:09:49.110 @PRE004 JYLF66-S
10:09:49.111 @PRE005 2018/11/26 0:00:00
10:09:49.111 @PRE006 2018/11/30 0:00:00
10:09:49.111 @PRE007 2000
10:09:49.111 @PRE008 200
10:09:49.111 @PRE010 500
10:09:49.111 @idx 228
10:09:49.137 @PRE002 SD201811140001
10:09:49.137 @PRE003 001
10:09:49.137 @PRE004 JYLF66-S
10:09:49.137 @PRE005 2018/11/27 0:00:00
10:09:49.138 @PRE006 2018/11/30 0:00:00
10:09:49.138 @PRE007 2000
10:09:49.138 @PRE008 500
10:09:49.138 @PRE010 500
10:09:49.138 @idx 229
10:09:49.180 @PRE002 SD201811140001
10:09:49.180 @PRE003 001
10:09:49.180 @PRE004 JYLF66-S
10:09:49.180 @PRE005 2018/11/28 0:00:00
10:09:49.180 @PRE006 2018/11/30 0:00:00
10:09:49.180 @PRE007 2000
10:09:49.180 @PRE008 400
10:09:49.181 @PRE010 500
10:09:49.181 @idx 230
10:09:49.197 @PRE002 SD201811140001
10:09:49.197 @PRE003 001
10:09:49.198 @PRE004 JYLF66-S
10:09:49.198 @PRE005 2018/11/29 0:00:00
10:09:49.198 @PRE006 2018/11/30 0:00:00
10:09:49.198 @PRE007 2000
10:09:49.198 @PRE008 106
10:09:49.198 @PRE010 500
10:09:49.198 @idx 231
10:09:49.200 @PRE002 SD201811140001
10:09:49.200 @PRE003 001
10:09:49.200 @PRE004 JYLF66-S
10:09:49.201 @PRE005 2018/11/30 0:00:00
10:09:49.201 @PRE006 2018/11/30 0:00:00
10:09:49.201 @PRE007 2000
10:09:49.201 @PRE008 50
10:09:49.201 @PRE010 500
10:09:49.201 @idx 238
10:09:49.206 @PRE002 SD201811140001
10:09:49.206 @PRE003 001
10:09:49.206 @PRE004 JYLF66-S
10:09:49.206 @PRE005 2018/12/1 0:00:00
10:09:49.206 @PRE006 2018/11/30 0:00:00
10:09:49.207 @PRE007 2000
10:09:49.207 @PRE008 444
10:09:49.207 @PRE010 500
10:09:49.207 @idx 239
10:09:49.208 @PRE002 SD201811140001
10:09:49.209 @PRE003 001
10:09:49.209 @PRE004 JYLF66-S
10:09:49.209 @PRE005 2018/12/2 0:00:00
10:09:49.209 @PRE006 2018/11/30 0:00:00
10:09:49.209 @PRE007 2000
10:09:49.209 @PRE008 0
10:09:49.209 @PRE010 500
10:09:49.210 @idx 240
10:13:29.642 @EMP002 系统管理员
10:13:29.642 @EMP033 cebfd1559b68d67688884d7a3d3e8c
10:29:30.279 @EMP002 系统管理员
10:29:30.280 @EMP033 cebfd1559b68d67688884d7a3d3e8c
10:30:48.172 @PRE002 SD201811140001
10:30:48.172 @PRE003 001
10:30:48.173 @PRE004 JYLF66-S
10:30:48.173 @PRE005 2018/11/26 0:00:00
10:30:48.173 @PRE006 2018/11/30 0:00:00
10:30:48.173 @PRE007 2000
10:30:48.173 @PRE008 200
10:30:48.173 @PRE010 500
10:30:48.174 @idx 228
10:30:48.197 @PRE002 SD201811140001
10:30:48.197 @PRE003 001
10:30:48.197 @PRE004 JYLF66-S
10:30:48.197 @PRE005 2018/11/27 0:00:00
10:30:48.197 @PRE006 2018/11/30 0:00:00
10:30:48.197 @PRE007 2000
10:30:48.197 @PRE008 400
10:30:48.198 @PRE010 500
10:30:48.198 @idx 229
10:30:48.206 @PRE002 SD201811140001
10:30:48.207 @PRE003 001
10:30:48.207 @PRE004 JYLF66-S
10:30:48.207 @PRE005 2018/11/28 0:00:00
10:30:48.207 @PRE006 2018/11/30 0:00:00
10:30:48.207 @PRE007 2000
10:30:48.207 @PRE008 400
10:30:48.208 @PRE010 500
10:30:48.208 @idx 230
10:30:48.211 @PRE002 SD201811140001
10:30:48.211 @PRE003 001
10:30:48.212 @PRE004 JYLF66-S
10:30:48.212 @PRE005 2018/11/29 0:00:00
10:30:48.212 @PRE006 2018/11/30 0:00:00
10:30:48.212 @PRE007 2000
10:30:48.212 @PRE008 246
10:30:48.212 @PRE010 500
10:30:48.213 @idx 231
10:30:48.214 @PRE002 SD201811140001
10:30:48.214 @PRE003 001
10:30:48.215 @PRE004 JYLF66-S
10:30:48.215 @PRE005 2018/11/30 0:00:00
10:30:48.215 @PRE006 2018/11/30 0:00:00
10:30:48.215 @PRE007 2000
10:30:48.215 @PRE008 29
10:30:48.215 @PRE010 500
10:30:48.216 @idx 238
10:30:48.217 @PRE002 SD201811140001
10:30:48.217 @PRE003 001
10:30:48.217 @PRE004 JYLF66-S
10:30:48.218 @PRE005 2018/12/1 0:00:00
10:30:48.218 @PRE006 2018/11/30 0:00:00
10:30:48.218 @PRE007 2000
10:30:48.218 @PRE008 325
10:30:48.218 @PRE010 500
10:30:48.218 @idx 239
10:30:48.220 @PRE002 SD201811140001
10:30:48.220 @PRE003 001
10:30:48.220 @PRE004 JYLF66-S
10:30:48.220 @PRE005 2018/12/2 0:00:00
10:30:48.221 @PRE006 2018/11/30 0:00:00
10:30:48.221 @PRE007 2000
10:30:48.221 @PRE008 100
10:30:48.221 @PRE010 500
10:30:48.221 @idx 240
10:31:00.540 @PRE002 SD201811140001
10:31:00.541 @PRE003 001
10:31:00.541 @PRE004 JYLF66-S
10:31:00.542 @PRE005 2018/11/26 0:00:00
10:31:00.542 @PRE006 2018/11/30 0:00:00
10:31:00.543 @PRE007 2000
10:31:00.543 @PRE008 200
10:31:00.543 @PRE010 500
10:31:00.544 @idx 228
10:31:00.556 @PRE002 SD201811140001
10:31:00.556 @PRE003 001
10:31:00.556 @PRE004 JYLF66-S
10:31:00.557 @PRE005 2018/11/27 0:00:00
10:31:00.557 @PRE006 2018/11/30 0:00:00
10:31:00.557 @PRE007 2000
10:31:00.557 @PRE008 400
10:31:00.558 @PRE010 500
10:31:00.558 @idx 229
10:31:00.562 @PRE002 SD201811140001
10:31:00.562 @PRE003 001
10:31:00.562 @PRE004 JYLF66-S
10:31:00.563 @PRE005 2018/11/28 0:00:00
10:31:00.563 @PRE006 2018/11/30 0:00:00
10:31:00.563 @PRE007 2000
10:31:00.563 @PRE008 400
10:31:00.564 @PRE010 500
10:31:00.564 @idx 230
10:31:00.568 @PRE002 SD201811140001
10:31:00.569 @PRE003 001
10:31:00.569 @PRE004 JYLF66-S
10:31:00.569 @PRE005 2018/11/29 0:00:00
10:31:00.569 @PRE006 2018/11/30 0:00:00
10:31:00.569 @PRE007 2000
10:31:00.569 @PRE008 246
10:31:00.569 @PRE010 500
10:31:00.570 @idx 231
10:31:00.571 @PRE002 SD201811140001
10:31:00.571 @PRE003 001
10:31:00.571 @PRE004 JYLF66-S
10:31:00.572 @PRE005 2018/11/30 0:00:00
10:31:00.572 @PRE006 2018/11/30 0:00:00
10:31:00.572 @PRE007 2000
10:31:00.572 @PRE008 29
10:31:00.572 @PRE010 500
10:31:00.572 @idx 238
10:31:00.574 @PRE002 SD201811140001
10:31:00.574 @PRE003 001
10:31:00.574 @PRE004 JYLF66-S
10:31:00.574 @PRE005 2018/12/1 0:00:00
10:31:00.574 @PRE006 2018/11/30 0:00:00
10:31:00.574 @PRE007 2000
10:31:00.575 @PRE008 325
10:31:00.575 @PRE010 500
10:31:00.575 @idx 239
10:31:00.577 @PRE002 SD201811140001
10:31:00.577 @PRE003 001
10:31:00.578 @PRE004 JYLF66-S
10:31:00.578 @PRE005 2018/12/2 0:00:00
10:31:00.578 @PRE006 2018/11/30 0:00:00
10:31:00.578 @PRE007 2000
10:31:00.578 @PRE008 100
10:31:00.578 @PRE010 500
10:31:00.579 @idx 240
10:40:25.952 @EMP002 系统管理员
10:40:25.953 @EMP033 cebfd1559b68d67688884d7a3d3e8c
10:41:28.169 @PRE002 SD201811140001
10:41:28.169 @PRE003 001
10:41:28.169 @PRE004 JYLF66-S
10:41:28.170 @PRE005 2018/11/26 0:00:00
10:41:28.170 @PRE006 2018/11/30 0:00:00
10:41:28.170 @PRE007 2000
10:41:28.170 @PRE008 200
10:41:28.170 @PRE010 500
10:41:28.170 @idx 228
10:41:28.198 @PRE002 SD201811140001
10:41:28.198 @PRE003 001
10:41:28.198 @PRE004 JYLF66-S
10:41:28.199 @PRE005 2018/11/27 0:00:00
10:41:28.199 @PRE006 2018/11/30 0:00:00
10:41:28.199 @PRE007 2000
10:41:28.200 @PRE008 400
10:41:28.201 @PRE010 500
10:41:28.202 @idx 229
10:41:28.204 @PRE002 SD201811140001
10:41:28.204 @PRE003 001
10:41:28.204 @PRE004 JYLF66-S
10:41:28.204 @PRE005 2018/11/28 0:00:00
10:41:28.204 @PRE006 2018/11/30 0:00:00
10:41:28.204 @PRE007 2000
10:41:28.204 @PRE008 400
10:41:28.204 @PRE010 500
10:41:28.205 @idx 230
10:41:28.208 @PRE002 SD201811140001
10:41:28.209 @PRE003 001
10:41:28.209 @PRE004 JYLF66-S
10:41:28.209 @PRE005 2018/11/29 0:00:00
10:41:28.209 @PRE006 2018/11/30 0:00:00
10:41:28.209 @PRE007 2000
10:41:28.210 @PRE008 246
10:41:28.210 @PRE010 500
10:41:28.210 @idx 231
10:41:28.212 @PRE002 SD201811140001
10:41:28.213 @PRE003 001
10:41:28.213 @PRE004 JYLF66-S
10:41:28.213 @PRE005 2018/11/30 0:00:00
10:41:28.213 @PRE006 2018/11/30 0:00:00
10:41:28.213 @PRE007 2000
10:41:28.213 @PRE008 29
10:41:28.213 @PRE010 500
10:41:28.214 @idx 238
10:41:28.215 @PRE002 SD201811140001
10:41:28.216 @PRE003 001
10:41:28.216 @PRE004 JYLF66-S
10:41:28.216 @PRE005 2018/12/1 0:00:00
10:41:28.216 @PRE006 2018/11/30 0:00:00
10:41:28.216 @PRE007 2000
10:41:28.216 @PRE008 385
10:41:28.216 @PRE010 500
10:41:28.217 @idx 239
10:41:28.218 @PRE002 SD201811140001
10:41:28.219 @PRE003 001
10:41:28.219 @PRE004 JYLF66-S
10:41:28.219 @PRE005 2018/12/2 0:00:00
10:41:28.219 @PRE006 2018/11/30 0:00:00
10:41:28.219 @PRE007 2000
10:41:28.219 @PRE008 40
10:41:28.219 @PRE010 500
10:41:28.219 @idx 240
10:48:24.918 @EMP002 系统管理员
10:48:24.919 @EMP033 cebfd1559b68d67688884d7a3d3e8c
10:49:35.271 @EMP002 系统管理员
10:49:35.271 @EMP033 cebfd1559b68d67688884d7a3d3e8c
10:54:41.800 @EMP002 系统管理员
10:54:41.801 @EMP033 cebfd1559b68d67688884d7a3d3e8c
10:56:58.361 @EMP002 系统管理员
10:56:58.362 @EMP033 9a8c81d725487994c0d96cd6d238469
10:57:01.727 @EMP002 系统管理员
10:57:01.727 @EMP033 cebfd1559b68d67688884d7a3d3e8c
11:00:02.519 @EMP002 系统管理员
11:00:02.520 @EMP033 cebfd1559b68d67688884d7a3d3e8c
11:00:31.749 @PRF001 JYLF66-S
11:00:31.750 @PRF002 2018/11/26 0:00:00
11:00:31.750 @PRF003 200
11:00:31.757 @PRF001 JYLF66-S
11:00:31.757 @PRF002 2018/11/27 0:00:00
11:00:31.758 @PRF003 100
11:00:31.761 @PRF001 JYLF66-S
11:00:31.762 @PRF002 2018/11/28 0:00:00
11:00:31.762 @PRF003 100
11:00:31.765 @PRF001 JYLF66-S
11:00:31.766 @PRF002 2018/11/29 0:00:00
11:00:31.766 @PRF003 200
11:00:31.768 @PRF001 JYLF66-S
11:00:31.768 @PRF002 2018/11/30 0:00:00
11:00:31.768 @PRF003 960
11:00:31.769 @PRF001 JYLF66-S
11:00:31.770 @PRF002 2018/12/1 0:00:00
11:00:31.770 @PRF003 100
11:00:31.773 @PRF001 JYLF66-S
11:00:31.773 @PRF002 2018/12/2 0:00:00
11:00:31.773 @PRF003 40
