09:50:17.665 @EMP002 系统管理员
09:50:17.665 @EMP033 cebfd1559b68d67688884d7a3d3e8c
10:22:43.479 @SAA001 PL201812070001
10:22:43.479 @SAA002 
10:22:43.479 @SAA003 20181207
10:22:43.479 @SAA004 DS
10:22:43.479 @SAA005 06
10:22:43.479 @SAA006 
10:22:43.479 @SAA013 F
10:22:43.479 @SAA014 
10:22:43.479 @SAA901 DS
10:22:43.479 @SAA902 20181207
10:22:43.510 @SAB001 PL201812070001
10:22:43.510 @SAB002 001
10:22:43.510 @SAB003 HYB-KW624A
10:22:43.510 @SAB004 HYB-KW624A-60*30风暖三合一
10:22:43.510 @SAB005 
10:22:43.510 @SAB006 台
10:22:43.510 @SAB007 1500
10:22:43.510 @SAB009 20181207
10:22:43.510 @SAB010 20181207
10:22:43.510 @SAB011 F
10:22:43.510 @SAB019 F
10:22:43.510 @SAB020 32
10:22:43.510 @SAB901 DS
10:22:43.510 @SAB902 20181207
10:22:43.510 @SAB021 SD201810160003
10:22:43.510 @SAB022 001
10:22:43.541 @SAC001 PL201812070001
10:22:43.541 @SAC002 001
10:22:43.541 @SAC003 001
10:22:43.541 @SAC004 201171511
10:22:43.541 @SAC005 HYB-KW624A成品面板-LED
10:22:43.541 @SAC006 
10:22:43.541 @SAC007 PCS
10:22:43.541 @SAC008 003
10:22:43.541 @SAC009 1500
10:22:43.557 @SAC001 PL201812070001
10:22:43.557 @SAC002 001
10:22:43.557 @SAC003 002
10:22:43.557 @SAC004 104020217
10:22:43.557 @SAC005 白色530*820包装袋
10:22:43.557 @SAC006 
10:22:43.557 @SAC007 PCS
10:22:43.557 @SAC008 006
10:22:43.557 @SAC009 1500
10:22:43.557 @SAC001 PL201812070001
10:22:43.557 @SAC002 001
10:22:43.557 @SAC003 003
10:22:43.557 @SAC004 201201280
10:22:43.557 @SAC005 21F后出风
10:22:43.557 @SAC006 白色/无LOGO
10:22:43.557 @SAC007 PCS
10:22:43.557 @SAC008 005
10:22:43.557 @SAC009 1500
10:22:43.557 @SAC001 PL201812070001
10:22:43.557 @SAC002 001
10:22:43.557 @SAC003 004
10:22:43.557 @SAC004 201121148
10:22:43.557 @SAC005 F130箱体中板
10:22:43.557 @SAC006 白色
10:22:43.557 @SAC007 PCS
10:22:43.557 @SAC008 005
10:22:43.557 @SAC009 1500
10:22:43.557 @SAC001 PL201812070001
10:22:43.557 @SAC002 001
10:22:43.557 @SAC003 005
10:22:43.557 @SAC004 201101181
10:22:43.557 @SAC005 F63-S驱动盖板
10:22:43.557 @SAC006 白色
10:22:43.557 @SAC007 PCS
10:22:43.557 @SAC008 005
10:22:43.557 @SAC009 1500
10:22:43.557 @SAC001 PL201812070001
10:22:43.557 @SAC002 001
10:22:43.557 @SAC003 006
10:22:43.557 @SAC004 201101182
10:22:43.557 @SAC005 F130接线盖
10:22:43.557 @SAC006 白色
10:22:43.557 @SAC007 PCS
10:22:43.557 @SAC008 005
10:22:43.557 @SAC009 1500
10:22:43.572 @SAC001 PL201812070001
10:22:43.572 @SAC002 001
10:22:43.572 @SAC003 007
10:22:43.572 @SAC004 105131713
10:22:43.572 @SAC005 明丰8-12-240驱动
10:22:43.572 @SAC006 电流走上线315mA，铭牌标识300mA(输入线要求0.5mm2)
10:22:43.572 @SAC007 PCS
10:22:43.572 @SAC008 006
10:22:43.572 @SAC009 1500
10:22:43.572 @SAC001 PL201812070001
10:22:43.572 @SAC002 001
10:22:43.572 @SAC003 008
10:22:43.572 @SAC004 201231255
10:22:43.572 @SAC005 F62-S二代PTC支架
10:22:43.572 @SAC006 
10:22:43.572 @SAC007 PCS
10:22:43.572 @SAC008 005
10:22:43.572 @SAC009 1500
10:22:43.572 @SAC001 PL201812070001
10:22:43.572 @SAC002 001
10:22:43.572 @SAC003 009
10:22:43.572 @SAC004 201231253
10:22:43.572 @SAC005 F62导风件
10:22:43.572 @SAC006 
10:22:43.572 @SAC007 PCS
10:22:43.572 @SAC008 005
10:22:43.572 @SAC009 1500
10:22:43.572 @SAC001 PL201812070001
10:22:43.572 @SAC002 001
10:22:43.572 @SAC003 010
10:22:43.572 @SAC004 201231256
10:22:43.572 @SAC005 F62-S二代PTC保护罩
10:22:43.572 @SAC006 
10:22:43.572 @SAC007 PCS
10:22:43.572 @SAC008 005
10:22:43.572 @SAC009 1500
10:22:43.572 @SAC001 PL201812070001
10:22:43.572 @SAC002 001
10:22:43.572 @SAC003 011
10:22:43.572 @SAC004 105060830
10:22:43.572 @SAC005 2400W发热块
10:22:43.572 @SAC006 60*156*24mm,+0,-0.5mm
10:22:43.572 @SAC007 PCS
10:22:43.572 @SAC008 006
10:22:43.572 @SAC009 1500
10:22:43.572 @SAC001 PL201812070001
10:22:43.572 @SAC002 001
10:22:43.572 @SAC003 012
10:22:43.588 @SAC004 105160895
10:22:43.588 @SAC005 常闭105度温控器/平脚
10:22:43.588 @SAC006 16A
10:22:43.588 @SAC007 PCS
10:22:43.588 @SAC008 006
10:22:43.588 @SAC009 1500
10:22:43.588 @SAC001 PL201812070001
10:22:43.588 @SAC002 001
10:22:43.588 @SAC003 013
10:22:43.588 @SAC004 105041660
10:22:43.588 @SAC005 F62-40双向滚珠电机
10:22:43.588 @SAC006 红/黑/蓝200mm
10:22:43.588 @SAC007 PCS
10:22:43.588 @SAC008 006
10:22:43.588 @SAC009 1500
10:22:43.588 @SAC001 PL201812070001
10:22:43.588 @SAC002 001
10:22:43.588 @SAC003 014
10:22:43.588 @SAC004 201091128
10:22:43.588 @SAC005 F62双向风轮
10:22:43.588 @SAC006 
10:22:43.588 @SAC007 PCS
10:22:43.588 @SAC008 005
10:22:43.588 @SAC009 1500
10:22:43.588 @SAC001 PL201812070001
10:22:43.588 @SAC002 001
10:22:43.588 @SAC003 015
10:22:43.588 @SAC004 102080086
10:22:43.588 @SAC005 防松螺母
10:22:43.588 @SAC006 M8
10:22:43.588 @SAC007 PCS
10:22:43.588 @SAC008 001
10:22:43.588 @SAC009 1500
10:22:43.588 @SAC001 PL201812070001
10:22:43.588 @SAC002 001
10:22:43.588 @SAC003 016
10:22:43.588 @SAC004 102060067
10:22:43.588 @SAC005 M4*6圆头铜螺丝
10:22:43.588 @SAC006 
10:22:43.588 @SAC007 PCS
10:22:43.588 @SAC008 001
10:22:43.588 @SAC009 1500
10:22:43.588 @SAC001 PL201812070001
10:22:43.588 @SAC002 001
10:22:43.588 @SAC003 017
10:22:43.588 @SAC004 102080083
10:22:43.588 @SAC005 Φ4铜螺帽
10:22:43.588 @SAC006 
10:22:43.588 @SAC007 PCS
10:22:43.588 @SAC008 001
10:22:43.588 @SAC009 1500
10:22:43.603 @SAC001 PL201812070001
10:22:43.603 @SAC002 001
10:22:43.603 @SAC003 018
10:22:43.603 @SAC004 105110854
10:22:43.603 @SAC005 2.5平方9档精品接线柱
10:22:43.603 @SAC006 TPJ-B，2.5mm2 250V ~
10:22:43.603 @SAC007 PCS
10:22:43.603 @SAC008 006
10:22:43.603 @SAC009 1500
10:22:43.603 @SAC001 PL201812070001
10:22:43.603 @SAC002 001
10:22:43.603 @SAC003 019
10:22:43.603 @SAC004 201211250
10:22:43.603 @SAC005 通用压线条
10:22:43.603 @SAC006 
10:22:43.603 @SAC007 PCS
10:22:43.603 @SAC008 005
10:22:43.603 @SAC009 1500
10:22:43.603 @SAC001 PL201812070001
10:22:43.603 @SAC002 001
10:22:43.603 @SAC003 020
10:22:43.603 @SAC004 105050821
10:22:43.603 @SAC005 1μF电容
10:22:43.603 @SAC006 1μF/引出线12cm
10:22:43.603 @SAC007 PCS
10:22:43.603 @SAC008 006
10:22:43.603 @SAC009 1500
10:22:43.603 @SAC001 PL201812070001
10:22:43.603 @SAC002 001
10:22:43.603 @SAC003 021
10:22:43.603 @SAC004 106140007
10:22:43.603 @SAC005 QLT-K11-5AB-B开关
10:22:43.603 @SAC006 
10:22:43.603 @SAC007 PCS
10:22:43.603 @SAC008 006
10:22:43.603 @SAC009 1500
10:22:43.603 @SAC001 PL201812070001
10:22:43.603 @SAC002 001
10:22:43.603 @SAC003 022
10:22:43.603 @SAC004 106110959
10:22:43.603 @SAC005 3.5公分白色开关盒
10:22:43.603 @SAC006 
10:22:43.603 @SAC007 PCS
10:22:43.603 @SAC008 006
10:22:43.603 @SAC009 1500
10:22:43.603 @SAC001 PL201812070001
10:22:43.619 @SAC002 001
10:22:43.619 @SAC003 023
10:22:43.619 @SAC004 106091703
10:22:43.619 @SAC005 海尔FG12-5-B01防水盖
10:22:43.619 @SAC006 照明+换气+吹风+取暖Ⅰ+取暖Ⅱ
10:22:43.619 @SAC007 PCS
10:22:43.619 @SAC008 006
10:22:43.619 @SAC009 1500
10:22:43.619 @SAC001 PL201812070001
10:22:43.619 @SAC002 001
10:22:43.619 @SAC003 024
10:22:43.619 @SAC004 103021695
10:22:43.619 @SAC005 白色30公分六芯电源线
10:22:43.619 @SAC006 棕1.5mm/（红/黄）2*1mm/(绿/白/黑)3*0.75mm
10:22:43.619 @SAC007 PCS
10:22:43.619 @SAC008 001
10:22:43.619 @SAC009 1500
10:22:43.619 @SAC001 PL201812070001
10:22:43.619 @SAC002 001
10:22:43.619 @SAC003 025
10:22:43.619 @SAC004 103030193
10:22:43.619 @SAC005 白色二脚插35公分（棕蓝）
10:22:43.619 @SAC006 2*1.5*35cm棕蓝
10:22:43.619 @SAC007 PCS
10:22:43.619 @SAC008 001
10:22:43.619 @SAC009 1500
10:22:43.619 @SAC001 PL201812070001
10:22:43.619 @SAC002 001
10:22:43.619 @SAC003 026
10:22:43.619 @SAC004 104060309
10:22:43.619 @SAC005 试机警告
10:22:43.619 @SAC006 80*20mm
10:22:43.619 @SAC007 PCS
10:22:43.619 @SAC008 008
10:22:43.619 @SAC009 3000
10:22:43.619 @SAC001 PL201812070001
10:22:43.619 @SAC002 001
10:22:43.619 @SAC003 027
10:22:43.619 @SAC004 103011601
10:22:43.619 @SAC005 2450内部线
10:22:43.619 @SAC006 见图纸
10:22:43.619 @SAC007 套
10:22:43.619 @SAC008 001
10:22:43.619 @SAC009 1500
10:22:43.619 @SAC001 PL201812070001
10:22:43.619 @SAC002 001
10:22:43.619 @SAC003 028
10:22:43.619 @SAC004 102120089
10:22:43.619 @SAC005 Φ5压线帽 铝
10:22:43.619 @SAC006 CE5X
10:22:43.619 @SAC007 PCS
10:22:43.619 @SAC008 001
10:22:43.619 @SAC009 1500
10:22:43.635 @SAC001 PL201812070001
10:22:43.635 @SAC002 001
10:22:43.635 @SAC003 029
10:22:43.635 @SAC004 102060069
10:22:43.635 @SAC005 龙骨卡扣螺丝包
10:22:43.635 @SAC006 带4*20螺丝
10:22:43.635 @SAC007 PCS
10:22:43.635 @SAC008 001
10:22:43.635 @SAC009 1500
10:22:43.635 @SAC001 PL201812070001
10:22:43.635 @SAC002 001
10:22:43.635 @SAC003 030
10:22:43.635 @SAC004 107010960
10:22:43.635 @SAC005 10公分豪华出风窗
10:22:43.635 @SAC006 
10:22:43.635 @SAC007 PCS
10:22:43.635 @SAC008 005
10:22:43.635 @SAC009 1500
10:22:43.635 @SAC001 PL201812070001
10:22:43.635 @SAC002 001
10:22:43.635 @SAC003 031
10:22:43.635 @SAC004 107110995
10:22:43.635 @SAC005 锡箔管10*10*150
10:22:43.635 @SAC006 
10:22:43.635 @SAC007 PCS
10:22:43.635 @SAC008 004
10:22:43.635 @SAC009 1500
10:22:43.635 @SAC001 PL201812070001
10:22:43.635 @SAC002 001
10:22:43.635 @SAC003 032
10:22:43.635 @SAC004 102010051
10:22:43.635 @SAC005 10公分不锈钢抱箍
10:22:43.635 @SAC006 
10:22:43.635 @SAC007 PCS
10:22:43.635 @SAC008 001
10:22:43.635 @SAC009 3000
10:22:43.635 @SAC001 PL201812070001
10:22:43.635 @SAC002 001
10:22:43.635 @SAC003 033
10:22:43.635 @SAC004 104114029
10:22:43.635 @SAC005 17-2泡沫
10:22:43.635 @SAC006 
10:22:43.635 @SAC007 套
10:22:43.635 @SAC008 004
10:22:43.635 @SAC009 1500
10:22:43.635 @SAC001 PL201812070001
10:22:43.635 @SAC002 001
10:22:43.635 @SAC003 034
10:22:43.635 @SAC004 104061932
10:22:43.635 @SAC005 HYB-KW624A铭牌
10:22:43.650 @SAC006 
10:22:43.650 @SAC007 PCS
10:22:43.650 @SAC008 008
10:22:43.650 @SAC009 1500
10:22:43.650 @SAC001 PL201812070001
10:22:43.650 @SAC002 001
10:22:43.650 @SAC003 035
10:22:43.650 @SAC004 104101726
10:22:43.650 @SAC005 海尔HYB-KW624C内箱
10:22:43.650 @SAC006 665*235*435mm牛皮纸
10:22:43.650 @SAC007 PCS
10:22:43.650 @SAC008 009
10:22:43.650 @SAC009 1500
10:22:43.650 @SAC001 PL201812070001
10:22:43.650 @SAC002 001
10:22:43.650 @SAC003 036
10:22:43.650 @SAC004 104174110
10:22:43.650 @SAC005 海尔HYB-KW624C外箱
10:22:43.650 @SAC006 685*490*455mm/双瓦牛皮纸
10:22:43.650 @SAC007 PCS
10:22:43.650 @SAC008 009
10:22:43.650 @SAC009 1500
10:22:43.650 @SAC001 PL201812070001
10:22:43.650 @SAC002 001
10:22:43.650 @SAC003 037
10:22:43.650 @SAC004 109041087
10:22:43.650 @SAC005 200*270自封袋
10:22:43.650 @SAC006 
10:22:43.650 @SAC007 PCS
10:22:43.650 @SAC008 002
10:22:43.650 @SAC009 1500
10:22:43.650 @SAC001 PL201812070001
10:22:43.650 @SAC002 001
10:22:43.650 @SAC003 038
10:22:43.650 @SAC004 103021667
10:22:43.650 @SAC005 50mm转接线
10:22:43.650 @SAC006 1.5mm,L=50mm
10:22:43.650 @SAC007 PCS
10:22:43.650 @SAC008 001
10:22:43.650 @SAC009 1500
10:22:43.650 @SAC001 PL201812070001
10:22:43.650 @SAC002 001
10:22:43.650 @SAC003 039
10:22:43.650 @SAC004 104131715
10:22:43.650 @SAC005 海尔电器说明书
10:22:43.650 @SAC006 
10:22:43.650 @SAC007 PCS
10:22:43.650 @SAC008 006
10:22:43.650 @SAC009 1500
10:22:43.650 @SAC001 PL201812070001
10:22:43.650 @SAC002 001
10:22:43.666 @SAC003 040
10:22:43.666 @SAC004 104071676
10:22:43.666 @SAC005 海尔合格证
10:22:43.666 @SAC006 
10:22:43.666 @SAC007 PCS
10:22:43.666 @SAC008 008
10:22:43.666 @SAC009 1500
10:22:43.666 @SAC001 PL201812070001
10:22:43.666 @SAC002 001
10:22:43.666 @SAC003 041
10:22:43.666 @SAC004 103011561
10:22:43.666 @SAC005 引线1mm2
10:22:43.666 @SAC006 L=8cm
10:22:43.666 @SAC007 PCS
10:22:43.666 @SAC008 001
10:22:43.666 @SAC009 1500
10:22:43.666 @SAC001 PL201812070001
10:22:43.666 @SAC002 001
10:22:43.666 @SAC003 042
10:22:43.666 @SAC004 104061933
10:22:43.666 @SAC005 海尔安全接线提示卡
10:22:43.666 @SAC006 
10:22:43.666 @SAC007 PCS
10:22:43.666 @SAC008 006
10:22:43.666 @SAC009 1500
10:22:43.666 @SAC001 PL201812070001
10:22:43.666 @SAC002 001
10:22:43.666 @SAC003 043
10:22:43.666 @SAC004 104160680
10:22:43.666 @SAC005 开关接线警告透明贴
10:22:43.666 @SAC006 40*40mm
10:22:43.666 @SAC007 PCS
10:22:43.666 @SAC008 008
10:22:43.666 @SAC009 1500
10:22:43.666 @SAC001 PL201812070001
10:22:43.666 @SAC002 001
10:22:43.666 @SAC003 044
10:22:43.666 @SAC004 104061934
10:22:43.666 @SAC005 海尔撕毁标贴
10:22:43.666 @SAC006 
10:22:43.666 @SAC007 PCS
10:22:43.666 @SAC008 006
10:22:43.666 @SAC009 1500
10:22:43.666 @SAC001 PL201812070001
10:22:43.666 @SAC002 001
10:22:43.666 @SAC003 045
10:22:43.666 @SAC004 104061935
10:22:43.666 @SAC005 海尔封箱贴纸
10:22:43.666 @SAC006 
10:22:43.666 @SAC007 PCS
10:22:43.666 @SAC008 006
10:22:43.681 @SAC009 1500
10:41:12.208 @PRG001 HYB-KW624A
10:41:12.208 @PRG002 2018/12/5 0:00:00
10:41:12.208 @PRG004 050701
10:41:12.208 @PRG005 1线
10:41:12.208 @PRG006 100
10:41:12.208 @PRG001 HYB-KW624A
10:41:12.208 @PRG002 2018/12/5 0:00:00
10:41:12.208 @PRG004 050702
10:41:12.208 @PRG005 2线
10:41:12.208 @PRG006 100
10:41:12.208 @PRG001 HYB-KW624A
10:41:12.208 @PRG002 2018/12/5 0:00:00
10:41:12.208 @PRG004 050703
10:41:12.208 @PRG005 3线
10:41:12.208 @PRG006 100
10:41:12.208 @PRG001 HYB-KW624A
10:41:12.208 @PRG002 2018/12/5 0:00:00
10:41:12.208 @PRG004 050704
10:41:12.223 @PRG005 4线
10:41:12.223 @PRG006 100
10:41:12.223 @PRG001 HYB-KW624A
10:41:12.223 @PRG002 2018/12/5 0:00:00
10:41:12.223 @PRG004 050705
10:41:12.223 @PRG005 5线
10:41:12.223 @PRG006 100
10:41:12.223 @PRG001 HYB-KW624A
10:41:12.223 @PRG002 2018/12/5 0:00:00
10:41:12.223 @PRG004 050706
10:41:12.223 @PRG005 6线
10:41:12.223 @PRG006 100
10:41:12.223 @PRG001 HYB-KW624A
10:41:12.223 @PRG002 2018/12/5 0:00:00
10:41:12.223 @PRG004 050707
10:41:12.223 @PRG005 7线
10:41:12.223 @PRG006 100
10:41:12.223 @PRG001 HYB-KW624A
10:41:12.239 @PRG002 2018/12/5 0:00:00
10:41:12.239 @PRG004 050710
10:41:12.239 @PRG005 8线
10:41:12.239 @PRG006 100
10:41:12.239 @PRG001 HYB-KW624A
10:41:12.239 @PRG002 2018/12/6 0:00:00
10:41:12.239 @PRG004 050701
10:41:12.239 @PRG005 1线
10:41:12.239 @PRG006 1000
10:41:12.239 @PRG001 HYB-KW624A
10:41:12.239 @PRG002 2018/12/6 0:00:00
10:41:12.239 @PRG004 050702
10:41:12.239 @PRG005 2线
10:41:12.239 @PRG006 1000
10:41:12.239 @PRG001 HYB-KW624A
10:41:12.239 @PRG002 2018/12/6 0:00:00
10:41:12.239 @PRG004 050703
10:41:12.239 @PRG005 3线
10:41:12.239 @PRG006 1000
10:41:12.239 @PRG001 HYB-KW624A
10:41:12.239 @PRG002 2018/12/6 0:00:00
10:41:12.239 @PRG004 050704
10:41:12.239 @PRG005 4线
10:41:12.239 @PRG006 1000
10:41:12.239 @PRG001 HYB-KW624A
10:41:12.239 @PRG002 2018/12/6 0:00:00
10:41:12.239 @PRG004 050705
10:41:12.239 @PRG005 5线
10:41:12.239 @PRG006 1000
10:41:12.239 @PRG001 HYB-KW624A
10:41:12.239 @PRG002 2018/12/6 0:00:00
10:41:12.239 @PRG004 050706
10:41:12.239 @PRG005 6线
10:41:12.239 @PRG006 1000
10:41:12.255 @PRG001 HYB-KW624A
10:41:12.255 @PRG002 2018/12/6 0:00:00
10:41:12.255 @PRG004 050707
10:41:12.255 @PRG005 7线
10:41:12.255 @PRG006 1000
10:41:12.255 @PRG001 HYB-KW624A
10:41:12.255 @PRG002 2018/12/6 0:00:00
10:41:12.255 @PRG004 050710
10:41:12.255 @PRG005 8线
10:41:12.255 @PRG006 1000
10:41:12.255 @PRG001 HYB-KW624A
10:41:12.255 @PRG002 2018/12/7 0:00:00
10:41:12.255 @PRG004 050701
10:41:12.255 @PRG005 1线
10:41:12.255 @PRG006 1100
10:41:12.255 @PRG001 HYB-KW624A
10:41:12.255 @PRG002 2018/12/7 0:00:00
10:41:12.255 @PRG004 050702
10:41:12.255 @PRG005 2线
10:41:12.255 @PRG006 1100
10:41:12.255 @PRG001 HYB-KW624A
10:41:12.255 @PRG002 2018/12/7 0:00:00
10:41:12.255 @PRG004 050703
10:41:12.255 @PRG005 3线
10:41:12.255 @PRG006 1100
10:41:12.255 @PRG001 HYB-KW624A
10:41:12.255 @PRG002 2018/12/7 0:00:00
10:41:12.255 @PRG004 050704
10:41:12.255 @PRG005 4线
10:41:12.255 @PRG006 1100
10:41:12.255 @PRG001 HYB-KW624A
10:41:12.255 @PRG002 2018/12/7 0:00:00
10:41:12.255 @PRG004 050705
10:41:12.255 @PRG005 5线
10:41:12.255 @PRG006 1100
10:41:12.255 @PRG001 HYB-KW624A
10:41:12.270 @PRG002 2018/12/7 0:00:00
10:41:12.270 @PRG004 050706
10:41:12.270 @PRG005 6线
10:41:12.270 @PRG006 1100
10:41:12.270 @PRG001 HYB-KW624A
10:41:12.270 @PRG002 2018/12/7 0:00:00
10:41:12.270 @PRG004 050707
10:41:12.270 @PRG005 7线
10:41:12.270 @PRG006 1100
10:41:12.270 @PRG001 HYB-KW624A
10:41:12.270 @PRG002 2018/12/7 0:00:00
10:41:12.270 @PRG004 050710
10:41:12.270 @PRG005 8线
10:41:12.270 @PRG006 1100
10:41:12.270 @PRG001 HYB-KW624A
10:41:12.270 @PRG002 2018/12/8 0:00:00
10:41:12.270 @PRG004 050701
10:41:12.270 @PRG005 1线
10:41:12.270 @PRG006 400
10:41:12.270 @PRG001 HYB-KW624A
10:41:12.270 @PRG002 2018/12/8 0:00:00
10:41:12.270 @PRG004 050702
10:41:12.270 @PRG005 2线
10:41:12.270 @PRG006 400
10:41:12.270 @PRG001 HYB-KW624A
10:41:12.270 @PRG002 2018/12/8 0:00:00
10:41:12.286 @PRG004 050703
10:41:12.286 @PRG005 3线
10:41:12.286 @PRG006 400
10:41:12.286 @PRG001 HYB-KW624A
10:41:12.286 @PRG002 2018/12/8 0:00:00
10:41:12.286 @PRG004 050704
10:41:12.286 @PRG005 4线
10:41:12.286 @PRG006 400
10:41:12.286 @PRG001 HYB-KW624A
10:41:12.286 @PRG002 2018/12/8 0:00:00
10:41:12.286 @PRG004 050705
10:41:12.286 @PRG005 5线
10:41:12.286 @PRG006 400
10:41:12.286 @PRG001 HYB-KW624A
10:41:12.286 @PRG002 2018/12/8 0:00:00
10:41:12.286 @PRG004 050706
10:41:12.286 @PRG005 6线
10:41:12.286 @PRG006 400
10:41:12.286 @PRG001 HYB-KW624A
10:41:12.286 @PRG002 2018/12/8 0:00:00
10:41:12.286 @PRG004 050707
10:41:12.286 @PRG005 7线
10:41:12.286 @PRG006 400
10:41:12.286 @PRG001 HYB-KW624A
10:41:12.286 @PRG002 2018/12/8 0:00:00
10:41:12.286 @PRG004 050710
10:41:12.286 @PRG005 8线
10:41:12.286 @PRG006 400
10:41:12.286 @PRG001 HYB-KW624A
10:41:12.286 @PRG002 2018/12/9 0:00:00
10:41:12.286 @PRG004 050701
10:41:12.286 @PRG005 1线
10:41:12.286 @PRG006 500
10:41:12.286 @PRG001 HYB-KW624A
10:41:12.286 @PRG002 2018/12/9 0:00:00
10:41:12.286 @PRG004 050702
10:41:12.286 @PRG005 2线
10:41:12.286 @PRG006 500
10:41:12.286 @PRG001 HYB-KW624A
10:41:12.301 @PRG002 2018/12/9 0:00:00
10:41:12.301 @PRG004 050703
10:41:12.301 @PRG005 3线
10:41:12.301 @PRG006 500
10:41:12.301 @PRG001 HYB-KW624A
10:41:12.301 @PRG002 2018/12/9 0:00:00
10:41:12.301 @PRG004 050704
10:41:12.301 @PRG005 4线
10:41:12.301 @PRG006 500
10:41:12.301 @PRG001 HYB-KW624A
10:41:12.301 @PRG002 2018/12/9 0:00:00
10:41:12.301 @PRG004 050705
10:41:12.301 @PRG005 5线
10:41:12.301 @PRG006 500
10:41:12.301 @PRG001 HYB-KW624A
10:41:12.301 @PRG002 2018/12/9 0:00:00
10:41:12.301 @PRG004 050706
10:41:12.301 @PRG005 6线
10:41:12.301 @PRG006 500
10:41:12.301 @PRG001 HYB-KW624A
10:41:12.301 @PRG002 2018/12/9 0:00:00
10:41:12.301 @PRG004 050707
10:41:12.301 @PRG005 7线
10:41:12.301 @PRG006 500
10:41:12.301 @PRG001 HYB-KW624A
10:41:12.301 @PRG002 2018/12/9 0:00:00
10:41:12.301 @PRG004 050710
10:41:12.301 @PRG005 8线
10:41:12.301 @PRG006 500
10:41:12.301 @PRG001 HYB-KW624A
10:41:12.301 @PRG002 2018/12/10 0:00:00
10:41:12.301 @PRG004 050701
10:41:12.301 @PRG005 1线
10:41:12.301 @PRG006 500
10:41:12.301 @PRG001 HYB-KW624A
10:41:12.301 @PRG002 2018/12/10 0:00:00
10:41:12.301 @PRG004 050702
10:41:12.301 @PRG005 2线
10:41:12.301 @PRG006 500
10:41:12.317 @PRG001 HYB-KW624A
10:41:12.317 @PRG002 2018/12/10 0:00:00
10:41:12.317 @PRG004 050703
10:41:12.317 @PRG005 3线
10:41:12.317 @PRG006 500
10:41:12.317 @PRG001 HYB-KW624A
10:41:12.317 @PRG002 2018/12/10 0:00:00
10:41:12.317 @PRG004 050704
10:41:12.317 @PRG005 4线
10:41:12.317 @PRG006 500
10:41:12.317 @PRG001 HYB-KW624A
10:41:12.317 @PRG002 2018/12/10 0:00:00
10:41:12.317 @PRG004 050705
10:41:12.317 @PRG005 5线
10:41:12.317 @PRG006 500
10:41:12.317 @PRG001 HYB-KW624A
10:41:12.317 @PRG002 2018/12/10 0:00:00
10:41:12.317 @PRG004 050706
10:41:12.317 @PRG005 6线
10:41:12.317 @PRG006 500
10:41:12.317 @PRG001 HYB-KW624A
10:41:12.317 @PRG002 2018/12/10 0:00:00
10:41:12.317 @PRG004 050707
10:41:12.317 @PRG005 7线
10:41:12.317 @PRG006 500
10:41:12.317 @PRG001 HYB-KW624A
10:41:12.317 @PRG002 2018/12/10 0:00:00
10:41:12.317 @PRG004 050710
10:41:12.317 @PRG005 8线
10:41:12.317 @PRG006 500
10:41:12.317 @PRG001 HYB-KW624A
10:41:12.317 @PRG002 2018/12/11 0:00:00
10:41:12.317 @PRG004 050701
10:41:12.317 @PRG005 1线
10:41:12.317 @PRG006 200
10:41:12.317 @PRG001 HYB-KW624A
10:41:12.317 @PRG002 2018/12/11 0:00:00
10:41:12.317 @PRG004 050702
10:41:12.317 @PRG005 2线
10:41:12.317 @PRG006 200
10:41:12.333 @PRG001 HYB-KW624A
10:41:12.333 @PRG002 2018/12/11 0:00:00
10:41:12.333 @PRG004 050703
10:41:12.333 @PRG005 3线
10:41:12.333 @PRG006 200
10:41:12.333 @PRG001 HYB-KW624A
10:41:12.333 @PRG002 2018/12/11 0:00:00
10:41:12.333 @PRG004 050704
10:41:12.333 @PRG005 4线
10:41:12.333 @PRG006 200
10:41:12.333 @PRG001 HYB-KW624A
10:41:12.333 @PRG002 2018/12/11 0:00:00
10:41:12.333 @PRG004 050705
10:41:12.333 @PRG005 5线
10:41:12.333 @PRG006 200
10:41:12.333 @PRG001 HYB-KW624A
10:41:12.333 @PRG002 2018/12/11 0:00:00
10:41:12.333 @PRG004 050706
10:41:12.333 @PRG005 6线
10:41:12.333 @PRG006 200
10:41:12.333 @PRG001 HYB-KW624A
10:41:12.333 @PRG002 2018/12/11 0:00:00
10:41:12.333 @PRG004 050707
10:41:12.333 @PRG005 7线
10:41:12.333 @PRG006 200
10:41:12.333 @PRG001 HYB-KW624A
10:41:12.333 @PRG002 2018/12/11 0:00:00
10:41:12.333 @PRG004 050710
10:41:12.333 @PRG005 8线
10:41:12.333 @PRG006 200
10:41:12.333 @PRG001 HYB-KW624A
10:41:12.333 @PRG002 2018/12/12 0:00:00
10:41:12.333 @PRG004 050701
10:41:12.333 @PRG005 1线
10:41:12.333 @PRG006 400
10:41:12.333 @PRG001 HYB-KW624A
10:41:12.348 @PRG002 2018/12/12 0:00:00
10:41:12.348 @PRG004 050702
10:41:12.348 @PRG005 2线
10:41:12.348 @PRG006 400
10:41:12.348 @PRG001 HYB-KW624A
10:41:12.348 @PRG002 2018/12/12 0:00:00
10:41:12.348 @PRG004 050703
10:41:12.348 @PRG005 3线
10:41:12.348 @PRG006 400
10:41:12.348 @PRG001 HYB-KW624A
10:41:12.348 @PRG002 2018/12/12 0:00:00
10:41:12.348 @PRG004 050704
10:41:12.348 @PRG005 4线
10:41:12.348 @PRG006 400
10:41:12.348 @PRG001 HYB-KW624A
10:41:12.348 @PRG002 2018/12/12 0:00:00
10:41:12.348 @PRG004 050705
10:41:12.348 @PRG005 5线
10:41:12.348 @PRG006 400
10:41:12.348 @PRG001 HYB-KW624A
10:41:12.348 @PRG002 2018/12/12 0:00:00
10:41:12.348 @PRG004 050706
10:41:12.348 @PRG005 6线
10:41:12.348 @PRG006 400
10:41:12.348 @PRG001 HYB-KW624A
10:41:12.348 @PRG002 2018/12/12 0:00:00
10:41:12.348 @PRG004 050707
10:41:12.348 @PRG005 7线
10:41:12.348 @PRG006 400
10:41:12.348 @PRG001 HYB-KW624A
10:41:12.348 @PRG002 2018/12/12 0:00:00
10:41:12.348 @PRG004 050710
10:41:12.348 @PRG005 8线
10:41:12.348 @PRG006 400
10:41:12.348 @PRG001 HYB-KW624A
10:41:12.348 @PRG002 2018/12/13 0:00:00
10:41:12.348 @PRG004 050701
10:41:12.348 @PRG005 1线
10:41:12.348 @PRG006 -100
10:41:12.364 @PRG001 HYB-KW624A
10:41:12.364 @PRG002 2018/12/13 0:00:00
10:41:12.364 @PRG004 050702
10:41:12.364 @PRG005 2线
10:41:12.364 @PRG006 -100
10:41:12.364 @PRG001 HYB-KW624A
10:41:12.364 @PRG002 2018/12/13 0:00:00
10:41:12.364 @PRG004 050703
10:41:12.364 @PRG005 3线
10:41:12.364 @PRG006 -100
10:41:12.364 @PRG001 HYB-KW624A
10:41:12.364 @PRG002 2018/12/13 0:00:00
10:41:12.364 @PRG004 050704
10:41:12.364 @PRG005 4线
10:41:12.364 @PRG006 -100
10:41:12.364 @PRG001 HYB-KW624A
10:41:12.364 @PRG002 2018/12/13 0:00:00
10:41:12.364 @PRG004 050705
10:41:12.364 @PRG005 5线
10:41:12.364 @PRG006 -100
10:41:12.364 @PRG001 HYB-KW624A
10:41:12.364 @PRG002 2018/12/13 0:00:00
10:41:12.364 @PRG004 050706
10:41:12.364 @PRG005 6线
10:41:12.364 @PRG006 -100
10:41:12.364 @PRG001 HYB-KW624A
10:41:12.364 @PRG002 2018/12/13 0:00:00
10:41:12.364 @PRG004 050707
10:41:12.364 @PRG005 7线
10:41:12.364 @PRG006 -100
10:41:12.364 @PRG001 HYB-KW624A
10:41:12.364 @PRG002 2018/12/13 0:00:00
10:41:12.364 @PRG004 050710
10:41:12.364 @PRG005 8线
10:41:12.364 @PRG006 -100
10:41:12.364 @PRG001 HYB-KW624A
10:41:12.364 @PRG002 2018/12/14 0:00:00
10:41:12.364 @PRG004 050701
10:41:12.364 @PRG005 1线
10:41:12.364 @PRG006 100
10:41:12.364 @PRG001 HYB-KW624A
10:41:12.379 @PRG002 2018/12/14 0:00:00
10:41:12.379 @PRG004 050702
10:41:12.379 @PRG005 2线
10:41:12.379 @PRG006 100
10:41:12.379 @PRG001 HYB-KW624A
10:41:12.379 @PRG002 2018/12/14 0:00:00
10:41:12.379 @PRG004 050703
10:41:12.379 @PRG005 3线
10:41:12.379 @PRG006 100
10:41:12.379 @PRG001 HYB-KW624A
10:41:12.379 @PRG002 2018/12/14 0:00:00
10:41:12.379 @PRG004 050704
10:41:12.379 @PRG005 4线
10:41:12.379 @PRG006 100
10:41:12.379 @PRG001 HYB-KW624A
10:41:12.379 @PRG002 2018/12/14 0:00:00
10:41:12.379 @PRG004 050705
10:41:12.379 @PRG005 5线
10:41:12.379 @PRG006 100
10:41:12.379 @PRG001 HYB-KW624A
10:41:12.379 @PRG002 2018/12/14 0:00:00
10:41:12.379 @PRG004 050706
10:41:12.379 @PRG005 6线
10:41:12.379 @PRG006 100
10:41:12.379 @PRG001 HYB-KW624A
10:41:12.379 @PRG002 2018/12/14 0:00:00
10:41:12.379 @PRG004 050707
10:41:12.379 @PRG005 7线
10:41:12.379 @PRG006 100
10:41:12.379 @PRG001 HYB-KW624A
10:41:12.379 @PRG002 2018/12/14 0:00:00
10:41:12.379 @PRG004 050710
10:41:12.379 @PRG005 8线
10:41:12.379 @PRG006 100
10:41:12.379 @PRG001 HYB-KW624C
10:41:12.379 @PRG002 2018/12/6 0:00:00
10:41:12.379 @PRG004 050701
10:41:12.379 @PRG005 1线
10:41:12.379 @PRG006 200
10:41:12.379 @PRG001 HYB-KW624C
10:41:12.379 @PRG002 2018/12/6 0:00:00
10:41:12.379 @PRG004 050702
10:41:12.379 @PRG005 2线
10:41:12.379 @PRG006 200
10:41:12.395 @PRG001 HYB-KW624C
10:41:12.395 @PRG002 2018/12/6 0:00:00
10:41:12.395 @PRG004 050703
10:41:12.395 @PRG005 3线
10:41:12.395 @PRG006 200
10:41:12.395 @PRG001 HYB-KW624C
10:41:12.395 @PRG002 2018/12/6 0:00:00
10:41:12.395 @PRG004 050704
10:41:12.395 @PRG005 4线
10:41:12.395 @PRG006 200
10:41:12.395 @PRG001 HYB-KW624C
10:41:12.395 @PRG002 2018/12/6 0:00:00
10:41:12.395 @PRG004 050705
10:41:12.395 @PRG005 5线
10:41:12.395 @PRG006 200
10:41:12.395 @PRG001 HYB-KW624C
10:41:12.395 @PRG002 2018/12/6 0:00:00
10:41:12.395 @PRG004 050706
10:41:12.395 @PRG005 6线
10:41:12.395 @PRG006 200
10:41:12.395 @PRG001 HYB-KW624C
10:41:12.395 @PRG002 2018/12/6 0:00:00
10:41:12.395 @PRG004 050707
10:41:12.395 @PRG005 7线
10:41:12.395 @PRG006 200
10:41:12.395 @PRG001 HYB-KW624C
10:41:12.395 @PRG002 2018/12/6 0:00:00
10:41:12.395 @PRG004 050710
10:41:12.395 @PRG005 8线
10:41:12.395 @PRG006 200
10:41:12.395 @PRG001 HYB-KW624C
10:41:12.395 @PRG002 2018/12/7 0:00:00
10:41:12.395 @PRG004 050701
10:41:12.395 @PRG005 1线
10:41:12.395 @PRG006 200
10:41:12.395 @PRG001 HYB-KW624C
10:41:12.395 @PRG002 2018/12/7 0:00:00
10:41:12.395 @PRG004 050702
10:41:12.395 @PRG005 2线
10:41:12.395 @PRG006 200
10:41:12.395 @PRG001 HYB-KW624C
10:41:12.395 @PRG002 2018/12/7 0:00:00
10:41:12.411 @PRG004 050703
10:41:12.411 @PRG005 3线
10:41:12.411 @PRG006 200
10:41:12.411 @PRG001 HYB-KW624C
10:41:12.411 @PRG002 2018/12/7 0:00:00
10:41:12.411 @PRG004 050704
10:41:12.411 @PRG005 4线
10:41:12.411 @PRG006 200
10:41:12.411 @PRG001 HYB-KW624C
10:41:12.411 @PRG002 2018/12/7 0:00:00
10:41:12.411 @PRG004 050705
10:41:12.411 @PRG005 5线
10:41:12.411 @PRG006 200
10:41:12.411 @PRG001 HYB-KW624C
10:41:12.411 @PRG002 2018/12/7 0:00:00
10:41:12.411 @PRG004 050706
10:41:12.411 @PRG005 6线
10:41:12.411 @PRG006 200
10:41:12.411 @PRG001 HYB-KW624C
10:41:12.411 @PRG002 2018/12/7 0:00:00
10:41:12.411 @PRG004 050707
10:41:12.411 @PRG005 7线
10:41:12.411 @PRG006 200
10:41:12.411 @PRG001 HYB-KW624C
10:41:12.411 @PRG002 2018/12/7 0:00:00
10:41:12.411 @PRG004 050710
10:41:12.411 @PRG005 8线
10:41:12.411 @PRG006 200
10:41:12.411 @PRG001 HYB-KW624C
10:41:12.411 @PRG002 2018/12/8 0:00:00
10:41:12.411 @PRG004 050701
10:41:12.411 @PRG005 1线
10:41:12.411 @PRG006 200
10:41:12.411 @PRG001 HYB-KW624C
10:41:12.411 @PRG002 2018/12/8 0:00:00
10:41:12.411 @PRG004 050702
10:41:12.411 @PRG005 2线
10:41:12.411 @PRG006 200
10:41:12.411 @PRG001 HYB-KW624C
10:41:12.411 @PRG002 2018/12/8 0:00:00
10:41:12.411 @PRG004 050703
10:41:12.411 @PRG005 3线
10:41:12.411 @PRG006 200
10:41:12.426 @PRG001 HYB-KW624C
10:41:12.426 @PRG002 2018/12/8 0:00:00
10:41:12.426 @PRG004 050704
10:41:12.426 @PRG005 4线
10:41:12.426 @PRG006 200
10:41:12.426 @PRG001 HYB-KW624C
10:41:12.426 @PRG002 2018/12/8 0:00:00
10:41:12.426 @PRG004 050705
10:41:12.426 @PRG005 5线
10:41:12.426 @PRG006 200
10:41:12.426 @PRG001 HYB-KW624C
10:41:12.426 @PRG002 2018/12/8 0:00:00
10:41:12.426 @PRG004 050706
10:41:12.426 @PRG005 6线
10:41:12.426 @PRG006 200
10:41:12.426 @PRG001 HYB-KW624C
10:41:12.426 @PRG002 2018/12/8 0:00:00
10:41:12.426 @PRG004 050707
10:41:12.426 @PRG005 7线
10:41:12.426 @PRG006 200
10:41:12.426 @PRG001 HYB-KW624C
10:41:12.426 @PRG002 2018/12/8 0:00:00
10:41:12.426 @PRG004 050710
10:41:12.426 @PRG005 8线
10:41:12.426 @PRG006 200
10:41:12.426 @PRG001 HYB-KW624C
10:41:12.426 @PRG002 2018/12/9 0:00:00
10:41:12.426 @PRG004 050701
10:41:12.426 @PRG005 1线
10:41:12.426 @PRG006 200
10:41:12.426 @PRG001 HYB-KW624C
10:41:12.426 @PRG002 2018/12/9 0:00:00
10:41:12.426 @PRG004 050702
10:41:12.426 @PRG005 2线
10:41:12.426 @PRG006 200
10:41:12.426 @PRG001 HYB-KW624C
10:41:12.426 @PRG002 2018/12/9 0:00:00
10:41:12.426 @PRG004 050703
10:41:12.426 @PRG005 3线
10:41:12.442 @PRG006 200
10:41:12.442 @PRG001 HYB-KW624C
10:41:12.442 @PRG002 2018/12/9 0:00:00
10:41:12.442 @PRG004 050704
10:41:12.442 @PRG005 4线
10:41:12.442 @PRG006 200
10:41:12.442 @PRG001 HYB-KW624C
10:41:12.442 @PRG002 2018/12/9 0:00:00
10:41:12.442 @PRG004 050705
10:41:12.442 @PRG005 5线
10:41:12.442 @PRG006 200
10:41:12.442 @PRG001 HYB-KW624C
10:41:12.442 @PRG002 2018/12/9 0:00:00
10:41:12.442 @PRG004 050706
10:41:12.442 @PRG005 6线
10:41:12.442 @PRG006 200
10:41:12.442 @PRG001 HYB-KW624C
10:41:12.442 @PRG002 2018/12/9 0:00:00
10:41:12.442 @PRG004 050707
10:41:12.442 @PRG005 7线
10:41:12.442 @PRG006 200
10:41:12.442 @PRG001 HYB-KW624C
10:41:12.442 @PRG002 2018/12/9 0:00:00
10:41:12.442 @PRG004 050710
10:41:12.442 @PRG005 8线
10:41:12.442 @PRG006 200
10:41:12.442 @PRG001 HYB-KW624C
10:41:12.442 @PRG002 2018/12/10 0:00:00
10:41:12.442 @PRG004 050701
10:41:12.442 @PRG005 1线
10:41:12.442 @PRG006 200
10:41:12.442 @PRG001 HYB-KW624C
10:41:12.442 @PRG002 2018/12/10 0:00:00
10:41:12.442 @PRG004 050702
10:41:12.442 @PRG005 2线
10:41:12.442 @PRG006 200
10:41:12.442 @PRG001 HYB-KW624C
10:41:12.442 @PRG002 2018/12/10 0:00:00
10:41:12.442 @PRG004 050703
10:41:12.442 @PRG005 3线
10:41:12.442 @PRG006 200
10:41:12.457 @PRG001 HYB-KW624C
10:41:12.457 @PRG002 2018/12/10 0:00:00
10:41:12.457 @PRG004 050704
10:41:12.457 @PRG005 4线
10:41:12.457 @PRG006 200
10:41:12.457 @PRG001 HYB-KW624C
10:41:12.457 @PRG002 2018/12/10 0:00:00
10:41:12.457 @PRG004 050705
10:41:12.457 @PRG005 5线
10:41:12.457 @PRG006 200
10:41:12.457 @PRG001 HYB-KW624C
10:41:12.457 @PRG002 2018/12/10 0:00:00
10:41:12.457 @PRG004 050706
10:41:12.457 @PRG005 6线
10:41:12.457 @PRG006 200
10:41:12.457 @PRG001 HYB-KW624C
10:41:12.457 @PRG002 2018/12/10 0:00:00
10:41:12.457 @PRG004 050707
10:41:12.457 @PRG005 7线
10:41:12.457 @PRG006 200
10:41:12.457 @PRG001 HYB-KW624C
10:41:12.457 @PRG002 2018/12/10 0:00:00
10:41:12.457 @PRG004 050710
10:41:12.457 @PRG005 8线
10:41:12.457 @PRG006 200
10:41:12.457 @PRG001 HYB-KW624C
10:41:12.457 @PRG002 2018/12/11 0:00:00
10:41:12.457 @PRG004 050701
10:41:12.457 @PRG005 1线
10:41:12.457 @PRG006 200
10:41:12.457 @PRG001 HYB-KW624C
10:41:12.457 @PRG002 2018/12/11 0:00:00
10:41:12.473 @PRG004 050702
10:41:12.473 @PRG005 2线
10:41:12.473 @PRG006 200
10:41:12.473 @PRG001 HYB-KW624C
10:41:12.473 @PRG002 2018/12/11 0:00:00
10:41:12.473 @PRG004 050703
10:41:12.473 @PRG005 3线
10:41:12.473 @PRG006 200
10:41:12.473 @PRG001 HYB-KW624C
10:41:12.473 @PRG002 2018/12/11 0:00:00
10:41:12.473 @PRG004 050704
10:41:12.473 @PRG005 4线
10:41:12.473 @PRG006 200
10:41:12.473 @PRG001 HYB-KW624C
10:41:12.473 @PRG002 2018/12/11 0:00:00
10:41:12.473 @PRG004 050705
10:41:12.473 @PRG005 5线
10:41:12.473 @PRG006 200
10:41:12.473 @PRG001 HYB-KW624C
10:41:12.473 @PRG002 2018/12/11 0:00:00
10:41:12.473 @PRG004 050706
10:41:12.473 @PRG005 6线
10:41:12.473 @PRG006 200
10:41:12.473 @PRG001 HYB-KW624C
10:41:12.473 @PRG002 2018/12/11 0:00:00
10:41:12.473 @PRG004 050707
10:41:12.473 @PRG005 7线
10:41:12.473 @PRG006 200
10:41:12.473 @PRG001 HYB-KW624C
10:41:12.473 @PRG002 2018/12/11 0:00:00
10:41:12.473 @PRG004 050710
10:41:12.473 @PRG005 8线
10:41:12.473 @PRG006 200
10:41:12.473 @PRG001 HYB-KW624C
10:41:12.473 @PRG002 2018/12/12 0:00:00
10:41:12.473 @PRG004 050701
10:41:12.473 @PRG005 1线
10:41:12.473 @PRG006 200
10:41:12.473 @PRG001 HYB-KW624C
10:41:12.473 @PRG002 2018/12/12 0:00:00
10:41:12.473 @PRG004 050702
10:41:12.473 @PRG005 2线
10:41:12.473 @PRG006 200
10:41:12.489 @PRG001 HYB-KW624C
10:41:12.489 @PRG002 2018/12/12 0:00:00
10:41:12.489 @PRG004 050703
10:41:12.489 @PRG005 3线
10:41:12.489 @PRG006 200
10:41:12.489 @PRG001 HYB-KW624C
10:41:12.489 @PRG002 2018/12/12 0:00:00
10:41:12.489 @PRG004 050704
10:41:12.489 @PRG005 4线
10:41:12.489 @PRG006 200
10:41:12.489 @PRG001 HYB-KW624C
10:41:12.489 @PRG002 2018/12/12 0:00:00
10:41:12.489 @PRG004 050705
10:41:12.489 @PRG005 5线
10:41:12.489 @PRG006 200
10:41:12.489 @PRG001 HYB-KW624C
10:41:12.489 @PRG002 2018/12/12 0:00:00
10:41:12.489 @PRG004 050706
10:41:12.489 @PRG005 6线
10:41:12.489 @PRG006 200
10:41:12.489 @PRG001 HYB-KW624C
10:41:12.489 @PRG002 2018/12/12 0:00:00
10:41:12.489 @PRG004 050707
10:41:12.489 @PRG005 7线
10:41:12.489 @PRG006 200
10:41:12.489 @PRG001 HYB-KW624C
10:41:12.489 @PRG002 2018/12/12 0:00:00
10:41:12.489 @PRG004 050710
10:41:12.489 @PRG005 8线
10:41:12.489 @PRG006 200
10:41:12.489 @PRG001 HYB-KW624C
10:41:12.489 @PRG002 2018/12/13 0:00:00
10:41:12.489 @PRG004 050701
10:41:12.489 @PRG005 1线
10:41:12.489 @PRG006 200
10:41:12.489 @PRG001 HYB-KW624C
10:41:12.489 @PRG002 2018/12/13 0:00:00
10:41:12.489 @PRG004 050702
10:41:12.504 @PRG005 2线
10:41:12.504 @PRG006 200
10:41:12.504 @PRG001 HYB-KW624C
10:41:12.504 @PRG002 2018/12/13 0:00:00
10:41:12.504 @PRG004 050703
10:41:12.504 @PRG005 3线
10:41:12.504 @PRG006 200
10:41:12.504 @PRG001 HYB-KW624C
10:41:12.504 @PRG002 2018/12/13 0:00:00
10:41:12.504 @PRG004 050704
10:41:12.504 @PRG005 4线
10:41:12.504 @PRG006 200
10:41:12.504 @PRG001 HYB-KW624C
10:41:12.504 @PRG002 2018/12/13 0:00:00
10:41:12.504 @PRG004 050705
10:41:12.504 @PRG005 5线
10:41:12.504 @PRG006 200
10:41:12.504 @PRG001 HYB-KW624C
10:41:12.504 @PRG002 2018/12/13 0:00:00
10:41:12.504 @PRG004 050706
10:41:12.504 @PRG005 6线
10:41:12.504 @PRG006 200
10:41:12.504 @PRG001 HYB-KW624C
10:41:12.504 @PRG002 2018/12/13 0:00:00
10:41:12.504 @PRG004 050707
10:41:12.504 @PRG005 7线
10:41:12.504 @PRG006 200
10:41:12.504 @PRG001 HYB-KW624C
10:41:12.504 @PRG002 2018/12/13 0:00:00
10:41:12.504 @PRG004 050710
10:41:12.504 @PRG005 8线
10:41:12.504 @PRG006 200
10:41:12.504 @PRG001 HYB-KW624C
10:41:12.504 @PRG002 2018/12/14 0:00:00
10:41:12.504 @PRG004 050701
10:41:12.504 @PRG005 1线
10:41:12.504 @PRG006 200
10:41:12.504 @PRG001 HYB-KW624C
10:41:12.504 @PRG002 2018/12/14 0:00:00
10:41:12.504 @PRG004 050702
10:41:12.504 @PRG005 2线
10:41:12.504 @PRG006 200
10:41:12.520 @PRG001 HYB-KW624C
10:41:12.520 @PRG002 2018/12/14 0:00:00
10:41:12.520 @PRG004 050703
10:41:12.520 @PRG005 3线
10:41:12.520 @PRG006 200
10:41:12.520 @PRG001 HYB-KW624C
10:41:12.520 @PRG002 2018/12/14 0:00:00
10:41:12.520 @PRG004 050704
10:41:12.520 @PRG005 4线
10:41:12.520 @PRG006 200
10:41:12.520 @PRG001 HYB-KW624C
10:41:12.520 @PRG002 2018/12/14 0:00:00
10:41:12.520 @PRG004 050705
10:41:12.520 @PRG005 5线
10:41:12.520 @PRG006 200
10:41:12.520 @PRG001 HYB-KW624C
10:41:12.520 @PRG002 2018/12/14 0:00:00
10:41:12.520 @PRG004 050706
10:41:12.520 @PRG005 6线
10:41:12.520 @PRG006 200
10:41:12.520 @PRG001 HYB-KW624C
10:41:12.520 @PRG002 2018/12/14 0:00:00
10:41:12.520 @PRG004 050707
10:41:12.520 @PRG005 7线
10:41:12.520 @PRG006 200
10:41:12.520 @PRG001 HYB-KW624C
10:41:12.520 @PRG002 2018/12/14 0:00:00
10:41:12.520 @PRG004 050710
10:41:12.520 @PRG005 8线
10:41:12.520 @PRG006 200
10:41:12.520 @PRG001 HYB-KW624C
10:41:12.520 @PRG002 2018/12/15 0:00:00
10:41:12.520 @PRG004 050701
10:41:12.520 @PRG005 1线
10:41:12.520 @PRG006 200
10:41:12.520 @PRG001 HYB-KW624C
10:41:12.520 @PRG002 2018/12/15 0:00:00
10:41:12.520 @PRG004 050702
10:41:12.520 @PRG005 2线
10:41:12.520 @PRG006 200
10:41:12.535 @PRG001 HYB-KW624C
10:41:12.535 @PRG002 2018/12/15 0:00:00
10:41:12.535 @PRG004 050703
10:41:12.535 @PRG005 3线
10:41:12.535 @PRG006 200
10:41:12.535 @PRG001 HYB-KW624C
10:41:12.535 @PRG002 2018/12/15 0:00:00
10:41:12.535 @PRG004 050704
10:41:12.535 @PRG005 4线
10:41:12.535 @PRG006 200
10:41:12.535 @PRG001 HYB-KW624C
10:41:12.535 @PRG002 2018/12/15 0:00:00
10:41:12.535 @PRG004 050705
10:41:12.535 @PRG005 5线
10:41:12.535 @PRG006 200
10:41:12.535 @PRG001 HYB-KW624C
10:41:12.535 @PRG002 2018/12/15 0:00:00
10:41:12.535 @PRG004 050706
10:41:12.535 @PRG005 6线
10:41:12.535 @PRG006 200
10:41:12.535 @PRG001 HYB-KW624C
10:41:12.535 @PRG002 2018/12/15 0:00:00
10:41:12.535 @PRG004 050707
10:41:12.535 @PRG005 7线
10:41:12.535 @PRG006 200
10:41:12.535 @PRG001 HYB-KW624C
10:41:12.535 @PRG002 2018/12/15 0:00:00
10:41:12.535 @PRG004 050710
10:41:12.535 @PRG005 8线
10:41:12.535 @PRG006 200
10:41:12.535 @PRG001 HYB-KW624C
10:41:12.535 @PRG002 2018/12/16 0:00:00
10:41:12.535 @PRG004 050701
10:41:12.535 @PRG005 1线
10:41:12.535 @PRG006 200
10:41:12.535 @PRG001 HYB-KW624C
10:41:12.535 @PRG002 2018/12/16 0:00:00
10:41:12.535 @PRG004 050702
10:41:12.535 @PRG005 2线
10:41:12.535 @PRG006 200
10:41:12.535 @PRG001 HYB-KW624C
10:41:12.535 @PRG002 2018/12/16 0:00:00
10:41:12.535 @PRG004 050703
10:41:12.535 @PRG005 3线
10:41:12.535 @PRG006 200
10:41:12.535 @PRG001 HYB-KW624C
10:41:12.551 @PRG002 2018/12/16 0:00:00
10:41:12.551 @PRG004 050704
10:41:12.551 @PRG005 4线
10:41:12.551 @PRG006 200
10:41:12.551 @PRG001 HYB-KW624C
10:41:12.551 @PRG002 2018/12/16 0:00:00
10:41:12.551 @PRG004 050705
10:41:12.551 @PRG005 5线
10:41:12.551 @PRG006 200
10:41:12.551 @PRG001 HYB-KW624C
10:41:12.551 @PRG002 2018/12/16 0:00:00
10:41:12.551 @PRG004 050706
10:41:12.551 @PRG005 6线
10:41:12.551 @PRG006 200
10:41:12.551 @PRG001 HYB-KW624C
10:41:12.551 @PRG002 2018/12/16 0:00:00
10:41:12.551 @PRG004 050707
10:41:12.551 @PRG005 7线
10:41:12.551 @PRG006 200
10:41:12.551 @PRG001 HYB-KW624C
10:41:12.551 @PRG002 2018/12/16 0:00:00
10:41:12.551 @PRG004 050710
10:41:12.551 @PRG005 8线
10:41:12.551 @PRG006 200
10:41:12.551 @PRG001 HYB-KW624C
10:41:12.551 @PRG002 2018/12/17 0:00:00
10:41:12.551 @PRG004 050701
10:41:12.551 @PRG005 1线
10:41:12.551 @PRG006 200
10:41:12.551 @PRG001 HYB-KW624C
10:41:12.551 @PRG002 2018/12/17 0:00:00
10:41:12.551 @PRG004 050702
10:41:12.551 @PRG005 2线
10:41:12.551 @PRG006 200
10:41:12.551 @PRG001 HYB-KW624C
10:41:12.551 @PRG002 2018/12/17 0:00:00
10:41:12.551 @PRG004 050703
10:41:12.551 @PRG005 3线
10:41:12.551 @PRG006 200
10:41:12.551 @PRG001 HYB-KW624C
10:41:12.551 @PRG002 2018/12/17 0:00:00
10:41:12.567 @PRG004 050704
10:41:12.567 @PRG005 4线
10:41:12.567 @PRG006 200
10:41:12.567 @PRG001 HYB-KW624C
10:41:12.567 @PRG002 2018/12/17 0:00:00
10:41:12.567 @PRG004 050705
10:41:12.567 @PRG005 5线
10:41:12.567 @PRG006 200
10:41:12.567 @PRG001 HYB-KW624C
10:41:12.567 @PRG002 2018/12/17 0:00:00
10:41:12.567 @PRG004 050706
10:41:12.567 @PRG005 6线
10:41:12.567 @PRG006 200
10:41:12.567 @PRG001 HYB-KW624C
10:41:12.567 @PRG002 2018/12/17 0:00:00
10:41:12.567 @PRG004 050707
10:41:12.567 @PRG005 7线
10:41:12.567 @PRG006 200
10:41:12.567 @PRG001 HYB-KW624C
10:41:12.567 @PRG002 2018/12/17 0:00:00
10:41:12.567 @PRG004 050710
10:41:12.567 @PRG005 8线
10:41:12.567 @PRG006 200
10:41:12.567 @PRG001 HYB-KW624C
10:41:12.567 @PRG002 2018/12/18 0:00:00
10:41:12.567 @PRG004 050701
10:41:12.567 @PRG005 1线
10:41:12.567 @PRG006 100
10:41:12.567 @PRG001 HYB-KW624C
10:41:12.567 @PRG002 2018/12/18 0:00:00
10:41:12.567 @PRG004 050702
10:41:12.567 @PRG005 2线
10:41:12.567 @PRG006 100
10:41:12.567 @PRG001 HYB-KW624C
10:41:12.567 @PRG002 2018/12/18 0:00:00
10:41:12.567 @PRG004 050703
10:41:12.567 @PRG005 3线
10:41:12.567 @PRG006 100
10:41:12.567 @PRG001 HYB-KW624C
10:41:12.567 @PRG002 2018/12/18 0:00:00
10:41:12.567 @PRG004 050704
10:41:12.567 @PRG005 4线
10:41:12.567 @PRG006 100
10:41:12.582 @PRG001 HYB-KW624C
10:41:12.582 @PRG002 2018/12/18 0:00:00
10:41:12.582 @PRG004 050705
10:41:12.582 @PRG005 5线
10:41:12.582 @PRG006 100
10:41:12.582 @PRG001 HYB-KW624C
10:41:12.582 @PRG002 2018/12/18 0:00:00
10:41:12.582 @PRG004 050706
10:41:12.582 @PRG005 6线
10:41:12.582 @PRG006 100
10:41:12.582 @PRG001 HYB-KW624C
10:41:12.582 @PRG002 2018/12/18 0:00:00
10:41:12.582 @PRG004 050707
10:41:12.582 @PRG005 7线
10:41:12.582 @PRG006 100
10:41:12.582 @PRG001 HYB-KW624C
10:41:12.582 @PRG002 2018/12/18 0:00:00
10:41:12.582 @PRG004 050710
10:41:12.582 @PRG005 8线
10:41:12.582 @PRG006 100
10:44:17.598 @HAW001 20181129003
10:44:17.598 @HAW018 True
10:44:25.601 @IJA001 20181204001
10:44:25.601 @IJA010 True
13:49:36.720 @EMP002 系统管理员
13:49:36.721 @EMP033 cebfd1559b68d67688884d7a3d3e8c
13:53:01.590 @EMP002 系统管理员
13:53:01.591 @EMP033 cebfd1559b68d67688884d7a3d3e8c
13:55:58.028 @EMP002 系统管理员
13:55:58.029 @EMP033 cebfd1559b68d67688884d7a3d3e8c
14:16:16.336 @EMP002 系统管理员
14:16:16.336 @EMP033 cebfd1559b68d67688884d7a3d3e8c
14:17:37.701 @EMP002 系统管理员
14:17:37.703 @EMP033 cebfd1559b68d67688884d7a3d3e8c
14:26:34.439 @EMP002 系统管理员
14:26:34.440 @EMP033 cebfd1559b68d67688884d7a3d3e8c
14:39:29.629 @EMP002 系统管理员
14:39:29.631 @EMP033 cebfd1559b68d67688884d7a3d3e8c
14:43:23.477 @EMP002 系统管理员
14:43:23.478 @EMP033 cebfd1559b68d67688884d7a3d3e8c
14:53:06.497 @EMP002 系统管理员
14:53:06.503 @EMP033 cebfd1559b68d67688884d7a3d3e8c
15:15:07.989 @EMP002 系统管理员
15:15:07.990 @EMP033 cebfd1559b68d67688884d7a3d3e8c
15:34:35.640 @EMP002 系统管理员
15:34:35.641 @EMP033 cebfd1559b68d67688884d7a3d3e8c
15:39:22.940 @EMP002 系统管理员
15:39:22.941 @EMP033 cebfd1559b68d67688884d7a3d3e8c
15:40:27.137 @LEC001 20181207001
15:40:27.137 @LEC002 
15:40:27.137 @LEC003 
15:40:27.137 @LEC004 
15:40:27.138 @LEC005 
15:40:27.138 @LEC006 
15:40:27.138 @LEC007 
15:40:27.138 @LEC008 
15:40:27.138 @LEC009 0504
15:40:27.138 @LEC010 前加工车间
15:40:27.138 @LEC011 0504
15:40:27.139 @LEC012 前加工车间
15:40:27.139 @LEC013 2018/12/7 0:00:00
15:40:27.139 @LEC014 
15:40:27.139 @LEC015 
15:40:27.139 @LEC016 
15:40:27.139 @LEC017 False
15:40:27.140 @LEC018 False
15:40:27.140 @LEC019 0
15:40:27.140 @LEC020 0
15:40:27.140 @LEC021 
15:40:27.154 @LED001 20181207001
15:40:27.154 @LED002 10040
15:40:27.154 @LED003 杜福英
15:40:27.155 @LED004 装配工
15:40:27.155 @LED005 
15:40:27.155 @LED006 
15:40:27.155 @LED007 0
15:40:27.155 @LED008 2018/12/7 8:00:00
15:40:27.155 @LED009 2018/12/7 17:00:00
15:40:27.155 @LED010 8
15:40:27.155 @LED011 
15:40:27.156 @LED012 在职
15:40:27.156 @LED013 前加工车间
15:40:27.156 @LED014 0
15:40:27.156 @LED015 9
15:40:27.156 @LED016 104.4
15:40:27.159 @LED001 20181207001
15:40:27.159 @LED002 10041
15:40:27.159 @LED003 廖仁琼
15:40:27.160 @LED004 装配工
15:40:27.160 @LED005 
15:40:27.160 @LED006 
15:40:27.160 @LED007 0
15:40:27.162 @LED008 2018/12/7 8:00:00
15:40:27.162 @LED009 2018/12/7 17:00:00
15:40:27.162 @LED010 8
15:40:27.163 @LED011 
15:40:27.163 @LED012 在职
15:40:27.163 @LED013 前加工车间
15:40:27.163 @LED014 0
15:40:27.164 @LED015 9
15:40:27.164 @LED016 104.4
15:40:27.166 @LED001 20181207001
15:40:27.166 @LED002 10042
15:40:27.166 @LED003 李光艳
15:40:27.167 @LED004 装配工
15:40:27.167 @LED005 
15:40:27.167 @LED006 
15:40:27.167 @LED007 0
15:40:27.167 @LED008 2018/12/7 8:00:00
15:40:27.168 @LED009 2018/12/7 17:00:00
15:40:27.168 @LED010 8
15:40:27.168 @LED011 
15:40:27.168 @LED012 在职
15:40:27.168 @LED013 前加工车间
15:40:27.168 @LED014 0
15:40:27.169 @LED015 9
15:40:27.169 @LED016 104.4
15:40:27.170 @LED001 20181207001
15:40:27.171 @LED002 10043
15:40:27.171 @LED003 彭荣泽
15:40:27.171 @LED004 装配工
15:40:27.171 @LED005 
15:40:27.171 @LED006 
15:40:27.172 @LED007 0
15:40:27.172 @LED008 2018/12/7 8:00:00
15:40:27.172 @LED009 2018/12/7 17:00:00
15:40:27.172 @LED010 8
15:40:27.172 @LED011 
15:40:27.173 @LED012 在职
15:40:27.173 @LED013 前加工车间
15:40:27.173 @LED014 0
15:40:27.173 @LED015 9
15:40:27.173 @LED016 104.4
15:40:27.175 @LED001 20181207001
15:40:27.175 @LED002 10044
15:40:27.175 @LED003 何培凤
15:40:27.176 @LED004 装配工
15:40:27.176 @LED005 
15:40:27.176 @LED006 
15:40:27.176 @LED007 0
15:40:27.176 @LED008 2018/12/7 8:00:00
15:40:27.177 @LED009 2018/12/7 17:00:00
15:40:27.177 @LED010 8
15:40:27.177 @LED011 
15:40:27.177 @LED012 在职
15:40:27.177 @LED013 前加工车间
15:40:27.177 @LED014 0
15:40:27.178 @LED015 9
15:40:27.178 @LED016 104.4
15:40:27.181 @LED001 20181207001
15:40:27.182 @LED002 10045
15:40:27.182 @LED003 李朝伟
15:40:27.182 @LED004 装配工
15:40:27.182 @LED005 
15:40:27.182 @LED006 
15:40:27.183 @LED007 0
15:40:27.183 @LED008 2018/12/7 8:00:00
15:40:27.183 @LED009 2018/12/7 17:00:00
15:40:27.183 @LED010 8
15:40:27.183 @LED011 
15:40:27.184 @LED012 在职
15:40:27.184 @LED013 前加工车间
15:40:27.184 @LED014 0
15:40:27.184 @LED015 9
15:40:27.184 @LED016 104.4
15:40:27.186 @LED001 20181207001
15:40:27.186 @LED002 10046
15:40:27.186 @LED003 王培秀
15:40:27.186 @LED004 装配工
15:40:27.187 @LED005 
15:40:27.187 @LED006 
15:40:27.187 @LED007 0
15:40:27.187 @LED008 2018/12/7 8:00:00
15:40:27.187 @LED009 2018/12/7 17:00:00
15:40:27.187 @LED010 8
15:40:27.188 @LED011 
15:40:27.188 @LED012 在职
15:40:27.188 @LED013 前加工车间
15:40:27.188 @LED014 0
15:40:27.188 @LED015 9
15:40:27.188 @LED016 104.4
15:40:27.190 @LED001 20181207001
15:40:27.190 @LED002 10047
15:40:27.190 @LED003 谢武林
15:40:27.191 @LED004 装配工
15:40:27.191 @LED005 
15:40:27.191 @LED006 
15:40:27.191 @LED007 0
15:40:27.192 @LED008 2018/12/7 8:00:00
15:40:27.192 @LED009 2018/12/7 17:00:00
15:40:27.192 @LED010 8
15:40:27.192 @LED011 
15:40:27.192 @LED012 在职
15:40:27.192 @LED013 前加工车间
15:40:27.193 @LED014 0
15:40:27.193 @LED015 9
15:40:27.193 @LED016 104.4
15:40:27.196 @LED001 20181207001
15:40:27.196 @LED002 10048
15:40:27.196 @LED003 王程平
15:40:27.196 @LED004 装配工
15:40:27.197 @LED005 
15:40:27.197 @LED006 
15:40:27.197 @LED007 0
15:40:27.197 @LED008 2018/12/7 8:00:00
15:40:27.197 @LED009 2018/12/7 17:00:00
15:40:27.197 @LED010 8
15:40:27.198 @LED011 
15:40:27.198 @LED012 在职
15:40:27.198 @LED013 前加工车间
15:40:27.198 @LED014 0
15:40:27.198 @LED015 9
15:40:27.198 @LED016 104.4
15:40:27.200 @LED001 20181207001
15:40:27.200 @LED002 10049
15:40:27.200 @LED003 韩英
15:40:27.200 @LED004 装配工
15:40:27.200 @LED005 
15:40:27.201 @LED006 
15:40:27.201 @LED007 0
15:40:27.201 @LED008 2018/12/7 8:00:00
15:40:27.201 @LED009 2018/12/7 17:00:00
15:40:27.201 @LED010 8
15:40:27.202 @LED011 
15:40:27.202 @LED012 在职
15:40:27.202 @LED013 前加工车间
15:40:27.202 @LED014 0
15:40:27.202 @LED015 9
15:40:27.203 @LED016 104.4
15:40:27.204 @LED001 20181207001
15:40:27.205 @LED002 10050
15:40:27.205 @LED003 杨海霞
15:40:27.205 @LED004 装配工
15:40:27.205 @LED005 
15:40:27.205 @LED006 
15:40:27.206 @LED007 0
15:40:27.206 @LED008 2018/12/7 8:00:00
15:40:27.206 @LED009 2018/12/7 17:00:00
15:40:27.206 @LED010 9
15:40:27.206 @LED011 
15:40:27.207 @LED012 在职
15:40:27.207 @LED013 前加工车间
15:40:27.207 @LED014 0
15:40:27.207 @LED015 9
15:40:27.207 @LED016 104.4
15:40:27.211 @LED001 20181207001
15:40:27.211 @LED002 10051
15:40:27.212 @LED003 熊华美
15:40:27.212 @LED004 装配工
15:40:27.212 @LED005 
15:40:27.212 @LED006 
15:40:27.212 @LED007 0
15:40:27.213 @LED008 2018/12/7 8:00:00
15:40:27.213 @LED009 2018/12/7 17:00:00
15:40:27.213 @LED010 9
15:40:27.213 @LED011 
15:40:27.213 @LED012 在职
15:40:27.214 @LED013 前加工车间
15:40:27.214 @LED014 0
15:40:27.214 @LED015 9
15:40:27.214 @LED016 104.4
15:40:27.215 @LED001 20181207001
15:40:27.216 @LED002 10052
15:40:27.216 @LED003 孙琼莲
15:40:27.216 @LED004 装配工
15:40:27.216 @LED005 
15:40:27.216 @LED006 
15:40:27.217 @LED007 0
15:40:27.217 @LED008 2018/12/7 8:00:00
15:40:27.217 @LED009 2018/12/7 17:00:00
15:40:27.217 @LED010 9
15:40:27.217 @LED011 
15:40:27.217 @LED012 在职
15:40:27.218 @LED013 前加工车间
15:40:27.218 @LED014 0
15:40:27.218 @LED015 9
15:40:27.218 @LED016 104.4
15:40:27.220 @LED001 20181207001
15:40:27.220 @LED002 10053
15:40:27.220 @LED003 李林菊
15:40:27.220 @LED004 装配工
15:40:27.221 @LED005 
15:40:27.221 @LED006 
15:40:27.221 @LED007 0
15:40:27.221 @LED008 2018/12/7 8:00:00
15:40:27.221 @LED009 2018/12/7 17:00:00
15:40:27.222 @LED010 9
15:40:27.222 @LED011 
15:40:27.222 @LED012 在职
15:40:27.222 @LED013 前加工车间
15:40:27.222 @LED014 0
15:40:27.222 @LED015 9
15:40:27.222 @LED016 104.4
15:40:27.227 @LED001 20181207001
15:40:27.227 @LED002 10054
15:40:27.227 @LED003 吴群英
15:40:27.228 @LED004 装配工
15:40:27.228 @LED005 
15:40:27.228 @LED006 
15:40:27.228 @LED007 0
15:40:27.228 @LED008 2018/12/7 8:00:00
15:40:27.228 @LED009 2018/12/7 17:00:00
15:40:27.229 @LED010 9
15:40:27.229 @LED011 
15:40:27.229 @LED012 在职
15:40:27.229 @LED013 前加工车间
15:40:27.229 @LED014 0
15:40:27.229 @LED015 9
15:40:27.230 @LED016 104.4
15:40:27.231 @LED001 20181207001
15:40:27.232 @LED002 10055
15:40:27.232 @LED003 杨琴
15:40:27.232 @LED004 装配工
15:40:27.232 @LED005 
15:40:27.232 @LED006 
15:40:27.233 @LED007 0
15:40:27.233 @LED008 2018/12/7 8:00:00
15:40:27.233 @LED009 2018/12/7 17:00:00
15:40:27.233 @LED010 9
15:40:27.233 @LED011 
15:40:27.234 @LED012 在职
15:40:27.234 @LED013 前加工车间
15:40:27.234 @LED014 0
15:40:27.234 @LED015 9
15:40:27.234 @LED016 104.4
15:40:27.236 @LED001 20181207001
15:40:27.236 @LED002 10056
15:40:27.236 @LED003 韩艳
15:40:27.237 @LED004 装配工
15:40:27.237 @LED005 
15:40:27.237 @LED006 
15:40:27.237 @LED007 0
15:40:27.237 @LED008 2018/12/7 8:00:00
15:40:27.237 @LED009 2018/12/7 17:00:00
15:40:27.238 @LED010 9
15:40:27.238 @LED011 
15:40:27.238 @LED012 在职
15:40:27.238 @LED013 前加工车间
15:40:27.238 @LED014 0
15:40:27.238 @LED015 9
15:40:27.239 @LED016 104.4
15:40:27.240 @LED001 20181207001
15:40:27.240 @LED002 10057
15:40:27.240 @LED003 张瑜
15:40:27.241 @LED004 装配工
15:40:27.241 @LED005 
15:40:27.241 @LED006 
15:40:27.241 @LED007 0
15:40:27.241 @LED008 2018/12/7 8:00:00
15:40:27.241 @LED009 2018/12/7 17:00:00
15:40:27.242 @LED010 9
15:40:27.242 @LED011 
15:40:27.242 @LED012 在职
15:40:27.242 @LED013 前加工车间
15:40:27.242 @LED014 0
15:40:27.242 @LED015 9
15:40:27.243 @LED016 104.4
15:40:27.246 @LED001 20181207001
15:40:27.246 @LED002 10058
15:40:27.246 @LED003 李光云
15:40:27.246 @LED004 装配工
15:40:27.246 @LED005 
15:40:27.247 @LED006 
15:40:27.247 @LED007 0
15:40:27.247 @LED008 2018/12/7 8:00:00
15:40:27.247 @LED009 2018/12/7 17:00:00
15:40:27.247 @LED010 9
15:40:27.248 @LED011 
15:40:27.248 @LED012 在职
15:40:27.248 @LED013 前加工车间
15:40:27.248 @LED014 0
15:40:27.248 @LED015 9
15:40:27.248 @LED016 104.4
15:40:27.250 @LED001 20181207001
15:40:27.250 @LED002 10059
15:40:27.250 @LED003 唐春凤
15:40:27.251 @LED004 装配工
15:40:27.251 @LED005 
15:40:27.251 @LED006 
15:40:27.251 @LED007 0
15:40:27.251 @LED008 2018/12/7 8:00:00
15:40:27.252 @LED009 2018/12/7 17:00:00
15:40:27.252 @LED010 9
15:40:27.252 @LED011 
15:40:27.252 @LED012 在职
15:40:27.252 @LED013 前加工车间
15:40:27.253 @LED014 0
15:40:27.253 @LED015 9
15:40:27.253 @LED016 104.4
15:40:27.254 @LED001 20181207001
15:40:27.255 @LED002 10060
15:40:27.255 @LED003 陈朝香
15:40:27.255 @LED004 装配工
15:40:27.255 @LED005 
15:40:27.255 @LED006 
15:40:27.256 @LED007 0
15:40:27.256 @LED008 2018/12/7 8:00:00
15:40:27.256 @LED009 2018/12/7 17:00:00
15:40:27.256 @LED010 9
15:40:27.256 @LED011 
15:40:27.256 @LED012 在职
15:40:27.257 @LED013 前加工车间
15:40:27.257 @LED014 0
15:40:27.257 @LED015 9
15:40:27.257 @LED016 104.4
15:40:27.259 @LED001 20181207001
15:40:27.259 @LED002 10061
15:40:27.259 @LED003 张小婵
15:40:27.260 @LED004 装配工
15:40:27.260 @LED005 
15:40:27.260 @LED006 
15:40:27.260 @LED007 0
15:40:27.260 @LED008 2018/12/7 8:00:00
15:40:27.261 @LED009 2018/12/7 17:00:00
15:40:27.261 @LED010 9
15:40:27.261 @LED011 
15:40:27.261 @LED012 在职
15:40:27.261 @LED013 前加工车间
15:40:27.261 @LED014 0
15:40:27.262 @LED015 9
15:40:27.262 @LED016 104.4
15:40:27.263 @LED001 20181207001
15:40:27.263 @LED002 10062
15:40:27.263 @LED003 曾昭婵
15:40:27.264 @LED004 装配工
15:40:27.264 @LED005 
15:40:27.264 @LED006 
15:40:27.264 @LED007 0
15:40:27.264 @LED008 2018/12/7 8:00:00
15:40:27.264 @LED009 2018/12/7 17:00:00
15:40:27.265 @LED010 20
15:40:27.265 @LED011 
15:40:27.265 @LED012 在职
15:40:27.265 @LED013 前加工车间
15:40:27.265 @LED014 0
15:40:27.266 @LED015 9
15:40:27.266 @LED016 104.4
15:40:27.269 @LED001 20181207001
15:40:27.269 @LED002 10063
15:40:27.269 @LED003 牟飞
15:40:27.269 @LED004 装配工
15:40:27.269 @LED005 
15:40:27.270 @LED006 
15:40:27.270 @LED007 0
15:40:27.270 @LED008 2018/12/7 8:00:00
15:40:27.270 @LED009 2018/12/7 17:00:00
15:40:27.270 @LED010 20
15:40:27.271 @LED011 
15:40:27.271 @LED012 在职
15:40:27.271 @LED013 前加工车间
15:40:27.271 @LED014 0
15:40:27.271 @LED015 9
15:40:27.272 @LED016 104.4
15:40:27.273 @LED001 20181207001
15:40:27.273 @LED002 10064
15:40:27.273 @LED003 牟欢
15:40:27.274 @LED004 装配工
15:40:27.274 @LED005 
15:40:27.274 @LED006 
15:40:27.274 @LED007 0
15:40:27.275 @LED008 2018/12/7 8:00:00
15:40:27.275 @LED009 2018/12/7 17:00:00
15:40:27.275 @LED010 20
15:40:27.275 @LED011 
15:40:27.275 @LED012 在职
15:40:27.275 @LED013 前加工车间
15:40:27.276 @LED014 0
15:40:27.276 @LED015 9
15:40:27.276 @LED016 104.4
15:40:27.278 @LED001 20181207001
15:40:27.278 @LED002 10065
15:40:27.278 @LED003 陶炼
15:40:27.278 @LED004 装配工
15:40:27.278 @LED005 
15:40:27.279 @LED006 
15:40:27.279 @LED007 0
15:40:27.279 @LED008 2018/12/7 8:00:00
15:40:27.279 @LED009 2018/12/7 17:00:00
15:40:27.279 @LED010 20
15:40:27.280 @LED011 
15:40:27.280 @LED012 在职
15:40:27.280 @LED013 前加工车间
15:40:27.281 @LED014 0
15:40:27.281 @LED015 9
15:40:27.282 @LED016 104.4
15:40:27.283 @LED001 20181207001
15:40:27.283 @LED002 10066
15:40:27.283 @LED003 杜光斌
15:40:27.284 @LED004 装配工
15:40:27.284 @LED005 
15:40:27.284 @LED006 
15:40:27.284 @LED007 0
15:40:27.284 @LED008 2018/12/7 8:00:00
15:40:27.285 @LED009 2018/12/7 17:00:00
15:40:27.285 @LED010 20
15:40:27.285 @LED011 
15:40:27.285 @LED012 在职
15:40:27.285 @LED013 前加工车间
15:40:27.285 @LED014 0
15:40:27.286 @LED015 9
15:40:27.286 @LED016 104.4
15:40:27.287 @LED001 20181207001
15:40:27.287 @LED002 10067
15:40:27.288 @LED003 朱大艳
15:40:27.288 @LED004 装配工
15:40:27.288 @LED005 
15:40:27.288 @LED006 
15:40:27.288 @LED007 0
15:40:27.288 @LED008 2018/12/7 8:00:00
15:40:27.289 @LED009 2018/12/7 17:00:00
15:40:27.289 @LED010 20
15:40:27.289 @LED011 
15:40:27.289 @LED012 在职
15:40:27.289 @LED013 前加工车间
15:40:27.289 @LED014 0
15:40:27.290 @LED015 9
15:40:27.290 @LED016 104.4
15:40:27.291 @LED001 20181207001
15:40:27.292 @LED002 10068
15:40:27.292 @LED003 王银祥
15:40:27.292 @LED004 装配工
15:40:27.292 @LED005 
15:40:27.293 @LED006 
15:40:27.293 @LED007 0
15:40:27.293 @LED008 2018/12/7 8:00:00
15:40:27.293 @LED009 2018/12/7 17:00:00
15:40:27.293 @LED010 20
15:40:27.293 @LED011 
15:40:27.294 @LED012 在职
15:40:27.294 @LED013 前加工车间
15:40:27.294 @LED014 0
15:40:27.294 @LED015 9
15:40:27.294 @LED016 104.4
15:40:27.295 @LED001 20181207001
15:40:27.296 @LED002 10069
15:40:27.296 @LED003 王建琼
15:40:27.296 @LED004 装配工
15:40:27.296 @LED005 
15:40:27.296 @LED006 
15:40:27.297 @LED007 0
15:40:27.297 @LED008 2018/12/7 8:00:00
15:40:27.297 @LED009 2018/12/7 17:00:00
15:40:27.297 @LED010 20
15:40:27.297 @LED011 
15:40:27.298 @LED012 在职
15:40:27.298 @LED013 前加工车间
15:40:27.298 @LED014 0
15:40:27.298 @LED015 9
15:40:27.298 @LED016 104.4
15:40:27.299 @LEE001 20181207001
15:40:27.300 @LEE002 GD201810060051
15:40:27.300 @LEE003 140054982
15:40:27.300 @LEE004 JPJ17-铝合金转换框-300*300（电商）
15:40:27.300 @LEE005 10PCS/箱
15:40:27.301 @LEE006 PCS
15:40:27.301 @LEE007 500
15:40:27.301 @LEE008 0
15:40:27.301 @LEE009 300
15:41:19.218 @LEC001 20181204001
15:41:19.219 @LEC017 False
16:02:08.233 @EMP002 系统管理员
16:02:08.233 @EMP033 cebfd1559b68d67688884d7a3d3e8c
16:16:19.686 @EMP002 系统管理员
16:16:19.687 @EMP033 cebfd1559b68d67688884d7a3d3e8c
16:17:02.589 @LEC001 20181207002
16:17:02.589 @LEC002 
16:17:02.589 @LEC003 
16:17:02.589 @LEC004 
16:17:02.589 @LEC005 
16:17:02.590 @LEC006 
16:17:02.590 @LEC007 
16:17:02.590 @LEC008 
16:17:02.590 @LEC009 0504
16:17:02.590 @LEC010 前加工车间
16:17:02.590 @LEC011 0504
16:17:02.590 @LEC012 前加工车间
16:17:02.591 @LEC013 2018/12/7 0:00:00
16:17:02.591 @LEC014 
16:17:02.591 @LEC015 
16:17:02.591 @LEC016 
16:17:02.591 @LEC017 False
16:17:02.591 @LEC018 False
16:17:02.591 @LEC019 0
16:17:02.591 @LEC020 0
16:17:02.592 @LEC021 计时
16:17:02.608 @LED001 20181207002
16:17:02.608 @LED002 10040
16:17:02.608 @LED003 杜福英
16:17:02.609 @LED004 装配工
16:17:02.609 @LED005 
16:17:02.609 @LED006 
16:17:02.609 @LED007 0
16:17:02.609 @LED008 2018/12/7 8:00:00
16:17:02.609 @LED009 2018/12/7 17:00:00
16:17:02.609 @LED010 0
16:17:02.609 @LED011 
16:17:02.609 @LED012 在职
16:17:02.610 @LED013 前加工车间
16:17:02.610 @LED014 0
16:17:02.610 @LED015 9
16:17:02.610 @LED016 0
16:17:02.615 @LED001 20181207002
16:17:02.616 @LED002 10041
16:17:02.616 @LED003 廖仁琼
16:17:02.616 @LED004 装配工
16:17:02.616 @LED005 
16:17:02.617 @LED006 
16:17:02.619 @LED007 0
16:17:02.619 @LED008 2018/12/7 8:00:00
16:17:02.619 @LED009 2018/12/7 17:00:00
16:17:02.620 @LED010 0
16:17:02.620 @LED011 
16:17:02.620 @LED012 在职
16:17:02.620 @LED013 前加工车间
16:17:02.620 @LED014 0
16:17:02.621 @LED015 9
16:17:02.621 @LED016 0
16:17:02.622 @LED001 20181207002
16:17:02.622 @LED002 10042
16:17:02.623 @LED003 李光艳
16:17:02.623 @LED004 装配工
16:17:02.623 @LED005 
16:17:02.623 @LED006 
16:17:02.623 @LED007 0
16:17:02.624 @LED008 2018/12/7 8:00:00
16:17:02.624 @LED009 2018/12/7 17:00:00
16:17:02.624 @LED010 0
16:17:02.624 @LED011 
16:17:02.624 @LED012 在职
16:17:02.625 @LED013 前加工车间
16:17:02.625 @LED014 0
16:17:02.625 @LED015 9
16:17:02.625 @LED016 0
16:17:02.628 @LED001 20181207002
16:17:02.629 @LED002 10043
16:17:02.629 @LED003 彭荣泽
16:17:02.629 @LED004 装配工
16:17:02.629 @LED005 
16:17:02.630 @LED006 
16:17:02.630 @LED007 0
16:17:02.630 @LED008 2018/12/7 8:00:00
16:17:02.630 @LED009 2018/12/7 17:00:00
16:17:02.630 @LED010 0
16:17:02.631 @LED011 
16:17:02.631 @LED012 在职
16:17:02.631 @LED013 前加工车间
16:17:02.631 @LED014 0
16:17:02.631 @LED015 9
16:17:02.631 @LED016 0
16:17:02.639 @LED001 20181207002
16:17:02.639 @LED002 10044
16:17:02.639 @LED003 何培凤
16:17:02.639 @LED004 装配工
16:17:02.640 @LED005 
16:17:02.640 @LED006 
16:17:02.640 @LED007 0
16:17:02.640 @LED008 2018/12/7 8:00:00
16:17:02.640 @LED009 2018/12/7 17:00:00
16:17:02.641 @LED010 0
16:17:02.641 @LED011 
16:17:02.641 @LED012 在职
16:17:02.641 @LED013 前加工车间
16:17:02.641 @LED014 0
16:17:02.641 @LED015 9
16:17:02.642 @LED016 0
16:17:02.645 @LED001 20181207002
16:17:02.646 @LED002 10045
16:17:02.646 @LED003 李朝伟
16:17:02.646 @LED004 装配工
16:17:02.646 @LED005 
16:17:02.646 @LED006 
16:17:02.647 @LED007 0
16:17:02.647 @LED008 2018/12/7 8:00:00
16:17:02.647 @LED009 2018/12/7 17:00:00
16:17:02.647 @LED010 0
16:17:02.647 @LED011 
16:17:02.648 @LED012 在职
16:17:02.648 @LED013 前加工车间
16:17:02.648 @LED014 0
16:17:02.648 @LED015 9
16:17:02.648 @LED016 0
16:17:02.653 @LED001 20181207002
16:17:02.653 @LED002 10046
16:17:02.653 @LED003 王培秀
16:17:02.654 @LED004 装配工
16:17:02.654 @LED005 
16:17:02.654 @LED006 
16:17:02.654 @LED007 0
16:17:02.654 @LED008 2018/12/7 8:00:00
16:17:02.655 @LED009 2018/12/7 17:00:00
16:17:02.655 @LED010 0
16:17:02.655 @LED011 
16:17:02.655 @LED012 在职
16:17:02.655 @LED013 前加工车间
16:17:02.656 @LED014 0
16:17:02.656 @LED015 9
16:17:02.656 @LED016 0
16:17:02.657 @LED001 20181207002
16:17:02.657 @LED002 10047
16:17:02.658 @LED003 谢武林
16:17:02.659 @LED004 装配工
16:17:02.659 @LED005 
16:17:02.659 @LED006 
16:17:02.659 @LED007 0
16:17:02.659 @LED008 2018/12/7 8:00:00
16:17:02.660 @LED009 2018/12/7 17:00:00
16:17:02.660 @LED010 0
16:17:02.660 @LED011 
16:17:02.660 @LED012 在职
16:17:02.660 @LED013 前加工车间
16:17:02.660 @LED014 0
16:17:02.661 @LED015 9
16:17:02.661 @LED016 0
16:17:02.663 @LED001 20181207002
16:17:02.663 @LED002 10048
16:17:02.664 @LED003 王程平
16:17:02.664 @LED004 装配工
16:17:02.664 @LED005 
16:17:02.664 @LED006 
16:17:02.664 @LED007 0
16:17:02.664 @LED008 2018/12/7 8:00:00
16:17:02.665 @LED009 2018/12/7 17:00:00
16:17:02.665 @LED010 0
16:17:02.665 @LED011 
16:17:02.665 @LED012 在职
16:17:02.665 @LED013 前加工车间
16:17:02.666 @LED014 0
16:17:02.666 @LED015 9
16:17:02.666 @LED016 0
16:17:02.667 @LED001 20181207002
16:17:02.668 @LED002 10049
16:17:02.668 @LED003 韩英
16:17:02.668 @LED004 装配工
16:17:02.668 @LED005 
16:17:02.668 @LED006 
16:17:02.668 @LED007 0
16:17:02.669 @LED008 2018/12/7 8:00:00
16:17:02.669 @LED009 2018/12/7 17:00:00
16:17:02.669 @LED010 0
16:17:02.669 @LED011 
16:17:02.669 @LED012 在职
16:17:02.670 @LED013 前加工车间
16:17:02.670 @LED014 0
16:17:02.670 @LED015 9
16:17:02.670 @LED016 0
16:17:02.678 @LED001 20181207002
16:17:02.678 @LED002 10050
16:17:02.679 @LED003 杨海霞
16:17:02.679 @LED004 装配工
16:17:02.679 @LED005 
16:17:02.679 @LED006 
16:17:02.679 @LED007 0
16:17:02.679 @LED008 2018/12/7 8:00:00
16:17:02.680 @LED009 2018/12/7 17:00:00
16:17:02.680 @LED010 0
16:17:02.680 @LED011 
16:17:02.680 @LED012 在职
16:17:02.680 @LED013 前加工车间
16:17:02.681 @LED014 0
16:17:02.681 @LED015 9
16:17:02.681 @LED016 0
16:17:02.683 @LED001 20181207002
16:17:02.683 @LED002 10051
16:17:02.683 @LED003 熊华美
16:17:02.683 @LED004 装配工
16:17:02.684 @LED005 
16:17:02.684 @LED006 
16:17:02.684 @LED007 0
16:17:02.684 @LED008 2018/12/7 8:00:00
16:17:02.684 @LED009 2018/12/7 17:00:00
16:17:02.685 @LED010 0
16:17:02.685 @LED011 
16:17:02.685 @LED012 在职
16:17:02.685 @LED013 前加工车间
16:17:02.685 @LED014 0
16:17:02.685 @LED015 9
16:17:02.686 @LED016 0
16:17:02.687 @LED001 20181207002
16:17:02.687 @LED002 10052
16:17:02.687 @LED003 孙琼莲
16:17:02.688 @LED004 装配工
16:17:02.688 @LED005 
16:17:02.688 @LED006 
16:17:02.688 @LED007 0
16:17:02.688 @LED008 2018/12/7 8:00:00
16:17:02.689 @LED009 2018/12/7 17:00:00
16:17:02.689 @LED010 0
16:17:02.689 @LED011 
16:17:02.689 @LED012 在职
16:17:02.689 @LED013 前加工车间
16:17:02.690 @LED014 0
16:17:02.690 @LED015 9
16:17:02.690 @LED016 0
16:17:02.692 @LED001 20181207002
16:17:02.693 @LED002 10053
16:17:02.693 @LED003 李林菊
16:17:02.693 @LED004 装配工
16:17:02.693 @LED005 
16:17:02.694 @LED006 
16:17:02.694 @LED007 0
16:17:02.694 @LED008 2018/12/7 8:00:00
16:17:02.694 @LED009 2018/12/7 17:00:00
16:17:02.694 @LED010 0
16:17:02.695 @LED011 
16:17:02.695 @LED012 在职
16:17:02.695 @LED013 前加工车间
16:17:02.695 @LED014 0
16:17:02.695 @LED015 9
16:17:02.696 @LED016 0
16:17:02.697 @LED001 20181207002
16:17:02.697 @LED002 10054
16:17:02.697 @LED003 吴群英
16:17:02.697 @LED004 装配工
16:17:02.698 @LED005 
16:17:02.698 @LED006 
16:17:02.698 @LED007 0
16:17:02.698 @LED008 2018/12/7 8:00:00
16:17:02.698 @LED009 2018/12/7 17:00:00
16:17:02.699 @LED010 0
16:17:02.699 @LED011 
16:17:02.699 @LED012 在职
16:17:02.699 @LED013 前加工车间
16:17:02.699 @LED014 0
16:17:02.700 @LED015 9
16:17:02.700 @LED016 0
16:17:02.701 @LED001 20181207002
16:17:02.701 @LED002 10055
16:17:02.702 @LED003 杨琴
16:17:02.702 @LED004 装配工
16:17:02.702 @LED005 
16:17:02.702 @LED006 
16:17:02.702 @LED007 0
16:17:02.703 @LED008 2018/12/7 8:00:00
16:17:02.703 @LED009 2018/12/7 17:00:00
16:17:02.703 @LED010 0
16:17:02.703 @LED011 
16:17:02.703 @LED012 在职
16:17:02.704 @LED013 前加工车间
16:17:02.704 @LED014 0
16:17:02.704 @LED015 9
16:17:02.704 @LED016 0
16:17:02.705 @LED001 20181207002
16:17:02.706 @LED002 10056
16:17:02.706 @LED003 韩艳
16:17:02.706 @LED004 装配工
16:17:02.706 @LED005 
16:17:02.707 @LED006 
16:17:02.707 @LED007 0
16:17:02.707 @LED008 2018/12/7 8:00:00
16:17:02.707 @LED009 2018/12/7 17:00:00
16:17:02.707 @LED010 0
16:17:02.708 @LED011 
16:17:02.708 @LED012 在职
16:17:02.708 @LED013 前加工车间
16:17:02.708 @LED014 0
16:17:02.708 @LED015 9
16:17:02.708 @LED016 0
16:17:02.710 @LED001 20181207002
16:17:02.710 @LED002 10057
16:17:02.710 @LED003 张瑜
16:17:02.710 @LED004 装配工
16:17:02.710 @LED005 
16:17:02.710 @LED006 
16:17:02.711 @LED007 0
16:17:02.711 @LED008 2018/12/7 8:00:00
16:17:02.711 @LED009 2018/12/7 17:00:00
16:17:02.711 @LED010 0
16:17:02.711 @LED011 
16:17:02.712 @LED012 在职
16:17:02.712 @LED013 前加工车间
16:17:02.712 @LED014 0
16:17:02.712 @LED015 9
16:17:02.712 @LED016 0
16:17:02.714 @LED001 20181207002
16:17:02.715 @LED002 10058
16:17:02.715 @LED003 李光云
16:17:02.715 @LED004 装配工
16:17:02.715 @LED005 
16:17:02.715 @LED006 
16:17:02.716 @LED007 0
16:17:02.716 @LED008 2018/12/7 8:00:00
16:17:02.716 @LED009 2018/12/7 17:00:00
16:17:02.716 @LED010 0
16:17:02.716 @LED011 
16:17:02.717 @LED012 在职
16:17:02.717 @LED013 前加工车间
16:17:02.717 @LED014 0
16:17:02.717 @LED015 9
16:17:02.717 @LED016 0
16:17:02.719 @LED001 20181207002
16:17:02.719 @LED002 10059
16:17:02.719 @LED003 唐春凤
16:17:02.719 @LED004 装配工
16:17:02.720 @LED005 
16:17:02.720 @LED006 
16:17:02.720 @LED007 0
16:17:02.720 @LED008 2018/12/7 8:00:00
16:17:02.720 @LED009 2018/12/7 17:00:00
16:17:02.721 @LED010 0
16:17:02.721 @LED011 
16:17:02.721 @LED012 在职
16:17:02.721 @LED013 前加工车间
16:17:02.721 @LED014 0
16:17:02.721 @LED015 9
16:17:02.722 @LED016 0
16:17:02.723 @LED001 20181207002
16:17:02.724 @LED002 10060
16:17:02.724 @LED003 陈朝香
16:17:02.724 @LED004 装配工
16:17:02.724 @LED005 
16:17:02.724 @LED006 
16:17:02.725 @LED007 0
16:17:02.725 @LED008 2018/12/7 8:00:00
16:17:02.725 @LED009 2018/12/7 17:00:00
16:17:02.725 @LED010 0
16:17:02.725 @LED011 
16:17:02.726 @LED012 在职
16:17:02.726 @LED013 前加工车间
16:17:02.726 @LED014 0
16:17:02.726 @LED015 9
16:17:02.726 @LED016 0
16:17:02.728 @LED001 20181207002
16:17:02.728 @LED002 10061
16:17:02.728 @LED003 张小婵
16:17:02.728 @LED004 装配工
16:17:02.729 @LED005 
16:17:02.729 @LED006 
16:17:02.729 @LED007 0
16:17:02.729 @LED008 2018/12/7 8:00:00
16:17:02.729 @LED009 2018/12/7 17:00:00
16:17:02.729 @LED010 0
16:17:02.730 @LED011 
16:17:02.730 @LED012 在职
16:17:02.730 @LED013 前加工车间
16:17:02.730 @LED014 0
16:17:02.730 @LED015 9
16:17:02.731 @LED016 0
16:17:02.732 @LED001 20181207002
16:17:02.732 @LED002 10062
16:17:02.733 @LED003 曾昭婵
16:17:02.733 @LED004 装配工
16:17:02.733 @LED005 
16:17:02.733 @LED006 
16:17:02.733 @LED007 0
16:17:02.734 @LED008 2018/12/7 8:00:00
16:17:02.734 @LED009 2018/12/7 17:00:00
16:17:02.734 @LED010 0
16:17:02.734 @LED011 
16:17:02.734 @LED012 在职
16:17:02.735 @LED013 前加工车间
16:17:02.735 @LED014 0
16:17:02.735 @LED015 9
16:17:02.735 @LED016 0
16:17:02.737 @LED001 20181207002
16:17:02.737 @LED002 10063
16:17:02.737 @LED003 牟飞
16:17:02.737 @LED004 装配工
16:17:02.738 @LED005 
16:17:02.738 @LED006 
16:17:02.738 @LED007 0
16:17:02.738 @LED008 2018/12/7 8:00:00
16:17:02.738 @LED009 2018/12/7 17:00:00
16:17:02.739 @LED010 0
16:17:02.739 @LED011 
16:17:02.739 @LED012 在职
16:17:02.739 @LED013 前加工车间
16:17:02.739 @LED014 0
16:17:02.740 @LED015 9
16:17:02.740 @LED016 0
16:17:02.741 @LED001 20181207002
16:17:02.741 @LED002 10064
16:17:02.742 @LED003 牟欢
16:17:02.742 @LED004 装配工
16:17:02.742 @LED005 
16:17:02.742 @LED006 
16:17:02.742 @LED007 0
16:17:02.743 @LED008 2018/12/7 8:00:00
16:17:02.743 @LED009 2018/12/7 17:00:00
16:17:02.743 @LED010 0
16:17:02.743 @LED011 
16:17:02.743 @LED012 在职
16:17:02.743 @LED013 前加工车间
16:17:02.744 @LED014 0
16:17:02.744 @LED015 9
16:17:02.744 @LED016 0
16:17:02.745 @LED001 20181207002
16:17:02.746 @LED002 10065
16:17:02.746 @LED003 陶炼
16:17:02.746 @LED004 装配工
16:17:02.746 @LED005 
16:17:02.747 @LED006 
16:17:02.747 @LED007 0
16:17:02.747 @LED008 2018/12/7 8:00:00
16:17:02.748 @LED009 2018/12/7 17:00:00
16:17:02.748 @LED010 0
16:17:02.748 @LED011 
16:17:02.748 @LED012 在职
16:17:02.748 @LED013 前加工车间
16:17:02.749 @LED014 0
16:17:02.749 @LED015 9
16:17:02.749 @LED016 0
16:17:02.750 @LED001 20181207002
16:17:02.751 @LED002 10066
16:17:02.751 @LED003 杜光斌
16:17:02.751 @LED004 装配工
16:17:02.751 @LED005 
16:17:02.751 @LED006 
16:17:02.752 @LED007 0
16:17:02.752 @LED008 2018/12/7 8:00:00
16:17:02.752 @LED009 2018/12/7 17:00:00
16:17:02.752 @LED010 0
16:17:02.752 @LED011 
16:17:02.753 @LED012 在职
16:17:02.753 @LED013 前加工车间
16:17:02.753 @LED014 0
16:17:02.753 @LED015 9
16:17:02.753 @LED016 0
16:17:02.755 @LED001 20181207002
16:17:02.755 @LED002 10067
16:17:02.755 @LED003 朱大艳
16:17:02.755 @LED004 装配工
16:17:02.756 @LED005 
16:17:02.756 @LED006 
16:17:02.756 @LED007 0
16:17:02.756 @LED008 2018/12/7 8:00:00
16:17:02.756 @LED009 2018/12/7 17:00:00
16:17:02.757 @LED010 0
16:17:02.757 @LED011 
16:17:02.757 @LED012 在职
16:17:02.757 @LED013 前加工车间
16:17:02.757 @LED014 0
16:17:02.758 @LED015 9
16:17:02.758 @LED016 0
16:17:02.759 @LED001 20181207002
16:17:02.759 @LED002 10068
16:17:02.760 @LED003 王银祥
16:17:02.760 @LED004 装配工
16:17:02.760 @LED005 
16:17:02.760 @LED006 
16:17:02.760 @LED007 0
16:17:02.761 @LED008 2018/12/7 8:00:00
16:17:02.761 @LED009 2018/12/7 17:00:00
16:17:02.761 @LED010 0
16:17:02.761 @LED011 
16:17:02.761 @LED012 在职
16:17:02.762 @LED013 前加工车间
16:17:02.762 @LED014 0
16:17:02.762 @LED015 9
16:17:02.762 @LED016 0
16:17:02.765 @LED001 20181207002
16:17:02.765 @LED002 10069
16:17:02.765 @LED003 王建琼
16:17:02.765 @LED004 装配工
16:17:02.765 @LED005 
16:17:02.766 @LED006 
16:17:02.766 @LED007 0
16:17:02.766 @LED008 2018/12/7 8:00:00
16:17:02.766 @LED009 2018/12/7 17:00:00
16:17:02.766 @LED010 0
16:17:02.766 @LED011 
16:17:02.767 @LED012 在职
16:17:02.767 @LED013 前加工车间
16:17:02.767 @LED014 0
16:17:02.767 @LED015 9
16:17:02.767 @LED016 0
16:19:00.343 @EMP002 系统管理员
16:19:00.343 @EMP033 cebfd1559b68d67688884d7a3d3e8c
16:19:38.693 @LEF001 20181128001
16:19:38.694 @LEF017 False
16:19:47.604 @PAN001 20181204002
16:19:47.604 @PAN009 False
16:25:44.763 @EMP002 系统管理员
16:25:44.764 @EMP033 cebfd1559b68d67688884d7a3d3e8c
16:53:52.266 @EMP002 系统管理员
16:53:52.266 @EMP033 cebfd1559b68d67688884d7a3d3e8c
16:54:46.128 @EMP002 系统管理员
16:54:46.129 @EMP033 cebfd1559b68d67688884d7a3d3e8c
16:59:20.045 @EMP002 系统管理员
16:59:20.046 @EMP033 cebfd1559b68d67688884d7a3d3e8c
17:42:49.743 @EMP002 系统管理员
17:42:49.744 @EMP033 cebfd1559b68d67688884d7a3d3e8c
