08:31:55.504  异常信息：远程服务器返回错误: (404) 未找到。
  堆栈信息:   在 AutoUpdate.AppUpdate.DownloadFile(String url, String localFilePath) 位置 D:\ProjectData\MiKe\LineProductMes\LineProductMes\ClassForMain\AppUpdate.cs:行号 243
   在 AutoUpdate.AppUpdate.CheckAppVersion(String& msg) 位置 D:\ProjectData\MiKe\LineProductMes\LineProductMes\ClassForMain\AppUpdate.cs:行号 310
08:32:02.328 @EMP002 系统管理员
08:32:02.333 @EMP033 cebfd1559b68d67688884d7a3d3e8c
08:36:46.368  异常信息：远程服务器返回错误: (404) 未找到。
  堆栈信息:   在 AutoUpdate.AppUpdate.DownloadFile(String url, String localFilePath) 位置 D:\ProjectData\MiKe\LineProductMes\LineProductMes\ClassForMain\AppUpdate.cs:行号 243
   在 AutoUpdate.AppUpdate.CheckAppVersion(String& msg) 位置 D:\ProjectData\MiKe\LineProductMes\LineProductMes\ClassForMain\AppUpdate.cs:行号 310
08:36:51.508 @EMP002 系统管理员
08:36:51.510 @EMP033 cebfd1559b68d67688884d7a3d3e8c
08:40:23.022  异常信息：远程服务器返回错误: (404) 未找到。
  堆栈信息:   在 AutoUpdate.AppUpdate.DownloadFile(String url, String localFilePath) 位置 D:\ProjectData\MiKe\LineProductMes\LineProductMes\ClassForMain\AppUpdate.cs:行号 243
   在 AutoUpdate.AppUpdate.CheckAppVersion(String& msg) 位置 D:\ProjectData\MiKe\LineProductMes\LineProductMes\ClassForMain\AppUpdate.cs:行号 310
08:40:27.779 @EMP002 系统管理员
08:40:27.780 @EMP033 cebfd1559b68d67688884d7a3d3e8c
08:42:17.693  异常信息：远程服务器返回错误: (404) 未找到。
  堆栈信息:   在 AutoUpdate.AppUpdate.DownloadFile(String url, String localFilePath) 位置 D:\ProjectData\MiKe\LineProductMes\LineProductMes\ClassForMain\AppUpdate.cs:行号 243
   在 AutoUpdate.AppUpdate.CheckAppVersion(String& msg) 位置 D:\ProjectData\MiKe\LineProductMes\LineProductMes\ClassForMain\AppUpdate.cs:行号 310
08:42:22.398 @EMP002 系统管理员
08:42:22.400 @EMP033 cebfd1559b68d67688884d7a3d3e8c
08:45:18.056  异常信息：远程服务器返回错误: (404) 未找到。
  堆栈信息:   在 AutoUpdate.AppUpdate.DownloadFile(String url, String localFilePath) 位置 D:\ProjectData\MiKe\LineProductMes\LineProductMes\ClassForMain\AppUpdate.cs:行号 243
   在 AutoUpdate.AppUpdate.CheckAppVersion(String& msg) 位置 D:\ProjectData\MiKe\LineProductMes\LineProductMes\ClassForMain\AppUpdate.cs:行号 310
08:45:22.468 @EMP002 系统管理员
08:45:22.470 @EMP033 cebfd1559b68d67688884d7a3d3e8c
09:05:06.409  异常信息：远程服务器返回错误: (404) 未找到。
  堆栈信息:   在 AutoUpdate.AppUpdate.DownloadFile(String url, String localFilePath) 位置 D:\ProjectData\MiKe\LineProductMes\LineProductMes\ClassForMain\AppUpdate.cs:行号 243
   在 AutoUpdate.AppUpdate.CheckAppVersion(String& msg) 位置 D:\ProjectData\MiKe\LineProductMes\LineProductMes\ClassForMain\AppUpdate.cs:行号 310
09:05:11.139 @EMP002 系统管理员
09:05:11.142 @EMP033 cebfd1559b68d67688884d7a3d3e8c
09:23:42.581  异常信息：远程服务器返回错误: (404) 未找到。
  堆栈信息:   在 AutoUpdate.AppUpdate.DownloadFile(String url, String localFilePath) 位置 D:\ProjectData\MiKe\LineProductMes\LineProductMes\ClassForMain\AppUpdate.cs:行号 243
   在 AutoUpdate.AppUpdate.CheckAppVersion(String& msg) 位置 D:\ProjectData\MiKe\LineProductMes\LineProductMes\ClassForMain\AppUpdate.cs:行号 310
09:23:49.104 @EMP002 系统管理员
09:23:49.105 @EMP033 cebfd1559b68d67688884d7a3d3e8c
09:24:38.595 @HAW001 20180822001
09:24:38.597 @HAW002 GD201806160024
09:24:38.599 @HAW003 202101340
09:24:38.600 @HAW004 JSYH02-XM面板-丝印
09:24:38.602 @HAW005 冲压-丝印
09:24:38.604 @HAW006 PCS
09:24:38.605 @HAW007 504
09:24:38.607 @HAW008 0
09:24:38.608 @HAW009 0
09:24:38.609 @HAW010 2018/8/22 0:00:00
09:24:38.610 @HAW011 计件
09:24:38.612 @HAW012 0501
09:24:38.613 @HAW013 五金车间
09:24:38.614 @HAW014 0501
09:24:38.616 @HAW015 五金车间
09:24:38.617 @HAW016 
09:24:38.618 @HAW017 
09:24:38.620 @HAW018 False
09:24:38.621 @HAW019 False
09:24:38.626 @HAX001 20180822001
09:24:38.628 @HAX002 10002
09:24:38.630 @HAX003 吴征义
09:24:38.631 @HAX004 成品搬运工
09:24:38.633 @HAX005 01
09:24:38.634 @HAX006 冲压
09:24:38.636 @HAX007 2
09:24:38.637 @HAX008 300
09:24:38.638 @HAX009 2018/8/22 8:00:00
09:24:38.640 @HAX010 2018/8/22 17:00:00
09:24:38.641 @HAX011 
09:24:38.643 @HAX012 
09:24:38.645 @HAX013 0
09:24:38.646 @HAX014 
09:24:38.647 @HAX015 在职
09:24:38.649 @HAX016 001
09:24:38.652 @HAX001 20180822001
09:24:38.654 @HAX002 10003
09:24:38.655 @HAX003 王世洪
09:24:38.656 @HAX004 成品搬运工
09:24:38.658 @HAX005 08
09:24:38.659 @HAX006 切割
09:24:38.661 @HAX007 3
09:24:38.662 @HAX008 430
09:24:38.663 @HAX009 2018/8/22 8:00:00
09:24:38.664 @HAX010 2018/8/22 17:00:00
09:24:38.666 @HAX011 
09:24:38.667 @HAX012 
09:24:38.668 @HAX013 0
09:24:38.669 @HAX014 
09:24:38.670 @HAX015 在职
09:24:38.671 @HAX016 002
09:24:38.674 @HAX001 20180822001
09:24:38.675 @HAX002 10004
09:24:38.677 @HAX003 李守军
09:24:38.678 @HAX004 成品搬运工
09:24:38.679 @HAX005 01
09:24:38.680 @HAX006 冲压
09:24:38.682 @HAX007 4
09:24:38.683 @HAX008 250
09:24:38.684 @HAX009 2018/8/22 8:00:00
09:24:38.685 @HAX010 2018/8/22 17:00:00
09:24:38.686 @HAX011 
09:24:38.688 @HAX012 
09:24:38.689 @HAX013 0
09:24:38.690 @HAX014 
09:24:38.692 @HAX015 在职
09:24:38.693 @HAX016 003
10:08:13.009  异常信息：远程服务器返回错误: (404) 未找到。
  堆栈信息:   在 AutoUpdate.AppUpdate.DownloadFile(String url, String localFilePath) 位置 D:\ProjectData\MiKe\LineProductMes\LineProductMes\ClassForMain\AppUpdate.cs:行号 243
   在 AutoUpdate.AppUpdate.CheckAppVersion(String& msg) 位置 D:\ProjectData\MiKe\LineProductMes\LineProductMes\ClassForMain\AppUpdate.cs:行号 310
10:08:18.300 @EMP002 系统管理员
10:08:18.301 @EMP033 cebfd1559b68d67688884d7a3d3e8c
10:11:50.705  异常信息：远程服务器返回错误: (404) 未找到。
  堆栈信息:   在 AutoUpdate.AppUpdate.DownloadFile(String url, String localFilePath) 位置 D:\ProjectData\MiKe\LineProductMes\LineProductMes\ClassForMain\AppUpdate.cs:行号 243
   在 AutoUpdate.AppUpdate.CheckAppVersion(String& msg) 位置 D:\ProjectData\MiKe\LineProductMes\LineProductMes\ClassForMain\AppUpdate.cs:行号 310
10:11:58.037 @EMP002 系统管理员
10:11:58.040 @EMP033 cebfd1559b68d67688884d7a3d3e8c
10:13:37.696  异常信息：远程服务器返回错误: (404) 未找到。
  堆栈信息:   在 AutoUpdate.AppUpdate.DownloadFile(String url, String localFilePath) 位置 D:\ProjectData\MiKe\LineProductMes\LineProductMes\ClassForMain\AppUpdate.cs:行号 243
   在 AutoUpdate.AppUpdate.CheckAppVersion(String& msg) 位置 D:\ProjectData\MiKe\LineProductMes\LineProductMes\ClassForMain\AppUpdate.cs:行号 310
10:13:43.150 @EMP002 系统管理员
10:13:43.153 @EMP033 cebfd1559b68d67688884d7a3d3e8c
10:14:10.771 @HAW002 GD201806160024
10:14:10.772 @HAW003 202101340
10:14:10.774 @HAW004 JSYH02-XM面板-丝印
10:14:10.776 @HAW005 冲压-丝印
10:14:10.777 @HAW006 PCS
10:14:10.779 @HAW007 504
10:14:10.780 @HAW008 0.000000
10:14:10.781 @HAW009 0
10:14:10.782 @HAW010 2018/8/22 0:00:00
10:14:10.784 @HAW011 计件
10:14:10.786 @HAW012 0501
10:14:10.787 @HAW013 五金车间
10:14:10.789 @HAW014 0501
10:14:10.790 @HAW015 五金车间
10:14:10.792 @HAW016 
10:14:10.795 @HAW017 
10:14:10.797 @HAW018 False
10:14:10.799 @HAW019 False
10:14:10.802 @HAW001 20180822001
10:14:10.811 @HAX003 吴征义
10:14:10.813 @HAX004 成品搬运工
10:14:10.815 @HAX005 01
10:14:10.817 @HAX006 冲压
10:14:10.818 @HAX007 2.000000
10:14:10.820 @HAX008 300
10:14:10.821 @HAX009 2018/8/22 8:00:00
10:14:10.823 @HAX010 2018/8/22 17:00:00
10:14:10.825 @HAX011 
10:14:10.827 @HAX012 
10:14:10.829 @HAX013 0.000000
10:14:10.830 @HAX014 
10:14:10.831 @HAX015 在职
10:14:10.833 @HAX016 001
10:14:10.835 @idx 14
10:14:10.847 @HAX003 王世洪
10:14:10.849 @HAX004 成品搬运工
10:14:10.851 @HAX005 08
10:14:10.853 @HAX006 切割
10:14:10.856 @HAX007 3.000000
10:14:10.858 @HAX008 430
10:14:10.860 @HAX009 2018/8/22 8:00:00
10:14:10.861 @HAX010 2018/8/22 17:00:00
10:14:10.863 @HAX011 
10:14:10.865 @HAX012 
10:14:10.867 @HAX013 0.000000
10:14:10.868 @HAX014 
10:14:10.869 @HAX015 在职
10:14:10.870 @HAX016 002
10:14:10.872 @idx 15
10:14:10.878 @HAX003 李守军
10:14:10.879 @HAX004 成品搬运工
10:14:10.881 @HAX005 01
10:14:10.883 @HAX006 冲压
10:14:10.885 @HAX007 4.000000
10:14:10.886 @HAX008 250
10:14:10.888 @HAX009 2018/8/22 8:00:00
10:14:10.890 @HAX010 2018/8/22 17:00:00
10:14:10.891 @HAX011 
10:14:10.893 @HAX012 
10:14:10.895 @HAX013 0.000000
10:14:10.897 @HAX014 
10:14:10.898 @HAX015 在职
10:14:10.900 @HAX016 003
10:14:10.901 @idx 16
10:14:10.903 @HAX003 潘传慧
10:14:10.904 @HAX004 发货员
10:14:10.906 @HAX005 01
10:14:10.907 @HAX006 冲压
10:14:10.908 @HAX007 2
10:14:10.910 @HAX008 360
10:14:10.911 @HAX009 2018/8/22 8:00:00
10:14:10.912 @HAX010 2018/8/22 17:00:00
10:14:10.913 @HAX011 
10:14:10.914 @HAX012 
10:14:10.916 @HAX013 0
10:14:10.918 @HAX014 
10:14:10.919 @HAX015 在职
10:14:10.921 @HAX016 001
10:14:10.922 @idx 0
10:14:31.765 @HAW002 GD201806160024
10:14:31.769 @HAW003 202101340
10:14:31.771 @HAW004 JSYH02-XM面板-丝印
10:14:31.773 @HAW005 冲压-丝印
10:14:31.776 @HAW006 PCS
10:14:31.779 @HAW007 504
10:14:31.782 @HAW008 0.000000
10:14:31.787 @HAW009 0
10:14:31.790 @HAW010 2018/8/22 0:00:00
10:14:31.792 @HAW011 计件
10:14:31.793 @HAW012 0501
10:14:31.794 @HAW013 五金车间
10:14:31.796 @HAW014 0501
10:14:31.797 @HAW015 五金车间
10:14:31.798 @HAW016 
10:14:31.799 @HAW017 
10:14:31.802 @HAW018 False
10:14:31.803 @HAW019 False
10:14:31.804 @HAW001 20180822001
10:14:31.807 @HAX003 吴征义
10:14:31.809 @HAX004 成品搬运工
10:14:31.810 @HAX005 01
10:14:31.811 @HAX006 冲压
10:14:31.812 @HAX007 2.000000
10:14:31.813 @HAX008 300
10:14:31.815 @HAX009 2018/8/22 8:00:00
10:14:31.816 @HAX010 2018/8/22 17:00:00
10:14:31.817 @HAX011 
10:14:31.819 @HAX012 
10:14:31.820 @HAX013 0.000000
10:14:31.821 @HAX014 
10:14:31.822 @HAX015 在职
10:14:31.823 @HAX016 001
10:14:31.824 @idx 14
10:14:31.827 @HAX003 王世洪
10:14:31.828 @HAX004 成品搬运工
10:14:31.830 @HAX005 08
10:14:31.831 @HAX006 切割
10:14:31.832 @HAX007 3.000000
10:14:31.833 @HAX008 430
10:14:31.834 @HAX009 2018/8/22 8:00:00
10:14:31.836 @HAX010 2018/8/22 17:00:00
10:14:31.837 @HAX011 
10:14:31.839 @HAX012 
10:14:31.840 @HAX013 0.000000
10:14:31.841 @HAX014 
10:14:31.842 @HAX015 在职
10:14:31.844 @HAX016 002
10:14:31.845 @idx 15
10:14:31.848 @HAX003 李守军
10:14:31.849 @HAX004 成品搬运工
10:14:31.850 @HAX005 01
10:14:31.852 @HAX006 冲压
10:14:31.853 @HAX007 4.000000
10:14:31.854 @HAX008 250
10:14:31.855 @HAX009 2018/8/22 8:00:00
10:14:31.857 @HAX010 2018/8/22 17:00:00
10:14:31.858 @HAX011 
10:14:31.859 @HAX012 
10:14:31.860 @HAX013 0.000000
10:14:31.861 @HAX014 
10:14:31.862 @HAX015 在职
10:14:31.863 @HAX016 003
10:14:31.864 @idx 16
10:14:31.867 @HAX003 薛能有
10:14:31.869 @HAX004 发货员
10:14:31.870 @HAX005 01
10:14:31.871 @HAX006 冲压
10:14:31.873 @HAX007 2
10:14:31.874 @HAX008 300
10:14:31.875 @HAX009 2018/8/22 8:00:00
10:14:31.877 @HAX010 2018/8/22 17:00:00
10:14:31.878 @HAX011 
10:14:31.879 @HAX012 
10:14:31.880 @HAX013 0
10:14:31.882 @HAX014 
10:14:31.883 @HAX015 在职
10:14:31.884 @HAX016 001
10:14:31.886 @idx 0
10:17:17.654  异常信息：远程服务器返回错误: (404) 未找到。
  堆栈信息:   在 AutoUpdate.AppUpdate.DownloadFile(String url, String localFilePath) 位置 D:\ProjectData\MiKe\LineProductMes\LineProductMes\ClassForMain\AppUpdate.cs:行号 243
   在 AutoUpdate.AppUpdate.CheckAppVersion(String& msg) 位置 D:\ProjectData\MiKe\LineProductMes\LineProductMes\ClassForMain\AppUpdate.cs:行号 310
10:17:25.797 @EMP002 系统管理员
10:17:25.798 @EMP033 cebfd1559b68d67688884d7a3d3e8c
10:17:49.606 @HAW002 GD201806160024
10:17:49.608 @HAW003 202101340
10:17:49.609 @HAW004 JSYH02-XM面板-丝印
10:17:49.610 @HAW005 冲压-丝印
10:17:49.611 @HAW006 PCS
10:17:49.612 @HAW007 504
10:17:49.614 @HAW008 0.000000
10:17:49.615 @HAW009 0
10:17:49.616 @HAW010 2018/8/22 0:00:00
10:17:49.618 @HAW011 计件
10:17:49.619 @HAW012 0501
10:17:49.620 @HAW013 五金车间
10:17:49.621 @HAW014 0501
10:17:49.623 @HAW015 五金车间
10:17:49.624 @HAW016 
10:17:49.626 @HAW017 
10:17:49.627 @HAW018 False
10:17:49.628 @HAW019 False
10:17:49.630 @HAW001 20180822001
10:17:49.632 @HAX003 吴征义
10:17:49.634 @HAX004 成品搬运工
10:17:49.635 @HAX005 01
10:17:49.636 @HAX006 冲压
10:17:49.638 @HAX007 2.000000
10:17:49.639 @HAX008 300
10:17:49.640 @HAX009 2018/8/22 8:00:00
10:17:49.641 @HAX010 2018/8/22 17:00:00
10:17:49.642 @HAX011 
10:17:49.644 @HAX012 
10:17:49.646 @HAX013 0.000000
10:17:49.647 @HAX014 
10:17:49.648 @HAX015 在职
10:17:49.650 @HAX016 001
10:17:49.651 @idx 14
10:17:49.653 @HAX003 王世洪
10:17:49.654 @HAX004 成品搬运工
10:17:49.656 @HAX005 08
10:17:49.657 @HAX006 切割
10:17:49.658 @HAX007 3.000000
10:17:49.660 @HAX008 430
10:17:49.661 @HAX009 2018/8/22 8:00:00
10:17:49.664 @HAX010 2018/8/22 17:00:00
10:17:49.666 @HAX011 
10:17:49.667 @HAX012 
10:17:49.669 @HAX013 0.000000
10:17:49.670 @HAX014 
10:17:49.672 @HAX015 在职
10:17:49.673 @HAX016 002
10:17:49.674 @idx 15
10:17:49.677 @HAX003 李守军
10:17:49.679 @HAX004 成品搬运工
10:17:49.680 @HAX005 01
10:17:49.682 @HAX006 冲压
10:17:49.683 @HAX007 4.000000
10:17:49.684 @HAX008 250
10:17:49.686 @HAX009 2018/8/22 8:00:00
10:17:49.687 @HAX010 2018/8/22 17:00:00
10:17:49.688 @HAX011 
10:17:49.689 @HAX012 
10:17:49.690 @HAX013 0.000000
10:17:49.692 @HAX014 
10:17:49.693 @HAX015 在职
10:17:49.694 @HAX016 003
10:17:49.696 @idx 16
10:17:49.698 @HAX001 20180822001
10:17:49.700 @HAX002 10013
10:17:49.701 @HAX003 杨友洪
10:17:49.702 @HAX004 发货员
10:17:49.703 @HAX005 01
10:17:49.705 @HAX006 冲压
10:17:49.706 @HAX007 2
10:17:49.708 @HAX008 300
10:17:49.709 @HAX009 2018/8/22 8:00:00
10:17:49.710 @HAX010 2018/8/22 17:00:00
10:17:49.711 @HAX011 
10:17:49.713 @HAX012 
10:17:49.714 @HAX013 0
10:17:49.715 @HAX014 
10:17:49.716 @HAX015 在职
10:17:49.717 @HAX016 001
10:22:16.758  异常信息：远程服务器返回错误: (404) 未找到。
  堆栈信息:   在 AutoUpdate.AppUpdate.DownloadFile(String url, String localFilePath) 位置 D:\ProjectData\MiKe\LineProductMes\LineProductMes\ClassForMain\AppUpdate.cs:行号 243
   在 AutoUpdate.AppUpdate.CheckAppVersion(String& msg) 位置 D:\ProjectData\MiKe\LineProductMes\LineProductMes\ClassForMain\AppUpdate.cs:行号 310
10:22:21.252 @EMP002 系统管理员
10:22:21.253 @EMP033 cebfd1559b68d67688884d7a3d3e8c
10:25:53.866  异常信息：远程服务器返回错误: (404) 未找到。
  堆栈信息:   在 AutoUpdate.AppUpdate.DownloadFile(String url, String localFilePath) 位置 D:\ProjectData\MiKe\LineProductMes\LineProductMes\ClassForMain\AppUpdate.cs:行号 243
   在 AutoUpdate.AppUpdate.CheckAppVersion(String& msg) 位置 D:\ProjectData\MiKe\LineProductMes\LineProductMes\ClassForMain\AppUpdate.cs:行号 310
10:25:58.868 @EMP002 系统管理员
10:25:58.869 @EMP033 cebfd1559b68d67688884d7a3d3e8c
10:35:35.659  异常信息：远程服务器返回错误: (404) 未找到。
  堆栈信息:   在 AutoUpdate.AppUpdate.DownloadFile(String url, String localFilePath) 位置 D:\ProjectData\MiKe\LineProductMes\LineProductMes\ClassForMain\AppUpdate.cs:行号 243
   在 AutoUpdate.AppUpdate.CheckAppVersion(String& msg) 位置 D:\ProjectData\MiKe\LineProductMes\LineProductMes\ClassForMain\AppUpdate.cs:行号 310
10:35:40.951 @EMP002 系统管理员
10:35:40.953 @EMP033 cebfd1559b68d67688884d7a3d3e8c
10:36:01.596 @HAW002 GD201806160024
10:36:01.598 @HAW003 202101340
10:36:01.599 @HAW004 JSYH02-XM面板-丝印
10:36:01.600 @HAW005 冲压-丝印
10:36:01.601 @HAW006 PCS
10:36:01.602 @HAW007 504
10:36:01.603 @HAW008 0.000000
10:36:01.604 @HAW009 0
10:36:01.606 @HAW010 2018/8/22 0:00:00
10:36:01.607 @HAW011 计件
10:36:01.608 @HAW012 0501
10:36:01.609 @HAW013 五金车间
10:36:01.611 @HAW014 0501
10:36:01.613 @HAW015 五金车间
10:36:01.615 @HAW016 
10:36:01.616 @HAW017 
10:36:01.618 @HAW018 False
10:36:01.619 @HAW019 False
10:36:01.621 @HAW001 20180822001
10:36:01.623 @HAX003 吴征义
10:36:01.625 @HAX004 成品搬运工
10:36:01.626 @HAX005 01
10:36:01.627 @HAX006 冲压
10:36:01.629 @HAX007 2.000000
10:36:01.630 @HAX008 300
10:36:01.631 @HAX009 2018/8/22 8:00:00
10:36:01.632 @HAX010 2018/8/22 17:00:00
10:36:01.633 @HAX011 
10:36:01.634 @HAX012 
10:36:01.636 @HAX013 0.000000
10:36:01.638 @HAX014 
10:36:01.640 @HAX015 在职
10:36:01.641 @HAX016 001
10:36:01.642 @idx 14
10:36:01.644 @HAX003 王世洪
10:36:01.645 @HAX004 成品搬运工
10:36:01.647 @HAX005 08
10:36:01.649 @HAX006 切割
10:36:01.650 @HAX007 3.000000
10:36:01.651 @HAX008 430
10:36:01.653 @HAX009 2018/8/22 8:00:00
10:36:01.654 @HAX010 2018/8/22 17:00:00
10:36:01.655 @HAX011 
10:36:01.657 @HAX012 
10:36:01.658 @HAX013 0.000000
10:36:01.659 @HAX014 
10:36:01.661 @HAX015 在职
10:36:01.662 @HAX016 002
10:36:01.664 @idx 15
10:36:01.667 @HAX003 李守军
10:36:01.669 @HAX004 成品搬运工
10:36:01.670 @HAX005 01
10:36:01.672 @HAX006 冲压
10:36:01.673 @HAX007 4.000000
10:36:01.675 @HAX008 250
10:36:01.676 @HAX009 2018/8/22 8:00:00
10:36:01.677 @HAX010 2018/8/22 17:00:00
10:36:01.683 @HAX011 
10:36:01.686 @HAX012 
10:36:01.687 @HAX013 0.000000
10:36:01.689 @HAX014 
10:36:01.690 @HAX015 在职
10:36:01.691 @HAX016 003
10:36:01.692 @idx 16
10:36:01.695 @HAX003 杨友洪
10:36:01.696 @HAX004 发货员
10:36:01.698 @HAX005 01
10:36:01.699 @HAX006 冲压
10:36:01.700 @HAX007 2.000000
10:36:01.702 @HAX008 204
10:36:01.703 @HAX009 2018/8/22 8:00:00
10:36:01.704 @HAX010 2018/8/22 17:00:00
10:36:01.705 @HAX011 
10:36:01.707 @HAX012 
10:36:01.708 @HAX013 0.000000
10:36:01.709 @HAX014 
10:36:01.710 @HAX015 在职
10:36:01.712 @HAX016 001
10:36:01.713 @idx 17
10:40:54.968  异常信息：远程服务器返回错误: (404) 未找到。
  堆栈信息:   在 AutoUpdate.AppUpdate.DownloadFile(String url, String localFilePath) 位置 D:\ProjectData\MiKe\LineProductMes\LineProductMes\ClassForMain\AppUpdate.cs:行号 243
   在 AutoUpdate.AppUpdate.CheckAppVersion(String& msg) 位置 D:\ProjectData\MiKe\LineProductMes\LineProductMes\ClassForMain\AppUpdate.cs:行号 310
10:40:59.000 @EMP002 系统管理员
10:40:59.002 @EMP033 cebfd1559b68d67688884d7a3d3e8c
10:45:47.642  异常信息：远程服务器返回错误: (404) 未找到。
  堆栈信息:   在 AutoUpdate.AppUpdate.DownloadFile(String url, String localFilePath) 位置 D:\ProjectData\MiKe\LineProductMes\LineProductMes\ClassForMain\AppUpdate.cs:行号 243
   在 AutoUpdate.AppUpdate.CheckAppVersion(String& msg) 位置 D:\ProjectData\MiKe\LineProductMes\LineProductMes\ClassForMain\AppUpdate.cs:行号 310
10:45:51.779 @EMP002 系统管理员
10:45:51.781 @EMP033 cebfd1559b68d67688884d7a3d3e8c
10:46:23.778  异常信息：远程服务器返回错误: (404) 未找到。
  堆栈信息:   在 AutoUpdate.AppUpdate.DownloadFile(String url, String localFilePath) 位置 D:\ProjectData\MiKe\LineProductMes\LineProductMes\ClassForMain\AppUpdate.cs:行号 243
   在 AutoUpdate.AppUpdate.CheckAppVersion(String& msg) 位置 D:\ProjectData\MiKe\LineProductMes\LineProductMes\ClassForMain\AppUpdate.cs:行号 310
10:46:27.721 @EMP002 系统管理员
10:46:27.724 @EMP033 cebfd1559b68d67688884d7a3d3e8c
10:47:42.434  异常信息：远程服务器返回错误: (404) 未找到。
  堆栈信息:   在 AutoUpdate.AppUpdate.DownloadFile(String url, String localFilePath) 位置 D:\ProjectData\MiKe\LineProductMes\LineProductMes\ClassForMain\AppUpdate.cs:行号 243
   在 AutoUpdate.AppUpdate.CheckAppVersion(String& msg) 位置 D:\ProjectData\MiKe\LineProductMes\LineProductMes\ClassForMain\AppUpdate.cs:行号 310
10:47:51.635  异常信息：远程服务器返回错误: (404) 未找到。
  堆栈信息:   在 AutoUpdate.AppUpdate.DownloadFile(String url, String localFilePath) 位置 D:\ProjectData\MiKe\LineProductMes\LineProductMes\ClassForMain\AppUpdate.cs:行号 243
   在 AutoUpdate.AppUpdate.CheckAppVersion(String& msg) 位置 D:\ProjectData\MiKe\LineProductMes\LineProductMes\ClassForMain\AppUpdate.cs:行号 310
10:47:57.238 @EMP002 系统管理员
10:47:57.240 @EMP033 cebfd1559b68d67688884d7a3d3e8c
11:01:04.889  异常信息：远程服务器返回错误: (404) 未找到。
  堆栈信息:   在 AutoUpdate.AppUpdate.DownloadFile(String url, String localFilePath) 位置 D:\ProjectData\MiKe\LineProductMes\LineProductMes\ClassForMain\AppUpdate.cs:行号 243
   在 AutoUpdate.AppUpdate.CheckAppVersion(String& msg) 位置 D:\ProjectData\MiKe\LineProductMes\LineProductMes\ClassForMain\AppUpdate.cs:行号 310
11:04:35.516 @EMP002 系统管理员
11:04:35.519 @EMP033 cebfd1559b68d67688884d7a3d3e8c
11:05:22.192 @ARS001 202111350
11:05:22.194 @ARS008 0
11:05:22.203 @ART003 面板组装
11:05:22.204 @ART004 5
11:05:22.206 @ART005 0
11:05:22.207 @ART006 
11:05:22.210 @ART007 
11:05:22.211 @ART009 
11:05:22.213 @ART010 否
11:05:22.214 @idx 21
11:05:22.215 @ART002 12
11:05:22.216 @ART011 001
11:05:22.217 @ART012 0
11:05:22.229 @ART003 打码
11:05:22.230 @ART004 6
11:05:22.232 @ART005 0
11:05:22.233 @ART006 
11:05:22.234 @ART007 
11:05:22.235 @ART009 
11:05:22.237 @ART010 否
11:05:22.238 @idx 22
11:05:22.239 @ART002 19
11:05:22.240 @ART011 002
11:05:22.241 @ART012 0
11:05:22.244 @ART001 202111350
11:05:22.245 @ART002 20
11:05:22.247 @ART003 喷涂-丝印-组装

11:05:22.248 @ART004 7
11:05:22.249 @ART005 0
11:05:22.251 @ART006 
11:05:22.252 @ART007 
11:05:22.253 @ART009 
11:05:22.255 @ART010 否
11:05:22.256 @ART011 003
11:05:22.257 @ART012 0
11:05:22.262 @ART001 202111350
11:05:22.263 @ART002 24
11:05:22.265 @ART003 喷涂-打码-丝印

11:05:22.266 @ART004 9
11:05:22.267 @ART005 0
11:05:22.268 @ART006 
11:05:22.270 @ART007 
11:05:22.271 @ART009 
11:05:22.272 @ART010 否
11:05:22.273 @ART011 004
11:05:22.274 @ART012 0
11:05:22.277 @ART001 202111350
11:05:22.278 @ART002 02
11:05:22.280 @ART003 喷涂
11:05:22.281 @ART004 1
11:05:22.282 @ART005 0
11:05:22.283 @ART006 
11:05:22.285 @ART007 
11:05:22.286 @ART009 
11:05:22.287 @ART010 否
11:05:22.288 @ART011 005
11:05:22.289 @ART012 0
11:05:22.292 @ART001 202111350
11:05:22.293 @ART002 25
11:05:22.295 @ART003 打码-丝印
11:05:22.296 @ART004 2
11:05:22.297 @ART005 0
11:05:22.298 @ART006 
11:05:22.299 @ART007 
11:05:22.301 @ART009 
11:05:22.302 @ART010 否
11:05:22.303 @ART011 006
11:05:22.304 @ART012 0
11:05:22.307 @ART001 202111350
11:05:22.308 @ART002 21
11:05:22.309 @ART003 喷涂-组装

11:05:22.311 @ART004 6
11:05:22.312 @ART005 0
11:05:22.313 @ART006 
11:05:22.314 @ART007 
11:05:22.315 @ART009 
11:05:22.317 @ART010 否
11:05:22.318 @ART011 007
11:05:22.320 @ART012 0
11:07:15.098 @PAN001 20180822001
11:07:15.100 @PAN002 0503
11:07:15.101 @PAN003 喷涂车间
11:07:15.103 @PAN004 0503
11:07:15.104 @PAN005 喷涂车间
11:07:15.105 @PAN006 2018/8/22 0:00:00
11:07:15.107 @PAN007 
11:07:15.108 @PAN008 
11:07:15.110 @PAN009 False
11:07:15.111 @PAN010 False
11:07:15.115 @PAO001 20180822001
11:07:15.117 @PAO002 GD201612070039
11:07:15.119 @PAO003 202111350
11:07:15.120 @PAO004 TCLMC-3G61142面板-丝印
11:07:15.122 @PAO005 297
11:07:15.123 @PAO006 0
11:07:15.125 @PAO007 PCS
11:07:15.127 @PAO008 四灯三合一
11:07:15.128 @PAO009 12
11:07:15.130 @PAO010 面板组装
11:07:15.131 @PAO011 5.000000
11:07:15.132 @PAO012 200
11:07:15.134 @PAO013 001
11:07:15.138 @PAO001 20180822001
11:07:15.139 @PAO002 GD201612140026
11:07:15.140 @PAO003 202111350
11:07:15.142 @PAO004 TCLMC-3G61142面板-丝印
11:07:15.143 @PAO005 300
11:07:15.145 @PAO006 0
11:07:15.146 @PAO007 PCS
11:07:15.147 @PAO008 四灯三合一
11:07:15.149 @PAO009 19
11:07:15.150 @PAO010 打码
11:07:15.151 @PAO011 6.000000
11:07:15.152 @PAO012 300
11:07:15.153 @PAO013 002
11:07:15.155 @PAO001 20180822001
11:07:15.157 @PAO002 GD201704270026
11:07:15.158 @PAO003 202111350
11:07:15.160 @PAO004 TCLMC-3G61142面板-丝印
11:07:15.161 @PAO005 300
11:07:15.163 @PAO006 0
11:07:15.164 @PAO007 PCS
11:07:15.165 @PAO008 四灯三合一
11:07:15.166 @PAO009 20
11:07:15.167 @PAO010 喷涂-丝印-组装

11:07:15.169 @PAO011 7.000000
11:07:15.170 @PAO012 300
11:07:15.171 @PAO013 003
11:07:15.173 @PAO001 20180822001
11:07:15.175 @PAO002 GD201712120028
11:07:15.176 @PAO003 202111350
11:07:15.178 @PAO004 TCLMC-3G61142面板-丝印
11:07:15.179 @PAO005 490
11:07:15.180 @PAO006 0
11:07:15.181 @PAO007 PCS
11:07:15.183 @PAO008 四灯三合一
11:07:15.184 @PAO009 24
11:07:15.185 @PAO010 喷涂-打码-丝印

11:07:15.186 @PAO011 9.000000
11:07:15.187 @PAO012 450
11:07:15.189 @PAO013 004
11:07:15.193 @PAO001 20180822001
11:07:15.194 @PAO002 GD201712180004
11:07:15.196 @PAO003 202111350
11:07:15.197 @PAO004 TCLMC-3G61142面板-丝印
11:07:15.198 @PAO005 20
11:07:15.199 @PAO006 0
11:07:15.200 @PAO007 PCS
11:07:15.202 @PAO008 四灯三合一
11:07:15.203 @PAO009 02
11:07:15.204 @PAO010 喷涂
11:07:15.206 @PAO011 1.000000
11:07:15.207 @PAO012 20
11:07:15.208 @PAO013 005
11:07:15.211 @PAO001 20180822001
11:07:15.212 @PAO002 GD201801150011
11:07:15.214 @PAO003 202111350
11:07:15.215 @PAO004 TCLMC-3G61142面板-丝印
11:07:15.216 @PAO005 500
11:07:15.217 @PAO006 0
11:07:15.219 @PAO007 PCS
11:07:15.220 @PAO008 四灯三合一
11:07:15.221 @PAO009 25
11:07:15.223 @PAO010 打码-丝印
11:07:15.224 @PAO011 2.000000
11:07:15.225 @PAO012 500
11:07:15.226 @PAO013 006
11:07:15.229 @PAO001 20180822001
11:07:15.230 @PAO002 GD201606280004
11:07:15.232 @PAO003 202111350
11:07:15.233 @PAO004 TCLMC-3G61142面板-丝印
11:07:15.234 @PAO005 305
11:07:15.235 @PAO006 0
11:07:15.237 @PAO007 PCS
11:07:15.238 @PAO008 四灯三合一
11:07:15.239 @PAO009 21
11:07:15.240 @PAO010 喷涂-组装

11:07:15.242 @PAO011 6.000000
11:07:15.243 @PAO012 300
11:07:15.244 @PAO013 007
11:07:15.246 @PAP001 20180822001
11:07:15.248 @PPA002 10093
11:07:15.249 @PPA003 陈林甫
11:07:15.250 @PPA004 喷漆工
11:07:15.252 @PPA005 
11:07:15.253 @PPA006 
11:07:15.254 @PPA007 2018/8/22 8:00:00
11:07:15.256 @PPA008 2018/8/22 17:00:00
11:07:15.257 @PPA009 0
11:07:15.261 @PAP001 20180822001
11:07:15.263 @PPA002 10094
11:07:15.265 @PPA003 张正友
11:07:15.266 @PPA004 喷漆工
11:07:15.268 @PPA005 
11:07:15.270 @PPA006 
11:07:15.271 @PPA007 2018/8/22 8:00:00
11:07:15.272 @PPA008 2018/8/22 17:00:00
11:07:15.274 @PPA009 0
11:07:15.276 @PAP001 20180822001
11:07:15.277 @PPA002 10095
11:07:15.279 @PPA003 王光
11:07:15.280 @PPA004 喷漆工
11:07:15.282 @PPA005 
11:07:15.283 @PPA006 
11:07:15.284 @PPA007 2018/8/22 8:00:00
11:07:15.285 @PPA008 2018/8/22 17:00:00
11:07:15.286 @PPA009 0
11:07:15.289 @PAP001 20180822001
11:07:15.291 @PPA002 10096
11:07:15.293 @PPA003 钱均鹏
11:07:15.295 @PPA004 喷漆工
11:07:15.296 @PPA005 
11:07:15.297 @PPA006 
11:07:15.299 @PPA007 2018/8/22 8:00:00
11:07:15.300 @PPA008 2018/8/22 17:00:00
11:07:15.302 @PPA009 0
11:07:15.304 @PAP001 20180822001
11:07:15.306 @PPA002 10097
11:07:15.307 @PPA003 陆秋云
11:07:15.308 @PPA004 装配工
11:07:15.310 @PPA005 
11:07:15.311 @PPA006 
11:07:15.312 @PPA007 2018/8/22 8:00:00
11:07:15.313 @PPA008 2018/8/22 17:00:00
11:07:15.314 @PPA009 0
11:07:15.317 @PAP001 20180822001
11:07:15.318 @PPA002 10098
11:07:15.320 @PPA003 郁叶琴
11:07:15.321 @PPA004 装配工
11:07:15.322 @PPA005 
11:07:15.324 @PPA006 
11:07:15.325 @PPA007 2018/8/22 8:00:00
11:07:15.326 @PPA008 2018/8/22 17:00:00
11:07:15.327 @PPA009 0
11:17:02.538 @PRD001 20180822001
11:17:02.540 @PRD002 2018/8/22 0:00:00
11:17:02.542 @PRD003 False
11:17:02.545 @PRE001 20180822001
11:17:02.546 @PRE002 SD201804030006
11:17:02.548 @PRE003 002
11:17:02.549 @PRE004 JYLF01-DS
11:17:02.550 @PRE005 2018/8/22 0:00:00
11:17:02.552 @PRE006 2018/5/5 0:00:00
11:17:02.553 @PRE007 13949
11:17:02.554 @PRE008 1300
11:17:02.555 @PRE009 0
11:17:02.557 @PRE010 1300
11:17:02.560 @PRF001 JYLF01-DS
11:17:02.562 @PRF002 2018/8/22 0:00:00
11:17:02.563 @PRF003 1300
11:17:02.567 @PRE001 20180822001
11:17:02.569 @PRE002 SD201804030006
11:17:02.570 @PRE003 002
11:17:02.571 @PRE004 JYLF01-DS
11:17:02.572 @PRE005 2018/8/23 0:00:00
11:17:02.574 @PRE006 2018/5/5 0:00:00
11:17:02.575 @PRE007 13949
11:17:02.576 @PRE008 1300
11:17:02.578 @PRE009 0
11:17:02.579 @PRE010 1300
11:17:02.582 @PRF001 JYLF01-DS
11:17:02.584 @PRF002 2018/8/23 0:00:00
11:17:02.585 @PRF003 1300
11:17:02.588 @PRE001 20180822001
11:17:02.590 @PRE002 SD201804030006
11:17:02.591 @PRE003 002
11:17:02.592 @PRE004 JYLF01-DS
11:17:02.594 @PRE005 2018/8/24 0:00:00
11:17:02.595 @PRE006 2018/5/5 0:00:00
11:17:02.596 @PRE007 13949
11:17:02.598 @PRE008 1300
11:17:02.599 @PRE009 0
11:17:02.601 @PRE010 1300
11:17:02.603 @PRF001 JYLF01-DS
11:17:02.604 @PRF002 2018/8/24 0:00:00
11:17:02.606 @PRF003 1300
11:17:02.608 @PRE001 20180822001
11:17:02.610 @PRE002 SD201804030006
11:17:02.611 @PRE003 002
11:17:02.612 @PRE004 JYLF01-DS
11:17:02.614 @PRE005 2018/8/25 0:00:00
11:17:02.615 @PRE006 2018/5/5 0:00:00
11:17:02.616 @PRE007 13949
11:17:02.618 @PRE008 1300
11:17:02.620 @PRE009 0
11:17:02.621 @PRE010 1300
11:17:02.625 @PRF001 JYLF01-DS
11:17:02.626 @PRF002 2018/8/25 0:00:00
11:17:02.628 @PRF003 1300
11:17:02.631 @PRE001 20180822001
11:17:02.632 @PRE002 SD201804030006
11:17:02.634 @PRE003 002
11:17:02.635 @PRE004 JYLF01-DS
11:17:02.636 @PRE005 2018/8/26 0:00:00
11:17:02.638 @PRE006 2018/5/5 0:00:00
11:17:02.639 @PRE007 13949
11:17:02.640 @PRE008 1300
11:17:02.641 @PRE009 0
11:17:02.643 @PRE010 1300
11:17:02.646 @PRF001 JYLF01-DS
11:17:02.648 @PRF002 2018/8/26 0:00:00
11:17:02.649 @PRF003 1300
11:17:02.652 @PRE001 20180822001
11:17:02.653 @PRE002 SD201804030006
11:17:02.654 @PRE003 002
11:17:02.656 @PRE004 JYLF01-DS
11:17:02.657 @PRE005 2018/8/27 0:00:00
11:17:02.658 @PRE006 2018/5/5 0:00:00
11:17:02.660 @PRE007 13949
11:17:02.661 @PRE008 1300
11:17:02.662 @PRE009 0
11:17:02.663 @PRE010 1300
11:17:02.665 @PRF001 JYLF01-DS
11:17:02.667 @PRF002 2018/8/27 0:00:00
11:17:02.669 @PRF003 1300
11:17:02.671 @PRE001 20180822001
11:17:02.672 @PRE002 SD201804030006
11:17:02.674 @PRE003 002
11:17:02.675 @PRE004 JYLF01-DS
11:17:02.677 @PRE005 2018/8/28 0:00:00
11:17:02.678 @PRE006 2018/5/5 0:00:00
11:17:02.680 @PRE007 13949
11:17:02.681 @PRE008 1300
11:17:02.682 @PRE009 0
11:17:02.683 @PRE010 1300
11:17:02.686 @PRF001 JYLF01-DS
11:17:02.687 @PRF002 2018/8/28 0:00:00
11:17:02.688 @PRF003 1300
11:17:02.691 @PRE001 20180822001
11:17:02.692 @PRE002 SD201804030006
11:17:02.694 @PRE003 002
11:17:02.695 @PRE004 JYLF01-DS
11:17:02.696 @PRE005 2018/8/29 0:00:00
11:17:02.697 @PRE006 2018/5/5 0:00:00
11:17:02.699 @PRE007 13949
11:17:02.700 @PRE008 1300
11:17:02.701 @PRE009 0
11:17:02.702 @PRE010 1300
11:17:02.704 @PRF001 JYLF01-DS
11:17:02.706 @PRF002 2018/8/29 0:00:00
11:17:02.707 @PRF003 1300
11:17:02.710 @PRE001 20180822001
11:17:02.712 @PRE002 SD201804030006
11:17:02.713 @PRE003 002
11:17:02.714 @PRE004 JYLF01-DS
11:17:02.716 @PRE005 2018/8/30 0:00:00
11:17:02.717 @PRE006 2018/5/5 0:00:00
11:17:02.718 @PRE007 13949
11:17:02.719 @PRE008 1300
11:17:02.721 @PRE009 0
11:17:02.722 @PRE010 1300
11:17:02.725 @PRF001 JYLF01-DS
11:17:02.726 @PRF002 2018/8/30 0:00:00
11:17:02.727 @PRF003 1300
11:17:02.730 @PRE001 20180822001
11:17:02.731 @PRE002 SD201804030006
11:17:02.732 @PRE003 002
11:17:02.733 @PRE004 JYLF01-DS
11:17:02.735 @PRE005 2018/8/31 0:00:00
11:17:02.736 @PRE006 2018/5/5 0:00:00
11:17:02.737 @PRE007 13949
11:17:02.738 @PRE008 1300
11:17:02.740 @PRE009 0
11:17:02.741 @PRE010 1300
11:17:02.744 @PRF001 JYLF01-DS
11:17:02.745 @PRF002 2018/8/31 0:00:00
11:17:02.746 @PRF003 1300
11:17:02.749 @PRE001 20180822001
11:17:02.750 @PRE002 SD201804030006
11:17:02.752 @PRE003 002
11:17:02.753 @PRE004 JYLF01-DS
11:17:02.754 @PRE005 2018/9/1 0:00:00
11:17:02.756 @PRE006 2018/5/5 0:00:00
11:17:02.757 @PRE007 13949
11:17:02.758 @PRE008 949
11:17:02.759 @PRE009 0
11:17:02.760 @PRE010 1300
11:17:02.763 @PRF001 JYLF01-DS
11:17:02.765 @PRF002 2018/9/1 0:00:00
11:17:02.766 @PRF003 949
11:17:59.583 @ARS001 202101322P
11:17:59.586 @ARS002 F01-DS钛银面板-丝印
11:17:59.589 @ARS003 012
11:17:59.591 @ARS004 300*300mm
11:17:59.593 @ARS005 钛银板
11:17:59.595 @ARS006 PCS
11:17:59.599 @ARS007 M
11:17:59.601 @ARS008 0
11:17:59.602 @ARS009 0503
11:17:59.606 @ART001 202101322P
11:17:59.607 @ART002 02
11:17:59.608 @ART003 喷涂
11:17:59.610 @ART004 2
11:17:59.611 @ART005 0
11:17:59.612 @ART006 
11:17:59.614 @ART007 
11:17:59.615 @ART009 
11:17:59.616 @ART010 否
11:17:59.618 @ART011 001
11:17:59.619 @ART012 0
11:17:59.623 @ART001 202101322P
11:17:59.624 @ART002 03
11:17:59.626 @ART003 丝印
11:17:59.627 @ART004 2
11:17:59.628 @ART005 0
11:17:59.630 @ART006 
11:17:59.631 @ART007 
11:17:59.632 @ART009 
11:17:59.633 @ART010 否
11:17:59.634 @ART011 002
11:17:59.635 @ART012 0
11:17:59.638 @ART001 202101322P
11:17:59.640 @ART002 12
11:17:59.641 @ART003 面板组装
11:17:59.642 @ART004 3
11:17:59.643 @ART005 0
11:17:59.645 @ART006 
11:17:59.646 @ART007 
11:17:59.647 @ART009 
11:17:59.648 @ART010 否
11:17:59.650 @ART011 003
11:17:59.651 @ART012 0
11:17:59.653 @ART001 202101322P
11:17:59.654 @ART002 19
11:17:59.656 @ART003 打码
11:17:59.657 @ART004 3
11:17:59.658 @ART005 0
11:17:59.660 @ART006 
11:17:59.661 @ART007 
11:17:59.662 @ART009 
11:17:59.663 @ART010 否
11:17:59.664 @ART011 004
11:17:59.665 @ART012 0
11:17:59.668 @ART001 202101322P
11:17:59.670 @ART002 20
11:17:59.671 @ART003 喷涂-丝印-组装

11:17:59.672 @ART004 4
11:17:59.673 @ART005 0
11:17:59.674 @ART006 
11:17:59.676 @ART007 
11:17:59.677 @ART009 
11:17:59.679 @ART010 否
11:17:59.680 @ART011 005
11:17:59.681 @ART012 0
11:17:59.686 @ART001 202101322P
11:17:59.688 @ART002 21
11:17:59.689 @ART003 喷涂-组装

11:17:59.690 @ART004 4
11:17:59.691 @ART005 0
11:17:59.693 @ART006 
11:17:59.694 @ART007 
11:17:59.695 @ART009 
11:17:59.696 @ART010 否
11:17:59.698 @ART011 006
11:17:59.699 @ART012 0
11:17:59.701 @ART001 202101322P
11:17:59.703 @ART002 22
11:17:59.704 @ART003 打码-组装

11:17:59.706 @ART004 5
11:17:59.707 @ART005 0
11:17:59.708 @ART006 
11:17:59.710 @ART007 
11:17:59.711 @ART009 
11:17:59.712 @ART010 否
11:17:59.714 @ART011 007
11:17:59.715 @ART012 0
11:17:59.717 @ART001 202101322P
11:17:59.719 @ART002 23
11:17:59.720 @ART003 丝印-组装

11:17:59.721 @ART004 6
11:17:59.723 @ART005 0
11:17:59.724 @ART006 
11:17:59.725 @ART007 
11:17:59.726 @ART009 
11:17:59.728 @ART010 否
11:17:59.729 @ART011 008
11:17:59.730 @ART012 0
11:17:59.732 @ART001 202101322P
11:17:59.734 @ART002 24
11:17:59.735 @ART003 喷涂-打码-丝印

11:17:59.736 @ART004 7
11:17:59.738 @ART005 0
11:17:59.739 @ART006 
11:17:59.740 @ART007 
11:17:59.741 @ART009 
11:17:59.743 @ART010 否
11:17:59.744 @ART011 009
11:17:59.745 @ART012 0
11:17:59.747 @ART001 202101322P
11:17:59.749 @ART002 25
11:17:59.750 @ART003 打码-丝印
11:17:59.751 @ART004 8
11:17:59.753 @ART005 0
11:17:59.754 @ART006 
11:17:59.755 @ART007 
11:17:59.756 @ART009 
11:17:59.757 @ART010 否
11:17:59.759 @ART011 010
11:17:59.760 @ART012 0
11:17:59.762 @ART001 202101322P
11:17:59.763 @ART002 26
11:17:59.765 @ART003 喷涂-丝印
11:17:59.766 @ART004 9
11:17:59.767 @ART005 0
11:17:59.768 @ART006 
11:17:59.770 @ART007 
11:17:59.771 @ART009 
11:17:59.772 @ART010 否
11:17:59.773 @ART011 011
11:17:59.774 @ART012 0
11:21:01.105 @PAN001 20180822002
11:21:01.109 @PAN002 0503
11:21:01.112 @PAN003 喷涂车间
11:21:01.117 @PAN004 0503
11:21:01.121 @PAN005 喷涂车间
11:21:01.124 @PAN006 2018/8/22 0:00:00
11:21:01.127 @PAN007 
11:21:01.131 @PAN008 
11:21:01.132 @PAN009 False
11:21:01.134 @PAN010 False
11:21:01.138 @PAO001 20180822002
11:21:01.140 @PAO002 GD201804090003
11:21:01.141 @PAO003 202101322P
11:21:01.143 @PAO004 F01-DS钛银面板-丝印
11:21:01.144 @PAO005 4000
11:21:01.146 @PAO006 0
11:21:01.147 @PAO007 PCS
11:21:01.149 @PAO008 300*300mm
11:21:01.150 @PAO009 02
11:21:01.152 @PAO010 喷涂
11:21:01.153 @PAO011 2.000000
11:21:01.155 @PAO012 3000
11:21:01.156 @PAO013 001
11:21:01.160 @PAO001 20180822002
11:21:01.162 @PAO002 GD201804090005
11:21:01.163 @PAO003 202101322P
11:21:01.165 @PAO004 F01-DS钛银面板-丝印
11:21:01.166 @PAO005 4000
11:21:01.168 @PAO006 0
11:21:01.169 @PAO007 PCS
11:21:01.170 @PAO008 300*300mm
11:21:01.172 @PAO009 03
11:21:01.173 @PAO010 丝印
11:21:01.174 @PAO011 2.000000
11:21:01.175 @PAO012 2000
11:21:01.176 @PAO013 002
11:21:01.179 @PAO001 20180822002
11:21:01.180 @PAO002 GD201803260047
11:21:01.181 @PAO003 202101322P
11:21:01.183 @PAO004 F01-DS钛银面板-丝印
11:21:01.184 @PAO005 80
11:21:01.185 @PAO006 0
11:21:01.187 @PAO007 PCS
11:21:01.188 @PAO008 300*300mm
11:21:01.189 @PAO009 12
11:21:01.191 @PAO010 面板组装
11:21:01.192 @PAO011 3.000000
11:21:01.193 @PAO012 80
11:21:01.194 @PAO013 003
11:21:01.196 @PAO001 20180822002
11:21:01.198 @PAO002 GD201606300036
11:21:01.200 @PAO003 202101322P
11:21:01.201 @PAO004 F01-DS钛银面板-丝印
11:21:01.202 @PAO005 2600
11:21:01.204 @PAO006 0
11:21:01.205 @PAO007 PCS
11:21:01.206 @PAO008 300*300mm
11:21:01.207 @PAO009 20
11:21:01.209 @PAO010 喷涂-丝印-组装

11:21:01.210 @PAO011 4.000000
11:21:01.211 @PAO012 500
11:21:01.212 @PAO013 005
11:21:01.215 @PAO001 20180822002
11:21:01.217 @PAO002 GD201605040020
11:21:01.218 @PAO003 202101322P
11:21:01.220 @PAO004 F01-DS钛银面板-丝印
11:21:01.221 @PAO005 7700
11:21:01.223 @PAO006 0
11:21:01.224 @PAO007 PCS
11:21:01.225 @PAO008 300*300mm
11:21:01.226 @PAO009 19
11:21:01.228 @PAO010 打码
11:21:01.229 @PAO011 3.000000
11:21:01.230 @PAO012 2000
11:21:01.232 @PAO013 004
11:21:01.236 @PAP001 20180822002
11:21:01.238 @PPA002 10093
11:21:01.239 @PPA003 陈林甫
11:21:01.241 @PPA004 喷漆工
11:21:01.242 @PPA005 
11:21:01.243 @PPA006 
11:21:01.244 @PPA007 2018/8/22 8:00:00
11:21:01.246 @PPA008 2018/8/22 17:00:00
11:21:01.247 @PPA009 0
11:21:01.251 @PAP001 20180822002
11:21:01.253 @PPA002 10094
11:21:01.254 @PPA003 张正友
11:21:01.256 @PPA004 喷漆工
11:21:01.257 @PPA005 
11:21:01.258 @PPA006 
11:21:01.259 @PPA007 2018/8/22 8:00:00
11:21:01.261 @PPA008 2018/8/22 17:00:00
11:21:01.262 @PPA009 0
11:21:01.265 @PAP001 20180822002
11:21:01.266 @PPA002 10095
11:21:01.268 @PPA003 王光
11:21:01.269 @PPA004 喷漆工
11:21:01.271 @PPA005 
11:21:01.272 @PPA006 
11:21:01.273 @PPA007 2018/8/22 8:00:00
11:21:01.274 @PPA008 2018/8/22 17:00:00
11:21:01.275 @PPA009 0
11:21:01.278 @PAP001 20180822002
11:21:01.279 @PPA002 10096
11:21:01.281 @PPA003 钱均鹏
11:21:01.282 @PPA004 喷漆工
11:21:01.284 @PPA005 
11:21:01.285 @PPA006 
11:21:01.286 @PPA007 2018/8/22 8:00:00
11:21:01.288 @PPA008 2018/8/22 17:00:00
11:21:01.289 @PPA009 0
11:21:01.292 @PAP001 20180822002
11:21:01.293 @PPA002 10097
11:21:01.294 @PPA003 陆秋云
11:21:01.296 @PPA004 装配工
11:21:01.297 @PPA005 
11:21:01.298 @PPA006 
11:21:01.299 @PPA007 2018/8/22 8:00:00
11:21:01.300 @PPA008 2018/8/22 17:00:00
11:21:01.302 @PPA009 0
11:21:01.304 @PAP001 20180822002
11:21:01.305 @PPA002 10098
11:21:01.306 @PPA003 郁叶琴
11:21:01.307 @PPA004 装配工
11:21:01.309 @PPA005 
11:21:01.310 @PPA006 
11:21:01.311 @PPA007 2018/8/22 8:00:00
11:21:01.313 @PPA008 2018/8/22 17:00:00
11:21:01.314 @PPA009 0
11:23:28.754  异常信息：远程服务器返回错误: (404) 未找到。
  堆栈信息:   在 AutoUpdate.AppUpdate.DownloadFile(String url, String localFilePath) 位置 D:\ProjectData\MiKe\LineProductMes\LineProductMes\ClassForMain\AppUpdate.cs:行号 243
   在 AutoUpdate.AppUpdate.CheckAppVersion(String& msg) 位置 D:\ProjectData\MiKe\LineProductMes\LineProductMes\ClassForMain\AppUpdate.cs:行号 310
11:23:34.964 @EMP002 系统管理员
11:23:34.966 @EMP033 cebfd1559b68d67688884d7a3d3e8c
11:31:28.390  异常信息：远程服务器返回错误: (404) 未找到。
  堆栈信息:   在 AutoUpdate.AppUpdate.DownloadFile(String url, String localFilePath) 位置 D:\ProjectData\MiKe\LineProductMes\LineProductMes\ClassForMain\AppUpdate.cs:行号 243
   在 AutoUpdate.AppUpdate.CheckAppVersion(String& msg) 位置 D:\ProjectData\MiKe\LineProductMes\LineProductMes\ClassForMain\AppUpdate.cs:行号 310
11:31:32.639 @EMP002 系统管理员
11:31:32.641 @EMP033 cebfd1559b68d67688884d7a3d3e8c
11:32:31.432  异常信息：远程服务器返回错误: (404) 未找到。
  堆栈信息:   在 AutoUpdate.AppUpdate.DownloadFile(String url, String localFilePath) 位置 D:\ProjectData\MiKe\LineProductMes\LineProductMes\ClassForMain\AppUpdate.cs:行号 243
   在 AutoUpdate.AppUpdate.CheckAppVersion(String& msg) 位置 D:\ProjectData\MiKe\LineProductMes\LineProductMes\ClassForMain\AppUpdate.cs:行号 310
11:32:39.051 @EMP002 系统管理员
11:32:39.054 @EMP033 cebfd1559b68d67688884d7a3d3e8c
11:33:37.300  异常信息：远程服务器返回错误: (404) 未找到。
  堆栈信息:   在 AutoUpdate.AppUpdate.DownloadFile(String url, String localFilePath) 位置 D:\ProjectData\MiKe\LineProductMes\LineProductMes\ClassForMain\AppUpdate.cs:行号 243
   在 AutoUpdate.AppUpdate.CheckAppVersion(String& msg) 位置 D:\ProjectData\MiKe\LineProductMes\LineProductMes\ClassForMain\AppUpdate.cs:行号 310
11:33:42.150 @EMP002 系统管理员
11:33:42.152 @EMP033 cebfd1559b68d67688884d7a3d3e8c
13:32:24.222  异常信息：远程服务器返回错误: (404) 未找到。
  堆栈信息:   在 AutoUpdate.AppUpdate.DownloadFile(String url, String localFilePath) 位置 D:\ProjectData\MiKe\LineProductMes\LineProductMes\ClassForMain\AppUpdate.cs:行号 243
   在 AutoUpdate.AppUpdate.CheckAppVersion(String& msg) 位置 D:\ProjectData\MiKe\LineProductMes\LineProductMes\ClassForMain\AppUpdate.cs:行号 310
13:32:32.073 @EMP002 系统管理员
13:32:32.077 @EMP033 cebfd1559b68d67688884d7a3d3e8c
13:33:39.092  异常信息：远程服务器返回错误: (404) 未找到。
  堆栈信息:   在 AutoUpdate.AppUpdate.DownloadFile(String url, String localFilePath) 位置 D:\ProjectData\MiKe\LineProductMes\LineProductMes\ClassForMain\AppUpdate.cs:行号 243
   在 AutoUpdate.AppUpdate.CheckAppVersion(String& msg) 位置 D:\ProjectData\MiKe\LineProductMes\LineProductMes\ClassForMain\AppUpdate.cs:行号 310
13:33:46.488 @EMP002 系统管理员
13:33:46.491 @EMP033 cebfd1559b68d67688884d7a3d3e8c
13:34:44.971  异常信息：远程服务器返回错误: (404) 未找到。
  堆栈信息:   在 AutoUpdate.AppUpdate.DownloadFile(String url, String localFilePath) 位置 D:\ProjectData\MiKe\LineProductMes\LineProductMes\ClassForMain\AppUpdate.cs:行号 243
   在 AutoUpdate.AppUpdate.CheckAppVersion(String& msg) 位置 D:\ProjectData\MiKe\LineProductMes\LineProductMes\ClassForMain\AppUpdate.cs:行号 310
13:34:57.259 @EMP002 系统管理员
13:34:57.261 @EMP033 cebfd1559b68d67688884d7a3d3e8c
13:55:18.746  异常信息：远程服务器返回错误: (404) 未找到。
  堆栈信息:   在 AutoUpdate.AppUpdate.DownloadFile(String url, String localFilePath) 位置 D:\ProjectData\MiKe\LineProductMes\LineProductMes\ClassForMain\AppUpdate.cs:行号 243
   在 AutoUpdate.AppUpdate.CheckAppVersion(String& msg) 位置 D:\ProjectData\MiKe\LineProductMes\LineProductMes\ClassForMain\AppUpdate.cs:行号 310
13:55:24.762 @EMP002 系统管理员
13:55:24.764 @EMP033 cebfd1559b68d67688884d7a3d3e8c
13:56:37.925  异常信息：远程服务器返回错误: (404) 未找到。
  堆栈信息:   在 AutoUpdate.AppUpdate.DownloadFile(String url, String localFilePath) 位置 D:\ProjectData\MiKe\LineProductMes\LineProductMes\ClassForMain\AppUpdate.cs:行号 243
   在 AutoUpdate.AppUpdate.CheckAppVersion(String& msg) 位置 D:\ProjectData\MiKe\LineProductMes\LineProductMes\ClassForMain\AppUpdate.cs:行号 310
13:56:44.377 @EMP002 系统管理员
13:56:44.380 @EMP033 cebfd1559b68d67688884d7a3d3e8c
14:13:31.920  异常信息：远程服务器返回错误: (404) 未找到。
  堆栈信息:   在 AutoUpdate.AppUpdate.DownloadFile(String url, String localFilePath) 位置 D:\ProjectData\MiKe\LineProductMes\LineProductMes\ClassForMain\AppUpdate.cs:行号 243
   在 AutoUpdate.AppUpdate.CheckAppVersion(String& msg) 位置 D:\ProjectData\MiKe\LineProductMes\LineProductMes\ClassForMain\AppUpdate.cs:行号 310
14:13:39.654 @EMP002 系统管理员
14:13:39.657 @EMP033 cebfd1559b68d67688884d7a3d3e8c
14:15:01.325  异常信息：远程服务器返回错误: (404) 未找到。
  堆栈信息:   在 AutoUpdate.AppUpdate.DownloadFile(String url, String localFilePath) 位置 D:\ProjectData\MiKe\LineProductMes\LineProductMes\ClassForMain\AppUpdate.cs:行号 243
   在 AutoUpdate.AppUpdate.CheckAppVersion(String& msg) 位置 D:\ProjectData\MiKe\LineProductMes\LineProductMes\ClassForMain\AppUpdate.cs:行号 310
14:15:06.852 @EMP002 系统管理员
14:15:06.854 @EMP033 cebfd1559b68d67688884d7a3d3e8c
14:17:37.442  异常信息：远程服务器返回错误: (404) 未找到。
  堆栈信息:   在 AutoUpdate.AppUpdate.DownloadFile(String url, String localFilePath) 位置 D:\ProjectData\MiKe\LineProductMes\LineProductMes\ClassForMain\AppUpdate.cs:行号 243
   在 AutoUpdate.AppUpdate.CheckAppVersion(String& msg) 位置 D:\ProjectData\MiKe\LineProductMes\LineProductMes\ClassForMain\AppUpdate.cs:行号 310
14:17:42.065 @EMP002 系统管理员
14:17:42.066 @EMP033 cebfd1559b68d67688884d7a3d3e8c
14:17:54.014  异常信息：远程服务器返回错误: (404) 未找到。
  堆栈信息:   在 AutoUpdate.AppUpdate.DownloadFile(String url, String localFilePath) 位置 D:\ProjectData\MiKe\LineProductMes\LineProductMes\ClassForMain\AppUpdate.cs:行号 243
   在 AutoUpdate.AppUpdate.CheckAppVersion(String& msg) 位置 D:\ProjectData\MiKe\LineProductMes\LineProductMes\ClassForMain\AppUpdate.cs:行号 310
14:18:00.645 @EMP002 系统管理员
14:18:00.647 @EMP033 cebfd1559b68d67688884d7a3d3e8c
14:19:47.917  异常信息：远程服务器返回错误: (404) 未找到。
  堆栈信息:   在 AutoUpdate.AppUpdate.DownloadFile(String url, String localFilePath) 位置 D:\ProjectData\MiKe\LineProductMes\LineProductMes\ClassForMain\AppUpdate.cs:行号 243
   在 AutoUpdate.AppUpdate.CheckAppVersion(String& msg) 位置 D:\ProjectData\MiKe\LineProductMes\LineProductMes\ClassForMain\AppUpdate.cs:行号 310
14:19:52.541 @EMP002 系统管理员
14:19:52.542 @EMP033 cebfd1559b68d67688884d7a3d3e8c
14:22:18.924  异常信息：远程服务器返回错误: (404) 未找到。
  堆栈信息:   在 AutoUpdate.AppUpdate.DownloadFile(String url, String localFilePath) 位置 D:\ProjectData\MiKe\LineProductMes\LineProductMes\ClassForMain\AppUpdate.cs:行号 243
   在 AutoUpdate.AppUpdate.CheckAppVersion(String& msg) 位置 D:\ProjectData\MiKe\LineProductMes\LineProductMes\ClassForMain\AppUpdate.cs:行号 310
14:22:23.378 @EMP002 系统管理员
14:22:23.379 @EMP033 cebfd1559b68d67688884d7a3d3e8c
14:24:40.734  异常信息：远程服务器返回错误: (404) 未找到。
  堆栈信息:   在 AutoUpdate.AppUpdate.DownloadFile(String url, String localFilePath) 位置 D:\ProjectData\MiKe\LineProductMes\LineProductMes\ClassForMain\AppUpdate.cs:行号 243
   在 AutoUpdate.AppUpdate.CheckAppVersion(String& msg) 位置 D:\ProjectData\MiKe\LineProductMes\LineProductMes\ClassForMain\AppUpdate.cs:行号 310
14:24:50.859 @EMP002 系统管理员
14:24:50.861 @EMP033 cebfd1559b68d67688884d7a3d3e8c
14:25:59.667  异常信息：远程服务器返回错误: (404) 未找到。
  堆栈信息:   在 AutoUpdate.AppUpdate.DownloadFile(String url, String localFilePath) 位置 D:\ProjectData\MiKe\LineProductMes\LineProductMes\ClassForMain\AppUpdate.cs:行号 243
   在 AutoUpdate.AppUpdate.CheckAppVersion(String& msg) 位置 D:\ProjectData\MiKe\LineProductMes\LineProductMes\ClassForMain\AppUpdate.cs:行号 310
14:26:04.154 @EMP002 系统管理员
14:26:04.156 @EMP033 cebfd1559b68d67688884d7a3d3e8c
14:26:28.036  异常信息：远程服务器返回错误: (404) 未找到。
  堆栈信息:   在 AutoUpdate.AppUpdate.DownloadFile(String url, String localFilePath) 位置 D:\ProjectData\MiKe\LineProductMes\LineProductMes\ClassForMain\AppUpdate.cs:行号 243
   在 AutoUpdate.AppUpdate.CheckAppVersion(String& msg) 位置 D:\ProjectData\MiKe\LineProductMes\LineProductMes\ClassForMain\AppUpdate.cs:行号 310
14:26:32.583 @EMP002 系统管理员
14:26:32.585 @EMP033 cebfd1559b68d67688884d7a3d3e8c
14:29:16.269  异常信息：远程服务器返回错误: (404) 未找到。
  堆栈信息:   在 AutoUpdate.AppUpdate.DownloadFile(String url, String localFilePath) 位置 D:\ProjectData\MiKe\LineProductMes\LineProductMes\ClassForMain\AppUpdate.cs:行号 243
   在 AutoUpdate.AppUpdate.CheckAppVersion(String& msg) 位置 D:\ProjectData\MiKe\LineProductMes\LineProductMes\ClassForMain\AppUpdate.cs:行号 310
14:29:20.807 @EMP002 系统管理员
14:29:20.810 @EMP033 cebfd1559b68d67688884d7a3d3e8c
14:34:38.368  异常信息：远程服务器返回错误: (404) 未找到。
  堆栈信息:   在 AutoUpdate.AppUpdate.DownloadFile(String url, String localFilePath) 位置 D:\ProjectData\MiKe\LineProductMes\LineProductMes\ClassForMain\AppUpdate.cs:行号 243
   在 AutoUpdate.AppUpdate.CheckAppVersion(String& msg) 位置 D:\ProjectData\MiKe\LineProductMes\LineProductMes\ClassForMain\AppUpdate.cs:行号 310
14:34:42.805 @EMP002 系统管理员
14:34:42.808 @EMP033 cebfd1559b68d67688884d7a3d3e8c
14:35:24.410  异常信息：远程服务器返回错误: (404) 未找到。
  堆栈信息:   在 AutoUpdate.AppUpdate.DownloadFile(String url, String localFilePath) 位置 D:\ProjectData\MiKe\LineProductMes\LineProductMes\ClassForMain\AppUpdate.cs:行号 243
   在 AutoUpdate.AppUpdate.CheckAppVersion(String& msg) 位置 D:\ProjectData\MiKe\LineProductMes\LineProductMes\ClassForMain\AppUpdate.cs:行号 310
14:35:29.068 @EMP002 系统管理员
14:35:29.069 @EMP033 cebfd1559b68d67688884d7a3d3e8c
14:55:50.408  异常信息：远程服务器返回错误: (404) 未找到。
  堆栈信息:   在 AutoUpdate.AppUpdate.DownloadFile(String url, String localFilePath) 位置 D:\ProjectData\MiKe\LineProductMes\LineProductMes\ClassForMain\AppUpdate.cs:行号 243
   在 AutoUpdate.AppUpdate.CheckAppVersion(String& msg) 位置 D:\ProjectData\MiKe\LineProductMes\LineProductMes\ClassForMain\AppUpdate.cs:行号 310
14:55:54.606 @EMP002 系统管理员
14:55:54.609 @EMP033 cebfd1559b68d67688884d7a3d3e8c
14:57:21.009  异常信息：远程服务器返回错误: (404) 未找到。
  堆栈信息:   在 AutoUpdate.AppUpdate.DownloadFile(String url, String localFilePath) 位置 D:\ProjectData\MiKe\LineProductMes\LineProductMes\ClassForMain\AppUpdate.cs:行号 243
   在 AutoUpdate.AppUpdate.CheckAppVersion(String& msg) 位置 D:\ProjectData\MiKe\LineProductMes\LineProductMes\ClassForMain\AppUpdate.cs:行号 310
14:57:37.219 @EMP002 系统管理员
14:57:37.223 @EMP033 cebfd1559b68d67688884d7a3d3e8c
14:59:15.024  异常信息：远程服务器返回错误: (404) 未找到。
  堆栈信息:   在 AutoUpdate.AppUpdate.DownloadFile(String url, String localFilePath) 位置 D:\ProjectData\MiKe\LineProductMes\LineProductMes\ClassForMain\AppUpdate.cs:行号 243
   在 AutoUpdate.AppUpdate.CheckAppVersion(String& msg) 位置 D:\ProjectData\MiKe\LineProductMes\LineProductMes\ClassForMain\AppUpdate.cs:行号 310
14:59:19.344 @EMP002 系统管理员
14:59:19.348 @EMP033 cebfd1559b68d67688884d7a3d3e8c
15:00:39.125  异常信息：远程服务器返回错误: (404) 未找到。
  堆栈信息:   在 AutoUpdate.AppUpdate.DownloadFile(String url, String localFilePath) 位置 D:\ProjectData\MiKe\LineProductMes\LineProductMes\ClassForMain\AppUpdate.cs:行号 243
   在 AutoUpdate.AppUpdate.CheckAppVersion(String& msg) 位置 D:\ProjectData\MiKe\LineProductMes\LineProductMes\ClassForMain\AppUpdate.cs:行号 310
15:00:42.943 @EMP002 系统管理员
15:00:42.946 @EMP033 cebfd1559b68d67688884d7a3d3e8c
15:04:22.247  异常信息：远程服务器返回错误: (404) 未找到。
  堆栈信息:   在 AutoUpdate.AppUpdate.DownloadFile(String url, String localFilePath) 位置 D:\ProjectData\MiKe\LineProductMes\LineProductMes\ClassForMain\AppUpdate.cs:行号 243
   在 AutoUpdate.AppUpdate.CheckAppVersion(String& msg) 位置 D:\ProjectData\MiKe\LineProductMes\LineProductMes\ClassForMain\AppUpdate.cs:行号 310
15:04:26.789 @EMP002 系统管理员
15:04:26.791 @EMP033 cebfd1559b68d67688884d7a3d3e8c
15:06:21.850  异常信息：远程服务器返回错误: (404) 未找到。
  堆栈信息:   在 AutoUpdate.AppUpdate.DownloadFile(String url, String localFilePath) 位置 D:\ProjectData\MiKe\LineProductMes\LineProductMes\ClassForMain\AppUpdate.cs:行号 243
   在 AutoUpdate.AppUpdate.CheckAppVersion(String& msg) 位置 D:\ProjectData\MiKe\LineProductMes\LineProductMes\ClassForMain\AppUpdate.cs:行号 310
15:06:27.017 @EMP002 系统管理员
15:06:27.018 @EMP033 cebfd1559b68d67688884d7a3d3e8c
15:08:17.548  异常信息：远程服务器返回错误: (404) 未找到。
  堆栈信息:   在 AutoUpdate.AppUpdate.DownloadFile(String url, String localFilePath) 位置 D:\ProjectData\MiKe\LineProductMes\LineProductMes\ClassForMain\AppUpdate.cs:行号 243
   在 AutoUpdate.AppUpdate.CheckAppVersion(String& msg) 位置 D:\ProjectData\MiKe\LineProductMes\LineProductMes\ClassForMain\AppUpdate.cs:行号 310
15:08:23.080 @EMP002 系统管理员
15:08:23.082 @EMP033 cebfd1559b68d67688884d7a3d3e8c
15:09:13.544  异常信息：远程服务器返回错误: (404) 未找到。
  堆栈信息:   在 AutoUpdate.AppUpdate.DownloadFile(String url, String localFilePath) 位置 D:\ProjectData\MiKe\LineProductMes\LineProductMes\ClassForMain\AppUpdate.cs:行号 243
   在 AutoUpdate.AppUpdate.CheckAppVersion(String& msg) 位置 D:\ProjectData\MiKe\LineProductMes\LineProductMes\ClassForMain\AppUpdate.cs:行号 310
15:09:18.310 @EMP002 系统管理员
15:09:18.312 @EMP033 cebfd1559b68d67688884d7a3d3e8c
15:09:59.995  异常信息：远程服务器返回错误: (404) 未找到。
  堆栈信息:   在 AutoUpdate.AppUpdate.DownloadFile(String url, String localFilePath) 位置 D:\ProjectData\MiKe\LineProductMes\LineProductMes\ClassForMain\AppUpdate.cs:行号 243
   在 AutoUpdate.AppUpdate.CheckAppVersion(String& msg) 位置 D:\ProjectData\MiKe\LineProductMes\LineProductMes\ClassForMain\AppUpdate.cs:行号 310
15:10:05.807 @EMP002 系统管理员
15:10:05.810 @EMP033 cebfd1559b68d67688884d7a3d3e8c
15:11:53.259  异常信息：远程服务器返回错误: (404) 未找到。
  堆栈信息:   在 AutoUpdate.AppUpdate.DownloadFile(String url, String localFilePath) 位置 D:\ProjectData\MiKe\LineProductMes\LineProductMes\ClassForMain\AppUpdate.cs:行号 243
   在 AutoUpdate.AppUpdate.CheckAppVersion(String& msg) 位置 D:\ProjectData\MiKe\LineProductMes\LineProductMes\ClassForMain\AppUpdate.cs:行号 310
15:11:57.703 @EMP002 系统管理员
15:11:57.708 @EMP033 cebfd1559b68d67688884d7a3d3e8c
15:13:15.393  异常信息：远程服务器返回错误: (404) 未找到。
  堆栈信息:   在 AutoUpdate.AppUpdate.DownloadFile(String url, String localFilePath) 位置 D:\ProjectData\MiKe\LineProductMes\LineProductMes\ClassForMain\AppUpdate.cs:行号 243
   在 AutoUpdate.AppUpdate.CheckAppVersion(String& msg) 位置 D:\ProjectData\MiKe\LineProductMes\LineProductMes\ClassForMain\AppUpdate.cs:行号 310
15:13:19.429 @EMP002 系统管理员
15:13:19.432 @EMP033 e51e6c4ea698bc872c5f2e504383ac59
15:13:22.336 @EMP002 系统管理员
15:13:22.340 @EMP033 cebfd1559b68d67688884d7a3d3e8c
15:14:43.411  异常信息：远程服务器返回错误: (404) 未找到。
  堆栈信息:   在 AutoUpdate.AppUpdate.DownloadFile(String url, String localFilePath) 位置 D:\ProjectData\MiKe\LineProductMes\LineProductMes\ClassForMain\AppUpdate.cs:行号 243
   在 AutoUpdate.AppUpdate.CheckAppVersion(String& msg) 位置 D:\ProjectData\MiKe\LineProductMes\LineProductMes\ClassForMain\AppUpdate.cs:行号 310
15:14:48.421 @EMP002 系统管理员
15:14:48.422 @EMP033 cebfd1559b68d67688884d7a3d3e8c
15:16:01.277  异常信息：远程服务器返回错误: (404) 未找到。
  堆栈信息:   在 AutoUpdate.AppUpdate.DownloadFile(String url, String localFilePath) 位置 D:\ProjectData\MiKe\LineProductMes\LineProductMes\ClassForMain\AppUpdate.cs:行号 243
   在 AutoUpdate.AppUpdate.CheckAppVersion(String& msg) 位置 D:\ProjectData\MiKe\LineProductMes\LineProductMes\ClassForMain\AppUpdate.cs:行号 310
15:16:27.832 @EMP002 系统管理员
15:16:27.834 @EMP033 cebfd1559b68d67688884d7a3d3e8c
15:16:54.804  异常信息：远程服务器返回错误: (404) 未找到。
  堆栈信息:   在 AutoUpdate.AppUpdate.DownloadFile(String url, String localFilePath) 位置 D:\ProjectData\MiKe\LineProductMes\LineProductMes\ClassForMain\AppUpdate.cs:行号 243
   在 AutoUpdate.AppUpdate.CheckAppVersion(String& msg) 位置 D:\ProjectData\MiKe\LineProductMes\LineProductMes\ClassForMain\AppUpdate.cs:行号 310
15:17:00.774  异常信息：远程服务器返回错误: (404) 未找到。
  堆栈信息:   在 AutoUpdate.AppUpdate.DownloadFile(String url, String localFilePath) 位置 D:\ProjectData\MiKe\LineProductMes\LineProductMes\ClassForMain\AppUpdate.cs:行号 243
   在 AutoUpdate.AppUpdate.CheckAppVersion(String& msg) 位置 D:\ProjectData\MiKe\LineProductMes\LineProductMes\ClassForMain\AppUpdate.cs:行号 310
15:17:05.199 @EMP002 系统管理员
15:17:05.203 @EMP033 cebfd1559b68d67688884d7a3d3e8c
15:18:46.710  异常信息：远程服务器返回错误: (404) 未找到。
  堆栈信息:   在 AutoUpdate.AppUpdate.DownloadFile(String url, String localFilePath) 位置 D:\ProjectData\MiKe\LineProductMes\LineProductMes\ClassForMain\AppUpdate.cs:行号 243
   在 AutoUpdate.AppUpdate.CheckAppVersion(String& msg) 位置 D:\ProjectData\MiKe\LineProductMes\LineProductMes\ClassForMain\AppUpdate.cs:行号 310
15:18:51.730 @EMP002 系统管理员
15:18:51.731 @EMP033 cebfd1559b68d67688884d7a3d3e8c
15:21:43.028  异常信息：远程服务器返回错误: (404) 未找到。
  堆栈信息:   在 AutoUpdate.AppUpdate.DownloadFile(String url, String localFilePath) 位置 D:\ProjectData\MiKe\LineProductMes\LineProductMes\ClassForMain\AppUpdate.cs:行号 243
   在 AutoUpdate.AppUpdate.CheckAppVersion(String& msg) 位置 D:\ProjectData\MiKe\LineProductMes\LineProductMes\ClassForMain\AppUpdate.cs:行号 310
15:21:47.643 @EMP002 系统管理员
15:21:47.645 @EMP033 cebfd1559b68d67688884d7a3d3e8c
15:24:47.084  异常信息：远程服务器返回错误: (404) 未找到。
  堆栈信息:   在 AutoUpdate.AppUpdate.DownloadFile(String url, String localFilePath) 位置 D:\ProjectData\MiKe\LineProductMes\LineProductMes\ClassForMain\AppUpdate.cs:行号 243
   在 AutoUpdate.AppUpdate.CheckAppVersion(String& msg) 位置 D:\ProjectData\MiKe\LineProductMes\LineProductMes\ClassForMain\AppUpdate.cs:行号 310
15:24:51.745 @EMP002 系统管理员
15:24:51.747 @EMP033 cebfd1559b68d67688884d7a3d3e8c
15:28:27.729  异常信息：远程服务器返回错误: (404) 未找到。
  堆栈信息:   在 AutoUpdate.AppUpdate.DownloadFile(String url, String localFilePath) 位置 D:\ProjectData\MiKe\LineProductMes\LineProductMes\ClassForMain\AppUpdate.cs:行号 243
   在 AutoUpdate.AppUpdate.CheckAppVersion(String& msg) 位置 D:\ProjectData\MiKe\LineProductMes\LineProductMes\ClassForMain\AppUpdate.cs:行号 310
15:28:37.912 @EMP002 系统管理员
15:28:37.914 @EMP033 cebfd1559b68d67688884d7a3d3e8c
15:36:16.802  异常信息：远程服务器返回错误: (404) 未找到。
  堆栈信息:   在 AutoUpdate.AppUpdate.DownloadFile(String url, String localFilePath) 位置 D:\ProjectData\MiKe\LineProductMes\LineProductMes\ClassForMain\AppUpdate.cs:行号 243
   在 AutoUpdate.AppUpdate.CheckAppVersion(String& msg) 位置 D:\ProjectData\MiKe\LineProductMes\LineProductMes\ClassForMain\AppUpdate.cs:行号 310
15:36:21.102 @EMP002 系统管理员
15:36:21.105 @EMP033 cebfd1559b68d67688884d7a3d3e8c
15:37:45.330  异常信息：远程服务器返回错误: (404) 未找到。
  堆栈信息:   在 AutoUpdate.AppUpdate.DownloadFile(String url, String localFilePath) 位置 D:\ProjectData\MiKe\LineProductMes\LineProductMes\ClassForMain\AppUpdate.cs:行号 243
   在 AutoUpdate.AppUpdate.CheckAppVersion(String& msg) 位置 D:\ProjectData\MiKe\LineProductMes\LineProductMes\ClassForMain\AppUpdate.cs:行号 310
15:37:49.922 @EMP002 系统管理员
15:37:49.924 @EMP033 cebfd1559b68d67688884d7a3d3e8c
15:41:14.972  异常信息：远程服务器返回错误: (404) 未找到。
  堆栈信息:   在 AutoUpdate.AppUpdate.DownloadFile(String url, String localFilePath) 位置 D:\ProjectData\MiKe\LineProductMes\LineProductMes\ClassForMain\AppUpdate.cs:行号 243
   在 AutoUpdate.AppUpdate.CheckAppVersion(String& msg) 位置 D:\ProjectData\MiKe\LineProductMes\LineProductMes\ClassForMain\AppUpdate.cs:行号 310
15:41:19.329 @EMP002 系统管理员
15:41:19.334 @EMP033 cebfd1559b68d67688884d7a3d3e8c
15:42:40.464  异常信息：远程服务器返回错误: (404) 未找到。
  堆栈信息:   在 AutoUpdate.AppUpdate.DownloadFile(String url, String localFilePath) 位置 D:\ProjectData\MiKe\LineProductMes\LineProductMes\ClassForMain\AppUpdate.cs:行号 243
   在 AutoUpdate.AppUpdate.CheckAppVersion(String& msg) 位置 D:\ProjectData\MiKe\LineProductMes\LineProductMes\ClassForMain\AppUpdate.cs:行号 310
15:42:45.030 @EMP002 系统管理员
15:42:45.032 @EMP033 cebfd1559b68d67688884d7a3d3e8c
15:46:12.431  异常信息：远程服务器返回错误: (404) 未找到。
  堆栈信息:   在 AutoUpdate.AppUpdate.DownloadFile(String url, String localFilePath) 位置 D:\ProjectData\MiKe\LineProductMes\LineProductMes\ClassForMain\AppUpdate.cs:行号 243
   在 AutoUpdate.AppUpdate.CheckAppVersion(String& msg) 位置 D:\ProjectData\MiKe\LineProductMes\LineProductMes\ClassForMain\AppUpdate.cs:行号 310
15:46:17.220 @EMP002 系统管理员
15:46:17.222 @EMP033 cebfd1559b68d67688884d7a3d3e8c
15:48:30.162  异常信息：远程服务器返回错误: (404) 未找到。
  堆栈信息:   在 AutoUpdate.AppUpdate.DownloadFile(String url, String localFilePath) 位置 D:\ProjectData\MiKe\LineProductMes\LineProductMes\ClassForMain\AppUpdate.cs:行号 243
   在 AutoUpdate.AppUpdate.CheckAppVersion(String& msg) 位置 D:\ProjectData\MiKe\LineProductMes\LineProductMes\ClassForMain\AppUpdate.cs:行号 310
15:48:35.278 @EMP002 系统管理员
15:48:35.280 @EMP033 cebfd1559b68d67688884d7a3d3e8c
15:56:20.481  异常信息：远程服务器返回错误: (404) 未找到。
  堆栈信息:   在 AutoUpdate.AppUpdate.DownloadFile(String url, String localFilePath) 位置 D:\ProjectData\MiKe\LineProductMes\LineProductMes\ClassForMain\AppUpdate.cs:行号 243
   在 AutoUpdate.AppUpdate.CheckAppVersion(String& msg) 位置 D:\ProjectData\MiKe\LineProductMes\LineProductMes\ClassForMain\AppUpdate.cs:行号 310
15:56:25.559 @EMP002 系统管理员
15:56:25.561 @EMP033 cebfd1559b68d67688884d7a3d3e8c
15:57:33.133 @idx 4
15:57:33.136 @BOS002 3
15:57:33.140 @BOS003 1
15:57:33.142 @BOS004 5
15:57:33.143 @BOS005 2018/8/22 0:00:00
15:57:33.150 @idx 5
15:57:33.152 @BOS002 3
15:57:33.153 @BOS003 1
15:57:33.155 @BOS004 5
15:57:33.156 @BOS005 2018/8/22 0:00:00
15:57:33.159 @idx 2
15:57:33.161 @BOS002 3
15:57:33.162 @BOS003 1
15:57:33.164 @BOS004 5
15:57:33.165 @BOS005 2018/8/22 0:00:00
15:57:33.168 @idx 1
15:57:33.170 @BOS002 3
15:57:33.171 @BOS003 1
15:57:33.173 @BOS004 5
15:57:33.175 @BOS005 2018/8/22 0:00:00
15:57:33.178 @idx 3
15:57:33.179 @BOS002 3
15:57:33.181 @BOS003 1
15:57:33.182 @BOS004 5
15:57:33.183 @BOS005 2018/8/22 0:00:00
15:57:33.185 @idx 6
15:57:33.187 @BOS002 3
15:57:33.188 @BOS003 1
15:57:33.189 @BOS004 5
15:57:33.190 @BOS005 2018/8/22 0:00:00
15:58:02.302  异常信息：远程服务器返回错误: (404) 未找到。
  堆栈信息:   在 AutoUpdate.AppUpdate.DownloadFile(String url, String localFilePath) 位置 D:\ProjectData\MiKe\LineProductMes\LineProductMes\ClassForMain\AppUpdate.cs:行号 243
   在 AutoUpdate.AppUpdate.CheckAppVersion(String& msg) 位置 D:\ProjectData\MiKe\LineProductMes\LineProductMes\ClassForMain\AppUpdate.cs:行号 310
15:58:11.104  异常信息：远程服务器返回错误: (404) 未找到。
  堆栈信息:   在 AutoUpdate.AppUpdate.DownloadFile(String url, String localFilePath) 位置 D:\ProjectData\MiKe\LineProductMes\LineProductMes\ClassForMain\AppUpdate.cs:行号 243
   在 AutoUpdate.AppUpdate.CheckAppVersion(String& msg) 位置 D:\ProjectData\MiKe\LineProductMes\LineProductMes\ClassForMain\AppUpdate.cs:行号 310
15:58:17.306  异常信息：远程服务器返回错误: (404) 未找到。
  堆栈信息:   在 AutoUpdate.AppUpdate.DownloadFile(String url, String localFilePath) 位置 D:\ProjectData\MiKe\LineProductMes\LineProductMes\ClassForMain\AppUpdate.cs:行号 243
   在 AutoUpdate.AppUpdate.CheckAppVersion(String& msg) 位置 D:\ProjectData\MiKe\LineProductMes\LineProductMes\ClassForMain\AppUpdate.cs:行号 310
15:58:22.105 @EMP002 系统管理员
15:58:22.107 @EMP033 cebfd1559b68d67688884d7a3d3e8c
15:59:31.820  异常信息：远程服务器返回错误: (404) 未找到。
  堆栈信息:   在 AutoUpdate.AppUpdate.DownloadFile(String url, String localFilePath) 位置 D:\ProjectData\MiKe\LineProductMes\LineProductMes\ClassForMain\AppUpdate.cs:行号 243
   在 AutoUpdate.AppUpdate.CheckAppVersion(String& msg) 位置 D:\ProjectData\MiKe\LineProductMes\LineProductMes\ClassForMain\AppUpdate.cs:行号 310
15:59:44.594  异常信息：远程服务器返回错误: (404) 未找到。
  堆栈信息:   在 AutoUpdate.AppUpdate.DownloadFile(String url, String localFilePath) 位置 D:\ProjectData\MiKe\LineProductMes\LineProductMes\ClassForMain\AppUpdate.cs:行号 243
   在 AutoUpdate.AppUpdate.CheckAppVersion(String& msg) 位置 D:\ProjectData\MiKe\LineProductMes\LineProductMes\ClassForMain\AppUpdate.cs:行号 310
15:59:48.915 @EMP002 系统管理员
15:59:48.918 @EMP033 cebfd1559b68d67688884d7a3d3e8c
16:18:27.026  异常信息：远程服务器返回错误: (404) 未找到。
  堆栈信息:   在 AutoUpdate.AppUpdate.DownloadFile(String url, String localFilePath) 位置 D:\ProjectData\MiKe\LineProductMes\LineProductMes\ClassForMain\AppUpdate.cs:行号 243
   在 AutoUpdate.AppUpdate.CheckAppVersion(String& msg) 位置 D:\ProjectData\MiKe\LineProductMes\LineProductMes\ClassForMain\AppUpdate.cs:行号 310
16:18:32.273 @EMP002 系统管理员
16:18:32.275 @EMP033 cebfd1559b68d67688884d7a3d3e8c
16:24:47.197  异常信息：远程服务器返回错误: (404) 未找到。
  堆栈信息:   在 AutoUpdate.AppUpdate.DownloadFile(String url, String localFilePath) 位置 D:\ProjectData\MiKe\LineProductMes\LineProductMes\ClassForMain\AppUpdate.cs:行号 243
   在 AutoUpdate.AppUpdate.CheckAppVersion(String& msg) 位置 D:\ProjectData\MiKe\LineProductMes\LineProductMes\ClassForMain\AppUpdate.cs:行号 310
16:24:52.386 @EMP002 系统管理员
16:24:52.388 @EMP033 cebfd1559b68d67688884d7a3d3e8c
16:33:35.620  异常信息：远程服务器返回错误: (404) 未找到。
  堆栈信息:   在 AutoUpdate.AppUpdate.DownloadFile(String url, String localFilePath) 位置 D:\ProjectData\MiKe\LineProductMes\LineProductMes\ClassForMain\AppUpdate.cs:行号 243
   在 AutoUpdate.AppUpdate.CheckAppVersion(String& msg) 位置 D:\ProjectData\MiKe\LineProductMes\LineProductMes\ClassForMain\AppUpdate.cs:行号 310
16:33:41.934 @EMP002 系统管理员
16:33:41.939 @EMP033 cebfd1559b68d67688884d7a3d3e8c
16:34:41.021  异常信息：远程服务器返回错误: (404) 未找到。
  堆栈信息:   在 AutoUpdate.AppUpdate.DownloadFile(String url, String localFilePath) 位置 D:\ProjectData\MiKe\LineProductMes\LineProductMes\ClassForMain\AppUpdate.cs:行号 243
   在 AutoUpdate.AppUpdate.CheckAppVersion(String& msg) 位置 D:\ProjectData\MiKe\LineProductMes\LineProductMes\ClassForMain\AppUpdate.cs:行号 310
16:34:45.893 @EMP002 系统管理员
16:34:45.894 @EMP033 cebfd1559b68d67688884d7a3d3e8c
16:35:34.463  异常信息：远程服务器返回错误: (404) 未找到。
  堆栈信息:   在 AutoUpdate.AppUpdate.DownloadFile(String url, String localFilePath) 位置 D:\ProjectData\MiKe\LineProductMes\LineProductMes\ClassForMain\AppUpdate.cs:行号 243
   在 AutoUpdate.AppUpdate.CheckAppVersion(String& msg) 位置 D:\ProjectData\MiKe\LineProductMes\LineProductMes\ClassForMain\AppUpdate.cs:行号 310
16:35:41.432 @EMP002 系统管理员
16:35:41.434 @EMP033 e51e6c4ea698bc872c5f2e504383ac59
16:35:43.603 @EMP002 系统管理员
16:35:43.605 @EMP033 cebfd1559b68d67688884d7a3d3e8c
16:40:42.394  异常信息：远程服务器返回错误: (404) 未找到。
  堆栈信息:   在 AutoUpdate.AppUpdate.DownloadFile(String url, String localFilePath) 位置 D:\ProjectData\MiKe\LineProductMes\LineProductMes\ClassForMain\AppUpdate.cs:行号 243
   在 AutoUpdate.AppUpdate.CheckAppVersion(String& msg) 位置 D:\ProjectData\MiKe\LineProductMes\LineProductMes\ClassForMain\AppUpdate.cs:行号 310
16:41:28.316 @EMP002 系统管理员
16:41:28.318 @EMP033 e51e6c4ea698bc872c5f2e504383ac59
16:41:30.927 @EMP002 系统管理员
16:41:30.930 @EMP033 cebfd1559b68d67688884d7a3d3e8c
16:42:24.779  异常信息：远程服务器返回错误: (404) 未找到。
  堆栈信息:   在 AutoUpdate.AppUpdate.DownloadFile(String url, String localFilePath) 位置 D:\ProjectData\MiKe\LineProductMes\LineProductMes\ClassForMain\AppUpdate.cs:行号 243
   在 AutoUpdate.AppUpdate.CheckAppVersion(String& msg) 位置 D:\ProjectData\MiKe\LineProductMes\LineProductMes\ClassForMain\AppUpdate.cs:行号 310
16:42:35.194 @EMP002 系统管理员
16:42:35.197 @EMP033 cebfd1559b68d67688884d7a3d3e8c
16:43:14.004  异常信息：远程服务器返回错误: (404) 未找到。
  堆栈信息:   在 AutoUpdate.AppUpdate.DownloadFile(String url, String localFilePath) 位置 D:\ProjectData\MiKe\LineProductMes\LineProductMes\ClassForMain\AppUpdate.cs:行号 243
   在 AutoUpdate.AppUpdate.CheckAppVersion(String& msg) 位置 D:\ProjectData\MiKe\LineProductMes\LineProductMes\ClassForMain\AppUpdate.cs:行号 310
16:43:18.863 @EMP002 系统管理员
16:43:18.866 @EMP033 cebfd1559b68d67688884d7a3d3e8c
16:44:26.458  异常信息：远程服务器返回错误: (404) 未找到。
  堆栈信息:   在 AutoUpdate.AppUpdate.DownloadFile(String url, String localFilePath) 位置 D:\ProjectData\MiKe\LineProductMes\LineProductMes\ClassForMain\AppUpdate.cs:行号 243
   在 AutoUpdate.AppUpdate.CheckAppVersion(String& msg) 位置 D:\ProjectData\MiKe\LineProductMes\LineProductMes\ClassForMain\AppUpdate.cs:行号 310
16:44:32.473 @EMP002 系统管理员
16:44:32.477 @EMP033 cebfd1559b68d67688884d7a3d3e8c
16:45:33.809  异常信息：远程服务器返回错误: (404) 未找到。
  堆栈信息:   在 AutoUpdate.AppUpdate.DownloadFile(String url, String localFilePath) 位置 D:\ProjectData\MiKe\LineProductMes\LineProductMes\ClassForMain\AppUpdate.cs:行号 243
   在 AutoUpdate.AppUpdate.CheckAppVersion(String& msg) 位置 D:\ProjectData\MiKe\LineProductMes\LineProductMes\ClassForMain\AppUpdate.cs:行号 310
16:45:39.499 @EMP002 系统管理员
16:45:39.501 @EMP033 cebfd1559b68d67688884d7a3d3e8c
16:51:27.513  异常信息：远程服务器返回错误: (404) 未找到。
  堆栈信息:   在 AutoUpdate.AppUpdate.DownloadFile(String url, String localFilePath) 位置 D:\ProjectData\MiKe\LineProductMes\LineProductMes\ClassForMain\AppUpdate.cs:行号 243
   在 AutoUpdate.AppUpdate.CheckAppVersion(String& msg) 位置 D:\ProjectData\MiKe\LineProductMes\LineProductMes\ClassForMain\AppUpdate.cs:行号 310
16:51:32.512 @EMP002 系统管理员
16:51:32.514 @EMP033 cebfd1559b68d67688884d7a3d3e8c
16:57:36.163  异常信息：远程服务器返回错误: (404) 未找到。
  堆栈信息:   在 AutoUpdate.AppUpdate.DownloadFile(String url, String localFilePath) 位置 D:\ProjectData\MiKe\LineProductMes\LineProductMes\ClassForMain\AppUpdate.cs:行号 243
   在 AutoUpdate.AppUpdate.CheckAppVersion(String& msg) 位置 D:\ProjectData\MiKe\LineProductMes\LineProductMes\ClassForMain\AppUpdate.cs:行号 310
16:57:41.092 @EMP002 系统管理员
16:57:41.094 @EMP033 cebfd1559b68d67688884d7a3d3e8c
16:59:44.639  异常信息：远程服务器返回错误: (404) 未找到。
  堆栈信息:   在 AutoUpdate.AppUpdate.DownloadFile(String url, String localFilePath) 位置 D:\ProjectData\MiKe\LineProductMes\LineProductMes\ClassForMain\AppUpdate.cs:行号 243
   在 AutoUpdate.AppUpdate.CheckAppVersion(String& msg) 位置 D:\ProjectData\MiKe\LineProductMes\LineProductMes\ClassForMain\AppUpdate.cs:行号 310
17:00:05.605 @EMP002 系统管理员
17:00:05.607 @EMP033 cebfd1559b68d67688884d7a3d3e8c
17:05:32.904  异常信息：远程服务器返回错误: (404) 未找到。
  堆栈信息:   在 AutoUpdate.AppUpdate.DownloadFile(String url, String localFilePath) 位置 D:\ProjectData\MiKe\LineProductMes\LineProductMes\ClassForMain\AppUpdate.cs:行号 243
   在 AutoUpdate.AppUpdate.CheckAppVersion(String& msg) 位置 D:\ProjectData\MiKe\LineProductMes\LineProductMes\ClassForMain\AppUpdate.cs:行号 310
17:05:38.505 @EMP002 系统管理员
17:05:38.509 @EMP033 f37584c99e7fd4f4f8c59550f8f57
17:05:40.658 @EMP002 系统管理员
17:05:40.661 @EMP033 cebfd1559b68d67688884d7a3d3e8c
17:08:56.438  异常信息：远程服务器返回错误: (404) 未找到。
  堆栈信息:   在 AutoUpdate.AppUpdate.DownloadFile(String url, String localFilePath) 位置 D:\ProjectData\MiKe\LineProductMes\LineProductMes\ClassForMain\AppUpdate.cs:行号 243
   在 AutoUpdate.AppUpdate.CheckAppVersion(String& msg) 位置 D:\ProjectData\MiKe\LineProductMes\LineProductMes\ClassForMain\AppUpdate.cs:行号 310
17:09:01.808 @EMP002 系统管理员
17:09:01.810 @EMP033 cebfd1559b68d67688884d7a3d3e8c
17:16:45.835  异常信息：远程服务器返回错误: (404) 未找到。
  堆栈信息:   在 AutoUpdate.AppUpdate.DownloadFile(String url, String localFilePath) 位置 D:\ProjectData\MiKe\LineProductMes\LineProductMes\ClassForMain\AppUpdate.cs:行号 243
   在 AutoUpdate.AppUpdate.CheckAppVersion(String& msg) 位置 D:\ProjectData\MiKe\LineProductMes\LineProductMes\ClassForMain\AppUpdate.cs:行号 310
17:17:02.763 @EMP002 系统管理员
17:17:02.766 @EMP033 cebfd1559b68d67688884d7a3d3e8c
17:20:23.934  异常信息：远程服务器返回错误: (404) 未找到。
  堆栈信息:   在 AutoUpdate.AppUpdate.DownloadFile(String url, String localFilePath) 位置 D:\ProjectData\MiKe\LineProductMes\LineProductMes\ClassForMain\AppUpdate.cs:行号 243
   在 AutoUpdate.AppUpdate.CheckAppVersion(String& msg) 位置 D:\ProjectData\MiKe\LineProductMes\LineProductMes\ClassForMain\AppUpdate.cs:行号 310
17:20:31.076 @EMP002 系统管理员
17:20:31.078 @EMP033 cebfd1559b68d67688884d7a3d3e8c
17:24:22.165  异常信息：远程服务器返回错误: (404) 未找到。
  堆栈信息:   在 AutoUpdate.AppUpdate.DownloadFile(String url, String localFilePath) 位置 D:\ProjectData\MiKe\LineProductMes\LineProductMes\ClassForMain\AppUpdate.cs:行号 243
   在 AutoUpdate.AppUpdate.CheckAppVersion(String& msg) 位置 D:\ProjectData\MiKe\LineProductMes\LineProductMes\ClassForMain\AppUpdate.cs:行号 310
17:24:29.135 @EMP002 系统管理员
17:24:29.138 @EMP033 cebfd1559b68d67688884d7a3d3e8c
17:29:54.191  异常信息：远程服务器返回错误: (404) 未找到。
  堆栈信息:   在 AutoUpdate.AppUpdate.DownloadFile(String url, String localFilePath) 位置 D:\ProjectData\MiKe\LineProductMes\LineProductMes\ClassForMain\AppUpdate.cs:行号 243
   在 AutoUpdate.AppUpdate.CheckAppVersion(String& msg) 位置 D:\ProjectData\MiKe\LineProductMes\LineProductMes\ClassForMain\AppUpdate.cs:行号 310
17:30:20.787 @EMP002 系统管理员
17:30:20.789 @EMP033 cebfd1559b68d67688884d7a3d3e8c
