09:18:45.397  异常信息：远程服务器返回错误: (404) 未找到。
  堆栈信息:   在 AutoUpdate.AppUpdate.DownloadFile(String url, String localFilePath) 位置 D:\ProjectData\MiKe\LineProductMes\LineProductMes\ClassForMain\AppUpdate.cs:行号 243
   在 AutoUpdate.AppUpdate.CheckAppVersion(String& msg) 位置 D:\ProjectData\MiKe\LineProductMes\LineProductMes\ClassForMain\AppUpdate.cs:行号 310
09:18:52.880 @EMP002 系统管理员
09:18:52.882 @EMP033 cebfd1559b68d67688884d7a3d3e8c
09:31:05.094  异常信息：远程服务器返回错误: (404) 未找到。
  堆栈信息:   在 AutoUpdate.AppUpdate.DownloadFile(String url, String localFilePath) 位置 D:\ProjectData\MiKe\LineProductMes\LineProductMes\ClassForMain\AppUpdate.cs:行号 243
   在 AutoUpdate.AppUpdate.CheckAppVersion(String& msg) 位置 D:\ProjectData\MiKe\LineProductMes\LineProductMes\ClassForMain\AppUpdate.cs:行号 310
09:31:11.763 @EMP002 系统管理员
09:31:11.764 @EMP033 cebfd1559b68d67688884d7a3d3e8c
10:17:59.717  异常信息：远程服务器返回错误: (404) 未找到。
  堆栈信息:   在 AutoUpdate.AppUpdate.DownloadFile(String url, String localFilePath) 位置 D:\ProjectData\MiKe\LineProductMes\LineProductMes\ClassForMain\AppUpdate.cs:行号 243
   在 AutoUpdate.AppUpdate.CheckAppVersion(String& msg) 位置 D:\ProjectData\MiKe\LineProductMes\LineProductMes\ClassForMain\AppUpdate.cs:行号 310
10:18:06.802 @EMP002 系统管理员
10:18:06.803 @EMP033 cebfd1559b68d67688884d7a3d3e8c
10:23:25.899  异常信息：远程服务器返回错误: (404) 未找到。
  堆栈信息:   在 AutoUpdate.AppUpdate.DownloadFile(String url, String localFilePath) 位置 D:\ProjectData\MiKe\LineProductMes\LineProductMes\ClassForMain\AppUpdate.cs:行号 243
   在 AutoUpdate.AppUpdate.CheckAppVersion(String& msg) 位置 D:\ProjectData\MiKe\LineProductMes\LineProductMes\ClassForMain\AppUpdate.cs:行号 310
10:23:31.967 @EMP002 系统管理员
10:23:31.969 @EMP033 cebfd1559b68d67688884d7a3d3e8c
10:26:13.751  异常信息：远程服务器返回错误: (404) 未找到。
  堆栈信息:   在 AutoUpdate.AppUpdate.DownloadFile(String url, String localFilePath) 位置 D:\ProjectData\MiKe\LineProductMes\LineProductMes\ClassForMain\AppUpdate.cs:行号 243
   在 AutoUpdate.AppUpdate.CheckAppVersion(String& msg) 位置 D:\ProjectData\MiKe\LineProductMes\LineProductMes\ClassForMain\AppUpdate.cs:行号 310
10:26:20.774 @EMP002 系统管理员
10:26:20.775 @EMP033 e51e6c4ea698bc872c5f2e504383ac59
10:26:24.251 @EMP002 系统管理员
10:26:24.254 @EMP033 cebfd1559b68d67688884d7a3d3e8c
10:27:44.048  异常信息：远程服务器返回错误: (404) 未找到。
  堆栈信息:   在 AutoUpdate.AppUpdate.DownloadFile(String url, String localFilePath) 位置 D:\ProjectData\MiKe\LineProductMes\LineProductMes\ClassForMain\AppUpdate.cs:行号 243
   在 AutoUpdate.AppUpdate.CheckAppVersion(String& msg) 位置 D:\ProjectData\MiKe\LineProductMes\LineProductMes\ClassForMain\AppUpdate.cs:行号 310
10:27:49.203 @EMP002 系统管理员
10:27:49.205 @EMP033 cebfd1559b68d67688884d7a3d3e8c
10:28:35.507  异常信息：远程服务器返回错误: (404) 未找到。
  堆栈信息:   在 AutoUpdate.AppUpdate.DownloadFile(String url, String localFilePath) 位置 D:\ProjectData\MiKe\LineProductMes\LineProductMes\ClassForMain\AppUpdate.cs:行号 243
   在 AutoUpdate.AppUpdate.CheckAppVersion(String& msg) 位置 D:\ProjectData\MiKe\LineProductMes\LineProductMes\ClassForMain\AppUpdate.cs:行号 310
10:28:39.993 @EMP002 系统管理员
10:28:39.994 @EMP033 cebfd1559b68d67688884d7a3d3e8c
10:29:05.403 @ANT001 20180907001
10:29:05.405 @ANT002 0507
10:29:05.407 @ANT003 总装车间
10:29:05.408 @ANT004 050708
10:29:05.410 @ANT005 附件组
10:29:05.411 @ANT008 2018/9/7 0:00:00
10:29:05.413 @ANT009 0.5
10:29:05.415 @ANT010 0
10:29:05.419 @ANU001 20180907001
10:29:05.421 @ANU002 20180808002
10:29:05.422 @ANU003 GD201804240030
10:29:05.424 @ANU004 202101326
10:29:05.426 @ANU005 F06-DS面板-冲压
10:29:05.428 @ANU006 附件
10:29:05.429 @ANU007 0.5623
10:29:05.431 @ANU008 050701
10:29:05.432 @ANU009 1线
10:29:05.433 @ANU010 10
10:29:05.437 @ANV001 20180907001
10:29:05.438 @ANV002 10293
10:29:05.439 @ANV003 韩秀金
10:29:05.441 @ANV004 附件加工
10:29:05.442 @ANV005 2018/9/7 8:00:00
10:29:05.443 @ANV006 2018/9/7 17:00:00
10:29:05.445 @ANV007 在职
10:29:05.446 @ANV008 附件组
10:29:05.448 @ANV009 8.5
10:29:05.449 @ANV010 0.7
10:29:05.453 @ANV001 20180907001
10:29:05.455 @ANV002 10294
10:29:05.456 @ANV003 黄春燕
10:29:05.457 @ANV004 附件加工
10:29:05.459 @ANV005 2018/9/7 8:00:00
10:29:05.460 @ANV006 2018/9/7 17:00:00
10:29:05.461 @ANV007 在职
10:29:05.462 @ANV008 附件组
10:29:05.463 @ANV009 8.5
10:29:05.465 @ANV010 0.7
10:29:05.468 @ANV001 20180907001
10:29:05.469 @ANV002 10295
10:29:05.471 @ANV003 薛能珍
10:29:05.472 @ANV004 附件加工
10:29:05.473 @ANV005 2018/9/7 8:00:00
10:29:05.475 @ANV006 2018/9/7 17:00:00
10:29:05.477 @ANV007 在职
10:29:05.478 @ANV008 附件组
10:29:05.479 @ANV009 8.5
10:29:05.481 @ANV010 0.7
10:29:05.483 @ANV001 20180907001
10:29:05.484 @ANV002 10296
10:29:05.486 @ANV003 何卫英
10:29:05.487 @ANV004 附件加工
10:29:05.488 @ANV005 2018/9/7 8:00:00
10:29:05.489 @ANV006 2018/9/7 17:00:00
10:29:05.491 @ANV007 在职
10:29:05.492 @ANV008 附件组
10:29:05.493 @ANV009 8.5
10:29:05.494 @ANV010 0.7
10:29:05.497 @ANV001 20180907001
10:29:05.499 @ANV002 10297
10:29:05.500 @ANV003 苏春
10:29:05.501 @ANV004 附件加工
10:29:05.503 @ANV005 2018/9/7 8:00:00
10:29:05.504 @ANV006 2018/9/7 17:00:00
10:29:05.505 @ANV007 在职
10:29:05.507 @ANV008 附件组
10:29:05.508 @ANV009 8.5
10:29:05.509 @ANV010 0.7
10:29:05.512 @ANV001 20180907001
10:29:05.513 @ANV002 10298
10:29:05.514 @ANV003 张丹丹
10:29:05.516 @ANV004 附件加工
10:29:05.517 @ANV005 2018/9/7 8:00:00
10:29:05.518 @ANV006 2018/9/7 17:00:00
10:29:05.519 @ANV007 在职
10:29:05.520 @ANV008 附件组
10:29:05.522 @ANV009 8.5
10:29:05.523 @ANV010 0.7
10:29:05.526 @ANV001 20180907001
10:29:05.528 @ANV002 10299
10:29:05.529 @ANV003 赵杰
10:29:05.530 @ANV004 附件加工
10:29:05.532 @ANV005 2018/9/7 8:00:00
10:29:05.533 @ANV006 2018/9/7 17:00:00
10:29:05.534 @ANV007 在职
10:29:05.535 @ANV008 附件组
10:29:05.537 @ANV009 8.5
10:29:05.538 @ANV010 0.7
10:29:05.541 @ANV001 20180907001
10:29:05.543 @ANV002 10300
10:29:05.544 @ANV003 汪国洋
10:29:05.546 @ANV004 附件加工
10:29:05.547 @ANV005 2018/9/7 8:00:00
10:29:05.549 @ANV006 2018/9/7 17:00:00
10:29:05.550 @ANV007 在职
10:29:05.552 @ANV008 附件组
10:29:05.554 @ANV009 8.5
10:29:05.556 @ANV010 0.7
10:41:02.495  异常信息：远程服务器返回错误: (404) 未找到。
  堆栈信息:   在 AutoUpdate.AppUpdate.DownloadFile(String url, String localFilePath) 位置 D:\ProjectData\MiKe\LineProductMes\LineProductMes\ClassForMain\AppUpdate.cs:行号 243
   在 AutoUpdate.AppUpdate.CheckAppVersion(String& msg) 位置 D:\ProjectData\MiKe\LineProductMes\LineProductMes\ClassForMain\AppUpdate.cs:行号 310
10:41:08.467 @EMP002 系统管理员
10:41:08.469 @EMP033 cebfd1559b68d67688884d7a3d3e8c
10:43:13.932  异常信息：远程服务器返回错误: (404) 未找到。
  堆栈信息:   在 AutoUpdate.AppUpdate.DownloadFile(String url, String localFilePath) 位置 D:\ProjectData\MiKe\LineProductMes\LineProductMes\ClassForMain\AppUpdate.cs:行号 243
   在 AutoUpdate.AppUpdate.CheckAppVersion(String& msg) 位置 D:\ProjectData\MiKe\LineProductMes\LineProductMes\ClassForMain\AppUpdate.cs:行号 310
10:45:22.309 @EMP002 系统管理员
10:45:22.311 @EMP033 cebfd1559b68d67688884d7a3d3e8c
10:58:45.243  异常信息：远程服务器返回错误: (404) 未找到。
  堆栈信息:   在 AutoUpdate.AppUpdate.DownloadFile(String url, String localFilePath) 位置 D:\ProjectData\MiKe\LineProductMes\LineProductMes\ClassForMain\AppUpdate.cs:行号 243
   在 AutoUpdate.AppUpdate.CheckAppVersion(String& msg) 位置 D:\ProjectData\MiKe\LineProductMes\LineProductMes\ClassForMain\AppUpdate.cs:行号 310
10:58:50.600 @EMP002 系统管理员
10:58:50.602 @EMP033 cebfd1559b68d67688884d7a3d3e8c
10:59:10.580 @HAW002 GD201503240012
10:59:10.582 @HAW003 140038272
10:59:10.584 @HAW004 JKGJ08-麻艺空间
10:59:10.585 @HAW005 334*334*0.45mm
10:59:10.586 @HAW006 PCS
10:59:10.587 @HAW007 6000
10:59:10.588 @HAW008 0.000000
10:59:10.589 @HAW009 5000
10:59:10.591 @HAW010 2018/9/6 0:00:00
10:59:10.593 @HAW011 计件
10:59:10.595 @HAW012 0501
10:59:10.596 @HAW013 五金车间
10:59:10.597 @HAW014 0501
10:59:10.599 @HAW015 五金车间
10:59:10.600 @HAW016 
10:59:10.601 @HAW017 
10:59:10.603 @HAW018 False
10:59:10.604 @HAW019 False
10:59:10.605 @HAW001 20180906001
10:59:10.606 @HAW020 0.5
10:59:10.608 @HAW021 0.5
10:59:10.615 @HAX003 李守军
10:59:10.617 @HAX004 成品搬运工
10:59:10.618 @HAX005 01
10:59:10.620 @HAX006 冲压
10:59:10.621 @HAX007 0.000000
10:59:10.622 @HAX008 1000
10:59:10.624 @HAX009 2018/9/6 8:00:00
10:59:10.625 @HAX010 2018/9/6 17:45:00
10:59:10.627 @HAX011 2018/9/6 0:00:00
10:59:10.628 @HAX012 2018/9/6 4:15:00
10:59:10.630 @HAX013 5.000000
10:59:10.631 @HAX014 
10:59:10.632 @HAX015 在职
10:59:10.634 @HAX016 001
10:59:10.635 @HAX017 物流组
10:59:10.636 @idx 8.8
10:59:10.637 @HAX018 4.3
10:59:10.638 @HAX019 21.5
10:59:10.640 @HAX020 18
10:59:26.222 @HAW002 GD201503240012
10:59:26.224 @HAW003 140038272
10:59:26.225 @HAW004 JKGJ08-麻艺空间
10:59:26.227 @HAW005 334*334*0.45mm
10:59:26.228 @HAW006 PCS
10:59:26.229 @HAW007 6000
10:59:26.231 @HAW008 0.000000
10:59:26.232 @HAW009 5000
10:59:26.233 @HAW010 2018/9/6 0:00:00
10:59:26.234 @HAW011 计件
10:59:26.236 @HAW012 0501
10:59:26.237 @HAW013 五金车间
10:59:26.238 @HAW014 0501
10:59:26.239 @HAW015 五金车间
10:59:26.240 @HAW016 
10:59:26.243 @HAW017 
10:59:26.244 @HAW018 False
10:59:26.245 @HAW019 False
10:59:26.247 @HAW001 20180906001
10:59:26.248 @HAW020 0.5
10:59:26.249 @HAW021 0.5
10:59:26.251 @HAX003 李守军
10:59:26.253 @HAX004 成品搬运工
10:59:26.254 @HAX005 01
10:59:26.255 @HAX006 冲压
10:59:26.258 @HAX007 0.000000
10:59:26.259 @HAX008 1000
10:59:26.261 @HAX009 2018/9/6 8:00:00
10:59:26.262 @HAX010 2018/9/6 17:45:00
10:59:26.263 @HAX011 2018/9/6 0:00:00
10:59:26.264 @HAX012 2018/9/6 4:15:00
10:59:26.266 @HAX013 5.000000
10:59:26.267 @HAX014 
10:59:26.268 @HAX015 在职
10:59:26.269 @HAX016 001
10:59:26.270 @HAX017 物流组
10:59:26.272 @idx 8.8
10:59:26.273 @HAX018 4.3
10:59:26.274 @HAX019 21.5
10:59:26.275 @HAX020 18
11:00:47.256 @HAW002 GD201503240012
11:00:47.258 @HAW003 140038272
11:00:47.260 @HAW004 JKGJ08-麻艺空间
11:00:47.261 @HAW005 334*334*0.45mm
11:00:47.263 @HAW006 PCS
11:00:47.264 @HAW007 6000
11:00:47.266 @HAW008 0.000000
11:00:47.267 @HAW009 5000
11:00:47.269 @HAW010 2018/9/6 0:00:00
11:00:47.272 @HAW011 计件
11:00:47.274 @HAW012 0501
11:00:47.275 @HAW013 五金车间
11:00:47.277 @HAW014 0501
11:00:47.278 @HAW015 五金车间
11:00:47.280 @HAW016 
11:00:47.281 @HAW017 
11:00:47.282 @HAW018 False
11:00:47.284 @HAW019 False
11:00:47.286 @HAW001 20180906001
11:00:47.287 @HAW020 0.5
11:00:47.289 @HAW021 0.5
11:00:47.291 @HAX003 李守军
11:00:47.292 @HAX004 成品搬运工
11:00:47.294 @HAX005 01
11:00:47.295 @HAX006 冲压
11:00:47.296 @HAX007 0.000000
11:00:47.297 @HAX008 1000
11:00:47.298 @HAX009 2018/9/6 8:00:00
11:00:47.300 @HAX010 2018/9/6 17:45:00
11:00:47.302 @HAX011 2018/9/6 0:00:00
11:00:47.304 @HAX012 2018/9/6 4:15:00
11:00:47.305 @HAX013 5.000000
11:00:47.307 @HAX014 
11:00:47.308 @HAX015 在职
11:00:47.309 @HAX016 001
11:00:47.310 @HAX017 物流组
11:00:47.311 @idx 8.8
11:00:47.313 @HAX018 4.3
11:00:47.315 @HAX019 21.5
11:00:47.316 @HAX020 18
11:01:48.813 @HAW002 GD201503240012
11:01:48.815 @HAW003 140038272
11:01:48.816 @HAW004 JKGJ08-麻艺空间
11:01:48.818 @HAW005 334*334*0.45mm
11:01:48.819 @HAW006 PCS
11:01:48.821 @HAW007 6000
11:01:48.822 @HAW008 0.000000
11:01:48.824 @HAW009 5000
11:01:48.826 @HAW010 2018/9/6 0:00:00
11:01:48.827 @HAW011 计件
11:01:48.828 @HAW012 0501
11:01:48.830 @HAW013 五金车间
11:01:48.832 @HAW014 0501
11:01:48.834 @HAW015 五金车间
11:01:48.835 @HAW016 
11:01:48.836 @HAW017 
11:01:48.838 @HAW018 False
11:01:48.839 @HAW019 False
11:01:48.841 @HAW001 20180906001
11:01:48.843 @HAW020 0.5
11:01:48.845 @HAW021 0.5
11:01:48.848 @HAX003 李守军
11:01:48.850 @HAX004 成品搬运工
11:01:48.851 @HAX005 01
11:01:48.853 @HAX006 冲压
11:01:48.854 @HAX007 0.000000
11:01:48.855 @HAX008 1000
11:01:48.856 @HAX009 2018/9/6 8:00:00
11:01:48.858 @HAX010 2018/9/6 17:45:00
11:01:48.859 @HAX011 2018/9/6 0:00:00
11:01:48.861 @HAX012 2018/9/6 4:15:00
11:01:48.862 @HAX013 5.000000
11:01:48.863 @HAX014 
11:01:48.865 @HAX015 在职
11:01:48.866 @HAX016 001
11:01:48.867 @HAX017 物流组
11:01:48.869 @idx 8.8
11:01:48.870 @HAX018 4.3
11:01:48.871 @HAX019 21.5
11:01:48.872 @HAX020 18
11:03:08.520 @HAW002 GD201503240012
11:03:08.522 @HAW003 140038272
11:03:08.523 @HAW004 JKGJ08-麻艺空间
11:03:08.525 @HAW005 334*334*0.45mm
11:03:08.527 @HAW006 PCS
11:03:08.529 @HAW007 6000
11:03:08.531 @HAW008 0.000000
11:03:08.533 @HAW009 5000
11:03:08.534 @HAW010 2018/9/6 0:00:00
11:03:08.536 @HAW011 计件
11:03:08.537 @HAW012 0501
11:03:08.538 @HAW013 五金车间
11:03:08.539 @HAW014 0501
11:03:08.541 @HAW015 五金车间
11:03:08.542 @HAW016 
11:03:08.543 @HAW017 
11:03:08.544 @HAW018 False
11:03:08.545 @HAW019 False
11:03:08.546 @HAW001 20180906001
11:03:08.548 @HAW020 0.5
11:03:08.549 @HAW021 0.5
11:03:20.057 @HAX003 李守军
11:03:20.059 @HAX004 成品搬运工
11:03:20.061 @HAX005 01
11:03:20.062 @HAX006 冲压
11:03:20.064 @HAX007 0.000000
11:03:20.065 @HAX008 1000
11:03:20.067 @HAX009 2018/9/6 8:00:00
11:03:20.068 @HAX010 2018/9/6 17:45:00
11:03:20.069 @HAX011 2018/9/6 0:00:00
11:03:20.072 @HAX012 2018/9/6 4:15:00
11:03:20.073 @HAX013 5.000000
11:03:20.075 @HAX014 
11:03:20.077 @HAX015 在职
11:03:20.079 @HAX016 001
11:03:20.080 @HAX017 物流组
11:03:20.082 @idx 8.8
11:03:20.083 @HAX018 4.3
11:03:20.084 @HAX019 21.5
11:03:20.085 @HAX020 18
11:03:58.261 @HAW002 GD201503240012
11:03:58.263 @HAW003 140038272
11:03:58.265 @HAW004 JKGJ08-麻艺空间
11:03:58.266 @HAW005 334*334*0.45mm
11:03:58.267 @HAW006 PCS
11:03:58.268 @HAW007 6000
11:03:58.269 @HAW008 0.000000
11:03:58.271 @HAW009 5000
11:03:58.273 @HAW010 2018/9/6 0:00:00
11:03:58.274 @HAW011 计件
11:03:58.279 @HAW012 0501
11:03:58.281 @HAW013 五金车间
11:03:58.282 @HAW014 0501
11:03:58.284 @HAW015 五金车间
11:03:58.285 @HAW016 
11:03:58.286 @HAW017 
11:03:58.288 @HAW018 False
11:03:58.289 @HAW019 False
11:03:58.291 @HAW001 20180906001
11:03:58.292 @HAW020 0.5
11:03:58.294 @HAW021 0.5
11:05:13.426  异常信息：远程服务器返回错误: (404) 未找到。
  堆栈信息:   在 AutoUpdate.AppUpdate.DownloadFile(String url, String localFilePath) 位置 D:\ProjectData\MiKe\LineProductMes\LineProductMes\ClassForMain\AppUpdate.cs:行号 243
   在 AutoUpdate.AppUpdate.CheckAppVersion(String& msg) 位置 D:\ProjectData\MiKe\LineProductMes\LineProductMes\ClassForMain\AppUpdate.cs:行号 310
11:05:20.709 @EMP002 系统管理员
11:05:20.713 @EMP033 cebfd1559b68d67688884d7a3d3e8c
11:05:35.219 @HAW002 GD201503240012
11:05:35.221 @HAW003 140038272
11:05:35.222 @HAW004 JKGJ08-麻艺空间
11:05:35.224 @HAW005 334*334*0.45mm
11:05:35.225 @HAW006 PCS
11:05:35.227 @HAW007 6000
11:05:35.228 @HAW008 0.000000
11:05:35.230 @HAW009 5000
11:05:35.232 @HAW010 2018/9/6 0:00:00
11:05:35.233 @HAW011 计件
11:05:35.235 @HAW012 0501
11:05:35.236 @HAW013 五金车间
11:05:35.238 @HAW014 0501
11:05:35.239 @HAW015 五金车间
11:05:35.241 @HAW016 
11:05:35.242 @HAW017 
11:05:35.243 @HAW018 False
11:05:35.245 @HAW019 False
11:05:35.247 @HAW001 20180906001
11:05:35.248 @HAW020 0.5
11:05:35.249 @HAW021 0.5
11:05:35.252 @HAX003 李守军
11:05:35.253 @HAX004 成品搬运工
11:05:35.255 @HAX005 01
11:05:35.256 @HAX006 冲压
11:05:35.257 @HAX007 0.000000
11:05:35.259 @HAX008 1000
11:05:35.260 @HAX009 2018/9/6 8:00:00
11:05:35.261 @HAX010 2018/9/6 17:45:00
11:05:35.262 @HAX011 2018/9/6 0:00:00
11:05:35.263 @HAX012 2018/9/6 4:15:00
11:05:35.265 @HAX013 5.000000
11:05:35.266 @HAX014 
11:05:35.268 @HAX015 在职
11:05:35.269 @HAX016 001
11:05:35.270 @HAX017 物流组
11:05:35.272 @idx 18
11:05:35.273 @HAX018 8.8
11:05:35.274 @HAX019 4.3
11:05:35.276 @HAX020 21.5
11:27:52.469  异常信息：远程服务器返回错误: (404) 未找到。
  堆栈信息:   在 AutoUpdate.AppUpdate.DownloadFile(String url, String localFilePath) 位置 D:\ProjectData\MiKe\LineProductMes\LineProductMes\ClassForMain\AppUpdate.cs:行号 243
   在 AutoUpdate.AppUpdate.CheckAppVersion(String& msg) 位置 D:\ProjectData\MiKe\LineProductMes\LineProductMes\ClassForMain\AppUpdate.cs:行号 310
11:27:58.191 @EMP002 系统管理员
11:27:58.194 @EMP033 cebfd1559b68d67688884d7a3d3e8c
11:28:56.320 @IJA001 20180907001
11:28:56.322 @IJA002 计件
11:28:56.323 @IJA003 0502
11:28:56.325 @IJA004 注塑车间
11:28:56.326 @IJA005 0502
11:28:56.327 @IJA006 注塑车间
11:28:56.328 @IJA007 2018/9/7 0:00:00
11:28:56.330 @IJA008 
11:28:56.331 @IJA009 
11:28:56.332 @IJA010 False
11:28:56.333 @IJA011 False
11:28:56.335 @IJA012 0.5
11:28:56.336 @IJA013 0.5
11:28:56.345 @IJB001 20180907001
11:28:56.346 @IJB002 10006
11:28:56.348 @IJB003 在职
11:28:56.349 @IJB004 GD201502090034
11:28:56.350 @IJB005 201211243
11:28:56.352 @IJB006 暖风机压线板
11:28:56.353 @IJB007 24.5*9.5*5mm
11:28:56.355 @IJB008 PCS
11:28:56.356 @IJB009 0
11:28:56.357 @IJB010 300
11:28:56.359 @IJB011 0
11:28:56.360 @IJB012 赵庆书
11:28:56.361 @IJB013 成品搬运工
11:28:56.362 @IJB014 全自动
11:28:56.364 @IJB015 100
11:28:56.365 @IJB016 2018/9/7 8:00:00
11:28:56.366 @IJB017 2018/9/7 17:00:00
11:28:56.367 @IJB018 2018/9/7 0:00:00
11:28:56.368 @IJB019 2018/9/7 5:24:00
11:28:56.369 @IJB020 12
11:28:56.371 @IJB021 
11:28:56.373 @IJB022 物流组
11:28:56.374 @IJB023 5.4
11:28:56.375 @IJB024 8.5
11:28:56.377 @IJB025 0.0
11:30:16.330  异常信息：远程服务器返回错误: (404) 未找到。
  堆栈信息:   在 AutoUpdate.AppUpdate.DownloadFile(String url, String localFilePath) 位置 D:\ProjectData\MiKe\LineProductMes\LineProductMes\ClassForMain\AppUpdate.cs:行号 243
   在 AutoUpdate.AppUpdate.CheckAppVersion(String& msg) 位置 D:\ProjectData\MiKe\LineProductMes\LineProductMes\ClassForMain\AppUpdate.cs:行号 310
11:30:21.314 @EMP002 系统管理员
11:30:21.316 @EMP033 cebfd1559b68d67688884d7a3d3e8c
11:31:49.451 @IJA002 计件
11:31:49.453 @IJA003 0502
11:31:49.455 @IJA004 注塑车间
11:31:49.456 @IJA005 0502
11:31:49.457 @IJA006 注塑车间
11:31:49.458 @IJA007 2018/9/7 0:00:00
11:31:49.459 @IJA008 
11:31:49.460 @IJA009 
11:31:49.462 @IJA010 False
11:31:49.464 @IJA011 False
11:31:49.465 @IJA001 20180907001
11:31:49.469 @IJA012 0.5
11:31:49.472 @IJA013 0.5
11:31:49.478 @IJB003 在职
11:31:49.480 @IJB004 GD201502090034
11:31:49.482 @IJB005 201211243
11:31:49.484 @IJB006 暖风机压线板
11:31:49.485 @IJB007 24.5*9.5*5mm
11:31:49.487 @IJB008 PCS
11:31:49.488 @IJB009 0.000000
11:31:49.489 @IJB010 300
11:31:49.490 @IJB011 0.000000
11:31:49.492 @IJB012 赵庆书
11:31:49.493 @IJB013 成品搬运工
11:31:49.494 @IJB014 全自动
11:31:49.495 @IJB015 100
11:31:49.496 @IJB016 2018/9/7 8:00:00
11:31:49.497 @IJB017 2018/9/7 17:00:00
11:31:49.499 @IJB018 2018/9/7 0:00:00
11:31:49.501 @IJB019 2018/9/7 5:24:00
11:31:49.502 @IJB020 12.000000
11:31:49.504 @IJB021 
11:31:49.505 @IJB002 10006
11:31:49.506 @IJB022 物流组
11:31:49.507 @IJB023 5.4
11:31:49.509 @IJB024 8.5
11:31:49.510 @IJB025 64.8
11:31:49.511 @idx 6
13:10:17.628  异常信息：远程服务器返回错误: (404) 未找到。
  堆栈信息:   在 AutoUpdate.AppUpdate.DownloadFile(String url, String localFilePath) 位置 D:\ProjectData\MiKe\LineProductMes\LineProductMes\ClassForMain\AppUpdate.cs:行号 243
   在 AutoUpdate.AppUpdate.CheckAppVersion(String& msg) 位置 D:\ProjectData\MiKe\LineProductMes\LineProductMes\ClassForMain\AppUpdate.cs:行号 310
13:10:24.094 @EMP002 系统管理员
13:10:24.096 @EMP033 cebfd1559b68d67688884d7a3d3e8c
13:16:20.633  异常信息：远程服务器返回错误: (404) 未找到。
  堆栈信息:   在 AutoUpdate.AppUpdate.DownloadFile(String url, String localFilePath) 位置 D:\ProjectData\MiKe\LineProductMes\LineProductMes\ClassForMain\AppUpdate.cs:行号 243
   在 AutoUpdate.AppUpdate.CheckAppVersion(String& msg) 位置 D:\ProjectData\MiKe\LineProductMes\LineProductMes\ClassForMain\AppUpdate.cs:行号 310
13:16:26.166 @EMP002 系统管理员
13:16:26.168 @EMP033 cebfd1559b68d67688884d7a3d3e8c
13:16:53.230 @IJA001 20180907002
13:16:53.231 @IJA002 计时
13:16:53.233 @IJA003 0502
13:16:53.236 @IJA004 注塑车间
13:16:53.238 @IJA005 0502
13:16:53.239 @IJA006 注塑车间
13:16:53.240 @IJA007 2018/9/7 0:00:00
13:16:53.242 @IJA008 
13:16:53.244 @IJA009 
13:16:53.246 @IJA010 False
13:16:53.247 @IJA011 False
13:16:53.250 @IJA012 0
13:16:53.251 @IJA013 0
13:16:53.255 @IJC001 20180907002
13:16:53.257 @IJC002 GD201502090044
13:16:53.258 @IJC003 201211243
13:16:53.259 @IJC004 暖风机压线板
13:16:53.261 @IJC005 24.5*9.5*5mm
13:16:53.262 @IJC006 PCS
13:16:53.263 @IJC007 0
13:16:53.264 @IJC008 300
13:16:53.266 @IJC009 0
13:16:53.267 @IJC010 12
13:16:53.269 @IJC011 
13:16:53.272 @IJD001 20180907002
13:16:53.274 @IJD002 10011
13:16:53.276 @IJD003 潘传慧
13:16:53.277 @IJD004 发货员
13:16:53.278 @IJD005 半自动
13:16:53.280 @IJD006 2018/9/7 8:00:00
13:16:53.282 @IJD007 2018/9/7 17:00:00
13:16:53.283 @IJD008 12
13:16:53.285 @IJD009 
13:16:53.287 @IJD010 在职
13:16:53.288 @IJD011 物流组
13:16:53.289 @IJD012 9
13:16:53.290 @IJD013 108
13:17:38.579  异常信息：远程服务器返回错误: (404) 未找到。
  堆栈信息:   在 AutoUpdate.AppUpdate.DownloadFile(String url, String localFilePath) 位置 D:\ProjectData\MiKe\LineProductMes\LineProductMes\ClassForMain\AppUpdate.cs:行号 243
   在 AutoUpdate.AppUpdate.CheckAppVersion(String& msg) 位置 D:\ProjectData\MiKe\LineProductMes\LineProductMes\ClassForMain\AppUpdate.cs:行号 310
13:17:43.968 @EMP002 系统管理员
13:17:43.970 @EMP033 cebfd1559b68d67688884d7a3d3e8c
13:20:07.347 @IJA001 20180907003
13:20:07.349 @IJA002 计时
13:20:07.350 @IJA003 0502
13:20:07.352 @IJA004 注塑车间
13:20:07.353 @IJA005 0502
13:20:07.355 @IJA006 注塑车间
13:20:07.356 @IJA007 2018/9/7 0:00:00
13:20:07.357 @IJA008 
13:20:07.359 @IJA009 
13:20:07.360 @IJA010 False
13:20:07.361 @IJA011 False
13:20:07.362 @IJA012 0
13:20:07.364 @IJA013 0
13:20:07.369 @IJC001 20180907003
13:20:07.371 @IJC002 GD201502090044
13:20:07.372 @IJC003 201211243
13:20:07.373 @IJC004 暖风机压线板
13:20:07.375 @IJC005 24.5*9.5*5mm
13:20:07.376 @IJC006 PCS
13:20:07.377 @IJC007 0
13:20:07.379 @IJC008 300
13:20:07.380 @IJC009 0
13:20:07.381 @IJC010 12
13:20:07.382 @IJC011 
13:20:07.386 @IJD001 20180907003
13:20:07.388 @IJD002 10009
13:20:07.389 @IJD003 张之峰
13:20:07.390 @IJD004 发货员
13:20:07.391 @IJD005 半自动
13:20:07.392 @IJD006 2018/9/7 8:00:00
13:20:07.394 @IJD007 2018/9/7 17:00:00
13:20:07.396 @IJD008 12
13:20:07.397 @IJD009 
13:20:07.398 @IJD010 在职
13:20:07.400 @IJD011 物流组
13:20:07.401 @IJD012 9
13:20:07.402 @IJD013 108
13:20:15.393 @IJA002 计时
13:20:15.394 @IJA003 0502
13:20:15.395 @IJA004 注塑车间
13:20:15.397 @IJA005 0502
13:20:15.398 @IJA006 注塑车间
13:20:15.399 @IJA007 2018/9/7 0:00:00
13:20:15.400 @IJA008 
13:20:15.401 @IJA009 
13:20:15.403 @IJA010 False
13:20:15.404 @IJA011 False
13:20:15.405 @IJA001 20180907003
13:20:15.407 @IJA012 0.5
13:20:15.408 @IJA013 0
13:20:15.416 @IJC003 201211243
13:20:15.417 @IJC004 暖风机压线板
13:20:15.418 @IJC005 24.5*9.5*5mm
13:20:15.420 @IJC006 PCS
13:20:15.421 @IJC007 0.000000
13:20:15.422 @IJC008 300
13:20:15.423 @IJC009 0.000000
13:20:15.425 @IJC010 12
13:20:15.426 @IJC011 
13:20:15.427 @idx 7
13:20:15.431 @IJC002 GD201502090044
13:20:15.441 @idx 6
13:20:15.442 @IJD003 张之峰
13:20:15.444 @IJD004 发货员
13:20:15.446 @IJD005 半自动
13:20:15.447 @IJD006 2018/9/7 8:00:00
13:20:15.448 @IJD007 2018/9/7 17:00:00
13:20:15.449 @IJD008 12.000000
13:20:15.451 @IJD009 
13:20:15.452 @IJD010 在职
13:20:15.453 @IJD011 物流组
13:20:15.454 @IJD012 8.5
13:20:15.455 @IJD013 102.0
13:20:15.457 @IJD002 10009
13:26:10.948  异常信息：远程服务器返回错误: (404) 未找到。
  堆栈信息:   在 AutoUpdate.AppUpdate.DownloadFile(String url, String localFilePath) 位置 D:\ProjectData\MiKe\LineProductMes\LineProductMes\ClassForMain\AppUpdate.cs:行号 243
   在 AutoUpdate.AppUpdate.CheckAppVersion(String& msg) 位置 D:\ProjectData\MiKe\LineProductMes\LineProductMes\ClassForMain\AppUpdate.cs:行号 310
13:26:17.692 @EMP002 系统管理员
13:26:17.693 @EMP033 cebfd1559b68d67688884d7a3d3e8c
13:26:26.396 关键字 'WHERE' 附近有语法错误。
   在 System.Data.SqlClient.SqlConnection.OnError(SqlException exception, Boolean breakConnection, Action`1 wrapCloseInAction)
   在 System.Data.SqlClient.SqlInternalConnection.OnError(SqlException exception, Boolean breakConnection, Action`1 wrapCloseInAction)
   在 System.Data.SqlClient.TdsParser.ThrowExceptionAndWarning(TdsParserStateObject stateObj, Boolean callerHasConnectionLock, Boolean asyncClose)
   在 System.Data.SqlClient.TdsParser.TryRun(RunBehavior runBehavior, SqlCommand cmdHandler, SqlDataReader dataStream, BulkCopySimpleResultSet bulkCopyHandler, TdsParserStateObject stateObj, Boolean& dataReady)
   在 System.Data.SqlClient.SqlDataReader.TryConsumeMetaData()
   在 System.Data.SqlClient.SqlDataReader.get_MetaData()
   在 System.Data.SqlClient.SqlCommand.FinishExecuteReader(SqlDataReader ds, RunBehavior runBehavior, String resetOptionsString, Boolean isInternal, Boolean forDescribeParameterEncryption, Boolean shouldCacheForAlwaysEncrypted)
   在 System.Data.SqlClient.SqlCommand.RunExecuteReaderTds(CommandBehavior cmdBehavior, RunBehavior runBehavior, Boolean returnStream, Boolean async, Int32 timeout, Task& task, Boolean asyncWrite, Boolean inRetry, SqlDataReader ds, Boolean describeParameterEncryptionRequest)
   在 System.Data.SqlClient.SqlCommand.RunExecuteReader(CommandBehavior cmdBehavior, RunBehavior runBehavior, Boolean returnStream, String method, TaskCompletionSource`1 completion, Int32 timeout, Task& task, Boolean& usedCache, Boolean asyncWrite, Boolean inRetry)
   在 System.Data.SqlClient.SqlCommand.RunExecuteReader(CommandBehavior cmdBehavior, RunBehavior runBehavior, Boolean returnStream, String method)
   在 System.Data.SqlClient.SqlCommand.ExecuteReader(CommandBehavior behavior, String method)
   在 System.Data.SqlClient.SqlCommand.ExecuteDbDataReader(CommandBehavior behavior)
   在 System.Data.Common.DbCommand.System.Data.IDbCommand.ExecuteReader(CommandBehavior behavior)
   在 System.Data.Common.DbDataAdapter.FillInternal(DataSet dataset, DataTable[] datatables, Int32 startRecord, Int32 maxRecords, String srcTable, IDbCommand command, CommandBehavior behavior)
   在 System.Data.Common.DbDataAdapter.Fill(DataTable[] dataTables, Int32 startRecord, Int32 maxRecords, IDbCommand command, CommandBehavior behavior)
   在 System.Data.Common.DbDataAdapter.Fill(DataTable dataTable)
   在 StudentMgr.SqlHelper.ExecuteDataTable(SqlConnection conn, String cmdText, SqlParameter[] parameters) 位置 D:\ProjectData\MiKe\LineProductMes\LineProductMesBll\SqlHelper.cs:行号 278
13:26:26.398 SELECT * FROM (SELECT IJA001,IJA010,IJA011,IJB004,IJB005,IJB006,IJB012,IJB013 FROM MIKIJA A INNER JOIN MIKIJB B ON A.IJA001=B.IJB001 UNION SELECT IJA001,IJA010,IJA011,IJC002,IJC003,IJC004,IJD003,IJD004 FROM MIKIJA A INNER JOIN MIKIJC B ON A.IJA001=B.IJC001 INNER JOIN MIKIJD C ON A.IJA001=C.IJD001) WHERE 1=1
13:27:05.194  异常信息：远程服务器返回错误: (404) 未找到。
  堆栈信息:   在 AutoUpdate.AppUpdate.DownloadFile(String url, String localFilePath) 位置 D:\ProjectData\MiKe\LineProductMes\LineProductMes\ClassForMain\AppUpdate.cs:行号 243
   在 AutoUpdate.AppUpdate.CheckAppVersion(String& msg) 位置 D:\ProjectData\MiKe\LineProductMes\LineProductMes\ClassForMain\AppUpdate.cs:行号 310
13:27:10.324 @EMP002 系统管理员
13:27:10.325 @EMP033 cebfd1559b68d67688884d7a3d3e8c
13:28:19.118  异常信息：远程服务器返回错误: (404) 未找到。
  堆栈信息:   在 AutoUpdate.AppUpdate.DownloadFile(String url, String localFilePath) 位置 D:\ProjectData\MiKe\LineProductMes\LineProductMes\ClassForMain\AppUpdate.cs:行号 243
   在 AutoUpdate.AppUpdate.CheckAppVersion(String& msg) 位置 D:\ProjectData\MiKe\LineProductMes\LineProductMes\ClassForMain\AppUpdate.cs:行号 310
13:28:31.709 @EMP002 系统管理员
13:28:31.712 @EMP033 e51e6c4ea698bc872c5f2e504383ac59
13:28:33.992 @EMP002 系统管理员
13:28:33.995 @EMP033 cebfd1559b68d67688884d7a3d3e8c
13:58:52.104  异常信息：远程服务器返回错误: (404) 未找到。
  堆栈信息:   在 AutoUpdate.AppUpdate.DownloadFile(String url, String localFilePath) 位置 D:\ProjectData\MiKe\LineProductMes\LineProductMes\ClassForMain\AppUpdate.cs:行号 243
   在 AutoUpdate.AppUpdate.CheckAppVersion(String& msg) 位置 D:\ProjectData\MiKe\LineProductMes\LineProductMes\ClassForMain\AppUpdate.cs:行号 310
13:59:02.536 @EMP002 系统管理员
13:59:02.538 @EMP033 cebfd1559b68d67688884d7a3d3e8c
13:59:55.872  异常信息：远程服务器返回错误: (404) 未找到。
  堆栈信息:   在 AutoUpdate.AppUpdate.DownloadFile(String url, String localFilePath) 位置 D:\ProjectData\MiKe\LineProductMes\LineProductMes\ClassForMain\AppUpdate.cs:行号 243
   在 AutoUpdate.AppUpdate.CheckAppVersion(String& msg) 位置 D:\ProjectData\MiKe\LineProductMes\LineProductMes\ClassForMain\AppUpdate.cs:行号 310
14:00:02.295 @EMP002 系统管理员
14:00:02.297 @EMP033 cebfd1559b68d67688884d7a3d3e8c
14:00:48.252 @LEF001 20180907001
14:00:48.253 @LEF009 0506
14:00:48.254 @LEF010 LED车间
14:00:48.256 @LEF011 0506
14:00:48.257 @LEF012 LED车间
14:00:48.258 @LEF013 2018/9/7 0:00:00
14:00:48.261 @LEF015 
14:00:48.262 @LEF016 
14:00:48.263 @LEF017 False
14:00:48.265 @LEF018 False
14:00:48.266 @LEF019 0.5
14:00:48.268 @LEF020 0.5
14:00:48.274 @LEG001 20180907001
14:00:48.276 @LEG002 10016
14:00:48.278 @LEG003 郭婧
14:00:48.279 @LEG004 装配工
14:00:48.281 @LEG005 2018/9/7 8:00:00
14:00:48.282 @LEG006 2018/9/7 17:00:00
14:00:48.284 @LEG007 12
14:00:48.285 @LEG008 2018/9/7 0:00:00
14:00:48.287 @LEG009 2018/9/7 6:55:00
14:00:48.288 @LEG010 12
14:00:48.289 @LEG011 
14:00:48.291 @LEG012 在职
14:00:48.292 @LEG013 LED车间
14:00:48.293 @LEG014 8.5
14:00:48.295 @LEG015 6.9
14:00:48.296 @LEG016 17.4
14:00:48.300 @LEG001 20180907001
14:00:48.301 @LEG002 10017
14:00:48.303 @LEG003 龙兴连
14:00:48.304 @LEG004 装配工
14:00:48.306 @LEG005 2018/9/7 8:00:00
14:00:48.307 @LEG006 2018/9/7 17:00:00
14:00:48.308 @LEG007 0
14:00:48.310 @LEG008 
14:00:48.312 @LEG009 
14:00:48.313 @LEG010 0
14:00:48.314 @LEG011 
14:00:48.315 @LEG012 在职
14:00:48.317 @LEG013 LED车间
14:00:48.318 @LEG014 8.5
14:00:48.319 @LEG015 0
14:00:48.320 @LEG016 3
14:00:48.324 @LEG001 20180907001
14:00:48.326 @LEG002 10018
14:00:48.327 @LEG003 刘付连
14:00:48.328 @LEG004 装配工
14:00:48.330 @LEG005 2018/9/7 8:00:00
14:00:48.331 @LEG006 2018/9/7 17:00:00
14:00:48.332 @LEG007 0
14:00:48.333 @LEG008 
14:00:48.335 @LEG009 
14:00:48.336 @LEG010 0
14:00:48.337 @LEG011 
14:00:48.338 @LEG012 在职
14:00:48.339 @LEG013 LED车间
14:00:48.341 @LEG014 8.5
14:00:48.343 @LEG015 0
14:00:48.344 @LEG016 3
14:00:48.346 @LEG001 20180907001
14:00:48.347 @LEG002 10019
14:00:48.349 @LEG003 聂付秋
14:00:48.350 @LEG004 装配工
14:00:48.352 @LEG005 2018/9/7 8:00:00
14:00:48.353 @LEG006 2018/9/7 17:00:00
14:00:48.354 @LEG007 0
14:00:48.355 @LEG008 
14:00:48.357 @LEG009 
14:00:48.358 @LEG010 0
14:00:48.360 @LEG011 
14:00:48.361 @LEG012 在职
14:00:48.362 @LEG013 LED车间
14:00:48.364 @LEG014 8.5
14:00:48.365 @LEG015 0
14:00:48.366 @LEG016 3
14:00:48.368 @LEG001 20180907001
14:00:48.370 @LEG002 10020
14:00:48.371 @LEG003 薛能米
14:00:48.373 @LEG004 装配工
14:00:48.374 @LEG005 2018/9/7 8:00:00
14:00:48.375 @LEG006 2018/9/7 17:00:00
14:00:48.377 @LEG007 0
14:00:48.378 @LEG008 
14:00:48.379 @LEG009 
14:00:48.380 @LEG010 0
14:00:48.381 @LEG011 
14:00:48.383 @LEG012 在职
14:00:48.384 @LEG013 LED车间
14:00:48.385 @LEG014 8.5
14:00:48.387 @LEG015 0
14:00:48.388 @LEG016 3
14:00:48.390 @LEG001 20180907001
14:00:48.392 @LEG002 10021
14:00:48.393 @LEG003 彭顺艳
14:00:48.394 @LEG004 装配工
14:00:48.395 @LEG005 2018/9/7 8:00:00
14:00:48.396 @LEG006 2018/9/7 17:00:00
14:00:48.398 @LEG007 0
14:00:48.399 @LEG008 
14:00:48.400 @LEG009 
14:00:48.401 @LEG010 0
14:00:48.403 @LEG011 
14:00:48.404 @LEG012 在职
14:00:48.405 @LEG013 LED车间
14:00:48.407 @LEG014 8.5
14:00:48.408 @LEG015 0
14:00:48.409 @LEG016 3
14:00:48.412 @LEG001 20180907001
14:00:48.413 @LEG002 10022
14:00:48.415 @LEG003 罗小琴
14:00:48.416 @LEG004 装配工
14:00:48.417 @LEG005 2018/9/7 8:00:00
14:00:48.418 @LEG006 2018/9/7 17:00:00
14:00:48.420 @LEG007 0
14:00:48.421 @LEG008 
14:00:48.422 @LEG009 
14:00:48.424 @LEG010 0
14:00:48.426 @LEG011 
14:00:48.427 @LEG012 在职
14:00:48.428 @LEG013 LED车间
14:00:48.430 @LEG014 8.5
14:00:48.431 @LEG015 0
14:00:48.432 @LEG016 3
14:00:48.436 @LEG001 20180907001
14:00:48.437 @LEG002 10023
14:00:48.438 @LEG003 吕红艳
14:00:48.440 @LEG004 装配工
14:00:48.441 @LEG005 2018/9/7 8:00:00
14:00:48.442 @LEG006 2018/9/7 17:00:00
14:00:48.443 @LEG007 0
14:00:48.445 @LEG008 
14:00:48.446 @LEG009 
14:00:48.447 @LEG010 0
14:00:48.449 @LEG011 
14:00:48.450 @LEG012 在职
14:00:48.451 @LEG013 LED车间
14:00:48.452 @LEG014 8.5
14:00:48.454 @LEG015 0
14:00:48.455 @LEG016 3
14:00:48.457 @LEG001 20180907001
14:00:48.459 @LEG002 10024
14:00:48.460 @LEG003 李朝粉
14:00:48.461 @LEG004 装配工
14:00:48.463 @LEG005 2018/9/7 8:00:00
14:00:48.464 @LEG006 2018/9/7 17:00:00
14:00:48.466 @LEG007 0
14:00:48.467 @LEG008 
14:00:48.468 @LEG009 
14:00:48.470 @LEG010 0
14:00:48.471 @LEG011 
14:00:48.473 @LEG012 在职
14:00:48.474 @LEG013 LED车间
14:00:48.475 @LEG014 8.5
14:00:48.476 @LEG015 0
14:00:48.478 @LEG016 3
14:00:48.480 @LEG001 20180907001
14:00:48.481 @LEG002 10025
14:00:48.482 @LEG003 陈文会
14:00:48.483 @LEG004 装配工
14:00:48.484 @LEG005 2018/9/7 8:00:00
14:00:48.486 @LEG006 2018/9/7 17:00:00
14:00:48.488 @LEG007 0
14:00:48.490 @LEG008 
14:00:48.491 @LEG009 
14:00:48.492 @LEG010 0
14:00:48.493 @LEG011 
14:00:48.495 @LEG012 在职
14:00:48.496 @LEG013 LED车间
14:00:48.498 @LEG014 8.5
14:00:48.499 @LEG015 0
14:00:48.500 @LEG016 3
14:00:48.503 @LEG001 20180907001
14:00:48.504 @LEG002 10026
14:00:48.505 @LEG003 平单单
14:00:48.507 @LEG004 装配工
14:00:48.508 @LEG005 2018/9/7 8:00:00
14:00:48.509 @LEG006 2018/9/7 17:00:00
14:00:48.510 @LEG007 0
14:00:48.512 @LEG008 
14:00:48.513 @LEG009 
14:00:48.515 @LEG010 0
14:00:48.516 @LEG011 
14:00:48.518 @LEG012 在职
14:00:48.519 @LEG013 LED车间
14:00:48.520 @LEG014 8.5
14:00:48.521 @LEG015 0
14:00:48.523 @LEG016 3
14:00:48.525 @LEG001 20180907001
14:00:48.526 @LEG002 10027
14:00:48.528 @LEG003 梁永琴
14:00:48.529 @LEG004 装配工
14:00:48.530 @LEG005 2018/9/7 8:00:00
14:00:48.532 @LEG006 2018/9/7 17:00:00
14:00:48.533 @LEG007 0
14:00:48.534 @LEG008 
14:00:48.535 @LEG009 
14:00:48.536 @LEG010 0
14:00:48.537 @LEG011 
14:00:48.539 @LEG012 在职
14:00:48.540 @LEG013 LED车间
14:00:48.541 @LEG014 8.5
14:00:48.542 @LEG015 0
14:00:48.544 @LEG016 3
14:00:48.546 @LEG001 20180907001
14:00:48.548 @LEG002 10028
14:00:48.549 @LEG003 胡孝明
14:00:48.551 @LEG004 装配工
14:00:48.552 @LEG005 2018/9/7 8:00:00
14:00:48.554 @LEG006 2018/9/7 17:00:00
14:00:48.555 @LEG007 0
14:00:48.556 @LEG008 
14:00:48.557 @LEG009 
14:00:48.559 @LEG010 0
14:00:48.561 @LEG011 
14:00:48.562 @LEG012 在职
14:00:48.563 @LEG013 LED车间
14:00:48.564 @LEG014 8.5
14:00:48.566 @LEG015 0
14:00:48.567 @LEG016 3
14:00:48.570 @LEG001 20180907001
14:00:48.571 @LEG002 10029
14:00:48.573 @LEG003 聂昌奎
14:00:48.575 @LEG004 装配工
14:00:48.576 @LEG005 2018/9/7 8:00:00
14:00:48.578 @LEG006 2018/9/7 17:00:00
14:00:48.579 @LEG007 0
14:00:48.580 @LEG008 
14:00:48.581 @LEG009 
14:00:48.582 @LEG010 0
14:00:48.584 @LEG011 
14:00:48.585 @LEG012 在职
14:00:48.586 @LEG013 LED车间
14:00:48.587 @LEG014 8.5
14:00:48.588 @LEG015 0
14:00:48.590 @LEG016 3
14:00:48.593 @LEG001 20180907001
14:00:48.594 @LEG002 10030
14:00:48.596 @LEG003 陶兴琴
14:00:48.597 @LEG004 装配工
14:00:48.598 @LEG005 2018/9/7 8:00:00
14:00:48.600 @LEG006 2018/9/7 17:00:00
14:00:48.602 @LEG007 0
14:00:48.603 @LEG008 
14:00:48.605 @LEG009 
14:00:48.607 @LEG010 0
14:00:48.608 @LEG011 
14:00:48.610 @LEG012 在职
14:00:48.611 @LEG013 LED车间
14:00:48.612 @LEG014 8.5
14:00:48.613 @LEG015 0
14:00:48.615 @LEG016 3
14:00:48.618 @LEG001 20180907001
14:00:48.620 @LEG002 10031
14:00:48.621 @LEG003 方宇
14:00:48.622 @LEG004 装配工
14:00:48.624 @LEG005 2018/9/7 8:00:00
14:00:48.626 @LEG006 2018/9/7 17:00:00
14:00:48.628 @LEG007 0
14:00:48.629 @LEG008 
14:00:48.630 @LEG009 
14:00:48.631 @LEG010 0
14:00:48.633 @LEG011 
14:00:48.634 @LEG012 在职
14:00:48.635 @LEG013 LED车间
14:00:48.636 @LEG014 8.5
14:00:48.638 @LEG015 0
14:00:48.640 @LEG016 3
14:00:48.642 @LEG001 20180907001
14:00:48.643 @LEG002 10032
14:00:48.645 @LEG003 段进连
14:00:48.646 @LEG004 装配工
14:00:48.647 @LEG005 2018/9/7 8:00:00
14:00:48.649 @LEG006 2018/9/7 17:00:00
14:00:48.650 @LEG007 0
14:00:48.651 @LEG008 
14:00:48.653 @LEG009 
14:00:48.654 @LEG010 0
14:00:48.656 @LEG011 
14:00:48.657 @LEG012 在职
14:00:48.658 @LEG013 LED车间
14:00:48.659 @LEG014 8.5
14:00:48.660 @LEG015 0
14:00:48.662 @LEG016 3
14:00:48.664 @LEG001 20180907001
14:00:48.665 @LEG002 10033
14:00:48.667 @LEG003 唐云云
14:00:48.668 @LEG004 装配工
14:00:48.670 @LEG005 2018/9/7 8:00:00
14:00:48.671 @LEG006 2018/9/7 17:00:00
14:00:48.672 @LEG007 0
14:00:48.674 @LEG008 
14:00:48.675 @LEG009 
14:00:48.676 @LEG010 0
14:00:48.677 @LEG011 
14:00:48.678 @LEG012 在职
14:00:48.680 @LEG013 LED车间
14:00:48.681 @LEG014 8.5
14:00:48.682 @LEG015 0
14:00:48.684 @LEG016 3
14:00:48.686 @LEG001 20180907001
14:00:48.688 @LEG002 10034
14:00:48.689 @LEG003 李大花
14:00:48.690 @LEG004 装配工
14:00:48.691 @LEG005 2018/9/7 8:00:00
14:00:48.692 @LEG006 2018/9/7 17:00:00
14:00:48.694 @LEG007 0
14:00:48.695 @LEG008 
14:00:48.696 @LEG009 
14:00:48.698 @LEG010 0
14:00:48.699 @LEG011 
14:00:48.701 @LEG012 在职
14:00:48.702 @LEG013 LED车间
14:00:48.704 @LEG014 8.5
14:00:48.705 @LEG015 0
14:00:48.706 @LEG016 3
14:00:48.708 @LEG001 20180907001
14:00:48.710 @LEG002 10035
14:00:48.711 @LEG003 黄史作
14:00:48.712 @LEG004 装配工
14:00:48.713 @LEG005 2018/9/7 8:00:00
14:00:48.715 @LEG006 2018/9/7 17:00:00
14:00:48.717 @LEG007 0
14:00:48.718 @LEG008 
14:00:48.719 @LEG009 
14:00:48.720 @LEG010 0
14:00:48.722 @LEG011 
14:00:48.723 @LEG012 在职
14:00:48.724 @LEG013 LED车间
14:00:48.725 @LEG014 8.5
14:00:48.727 @LEG015 0
14:00:48.728 @LEG016 3
14:00:48.730 @LEG001 20180907001
14:00:48.731 @LEG002 10036
14:00:48.732 @LEG003 罗昌梅
14:00:48.734 @LEG004 装配工
14:00:48.735 @LEG005 2018/9/7 8:00:00
14:00:48.736 @LEG006 2018/9/7 17:00:00
14:00:48.737 @LEG007 0
14:00:48.738 @LEG008 
14:00:48.740 @LEG009 
14:00:48.741 @LEG010 0
14:00:48.742 @LEG011 
14:00:48.743 @LEG012 在职
14:00:48.744 @LEG013 LED车间
14:00:48.746 @LEG014 8.5
14:00:48.748 @LEG015 0
14:00:48.749 @LEG016 3
14:00:48.752 @LEG001 20180907001
14:00:48.753 @LEG002 10037
14:00:48.754 @LEG003 赵雨婷
14:00:48.755 @LEG004 装配工
14:00:48.757 @LEG005 2018/9/7 8:00:00
14:00:48.758 @LEG006 2018/9/7 17:00:00
14:00:48.759 @LEG007 0
14:00:48.761 @LEG008 
14:00:48.762 @LEG009 
14:00:48.763 @LEG010 0
14:00:48.765 @LEG011 
14:00:48.766 @LEG012 在职
14:00:48.767 @LEG013 LED车间
14:00:48.768 @LEG014 8.5
14:00:48.770 @LEG015 0
14:00:48.771 @LEG016 3
14:00:48.773 @LEG001 20180907001
14:00:48.775 @LEG002 10038
14:00:48.776 @LEG003 余双双
14:00:48.778 @LEG004 装配工
14:00:48.779 @LEG005 2018/9/7 8:00:00
14:00:48.780 @LEG006 2018/9/7 17:00:00
14:00:48.782 @LEG007 0
14:00:48.783 @LEG008 
14:00:48.784 @LEG009 
14:00:48.791 @LEG010 0
14:00:48.792 @LEG011 
14:00:48.793 @LEG012 在职
14:00:48.795 @LEG013 LED车间
14:00:48.796 @LEG014 8.5
14:00:48.798 @LEG015 0
14:00:48.799 @LEG016 3
14:00:48.802 @LEH001 20180907001
14:00:48.803 @LEH002 GD201503020003
14:00:48.804 @LEH003 203011467
14:00:48.805 @LEH004 LED组件-160
14:00:48.807 @LEH005 
14:00:48.808 @LEH006 PCS
14:00:48.810 @LEH007 1000
14:00:48.812 @LEH008 0
14:00:48.813 @LEH009 12
14:00:48.815 @LEH010 
14:00:48.816 @LEH011 
14:00:48.818 @LEH012 
14:24:50.580  异常信息：远程服务器返回错误: (404) 未找到。
  堆栈信息:   在 AutoUpdate.AppUpdate.DownloadFile(String url, String localFilePath) 位置 D:\ProjectData\MiKe\LineProductMes\LineProductMes\ClassForMain\AppUpdate.cs:行号 243
   在 AutoUpdate.AppUpdate.CheckAppVersion(String& msg) 位置 D:\ProjectData\MiKe\LineProductMes\LineProductMes\ClassForMain\AppUpdate.cs:行号 310
14:25:08.892 @EMP002 系统管理员
14:25:08.894 @EMP033 cebfd1559b68d67688884d7a3d3e8c
14:26:02.463  异常信息：远程服务器返回错误: (404) 未找到。
  堆栈信息:   在 AutoUpdate.AppUpdate.DownloadFile(String url, String localFilePath) 位置 D:\ProjectData\MiKe\LineProductMes\LineProductMes\ClassForMain\AppUpdate.cs:行号 243
   在 AutoUpdate.AppUpdate.CheckAppVersion(String& msg) 位置 D:\ProjectData\MiKe\LineProductMes\LineProductMes\ClassForMain\AppUpdate.cs:行号 310
14:26:08.116 @EMP002 系统管理员
14:26:08.118 @EMP033 cebfd1559b68d67688884d7a3d3e8c
14:26:53.006 @LEC001 20180907001
14:26:53.008 @LEC002 GD201502090059
14:26:53.010 @LEC003 
14:26:53.011 @LEC004 
14:26:53.012 @LEC005 
14:26:53.013 @LEC006 
14:26:53.015 @LEC007 480
14:26:53.017 @LEC008 
14:26:53.019 @LEC009 0504
14:26:53.020 @LEC010 前加工车间
14:26:53.021 @LEC011 0504
14:26:53.023 @LEC012 前加工车间
14:26:53.024 @LEC013 2018/9/7 0:00:00
14:26:53.025 @LEC014 12
14:26:53.026 @LEC015 
14:26:53.028 @LEC016 
14:26:53.029 @LEC017 False
14:26:53.031 @LEC018 False
14:26:53.032 @LEC019 0.5
14:26:53.033 @LEC020 0
14:26:53.037 @LED001 20180907001
14:26:53.039 @LED002 10040
14:26:53.041 @LED003 杜福英
14:26:53.042 @LED004 装配工
14:26:53.044 @LED005 2018/9/7 8:00:00
14:26:53.045 @LED006 2018/9/7 17:00:00
14:26:53.046 @LED007 12
14:26:53.048 @LED008 2018/9/7 0:00:00
14:26:53.049 @LED009 2018/9/7 5:44:00
14:26:53.050 @LED010 12
14:26:53.052 @LED011 
14:26:53.053 @LED012 在职
14:26:53.054 @LED013 前加工车间
14:26:53.055 @LED014 8.5
14:26:53.057 @LED015 5.7
14:26:53.058 @LED016 15.1
14:26:53.062 @LED001 20180907001
14:26:53.064 @LED002 10041
14:26:53.065 @LED003 廖仁琼
14:26:53.067 @LED004 装配工
14:26:53.068 @LED005 2018/9/7 8:00:00
14:26:53.069 @LED006 2018/9/7 17:00:00
14:26:53.071 @LED007 0
14:26:53.072 @LED008 
14:26:53.073 @LED009 
14:26:53.074 @LED010 0
14:26:53.076 @LED011 
14:26:53.077 @LED012 在职
14:26:53.078 @LED013 前加工车间
14:26:53.080 @LED014 8.5
14:26:53.081 @LED015 0
14:26:53.082 @LED016 1.8
14:26:53.088 @LED001 20180907001
14:26:53.089 @LED002 10042
14:26:53.090 @LED003 李光艳
14:26:53.092 @LED004 装配工
14:26:53.093 @LED005 2018/9/7 8:00:00
14:26:53.094 @LED006 2018/9/7 17:00:00
14:26:53.096 @LED007 0
14:26:53.098 @LED008 
14:26:53.099 @LED009 
14:26:53.100 @LED010 0
14:26:53.102 @LED011 
14:26:53.103 @LED012 在职
14:26:53.104 @LED013 前加工车间
14:26:53.105 @LED014 8.5
14:26:53.106 @LED015 0
14:26:53.108 @LED016 1.8
14:26:53.111 @LED001 20180907001
14:26:53.112 @LED002 10043
14:26:53.113 @LED003 彭荣泽
14:26:53.114 @LED004 装配工
14:26:53.116 @LED005 2018/9/7 8:00:00
14:26:53.117 @LED006 2018/9/7 17:00:00
14:26:53.118 @LED007 0
14:26:53.119 @LED008 
14:26:53.121 @LED009 
14:26:53.122 @LED010 0
14:26:53.123 @LED011 
14:26:53.125 @LED012 在职
14:26:53.126 @LED013 前加工车间
14:26:53.127 @LED014 8.5
14:26:53.129 @LED015 0
14:26:53.130 @LED016 1.8
14:26:53.132 @LED001 20180907001
14:26:53.134 @LED002 10044
14:26:53.135 @LED003 何培凤
14:26:53.136 @LED004 装配工
14:26:53.137 @LED005 2018/9/7 8:00:00
14:26:53.139 @LED006 2018/9/7 17:00:00
14:26:53.141 @LED007 0
14:26:53.142 @LED008 
14:26:53.144 @LED009 
14:26:53.145 @LED010 0
14:26:53.146 @LED011 
14:26:53.147 @LED012 在职
14:26:53.148 @LED013 前加工车间
14:26:53.149 @LED014 8.5
14:26:53.151 @LED015 0
14:26:53.152 @LED016 1.8
14:26:53.154 @LED001 20180907001
14:26:53.155 @LED002 10045
14:26:53.157 @LED003 李朝伟
14:26:53.158 @LED004 装配工
14:26:53.159 @LED005 2018/9/7 8:00:00
14:26:53.160 @LED006 2018/9/7 17:00:00
14:26:53.162 @LED007 0
14:26:53.163 @LED008 
14:26:53.164 @LED009 
14:26:53.166 @LED010 0
14:26:53.168 @LED011 
14:26:53.169 @LED012 在职
14:26:53.171 @LED013 前加工车间
14:26:53.173 @LED014 8.5
14:26:53.174 @LED015 0
14:26:53.175 @LED016 1.8
14:26:53.179 @LED001 20180907001
14:26:53.180 @LED002 10046
14:26:53.181 @LED003 王培秀
14:26:53.182 @LED004 装配工
14:26:53.184 @LED005 2018/9/7 8:00:00
14:26:53.185 @LED006 2018/9/7 17:00:00
14:26:53.186 @LED007 0
14:26:53.187 @LED008 
14:26:53.189 @LED009 
14:26:53.190 @LED010 0
14:26:53.192 @LED011 
14:26:53.193 @LED012 在职
14:26:53.194 @LED013 前加工车间
14:26:53.195 @LED014 8.5
14:26:53.197 @LED015 0
14:26:53.198 @LED016 1.8
14:26:53.200 @LED001 20180907001
14:26:53.202 @LED002 10047
14:26:53.204 @LED003 谢武林
14:26:53.205 @LED004 装配工
14:26:53.206 @LED005 2018/9/7 8:00:00
14:26:53.207 @LED006 2018/9/7 17:00:00
14:26:53.209 @LED007 0
14:26:53.210 @LED008 
14:26:53.211 @LED009 
14:26:53.212 @LED010 0
14:26:53.213 @LED011 
14:26:53.215 @LED012 在职
14:26:53.216 @LED013 前加工车间
14:26:53.217 @LED014 8.5
14:26:53.219 @LED015 0
14:26:53.220 @LED016 1.8
14:26:53.223 @LED001 20180907001
14:26:53.224 @LED002 10048
14:26:53.225 @LED003 王程平
14:26:53.226 @LED004 装配工
14:26:53.228 @LED005 2018/9/7 8:00:00
14:26:53.229 @LED006 2018/9/7 17:00:00
14:26:53.230 @LED007 0
14:26:53.232 @LED008 
14:26:53.233 @LED009 
14:26:53.234 @LED010 0
14:26:53.236 @LED011 
14:26:53.237 @LED012 在职
14:26:53.238 @LED013 前加工车间
14:26:53.240 @LED014 8.5
14:26:53.242 @LED015 0
14:26:53.243 @LED016 1.8
14:26:53.245 @LED001 20180907001
14:26:53.247 @LED002 10049
14:26:53.248 @LED003 韩英
14:26:53.250 @LED004 装配工
14:26:53.251 @LED005 2018/9/7 8:00:00
14:26:53.253 @LED006 2018/9/7 17:00:00
14:26:53.254 @LED007 0
14:26:53.255 @LED008 
14:26:53.257 @LED009 
14:26:53.258 @LED010 0
14:26:53.259 @LED011 
14:26:53.261 @LED012 在职
14:26:53.262 @LED013 前加工车间
14:26:53.263 @LED014 8.5
14:26:53.265 @LED015 0
14:26:53.267 @LED016 1.8
14:26:53.269 @LED001 20180907001
14:26:53.270 @LED002 10050
14:26:53.272 @LED003 杨海霞
14:26:53.274 @LED004 装配工
14:26:53.275 @LED005 2018/9/7 8:00:00
14:26:53.276 @LED006 2018/9/7 17:00:00
14:26:53.278 @LED007 0
14:26:53.279 @LED008 
14:26:53.281 @LED009 
14:26:53.283 @LED010 0
14:26:53.284 @LED011 
14:26:53.285 @LED012 在职
14:26:53.287 @LED013 前加工车间
14:26:53.288 @LED014 8.5
14:26:53.290 @LED015 0
14:26:53.291 @LED016 1.8
14:26:53.293 @LED001 20180907001
14:26:53.295 @LED002 10051
14:26:53.296 @LED003 熊华美
14:26:53.297 @LED004 装配工
14:26:53.299 @LED005 2018/9/7 8:00:00
14:26:53.300 @LED006 2018/9/7 17:00:00
14:26:53.301 @LED007 0
14:26:53.303 @LED008 
14:26:53.304 @LED009 
14:26:53.305 @LED010 0
14:26:53.306 @LED011 
14:26:53.307 @LED012 在职
14:26:53.308 @LED013 前加工车间
14:26:53.310 @LED014 8.5
14:26:53.311 @LED015 0
14:26:53.313 @LED016 1.8
14:26:53.315 @LED001 20180907001
14:26:53.317 @LED002 10052
14:26:53.318 @LED003 孙琼莲
14:26:53.319 @LED004 装配工
14:26:53.320 @LED005 2018/9/7 8:00:00
14:26:53.321 @LED006 2018/9/7 17:00:00
14:26:53.323 @LED007 0
14:26:53.324 @LED008 
14:26:53.325 @LED009 
14:26:53.326 @LED010 0
14:26:53.327 @LED011 
14:26:53.328 @LED012 在职
14:26:53.330 @LED013 前加工车间
14:26:53.331 @LED014 8.5
14:26:53.332 @LED015 0
14:26:53.333 @LED016 1.8
14:26:53.336 @LED001 20180907001
14:26:53.337 @LED002 10053
14:26:53.339 @LED003 李林菊
14:26:53.340 @LED004 装配工
14:26:53.341 @LED005 2018/9/7 8:00:00
14:26:53.342 @LED006 2018/9/7 17:00:00
14:26:53.344 @LED007 0
14:26:53.346 @LED008 
14:26:53.347 @LED009 
14:26:53.349 @LED010 0
14:26:53.350 @LED011 
14:26:53.351 @LED012 在职
14:26:53.352 @LED013 前加工车间
14:26:53.354 @LED014 8.5
14:26:53.355 @LED015 0
14:26:53.356 @LED016 1.8
14:26:53.359 @LED001 20180907001
14:26:53.361 @LED002 10054
14:26:53.362 @LED003 吴群英
14:26:53.363 @LED004 装配工
14:26:53.365 @LED005 2018/9/7 8:00:00
14:26:53.366 @LED006 2018/9/7 17:00:00
14:26:53.367 @LED007 0
14:26:53.369 @LED008 
14:26:53.370 @LED009 
14:26:53.371 @LED010 0
14:26:53.372 @LED011 
14:26:53.373 @LED012 在职
14:26:53.375 @LED013 前加工车间
14:26:53.376 @LED014 8.5
14:26:53.378 @LED015 0
14:26:53.379 @LED016 1.8
14:26:53.382 @LED001 20180907001
14:26:53.383 @LED002 10055
14:26:53.384 @LED003 杨琴
14:26:53.385 @LED004 装配工
14:26:53.387 @LED005 2018/9/7 8:00:00
14:26:53.388 @LED006 2018/9/7 17:00:00
14:26:53.389 @LED007 0
14:26:53.391 @LED008 
14:26:53.392 @LED009 
14:26:53.394 @LED010 0
14:26:53.395 @LED011 
14:26:53.396 @LED012 在职
14:26:53.398 @LED013 前加工车间
14:26:53.399 @LED014 8.5
14:26:53.400 @LED015 0
14:26:53.401 @LED016 1.8
14:26:53.404 @LED001 20180907001
14:26:53.405 @LED002 10056
14:26:53.407 @LED003 韩艳
14:26:53.408 @LED004 装配工
14:26:53.409 @LED005 2018/9/7 8:00:00
14:26:53.411 @LED006 2018/9/7 17:00:00
14:26:53.412 @LED007 0
14:26:53.413 @LED008 
14:26:53.414 @LED009 
14:26:53.416 @LED010 0
14:26:53.417 @LED011 
14:26:53.418 @LED012 在职
14:26:53.419 @LED013 前加工车间
14:26:53.420 @LED014 8.5
14:26:53.422 @LED015 0
14:26:53.423 @LED016 1.8
14:26:53.425 @LED001 20180907001
14:26:53.426 @LED002 10057
14:26:53.428 @LED003 张瑜
14:26:53.429 @LED004 装配工
14:26:53.430 @LED005 2018/9/7 8:00:00
14:26:53.432 @LED006 2018/9/7 17:00:00
14:26:53.433 @LED007 0
14:26:53.434 @LED008 
14:26:53.436 @LED009 
14:26:53.437 @LED010 0
14:26:53.439 @LED011 
14:26:53.440 @LED012 在职
14:26:53.442 @LED013 前加工车间
14:26:53.444 @LED014 8.5
14:26:53.445 @LED015 0
14:26:53.447 @LED016 1.8
14:26:53.450 @LED001 20180907001
14:26:53.451 @LED002 10058
14:26:53.453 @LED003 李光云
14:26:53.454 @LED004 装配工
14:26:53.455 @LED005 2018/9/7 8:00:00
14:26:53.457 @LED006 2018/9/7 17:00:00
14:26:53.458 @LED007 0
14:26:53.459 @LED008 
14:26:53.460 @LED009 
14:26:53.462 @LED010 0
14:26:53.463 @LED011 
14:26:53.464 @LED012 在职
14:26:53.465 @LED013 前加工车间
14:26:53.467 @LED014 8.5
14:26:53.468 @LED015 0
14:26:53.469 @LED016 1.8
14:26:53.472 @LED001 20180907001
14:26:53.473 @LED002 10059
14:26:53.475 @LED003 唐春凤
14:26:53.476 @LED004 装配工
14:26:53.477 @LED005 2018/9/7 8:00:00
14:26:53.479 @LED006 2018/9/7 17:00:00
14:26:53.480 @LED007 0
14:26:53.481 @LED008 
14:26:53.482 @LED009 
14:26:53.483 @LED010 0
14:26:53.484 @LED011 
14:26:53.486 @LED012 在职
14:26:53.487 @LED013 前加工车间
14:26:53.488 @LED014 8.5
14:26:53.489 @LED015 0
14:26:53.491 @LED016 1.8
14:26:53.493 @LED001 20180907001
14:26:53.495 @LED002 10060
14:26:53.496 @LED003 陈朝香
14:26:53.498 @LED004 装配工
14:26:53.499 @LED005 2018/9/7 8:00:00
14:26:53.500 @LED006 2018/9/7 17:00:00
14:26:53.502 @LED007 0
14:26:53.503 @LED008 
14:26:53.504 @LED009 
14:26:53.506 @LED010 0
14:26:53.507 @LED011 
14:26:53.508 @LED012 在职
14:26:53.509 @LED013 前加工车间
14:26:53.510 @LED014 8.5
14:26:53.512 @LED015 0
14:26:53.513 @LED016 1.8
14:26:53.515 @LED001 20180907001
14:26:53.517 @LED002 10061
14:26:53.518 @LED003 张小婵
14:26:53.519 @LED004 装配工
14:26:53.521 @LED005 2018/9/7 8:00:00
14:26:53.522 @LED006 2018/9/7 17:00:00
14:26:53.523 @LED007 0
14:26:53.524 @LED008 
14:26:53.526 @LED009 
14:26:53.527 @LED010 0
14:26:53.529 @LED011 
14:26:53.531 @LED012 在职
14:26:53.532 @LED013 前加工车间
14:26:53.533 @LED014 8.5
14:26:53.535 @LED015 0
14:26:53.536 @LED016 1.8
14:26:53.538 @LED001 20180907001
14:26:53.540 @LED002 10062
14:26:53.541 @LED003 曾昭婵
14:26:53.542 @LED004 装配工
14:26:53.544 @LED005 2018/9/7 8:00:00
14:26:53.545 @LED006 2018/9/7 17:00:00
14:26:53.546 @LED007 0
14:26:53.548 @LED008 
14:26:53.549 @LED009 
14:26:53.551 @LED010 0
14:26:53.552 @LED011 
14:26:53.553 @LED012 在职
14:26:53.554 @LED013 前加工车间
14:26:53.556 @LED014 8.5
14:26:53.557 @LED015 0
14:26:53.558 @LED016 1.8
14:26:53.560 @LED001 20180907001
14:26:53.562 @LED002 10063
14:26:53.563 @LED003 牟飞
14:26:53.565 @LED004 装配工
14:26:53.566 @LED005 2018/9/7 8:00:00
14:26:53.567 @LED006 2018/9/7 17:00:00
14:26:53.568 @LED007 0
14:26:53.570 @LED008 
14:26:53.571 @LED009 
14:26:53.572 @LED010 0
14:26:53.573 @LED011 
14:26:53.574 @LED012 在职
14:26:53.575 @LED013 前加工车间
14:26:53.576 @LED014 8.5
14:26:53.577 @LED015 0
14:26:53.579 @LED016 1.8
14:26:53.581 @LED001 20180907001
14:26:53.582 @LED002 10064
14:26:53.584 @LED003 牟欢
14:26:53.585 @LED004 装配工
14:26:53.586 @LED005 2018/9/7 8:00:00
14:26:53.588 @LED006 2018/9/7 17:00:00
14:26:53.589 @LED007 0
14:26:53.590 @LED008 
14:26:53.591 @LED009 
14:26:53.593 @LED010 0
14:26:53.594 @LED011 
14:26:53.595 @LED012 在职
14:26:53.596 @LED013 前加工车间
14:26:53.598 @LED014 8.5
14:26:53.599 @LED015 0
14:26:53.600 @LED016 1.8
14:26:53.603 @LED001 20180907001
14:26:53.604 @LED002 10065
14:26:53.605 @LED003 陶炼
14:26:53.606 @LED004 装配工
14:26:53.608 @LED005 2018/9/7 8:00:00
14:26:53.609 @LED006 2018/9/7 17:00:00
14:26:53.611 @LED007 0
14:26:53.612 @LED008 
14:26:53.613 @LED009 
14:26:53.614 @LED010 0
14:26:53.616 @LED011 
14:26:53.617 @LED012 在职
14:26:53.618 @LED013 前加工车间
14:26:53.619 @LED014 8.5
14:26:53.620 @LED015 0
14:26:53.622 @LED016 1.8
14:26:53.624 @LED001 20180907001
14:26:53.626 @LED002 10066
14:26:53.627 @LED003 杜光斌
14:26:53.629 @LED004 装配工
14:26:53.630 @LED005 2018/9/7 8:00:00
14:26:53.631 @LED006 2018/9/7 17:00:00
14:26:53.633 @LED007 0
14:26:53.634 @LED008 
14:26:53.635 @LED009 
14:26:53.636 @LED010 0
14:26:53.637 @LED011 
14:26:53.643 @LED012 在职
14:26:53.644 @LED013 前加工车间
14:26:53.645 @LED014 8.5
14:26:53.647 @LED015 0
14:26:53.648 @LED016 1.8
14:26:53.650 @LED001 20180907001
14:26:53.652 @LED002 10067
14:26:53.653 @LED003 朱大艳
14:26:53.654 @LED004 装配工
14:26:53.655 @LED005 2018/9/7 8:00:00
14:26:53.657 @LED006 2018/9/7 17:00:00
14:26:53.658 @LED007 0
14:26:53.659 @LED008 
14:26:53.660 @LED009 
14:26:53.661 @LED010 0
14:26:53.662 @LED011 
14:26:53.664 @LED012 在职
14:26:53.665 @LED013 前加工车间
14:26:53.666 @LED014 8.5
14:26:53.667 @LED015 0
14:26:53.668 @LED016 1.8
14:26:53.671 @LED001 20180907001
14:26:53.672 @LED002 10068
14:26:53.673 @LED003 王银祥
14:26:53.674 @LED004 装配工
14:26:53.676 @LED005 2018/9/7 8:00:00
14:26:53.677 @LED006 2018/9/7 17:00:00
14:26:53.678 @LED007 0
14:26:53.679 @LED008 
14:26:53.681 @LED009 
14:26:53.682 @LED010 0
14:26:53.683 @LED011 
14:26:53.684 @LED012 在职
14:26:53.686 @LED013 前加工车间
14:26:53.687 @LED014 8.5
14:26:53.689 @LED015 0
14:26:53.690 @LED016 1.8
14:26:53.692 @LED001 20180907001
14:26:53.694 @LED002 10069
14:26:53.695 @LED003 王建琼
14:26:53.696 @LED004 装配工
14:26:53.697 @LED005 2018/9/7 8:00:00
14:26:53.698 @LED006 2018/9/7 17:00:00
14:26:53.700 @LED007 0
14:26:53.701 @LED008 
14:26:53.702 @LED009 
14:26:53.703 @LED010 0
14:26:53.704 @LED011 
14:26:53.705 @LED012 在职
14:26:53.707 @LED013 前加工车间
14:26:53.708 @LED014 8.5
14:26:53.709 @LED015 0
14:26:53.711 @LED016 1.8
14:26:53.713 @LEE001 20180907001
14:26:53.714 @LEE002 GD201502090059
14:26:53.716 @LEE003 202121339
14:26:53.717 @LEE004 F17银色成品面板-LED
14:26:53.718 @LEE005 银色
14:26:53.720 @LEE006 PCS
14:26:53.721 @LEE007 480
14:26:53.722 @LEE008 0
14:26:53.723 @LEE009 12
14:35:16.724  异常信息：远程服务器返回错误: (404) 未找到。
  堆栈信息:   在 AutoUpdate.AppUpdate.DownloadFile(String url, String localFilePath) 位置 D:\ProjectData\MiKe\LineProductMes\LineProductMes\ClassForMain\AppUpdate.cs:行号 243
   在 AutoUpdate.AppUpdate.CheckAppVersion(String& msg) 位置 D:\ProjectData\MiKe\LineProductMes\LineProductMes\ClassForMain\AppUpdate.cs:行号 310
14:35:22.999 @EMP002 系统管理员
14:35:23.000 @EMP033 cebfd1559b68d67688884d7a3d3e8c
14:36:26.629  异常信息：远程服务器返回错误: (404) 未找到。
  堆栈信息:   在 AutoUpdate.AppUpdate.DownloadFile(String url, String localFilePath) 位置 D:\ProjectData\MiKe\LineProductMes\LineProductMes\ClassForMain\AppUpdate.cs:行号 243
   在 AutoUpdate.AppUpdate.CheckAppVersion(String& msg) 位置 D:\ProjectData\MiKe\LineProductMes\LineProductMes\ClassForMain\AppUpdate.cs:行号 310
14:36:31.504 @EMP002 系统管理员
14:36:31.505 @EMP033 cebfd1559b68d67688884d7a3d3e8c
14:39:02.977 @ARS001 202121399
14:39:02.979 @ARS002 暖风机面板
14:39:02.981 @ARS003 012
14:39:02.983 @ARS004 
14:39:02.985 @ARS005 
14:39:02.987 @ARS006 PCS
14:39:02.989 @ARS007 M
14:39:02.993 @ARS008 0
14:39:02.995 @ARS009 0503
14:39:03.002 @ART001 202121399
14:39:03.004 @ART002 03
14:39:03.005 @ART003 丝印
14:39:03.006 @ART004 12
14:39:03.007 @ART005 0
14:39:03.009 @ART006 
14:39:03.010 @ART007 
14:39:03.012 @ART009 
14:39:03.013 @ART010 否
14:39:03.014 @ART011 001
14:39:03.016 @ART012 0
14:39:03.017 @ART013 
14:39:03.021 @ART001 202121399
14:39:03.023 @ART002 21
14:39:03.024 @ART003 喷涂-组装

14:39:03.025 @ART004 12
14:39:03.026 @ART005 0
14:39:03.027 @ART006 
14:39:03.028 @ART007 
14:39:03.030 @ART009 
14:39:03.031 @ART010 否
14:39:03.032 @ART011 002
14:39:03.033 @ART012 0
14:39:03.034 @ART013 
14:40:33.734  异常信息：远程服务器返回错误: (404) 未找到。
  堆栈信息:   在 AutoUpdate.AppUpdate.DownloadFile(String url, String localFilePath) 位置 D:\ProjectData\MiKe\LineProductMes\LineProductMes\ClassForMain\AppUpdate.cs:行号 243
   在 AutoUpdate.AppUpdate.CheckAppVersion(String& msg) 位置 D:\ProjectData\MiKe\LineProductMes\LineProductMes\ClassForMain\AppUpdate.cs:行号 310
14:40:38.983 @EMP002 系统管理员
14:40:38.984 @EMP033 cebfd1559b68d67688884d7a3d3e8c
14:41:32.577  异常信息：远程服务器返回错误: (404) 未找到。
  堆栈信息:   在 AutoUpdate.AppUpdate.DownloadFile(String url, String localFilePath) 位置 D:\ProjectData\MiKe\LineProductMes\LineProductMes\ClassForMain\AppUpdate.cs:行号 243
   在 AutoUpdate.AppUpdate.CheckAppVersion(String& msg) 位置 D:\ProjectData\MiKe\LineProductMes\LineProductMes\ClassForMain\AppUpdate.cs:行号 310
14:41:44.954 @EMP002 系统管理员
14:41:44.955 @EMP033 cebfd1559b68d67688884d7a3d3e8c
14:42:59.191  异常信息：远程服务器返回错误: (404) 未找到。
  堆栈信息:   在 AutoUpdate.AppUpdate.DownloadFile(String url, String localFilePath) 位置 D:\ProjectData\MiKe\LineProductMes\LineProductMes\ClassForMain\AppUpdate.cs:行号 243
   在 AutoUpdate.AppUpdate.CheckAppVersion(String& msg) 位置 D:\ProjectData\MiKe\LineProductMes\LineProductMes\ClassForMain\AppUpdate.cs:行号 310
14:43:03.660 @EMP002 系统管理员
14:43:03.661 @EMP033 e51e6c4ea698bc872c5f2e504383ac59
14:43:06.381 @EMP002 系统管理员
14:43:06.383 @EMP033 cebfd1559b68d67688884d7a3d3e8c
14:46:39.018  异常信息：远程服务器返回错误: (404) 未找到。
  堆栈信息:   在 AutoUpdate.AppUpdate.DownloadFile(String url, String localFilePath) 位置 D:\ProjectData\MiKe\LineProductMes\LineProductMes\ClassForMain\AppUpdate.cs:行号 243
   在 AutoUpdate.AppUpdate.CheckAppVersion(String& msg) 位置 D:\ProjectData\MiKe\LineProductMes\LineProductMes\ClassForMain\AppUpdate.cs:行号 310
14:46:44.533 @EMP002 系统管理员
14:46:44.535 @EMP033 e51e6c4ea698bc872c5f2e504383ac59
14:46:47.223 @EMP002 系统管理员
14:46:47.225 @EMP033 cebfd1559b68d67688884d7a3d3e8c
14:47:50.178 @ARS001 202121399
14:47:50.179 @ARS008 0
14:47:50.184 @ART003 丝印
14:47:50.186 @ART004 12
14:47:50.187 @ART005 0
14:47:50.188 @ART006 
14:47:50.189 @ART007 
14:47:50.192 @ART009 
14:47:50.193 @ART010 否
14:47:50.195 @idx 1542
14:47:50.197 @ART002 03
14:47:50.198 @ART011 001
14:47:50.200 @ART012 0
14:47:50.201 @ART013 喷漆工
14:47:50.209 @ART003 喷涂-组装

14:47:50.211 @ART004 12
14:47:50.212 @ART005 0
14:47:50.213 @ART006 
14:47:50.214 @ART007 
14:47:50.216 @ART009 
14:47:50.217 @ART010 否
14:47:50.218 @idx 1543
14:47:50.219 @ART002 21
14:47:50.220 @ART011 002
14:47:50.221 @ART012 0
14:47:50.223 @ART013 装配工
14:50:27.911  异常信息：远程服务器返回错误: (404) 未找到。
  堆栈信息:   在 AutoUpdate.AppUpdate.DownloadFile(String url, String localFilePath) 位置 D:\ProjectData\MiKe\LineProductMes\LineProductMes\ClassForMain\AppUpdate.cs:行号 243
   在 AutoUpdate.AppUpdate.CheckAppVersion(String& msg) 位置 D:\ProjectData\MiKe\LineProductMes\LineProductMes\ClassForMain\AppUpdate.cs:行号 310
14:50:32.881 @EMP002 系统管理员
14:50:32.884 @EMP033 cebfd1559b68d67688884d7a3d3e8c
14:52:41.538  异常信息：远程服务器返回错误: (404) 未找到。
  堆栈信息:   在 AutoUpdate.AppUpdate.DownloadFile(String url, String localFilePath) 位置 D:\ProjectData\MiKe\LineProductMes\LineProductMes\ClassForMain\AppUpdate.cs:行号 243
   在 AutoUpdate.AppUpdate.CheckAppVersion(String& msg) 位置 D:\ProjectData\MiKe\LineProductMes\LineProductMes\ClassForMain\AppUpdate.cs:行号 310
14:57:21.941 @EMP002 系统管理员
14:57:21.943 @EMP033 e51e6c4ea698bc872c5f2e504383ac59
14:57:24.242 @EMP002 系统管理员
14:57:24.244 @EMP033 cebfd1559b68d67688884d7a3d3e8c
14:58:41.423  异常信息：远程服务器返回错误: (404) 未找到。
  堆栈信息:   在 AutoUpdate.AppUpdate.DownloadFile(String url, String localFilePath) 位置 D:\ProjectData\MiKe\LineProductMes\LineProductMes\ClassForMain\AppUpdate.cs:行号 243
   在 AutoUpdate.AppUpdate.CheckAppVersion(String& msg) 位置 D:\ProjectData\MiKe\LineProductMes\LineProductMes\ClassForMain\AppUpdate.cs:行号 310
14:58:51.291 @EMP002 系统管理员
14:58:51.293 @EMP033 cebfd1559b68d67688884d7a3d3e8c
15:04:53.032  异常信息：远程服务器返回错误: (404) 未找到。
  堆栈信息:   在 AutoUpdate.AppUpdate.DownloadFile(String url, String localFilePath) 位置 D:\ProjectData\MiKe\LineProductMes\LineProductMes\ClassForMain\AppUpdate.cs:行号 243
   在 AutoUpdate.AppUpdate.CheckAppVersion(String& msg) 位置 D:\ProjectData\MiKe\LineProductMes\LineProductMes\ClassForMain\AppUpdate.cs:行号 310
15:04:57.839 @EMP002 系统管理员
15:04:57.841 @EMP033 cebfd1559b68d67688884d7a3d3e8c
15:07:09.225  异常信息：远程服务器返回错误: (404) 未找到。
  堆栈信息:   在 AutoUpdate.AppUpdate.DownloadFile(String url, String localFilePath) 位置 D:\ProjectData\MiKe\LineProductMes\LineProductMes\ClassForMain\AppUpdate.cs:行号 243
   在 AutoUpdate.AppUpdate.CheckAppVersion(String& msg) 位置 D:\ProjectData\MiKe\LineProductMes\LineProductMes\ClassForMain\AppUpdate.cs:行号 310
15:07:14.646 @EMP002 系统管理员
15:07:14.648 @EMP033 cebfd1559b68d67688884d7a3d3e8c
15:11:00.691  异常信息：远程服务器返回错误: (404) 未找到。
  堆栈信息:   在 AutoUpdate.AppUpdate.DownloadFile(String url, String localFilePath) 位置 D:\ProjectData\MiKe\LineProductMes\LineProductMes\ClassForMain\AppUpdate.cs:行号 243
   在 AutoUpdate.AppUpdate.CheckAppVersion(String& msg) 位置 D:\ProjectData\MiKe\LineProductMes\LineProductMes\ClassForMain\AppUpdate.cs:行号 310
15:11:05.903 @EMP002 系统管理员
15:11:05.905 @EMP033 cebfd1559b68d67688884d7a3d3e8c
15:13:17.529  异常信息：远程服务器返回错误: (404) 未找到。
  堆栈信息:   在 AutoUpdate.AppUpdate.DownloadFile(String url, String localFilePath) 位置 D:\ProjectData\MiKe\LineProductMes\LineProductMes\ClassForMain\AppUpdate.cs:行号 243
   在 AutoUpdate.AppUpdate.CheckAppVersion(String& msg) 位置 D:\ProjectData\MiKe\LineProductMes\LineProductMes\ClassForMain\AppUpdate.cs:行号 310
15:13:22.057 @EMP002 系统管理员
15:13:22.058 @EMP033 cebfd1559b68d67688884d7a3d3e8c
15:15:37.665  异常信息：远程服务器返回错误: (404) 未找到。
  堆栈信息:   在 AutoUpdate.AppUpdate.DownloadFile(String url, String localFilePath) 位置 D:\ProjectData\MiKe\LineProductMes\LineProductMes\ClassForMain\AppUpdate.cs:行号 243
   在 AutoUpdate.AppUpdate.CheckAppVersion(String& msg) 位置 D:\ProjectData\MiKe\LineProductMes\LineProductMes\ClassForMain\AppUpdate.cs:行号 310
15:15:56.434 @EMP002 系统管理员
15:15:56.435 @EMP033 cebfd1559b68d67688884d7a3d3e8c
15:16:23.937 @PAN001 20180907001
15:16:23.939 @PAN002 0503
15:16:23.941 @PAN003 喷涂车间
15:16:23.942 @PAN004 0503
15:16:23.944 @PAN005 喷涂车间
15:16:23.946 @PAN006 2018/9/7 0:00:00
15:16:23.947 @PAN007 
15:16:23.949 @PAN008 
15:16:23.951 @PAN009 False
15:16:23.952 @PAN010 False
15:16:23.953 @PAN011 0
15:16:23.954 @PAN012 0
15:16:23.957 @PAO001 20180907001
15:16:23.959 @PAO002 GD201502090046
15:16:23.960 @PAO003 202121399
15:16:23.961 @PAO004 暖风机面板
15:16:23.963 @PAO005 300
15:16:23.964 @PAO006 0
15:16:23.966 @PAO007 PCS
15:16:23.967 @PAO008 
15:16:23.968 @PAO009 03
15:16:23.970 @PAO010 丝印
15:16:23.971 @PAO011 12.000000
15:16:23.972 @PAO012 10
15:16:23.974 @PAO013 001
15:16:23.979 @PAO001 20180907001
15:16:23.980 @PAO002 GD201502090046
15:16:23.982 @PAO003 202121399
15:16:23.984 @PAO004 暖风机面板
15:16:23.985 @PAO005 300
15:16:23.986 @PAO006 0
15:16:23.987 @PAO007 PCS
15:16:23.989 @PAO008 
15:16:23.990 @PAO009 21
15:16:23.991 @PAO010 喷涂-组装

15:16:23.993 @PAO011 12.000000
15:16:23.994 @PAO012 10
15:16:23.995 @PAO013 002
15:16:23.998 @PAP001 20180907001
15:16:24.000 @PPA002 10093
15:16:24.001 @PPA003 陈林甫
15:16:24.002 @PPA004 喷漆工
15:16:24.004 @PPA005 
15:16:24.005 @PPA006 
15:16:24.007 @PPA007 2018/9/7 8:00:00
15:16:24.009 @PPA008 2018/9/7 17:00:00
15:16:24.010 @PPA009 10
15:16:24.012 @PPA010 在职
15:16:24.013 @PPA011 喷涂车间
15:16:24.014 @PPA012 0
15:16:24.015 @PPA013 9
15:16:24.017 @PPA014 52.500000000000000000000000000
15:16:24.020 @PAP001 20180907001
15:16:24.022 @PPA002 10094
15:16:24.024 @PPA003 张正友
15:16:24.025 @PPA004 喷漆工
15:16:24.027 @PPA005 
15:16:24.029 @PPA006 
15:16:24.030 @PPA007 2018/9/7 8:00:00
15:16:24.032 @PPA008 2018/9/7 17:00:00
15:16:24.033 @PPA009 0
15:16:24.035 @PPA010 在职
15:16:24.036 @PPA011 喷涂车间
15:16:24.037 @PPA012 0
15:16:24.041 @PPA013 9
15:16:24.043 @PPA014 52.500000000000000000000000000
15:16:24.047 @PAP001 20180907001
15:16:24.048 @PPA002 10095
15:16:24.049 @PPA003 王光
15:16:24.051 @PPA004 喷漆工
15:16:24.052 @PPA005 
15:16:24.054 @PPA006 
15:16:24.055 @PPA007 2018/9/7 8:00:00
15:16:24.056 @PPA008 2018/9/7 17:00:00
15:16:24.058 @PPA009 0
15:16:24.059 @PPA010 在职
15:16:24.060 @PPA011 喷涂车间
15:16:24.061 @PPA012 0
15:16:24.063 @PPA013 9
15:16:24.064 @PPA014 52.500000000000000000000000000
15:16:24.066 @PAP001 20180907001
15:16:24.068 @PPA002 10096
15:16:24.069 @PPA003 钱均鹏
15:16:24.071 @PPA004 喷漆工
15:16:24.073 @PPA005 
15:16:24.074 @PPA006 
15:16:24.076 @PPA007 2018/9/7 8:00:00
15:16:24.077 @PPA008 2018/9/7 17:00:00
15:16:24.079 @PPA009 0
15:16:24.080 @PPA010 在职
15:16:24.081 @PPA011 喷涂车间
15:16:24.083 @PPA012 0
15:16:24.084 @PPA013 9
15:16:24.085 @PPA014 52.500000000000000000000000000
15:16:24.088 @PAP001 20180907001
15:16:24.090 @PPA002 10097
15:16:24.091 @PPA003 陆秋云
15:16:24.092 @PPA004 装配工
15:16:24.094 @PPA005 
15:16:24.095 @PPA006 
15:16:24.096 @PPA007 2018/9/7 8:00:00
15:16:24.097 @PPA008 2018/9/7 17:00:00
15:16:24.098 @PPA009 0
15:16:24.100 @PPA010 在职
15:16:24.101 @PPA011 喷涂车间
15:16:24.102 @PPA012 0
15:16:24.104 @PPA013 9
15:16:24.105 @PPA014 60.000000000000000000000000000
15:16:24.107 @PAP001 20180907001
15:16:24.109 @PPA002 10098
15:16:24.110 @PPA003 郁叶琴
15:16:24.111 @PPA004 装配工
15:16:24.113 @PPA005 
15:16:24.114 @PPA006 
15:16:24.115 @PPA007 2018/9/7 8:00:00
15:16:24.116 @PPA008 2018/9/7 17:00:00
15:16:24.118 @PPA009 0
15:16:24.119 @PPA010 在职
15:16:24.120 @PPA011 喷涂车间
15:16:24.122 @PPA012 0
15:16:24.123 @PPA013 9
15:16:24.124 @PPA014 60.000000000000000000000000000
15:19:46.225  异常信息：远程服务器返回错误: (404) 未找到。
  堆栈信息:   在 AutoUpdate.AppUpdate.DownloadFile(String url, String localFilePath) 位置 D:\ProjectData\MiKe\LineProductMes\LineProductMes\ClassForMain\AppUpdate.cs:行号 243
   在 AutoUpdate.AppUpdate.CheckAppVersion(String& msg) 位置 D:\ProjectData\MiKe\LineProductMes\LineProductMes\ClassForMain\AppUpdate.cs:行号 310
15:19:52.314 @EMP002 系统管理员
15:19:52.316 @EMP033 cebfd1559b68d67688884d7a3d3e8c
15:20:44.740  异常信息：远程服务器返回错误: (404) 未找到。
  堆栈信息:   在 AutoUpdate.AppUpdate.DownloadFile(String url, String localFilePath) 位置 D:\ProjectData\MiKe\LineProductMes\LineProductMes\ClassForMain\AppUpdate.cs:行号 243
   在 AutoUpdate.AppUpdate.CheckAppVersion(String& msg) 位置 D:\ProjectData\MiKe\LineProductMes\LineProductMes\ClassForMain\AppUpdate.cs:行号 310
15:20:49.392 @EMP002 系统管理员
15:20:49.394 @EMP033 cebfd1559b68d67688884d7a3d3e8c
15:24:00.570  异常信息：远程服务器返回错误: (404) 未找到。
  堆栈信息:   在 AutoUpdate.AppUpdate.DownloadFile(String url, String localFilePath) 位置 D:\ProjectData\MiKe\LineProductMes\LineProductMes\ClassForMain\AppUpdate.cs:行号 243
   在 AutoUpdate.AppUpdate.CheckAppVersion(String& msg) 位置 D:\ProjectData\MiKe\LineProductMes\LineProductMes\ClassForMain\AppUpdate.cs:行号 310
15:24:07.311 @EMP002 系统管理员
15:24:07.313 @EMP033 cebfd1559b68d67688884d7a3d3e8c
15:25:45.013  异常信息：远程服务器返回错误: (404) 未找到。
  堆栈信息:   在 AutoUpdate.AppUpdate.DownloadFile(String url, String localFilePath) 位置 D:\ProjectData\MiKe\LineProductMes\LineProductMes\ClassForMain\AppUpdate.cs:行号 243
   在 AutoUpdate.AppUpdate.CheckAppVersion(String& msg) 位置 D:\ProjectData\MiKe\LineProductMes\LineProductMes\ClassForMain\AppUpdate.cs:行号 310
15:25:50.877 @EMP002 系统管理员
15:25:50.878 @EMP033 cebfd1559b68d67688884d7a3d3e8c
15:26:24.124 @PAN001 20180907002
15:26:24.125 @PAN002 0503
15:26:24.127 @PAN003 喷涂车间
15:26:24.129 @PAN004 0503
15:26:24.130 @PAN005 喷涂车间
15:26:24.131 @PAN006 2018/9/7 0:00:00
15:26:24.133 @PAN007 
15:26:24.134 @PAN008 
15:26:24.135 @PAN009 False
15:26:24.136 @PAN010 False
15:26:24.138 @PAN011 0.5
15:26:24.140 @PAN012 0
15:26:24.145 @PAO001 20180907002
15:26:24.147 @PAO002 GD201502090046
15:26:24.149 @PAO003 202121399
15:26:24.150 @PAO004 暖风机面板
15:26:24.151 @PAO005 300
15:26:24.153 @PAO006 0
15:26:24.155 @PAO007 PCS
15:26:24.157 @PAO008 
15:26:24.158 @PAO009 03
15:26:24.160 @PAO010 丝印
15:26:24.161 @PAO011 12.000000
15:26:24.162 @PAO012 10
15:26:24.163 @PAO013 001
15:26:24.166 @PAO001 20180907002
15:26:24.167 @PAO002 GD201502090046
15:26:24.169 @PAO003 202121399
15:26:24.170 @PAO004 暖风机面板
15:26:24.172 @PAO005 300
15:26:24.173 @PAO006 0
15:26:24.175 @PAO007 PCS
15:26:24.177 @PAO008 
15:26:24.178 @PAO009 21
15:26:24.179 @PAO010 喷涂-组装

15:26:24.181 @PAO011 12.000000
15:26:24.182 @PAO012 10
15:26:24.183 @PAO013 002
15:26:24.185 @PAP001 20180907002
15:26:24.187 @PPA002 10093
15:26:24.188 @PPA003 陈林甫
15:26:24.190 @PPA004 喷漆工
15:26:24.192 @PPA005 
15:26:24.193 @PPA006 
15:26:24.195 @PPA007 2018/9/7 8:00:00
15:26:24.196 @PPA008 2018/9/7 17:00:00
15:26:24.197 @PPA009 10
15:26:24.199 @PPA010 在职
15:26:24.200 @PPA011 喷涂车间
15:26:24.201 @PPA012 0
15:26:24.202 @PPA013 8.5
15:26:24.203 @PPA014 51.250000000000000000000000000
15:26:24.209 @PAP001 20180907002
15:26:24.210 @PPA002 10094
15:26:24.211 @PPA003 张正友
15:26:24.213 @PPA004 喷漆工
15:26:24.214 @PPA005 
15:26:24.216 @PPA006 
15:26:24.217 @PPA007 2018/9/7 8:00:00
15:26:24.219 @PPA008 2018/9/7 17:00:00
15:26:24.220 @PPA009 0
15:26:24.223 @PPA010 在职
15:26:24.224 @PPA011 喷涂车间
15:26:24.226 @PPA012 0
15:26:24.228 @PPA013 8.5
15:26:24.230 @PPA014 51.250000000000000000000000000
15:26:24.235 @PAP001 20180907002
15:26:24.236 @PPA002 10095
15:26:24.238 @PPA003 王光
15:26:24.241 @PPA004 喷漆工
15:26:24.243 @PPA005 
15:26:24.245 @PPA006 
15:26:24.247 @PPA007 2018/9/7 8:00:00
15:26:24.249 @PPA008 2018/9/7 17:00:00
15:26:24.251 @PPA009 0
15:26:24.253 @PPA010 在职
15:26:24.254 @PPA011 喷涂车间
15:26:24.256 @PPA012 0
15:26:24.257 @PPA013 8.5
15:26:24.258 @PPA014 51.250000000000000000000000000
15:26:24.260 @PAP001 20180907002
15:26:24.262 @PPA002 10096
15:26:24.263 @PPA003 钱均鹏
15:26:24.264 @PPA004 喷漆工
15:26:24.266 @PPA005 
15:26:24.267 @PPA006 
15:26:24.269 @PPA007 2018/9/7 8:00:00
15:26:24.270 @PPA008 2018/9/7 17:00:00
15:26:24.272 @PPA009 0
15:26:24.273 @PPA010 在职
15:26:24.274 @PPA011 喷涂车间
15:26:24.276 @PPA012 0
15:26:24.277 @PPA013 8.5
15:26:24.278 @PPA014 51.250000000000000000000000000
15:26:24.280 @PAP001 20180907002
15:26:24.282 @PPA002 10097
15:26:24.284 @PPA003 陆秋云
15:26:24.285 @PPA004 装配工
15:26:24.286 @PPA005 
15:26:24.288 @PPA006 
15:26:24.289 @PPA007 2018/9/7 8:00:00
15:26:24.290 @PPA008 2018/9/7 17:00:00
15:26:24.292 @PPA009 0
15:26:24.293 @PPA010 在职
15:26:24.294 @PPA011 喷涂车间
15:26:24.295 @PPA012 0
15:26:24.296 @PPA013 8.5
15:26:24.297 @PPA014 60.000000000000000000000000000
15:26:24.300 @PAP001 20180907002
15:26:24.302 @PPA002 10098
15:26:24.303 @PPA003 郁叶琴
15:26:24.304 @PPA004 装配工
15:26:24.305 @PPA005 
15:26:24.306 @PPA006 
15:26:24.308 @PPA007 2018/9/7 8:00:00
15:26:24.309 @PPA008 2018/9/7 17:00:00
15:26:24.311 @PPA009 0
15:26:24.312 @PPA010 在职
15:26:24.313 @PPA011 喷涂车间
15:26:24.315 @PPA012 0
15:26:24.317 @PPA013 8.5
15:26:24.319 @PPA014 60.000000000000000000000000000
16:26:05.652  异常信息：远程服务器返回错误: (404) 未找到。
  堆栈信息:   在 AutoUpdate.AppUpdate.DownloadFile(String url, String localFilePath) 位置 D:\ProjectData\MiKe\LineProductMes\LineProductMes\ClassForMain\AppUpdate.cs:行号 243
   在 AutoUpdate.AppUpdate.CheckAppVersion(String& msg) 位置 D:\ProjectData\MiKe\LineProductMes\LineProductMes\ClassForMain\AppUpdate.cs:行号 310
16:26:14.274 @EMP002 系统管理员
16:26:14.277 @EMP033 cebfd1559b68d67688884d7a3d3e8c
16:26:56.577  异常信息：远程服务器返回错误: (404) 未找到。
  堆栈信息:   在 AutoUpdate.AppUpdate.DownloadFile(String url, String localFilePath) 位置 D:\ProjectData\MiKe\LineProductMes\LineProductMes\ClassForMain\AppUpdate.cs:行号 243
   在 AutoUpdate.AppUpdate.CheckAppVersion(String& msg) 位置 D:\ProjectData\MiKe\LineProductMes\LineProductMes\ClassForMain\AppUpdate.cs:行号 310
16:27:06.976 @EMP002 系统管理员
16:27:06.977 @EMP033 cebfd1559b68d67688884d7a3d3e8c
16:36:42.406 @ANW001 20180906001
16:36:42.407 @ANW020 True
16:59:13.123 @IJA001 20180907001
16:59:13.125 @IJA010 True
16:59:27.282 @IJA001 20180907002
16:59:27.285 @IJA010 True
