08:48:56.343  异常信息：远程服务器返回错误: (404) 未找到。
  堆栈信息:   在 AutoUpdate.AppUpdate.DownloadFile(String url, String localFilePath) 位置 D:\ProjectData\MiKe\LineProductMes\LineProductMes\ClassForMain\AppUpdate.cs:行号 243
   在 AutoUpdate.AppUpdate.CheckAppVersion(String& msg) 位置 D:\ProjectData\MiKe\LineProductMes\LineProductMes\ClassForMain\AppUpdate.cs:行号 310
08:49:11.743 @EMP002 系统管理员
08:49:11.745 @EMP033 cebfd1559b68d67688884d7a3d3e8c
08:56:14.972  异常信息：远程服务器返回错误: (404) 未找到。
  堆栈信息:   在 AutoUpdate.AppUpdate.DownloadFile(String url, String localFilePath) 位置 D:\ProjectData\MiKe\LineProductMes\LineProductMes\ClassForMain\AppUpdate.cs:行号 243
   在 AutoUpdate.AppUpdate.CheckAppVersion(String& msg) 位置 D:\ProjectData\MiKe\LineProductMes\LineProductMes\ClassForMain\AppUpdate.cs:行号 310
08:56:20.344 @EMP002 系统管理员
08:56:20.346 @EMP033 cebfd1559b68d67688884d7a3d3e8c
08:58:29.961  异常信息：远程服务器返回错误: (404) 未找到。
  堆栈信息:   在 AutoUpdate.AppUpdate.DownloadFile(String url, String localFilePath) 位置 D:\ProjectData\MiKe\LineProductMes\LineProductMes\ClassForMain\AppUpdate.cs:行号 243
   在 AutoUpdate.AppUpdate.CheckAppVersion(String& msg) 位置 D:\ProjectData\MiKe\LineProductMes\LineProductMes\ClassForMain\AppUpdate.cs:行号 310
08:58:36.491 @EMP002 系统管理员
08:58:36.493 @EMP033 cebfd1559b68d67688884d7a3d3e8c
08:59:35.366  异常信息：远程服务器返回错误: (404) 未找到。
  堆栈信息:   在 AutoUpdate.AppUpdate.DownloadFile(String url, String localFilePath) 位置 D:\ProjectData\MiKe\LineProductMes\LineProductMes\ClassForMain\AppUpdate.cs:行号 243
   在 AutoUpdate.AppUpdate.CheckAppVersion(String& msg) 位置 D:\ProjectData\MiKe\LineProductMes\LineProductMes\ClassForMain\AppUpdate.cs:行号 310
08:59:40.647 @EMP002 系统管理员
08:59:40.648 @EMP033 cebfd1559b68d67688884d7a3d3e8c
09:03:06.470  异常信息：远程服务器返回错误: (404) 未找到。
  堆栈信息:   在 AutoUpdate.AppUpdate.DownloadFile(String url, String localFilePath) 位置 D:\ProjectData\MiKe\LineProductMes\LineProductMes\ClassForMain\AppUpdate.cs:行号 243
   在 AutoUpdate.AppUpdate.CheckAppVersion(String& msg) 位置 D:\ProjectData\MiKe\LineProductMes\LineProductMes\ClassForMain\AppUpdate.cs:行号 310
09:03:17.831 @EMP002 系统管理员
09:03:17.832 @EMP033 cebfd1559b68d67688884d7a3d3e8c
09:07:50.324  异常信息：远程服务器返回错误: (404) 未找到。
  堆栈信息:   在 AutoUpdate.AppUpdate.DownloadFile(String url, String localFilePath) 位置 D:\ProjectData\MiKe\LineProductMes\LineProductMes\ClassForMain\AppUpdate.cs:行号 243
   在 AutoUpdate.AppUpdate.CheckAppVersion(String& msg) 位置 D:\ProjectData\MiKe\LineProductMes\LineProductMes\ClassForMain\AppUpdate.cs:行号 310
09:07:59.398 @EMP002 系统管理员
09:07:59.401 @EMP033 cebfd1559b68d67688884d7a3d3e8c
09:10:50.773  异常信息：远程服务器返回错误: (404) 未找到。
  堆栈信息:   在 AutoUpdate.AppUpdate.DownloadFile(String url, String localFilePath) 位置 D:\ProjectData\MiKe\LineProductMes\LineProductMes\ClassForMain\AppUpdate.cs:行号 243
   在 AutoUpdate.AppUpdate.CheckAppVersion(String& msg) 位置 D:\ProjectData\MiKe\LineProductMes\LineProductMes\ClassForMain\AppUpdate.cs:行号 310
09:11:12.258 @EMP002 系统管理员
09:11:12.260 @EMP033 cebfd1559b68d67688884d7a3d3e8c
09:11:41.861 @PRE002 SD201712090005
09:11:41.863 @PRE003 004
09:11:41.865 @PRE004 ZS20B-Z
09:11:41.866 @PRE005 2018/8/18 0:00:00
09:11:41.868 @PRE006 2017/12/28 0:00:00
09:11:41.869 @PRE007 3470
09:11:41.871 @PRE008 300
09:11:41.872 @PRE009 0
09:11:41.874 @PRE010 300
09:11:41.876 @idx 284
09:11:41.886 @PRE002 SD201712090005
09:11:41.888 @PRE003 004
09:11:41.890 @PRE004 ZS20B-Z
09:11:41.891 @PRE005 2018/8/19 0:00:00
09:11:41.893 @PRE006 2017/12/28 0:00:00
09:11:41.894 @PRE007 3470
09:11:41.896 @PRE008 300
09:11:41.897 @PRE009 0
09:11:41.899 @PRE010 300
09:11:41.900 @idx 285
09:11:41.903 @PRE002 SD201712090005
09:11:41.905 @PRE003 004
09:11:41.908 @PRE004 ZS20B-Z
09:11:41.909 @PRE005 2018/8/20 0:00:00
09:11:41.910 @PRE006 2017/12/28 0:00:00
09:11:41.912 @PRE007 3470
09:11:41.913 @PRE008 300
09:11:41.915 @PRE009 0
09:11:41.916 @PRE010 300
09:11:41.918 @idx 286
09:11:41.921 @PRE002 SD201712090005
09:11:41.923 @PRE003 004
09:11:41.924 @PRE004 ZS20B-Z
09:11:41.926 @PRE005 2018/8/21 0:00:00
09:11:41.928 @PRE006 2017/12/28 0:00:00
09:11:41.929 @PRE007 3470
09:11:41.931 @PRE008 300
09:11:41.932 @PRE009 0
09:11:41.933 @PRE010 300
09:11:41.935 @idx 287
09:11:41.941 @PRE002 SD201712090005
09:11:41.943 @PRE003 004
09:11:41.945 @PRE004 ZS20B-Z
09:11:41.948 @PRE005 2018/8/22 0:00:00
09:11:41.950 @PRE006 2017/12/28 0:00:00
09:11:41.951 @PRE007 3470
09:11:41.953 @PRE008 300
09:11:41.955 @PRE009 0
09:11:41.957 @PRE010 300
09:11:41.959 @idx 288
09:11:41.962 @PRE002 SD201712090005
09:11:41.964 @PRE003 004
09:11:41.966 @PRE004 ZS20B-Z
09:11:41.968 @PRE005 2018/8/23 0:00:00
09:11:41.970 @PRE006 2017/12/28 0:00:00
09:11:41.972 @PRE007 3470
09:11:41.973 @PRE008 300
09:11:41.974 @PRE009 0
09:11:41.975 @PRE010 300
09:11:41.977 @idx 289
09:11:41.980 @PRE002 SD201712090005
09:11:41.981 @PRE003 004
09:11:41.983 @PRE004 ZS20B-Z
09:11:41.984 @PRE005 2018/8/24 0:00:00
09:11:41.986 @PRE006 2017/12/28 0:00:00
09:11:41.988 @PRE007 3470
09:11:41.989 @PRE008 300
09:11:41.991 @PRE009 0
09:11:41.992 @PRE010 300
09:11:41.993 @idx 290
09:11:41.997 @PRE002 SD201712090005
09:11:41.999 @PRE003 004
09:11:42.000 @PRE004 ZS20B-Z
09:11:42.002 @PRE005 2018/8/25 0:00:00
09:11:42.003 @PRE006 2017/12/28 0:00:00
09:11:42.004 @PRE007 3470
09:11:42.005 @PRE008 300
09:11:42.007 @PRE009 0
09:11:42.009 @PRE010 300
09:11:42.010 @idx 291
09:11:42.013 @PRE002 SD201712090005
09:11:42.015 @PRE003 004
09:11:42.017 @PRE004 ZS20B-Z
09:11:42.019 @PRE005 2018/8/26 0:00:00
09:11:42.020 @PRE006 2017/12/28 0:00:00
09:11:42.022 @PRE007 3470
09:11:42.023 @PRE008 300
09:11:42.024 @PRE009 0
09:11:42.026 @PRE010 300
09:11:42.028 @idx 292
09:11:42.030 @PRE002 SD201712090005
09:11:42.032 @PRE003 004
09:11:42.033 @PRE004 ZS20B-Z
09:11:42.035 @PRE005 2018/8/27 0:00:00
09:11:42.036 @PRE006 2017/12/28 0:00:00
09:11:42.038 @PRE007 3470
09:11:42.039 @PRE008 300
09:11:42.041 @PRE009 0
09:11:42.042 @PRE010 300
09:11:42.044 @idx 293
09:11:42.048 @PRE002 SD201712090005
09:11:42.050 @PRE003 004
09:11:42.052 @PRE004 ZS20B-Z
09:11:42.053 @PRE005 2018/8/28 0:00:00
09:11:42.055 @PRE006 2017/12/28 0:00:00
09:11:42.057 @PRE007 3470
09:11:42.058 @PRE008 300
09:11:42.060 @PRE009 0
09:11:42.061 @PRE010 300
09:11:42.062 @idx 294
09:11:42.066 @PRE002 SD201712090005
09:11:42.068 @PRE003 004
09:11:42.070 @PRE004 ZS20B-Z
09:11:42.071 @PRE005 2018/8/29 0:00:00
09:11:42.073 @PRE006 2017/12/28 0:00:00
09:11:42.074 @PRE007 3470
09:11:42.076 @PRE008 100
09:11:42.077 @PRE009 0
09:11:42.079 @PRE010 300
09:11:42.081 @idx 295
09:18:10.733  异常信息：远程服务器返回错误: (404) 未找到。
  堆栈信息:   在 AutoUpdate.AppUpdate.DownloadFile(String url, String localFilePath) 位置 D:\ProjectData\MiKe\LineProductMes\LineProductMes\ClassForMain\AppUpdate.cs:行号 243
   在 AutoUpdate.AppUpdate.CheckAppVersion(String& msg) 位置 D:\ProjectData\MiKe\LineProductMes\LineProductMes\ClassForMain\AppUpdate.cs:行号 310
09:18:16.817 @EMP002 系统管理员
09:18:16.819 @EMP033 cebfd1559b68d67688884d7a3d3e8c
09:19:43.625  异常信息：远程服务器返回错误: (404) 未找到。
  堆栈信息:   在 AutoUpdate.AppUpdate.DownloadFile(String url, String localFilePath) 位置 D:\ProjectData\MiKe\LineProductMes\LineProductMes\ClassForMain\AppUpdate.cs:行号 243
   在 AutoUpdate.AppUpdate.CheckAppVersion(String& msg) 位置 D:\ProjectData\MiKe\LineProductMes\LineProductMes\ClassForMain\AppUpdate.cs:行号 310
09:21:30.223  异常信息：远程服务器返回错误: (404) 未找到。
  堆栈信息:   在 AutoUpdate.AppUpdate.DownloadFile(String url, String localFilePath) 位置 D:\ProjectData\MiKe\LineProductMes\LineProductMes\ClassForMain\AppUpdate.cs:行号 243
   在 AutoUpdate.AppUpdate.CheckAppVersion(String& msg) 位置 D:\ProjectData\MiKe\LineProductMes\LineProductMes\ClassForMain\AppUpdate.cs:行号 310
09:21:35.496 @EMP002 系统管理员
09:21:35.498 @EMP033 cebfd1559b68d67688884d7a3d3e8c
09:24:08.638  异常信息：远程服务器返回错误: (404) 未找到。
  堆栈信息:   在 AutoUpdate.AppUpdate.DownloadFile(String url, String localFilePath) 位置 D:\ProjectData\MiKe\LineProductMes\LineProductMes\ClassForMain\AppUpdate.cs:行号 243
   在 AutoUpdate.AppUpdate.CheckAppVersion(String& msg) 位置 D:\ProjectData\MiKe\LineProductMes\LineProductMes\ClassForMain\AppUpdate.cs:行号 310
09:24:13.032 @EMP002 系统管理员
09:24:13.033 @EMP033 cebfd1559b68d67688884d7a3d3e8c
09:24:35.247 @SAA001 PL201808240001
09:24:35.249 @SAA002 
09:24:35.252 @SAA003 20180824
09:24:35.253 @SAA004 DS
09:24:35.254 @SAA005 06
09:24:35.255 @SAA006 
09:24:35.256 @SAA013 F
09:24:35.258 @SAA014 
09:24:35.259 @SAA901 DS
09:24:35.260 @SAA902 20180824
09:24:35.268 @SAB001 PL201808240001
09:24:35.269 @SAB002 001
09:24:35.270 @SAB003 JYLF01-DS
09:24:35.272 @SAB004 JYLF01-DS-玉树临风(电商)升级
09:24:35.273 @SAB005 
09:24:35.274 @SAB006 台
09:24:35.275 @SAB007 1300
09:24:35.276 @SAB009 20180822
09:24:35.278 @SAB010 20180822
09:24:35.279 @SAB011 F
09:24:35.280 @SAB019 F
09:24:35.281 @SAB020 
09:24:35.282 @SAB901 DS
09:24:35.283 @SAB902 20180824
09:24:35.291 @SAB001 PL201808240001
09:24:35.292 @SAB002 002
09:24:35.293 @SAB003 JYLF01-DS
09:24:35.294 @SAB004 JYLF01-DS-玉树临风(电商)升级
09:24:35.296 @SAB005 
09:24:35.297 @SAB006 台
09:24:35.298 @SAB007 1300
09:24:35.299 @SAB009 20180823
09:24:35.300 @SAB010 20180823
09:24:35.302 @SAB011 F
09:24:35.305 @SAB019 F
09:24:35.306 @SAB020 
09:24:35.307 @SAB901 DS
09:24:35.308 @SAB902 20180824
09:24:35.311 @SAB001 PL201808240001
09:24:35.312 @SAB002 003
09:24:35.314 @SAB003 JYLF01-DS
09:24:35.315 @SAB004 JYLF01-DS-玉树临风(电商)升级
09:24:35.316 @SAB005 
09:24:35.317 @SAB006 台
09:24:35.318 @SAB007 1300
09:24:35.320 @SAB009 20180824
09:24:35.321 @SAB010 20180824
09:24:35.322 @SAB011 F
09:24:35.323 @SAB019 F
09:24:35.325 @SAB020 
09:24:35.327 @SAB901 DS
09:24:35.328 @SAB902 20180824
09:24:35.330 @SAB001 PL201808240001
09:24:35.331 @SAB002 004
09:24:35.333 @SAB003 JYLF01-DS
09:24:35.334 @SAB004 JYLF01-DS-玉树临风(电商)升级
09:24:35.335 @SAB005 
09:24:35.336 @SAB006 台
09:24:35.337 @SAB007 1300
09:24:35.339 @SAB009 20180825
09:24:35.340 @SAB010 20180825
09:24:35.341 @SAB011 F
09:24:35.343 @SAB019 F
09:24:35.344 @SAB020 
09:24:35.345 @SAB901 DS
09:24:35.346 @SAB902 20180824
09:24:35.348 @SAB001 PL201808240001
09:24:35.350 @SAB002 005
09:24:35.351 @SAB003 JYLF01-DS
09:24:35.352 @SAB004 JYLF01-DS-玉树临风(电商)升级
09:24:35.354 @SAB005 
09:24:35.355 @SAB006 台
09:24:35.356 @SAB007 1300
09:24:35.357 @SAB009 20180826
09:24:35.359 @SAB010 20180826
09:24:35.360 @SAB011 F
09:24:35.361 @SAB019 F
09:24:35.362 @SAB020 
09:24:35.363 @SAB901 DS
09:24:35.365 @SAB902 20180824
09:24:35.367 @SAB001 PL201808240001
09:24:35.368 @SAB002 006
09:24:35.369 @SAB003 JYLF01-DS
09:24:35.371 @SAB004 JYLF01-DS-玉树临风(电商)升级
09:24:35.372 @SAB005 
09:24:35.373 @SAB006 台
09:24:35.375 @SAB007 1300
09:24:35.376 @SAB009 20180827
09:24:35.377 @SAB010 20180827
09:24:35.378 @SAB011 F
09:24:35.379 @SAB019 F
09:24:35.380 @SAB020 
09:24:35.382 @SAB901 DS
09:24:35.383 @SAB902 20180824
09:24:35.385 @SAB001 PL201808240001
09:24:35.387 @SAB002 007
09:24:35.388 @SAB003 JYLF01-DS
09:24:35.390 @SAB004 JYLF01-DS-玉树临风(电商)升级
09:24:35.391 @SAB005 
09:24:35.392 @SAB006 台
09:24:35.394 @SAB007 1300
09:24:35.395 @SAB009 20180828
09:24:35.396 @SAB010 20180828
09:24:35.397 @SAB011 F
09:24:35.398 @SAB019 F
09:24:35.399 @SAB020 
09:24:35.401 @SAB901 DS
09:24:35.402 @SAB902 20180824
09:24:35.404 @SAB001 PL201808240001
09:24:35.406 @SAB002 008
09:24:35.407 @SAB003 JYLF01-DS
09:24:35.408 @SAB004 JYLF01-DS-玉树临风(电商)升级
09:24:35.409 @SAB005 
09:24:35.411 @SAB006 台
09:24:35.412 @SAB007 1300
09:24:35.413 @SAB009 20180829
09:24:35.414 @SAB010 20180829
09:24:35.415 @SAB011 F
09:24:35.417 @SAB019 F
09:24:35.418 @SAB020 
09:24:35.419 @SAB901 DS
09:24:35.420 @SAB902 20180824
09:24:35.422 @SAB001 PL201808240001
09:24:35.424 @SAB002 009
09:24:35.425 @SAB003 JYLF01-DS
09:24:35.427 @SAB004 JYLF01-DS-玉树临风(电商)升级
09:24:35.428 @SAB005 
09:24:35.429 @SAB006 台
09:24:35.430 @SAB007 1300
09:24:35.432 @SAB009 20180830
09:24:35.433 @SAB010 20180830
09:24:35.435 @SAB011 F
09:24:35.436 @SAB019 F
09:24:35.437 @SAB020 
09:24:35.439 @SAB901 DS
09:24:35.440 @SAB902 20180824
09:24:35.443 @SAB001 PL201808240001
09:24:35.444 @SAB002 010
09:24:35.446 @SAB003 JYLF01-DS
09:24:35.447 @SAB004 JYLF01-DS-玉树临风(电商)升级
09:24:35.448 @SAB005 
09:24:35.449 @SAB006 台
09:24:35.451 @SAB007 1300
09:24:35.452 @SAB009 20180831
09:24:35.453 @SAB010 20180831
09:24:35.454 @SAB011 F
09:24:35.455 @SAB019 F
09:24:35.456 @SAB020 
09:24:35.457 @SAB901 DS
09:24:35.458 @SAB902 20180824
09:24:35.461 @SAB001 PL201808240001
09:24:35.462 @SAB002 011
09:24:35.463 @SAB003 JYLF01-DS
09:24:35.465 @SAB004 JYLF01-DS-玉树临风(电商)升级
09:24:35.466 @SAB005 
09:24:35.467 @SAB006 台
09:24:35.468 @SAB007 949
09:24:35.470 @SAB009 20180901
09:24:35.471 @SAB010 20180901
09:24:35.472 @SAB011 F
09:24:35.473 @SAB019 F
09:24:35.474 @SAB020 
09:24:35.475 @SAB901 DS
09:24:35.477 @SAB902 20180824
09:24:53.689 @SAA001 PL201808240002
09:24:53.690 @SAA002 
09:24:53.692 @SAA003 20180824
09:24:53.693 @SAA004 DS
09:24:53.694 @SAA005 06
09:24:53.696 @SAA006 
09:24:53.697 @SAA013 F
09:24:53.698 @SAA014 
09:24:53.699 @SAA901 DS
09:24:53.700 @SAA902 20180824
09:24:56.080 @PRE002 SD201804030006
09:24:56.082 @PRE003 002
09:24:56.083 @PRE004 JYLF01-DS
09:24:56.084 @PRE005 2018/8/22 0:00:00
09:24:56.085 @PRE006 2018/5/5 0:00:00
09:24:56.086 @PRE007 13949
09:24:56.088 @PRE008 1300
09:24:56.089 @PRE009 1300
09:24:56.090 @PRE010 1300
09:24:56.091 @idx 316
09:24:56.101 @PRE002 SD201804030006
09:24:56.103 @PRE003 002
09:24:56.104 @PRE004 JYLF01-DS
09:24:56.106 @PRE005 2018/8/23 0:00:00
09:24:56.107 @PRE006 2018/5/5 0:00:00
09:24:56.109 @PRE007 13949
09:24:56.110 @PRE008 1300
09:24:56.111 @PRE009 1300
09:24:56.112 @PRE010 1300
09:24:56.114 @idx 317
09:24:56.116 @PRE002 SD201804030006
09:24:56.118 @PRE003 002
09:24:56.119 @PRE004 JYLF01-DS
09:24:56.120 @PRE005 2018/8/24 0:00:00
09:24:56.122 @PRE006 2018/5/5 0:00:00
09:24:56.123 @PRE007 13949
09:24:56.124 @PRE008 1300
09:24:56.125 @PRE009 1300
09:24:56.126 @PRE010 1300
09:24:56.128 @idx 318
09:24:56.130 @PRE002 SD201804030006
09:24:56.131 @PRE003 002
09:24:56.133 @PRE004 JYLF01-DS
09:24:56.134 @PRE005 2018/8/25 0:00:00
09:24:56.136 @PRE006 2018/5/5 0:00:00
09:24:56.137 @PRE007 13949
09:24:56.138 @PRE008 1300
09:24:56.140 @PRE009 1300
09:24:56.141 @PRE010 1300
09:24:56.142 @idx 319
09:24:56.144 @PRE002 SD201804030006
09:24:56.146 @PRE003 002
09:24:56.147 @PRE004 JYLF01-DS
09:24:56.148 @PRE005 2018/8/26 0:00:00
09:24:56.149 @PRE006 2018/5/5 0:00:00
09:24:56.150 @PRE007 13949
09:24:56.152 @PRE008 1300
09:24:56.153 @PRE009 1300
09:24:56.154 @PRE010 1300
09:24:56.155 @idx 320
09:24:56.158 @PRE002 SD201804030006
09:24:56.159 @PRE003 002
09:24:56.160 @PRE004 JYLF01-DS
09:24:56.162 @PRE005 2018/8/27 0:00:00
09:24:56.163 @PRE006 2018/5/5 0:00:00
09:24:56.164 @PRE007 13949
09:24:56.165 @PRE008 1300
09:24:56.168 @PRE009 1300
09:24:56.169 @PRE010 1300
09:24:56.171 @idx 321
09:24:56.173 @PRE002 SD201804030006
09:24:56.175 @PRE003 002
09:24:56.176 @PRE004 JYLF01-DS
09:24:56.177 @PRE005 2018/8/28 0:00:00
09:24:56.178 @PRE006 2018/5/5 0:00:00
09:24:56.180 @PRE007 13949
09:24:56.181 @PRE008 1300
09:24:56.182 @PRE009 1300
09:24:56.184 @PRE010 1300
09:24:56.185 @idx 322
09:24:56.188 @PRE002 SD201804030006
09:24:56.189 @PRE003 002
09:24:56.190 @PRE004 JYLF01-DS
09:24:56.192 @PRE005 2018/8/29 0:00:00
09:24:56.193 @PRE006 2018/5/5 0:00:00
09:24:56.194 @PRE007 13949
09:24:56.195 @PRE008 1300
09:24:56.196 @PRE009 1300
09:24:56.198 @PRE010 1300
09:24:56.199 @idx 323
09:24:56.201 @PRE002 SD201804030006
09:24:56.203 @PRE003 002
09:24:56.204 @PRE004 JYLF01-DS
09:24:56.206 @PRE005 2018/8/30 0:00:00
09:24:56.207 @PRE006 2018/5/5 0:00:00
09:24:56.208 @PRE007 13949
09:24:56.209 @PRE008 1300
09:24:56.211 @PRE009 1300
09:24:56.212 @PRE010 1300
09:24:56.214 @idx 324
09:24:56.216 @PRE002 SD201804030006
09:24:56.218 @PRE003 002
09:24:56.219 @PRE004 JYLF01-DS
09:24:56.220 @PRE005 2018/8/31 0:00:00
09:24:56.222 @PRE006 2018/5/5 0:00:00
09:24:56.223 @PRE007 13949
09:24:56.224 @PRE008 1300
09:24:56.225 @PRE009 1300
09:24:56.227 @PRE010 1300
09:24:56.228 @idx 325
09:24:56.231 @PRE002 SD201804030006
09:24:56.232 @PRE003 002
09:24:56.233 @PRE004 JYLF01-DS
09:24:56.235 @PRE005 2018/9/1 0:00:00
09:24:56.236 @PRE006 2018/5/5 0:00:00
09:24:56.237 @PRE007 13949
09:24:56.238 @PRE008 949
09:24:56.239 @PRE009 122
09:24:56.240 @PRE010 1300
09:24:56.242 @idx 326
09:29:25.693  异常信息：远程服务器返回错误: (404) 未找到。
  堆栈信息:   在 AutoUpdate.AppUpdate.DownloadFile(String url, String localFilePath) 位置 D:\ProjectData\MiKe\LineProductMes\LineProductMes\ClassForMain\AppUpdate.cs:行号 243
   在 AutoUpdate.AppUpdate.CheckAppVersion(String& msg) 位置 D:\ProjectData\MiKe\LineProductMes\LineProductMes\ClassForMain\AppUpdate.cs:行号 310
09:29:30.223 @EMP002 系统管理员
09:29:30.225 @EMP033 cebfd1559b68d67688884d7a3d3e8c
09:30:26.009  异常信息：远程服务器返回错误: (404) 未找到。
  堆栈信息:   在 AutoUpdate.AppUpdate.DownloadFile(String url, String localFilePath) 位置 D:\ProjectData\MiKe\LineProductMes\LineProductMes\ClassForMain\AppUpdate.cs:行号 243
   在 AutoUpdate.AppUpdate.CheckAppVersion(String& msg) 位置 D:\ProjectData\MiKe\LineProductMes\LineProductMes\ClassForMain\AppUpdate.cs:行号 310
09:30:49.353 @EMP002 系统管理员
09:30:49.356 @EMP033 cebfd1559b68d67688884d7a3d3e8c
09:31:04.992 @PRE002 SD201712090005
09:31:04.994 @PRE003 004
09:31:04.995 @PRE004 ZS20B-Z
09:31:04.997 @PRE005 2018/8/18 0:00:00
09:31:04.999 @PRE006 2017/12/28 0:00:00
09:31:05.001 @PRE007 3470
09:31:05.003 @PRE008 
09:31:05.005 @PRE009 0
09:31:05.007 @PRE010 300
09:31:05.008 @idx 284
09:31:05.012 @PRE002 SD201712090005
09:31:05.013 @PRE003 004
09:31:05.015 @PRE004 ZS20B-Z
09:31:05.017 @PRE005 2018/8/19 0:00:00
09:31:05.018 @PRE006 2017/12/28 0:00:00
09:31:05.020 @PRE007 3470
09:31:05.022 @PRE008 
09:31:05.023 @PRE009 0
09:31:05.025 @PRE010 300
09:31:05.027 @idx 285
09:31:05.030 @PRE002 SD201712090005
09:31:05.032 @PRE003 004
09:31:05.034 @PRE004 ZS20B-Z
09:31:05.035 @PRE005 2018/8/20 0:00:00
09:31:05.037 @PRE006 2017/12/28 0:00:00
09:31:05.039 @PRE007 3470
09:31:05.041 @PRE008 
09:31:05.042 @PRE009 0
09:31:05.044 @PRE010 300
09:31:05.050 @idx 286
09:31:05.055 @PRE002 SD201712090005
09:31:05.057 @PRE003 004
09:31:05.058 @PRE004 ZS20B-Z
09:31:05.060 @PRE005 2018/8/21 0:00:00
09:31:05.063 @PRE006 2017/12/28 0:00:00
09:31:05.065 @PRE007 3470
09:31:05.066 @PRE008 
09:31:05.068 @PRE009 0
09:31:05.069 @PRE010 300
09:31:05.071 @idx 287
09:31:05.074 @PRE002 SD201712090005
09:31:05.076 @PRE003 004
09:31:05.077 @PRE004 ZS20B-Z
09:31:05.079 @PRE005 2018/8/22 0:00:00
09:31:05.080 @PRE006 2017/12/28 0:00:00
09:31:05.082 @PRE007 3470
09:31:05.083 @PRE008 
09:31:05.085 @PRE009 0
09:31:05.086 @PRE010 300
09:31:05.087 @idx 288
09:31:05.090 @PRE002 SD201712090005
09:31:05.092 @PRE003 004
09:31:05.093 @PRE004 ZS20B-Z
09:31:05.095 @PRE005 2018/8/23 0:00:00
09:31:05.097 @PRE006 2017/12/28 0:00:00
09:31:05.099 @PRE007 3470
09:31:05.101 @PRE008 
09:31:05.102 @PRE009 0
09:31:05.104 @PRE010 300
09:31:05.105 @idx 289
09:31:05.108 @PRE002 SD201712090005
09:31:05.110 @PRE003 004
09:31:05.112 @PRE004 ZS20B-Z
09:31:05.113 @PRE005 2018/8/24 0:00:00
09:31:05.115 @PRE006 2017/12/28 0:00:00
09:31:05.116 @PRE007 3470
09:31:05.118 @PRE008 
09:31:05.120 @PRE009 0
09:31:05.122 @PRE010 300
09:31:05.124 @idx 290
09:31:05.127 @PRE002 SD201712090005
09:31:05.129 @PRE003 004
09:31:05.131 @PRE004 ZS20B-Z
09:31:05.132 @PRE005 2018/8/25 0:00:00
09:31:05.134 @PRE006 2017/12/28 0:00:00
09:31:05.136 @PRE007 3470
09:31:05.137 @PRE008 
09:31:05.139 @PRE009 0
09:31:05.140 @PRE010 300
09:31:05.142 @idx 291
09:31:05.145 @PRE002 SD201712090005
09:31:05.147 @PRE003 004
09:31:05.149 @PRE004 ZS20B-Z
09:31:05.151 @PRE005 2018/8/26 0:00:00
09:31:05.153 @PRE006 2017/12/28 0:00:00
09:31:05.154 @PRE007 3470
09:31:05.156 @PRE008 
09:31:05.158 @PRE009 0
09:31:05.159 @PRE010 300
09:31:05.161 @idx 292
09:31:05.165 @PRE002 SD201712090005
09:31:05.166 @PRE003 004
09:31:05.168 @PRE004 ZS20B-Z
09:31:05.169 @PRE005 2018/8/27 0:00:00
09:31:05.171 @PRE006 2017/12/28 0:00:00
09:31:05.173 @PRE007 3470
09:31:05.175 @PRE008 
09:31:05.176 @PRE009 0
09:31:05.178 @PRE010 300
09:31:05.180 @idx 293
09:31:05.183 @PRE002 SD201712090005
09:31:05.185 @PRE003 004
09:31:05.186 @PRE004 ZS20B-Z
09:31:05.188 @PRE005 2018/8/28 0:00:00
09:31:05.189 @PRE006 2017/12/28 0:00:00
09:31:05.191 @PRE007 3470
09:31:05.192 @PRE008 
09:31:05.194 @PRE009 0
09:31:05.196 @PRE010 300
09:31:05.197 @idx 294
09:31:05.201 @PRE002 SD201712090005
09:31:05.203 @PRE003 004
09:31:05.204 @PRE004 ZS20B-Z
09:31:05.206 @PRE005 2018/8/29 0:00:00
09:31:05.207 @PRE006 2017/12/28 0:00:00
09:31:05.208 @PRE007 3470
09:31:05.210 @PRE008 0
09:31:05.211 @PRE009 0
09:31:05.213 @PRE010 300
09:31:05.215 @idx 295
09:31:55.585  异常信息：远程服务器返回错误: (404) 未找到。
  堆栈信息:   在 AutoUpdate.AppUpdate.DownloadFile(String url, String localFilePath) 位置 D:\ProjectData\MiKe\LineProductMes\LineProductMes\ClassForMain\AppUpdate.cs:行号 243
   在 AutoUpdate.AppUpdate.CheckAppVersion(String& msg) 位置 D:\ProjectData\MiKe\LineProductMes\LineProductMes\ClassForMain\AppUpdate.cs:行号 310
09:31:59.966 @EMP002 系统管理员
09:31:59.967 @EMP033 cebfd1559b68d67688884d7a3d3e8c
09:32:59.179  异常信息：远程服务器返回错误: (404) 未找到。
  堆栈信息:   在 AutoUpdate.AppUpdate.DownloadFile(String url, String localFilePath) 位置 D:\ProjectData\MiKe\LineProductMes\LineProductMes\ClassForMain\AppUpdate.cs:行号 243
   在 AutoUpdate.AppUpdate.CheckAppVersion(String& msg) 位置 D:\ProjectData\MiKe\LineProductMes\LineProductMes\ClassForMain\AppUpdate.cs:行号 310
09:34:14.250 @EMP002 系统管理员
09:34:14.251 @EMP033 cebfd1559b68d67688884d7a3d3e8c
09:34:45.742  异常信息：远程服务器返回错误: (404) 未找到。
  堆栈信息:   在 AutoUpdate.AppUpdate.DownloadFile(String url, String localFilePath) 位置 D:\ProjectData\MiKe\LineProductMes\LineProductMes\ClassForMain\AppUpdate.cs:行号 243
   在 AutoUpdate.AppUpdate.CheckAppVersion(String& msg) 位置 D:\ProjectData\MiKe\LineProductMes\LineProductMes\ClassForMain\AppUpdate.cs:行号 310
09:34:50.235 @EMP002 系统管理员
09:34:50.237 @EMP033 cebfd1559b68d67688884d7a3d3e8c
09:36:21.157  异常信息：远程服务器返回错误: (404) 未找到。
  堆栈信息:   在 AutoUpdate.AppUpdate.DownloadFile(String url, String localFilePath) 位置 D:\ProjectData\MiKe\LineProductMes\LineProductMes\ClassForMain\AppUpdate.cs:行号 243
   在 AutoUpdate.AppUpdate.CheckAppVersion(String& msg) 位置 D:\ProjectData\MiKe\LineProductMes\LineProductMes\ClassForMain\AppUpdate.cs:行号 310
09:36:25.483 @EMP002 系统管理员
09:36:25.486 @EMP033 cebfd1559b68d67688884d7a3d3e8c
09:37:10.811 @PRE002 SD201706080004
09:37:10.813 @PRE003 001
09:37:10.815 @PRE004 TCLNS-11Y3B16
09:37:10.816 @PRE005 2018/8/18 0:00:00
09:37:10.818 @PRE006 2017/6/23 0:00:00
09:37:10.819 @PRE007 400
09:37:10.820 @PRE008 37
09:37:10.822 @PRE009 0
09:37:10.823 @PRE010 37
09:37:10.824 @idx 296
09:37:10.828 @PRE002 SD201706080004
09:37:10.830 @PRE003 001
09:37:10.831 @PRE004 TCLNS-11Y3B16
09:37:10.832 @PRE005 2018/8/19 0:00:00
09:37:10.833 @PRE006 2017/6/23 0:00:00
09:37:10.835 @PRE007 400
09:37:10.837 @PRE008 37
09:37:10.838 @PRE009 0
09:37:10.840 @PRE010 37
09:37:10.842 @idx 297
09:37:10.845 @PRE002 SD201706080004
09:37:10.846 @PRE003 001
09:37:10.847 @PRE004 TCLNS-11Y3B16
09:37:10.849 @PRE005 2018/8/20 0:00:00
09:37:10.850 @PRE006 2017/6/23 0:00:00
09:37:10.851 @PRE007 400
09:37:10.853 @PRE008 37
09:37:10.854 @PRE009 0
09:37:10.856 @PRE010 37
09:37:10.857 @idx 298
09:37:10.860 @PRE002 SD201706080004
09:37:10.862 @PRE003 001
09:37:10.863 @PRE004 TCLNS-11Y3B16
09:37:10.864 @PRE005 2018/8/21 0:00:00
09:37:10.865 @PRE006 2017/6/23 0:00:00
09:37:10.867 @PRE007 400
09:37:10.868 @PRE008 37
09:37:10.870 @PRE009 0
09:37:10.871 @PRE010 37
09:37:10.873 @idx 299
09:37:10.876 @PRE002 SD201706080004
09:37:10.877 @PRE003 001
09:37:10.879 @PRE004 TCLNS-11Y3B16
09:37:10.880 @PRE005 2018/8/22 0:00:00
09:37:10.881 @PRE006 2017/6/23 0:00:00
09:37:10.882 @PRE007 400
09:37:10.884 @PRE008 37
09:37:10.885 @PRE009 0
09:37:10.886 @PRE010 37
09:37:10.888 @idx 300
09:37:10.890 @PRE002 SD201706080004
09:37:10.891 @PRE003 001
09:37:10.892 @PRE004 TCLNS-11Y3B16
09:37:10.894 @PRE005 2018/8/23 0:00:00
09:37:10.895 @PRE006 2017/6/23 0:00:00
09:37:10.896 @PRE007 400
09:37:10.897 @PRE008 37
09:37:10.899 @PRE009 0
09:37:10.900 @PRE010 37
09:37:10.902 @idx 301
09:37:10.904 @PRE002 SD201706080004
09:37:10.906 @PRE003 001
09:37:10.907 @PRE004 TCLNS-11Y3B16
09:37:10.908 @PRE005 2018/8/24 0:00:00
09:37:10.910 @PRE006 2017/6/23 0:00:00
09:37:10.911 @PRE007 400
09:37:10.912 @PRE008 37
09:37:10.913 @PRE009 0
09:37:10.915 @PRE010 37
09:37:10.917 @idx 302
09:37:10.919 @PRE002 SD201706080004
09:37:10.921 @PRE003 001
09:37:10.922 @PRE004 TCLNS-11Y3B16
09:37:10.923 @PRE005 2018/8/25 0:00:00
09:37:10.924 @PRE006 2017/6/23 0:00:00
09:37:10.926 @PRE007 400
09:37:10.927 @PRE008 37
09:37:10.928 @PRE009 0
09:37:10.929 @PRE010 37
09:37:10.931 @idx 303
09:37:10.934 @PRE002 SD201706080004
09:37:10.935 @PRE003 001
09:37:10.936 @PRE004 TCLNS-11Y3B16
09:37:10.938 @PRE005 2018/8/26 0:00:00
09:37:10.939 @PRE006 2017/6/23 0:00:00
09:37:10.940 @PRE007 400
09:37:10.942 @PRE008 37
09:37:10.943 @PRE009 0
09:37:10.944 @PRE010 37
09:37:10.945 @idx 304
09:37:10.948 @PRE002 SD201706080004
09:37:10.949 @PRE003 001
09:37:10.950 @PRE004 TCLNS-11Y3B16
09:37:10.951 @PRE005 2018/8/27 0:00:00
09:37:10.952 @PRE006 2017/6/23 0:00:00
09:37:10.953 @PRE007 400
09:37:10.954 @PRE008 37
09:37:10.956 @PRE009 0
09:37:10.957 @PRE010 37
09:37:10.959 @idx 305
09:37:10.961 @PRE002 SD201706080004
09:37:10.963 @PRE003 001
09:37:10.965 @PRE004 TCLNS-11Y3B16
09:37:10.966 @PRE005 2018/8/28 0:00:00
09:37:10.968 @PRE006 2017/6/23 0:00:00
09:37:10.969 @PRE007 400
09:37:10.970 @PRE008 0
09:37:10.972 @PRE009 0
09:37:10.974 @PRE010 37
09:37:10.975 @idx 306
09:39:14.156  异常信息：远程服务器返回错误: (404) 未找到。
  堆栈信息:   在 AutoUpdate.AppUpdate.DownloadFile(String url, String localFilePath) 位置 D:\ProjectData\MiKe\LineProductMes\LineProductMes\ClassForMain\AppUpdate.cs:行号 243
   在 AutoUpdate.AppUpdate.CheckAppVersion(String& msg) 位置 D:\ProjectData\MiKe\LineProductMes\LineProductMes\ClassForMain\AppUpdate.cs:行号 310
09:39:19.145 @EMP002 系统管理员
09:39:19.147 @EMP033 cebfd1559b68d67688884d7a3d3e8c
09:41:59.526  异常信息：远程服务器返回错误: (404) 未找到。
  堆栈信息:   在 AutoUpdate.AppUpdate.DownloadFile(String url, String localFilePath) 位置 D:\ProjectData\MiKe\LineProductMes\LineProductMes\ClassForMain\AppUpdate.cs:行号 243
   在 AutoUpdate.AppUpdate.CheckAppVersion(String& msg) 位置 D:\ProjectData\MiKe\LineProductMes\LineProductMes\ClassForMain\AppUpdate.cs:行号 310
09:44:18.207 @EMP002 系统管理员
09:44:18.209 @EMP033 cebfd1559b68d67688884d7a3d3e8c
09:44:41.142 @PRE002 SD201706080004
09:44:41.144 @PRE003 001
09:44:41.146 @PRE004 TCLNS-11Y3B16
09:44:41.147 @PRE005 2018/8/18 0:00:00
09:44:41.149 @PRE006 2017/6/23 0:00:00
09:44:41.152 @PRE007 400
09:44:41.153 @PRE008 37
09:44:41.155 @PRE009 0
09:44:41.156 @PRE010 37
09:44:41.157 @idx 296
09:44:41.163 @PRE002 SD201706080004
09:44:41.165 @PRE003 001
09:44:41.166 @PRE004 TCLNS-11Y3B16
09:44:41.168 @PRE005 2018/8/19 0:00:00
09:44:41.170 @PRE006 2017/6/23 0:00:00
09:44:41.171 @PRE007 400
09:44:41.172 @PRE008 37
09:44:41.174 @PRE009 0
09:44:41.175 @PRE010 37
09:44:41.176 @idx 297
09:44:41.180 @PRE002 SD201706080004
09:44:41.181 @PRE003 001
09:44:41.183 @PRE004 TCLNS-11Y3B16
09:44:41.184 @PRE005 2018/8/20 0:00:00
09:44:41.185 @PRE006 2017/6/23 0:00:00
09:44:41.187 @PRE007 400
09:44:41.188 @PRE008 37
09:44:41.189 @PRE009 0
09:44:41.190 @PRE010 37
09:44:41.192 @idx 298
09:44:41.194 @PRE002 SD201706080004
09:44:41.196 @PRE003 001
09:44:41.197 @PRE004 TCLNS-11Y3B16
09:44:41.198 @PRE005 2018/8/21 0:00:00
09:44:41.200 @PRE006 2017/6/23 0:00:00
09:44:41.201 @PRE007 400
09:44:41.203 @PRE008 37
09:44:41.204 @PRE009 0
09:44:41.205 @PRE010 37
09:44:41.206 @idx 299
09:44:41.209 @PRE002 SD201706080004
09:44:41.211 @PRE003 001
09:44:41.213 @PRE004 TCLNS-11Y3B16
09:44:41.215 @PRE005 2018/8/22 0:00:00
09:44:41.216 @PRE006 2017/6/23 0:00:00
09:44:41.218 @PRE007 400
09:44:41.219 @PRE008 37
09:44:41.221 @PRE009 0
09:44:41.222 @PRE010 37
09:44:41.224 @idx 300
09:44:41.227 @PRE002 SD201706080004
09:44:41.229 @PRE003 001
09:44:41.230 @PRE004 TCLNS-11Y3B16
09:44:41.232 @PRE005 2018/8/23 0:00:00
09:44:41.233 @PRE006 2017/6/23 0:00:00
09:44:41.234 @PRE007 400
09:44:41.235 @PRE008 37
09:44:41.236 @PRE009 0
09:44:41.238 @PRE010 37
09:44:41.239 @idx 301
09:44:41.241 @PRE002 SD201706080004
09:44:41.243 @PRE003 001
09:44:41.244 @PRE004 TCLNS-11Y3B16
09:44:41.245 @PRE005 2018/8/24 0:00:00
09:44:41.247 @PRE006 2017/6/23 0:00:00
09:44:41.248 @PRE007 400
09:44:41.249 @PRE008 37
09:44:41.251 @PRE009 0
09:44:41.252 @PRE010 37
09:44:41.253 @idx 302
09:44:41.256 @PRE002 SD201706080004
09:44:41.257 @PRE003 001
09:44:41.259 @PRE004 TCLNS-11Y3B16
09:44:41.260 @PRE005 2018/8/25 0:00:00
09:44:41.261 @PRE006 2017/6/23 0:00:00
09:44:41.262 @PRE007 400
09:44:41.264 @PRE008 37
09:44:41.265 @PRE009 0
09:44:41.267 @PRE010 37
09:44:41.269 @idx 303
09:44:41.271 @PRE002 SD201706080004
09:44:41.273 @PRE003 001
09:44:41.274 @PRE004 TCLNS-11Y3B16
09:44:41.275 @PRE005 2018/8/26 0:00:00
09:44:41.277 @PRE006 2017/6/23 0:00:00
09:44:41.278 @PRE007 400
09:44:41.280 @PRE008 37
09:44:41.282 @PRE009 0
09:44:41.283 @PRE010 37
09:44:41.284 @idx 304
09:44:41.287 @PRE002 SD201706080004
09:44:41.288 @PRE003 001
09:44:41.290 @PRE004 TCLNS-11Y3B16
09:44:41.291 @PRE005 2018/8/27 0:00:00
09:44:41.292 @PRE006 2017/6/23 0:00:00
09:44:41.293 @PRE007 400
09:44:41.295 @PRE008 0
09:44:41.296 @PRE009 0
09:44:41.297 @PRE010 37
09:44:41.298 @idx 305
09:44:41.300 @PRF001 TCLNS-11Y3B16
09:44:41.302 @PRF002 2018/8/27 0:00:00
09:44:41.303 @PRF003 -37
09:44:41.312 @PRE002 SD201706080004
09:44:41.313 @PRE003 001
09:44:41.314 @PRE004 TCLNS-11Y3B16
09:44:41.315 @PRE005 2018/8/28 0:00:00
09:44:41.317 @PRE006 2017/6/23 0:00:00
09:44:41.318 @PRE007 400
09:44:41.319 @PRE008 0
09:44:41.320 @PRE009 0
09:44:41.321 @PRE010 37
09:44:41.322 @idx 306
09:44:52.157  异常信息：远程服务器返回错误: (404) 未找到。
  堆栈信息:   在 AutoUpdate.AppUpdate.DownloadFile(String url, String localFilePath) 位置 D:\ProjectData\MiKe\LineProductMes\LineProductMes\ClassForMain\AppUpdate.cs:行号 243
   在 AutoUpdate.AppUpdate.CheckAppVersion(String& msg) 位置 D:\ProjectData\MiKe\LineProductMes\LineProductMes\ClassForMain\AppUpdate.cs:行号 310
09:44:58.024 @EMP002 系统管理员
09:44:58.026 @EMP033 cebfd1559b68d67688884d7a3d3e8c
09:45:20.033 @PRE002 SD201706080004
09:45:20.035 @PRE003 001
09:45:20.037 @PRE004 TCLNS-11Y3B16
09:45:20.038 @PRE005 2018/8/18 0:00:00
09:45:20.040 @PRE006 2017/6/23 0:00:00
09:45:20.042 @PRE007 400
09:45:20.044 @PRE008 37
09:45:20.046 @PRE009 0
09:45:20.048 @PRE010 37
09:45:20.050 @idx 296
09:45:20.053 @PRE002 SD201706080004
09:45:20.055 @PRE003 001
09:45:20.057 @PRE004 TCLNS-11Y3B16
09:45:20.059 @PRE005 2018/8/19 0:00:00
09:45:20.061 @PRE006 2017/6/23 0:00:00
09:45:20.062 @PRE007 400
09:45:20.064 @PRE008 37
09:45:20.065 @PRE009 0
09:45:20.067 @PRE010 37
09:45:20.068 @idx 297
09:45:20.071 @PRE002 SD201706080004
09:45:20.072 @PRE003 001
09:45:20.074 @PRE004 TCLNS-11Y3B16
09:45:20.076 @PRE005 2018/8/20 0:00:00
09:45:20.077 @PRE006 2017/6/23 0:00:00
09:45:20.078 @PRE007 400
09:45:20.080 @PRE008 37
09:45:20.081 @PRE009 0
09:45:20.082 @PRE010 37
09:45:20.083 @idx 298
09:45:20.086 @PRE002 SD201706080004
09:45:20.087 @PRE003 001
09:45:20.089 @PRE004 TCLNS-11Y3B16
09:45:20.091 @PRE005 2018/8/21 0:00:00
09:45:20.092 @PRE006 2017/6/23 0:00:00
09:45:20.094 @PRE007 400
09:45:20.095 @PRE008 37
09:45:20.096 @PRE009 0
09:45:20.098 @PRE010 37
09:45:20.099 @idx 299
09:45:20.101 @PRE002 SD201706080004
09:45:20.103 @PRE003 001
09:45:20.104 @PRE004 TCLNS-11Y3B16
09:45:20.106 @PRE005 2018/8/22 0:00:00
09:45:20.107 @PRE006 2017/6/23 0:00:00
09:45:20.109 @PRE007 400
09:45:20.110 @PRE008 37
09:45:20.111 @PRE009 0
09:45:20.113 @PRE010 37
09:45:20.114 @idx 300
09:45:20.116 @PRE002 SD201706080004
09:45:20.118 @PRE003 001
09:45:20.119 @PRE004 TCLNS-11Y3B16
09:45:20.123 @PRE005 2018/8/23 0:00:00
09:45:20.124 @PRE006 2017/6/23 0:00:00
09:45:20.125 @PRE007 400
09:45:20.127 @PRE008 37
09:45:20.128 @PRE009 0
09:45:20.129 @PRE010 37
09:45:20.130 @idx 301
09:45:20.133 @PRE002 SD201706080004
09:45:20.135 @PRE003 001
09:45:20.136 @PRE004 TCLNS-11Y3B16
09:45:20.138 @PRE005 2018/8/24 0:00:00
09:45:20.139 @PRE006 2017/6/23 0:00:00
09:45:20.140 @PRE007 400
09:45:20.142 @PRE008 37
09:45:20.143 @PRE009 0
09:45:20.144 @PRE010 37
09:45:20.146 @idx 302
09:45:20.148 @PRE002 SD201706080004
09:45:20.150 @PRE003 001
09:45:20.151 @PRE004 TCLNS-11Y3B16
09:45:20.152 @PRE005 2018/8/25 0:00:00
09:45:20.154 @PRE006 2017/6/23 0:00:00
09:45:20.155 @PRE007 400
09:45:20.157 @PRE008 37
09:45:20.158 @PRE009 0
09:45:20.159 @PRE010 37
09:45:20.160 @idx 303
09:45:20.163 @PRE002 SD201706080004
09:45:20.164 @PRE003 001
09:45:20.165 @PRE004 TCLNS-11Y3B16
09:45:20.167 @PRE005 2018/8/26 0:00:00
09:45:20.168 @PRE006 2017/6/23 0:00:00
09:45:20.169 @PRE007 400
09:45:20.171 @PRE008 1
09:45:20.172 @PRE009 0
09:45:20.173 @PRE010 37
09:45:20.174 @idx 304
09:45:20.177 @PRF001 TCLNS-11Y3B16
09:45:20.178 @PRF002 2018/8/26 0:00:00
09:45:20.179 @PRF003 -36
09:45:20.182 @PRE002 SD201706080004
09:45:20.184 @PRE003 001
09:45:20.185 @PRE004 TCLNS-11Y3B16
09:45:20.186 @PRE005 2018/8/27 0:00:00
09:45:20.187 @PRE006 2017/6/23 0:00:00
09:45:20.189 @PRE007 400
09:45:20.190 @PRE008 0
09:45:20.191 @PRE009 0
09:45:20.192 @PRE010 37
09:45:20.193 @idx 305
09:45:20.196 @PRE002 SD201706080004
09:45:20.197 @PRE003 001
09:45:20.199 @PRE004 TCLNS-11Y3B16
09:45:20.200 @PRE005 2018/8/28 0:00:00
09:45:20.202 @PRE006 2017/6/23 0:00:00
09:45:20.203 @PRE007 400
09:45:20.204 @PRE008 0
09:45:20.206 @PRE009 0
09:45:20.207 @PRE010 37
09:45:20.208 @idx 306
13:24:42.950  异常信息：远程服务器返回错误: (404) 未找到。
  堆栈信息:   在 AutoUpdate.AppUpdate.DownloadFile(String url, String localFilePath) 位置 D:\ProjectData\MiKe\LineProductMes\LineProductMes\ClassForMain\AppUpdate.cs:行号 243
   在 AutoUpdate.AppUpdate.CheckAppVersion(String& msg) 位置 D:\ProjectData\MiKe\LineProductMes\LineProductMes\ClassForMain\AppUpdate.cs:行号 310
13:24:56.936 @EMP002 系统管理员
13:24:56.939 @EMP033 e51e6c4ea698bc872c5f2e504383ac59
13:24:59.145 @EMP002 系统管理员
13:24:59.148 @EMP033 cebfd1559b68d67688884d7a3d3e8c
13:25:22.056 @PRD001 20180824001
13:25:22.058 @PRD002 2018/8/24 0:00:00
13:25:22.059 @PRD003 False
13:25:22.064 @PRE001 20180824001
13:25:22.066 @PRE002 SD201708010005
13:25:22.067 @PRE003 002
13:25:22.068 @PRE004 JYLF76-XM
13:25:22.069 @PRE005 2018/8/24 0:00:00
13:25:22.070 @PRE006 2017/9/1 0:00:00
13:25:22.072 @PRE007 2000
13:25:22.073 @PRE008 215
13:25:22.074 @PRE009 0
13:25:22.075 @PRE010 215
13:25:22.080 @PRF001 JYLF76-XM
13:25:22.082 @PRF002 2018/8/24 0:00:00
13:25:22.084 @PRF003 215
13:25:22.087 @PRE001 20180824001
13:25:22.088 @PRE002 SD201708010005
13:25:22.090 @PRE003 002
13:25:22.091 @PRE004 JYLF76-XM
13:25:22.092 @PRE005 2018/8/25 0:00:00
13:25:22.094 @PRE006 2017/9/1 0:00:00
13:25:22.095 @PRE007 2000
13:25:22.096 @PRE008 215
13:25:22.097 @PRE009 0
13:25:22.099 @PRE010 215
13:25:22.101 @PRF001 JYLF76-XM
13:25:22.102 @PRF002 2018/8/25 0:00:00
13:25:22.104 @PRF003 215
13:25:22.106 @PRE001 20180824001
13:25:22.108 @PRE002 SD201708010005
13:25:22.109 @PRE003 002
13:25:22.110 @PRE004 JYLF76-XM
13:25:22.112 @PRE005 2018/8/26 0:00:00
13:25:22.113 @PRE006 2017/9/1 0:00:00
13:25:22.114 @PRE007 2000
13:25:22.115 @PRE008 215
13:25:22.117 @PRE009 0
13:25:22.118 @PRE010 215
13:25:22.120 @PRF001 JYLF76-XM
13:25:22.121 @PRF002 2018/8/26 0:00:00
13:25:22.123 @PRF003 215
13:25:22.125 @PRE001 20180824001
13:25:22.126 @PRE002 SD201708010005
13:25:22.128 @PRE003 002
13:25:22.129 @PRE004 JYLF76-XM
13:25:22.130 @PRE005 2018/8/27 0:00:00
13:25:22.132 @PRE006 2017/9/1 0:00:00
13:25:22.133 @PRE007 2000
13:25:22.134 @PRE008 215
13:25:22.135 @PRE009 0
13:25:22.136 @PRE010 215
13:25:22.139 @PRF001 JYLF76-XM
13:25:22.141 @PRF002 2018/8/27 0:00:00
13:25:22.143 @PRF003 215
13:25:22.145 @PRE001 20180824001
13:25:22.146 @PRE002 SD201708010005
13:25:22.148 @PRE003 002
13:25:22.149 @PRE004 JYLF76-XM
13:25:22.150 @PRE005 2018/8/28 0:00:00
13:25:22.151 @PRE006 2017/9/1 0:00:00
13:25:22.152 @PRE007 2000
13:25:22.154 @PRE008 215
13:25:22.155 @PRE009 0
13:25:22.157 @PRE010 215
13:25:22.159 @PRF001 JYLF76-XM
13:25:22.160 @PRF002 2018/8/28 0:00:00
13:25:22.162 @PRF003 215
13:25:22.164 @PRE001 20180824001
13:25:22.166 @PRE002 SD201708010005
13:25:22.167 @PRE003 002
13:25:22.168 @PRE004 JYLF76-XM
13:25:22.169 @PRE005 2018/8/29 0:00:00
13:25:22.171 @PRE006 2017/9/1 0:00:00
13:25:22.172 @PRE007 2000
13:25:22.174 @PRE008 215
13:25:22.175 @PRE009 0
13:25:22.176 @PRE010 215
13:25:22.179 @PRF001 JYLF76-XM
13:25:22.180 @PRF002 2018/8/29 0:00:00
13:25:22.182 @PRF003 215
13:25:22.185 @PRE001 20180824001
13:25:22.187 @PRE002 SD201708010005
13:25:22.188 @PRE003 002
13:25:22.190 @PRE004 JYLF76-XM
13:25:22.192 @PRE005 2018/8/30 0:00:00
13:25:22.193 @PRE006 2017/9/1 0:00:00
13:25:22.194 @PRE007 2000
13:25:22.195 @PRE008 215
13:25:22.197 @PRE009 0
13:25:22.198 @PRE010 215
13:25:22.200 @PRF001 JYLF76-XM
13:25:22.201 @PRF002 2018/8/30 0:00:00
13:25:22.203 @PRF003 215
13:25:22.205 @PRE001 20180824001
13:25:22.207 @PRE002 SD201708010005
13:25:22.208 @PRE003 002
13:25:22.209 @PRE004 JYLF76-XM
13:25:22.210 @PRE005 2018/8/31 0:00:00
13:25:22.212 @PRE006 2017/9/1 0:00:00
13:25:22.213 @PRE007 2000
13:25:22.215 @PRE008 215
13:25:22.216 @PRE009 0
13:25:22.217 @PRE010 215
13:25:22.219 @PRF001 JYLF76-XM
13:25:22.221 @PRF002 2018/8/31 0:00:00
13:25:22.222 @PRF003 215
13:25:22.225 @PRE001 20180824001
13:25:22.226 @PRE002 SD201708010005
13:25:22.227 @PRE003 002
13:25:22.228 @PRE004 JYLF76-XM
13:25:22.230 @PRE005 2018/9/1 0:00:00
13:25:22.231 @PRE006 2017/9/1 0:00:00
13:25:22.232 @PRE007 2000
13:25:22.233 @PRE008 215
13:25:22.234 @PRE009 0
13:25:22.235 @PRE010 215
13:25:22.238 @PRF001 JYLF76-XM
13:25:22.239 @PRF002 2018/9/1 0:00:00
13:25:22.240 @PRF003 215
13:25:22.243 @PRE001 20180824001
13:25:22.244 @PRE002 SD201708010005
13:25:22.245 @PRE003 002
13:25:22.247 @PRE004 JYLF76-XM
13:25:22.248 @PRE005 2018/9/2 0:00:00
13:25:22.249 @PRE006 2017/9/1 0:00:00
13:25:22.250 @PRE007 2000
13:25:22.252 @PRE008 65
13:25:22.253 @PRE009 0
13:25:22.254 @PRE010 215
13:25:22.257 @PRF001 JYLF76-XM
13:25:22.258 @PRF002 2018/9/2 0:00:00
13:25:22.259 @PRF003 65
13:26:08.896 @PRD001 20180824002
13:26:08.898 @PRD002 2018/8/24 0:00:00
13:26:08.900 @PRD003 False
13:26:08.903 @PRE001 20180824002
13:26:08.904 @PRE002 SD201804070001
13:26:08.906 @PRE003 001
13:26:08.907 @PRE004 JYLF01-DS
13:26:08.909 @PRE005 2018/8/24 0:00:00
13:26:08.911 @PRE006 2018/5/10 0:00:00
13:26:08.912 @PRE007 5000
13:26:08.914 @PRE008 200
13:26:08.916 @PRE009 0
13:26:08.917 @PRE010 200
13:26:08.920 @PRE001 20180824002
13:26:08.922 @PRE002 SD201804070001
13:26:08.923 @PRE003 001
13:26:08.925 @PRE004 JYLF01-DS
13:26:08.926 @PRE005 2018/8/25 0:00:00
13:26:08.927 @PRE006 2018/5/10 0:00:00
13:26:08.928 @PRE007 5000
13:26:08.930 @PRE008 200
13:26:08.931 @PRE009 0
13:26:08.932 @PRE010 200
13:26:08.935 @PRE001 20180824002
13:26:08.936 @PRE002 SD201804070001
13:26:08.937 @PRE003 001
13:26:08.939 @PRE004 JYLF01-DS
13:26:08.940 @PRE005 2018/8/26 0:00:00
13:26:08.943 @PRE006 2018/5/10 0:00:00
13:26:08.945 @PRE007 5000
13:26:08.946 @PRE008 200
13:26:08.947 @PRE009 0
13:26:08.949 @PRE010 200
13:26:08.951 @PRE001 20180824002
13:26:08.952 @PRE002 SD201804070001
13:26:08.954 @PRE003 001
13:26:08.955 @PRE004 JYLF01-DS
13:26:08.956 @PRE005 2018/8/27 0:00:00
13:26:08.957 @PRE006 2018/5/10 0:00:00
13:26:08.959 @PRE007 5000
13:26:08.960 @PRE008 200
13:26:08.961 @PRE009 0
13:26:08.962 @PRE010 200
13:26:08.964 @PRE001 20180824002
13:26:08.966 @PRE002 SD201804070001
13:26:08.967 @PRE003 001
13:26:08.968 @PRE004 JYLF01-DS
13:26:08.969 @PRE005 2018/8/28 0:00:00
13:26:08.971 @PRE006 2018/5/10 0:00:00
13:26:08.972 @PRE007 5000
13:26:08.974 @PRE008 200
13:26:08.975 @PRE009 0
13:26:08.976 @PRE010 200
13:26:08.978 @PRE001 20180824002
13:26:08.980 @PRE002 SD201804070001
13:26:08.981 @PRE003 001
13:26:08.982 @PRE004 JYLF01-DS
13:26:08.984 @PRE005 2018/8/29 0:00:00
13:26:08.985 @PRE006 2018/5/10 0:00:00
13:26:08.986 @PRE007 5000
13:26:08.987 @PRE008 200
13:26:08.988 @PRE009 0
13:26:08.990 @PRE010 200
13:26:08.992 @PRE001 20180824002
13:26:08.993 @PRE002 SD201804070001
13:26:08.995 @PRE003 001
13:26:08.996 @PRE004 JYLF01-DS
13:26:08.997 @PRE005 2018/8/30 0:00:00
13:26:08.999 @PRE006 2018/5/10 0:00:00
13:26:09.000 @PRE007 5000
13:26:09.001 @PRE008 200
13:26:09.003 @PRE009 0
13:26:09.004 @PRE010 200
13:26:09.006 @PRE001 20180824002
13:26:09.008 @PRE002 SD201804070001
13:26:09.009 @PRE003 001
13:26:09.010 @PRE004 JYLF01-DS
13:26:09.011 @PRE005 2018/8/31 0:00:00
13:26:09.013 @PRE006 2018/5/10 0:00:00
13:26:09.014 @PRE007 5000
13:26:09.015 @PRE008 200
13:26:09.016 @PRE009 0
13:26:09.017 @PRE010 200
13:26:09.020 @PRE001 20180824002
13:26:09.021 @PRE002 SD201804070001
13:26:09.022 @PRE003 001
13:26:09.024 @PRE004 JYLF01-DS
13:26:09.025 @PRE005 2018/9/1 0:00:00
13:26:09.026 @PRE006 2018/5/10 0:00:00
13:26:09.027 @PRE007 5000
13:26:09.028 @PRE008 200
13:26:09.030 @PRE009 0
13:26:09.031 @PRE010 200
13:26:09.033 @PRE001 20180824002
13:26:09.034 @PRE002 SD201804070001
13:26:09.035 @PRE003 001
13:26:09.037 @PRE004 JYLF01-DS
13:26:09.038 @PRE005 2018/9/2 0:00:00
13:26:09.039 @PRE006 2018/5/10 0:00:00
13:26:09.041 @PRE007 5000
13:26:09.042 @PRE008 200
13:26:09.043 @PRE009 0
13:26:09.044 @PRE010 200
13:26:09.047 @PRF001 JYLF01-DS
13:26:09.049 @PRF002 2018/9/2 0:00:00
13:26:09.050 @PRF003 200
13:26:09.053 @PRE001 20180824002
13:26:09.054 @PRE002 SD201804070001
13:26:09.055 @PRE003 001
13:26:09.057 @PRE004 JYLF01-DS
13:26:09.058 @PRE005 2018/9/3 0:00:00
13:26:09.059 @PRE006 2018/5/10 0:00:00
13:26:09.060 @PRE007 5000
13:26:09.061 @PRE008 200
13:26:09.063 @PRE009 0
13:26:09.064 @PRE010 200
13:26:09.066 @PRF001 JYLF01-DS
13:26:09.068 @PRF002 2018/9/3 0:00:00
13:26:09.069 @PRF003 200
13:26:09.071 @PRE001 20180824002
13:26:09.073 @PRE002 SD201804070001
13:26:09.074 @PRE003 001
13:26:09.075 @PRE004 JYLF01-DS
13:26:09.077 @PRE005 2018/9/4 0:00:00
13:26:09.078 @PRE006 2018/5/10 0:00:00
13:26:09.079 @PRE007 5000
13:26:09.080 @PRE008 200
13:26:09.081 @PRE009 0
13:26:09.083 @PRE010 200
13:26:09.085 @PRF001 JYLF01-DS
13:26:09.086 @PRF002 2018/9/4 0:00:00
13:26:09.087 @PRF003 200
13:26:09.090 @PRE001 20180824002
13:26:09.091 @PRE002 SD201804070001
13:26:09.092 @PRE003 001
13:26:09.094 @PRE004 JYLF01-DS
13:26:09.095 @PRE005 2018/9/5 0:00:00
13:26:09.096 @PRE006 2018/5/10 0:00:00
13:26:09.098 @PRE007 5000
13:26:09.099 @PRE008 200
13:26:09.100 @PRE009 0
13:26:09.102 @PRE010 200
13:26:09.104 @PRF001 JYLF01-DS
13:26:09.105 @PRF002 2018/9/5 0:00:00
13:26:09.106 @PRF003 200
13:26:09.109 @PRE001 20180824002
13:26:09.110 @PRE002 SD201804070001
13:26:09.111 @PRE003 001
13:26:09.113 @PRE004 JYLF01-DS
13:26:09.114 @PRE005 2018/9/6 0:00:00
13:26:09.115 @PRE006 2018/5/10 0:00:00
13:26:09.116 @PRE007 5000
13:26:09.117 @PRE008 200
13:26:09.119 @PRE009 0
13:26:09.120 @PRE010 200
13:26:09.122 @PRF001 JYLF01-DS
13:26:09.124 @PRF002 2018/9/6 0:00:00
13:26:09.125 @PRF003 200
13:26:09.127 @PRE001 20180824002
13:26:09.129 @PRE002 SD201804070001
13:26:09.130 @PRE003 001
13:26:09.131 @PRE004 JYLF01-DS
13:26:09.133 @PRE005 2018/9/7 0:00:00
13:26:09.134 @PRE006 2018/5/10 0:00:00
13:26:09.135 @PRE007 5000
13:26:09.136 @PRE008 200
13:26:09.137 @PRE009 0
13:26:09.139 @PRE010 200
13:26:09.141 @PRF001 JYLF01-DS
13:26:09.142 @PRF002 2018/9/7 0:00:00
13:26:09.144 @PRF003 200
13:26:09.146 @PRE001 20180824002
13:26:09.147 @PRE002 SD201804070001
13:26:09.149 @PRE003 001
13:26:09.150 @PRE004 JYLF01-DS
13:26:09.151 @PRE005 2018/9/8 0:00:00
13:26:09.153 @PRE006 2018/5/10 0:00:00
13:26:09.154 @PRE007 5000
13:26:09.155 @PRE008 200
13:26:09.156 @PRE009 0
13:26:09.157 @PRE010 200
13:26:09.160 @PRF001 JYLF01-DS
13:26:09.162 @PRF002 2018/9/8 0:00:00
13:26:09.163 @PRF003 200
13:26:09.165 @PRE001 20180824002
13:26:09.167 @PRE002 SD201804070001
13:26:09.168 @PRE003 001
13:26:09.169 @PRE004 JYLF01-DS
13:26:09.171 @PRE005 2018/9/9 0:00:00
13:26:09.172 @PRE006 2018/5/10 0:00:00
13:26:09.173 @PRE007 5000
13:26:09.174 @PRE008 200
13:26:09.175 @PRE009 0
13:26:09.177 @PRE010 200
13:26:09.179 @PRF001 JYLF01-DS
13:26:09.180 @PRF002 2018/9/9 0:00:00
13:26:09.182 @PRF003 200
13:26:09.184 @PRE001 20180824002
13:26:09.185 @PRE002 SD201804070001
13:26:09.186 @PRE003 001
13:26:09.188 @PRE004 JYLF01-DS
13:26:09.189 @PRE005 2018/9/10 0:00:00
13:26:09.190 @PRE006 2018/5/10 0:00:00
13:26:09.191 @PRE007 5000
13:26:09.193 @PRE008 200
13:26:09.194 @PRE009 0
13:26:09.195 @PRE010 200
13:26:09.197 @PRF001 JYLF01-DS
13:26:09.198 @PRF002 2018/9/10 0:00:00
13:26:09.200 @PRF003 200
13:26:09.202 @PRE001 20180824002
13:26:09.204 @PRE002 SD201804070001
13:26:09.205 @PRE003 001
13:26:09.206 @PRE004 JYLF01-DS
13:26:09.208 @PRE005 2018/9/11 0:00:00
13:26:09.209 @PRE006 2018/5/10 0:00:00
13:26:09.210 @PRE007 5000
13:26:09.211 @PRE008 200
13:26:09.213 @PRE009 0
13:26:09.214 @PRE010 200
13:26:09.216 @PRF001 JYLF01-DS
13:26:09.217 @PRF002 2018/9/11 0:00:00
13:26:09.219 @PRF003 200
13:26:09.222 @PRE001 20180824002
13:26:09.223 @PRE002 SD201804070001
13:26:09.225 @PRE003 001
13:26:09.226 @PRE004 JYLF01-DS
13:26:09.227 @PRE005 2018/9/12 0:00:00
13:26:09.228 @PRE006 2018/5/10 0:00:00
13:26:09.230 @PRE007 5000
13:26:09.231 @PRE008 200
13:26:09.232 @PRE009 0
13:26:09.233 @PRE010 200
13:26:09.235 @PRF001 JYLF01-DS
13:26:09.237 @PRF002 2018/9/12 0:00:00
13:26:09.238 @PRF003 200
13:26:09.240 @PRE001 20180824002
13:26:09.242 @PRE002 SD201804070001
13:26:09.243 @PRE003 001
13:26:09.244 @PRE004 JYLF01-DS
13:26:09.245 @PRE005 2018/9/13 0:00:00
13:26:09.246 @PRE006 2018/5/10 0:00:00
13:26:09.248 @PRE007 5000
13:26:09.249 @PRE008 200
13:26:09.250 @PRE009 0
13:26:09.251 @PRE010 200
13:26:09.256 @PRF001 JYLF01-DS
13:26:09.257 @PRF002 2018/9/13 0:00:00
13:26:09.259 @PRF003 200
13:26:09.261 @PRE001 20180824002
13:26:09.262 @PRE002 SD201804070001
13:26:09.264 @PRE003 001
13:26:09.265 @PRE004 JYLF01-DS
13:26:09.266 @PRE005 2018/9/14 0:00:00
13:26:09.267 @PRE006 2018/5/10 0:00:00
13:26:09.269 @PRE007 5000
13:26:09.270 @PRE008 200
13:26:09.271 @PRE009 0
13:26:09.272 @PRE010 200
13:26:09.275 @PRF001 JYLF01-DS
13:26:09.276 @PRF002 2018/9/14 0:00:00
13:26:09.277 @PRF003 200
13:26:09.280 @PRE001 20180824002
13:26:09.281 @PRE002 SD201804070001
13:26:09.282 @PRE003 001
13:26:09.284 @PRE004 JYLF01-DS
13:26:09.285 @PRE005 2018/9/15 0:00:00
13:26:09.286 @PRE006 2018/5/10 0:00:00
13:26:09.287 @PRE007 5000
13:26:09.288 @PRE008 200
13:26:09.290 @PRE009 0
13:26:09.291 @PRE010 200
13:26:09.293 @PRF001 JYLF01-DS
13:26:09.294 @PRF002 2018/9/15 0:00:00
13:26:09.296 @PRF003 200
13:26:09.298 @PRE001 20180824002
13:26:09.299 @PRE002 SD201804070001
13:26:09.301 @PRE003 001
13:26:09.302 @PRE004 JYLF01-DS
13:26:09.303 @PRE005 2018/9/16 0:00:00
13:26:09.304 @PRE006 2018/5/10 0:00:00
13:26:09.306 @PRE007 5000
13:26:09.307 @PRE008 200
13:26:09.308 @PRE009 0
13:26:09.310 @PRE010 200
13:26:09.312 @PRF001 JYLF01-DS
13:26:09.313 @PRF002 2018/9/16 0:00:00
13:26:09.314 @PRF003 200
13:26:09.316 @PRE001 20180824002
13:26:09.318 @PRE002 SD201804070001
13:26:09.319 @PRE003 001
13:26:09.320 @PRE004 JYLF01-DS
13:26:09.321 @PRE005 2018/9/17 0:00:00
13:26:09.323 @PRE006 2018/5/10 0:00:00
13:26:09.324 @PRE007 5000
13:26:09.325 @PRE008 200
13:26:09.326 @PRE009 0
13:26:09.327 @PRE010 200
13:26:09.329 @PRF001 JYLF01-DS
13:26:09.331 @PRF002 2018/9/17 0:00:00
13:26:09.332 @PRF003 200
14:46:10.272  异常信息：远程服务器返回错误: (404) 未找到。
  堆栈信息:   在 AutoUpdate.AppUpdate.DownloadFile(String url, String localFilePath) 位置 D:\ProjectData\MiKe\LineProductMes\LineProductMes\ClassForMain\AppUpdate.cs:行号 243
   在 AutoUpdate.AppUpdate.CheckAppVersion(String& msg) 位置 D:\ProjectData\MiKe\LineProductMes\LineProductMes\ClassForMain\AppUpdate.cs:行号 310
14:46:59.032 @EMP002 系统管理员
14:46:59.037 @EMP033 cebfd1559b68d67688884d7a3d3e8c
15:29:54.003  异常信息：远程服务器返回错误: (404) 未找到。
  堆栈信息:   在 AutoUpdate.AppUpdate.DownloadFile(String url, String localFilePath) 位置 D:\ProjectData\MiKe\LineProductMes\LineProductMes\ClassForMain\AppUpdate.cs:行号 243
   在 AutoUpdate.AppUpdate.CheckAppVersion(String& msg) 位置 D:\ProjectData\MiKe\LineProductMes\LineProductMes\ClassForMain\AppUpdate.cs:行号 310
15:29:59.210 @EMP002 系统管理员
15:29:59.212 @EMP033 cebfd1559b68d67688884d7a3d3e8c
15:30:47.350  异常信息：远程服务器返回错误: (404) 未找到。
  堆栈信息:   在 AutoUpdate.AppUpdate.DownloadFile(String url, String localFilePath) 位置 D:\ProjectData\MiKe\LineProductMes\LineProductMes\ClassForMain\AppUpdate.cs:行号 243
   在 AutoUpdate.AppUpdate.CheckAppVersion(String& msg) 位置 D:\ProjectData\MiKe\LineProductMes\LineProductMes\ClassForMain\AppUpdate.cs:行号 310
15:30:53.609 @EMP002 系统管理员
15:30:53.611 @EMP033 cebfd1559b68d67688884d7a3d3e8c
15:33:01.238  异常信息：远程服务器返回错误: (404) 未找到。
  堆栈信息:   在 AutoUpdate.AppUpdate.DownloadFile(String url, String localFilePath) 位置 D:\ProjectData\MiKe\LineProductMes\LineProductMes\ClassForMain\AppUpdate.cs:行号 243
   在 AutoUpdate.AppUpdate.CheckAppVersion(String& msg) 位置 D:\ProjectData\MiKe\LineProductMes\LineProductMes\ClassForMain\AppUpdate.cs:行号 310
15:33:06.232 @EMP002 系统管理员
15:33:06.234 @EMP033 cebfd1559b68d67688884d7a3d3e8c
15:34:27.101  异常信息：远程服务器返回错误: (404) 未找到。
  堆栈信息:   在 AutoUpdate.AppUpdate.DownloadFile(String url, String localFilePath) 位置 D:\ProjectData\MiKe\LineProductMes\LineProductMes\ClassForMain\AppUpdate.cs:行号 243
   在 AutoUpdate.AppUpdate.CheckAppVersion(String& msg) 位置 D:\ProjectData\MiKe\LineProductMes\LineProductMes\ClassForMain\AppUpdate.cs:行号 310
15:34:32.445 @EMP002 系统管理员
15:34:32.447 @EMP033 cebfd1559b68d67688884d7a3d3e8c
16:05:24.224  异常信息：远程服务器返回错误: (404) 未找到。
  堆栈信息:   在 AutoUpdate.AppUpdate.DownloadFile(String url, String localFilePath) 位置 D:\ProjectData\MiKe\LineProductMes\LineProductMes\ClassForMain\AppUpdate.cs:行号 243
   在 AutoUpdate.AppUpdate.CheckAppVersion(String& msg) 位置 D:\ProjectData\MiKe\LineProductMes\LineProductMes\ClassForMain\AppUpdate.cs:行号 310
16:05:30.339 @EMP002 系统管理员
16:05:30.341 @EMP033 cebfd1559b68d67688884d7a3d3e8c
