08:41:25.178  异常信息：由于连接方在一段时间后没有正确答复或连接的主机没有反应，连接尝试失败。 192.168.0.170:80
  堆栈信息:   在 AutoUpdate.AppUpdate.DownloadFile(String url, String localFilePath) 位置 D:\ProjectData\MiKe\LineProductMes\LineProductMes\ClassForMain\AppUpdate.cs:行号 239
   在 AutoUpdate.AppUpdate.CheckAppVersion(String& msg) 位置 D:\ProjectData\MiKe\LineProductMes\LineProductMes\ClassForMain\AppUpdate.cs:行号 310
08:41:30.331 @EMP002 系统管理员
08:41:30.333 @EMP033 cebfd1559b68d67688884d7a3d3e8c
08:43:41.374  异常信息：由于连接方在一段时间后没有正确答复或连接的主机没有反应，连接尝试失败。 192.168.0.170:80
  堆栈信息:   在 AutoUpdate.AppUpdate.DownloadFile(String url, String localFilePath) 位置 D:\ProjectData\MiKe\LineProductMes\LineProductMes\ClassForMain\AppUpdate.cs:行号 239
   在 AutoUpdate.AppUpdate.CheckAppVersion(String& msg) 位置 D:\ProjectData\MiKe\LineProductMes\LineProductMes\ClassForMain\AppUpdate.cs:行号 310
08:43:46.086 @EMP002 系统管理员
08:43:46.088 @EMP033 cebfd1559b68d67688884d7a3d3e8c
08:46:11.552 @HAW001 20180921001
08:46:11.553 @HAW002 GD201505060003
08:46:11.554 @HAW003 202111329
08:46:11.555 @HAW004 美的300LED面板外框
08:46:11.557 @HAW005 激光打码
08:46:11.558 @HAW006 PCS
08:46:11.560 @HAW007 204
08:46:11.561 @HAW008 0.087
08:46:11.562 @HAW009 0
08:46:11.563 @HAW010 2018/9/21 0:00:00
08:46:11.564 @HAW011 计件
08:46:11.565 @HAW012 0501
08:46:11.567 @HAW013 五金车间
08:46:11.568 @HAW014 0501
08:46:11.569 @HAW015 五金车间
08:46:11.570 @HAW016 
08:46:11.571 @HAW017 
08:46:11.572 @HAW018 False
08:46:11.574 @HAW019 False
08:46:11.575 @HAW020 0
08:46:11.576 @HAW021 0
08:46:11.581 @HAX001 20180921001
08:46:11.583 @HAX002 10002
08:46:11.584 @HAX003 吴征义
08:46:11.585 @HAX004 成品搬运工
08:46:11.587 @HAX005 1011
08:46:11.588 @HAX006 冲角
08:46:11.589 @HAX007 0.014
08:46:11.590 @HAX008 12
08:46:11.592 @HAX009 2018/9/21 8:00:00
08:46:11.595 @HAX010 2018/9/21 17:00:00
08:46:11.597 @HAX011 
08:46:11.598 @HAX012 
08:46:11.599 @HAX013 0
08:46:11.601 @HAX014 
08:46:11.602 @HAX015 在职
08:46:11.603 @HAX016 001
08:46:11.604 @HAX017 物流组
08:46:11.605 @HAX018 9
08:46:11.606 @HAX019 0
08:46:11.608 @HAX020 0.2
08:46:11.612 @HAX001 20180921001
08:46:11.613 @HAX002 10003
08:46:11.614 @HAX003 王世洪
08:46:11.615 @HAX004 成品搬运工
08:46:11.617 @HAX005 1008
08:46:11.618 @HAX006 成型
08:46:11.619 @HAX007 0.015
08:46:11.620 @HAX008 11
08:46:11.622 @HAX009 2018/9/21 8:00:00
08:46:11.623 @HAX010 2018/9/21 17:00:00
08:46:11.624 @HAX011 
08:46:11.625 @HAX012 
08:46:11.626 @HAX013 0
08:46:11.627 @HAX014 
08:46:11.629 @HAX015 在职
08:46:11.630 @HAX016 002
08:46:11.631 @HAX017 物流组
08:46:11.633 @HAX018 9
08:46:11.634 @HAX019 0
08:46:11.635 @HAX020 0.2
08:46:11.638 @HAX001 20180921001
08:46:11.639 @HAX002 10010
08:46:11.640 @HAX003 胡福林
08:46:11.642 @HAX004 发货员
08:46:11.643 @HAX005 1005
08:46:11.644 @HAX006 冲孔
08:46:11.645 @HAX007 0.03
08:46:11.647 @HAX008 10
08:46:11.648 @HAX009 2018/9/21 8:00:00
08:46:11.650 @HAX010 2018/9/21 17:00:00
08:46:11.651 @HAX011 
08:46:11.652 @HAX012 
08:46:11.653 @HAX013 0
08:46:11.654 @HAX014 
08:46:11.655 @HAX015 在职
08:46:11.657 @HAX016 003
08:46:11.658 @HAX017 物流组
08:46:11.659 @HAX018 9
08:46:11.661 @HAX019 0
08:46:11.662 @HAX020 0.3
08:46:11.666 @HAX001 20180921001
08:46:11.667 @HAX002 10024
08:46:11.669 @HAX003 李朝粉
08:46:11.670 @HAX004 装配工
08:46:11.671 @HAX005 1004
08:46:11.673 @HAX006 翻边
08:46:11.674 @HAX007 0.028
08:46:11.675 @HAX008 9
08:46:11.676 @HAX009 2018/9/21 8:00:00
08:46:11.678 @HAX010 2018/9/21 17:00:00
08:46:11.679 @HAX011 
08:46:11.680 @HAX012 
08:46:11.681 @HAX013 0
08:46:11.683 @HAX014 
08:46:11.684 @HAX015 在职
08:46:11.685 @HAX016 004
08:46:11.686 @HAX017 LED车间
08:46:11.688 @HAX018 9
08:46:11.689 @HAX019 0
08:46:11.690 @HAX020 0.3
08:48:39.130  异常信息：由于连接方在一段时间后没有正确答复或连接的主机没有反应，连接尝试失败。 192.168.0.170:80
  堆栈信息:   在 AutoUpdate.AppUpdate.DownloadFile(String url, String localFilePath) 位置 D:\ProjectData\MiKe\LineProductMes\LineProductMes\ClassForMain\AppUpdate.cs:行号 239
   在 AutoUpdate.AppUpdate.CheckAppVersion(String& msg) 位置 D:\ProjectData\MiKe\LineProductMes\LineProductMes\ClassForMain\AppUpdate.cs:行号 310
08:48:44.184 @EMP002 系统管理员
08:48:44.186 @EMP033 cebfd1559b68d67688884d7a3d3e8c
08:52:03.172  异常信息：由于连接方在一段时间后没有正确答复或连接的主机没有反应，连接尝试失败。 192.168.0.170:80
  堆栈信息:   在 AutoUpdate.AppUpdate.DownloadFile(String url, String localFilePath) 位置 D:\ProjectData\MiKe\LineProductMes\LineProductMes\ClassForMain\AppUpdate.cs:行号 239
   在 AutoUpdate.AppUpdate.CheckAppVersion(String& msg) 位置 D:\ProjectData\MiKe\LineProductMes\LineProductMes\ClassForMain\AppUpdate.cs:行号 310
08:52:07.649 @EMP002 系统管理员
08:52:07.652 @EMP033 cebfd1559b68d67688884d7a3d3e8c
08:54:47.951  异常信息：由于连接方在一段时间后没有正确答复或连接的主机没有反应，连接尝试失败。 192.168.0.170:80
  堆栈信息:   在 AutoUpdate.AppUpdate.DownloadFile(String url, String localFilePath) 位置 D:\ProjectData\MiKe\LineProductMes\LineProductMes\ClassForMain\AppUpdate.cs:行号 239
   在 AutoUpdate.AppUpdate.CheckAppVersion(String& msg) 位置 D:\ProjectData\MiKe\LineProductMes\LineProductMes\ClassForMain\AppUpdate.cs:行号 310
08:54:53.113 @EMP002 系统管理员
08:54:53.115 @EMP033 cebfd1559b68d67688884d7a3d3e8c
08:56:50.064  异常信息：由于连接方在一段时间后没有正确答复或连接的主机没有反应，连接尝试失败。 192.168.0.170:80
  堆栈信息:   在 AutoUpdate.AppUpdate.DownloadFile(String url, String localFilePath) 位置 D:\ProjectData\MiKe\LineProductMes\LineProductMes\ClassForMain\AppUpdate.cs:行号 239
   在 AutoUpdate.AppUpdate.CheckAppVersion(String& msg) 位置 D:\ProjectData\MiKe\LineProductMes\LineProductMes\ClassForMain\AppUpdate.cs:行号 310
08:56:54.624 @EMP002 系统管理员
08:56:54.628 @EMP033 cebfd1559b68d67688884d7a3d3e8c
09:01:47.432  异常信息：由于连接方在一段时间后没有正确答复或连接的主机没有反应，连接尝试失败。 192.168.0.170:80
  堆栈信息:   在 AutoUpdate.AppUpdate.DownloadFile(String url, String localFilePath) 位置 D:\ProjectData\MiKe\LineProductMes\LineProductMes\ClassForMain\AppUpdate.cs:行号 239
   在 AutoUpdate.AppUpdate.CheckAppVersion(String& msg) 位置 D:\ProjectData\MiKe\LineProductMes\LineProductMes\ClassForMain\AppUpdate.cs:行号 310
09:01:51.899 @EMP002 系统管理员
09:01:51.901 @EMP033 cebfd1559b68d67688884d7a3d3e8c
09:03:49.538  异常信息：由于连接方在一段时间后没有正确答复或连接的主机没有反应，连接尝试失败。 192.168.0.170:80
  堆栈信息:   在 AutoUpdate.AppUpdate.DownloadFile(String url, String localFilePath) 位置 D:\ProjectData\MiKe\LineProductMes\LineProductMes\ClassForMain\AppUpdate.cs:行号 239
   在 AutoUpdate.AppUpdate.CheckAppVersion(String& msg) 位置 D:\ProjectData\MiKe\LineProductMes\LineProductMes\ClassForMain\AppUpdate.cs:行号 310
09:03:54.626 @EMP002 系统管理员
09:03:54.629 @EMP033 cebfd1559b68d67688884d7a3d3e8c
09:41:54.399  异常信息：由于连接方在一段时间后没有正确答复或连接的主机没有反应，连接尝试失败。 192.168.0.170:80
  堆栈信息:   在 AutoUpdate.AppUpdate.DownloadFile(String url, String localFilePath) 位置 D:\ProjectData\MiKe\LineProductMes\LineProductMes\ClassForMain\AppUpdate.cs:行号 239
   在 AutoUpdate.AppUpdate.CheckAppVersion(String& msg) 位置 D:\ProjectData\MiKe\LineProductMes\LineProductMes\ClassForMain\AppUpdate.cs:行号 310
09:42:44.134 @EMP002 系统管理员
09:42:44.136 @EMP033 cebfd1559b68d67688884d7a3d3e8c
09:43:34.445 @HAW001 20180921002
09:43:34.447 @HAW002 GD201505050001
09:43:34.449 @HAW003 202101304
09:43:34.451 @HAW004 F01面板-冲压
09:43:34.452 @HAW005 300*300mm
09:43:34.454 @HAW006 PCS
09:43:34.456 @HAW007 3200
09:43:34.457 @HAW008 0.053
09:43:34.459 @HAW009 400
09:43:34.461 @HAW010 2018/9/21 0:00:00
09:43:34.462 @HAW011 计件
09:43:34.464 @HAW012 0501
09:43:34.466 @HAW013 五金车间
09:43:34.467 @HAW014 0501
09:43:34.469 @HAW015 五金车间
09:43:34.470 @HAW016 
09:43:34.472 @HAW017 
09:43:34.475 @HAW018 False
09:43:34.476 @HAW019 False
09:43:34.478 @HAW020 0
09:43:34.479 @HAW021 0
09:43:34.484 @HAX001 20180921002
09:43:34.485 @HAX002 10002
09:43:34.487 @HAX003 吴征义
09:43:34.488 @HAX004 成品搬运工
09:43:34.489 @HAX005 1011
09:43:34.490 @HAX006 冲角
09:43:34.491 @HAX007 0.014
09:43:34.492 @HAX008 1000
09:43:34.494 @HAX009 2018/9/21 8:00:00
09:43:34.495 @HAX010 2018/9/21 17:00:00
09:43:34.497 @HAX011 
09:43:34.498 @HAX012 
09:43:34.499 @HAX013 0
09:43:34.500 @HAX014 
09:43:34.501 @HAX015 在职
09:43:34.502 @HAX016 001
09:43:34.504 @HAX017 物流组
09:43:34.505 @HAX018 9
09:43:34.506 @HAX019 0
09:43:34.508 @HAX020 14.0
09:43:34.512 @HAX001 20180921002
09:43:34.514 @HAX002 10003
09:43:34.515 @HAX003 王世洪
09:43:34.516 @HAX004 成品搬运工
09:43:34.517 @HAX005 1008
09:43:34.519 @HAX006 成型
09:43:34.520 @HAX007 0.015
09:43:34.522 @HAX008 200
09:43:34.523 @HAX009 2018/9/21 8:00:00
09:43:34.524 @HAX010 2018/9/21 17:00:00
09:43:34.525 @HAX011 
09:43:34.526 @HAX012 
09:43:34.528 @HAX013 0
09:43:34.529 @HAX014 
09:43:34.530 @HAX015 在职
09:43:34.531 @HAX016 002
09:43:34.532 @HAX017 物流组
09:43:34.534 @HAX018 9
09:43:34.535 @HAX019 0
09:43:34.536 @HAX020 3.0
09:43:34.540 @HAX001 20180921002
09:43:34.541 @HAX002 10011
09:43:34.542 @HAX003 潘传慧
09:43:34.543 @HAX004 发货员
09:43:34.547 @HAX005 1005
09:43:34.548 @HAX006 冲孔
09:43:34.549 @HAX007 0.024
09:43:34.550 @HAX008 400
09:43:34.551 @HAX009 2018/9/21 8:00:00
09:43:34.552 @HAX010 2018/9/21 17:00:00
09:43:34.554 @HAX011 
09:43:34.555 @HAX012 
09:43:34.557 @HAX013 0
09:43:34.558 @HAX014 
09:43:34.560 @HAX015 在职
09:43:34.561 @HAX016 003
09:43:34.562 @HAX017 物流组
09:43:34.564 @HAX018 9
09:43:34.565 @HAX019 0
09:43:34.567 @HAX020 9.6
09:43:34.569 @HAX001 20180921002
09:43:34.570 @HAX002 10012
09:43:34.571 @HAX003 薛能有
09:43:34.572 @HAX004 发货员
09:43:34.573 @HAX005 1008
09:43:34.575 @HAX006 成型
09:43:34.576 @HAX007 0.015
09:43:34.578 @HAX008 300
09:43:34.579 @HAX009 2018/9/21 8:00:00
09:43:34.580 @HAX010 2018/9/21 17:00:00
09:43:34.582 @HAX011 
09:43:34.583 @HAX012 
09:43:34.584 @HAX013 0
09:43:34.585 @HAX014 
09:43:34.587 @HAX015 在职
09:43:34.588 @HAX016 002
09:43:34.589 @HAX017 物流组
09:43:34.590 @HAX018 9
09:43:34.591 @HAX019 0
09:43:34.593 @HAX020 4.5
09:46:45.217  异常信息：由于连接方在一段时间后没有正确答复或连接的主机没有反应，连接尝试失败。 192.168.0.170:80
  堆栈信息:   在 AutoUpdate.AppUpdate.DownloadFile(String url, String localFilePath) 位置 D:\ProjectData\MiKe\LineProductMes\LineProductMes\ClassForMain\AppUpdate.cs:行号 239
   在 AutoUpdate.AppUpdate.CheckAppVersion(String& msg) 位置 D:\ProjectData\MiKe\LineProductMes\LineProductMes\ClassForMain\AppUpdate.cs:行号 310
09:47:48.940 @EMP002 系统管理员
09:47:48.943 @EMP033 cebfd1559b68d67688884d7a3d3e8c
09:50:32.585  异常信息：由于连接方在一段时间后没有正确答复或连接的主机没有反应，连接尝试失败。 192.168.0.170:80
  堆栈信息:   在 AutoUpdate.AppUpdate.DownloadFile(String url, String localFilePath) 位置 D:\ProjectData\MiKe\LineProductMes\LineProductMes\ClassForMain\AppUpdate.cs:行号 239
   在 AutoUpdate.AppUpdate.CheckAppVersion(String& msg) 位置 D:\ProjectData\MiKe\LineProductMes\LineProductMes\ClassForMain\AppUpdate.cs:行号 310
09:51:00.661 @EMP002 系统管理员
09:51:00.663 @EMP033 cebfd1559b68d67688884d7a3d3e8c
09:55:30.234  异常信息：由于连接方在一段时间后没有正确答复或连接的主机没有反应，连接尝试失败。 192.168.0.170:80
  堆栈信息:   在 AutoUpdate.AppUpdate.DownloadFile(String url, String localFilePath) 位置 D:\ProjectData\MiKe\LineProductMes\LineProductMes\ClassForMain\AppUpdate.cs:行号 239
   在 AutoUpdate.AppUpdate.CheckAppVersion(String& msg) 位置 D:\ProjectData\MiKe\LineProductMes\LineProductMes\ClassForMain\AppUpdate.cs:行号 310
09:55:34.914 @EMP002 系统管理员
09:55:34.917 @EMP033 cebfd1559b68d67688884d7a3d3e8c
09:59:05.088  异常信息：由于连接方在一段时间后没有正确答复或连接的主机没有反应，连接尝试失败。 192.168.0.170:80
  堆栈信息:   在 AutoUpdate.AppUpdate.DownloadFile(String url, String localFilePath) 位置 D:\ProjectData\MiKe\LineProductMes\LineProductMes\ClassForMain\AppUpdate.cs:行号 239
   在 AutoUpdate.AppUpdate.CheckAppVersion(String& msg) 位置 D:\ProjectData\MiKe\LineProductMes\LineProductMes\ClassForMain\AppUpdate.cs:行号 310
09:59:11.398 @EMP002 系统管理员
09:59:11.400 @EMP033 cebfd1559b68d67688884d7a3d3e8c
10:01:53.073  异常信息：由于连接方在一段时间后没有正确答复或连接的主机没有反应，连接尝试失败。 192.168.0.170:80
  堆栈信息:   在 AutoUpdate.AppUpdate.DownloadFile(String url, String localFilePath) 位置 D:\ProjectData\MiKe\LineProductMes\LineProductMes\ClassForMain\AppUpdate.cs:行号 239
   在 AutoUpdate.AppUpdate.CheckAppVersion(String& msg) 位置 D:\ProjectData\MiKe\LineProductMes\LineProductMes\ClassForMain\AppUpdate.cs:行号 310
10:01:59.586 @EMP002 系统管理员
10:01:59.589 @EMP033 cebfd1559b68d67688884d7a3d3e8c
10:03:06.553 @HAW001 20180921001
10:03:06.554 @HAW002 GD201505030014
10:03:06.556 @HAW003 202101304
10:03:06.557 @HAW004 F01面板-冲压
10:03:06.558 @HAW005 300*300mm
10:03:06.559 @HAW006 PCS
10:03:06.561 @HAW007 2000
10:03:06.562 @HAW008 0.053
10:03:06.564 @HAW009 200
10:03:06.565 @HAW010 2018/9/21 0:00:00
10:03:06.567 @HAW011 计件
10:03:06.569 @HAW012 0501
10:03:06.570 @HAW013 五金车间
10:03:06.572 @HAW014 0501
10:03:06.573 @HAW015 五金车间
10:03:06.575 @HAW016 
10:03:06.576 @HAW017 
10:03:06.577 @HAW018 False
10:03:06.579 @HAW019 False
10:03:06.580 @HAW020 0
10:03:06.582 @HAW021 0
10:03:06.584 @HAX001 20180921001
10:03:06.585 @HAX002 10002
10:03:06.586 @HAX003 吴征义
10:03:06.588 @HAX004 成品搬运工
10:03:06.589 @HAX005 1011
10:03:06.591 @HAX006 冲角
10:03:06.592 @HAX007 0.014
10:03:06.593 @HAX008 100
10:03:06.595 @HAX009 2018/9/21 8:00:00
10:03:06.596 @HAX010 2018/9/21 17:00:00
10:03:06.597 @HAX011 
10:03:06.599 @HAX012 
10:03:06.600 @HAX013 0
10:03:06.601 @HAX014 
10:03:06.602 @HAX015 在职
10:03:06.603 @HAX016 001
10:03:06.605 @HAX017 物流组
10:03:06.606 @HAX018 9
10:03:06.607 @HAX019 0
10:03:06.608 @HAX020 1.4
10:03:06.610 @HAX001 20180921001
10:03:06.612 @HAX002 10003
10:03:06.613 @HAX003 王世洪
10:03:06.615 @HAX004 成品搬运工
10:03:06.616 @HAX005 1008
10:03:06.617 @HAX006 成型
10:03:06.618 @HAX007 0.015
10:03:06.620 @HAX008 300
10:03:06.621 @HAX009 2018/9/21 8:00:00
10:03:06.622 @HAX010 2018/9/21 17:00:00
10:03:06.624 @HAX011 
10:03:06.625 @HAX012 
10:03:06.626 @HAX013 0
10:03:06.628 @HAX014 
10:03:06.629 @HAX015 在职
10:03:06.630 @HAX016 002
10:03:06.631 @HAX017 物流组
10:03:06.633 @HAX018 9
10:03:06.637 @HAX019 0
10:03:06.639 @HAX020 4.5
10:03:06.642 @HAX001 20180921001
10:03:06.643 @HAX002 10004
10:03:06.644 @HAX003 李守军
10:03:06.646 @HAX004 成品搬运工
10:03:06.647 @HAX005 1005
10:03:06.648 @HAX006 冲孔
10:03:06.649 @HAX007 0.024
10:03:06.651 @HAX008 200
10:03:06.652 @HAX009 2018/9/21 8:00:00
10:03:06.654 @HAX010 2018/9/21 17:00:00
10:03:06.655 @HAX011 
10:03:06.657 @HAX012 
10:03:06.659 @HAX013 0
10:03:06.660 @HAX014 
10:03:06.661 @HAX015 在职
10:03:06.662 @HAX016 003
10:03:06.664 @HAX017 物流组
10:03:06.665 @HAX018 9
10:03:06.666 @HAX019 0
10:03:06.667 @HAX020 4.8
10:03:06.669 @HAX001 20180921001
10:03:06.671 @HAX002 10005
10:03:06.672 @HAX003 陈波
10:03:06.673 @HAX004 成品搬运工
10:03:06.674 @HAX005 1011
10:03:06.675 @HAX006 冲角
10:03:06.677 @HAX007 0.014
10:03:06.678 @HAX008 300
10:03:06.680 @HAX009 2018/9/21 8:00:00
10:03:06.681 @HAX010 2018/9/21 17:00:00
10:03:06.682 @HAX011 
10:03:06.683 @HAX012 
10:03:06.684 @HAX013 0
10:03:06.685 @HAX014 
10:03:06.687 @HAX015 在职
10:03:06.688 @HAX016 001
10:03:06.689 @HAX017 物流组
10:03:06.690 @HAX018 9
10:03:06.692 @HAX019 0
10:03:06.693 @HAX020 4.2
10:03:47.773 @HAW001 20180921002
10:03:47.777 @HAW002 GD201505030014
10:03:47.779 @HAW003 202101304
10:03:47.782 @HAW004 F01面板-冲压
10:03:47.784 @HAW005 300*300mm
10:03:47.787 @HAW006 PCS
10:03:47.789 @HAW007 2000
10:03:47.791 @HAW008 0.053
10:03:47.792 @HAW009 250
10:03:47.794 @HAW010 2018/9/21 0:00:00
10:03:47.795 @HAW011 计件
10:03:47.796 @HAW012 0501
10:03:47.798 @HAW013 五金车间
10:03:47.799 @HAW014 0501
10:03:47.800 @HAW015 五金车间
10:03:47.801 @HAW016 
10:03:47.803 @HAW017 
10:03:47.804 @HAW018 False
10:03:47.805 @HAW019 False
10:03:47.806 @HAW020 0
10:03:47.807 @HAW021 0
10:03:47.810 @HAX001 20180921002
10:03:47.811 @HAX002 10002
10:03:47.812 @HAX003 吴征义
10:03:47.814 @HAX004 成品搬运工
10:03:47.815 @HAX005 1011
10:03:47.816 @HAX006 冲角
10:03:47.818 @HAX007 0.014
10:03:47.819 @HAX008 200
10:03:47.820 @HAX009 2018/9/21 8:00:00
10:03:47.821 @HAX010 2018/9/21 17:00:00
10:03:47.823 @HAX011 
10:03:47.824 @HAX012 
10:03:47.826 @HAX013 0
10:03:47.827 @HAX014 
10:03:47.828 @HAX015 在职
10:03:47.829 @HAX016 001
10:03:47.830 @HAX017 物流组
10:03:47.831 @HAX018 9
10:03:47.833 @HAX019 0
10:03:47.834 @HAX020 2.8
10:03:47.836 @HAX001 20180921002
10:03:47.837 @HAX002 10003
10:03:47.838 @HAX003 王世洪
10:03:47.839 @HAX004 成品搬运工
10:03:47.841 @HAX005 1008
10:03:47.842 @HAX006 成型
10:03:47.844 @HAX007 0.015
10:03:47.845 @HAX008 300
10:03:47.846 @HAX009 2018/9/21 8:00:00
10:03:47.847 @HAX010 2018/9/21 17:00:00
10:03:47.848 @HAX011 
10:03:47.849 @HAX012 
10:03:47.851 @HAX013 0
10:03:47.852 @HAX014 
10:03:47.853 @HAX015 在职
10:03:47.854 @HAX016 002
10:03:47.856 @HAX017 物流组
10:03:47.857 @HAX018 9
10:03:47.859 @HAX019 0
10:03:47.860 @HAX020 4.5
10:03:47.862 @HAX001 20180921002
10:03:47.863 @HAX002 10010
10:03:47.865 @HAX003 胡福林
10:03:47.868 @HAX004 发货员
10:03:47.870 @HAX005 1005
10:03:47.871 @HAX006 冲孔
10:03:47.872 @HAX007 0.024
10:03:47.873 @HAX008 250
10:03:47.875 @HAX009 2018/9/21 8:00:00
10:03:47.877 @HAX010 2018/9/21 17:00:00
10:03:47.878 @HAX011 
10:03:47.879 @HAX012 
10:03:47.881 @HAX013 0
10:03:47.882 @HAX014 
10:03:47.883 @HAX015 在职
10:03:47.884 @HAX016 003
10:03:47.885 @HAX017 物流组
10:03:47.887 @HAX018 9
10:03:47.888 @HAX019 0
10:03:47.890 @HAX020 6.0
10:03:47.892 @HAX001 20180921002
10:03:47.894 @HAX002 10009
10:03:47.895 @HAX003 张之峰
10:03:47.896 @HAX004 发货员
10:03:47.897 @HAX005 1011
10:03:47.899 @HAX006 冲角
10:03:47.900 @HAX007 0.014
10:03:47.901 @HAX008 300
10:03:47.903 @HAX009 2018/9/21 8:00:00
10:03:47.904 @HAX010 2018/9/21 17:00:00
10:03:47.905 @HAX011 
10:03:47.907 @HAX012 
10:03:47.908 @HAX013 0
10:03:47.909 @HAX014 
10:03:47.910 @HAX015 在职
10:03:47.911 @HAX016 001
10:03:47.912 @HAX017 物流组
10:03:47.914 @HAX018 9
10:03:47.915 @HAX019 0
10:03:47.916 @HAX020 4.2
10:04:52.758 @HAW001 20180921003
10:04:52.760 @HAW002 GD201505030014
10:04:52.762 @HAW003 202101304
10:04:52.764 @HAW004 F01面板-冲压
10:04:52.766 @HAW005 300*300mm
10:04:52.768 @HAW006 PCS
10:04:52.770 @HAW007 2000
10:04:52.772 @HAW008 0.053
10:04:52.773 @HAW009 800
10:04:52.774 @HAW010 2018/9/21 0:00:00
10:04:52.775 @HAW011 计件
10:04:52.776 @HAW012 0501
10:04:52.777 @HAW013 五金车间
10:04:52.779 @HAW014 0501
10:04:52.780 @HAW015 五金车间
10:04:52.781 @HAW016 
10:04:52.782 @HAW017 
10:04:52.784 @HAW018 False
10:04:52.785 @HAW019 False
10:04:52.786 @HAW020 0
10:04:52.787 @HAW021 0
10:04:52.790 @HAX001 20180921003
10:04:52.791 @HAX002 10002
10:04:52.792 @HAX003 吴征义
10:04:52.794 @HAX004 成品搬运工
10:04:52.795 @HAX005 1011
10:04:52.796 @HAX006 冲角
10:04:52.797 @HAX007 0.014
10:04:52.798 @HAX008 1000
10:04:52.799 @HAX009 2018/9/21 8:00:00
10:04:52.800 @HAX010 2018/9/21 17:00:00
10:04:52.802 @HAX011 
10:04:52.804 @HAX012 
10:04:52.805 @HAX013 0
10:04:52.806 @HAX014 
10:04:52.807 @HAX015 在职
10:04:52.809 @HAX016 001
10:04:52.810 @HAX017 物流组
10:04:52.811 @HAX018 9
10:04:52.812 @HAX019 0
10:04:52.814 @HAX020 14.0
10:04:52.817 @HAX001 20180921003
10:04:52.818 @HAX002 10007
10:04:52.819 @HAX003 朱志波
10:04:52.821 @HAX004 成品搬运工
10:04:52.822 @HAX005 1008
10:04:52.823 @HAX006 成型
10:04:52.824 @HAX007 0.015
10:04:52.825 @HAX008 900
10:04:52.826 @HAX009 2018/9/21 8:00:00
10:04:52.828 @HAX010 2018/9/21 17:00:00
10:04:52.831 @HAX011 
10:04:52.832 @HAX012 
10:04:52.833 @HAX013 0
10:04:52.834 @HAX014 
10:04:52.836 @HAX015 在职
10:04:52.837 @HAX016 002
10:04:52.838 @HAX017 物流组
10:04:52.839 @HAX018 9
10:04:52.841 @HAX019 0
10:04:52.842 @HAX020 13.5
10:04:52.844 @HAX001 20180921003
10:04:52.846 @HAX002 10021
10:04:52.847 @HAX003 彭顺艳
10:04:52.848 @HAX004 装配工
10:04:52.849 @HAX005 1005
10:04:52.851 @HAX006 冲孔
10:04:52.852 @HAX007 0.024
10:04:52.854 @HAX008 800
10:04:52.855 @HAX009 2018/9/21 8:00:00
10:04:52.856 @HAX010 2018/9/21 17:00:00
10:04:52.857 @HAX011 
10:04:52.858 @HAX012 
10:04:52.859 @HAX013 0
10:04:52.861 @HAX014 
10:04:52.862 @HAX015 在职
10:04:52.864 @HAX016 003
10:04:52.865 @HAX017 LED车间
10:04:52.866 @HAX018 9
10:04:52.867 @HAX019 0
10:04:52.869 @HAX020 19.2
10:04:52.871 @HAX001 20180921003
10:04:52.872 @HAX002 10026
10:04:52.874 @HAX003 平单单
10:04:52.875 @HAX004 装配工
10:04:52.876 @HAX005 1008
10:04:52.878 @HAX006 成型
10:04:52.879 @HAX007 0.015
10:04:52.881 @HAX008 100
10:04:52.882 @HAX009 2018/9/21 8:00:00
10:04:52.883 @HAX010 2018/9/21 17:00:00
10:04:52.884 @HAX011 
10:04:52.885 @HAX012 
10:04:52.886 @HAX013 0
10:04:52.888 @HAX014 
10:04:52.889 @HAX015 在职
10:04:52.890 @HAX016 002
10:04:52.891 @HAX017 LED车间
10:04:52.892 @HAX018 9
10:04:52.893 @HAX019 0
10:04:52.895 @HAX020 1.5
10:05:27.538 @HAW001 20180921004
10:05:27.540 @HAW002 GD201505030014
10:05:27.541 @HAW003 202101304
10:05:27.543 @HAW004 F01面板-冲压
10:05:27.544 @HAW005 300*300mm
10:05:27.545 @HAW006 PCS
10:05:27.546 @HAW007 2000
10:05:27.547 @HAW008 0.053
10:05:27.549 @HAW009 750
10:05:27.550 @HAW010 2018/9/21 0:00:00
10:05:27.551 @HAW011 计件
10:05:27.552 @HAW012 0501
10:05:27.553 @HAW013 五金车间
10:05:27.555 @HAW014 0501
10:05:27.556 @HAW015 五金车间
10:05:27.557 @HAW016 
10:05:27.558 @HAW017 
10:05:27.560 @HAW018 False
10:05:27.561 @HAW019 False
10:05:27.562 @HAW020 0
10:05:27.563 @HAW021 0
10:05:27.568 @HAX001 20180921004
10:05:27.570 @HAX002 10002
10:05:27.571 @HAX003 吴征义
10:05:27.573 @HAX004 成品搬运工
10:05:27.575 @HAX005 1011
10:05:27.576 @HAX006 冲角
10:05:27.578 @HAX007 0.014
10:05:27.580 @HAX008 100
10:05:27.581 @HAX009 2018/9/21 8:00:00
10:05:27.583 @HAX010 2018/9/21 17:00:00
10:05:27.585 @HAX011 
10:05:27.586 @HAX012 
10:05:27.588 @HAX013 0
10:05:27.589 @HAX014 
10:05:27.591 @HAX015 在职
10:05:27.593 @HAX016 001
10:05:27.594 @HAX017 物流组
10:05:27.595 @HAX018 9
10:05:27.597 @HAX019 0
10:05:27.598 @HAX020 1.4
10:05:27.601 @HAX001 20180921004
10:05:27.603 @HAX002 10003
10:05:27.605 @HAX003 王世洪
10:05:27.606 @HAX004 成品搬运工
10:05:27.608 @HAX005 1008
10:05:27.609 @HAX006 成型
10:05:27.611 @HAX007 0.015
10:05:27.613 @HAX008 400
10:05:27.614 @HAX009 2018/9/21 8:00:00
10:05:27.616 @HAX010 2018/9/21 17:00:00
10:05:27.617 @HAX011 
10:05:27.621 @HAX012 
10:05:27.622 @HAX013 0
10:05:27.624 @HAX014 
10:05:27.625 @HAX015 在职
10:05:27.627 @HAX016 002
10:05:27.628 @HAX017 物流组
10:05:27.630 @HAX018 9
10:05:27.631 @HAX019 0
10:05:27.633 @HAX020 6.0
10:05:27.636 @HAX001 20180921004
10:05:27.638 @HAX002 10020
10:05:27.639 @HAX003 薛能米
10:05:27.641 @HAX004 装配工
10:05:27.643 @HAX005 1005
10:05:27.644 @HAX006 冲孔
10:05:27.646 @HAX007 0.024
10:05:27.647 @HAX008 750
10:05:27.649 @HAX009 2018/9/21 8:00:00
10:05:27.651 @HAX010 2018/9/21 17:00:00
10:05:27.653 @HAX011 
10:05:27.655 @HAX012 
10:05:27.656 @HAX013 0
10:05:27.658 @HAX014 
10:05:27.660 @HAX015 在职
10:05:27.661 @HAX016 003
10:05:27.663 @HAX017 LED车间
10:05:27.665 @HAX018 9
10:05:27.666 @HAX019 0
10:05:27.668 @HAX020 18.0
10:05:27.672 @HAX001 20180921004
10:05:27.673 @HAX002 10004
10:05:27.675 @HAX003 李守军
10:05:27.676 @HAX004 成品搬运工
10:05:27.678 @HAX005 1011
10:05:27.679 @HAX006 冲角
10:05:27.681 @HAX007 0.014
10:05:27.683 @HAX008 0
10:05:27.684 @HAX009 2018/9/21 8:00:00
10:05:27.686 @HAX010 2018/9/21 17:00:00
10:05:27.687 @HAX011 
10:05:27.689 @HAX012 
10:05:27.690 @HAX013 0
10:05:27.692 @HAX014 
10:05:27.693 @HAX015 在职
10:05:27.695 @HAX016 001
10:05:27.696 @HAX017 物流组
10:05:27.697 @HAX018 9
10:05:27.699 @HAX019 0
10:05:27.701 @HAX020 0.0
10:07:43.521  异常信息：由于连接方在一段时间后没有正确答复或连接的主机没有反应，连接尝试失败。 192.168.0.170:80
  堆栈信息:   在 AutoUpdate.AppUpdate.DownloadFile(String url, String localFilePath) 位置 D:\ProjectData\MiKe\LineProductMes\LineProductMes\ClassForMain\AppUpdate.cs:行号 239
   在 AutoUpdate.AppUpdate.CheckAppVersion(String& msg) 位置 D:\ProjectData\MiKe\LineProductMes\LineProductMes\ClassForMain\AppUpdate.cs:行号 310
10:07:50.077 @EMP002 系统管理员
10:07:50.079 @EMP033 cebfd1559b68d67688884d7a3d3e8c
10:12:56.886  异常信息：由于连接方在一段时间后没有正确答复或连接的主机没有反应，连接尝试失败。 192.168.0.170:80
  堆栈信息:   在 AutoUpdate.AppUpdate.DownloadFile(String url, String localFilePath) 位置 D:\ProjectData\MiKe\LineProductMes\LineProductMes\ClassForMain\AppUpdate.cs:行号 239
   在 AutoUpdate.AppUpdate.CheckAppVersion(String& msg) 位置 D:\ProjectData\MiKe\LineProductMes\LineProductMes\ClassForMain\AppUpdate.cs:行号 310
10:13:03.095 @EMP002 系统管理员
10:13:03.098 @EMP033 f37584c99e7fd4f4f8c59550f8f57
10:13:05.699 @EMP002 系统管理员
10:13:05.701 @EMP033 cebfd1559b68d67688884d7a3d3e8c
15:39:51.880  异常信息：由于连接方在一段时间后没有正确答复或连接的主机没有反应，连接尝试失败。 192.168.0.170:80
  堆栈信息:   在 AutoUpdate.AppUpdate.DownloadFile(String url, String localFilePath) 位置 D:\ProjectData\MiKe\LineProductMes\LineProductMes\ClassForMain\AppUpdate.cs:行号 239
   在 AutoUpdate.AppUpdate.CheckAppVersion(String& msg) 位置 D:\ProjectData\MiKe\LineProductMes\LineProductMes\ClassForMain\AppUpdate.cs:行号 310
15:40:14.490 @EMP002 系统管理员
15:40:14.492 @EMP033 cebfd1559b68d67688884d7a3d3e8c
15:42:27.994 @IJA001 20180921001
15:42:27.996 @IJA002 计件
15:42:27.997 @IJA003 0502
15:42:27.999 @IJA004 注塑车间
15:42:28.000 @IJA005 0502
15:42:28.001 @IJA006 注塑车间
15:42:28.002 @IJA007 2018/9/21 0:00:00
15:42:28.003 @IJA008 
15:42:28.005 @IJA009 
15:42:28.006 @IJA010 False
15:42:28.007 @IJA011 False
15:42:28.008 @IJA012 0
15:42:28.010 @IJA013 0
15:42:28.014 @IJB001 20180921001
15:42:28.015 @IJB002 10002
15:42:28.016 @IJB003 在职
15:42:28.017 @IJB004 GD201502090034
15:42:28.019 @IJB005 201211243
15:42:28.020 @IJB006 暖风机压线板
15:42:28.021 @IJB007 24.5*9.5*5mm
15:42:28.023 @IJB008 PCS
15:42:28.025 @IJB009 0.15
15:42:28.027 @IJB010 300
15:42:28.029 @IJB011 0.15
15:42:28.030 @IJB012 吴征义
15:42:28.032 @IJB013 成品搬运工
15:42:28.033 @IJB014 全自动
15:42:28.034 @IJB015 200
15:42:28.035 @IJB016 2018/9/21 8:00:00
15:42:28.037 @IJB017 2018/9/21 17:00:00
15:42:28.038 @IJB018 2018/9/21 0:00:00
15:42:28.040 @IJB019 2018/9/21 2:00:00
15:42:28.042 @IJB020 12
15:42:28.044 @IJB021 
15:42:28.045 @IJB022 物流组
15:42:28.046 @IJB023 2
15:42:28.048 @IJB024 9
15:42:28.049 @IJB025 54.0
15:42:28.054 @IJB001 20180921001
15:42:28.055 @IJB002 10003
15:42:28.057 @IJB003 在职
15:42:28.058 @IJB004 GD201502090034
15:42:28.060 @IJB005 201211243
15:42:28.062 @IJB006 暖风机压线板
15:42:28.064 @IJB007 24.5*9.5*5mm
15:42:28.065 @IJB008 PCS
15:42:28.067 @IJB009 0.15
15:42:28.068 @IJB010 300
15:42:28.069 @IJB011 0.15
15:42:28.071 @IJB012 王世洪
15:42:28.072 @IJB013 成品搬运工
15:42:28.073 @IJB014 半自动
15:42:28.074 @IJB015 100
15:42:28.075 @IJB016 2018/9/21 8:00:00
15:42:28.076 @IJB017 2018/9/21 17:00:00
15:42:28.078 @IJB018 
15:42:28.080 @IJB019 
15:42:28.082 @IJB020 0
15:42:28.084 @IJB021 
15:42:28.086 @IJB022 物流组
15:42:28.088 @IJB023 0
15:42:28.090 @IJB024 9
15:42:28.091 @IJB025 15.0
15:42:35.524 @IJA001 20180921001
15:42:35.526 @IJA010 True
15:45:46.855  异常信息：由于连接方在一段时间后没有正确答复或连接的主机没有反应，连接尝试失败。 192.168.0.170:80
  堆栈信息:   在 AutoUpdate.AppUpdate.DownloadFile(String url, String localFilePath) 位置 D:\ProjectData\MiKe\LineProductMes\LineProductMes\ClassForMain\AppUpdate.cs:行号 239
   在 AutoUpdate.AppUpdate.CheckAppVersion(String& msg) 位置 D:\ProjectData\MiKe\LineProductMes\LineProductMes\ClassForMain\AppUpdate.cs:行号 310
15:48:44.558 @EMP002 系统管理员
15:48:44.560 @EMP033 cebfd1559b68d67688884d7a3d3e8c
15:48:58.471 @IJA001 20180825001
15:48:58.473 @IJA010 False
15:49:14.134 @IJA001 20180907001
15:49:14.137 @IJA010 False
15:49:25.090 @IJA001 20180921001
15:49:25.092 @IJA010 False
15:50:01.232 @IJA001 20180921001
15:50:01.234 @IJA002 计件
15:50:01.235 @IJA003 0502
15:50:01.237 @IJA004 注塑车间
15:50:01.239 @IJA005 0502
15:50:01.240 @IJA006 注塑车间
15:50:01.242 @IJA007 2018/9/21 0:00:00
15:50:01.244 @IJA008 
15:50:01.245 @IJA009 
15:50:01.247 @IJA010 False
15:50:01.248 @IJA011 False
15:50:01.250 @IJA012 0
15:50:01.251 @IJA013 0
15:50:01.254 @IJB001 20180921001
15:50:01.256 @IJB002 10002
15:50:01.257 @IJB003 在职
15:50:01.258 @IJB004 GD201502090034
15:50:01.259 @IJB005 201211243
15:50:01.261 @IJB006 暖风机压线板
15:50:01.262 @IJB007 24.5*9.5*5mm
15:50:01.264 @IJB008 PCS
15:50:01.265 @IJB009 0.15
15:50:01.266 @IJB010 300
15:50:01.268 @IJB011 0.15
15:50:01.270 @IJB012 吴征义
15:50:01.271 @IJB013 成品搬运工
15:50:01.273 @IJB014 半自动
15:50:01.274 @IJB015 100
15:50:01.276 @IJB016 2018/9/21 8:00:00
15:50:01.278 @IJB017 2018/9/21 17:00:00
15:50:01.279 @IJB018 
15:50:01.280 @IJB019 
15:50:01.281 @IJB020 0
15:50:01.283 @IJB021 
15:50:01.284 @IJB022 物流组
15:50:01.286 @IJB023 0
15:50:01.287 @IJB024 9
15:50:01.288 @IJB025 15.0
15:50:01.293 @IJB001 20180921001
15:50:01.294 @IJB002 10003
15:50:01.296 @IJB003 在职
15:50:01.297 @IJB004 GD201502090034
15:50:01.298 @IJB005 201211243
15:50:01.299 @IJB006 暖风机压线板
15:50:01.300 @IJB007 24.5*9.5*5mm
15:50:01.301 @IJB008 PCS
15:50:01.303 @IJB009 0.15
15:50:01.304 @IJB010 300
15:50:01.305 @IJB011 0.15
15:50:01.307 @IJB012 王世洪
15:50:01.308 @IJB013 成品搬运工
15:50:01.310 @IJB014 半自动
15:50:01.312 @IJB015 50
15:50:01.313 @IJB016 2018/9/21 8:00:00
15:50:01.315 @IJB017 2018/9/21 17:00:00
15:50:01.316 @IJB018 
15:50:01.318 @IJB019 
15:50:01.319 @IJB020 0
15:50:01.320 @IJB021 
15:50:01.322 @IJB022 物流组
15:50:01.325 @IJB023 0
15:50:01.327 @IJB024 9
15:50:01.331 @IJB025 7.5
15:51:17.242 @IJA001 20180921002
15:51:17.244 @IJA002 计件
15:51:17.247 @IJA003 0502
15:51:17.249 @IJA004 注塑车间
15:51:17.251 @IJA005 0502
15:51:17.252 @IJA006 注塑车间
15:51:17.253 @IJA007 2018/9/21 0:00:00
15:51:17.254 @IJA008 
15:51:17.256 @IJA009 
15:51:17.257 @IJA010 False
15:51:17.258 @IJA011 False
15:51:17.259 @IJA012 0
15:51:17.260 @IJA013 0
15:51:17.263 @IJB001 20180921002
15:51:17.264 @IJB002 10005
15:51:17.266 @IJB003 在职
15:51:17.268 @IJB004 GD201502090034
15:51:17.269 @IJB005 201211243
15:51:17.270 @IJB006 暖风机压线板
15:51:17.271 @IJB007 24.5*9.5*5mm
15:51:17.272 @IJB008 PCS
15:51:17.273 @IJB009 0.15
15:51:17.275 @IJB010 300
15:51:17.276 @IJB011 0.15
15:51:17.277 @IJB012 陈波
15:51:17.278 @IJB013 成品搬运工
15:51:17.279 @IJB014 半自动
15:51:17.280 @IJB015 50
15:51:17.282 @IJB016 2018/9/21 8:00:00
15:51:17.283 @IJB017 2018/9/21 17:00:00
15:51:17.284 @IJB018 
15:51:17.285 @IJB019 
15:51:17.287 @IJB020 0
15:51:17.288 @IJB021 
15:51:17.289 @IJB022 物流组
15:51:17.290 @IJB023 0
15:51:17.291 @IJB024 9
15:51:17.292 @IJB025 7.5
15:51:20.483 @IJA001 20180921002
15:51:20.488 @IJA010 True
15:51:27.687 @IJA001 20180921001
15:51:27.689 @IJA010 True
15:51:43.779 @IJA001 20180921003
15:51:43.781 @IJA002 计件
15:51:43.783 @IJA003 0502
15:51:43.785 @IJA004 注塑车间
15:51:43.788 @IJA005 0502
15:51:43.790 @IJA006 注塑车间
15:51:43.791 @IJA007 2018/9/21 0:00:00
15:51:43.793 @IJA008 
15:51:43.795 @IJA009 
15:51:43.797 @IJA010 False
15:51:43.799 @IJA011 False
15:51:43.800 @IJA012 0
15:51:43.802 @IJA013 0
15:51:43.804 @IJB001 20180921003
15:51:43.806 @IJB002 10007
15:51:43.807 @IJB003 在职
15:51:43.808 @IJB004 GD201502090034
15:51:43.810 @IJB005 201211243
15:51:43.811 @IJB006 暖风机压线板
15:51:43.813 @IJB007 24.5*9.5*5mm
15:51:43.814 @IJB008 PCS
15:51:43.816 @IJB009 0.15
15:51:43.817 @IJB010 300
15:51:43.818 @IJB011 0.15
15:51:43.819 @IJB012 朱志波
15:51:43.820 @IJB013 成品搬运工
15:51:43.821 @IJB014 半自动
15:51:43.823 @IJB015 100
15:51:43.824 @IJB016 2018/9/21 8:00:00
15:51:43.825 @IJB017 2018/9/21 17:00:00
15:51:43.826 @IJB018 
15:51:43.827 @IJB019 
15:51:43.829 @IJB020 0
15:51:43.830 @IJB021 
15:51:43.831 @IJB022 物流组
15:51:43.832 @IJB023 0
15:51:43.833 @IJB024 9
15:51:43.834 @IJB025 15.0
15:51:45.591 @IJA001 20180921003
15:51:45.594 @IJA010 True
16:06:48.954  异常信息：由于连接方在一段时间后没有正确答复或连接的主机没有反应，连接尝试失败。 192.168.0.170:80
  堆栈信息:   在 AutoUpdate.AppUpdate.DownloadFile(String url, String localFilePath) 位置 D:\ProjectData\MiKe\LineProductMes\LineProductMes\ClassForMain\AppUpdate.cs:行号 239
   在 AutoUpdate.AppUpdate.CheckAppVersion(String& msg) 位置 D:\ProjectData\MiKe\LineProductMes\LineProductMes\ClassForMain\AppUpdate.cs:行号 310
16:11:33.572 @EMP002 系统管理员
16:11:33.574 @EMP033 cebfd1559b68d67688884d7a3d3e8c
16:14:34.236  异常信息：由于连接方在一段时间后没有正确答复或连接的主机没有反应，连接尝试失败。 192.168.0.170:80
  堆栈信息:   在 AutoUpdate.AppUpdate.DownloadFile(String url, String localFilePath) 位置 D:\ProjectData\MiKe\LineProductMes\LineProductMes\ClassForMain\AppUpdate.cs:行号 239
   在 AutoUpdate.AppUpdate.CheckAppVersion(String& msg) 位置 D:\ProjectData\MiKe\LineProductMes\LineProductMes\ClassForMain\AppUpdate.cs:行号 310
16:15:04.845 @EMP002 系统管理员
16:15:04.847 @EMP033 cebfd1559b68d67688884d7a3d3e8c
16:23:06.238 @IJA001 20180921004
16:23:06.240 @IJA002 计时
16:23:06.241 @IJA003 0502
16:23:06.242 @IJA004 注塑车间
16:23:06.244 @IJA005 0502
16:23:06.245 @IJA006 注塑车间
16:23:06.246 @IJA007 2018/9/21 0:00:00
16:23:06.248 @IJA008 
16:23:06.251 @IJA009 
16:23:06.253 @IJA010 False
16:23:06.254 @IJA011 False
16:23:06.255 @IJA012 0
16:23:06.257 @IJA013 0
16:23:06.260 @IJD001 20180921004
16:23:06.262 @IJD002 10009
16:23:06.263 @IJD003 张之峰
16:23:06.264 @IJD004 发货员
16:23:06.266 @IJD005 
16:23:06.267 @IJD006 2018/9/21 8:00:00
16:23:06.268 @IJD007 2018/9/21 17:00:00
16:23:06.270 @IJD008 12
16:23:06.271 @IJD009 
16:23:06.272 @IJD010 在职
16:23:06.273 @IJD011 物流组
16:23:06.274 @IJD012 9
16:23:06.275 @IJD013 108
16:23:06.279 @IJD001 20180921004
16:23:06.280 @IJD002 10005
16:23:06.281 @IJD003 陈波
16:23:06.283 @IJD004 成品搬运工
16:23:06.284 @IJD005 
16:23:06.286 @IJD006 2018/9/21 8:00:00
16:23:06.287 @IJD007 2018/9/21 17:00:00
16:23:06.288 @IJD008 12
16:23:06.289 @IJD009 
16:23:06.290 @IJD010 在职
16:23:06.292 @IJD011 物流组
16:23:06.293 @IJD012 9
16:23:06.294 @IJD013 108
16:23:46.708  异常信息：由于连接方在一段时间后没有正确答复或连接的主机没有反应，连接尝试失败。 192.168.0.170:80
  堆栈信息:   在 AutoUpdate.AppUpdate.DownloadFile(String url, String localFilePath) 位置 D:\ProjectData\MiKe\LineProductMes\LineProductMes\ClassForMain\AppUpdate.cs:行号 239
   在 AutoUpdate.AppUpdate.CheckAppVersion(String& msg) 位置 D:\ProjectData\MiKe\LineProductMes\LineProductMes\ClassForMain\AppUpdate.cs:行号 310
16:25:32.943 @EMP002 系统管理员
16:25:32.945 @EMP033 cebfd1559b68d67688884d7a3d3e8c
16:40:56.509  异常信息：由于连接方在一段时间后没有正确答复或连接的主机没有反应，连接尝试失败。 192.168.0.170:80
  堆栈信息:   在 AutoUpdate.AppUpdate.DownloadFile(String url, String localFilePath) 位置 D:\ProjectData\MiKe\LineProductMes\LineProductMes\ClassForMain\AppUpdate.cs:行号 239
   在 AutoUpdate.AppUpdate.CheckAppVersion(String& msg) 位置 D:\ProjectData\MiKe\LineProductMes\LineProductMes\ClassForMain\AppUpdate.cs:行号 310
16:42:54.531 @EMP002 系统管理员
16:42:54.534 @EMP033 cebfd1559b68d67688884d7a3d3e8c
16:46:14.826  异常信息：由于连接方在一段时间后没有正确答复或连接的主机没有反应，连接尝试失败。 192.168.0.170:80
  堆栈信息:   在 AutoUpdate.AppUpdate.DownloadFile(String url, String localFilePath) 位置 D:\ProjectData\MiKe\LineProductMes\LineProductMes\ClassForMain\AppUpdate.cs:行号 239
   在 AutoUpdate.AppUpdate.CheckAppVersion(String& msg) 位置 D:\ProjectData\MiKe\LineProductMes\LineProductMes\ClassForMain\AppUpdate.cs:行号 310
16:46:54.099 @EMP002 系统管理员
16:46:54.101 @EMP033 cebfd1559b68d67688884d7a3d3e8c
16:48:02.335  异常信息：由于连接方在一段时间后没有正确答复或连接的主机没有反应，连接尝试失败。 192.168.0.170:80
  堆栈信息:   在 AutoUpdate.AppUpdate.DownloadFile(String url, String localFilePath) 位置 D:\ProjectData\MiKe\LineProductMes\LineProductMes\ClassForMain\AppUpdate.cs:行号 239
   在 AutoUpdate.AppUpdate.CheckAppVersion(String& msg) 位置 D:\ProjectData\MiKe\LineProductMes\LineProductMes\ClassForMain\AppUpdate.cs:行号 310
16:48:33.791 @EMP002 系统管理员
16:48:33.793 @EMP033 cebfd1559b68d67688884d7a3d3e8c
16:50:47.827  异常信息：由于连接方在一段时间后没有正确答复或连接的主机没有反应，连接尝试失败。 192.168.0.170:80
  堆栈信息:   在 AutoUpdate.AppUpdate.DownloadFile(String url, String localFilePath) 位置 D:\ProjectData\MiKe\LineProductMes\LineProductMes\ClassForMain\AppUpdate.cs:行号 239
   在 AutoUpdate.AppUpdate.CheckAppVersion(String& msg) 位置 D:\ProjectData\MiKe\LineProductMes\LineProductMes\ClassForMain\AppUpdate.cs:行号 310
16:50:52.886 @EMP002 系统管理员
16:50:52.888 @EMP033 cebfd1559b68d67688884d7a3d3e8c
16:52:34.626  异常信息：由于连接方在一段时间后没有正确答复或连接的主机没有反应，连接尝试失败。 192.168.0.170:80
  堆栈信息:   在 AutoUpdate.AppUpdate.DownloadFile(String url, String localFilePath) 位置 D:\ProjectData\MiKe\LineProductMes\LineProductMes\ClassForMain\AppUpdate.cs:行号 239
   在 AutoUpdate.AppUpdate.CheckAppVersion(String& msg) 位置 D:\ProjectData\MiKe\LineProductMes\LineProductMes\ClassForMain\AppUpdate.cs:行号 310
16:52:40.347 @EMP002 系统管理员
16:52:40.349 @EMP033 cebfd1559b68d67688884d7a3d3e8c
16:53:26.402 @IJA001 20180921005
16:53:26.403 @IJA002 计时
16:53:26.405 @IJA003 0502
16:53:26.407 @IJA004 注塑车间
16:53:26.408 @IJA005 0502
16:53:26.410 @IJA006 注塑车间
16:53:26.412 @IJA007 2018/9/21 0:00:00
16:53:26.413 @IJA008 
16:53:26.414 @IJA009 
16:53:26.416 @IJA010 False
16:53:26.418 @IJA011 False
16:53:26.420 @IJA012 0
16:53:26.422 @IJA013 0
16:53:26.426 @IJC001 20180921005
16:53:26.427 @IJC002 GD201502090034
16:53:26.428 @IJC003 201211243
16:53:26.430 @IJC004 暖风机压线板
16:53:26.431 @IJC005 20180921005
16:53:26.432 @IJC006 PCS
16:53:26.433 @IJC007 0.15
16:53:26.435 @IJC008 300
16:53:26.436 @IJC009 0.15
16:53:26.437 @IJC010 100
16:53:26.438 @IJC011 
16:53:26.442 @IJC001 20180921005
16:53:26.444 @IJC002 GD201502090044
16:53:26.445 @IJC003 201211243
16:53:26.446 @IJC004 暖风机压线板
16:53:26.447 @IJC005 20180921005
16:53:26.448 @IJC006 PCS
16:53:26.449 @IJC007 0.15
16:53:26.451 @IJC008 300
16:53:26.452 @IJC009 0.15
16:53:26.453 @IJC010 200
16:53:26.454 @IJC011 
16:53:26.456 @IJD001 20180921005
16:53:26.458 @IJD002 10004
16:53:26.459 @IJD003 李守军
16:53:26.461 @IJD004 成品搬运工
16:53:26.462 @IJD005 全自动
16:53:26.463 @IJD006 2018/9/21 8:00:00
16:53:26.464 @IJD007 2018/9/21 17:00:00
16:53:26.470 @IJD008 12
16:53:26.471 @IJD009 
16:53:26.473 @IJD010 在职
16:53:26.474 @IJD011 物流组
16:53:26.475 @IJD012 9
16:53:26.476 @IJD013 108
16:53:26.480 @IJD001 20180921005
16:53:26.482 @IJD002 10011
16:53:26.483 @IJD003 潘传慧
16:53:26.484 @IJD004 发货员
16:53:26.485 @IJD005 半自动
16:53:26.487 @IJD006 2018/9/21 8:00:00
16:53:26.489 @IJD007 2018/9/21 17:00:00
16:53:26.490 @IJD008 11
16:53:26.491 @IJD009 
16:53:26.492 @IJD010 在职
16:53:26.493 @IJD011 物流组
16:53:26.494 @IJD012 9
16:53:26.496 @IJD013 99
16:56:06.943  异常信息：由于连接方在一段时间后没有正确答复或连接的主机没有反应，连接尝试失败。 192.168.0.170:80
  堆栈信息:   在 AutoUpdate.AppUpdate.DownloadFile(String url, String localFilePath) 位置 D:\ProjectData\MiKe\LineProductMes\LineProductMes\ClassForMain\AppUpdate.cs:行号 239
   在 AutoUpdate.AppUpdate.CheckAppVersion(String& msg) 位置 D:\ProjectData\MiKe\LineProductMes\LineProductMes\ClassForMain\AppUpdate.cs:行号 310
16:56:12.995 @EMP002 系统管理员
16:56:12.997 @EMP033 cebfd1559b68d67688884d7a3d3e8c
16:59:14.178  异常信息：由于连接方在一段时间后没有正确答复或连接的主机没有反应，连接尝试失败。 192.168.0.170:80
  堆栈信息:   在 AutoUpdate.AppUpdate.DownloadFile(String url, String localFilePath) 位置 D:\ProjectData\MiKe\LineProductMes\LineProductMes\ClassForMain\AppUpdate.cs:行号 239
   在 AutoUpdate.AppUpdate.CheckAppVersion(String& msg) 位置 D:\ProjectData\MiKe\LineProductMes\LineProductMes\ClassForMain\AppUpdate.cs:行号 310
16:59:20.294 @EMP002 系统管理员
16:59:20.297 @EMP033 cebfd1559b68d67688884d7a3d3e8c
17:01:09.245  异常信息：由于连接方在一段时间后没有正确答复或连接的主机没有反应，连接尝试失败。 192.168.0.170:80
  堆栈信息:   在 AutoUpdate.AppUpdate.DownloadFile(String url, String localFilePath) 位置 D:\ProjectData\MiKe\LineProductMes\LineProductMes\ClassForMain\AppUpdate.cs:行号 239
   在 AutoUpdate.AppUpdate.CheckAppVersion(String& msg) 位置 D:\ProjectData\MiKe\LineProductMes\LineProductMes\ClassForMain\AppUpdate.cs:行号 310
17:01:15.543 @EMP002 系统管理员
17:01:15.546 @EMP033 cebfd1559b68d67688884d7a3d3e8c
17:11:53.788  异常信息：由于连接方在一段时间后没有正确答复或连接的主机没有反应，连接尝试失败。 192.168.0.170:80
  堆栈信息:   在 AutoUpdate.AppUpdate.DownloadFile(String url, String localFilePath) 位置 D:\ProjectData\MiKe\LineProductMes\LineProductMes\ClassForMain\AppUpdate.cs:行号 239
   在 AutoUpdate.AppUpdate.CheckAppVersion(String& msg) 位置 D:\ProjectData\MiKe\LineProductMes\LineProductMes\ClassForMain\AppUpdate.cs:行号 310
17:12:02.033 @EMP002 系统管理员
17:12:02.035 @EMP033 cebfd1559b68d67688884d7a3d3e8c
17:16:25.869  异常信息：由于连接方在一段时间后没有正确答复或连接的主机没有反应，连接尝试失败。 192.168.0.170:80
  堆栈信息:   在 AutoUpdate.AppUpdate.DownloadFile(String url, String localFilePath) 位置 D:\ProjectData\MiKe\LineProductMes\LineProductMes\ClassForMain\AppUpdate.cs:行号 239
   在 AutoUpdate.AppUpdate.CheckAppVersion(String& msg) 位置 D:\ProjectData\MiKe\LineProductMes\LineProductMes\ClassForMain\AppUpdate.cs:行号 310
17:16:36.410 @EMP002 系统管理员
17:16:36.414 @EMP033 cebfd1559b68d67688884d7a3d3e8c
17:23:57.947  异常信息：由于连接方在一段时间后没有正确答复或连接的主机没有反应，连接尝试失败。 192.168.0.170:80
  堆栈信息:   在 AutoUpdate.AppUpdate.DownloadFile(String url, String localFilePath) 位置 D:\ProjectData\MiKe\LineProductMes\LineProductMes\ClassForMain\AppUpdate.cs:行号 239
   在 AutoUpdate.AppUpdate.CheckAppVersion(String& msg) 位置 D:\ProjectData\MiKe\LineProductMes\LineProductMes\ClassForMain\AppUpdate.cs:行号 310
17:25:01.407 @EMP002 系统管理员
17:25:01.410 @EMP033 cebfd1559b68d67688884d7a3d3e8c
17:26:22.853 @IJA001 20180825002
17:26:22.855 @IJA010 False
17:26:39.492 @IJA001 20180907002
17:26:39.495 @IJA010 False
17:26:45.344 @IJA001 20180921001
17:26:45.346 @IJA010 False
17:26:50.904 @IJA001 20180921003
17:26:50.906 @IJA010 False
17:26:56.739 @IJA001 20180921002
17:26:56.741 @IJA010 False
17:27:34.904 @IJA001 20180921001
17:27:34.905 @IJA002 计时
17:27:34.907 @IJA003 0502
17:27:34.908 @IJA004 注塑车间
17:27:34.909 @IJA005 0502
17:27:34.910 @IJA006 注塑车间
17:27:34.911 @IJA007 2018/9/21 0:00:00
17:27:34.912 @IJA008 
17:27:34.914 @IJA009 
17:27:34.915 @IJA010 False
17:27:34.917 @IJA011 False
17:27:34.918 @IJA012 0
17:27:34.919 @IJA013 0
17:27:34.925 @IJC001 20180921001
17:27:34.926 @IJC002 GD201502090034
17:27:34.927 @IJC003 201211243
17:27:34.929 @IJC004 暖风机压线板
17:27:34.930 @IJC005 24.5*9.5*5mm
17:27:34.931 @IJC006 PCS
17:27:34.933 @IJC007 0.15
17:27:34.935 @IJC008 300
17:27:34.937 @IJC009 0.15
17:27:34.938 @IJC010 100
17:27:34.940 @IJC011 
17:27:34.944 @IJC001 20180921001
17:27:34.945 @IJC002 GD201502090044
17:27:34.946 @IJC003 201211243
17:27:34.947 @IJC004 暖风机压线板
17:27:34.949 @IJC005 24.5*9.5*5mm
17:27:34.951 @IJC006 PCS
17:27:34.953 @IJC007 0.15
17:27:34.954 @IJC008 300
17:27:34.955 @IJC009 0.15
17:27:34.956 @IJC010 200
17:27:34.958 @IJC011 
17:27:34.960 @IJD001 20180921001
17:27:34.961 @IJD002 10006
17:27:34.963 @IJD003 赵庆书
17:27:34.964 @IJD004 成品搬运工
17:27:34.966 @IJD005 全自动
17:27:34.968 @IJD006 2018/9/21 8:00:00
17:27:34.969 @IJD007 2018/9/21 17:00:00
17:27:34.971 @IJD008 12
17:27:34.972 @IJD009 
17:27:34.973 @IJD010 在职
17:27:34.974 @IJD011 物流组
17:27:34.976 @IJD012 9
17:27:34.977 @IJD013 108
17:27:34.981 @IJD001 20180921001
17:27:34.983 @IJD002 10009
17:27:34.984 @IJD003 张之峰
17:27:34.985 @IJD004 发货员
17:27:34.986 @IJD005 半自动
17:27:34.987 @IJD006 2018/9/21 8:00:00
17:27:34.988 @IJD007 2018/9/21 17:00:00
17:27:34.990 @IJD008 12
17:27:34.991 @IJD009 
17:27:34.992 @IJD010 在职
17:27:34.993 @IJD011 物流组
17:27:34.995 @IJD012 9
17:27:34.996 @IJD013 108
17:28:00.241 @IJA001 20180921002
17:28:00.243 @IJA002 计时
17:28:00.245 @IJA003 0502
17:28:00.246 @IJA004 注塑车间
17:28:00.248 @IJA005 0502
17:28:00.249 @IJA006 注塑车间
17:28:00.251 @IJA007 2018/9/21 0:00:00
17:28:00.253 @IJA008 
17:28:00.254 @IJA009 
17:28:00.256 @IJA010 False
17:28:00.258 @IJA011 False
17:28:00.259 @IJA012 0
17:28:00.261 @IJA013 0
17:28:00.264 @IJC001 20180921002
17:28:00.266 @IJC002 GD201502090034
17:28:00.267 @IJC003 201211243
17:28:00.269 @IJC004 暖风机压线板
17:28:00.270 @IJC005 24.5*9.5*5mm
17:28:00.272 @IJC006 PCS
17:28:00.273 @IJC007 0.15
17:28:00.274 @IJC008 300
17:28:00.276 @IJC009 0.15
17:28:00.277 @IJC010 159
17:28:00.278 @IJC011 
17:28:00.281 @IJC001 20180921002
17:28:00.282 @IJC002 GD201502090044
17:28:00.284 @IJC003 201211243
17:28:00.285 @IJC004 暖风机压线板
17:28:00.286 @IJC005 24.5*9.5*5mm
17:28:00.288 @IJC006 PCS
17:28:00.289 @IJC007 0.15
17:28:00.290 @IJC008 300
17:28:00.291 @IJC009 0.15
17:28:00.292 @IJC010 99
17:28:00.293 @IJC011 
17:28:00.296 @IJD001 20180921002
17:28:00.297 @IJD002 10011
17:28:00.299 @IJD003 潘传慧
17:28:00.300 @IJD004 发货员
17:28:00.302 @IJD005 半自动
17:28:00.303 @IJD006 2018/9/21 8:00:00
17:28:00.304 @IJD007 2018/9/21 17:00:00
17:28:00.306 @IJD008 12
17:28:00.307 @IJD009 
17:28:00.308 @IJD010 在职
17:28:00.310 @IJD011 物流组
17:28:00.311 @IJD012 9
17:28:00.312 @IJD013 108
17:28:00.315 @IJD001 20180921002
17:28:00.316 @IJD002 10018
17:28:00.317 @IJD003 刘付连
17:28:00.319 @IJD004 装配工
17:28:00.320 @IJD005 全自动
17:28:00.321 @IJD006 2018/9/21 8:00:00
17:28:00.324 @IJD007 2018/9/21 17:00:00
17:28:00.325 @IJD008 12
17:28:00.326 @IJD009 
17:28:00.327 @IJD010 在职
17:28:00.329 @IJD011 LED车间
17:28:00.331 @IJD012 9
17:28:00.332 @IJD013 108
17:28:36.902 @IJA001 20180921003
17:28:36.906 @IJA002 计时
17:28:36.908 @IJA003 0502
17:28:36.910 @IJA004 注塑车间
17:28:36.911 @IJA005 0502
17:28:36.913 @IJA006 注塑车间
17:28:36.914 @IJA007 2018/9/21 0:00:00
17:28:36.916 @IJA008 
17:28:36.917 @IJA009 
17:28:36.919 @IJA010 False
17:28:36.920 @IJA011 False
17:28:36.921 @IJA012 0
17:28:36.923 @IJA013 0
17:28:36.925 @IJC001 20180921003
17:28:36.927 @IJC002 GD201502090034
17:28:36.929 @IJC003 201211243
17:28:36.930 @IJC004 暖风机压线板
17:28:36.932 @IJC005 24.5*9.5*5mm
17:28:36.933 @IJC006 PCS
17:28:36.934 @IJC007 0.15
17:28:36.935 @IJC008 300
17:28:36.937 @IJC009 0.15
17:28:36.938 @IJC010 41
17:28:36.939 @IJC011 
17:28:36.941 @IJC001 20180921003
17:28:36.943 @IJC002 GD201502090044
17:28:36.944 @IJC003 201211243
17:28:36.945 @IJC004 暖风机压线板
17:28:36.947 @IJC005 24.5*9.5*5mm
17:28:36.948 @IJC006 PCS
17:28:36.949 @IJC007 0.15
17:28:36.950 @IJC008 300
17:28:36.952 @IJC009 0.15
17:28:36.953 @IJC010 1
17:28:36.954 @IJC011 
17:28:36.956 @IJD001 20180921003
17:28:36.958 @IJD002 10012
17:28:36.959 @IJD003 薛能有
17:28:36.960 @IJD004 发货员
17:28:36.961 @IJD005 全自动
17:28:36.963 @IJD006 2018/9/21 8:00:00
17:28:36.965 @IJD007 2018/9/21 17:00:00
17:28:36.966 @IJD008 12
17:28:36.967 @IJD009 
17:28:36.968 @IJD010 在职
17:28:36.970 @IJD011 物流组
17:28:36.971 @IJD012 9
17:28:36.973 @IJD013 108
17:28:36.976 @IJD001 20180921003
17:28:36.977 @IJD002 10019
17:28:36.979 @IJD003 聂付秋
17:28:36.980 @IJD004 装配工
17:28:36.981 @IJD005 半自动
17:28:36.983 @IJD006 2018/9/21 8:00:00
17:28:36.984 @IJD007 2018/9/21 17:00:00
17:28:36.985 @IJD008 12
17:28:36.986 @IJD009 
17:28:36.988 @IJD010 在职
17:28:36.989 @IJD011 LED车间
17:28:36.990 @IJD012 9
17:28:36.992 @IJD013 108
17:45:04.594  异常信息：由于连接方在一段时间后没有正确答复或连接的主机没有反应，连接尝试失败。 192.168.0.170:80
  堆栈信息:   在 AutoUpdate.AppUpdate.DownloadFile(String url, String localFilePath) 位置 D:\ProjectData\MiKe\LineProductMes\LineProductMes\ClassForMain\AppUpdate.cs:行号 239
   在 AutoUpdate.AppUpdate.CheckAppVersion(String& msg) 位置 D:\ProjectData\MiKe\LineProductMes\LineProductMes\ClassForMain\AppUpdate.cs:行号 310
17:47:16.620 @EMP002 系统管理员
17:47:16.621 @EMP033 cebfd1559b68d67688884d7a3d3e8c
17:48:24.335  异常信息：由于连接方在一段时间后没有正确答复或连接的主机没有反应，连接尝试失败。 192.168.0.170:80
  堆栈信息:   在 AutoUpdate.AppUpdate.DownloadFile(String url, String localFilePath) 位置 D:\ProjectData\MiKe\LineProductMes\LineProductMes\ClassForMain\AppUpdate.cs:行号 239
   在 AutoUpdate.AppUpdate.CheckAppVersion(String& msg) 位置 D:\ProjectData\MiKe\LineProductMes\LineProductMes\ClassForMain\AppUpdate.cs:行号 310
17:48:41.794 @EMP002 系统管理员
17:48:41.797 @EMP033 cebfd1559b68d67688884d7a3d3e8c
