08:15:59.898 @EMP002 系统管理员
08:15:59.907 @EMP033 cebfd1559b68d67688884d7a3d3e8c
08:17:11.509 @EMP002 系统管理员
08:17:11.510 @EMP033 cebfd1559b68d67688884d7a3d3e8c
08:18:41.253 @EMP002 系统管理员
08:18:41.254 @EMP033 cebfd1559b68d67688884d7a3d3e8c
08:21:01.882 @EMP002 系统管理员
08:21:01.883 @EMP033 cebfd1559b68d67688884d7a3d3e8c
08:24:42.129 @EMP002 系统管理员
08:24:42.130 @EMP033 cebfd1559b68d67688884d7a3d3e8c
08:25:26.672 @EMP002 系统管理员
08:25:26.673 @EMP033 cebfd1559b68d67688884d7a3d3e8c
08:34:12.516 @EMP002 系统管理员
08:34:12.517 @EMP033 cebfd1559b68d67688884d7a3d3e8c
08:36:07.468 @EMP002 系统管理员
08:36:07.468 @EMP033 cebfd1559b68d67688884d7a3d3e8c
08:40:17.310 @EMP002 系统管理员
08:40:17.310 @EMP033 cebfd1559b68d67688884d7a3d3e8c
08:41:09.340 @EMP002 系统管理员
08:41:09.341 @EMP033 cebfd1559b68d67688884d7a3d3e8c
08:42:12.540 @EMP002 系统管理员
08:42:12.541 @EMP033 cebfd1559b68d67688884d7a3d3e8c
08:44:14.571 @EMP002 系统管理员
08:44:14.572 @EMP033 cebfd1559b68d67688884d7a3d3e8c
08:46:40.447 @EMP002 系统管理员
08:46:40.448 @EMP033 cebfd1559b68d67688884d7a3d3e8c
08:49:03.682 @EMP002 系统管理员
08:49:03.682 @EMP033 cebfd1559b68d67688884d7a3d3e8c
08:57:31.877 @EMP002 系统管理员
08:57:31.878 @EMP033 cebfd1559b68d67688884d7a3d3e8c
08:58:20.928 @EMP002 系统管理员
08:58:20.929 @EMP033 cebfd1559b68d67688884d7a3d3e8c
08:59:28.648 @EMP002 系统管理员
08:59:28.648 @EMP033 cebfd1559b68d67688884d7a3d3e8c
09:00:05.183 @EMP002 系统管理员
09:00:05.183 @EMP033 cebfd1559b68d67688884d7a3d3e8c
09:01:02.157 @EMP002 系统管理员
09:01:02.157 @EMP033 cebfd1559b68d67688884d7a3d3e8c
09:01:57.544 @EMP002 系统管理员
09:01:57.546 @EMP033 cebfd1559b68d67688884d7a3d3e8c
09:11:02.806 @EMP002 系统管理员
09:11:02.807 @EMP033 cebfd1559b68d67688884d7a3d3e8c
09:12:03.463 @EMP002 系统管理员
09:12:03.464 @EMP033 cebfd1559b68d67688884d7a3d3e8c
09:12:32.913 @EMP002 系统管理员
09:12:32.914 @EMP033 cebfd1559b68d67688884d7a3d3e8c
09:21:37.620 @EMP002 系统管理员
09:21:37.621 @EMP033 cebfd1559b68d67688884d7a3d3e8c
09:28:24.774 @EMP002 系统管理员
09:28:24.775 @EMP033 cebfd1559b68d67688884d7a3d3e8c
09:29:13.642 @EMP002 系统管理员
09:29:13.642 @EMP033 cebfd1559b68d67688884d7a3d3e8c
09:33:27.775 @EMP002 系统管理员
09:33:27.776 @EMP033 cebfd1559b68d67688884d7a3d3e8c
09:52:08.485 @EMP002 系统管理员
09:52:08.486 @EMP033 cebfd1559b68d67688884d7a3d3e8c
09:59:30.686 @EMP002 系统管理员
09:59:30.687 @EMP033 cebfd1559b68d67688884d7a3d3e8c
10:00:07.133 @EMP002 系统管理员
10:00:07.134 @EMP033 cebfd1559b68d67688884d7a3d3e8c
10:02:53.718 @EMP002 系统管理员
10:02:53.719 @EMP033 cebfd1559b68d67688884d7a3d3e8c
10:03:53.765 @EMP002 系统管理员
10:03:53.765 @EMP033 cebfd1559b68d67688884d7a3d3e8c
10:05:30.024 @EMP002 系统管理员
10:05:30.024 @EMP033 cebfd1559b68d67688884d7a3d3e8c
10:12:08.239 @EMP002 系统管理员
10:12:08.240 @EMP033 cebfd1559b68d67688884d7a3d3e8c
10:12:57.115 @EMP002 系统管理员
10:12:57.115 @EMP033 cebfd1559b68d67688884d7a3d3e8c
10:13:24.167 @EMP002 陈显元
10:13:24.168 @EMP033 cebfd1559b68d67688884d7a3d3e8c
10:14:45.706 @EMP002 邹丹
10:14:45.706 @EMP033 cebfd1559b68d67688884d7a3d3e8c
10:15:03.950 @EMP002 系统管理员
10:15:03.951 @EMP033 cebfd1559b68d67688884d7a3d3e8c
10:15:26.893 @POW002 10001
10:15:26.894 @POW003 FormPurchaseBoard
10:15:26.894 @POW004 True
10:15:26.894 @POW005 False
10:15:26.895 @POW006 False
10:15:26.895 @POW007 False
10:15:26.895 @POW008 False
10:15:26.895 @POW009 False
10:15:26.895 @POW010 False
10:15:26.896 @POW011 False
10:15:26.896 @POW012 False
10:15:26.896 @POW013 True
10:15:26.896 @POW016 False
10:15:26.896 @POW017 False
10:15:26.897 @idx 27
10:15:26.903 @POW002 10001
10:15:26.903 @POW003 FormMachinePlat
10:15:26.903 @POW004 True
10:15:26.903 @POW005 True
10:15:26.904 @POW006 True
10:15:26.904 @POW007 True
10:15:26.904 @POW008 False
10:15:26.904 @POW009 True
10:15:26.904 @POW010 True
10:15:26.905 @POW011 True
10:15:26.905 @POW012 True
10:15:26.905 @POW013 True
10:15:26.905 @POW016 True
10:15:26.905 @POW017 True
10:15:26.905 @idx 28
10:15:26.909 @POW002 10001
10:15:26.909 @POW003 FormPurProductView
10:15:26.909 @POW004 True
10:15:26.910 @POW005 True
10:15:26.910 @POW006 False
10:15:26.910 @POW007 False
10:15:26.910 @POW008 False
10:15:26.910 @POW009 False
10:15:26.910 @POW010 False
10:15:26.911 @POW011 False
10:15:26.911 @POW012 False
10:15:26.911 @POW013 True
10:15:26.911 @POW016 False
10:15:26.911 @POW017 False
10:15:26.911 @idx 36
10:15:26.914 @POW002 10001
10:15:26.914 @POW003 FormLEDNewsPaper
10:15:26.914 @POW004 True
10:15:26.914 @POW005 False
10:15:26.915 @POW006 False
10:15:26.915 @POW007 False
10:15:26.915 @POW008 False
10:15:26.915 @POW009 False
10:15:26.915 @POW010 False
10:15:26.915 @POW011 False
10:15:26.916 @POW012 False
10:15:26.916 @POW013 True
10:15:26.916 @POW016 False
10:15:26.916 @POW017 False
10:15:26.916 @idx 47
10:15:26.919 @POW002 10001
10:15:26.919 @POW003 FormAssBoard
10:15:26.919 @POW004 True
10:15:26.919 @POW005 False
10:15:26.919 @POW006 False
10:15:26.920 @POW007 False
10:15:26.920 @POW008 False
10:15:26.920 @POW009 False
10:15:26.920 @POW010 False
10:15:26.920 @POW011 False
10:15:26.921 @POW012 False
10:15:26.921 @POW013 True
10:15:26.921 @POW016 False
10:15:26.921 @POW017 False
10:15:26.921 @idx 32
10:15:26.925 @POW002 10001
10:15:26.926 @POW003 FormArt
10:15:26.926 @POW004 True
10:15:26.926 @POW005 True
10:15:26.926 @POW006 True
10:15:26.926 @POW007 True
10:15:26.926 @POW008 True
10:15:26.926 @POW009 True
10:15:26.926 @POW010 True
10:15:26.927 @POW011 True
10:15:26.927 @POW012 True
10:15:26.927 @POW013 True
10:15:26.927 @POW016 True
10:15:26.927 @POW017 True
10:15:26.927 @idx 9
10:15:26.929 @POW002 10001
10:15:26.929 @POW003 FormSupplierForMould
10:15:26.929 @POW004 True
10:15:26.929 @POW005 True
10:15:26.930 @POW006 True
10:15:26.930 @POW007 True
10:15:26.930 @POW008 True
10:15:26.930 @POW009 True
10:15:26.930 @POW010 True
10:15:26.930 @POW011 True
10:15:26.930 @POW012 True
10:15:26.930 @POW013 True
10:15:26.930 @POW016 True
10:15:26.931 @POW017 True
10:15:26.931 @idx 8
10:15:26.932 @POW002 10001
10:15:26.933 @POW003 FormLEEBoard
10:15:26.933 @POW004 True
10:15:26.933 @POW005 False
10:15:26.933 @POW006 False
10:15:26.933 @POW007 False
10:15:26.933 @POW008 False
10:15:26.933 @POW009 False
10:15:26.933 @POW010 False
10:15:26.934 @POW011 False
10:15:26.934 @POW012 False
10:15:26.934 @POW013 True
10:15:26.934 @POW016 False
10:15:26.934 @POW017 False
10:15:26.934 @idx 33
10:15:26.936 @POW002 10001
10:15:26.936 @POW003 FormArt
10:15:26.936 @POW004 True
10:15:26.936 @POW005 True
10:15:26.936 @POW006 True
10:15:26.937 @POW007 True
10:15:26.937 @POW008 True
10:15:26.937 @POW009 True
10:15:26.937 @POW010 True
10:15:26.937 @POW011 True
10:15:26.937 @POW012 True
10:15:26.938 @POW013 True
10:15:26.938 @POW016 True
10:15:26.938 @POW017 True
10:15:26.938 @idx 9
10:15:26.940 @POW002 10001
10:15:26.940 @POW003 FormMouldInformation
10:15:26.940 @POW004 True
10:15:26.941 @POW005 True
10:15:26.941 @POW006 True
10:15:26.941 @POW007 True
10:15:26.941 @POW008 False
10:15:26.941 @POW009 True
10:15:26.941 @POW010 True
10:15:26.941 @POW011 True
10:15:26.941 @POW012 True
10:15:26.941 @POW013 True
10:15:26.942 @POW016 True
10:15:26.942 @POW017 True
10:15:26.942 @idx 35
10:15:26.945 @POW002 10001
10:15:26.945 @POW003 FormArt
10:15:26.945 @POW004 True
10:15:26.945 @POW005 True
10:15:26.945 @POW006 True
10:15:26.945 @POW007 True
10:15:26.945 @POW008 True
10:15:26.946 @POW009 True
10:15:26.946 @POW010 True
10:15:26.946 @POW011 True
10:15:26.946 @POW012 True
10:15:26.946 @POW013 False
10:15:26.946 @POW016 True
10:15:26.946 @POW017 True
10:15:26.946 @idx 9
10:15:26.949 @POW002 10001
10:15:26.949 @POW003 FormSemiPlanView
10:15:26.949 @POW004 True
10:15:26.949 @POW005 False
10:15:26.950 @POW006 False
10:15:26.950 @POW007 False
10:15:26.950 @POW008 False
10:15:26.950 @POW009 False
10:15:26.950 @POW010 False
10:15:26.950 @POW011 False
10:15:26.950 @POW012 False
10:15:26.951 @POW013 True
10:15:26.951 @POW016 False
10:15:26.951 @POW017 False
10:15:26.951 @idx 39
10:15:26.953 @POW002 10001
10:15:26.953 @POW003 FormEmployee
10:15:26.954 @POW004 True
10:15:26.954 @POW005 True
10:15:26.954 @POW006 True
10:15:26.954 @POW007 True
10:15:26.955 @POW008 True
10:15:26.955 @POW009 True
10:15:26.955 @POW010 True
10:15:26.955 @POW011 True
10:15:26.956 @POW012 True
10:15:26.956 @POW013 True
10:15:26.956 @POW016 True
10:15:26.956 @POW017 True
10:15:26.957 @idx 7
10:15:26.960 @POW002 10001
10:15:26.960 @POW003 FormLEGBoard
10:15:26.961 @POW004 True
10:15:26.961 @POW005 False
10:15:26.961 @POW006 False
10:15:26.961 @POW007 False
10:15:26.962 @POW008 False
10:15:26.962 @POW009 False
10:15:26.962 @POW010 False
10:15:26.962 @POW011 False
10:15:26.963 @POW012 False
10:15:26.963 @POW013 True
10:15:26.963 @POW016 False
10:15:26.963 @POW017 False
10:15:26.963 @idx 43
10:15:26.965 @POW002 10001
10:15:26.966 @POW003 FormAssNewWork
10:15:26.966 @POW004 True
10:15:26.966 @POW005 True
10:15:26.966 @POW006 True
10:15:26.967 @POW007 True
10:15:26.967 @POW008 True
10:15:26.967 @POW009 True
10:15:26.967 @POW010 True
10:15:26.968 @POW011 True
10:15:26.968 @POW012 True
10:15:26.968 @POW013 True
10:15:26.968 @POW016 True
10:15:26.968 @POW017 True
10:15:26.968 @idx 6
10:15:26.970 @POW002 10001
10:15:26.970 @POW003 FormSupplierForMould
10:15:26.970 @POW004 True
10:15:26.970 @POW005 True
10:15:26.970 @POW006 True
10:15:26.970 @POW007 True
10:15:26.971 @POW008 True
10:15:26.971 @POW009 True
10:15:26.971 @POW010 True
10:15:26.971 @POW011 True
10:15:26.971 @POW012 True
10:15:26.971 @POW013 True
10:15:26.971 @POW016 True
10:15:26.971 @POW017 True
10:15:26.972 @idx 8
10:15:26.973 @POW002 10001
10:15:26.973 @POW003 FormPaintBoard
10:15:26.974 @POW004 True
10:15:26.974 @POW005 False
10:15:26.974 @POW006 False
10:15:26.974 @POW007 False
10:15:26.974 @POW008 False
10:15:26.974 @POW009 False
10:15:26.974 @POW010 False
10:15:26.974 @POW011 False
10:15:26.974 @POW012 False
10:15:26.975 @POW013 True
10:15:26.975 @POW016 False
10:15:26.975 @POW017 False
10:15:26.975 @idx 45
10:15:26.977 @POW002 10001
10:15:26.977 @POW003 FormEmployee
10:15:26.977 @POW004 True
10:15:26.977 @POW005 True
10:15:26.978 @POW006 True
10:15:26.978 @POW007 True
10:15:26.978 @POW008 True
10:15:26.978 @POW009 True
10:15:26.978 @POW010 True
10:15:26.978 @POW011 True
10:15:26.978 @POW012 True
10:15:26.978 @POW013 True
10:15:26.978 @POW016 True
10:15:26.979 @POW017 True
10:15:26.979 @idx 7
10:15:26.980 @POW002 10001
10:15:26.980 @POW003 FormSupplierForMould
10:15:26.980 @POW004 True
10:15:26.981 @POW005 True
10:15:26.981 @POW006 True
10:15:26.981 @POW007 True
10:15:26.981 @POW008 True
10:15:26.981 @POW009 True
10:15:26.981 @POW010 True
10:15:26.981 @POW011 True
10:15:26.981 @POW012 True
10:15:26.981 @POW013 True
10:15:26.982 @POW016 True
10:15:26.982 @POW017 True
10:15:26.982 @idx 8
10:15:26.983 @POW002 10001
10:15:26.984 @POW003 FormWages
10:15:26.984 @POW004 True
10:15:26.984 @POW005 False
10:15:26.984 @POW006 False
10:15:26.984 @POW007 False
10:15:26.984 @POW008 False
10:15:26.984 @POW009 False
10:15:26.985 @POW010 False
10:15:26.985 @POW011 False
10:15:26.985 @POW012 False
10:15:26.985 @POW013 True
10:15:26.985 @POW016 False
10:15:26.985 @POW017 False
10:15:26.985 @idx 40
10:15:26.987 @POW002 10001
10:15:26.987 @POW003 FormLEGNews
10:15:26.988 @POW004 True
10:15:26.988 @POW005 False
10:15:26.988 @POW006 False
10:15:26.988 @POW007 False
10:15:26.988 @POW008 False
10:15:26.988 @POW009 False
10:15:26.988 @POW010 False
10:15:26.988 @POW011 False
10:15:26.989 @POW012 False
10:15:26.989 @POW013 True
10:15:26.989 @POW016 False
10:15:26.989 @POW017 False
10:15:26.989 @idx 34
10:15:26.991 @POW002 10001
10:15:26.991 @POW003 FormAssNewWorkEnclosure
10:15:26.991 @POW004 True
10:15:26.991 @POW005 False
10:15:26.991 @POW006 False
10:15:26.992 @POW007 False
10:15:26.992 @POW008 False
10:15:26.992 @POW009 False
10:15:26.992 @POW010 False
10:15:26.992 @POW011 False
10:15:26.992 @POW012 False
10:15:26.992 @POW013 True
10:15:26.992 @POW016 False
10:15:26.993 @POW017 False
10:15:26.993 @idx 29
10:15:26.994 @POW002 10001
10:15:26.994 @POW003 FormAssNewWork
10:15:26.995 @POW004 True
10:15:26.995 @POW005 True
10:15:26.995 @POW006 True
10:15:26.995 @POW007 True
10:15:26.995 @POW008 True
10:15:26.995 @POW009 True
10:15:26.995 @POW010 True
10:15:26.995 @POW011 True
10:15:26.996 @POW012 True
10:15:26.996 @POW013 False
10:15:26.996 @POW016 True
10:15:26.996 @POW017 True
10:15:26.996 @idx 6
10:15:26.997 @POW002 10001
10:15:26.998 @POW003 FormLineForAssPlan
10:15:26.998 @POW004 True
10:15:26.998 @POW005 False
10:15:26.998 @POW006 False
10:15:26.998 @POW007 False
10:15:26.998 @POW008 False
10:15:26.998 @POW009 False
10:15:26.998 @POW010 False
10:15:26.999 @POW011 False
10:15:26.999 @POW012 False
10:15:26.999 @POW013 True
10:15:26.999 @POW016 False
10:15:26.999 @POW017 False
10:15:26.999 @idx 46
10:15:27.001 @POW002 10001
10:15:27.001 @POW003 FormProductPlanPreview
10:15:27.001 @POW004 False
10:15:27.001 @POW005 False
10:15:27.001 @POW006 False
10:15:27.001 @POW007 False
10:15:27.001 @POW008 False
10:15:27.002 @POW009 False
10:15:27.002 @POW010 False
10:15:27.002 @POW011 False
10:15:27.002 @POW012 False
10:15:27.002 @POW013 True
10:15:27.002 @POW016 False
10:15:27.002 @POW017 False
10:15:27.002 @idx 30
10:15:27.004 @POW002 10001
10:15:27.004 @POW003 FormInjectionBoard
10:15:27.004 @POW004 True
10:15:27.004 @POW005 False
10:15:27.004 @POW006 False
10:15:27.005 @POW007 False
10:15:27.005 @POW008 False
10:15:27.005 @POW009 False
10:15:27.005 @POW010 False
10:15:27.005 @POW011 False
10:15:27.005 @POW012 False
10:15:27.005 @POW013 True
10:15:27.005 @POW016 False
10:15:27.006 @POW017 False
10:15:27.006 @idx 44
10:15:27.007 @POW002 10001
10:15:27.008 @POW003 FormHardBoard
10:15:27.008 @POW004 True
10:15:27.008 @POW005 False
10:15:27.008 @POW006 False
10:15:27.008 @POW007 False
10:15:27.009 @POW008 False
10:15:27.009 @POW009 False
10:15:27.009 @POW010 False
10:15:27.009 @POW011 False
10:15:27.009 @POW012 False
10:15:27.010 @POW013 True
10:15:27.010 @POW016 False
10:15:27.010 @POW017 False
10:15:27.010 @idx 38
10:15:27.011 @POW002 10001
10:15:27.012 @POW003 FormHardWareWork
10:15:27.012 @POW004 True
10:15:27.012 @POW005 False
10:15:27.012 @POW006 False
10:15:27.012 @POW007 False
10:15:27.013 @POW008 False
10:15:27.013 @POW009 False
10:15:27.013 @POW010 False
10:15:27.013 @POW011 False
10:15:27.013 @POW012 False
10:15:27.013 @POW013 True
10:15:27.014 @POW016 False
10:15:27.014 @POW017 False
10:15:27.014 @idx 41
10:15:27.015 @POW002 10001
10:15:27.015 @POW003 FormInjectionMolding
10:15:27.016 @POW004 True
10:15:27.016 @POW005 False
10:15:27.016 @POW006 False
10:15:27.016 @POW007 False
10:15:27.016 @POW008 False
10:15:27.017 @POW009 False
10:15:27.017 @POW010 False
10:15:27.017 @POW011 False
10:15:27.018 @POW012 False
10:15:27.018 @POW013 True
10:15:27.018 @POW016 False
10:15:27.018 @POW017 False
10:15:27.018 @idx 48
10:15:27.020 @POW002 10001
10:15:27.020 @POW003 FormEmployee
10:15:27.020 @POW004 True
10:15:27.020 @POW005 True
10:15:27.021 @POW006 True
10:15:27.021 @POW007 True
10:15:27.021 @POW008 True
10:15:27.021 @POW009 True
10:15:27.021 @POW010 True
10:15:27.022 @POW011 True
10:15:27.022 @POW012 True
10:15:27.022 @POW013 True
10:15:27.022 @POW016 True
10:15:27.022 @POW017 True
10:15:27.022 @idx 7
10:15:27.024 @POW002 10001
10:15:27.024 @POW003 FormAssNewWork
10:15:27.024 @POW004 True
10:15:27.025 @POW005 True
10:15:27.025 @POW006 True
10:15:27.025 @POW007 True
10:15:27.025 @POW008 True
10:15:27.025 @POW009 True
10:15:27.025 @POW010 True
10:15:27.026 @POW011 True
10:15:27.026 @POW012 True
10:15:27.026 @POW013 True
10:15:27.026 @POW016 True
10:15:27.026 @POW017 True
10:15:27.026 @idx 6
10:15:27.028 @POW002 10001
10:15:27.028 @POW003 FormPaintNewspaper
10:15:27.028 @POW004 True
10:15:27.028 @POW005 False
10:15:27.029 @POW006 False
10:15:27.029 @POW007 False
10:15:27.029 @POW008 False
10:15:27.029 @POW009 False
10:15:27.029 @POW010 False
10:15:27.029 @POW011 False
10:15:27.030 @POW012 False
10:15:27.030 @POW013 True
10:15:27.030 @POW016 False
10:15:27.030 @POW017 False
10:15:27.030 @idx 42
10:15:27.032 @POW002 10001
10:15:27.032 @POW003 FormLogisticsNew
10:15:27.032 @POW004 True
10:15:27.032 @POW005 False
10:15:27.033 @POW006 False
10:15:27.033 @POW007 False
10:15:27.033 @POW008 False
10:15:27.033 @POW009 False
10:15:27.033 @POW010 False
10:15:27.034 @POW011 False
10:15:27.034 @POW012 False
10:15:27.034 @POW013 True
10:15:27.034 @POW016 False
10:15:27.034 @POW017 False
10:15:27.034 @idx 37
10:15:27.036 @POW002 10001
10:15:27.036 @POW003 FormBoarSet
10:15:27.036 @POW004 True
10:15:27.036 @POW005 True
10:15:27.037 @POW006 True
10:15:27.037 @POW007 True
10:15:27.037 @POW008 False
10:15:27.037 @POW009 True
10:15:27.037 @POW010 True
10:15:27.038 @POW011 True
10:15:27.038 @POW012 True
10:15:27.038 @POW013 True
10:15:27.038 @POW016 True
10:15:27.038 @POW017 True
10:15:27.038 @idx 31
10:15:38.152 @POW002 10001
10:15:38.153 @POW003 FormSupplierForMould
10:15:38.153 @POW004 True
10:15:38.154 @POW005 True
10:15:38.154 @POW006 True
10:15:38.155 @POW007 True
10:15:38.155 @POW008 True
10:15:38.156 @POW009 True
10:15:38.156 @POW010 True
10:15:38.157 @POW011 True
10:15:38.157 @POW012 True
10:15:38.157 @POW013 True
10:15:38.158 @POW016 True
10:15:38.159 @POW017 True
10:15:38.159 @idx 8
10:15:38.170 @POW002 10001
10:15:38.170 @POW003 FormMouldInformation
10:15:38.171 @POW004 True
10:15:38.172 @POW005 True
10:15:38.172 @POW006 True
10:15:38.173 @POW007 True
10:15:38.173 @POW008 False
10:15:38.174 @POW009 True
10:15:38.174 @POW010 True
10:15:38.175 @POW011 True
10:15:38.175 @POW012 True
10:15:38.175 @POW013 True
10:15:38.175 @POW016 True
10:15:38.176 @POW017 True
10:15:38.176 @idx 35
10:15:38.178 @POW002 10001
10:15:38.179 @POW003 FormProductPlanPreview
10:15:38.179 @POW004 False
10:15:38.179 @POW005 False
10:15:38.179 @POW006 False
10:15:38.180 @POW007 False
10:15:38.180 @POW008 False
10:15:38.180 @POW009 False
10:15:38.180 @POW010 False
10:15:38.180 @POW011 False
10:15:38.180 @POW012 False
10:15:38.181 @POW013 True
10:15:38.181 @POW016 False
10:15:38.181 @POW017 False
10:15:38.181 @idx 30
10:15:38.183 @POW002 10001
10:15:38.184 @POW003 FormSupplierForMould
10:15:38.184 @POW004 True
10:15:38.184 @POW005 True
10:15:38.184 @POW006 True
10:15:38.184 @POW007 True
10:15:38.185 @POW008 True
10:15:38.185 @POW009 True
10:15:38.185 @POW010 True
10:15:38.185 @POW011 True
10:15:38.185 @POW012 True
10:15:38.186 @POW013 True
10:15:38.186 @POW016 True
10:15:38.186 @POW017 True
10:15:38.186 @idx 8
10:15:38.188 @POW002 10001
10:15:38.189 @POW003 FormPurchaseBoard
10:15:38.189 @POW004 True
10:15:38.189 @POW005 False
10:15:38.189 @POW006 False
10:15:38.189 @POW007 False
10:15:38.190 @POW008 False
10:15:38.190 @POW009 False
10:15:38.190 @POW010 False
10:15:38.191 @POW011 False
10:15:38.191 @POW012 False
10:15:38.191 @POW013 True
10:15:38.191 @POW016 False
10:15:38.192 @POW017 False
10:15:38.192 @idx 27
10:15:38.197 @POW002 10001
10:15:38.197 @POW003 FormLineForAssPlan
10:15:38.197 @POW004 True
10:15:38.198 @POW005 False
10:15:38.198 @POW006 False
10:15:38.198 @POW007 False
10:15:38.198 @POW008 False
10:15:38.199 @POW009 False
10:15:38.199 @POW010 False
10:15:38.199 @POW011 False
10:15:38.200 @POW012 False
10:15:38.200 @POW013 True
10:15:38.200 @POW016 False
10:15:38.200 @POW017 False
10:15:38.201 @idx 46
10:15:38.202 @POW002 10001
10:15:38.202 @POW003 FormAssNewWork
10:15:38.203 @POW004 True
10:15:38.203 @POW005 True
10:15:38.203 @POW006 True
10:15:38.203 @POW007 True
10:15:38.204 @POW008 True
10:15:38.204 @POW009 True
10:15:38.204 @POW010 True
10:15:38.204 @POW011 True
10:15:38.205 @POW012 True
10:15:38.205 @POW013 True
10:15:38.205 @POW016 True
10:15:38.205 @POW017 True
10:15:38.205 @idx 6
10:15:38.207 @POW002 10001
10:15:38.207 @POW003 FormLEDNewsPaper
10:15:38.208 @POW004 True
10:15:38.208 @POW005 False
10:15:38.208 @POW006 False
10:15:38.208 @POW007 False
10:15:38.208 @POW008 False
10:15:38.209 @POW009 False
10:15:38.209 @POW010 False
10:15:38.209 @POW011 False
10:15:38.209 @POW012 False
10:15:38.209 @POW013 True
10:15:38.210 @POW016 False
10:15:38.210 @POW017 False
10:15:38.210 @idx 47
10:15:38.211 @POW002 10001
10:15:38.212 @POW003 FormSemiPlanView
10:15:38.212 @POW004 True
10:15:38.212 @POW005 False
10:15:38.212 @POW006 False
10:15:38.212 @POW007 False
10:15:38.212 @POW008 False
10:15:38.212 @POW009 False
10:15:38.212 @POW010 False
10:15:38.213 @POW011 False
10:15:38.213 @POW012 False
10:15:38.213 @POW013 True
10:15:38.213 @POW016 False
10:15:38.213 @POW017 False
10:15:38.213 @idx 39
10:15:38.215 @POW002 10001
10:15:38.215 @POW003 FormEmployee
10:15:38.215 @POW004 True
10:15:38.215 @POW005 True
10:15:38.215 @POW006 True
10:15:38.215 @POW007 True
10:15:38.215 @POW008 True
10:15:38.216 @POW009 True
10:15:38.216 @POW010 True
10:15:38.216 @POW011 True
10:15:38.216 @POW012 True
10:15:38.216 @POW013 True
10:15:38.216 @POW016 True
10:15:38.217 @POW017 True
10:15:38.217 @idx 7
10:15:38.219 @POW002 10001
10:15:38.219 @POW003 FormAssNewWorkEnclosure
10:15:38.219 @POW004 True
10:15:38.219 @POW005 False
10:15:38.219 @POW006 False
10:15:38.219 @POW007 False
10:15:38.219 @POW008 False
10:15:38.220 @POW009 False
10:15:38.220 @POW010 False
10:15:38.220 @POW011 False
10:15:38.220 @POW012 False
10:15:38.220 @POW013 True
10:15:38.220 @POW016 False
10:15:38.220 @POW017 False
10:15:38.220 @idx 29
10:15:38.222 @POW002 10001
10:15:38.222 @POW003 FormLogisticsNew
10:15:38.222 @POW004 True
10:15:38.223 @POW005 False
10:15:38.223 @POW006 False
10:15:38.223 @POW007 False
10:15:38.223 @POW008 False
10:15:38.223 @POW009 False
10:15:38.223 @POW010 False
10:15:38.223 @POW011 False
10:15:38.223 @POW012 False
10:15:38.224 @POW013 True
10:15:38.224 @POW016 False
10:15:38.224 @POW017 False
10:15:38.224 @idx 37
10:15:38.226 @POW002 10001
10:15:38.226 @POW003 FormAssNewWork
10:15:38.226 @POW004 True
10:15:38.226 @POW005 True
10:15:38.226 @POW006 True
10:15:38.227 @POW007 True
10:15:38.227 @POW008 True
10:15:38.227 @POW009 True
10:15:38.227 @POW010 True
10:15:38.228 @POW011 True
10:15:38.228 @POW012 True
10:15:38.228 @POW013 True
10:15:38.228 @POW016 True
10:15:38.228 @POW017 True
10:15:38.229 @idx 6
10:15:38.230 @POW002 10001
10:15:38.230 @POW003 FormWages
10:15:38.230 @POW004 True
10:15:38.230 @POW005 False
10:15:38.231 @POW006 False
10:15:38.231 @POW007 False
10:15:38.231 @POW008 False
10:15:38.231 @POW009 False
10:15:38.231 @POW010 False
10:15:38.231 @POW011 False
10:15:38.231 @POW012 False
10:15:38.231 @POW013 True
10:15:38.232 @POW016 False
10:15:38.232 @POW017 False
10:15:38.232 @idx 40
10:15:38.233 @POW002 10001
10:15:38.234 @POW003 FormMachinePlat
10:15:38.234 @POW004 True
10:15:38.234 @POW005 True
10:15:38.234 @POW006 True
10:15:38.234 @POW007 True
10:15:38.234 @POW008 False
10:15:38.234 @POW009 True
10:15:38.234 @POW010 True
10:15:38.235 @POW011 True
10:15:38.235 @POW012 True
10:15:38.235 @POW013 True
10:15:38.235 @POW016 True
10:15:38.235 @POW017 True
10:15:38.235 @idx 28
10:15:38.237 @POW002 10001
10:15:38.237 @POW003 FormInjectionBoard
10:15:38.237 @POW004 True
10:15:38.237 @POW005 False
10:15:38.237 @POW006 False
10:15:38.237 @POW007 False
10:15:38.238 @POW008 False
10:15:38.238 @POW009 False
10:15:38.238 @POW010 False
10:15:38.238 @POW011 False
10:15:38.238 @POW012 False
10:15:38.238 @POW013 True
10:15:38.238 @POW016 False
10:15:38.238 @POW017 False
10:15:38.238 @idx 44
10:15:38.240 @POW002 10001
10:15:38.240 @POW003 FormHardWareWork
10:15:38.240 @POW004 True
10:15:38.241 @POW005 False
10:15:38.241 @POW006 False
10:15:38.241 @POW007 False
10:15:38.241 @POW008 False
10:15:38.241 @POW009 False
10:15:38.241 @POW010 False
10:15:38.241 @POW011 False
10:15:38.241 @POW012 False
10:15:38.241 @POW013 True
10:15:38.242 @POW016 False
10:15:38.242 @POW017 False
10:15:38.242 @idx 41
10:15:38.244 @POW002 10001
10:15:38.244 @POW003 FormLEGBoard
10:15:38.244 @POW004 True
10:15:38.244 @POW005 False
10:15:38.244 @POW006 False
10:15:38.244 @POW007 False
10:15:38.244 @POW008 False
10:15:38.245 @POW009 False
10:15:38.245 @POW010 False
10:15:38.245 @POW011 False
10:15:38.245 @POW012 False
10:15:38.245 @POW013 True
10:15:38.245 @POW016 False
10:15:38.245 @POW017 False
10:15:38.245 @idx 43
10:15:38.247 @POW002 10001
10:15:38.248 @POW003 FormArt
10:15:38.248 @POW004 True
10:15:38.248 @POW005 True
10:15:38.248 @POW006 True
10:15:38.248 @POW007 True
10:15:38.248 @POW008 True
10:15:38.248 @POW009 True
10:15:38.248 @POW010 True
10:15:38.248 @POW011 True
10:15:38.249 @POW012 True
10:15:38.249 @POW013 False
10:15:38.249 @POW016 True
10:15:38.249 @POW017 True
10:15:38.249 @idx 9
10:15:38.251 @POW002 10001
10:15:38.251 @POW003 FormHardBoard
10:15:38.251 @POW004 True
10:15:38.251 @POW005 False
10:15:38.251 @POW006 False
10:15:38.251 @POW007 False
10:15:38.251 @POW008 False
10:15:38.252 @POW009 False
10:15:38.252 @POW010 False
10:15:38.252 @POW011 False
10:15:38.252 @POW012 False
10:15:38.252 @POW013 True
10:15:38.252 @POW016 False
10:15:38.252 @POW017 False
10:15:38.252 @idx 38
10:15:38.254 @POW002 10001
10:15:38.254 @POW003 FormEmployee
10:15:38.255 @POW004 True
10:15:38.255 @POW005 True
10:15:38.255 @POW006 True
10:15:38.255 @POW007 True
10:15:38.255 @POW008 True
10:15:38.255 @POW009 True
10:15:38.255 @POW010 True
10:15:38.255 @POW011 True
10:15:38.256 @POW012 True
10:15:38.256 @POW013 True
10:15:38.256 @POW016 True
10:15:38.256 @POW017 True
10:15:38.256 @idx 7
10:15:38.258 @POW002 10001
10:15:38.258 @POW003 FormSupplierForMould
10:15:38.258 @POW004 True
10:15:38.259 @POW005 True
10:15:38.259 @POW006 True
10:15:38.259 @POW007 True
10:15:38.259 @POW008 True
10:15:38.259 @POW009 True
10:15:38.259 @POW010 True
10:15:38.260 @POW011 True
10:15:38.260 @POW012 True
10:15:38.260 @POW013 True
10:15:38.260 @POW016 True
10:15:38.260 @POW017 True
10:15:38.260 @idx 8
10:15:38.262 @POW002 10001
10:15:38.262 @POW003 FormPaintNewspaper
10:15:38.262 @POW004 True
10:15:38.263 @POW005 False
10:15:38.263 @POW006 False
10:15:38.263 @POW007 False
10:15:38.264 @POW008 False
10:15:38.264 @POW009 False
10:15:38.264 @POW010 False
10:15:38.264 @POW011 False
10:15:38.264 @POW012 False
10:15:38.264 @POW013 True
10:15:38.264 @POW016 False
10:15:38.264 @POW017 False
10:15:38.264 @idx 42
10:15:38.266 @POW002 10001
10:15:38.266 @POW003 FormBoarSet
10:15:38.266 @POW004 True
10:15:38.266 @POW005 True
10:15:38.267 @POW006 True
10:15:38.267 @POW007 True
10:15:38.267 @POW008 False
10:15:38.267 @POW009 True
10:15:38.267 @POW010 True
10:15:38.268 @POW011 True
10:15:38.268 @POW012 True
10:15:38.268 @POW013 True
10:15:38.268 @POW016 True
10:15:38.268 @POW017 True
10:15:38.268 @idx 31
10:15:38.270 @POW002 10001
10:15:38.270 @POW003 FormLEGNews
10:15:38.270 @POW004 True
10:15:38.270 @POW005 False
10:15:38.271 @POW006 False
10:15:38.271 @POW007 False
10:15:38.271 @POW008 False
10:15:38.271 @POW009 False
10:15:38.271 @POW010 False
10:15:38.272 @POW011 False
10:15:38.272 @POW012 False
10:15:38.272 @POW013 True
10:15:38.272 @POW016 False
10:15:38.272 @POW017 False
10:15:38.273 @idx 34
10:15:38.274 @POW002 10001
10:15:38.274 @POW003 FormPurProductView
10:15:38.274 @POW004 True
10:15:38.275 @POW005 True
10:15:38.275 @POW006 False
10:15:38.275 @POW007 False
10:15:38.275 @POW008 False
10:15:38.275 @POW009 False
10:15:38.275 @POW010 False
10:15:38.276 @POW011 False
10:15:38.276 @POW012 False
10:15:38.276 @POW013 True
10:15:38.276 @POW016 False
10:15:38.276 @POW017 False
10:15:38.277 @idx 36
10:15:38.278 @POW002 10001
10:15:38.278 @POW003 FormArt
10:15:38.278 @POW004 True
10:15:38.278 @POW005 True
10:15:38.279 @POW006 True
10:15:38.279 @POW007 True
10:15:38.279 @POW008 True
10:15:38.279 @POW009 True
10:15:38.279 @POW010 True
10:15:38.280 @POW011 True
10:15:38.280 @POW012 True
10:15:38.280 @POW013 False
10:15:38.280 @POW016 True
10:15:38.280 @POW017 True
10:15:38.280 @idx 9
10:15:38.282 @POW002 10001
10:15:38.282 @POW003 FormArt
10:15:38.282 @POW004 True
10:15:38.282 @POW005 True
10:15:38.283 @POW006 True
10:15:38.283 @POW007 True
10:15:38.283 @POW008 True
10:15:38.283 @POW009 True
10:15:38.283 @POW010 True
10:15:38.284 @POW011 True
10:15:38.284 @POW012 True
10:15:38.284 @POW013 False
10:15:38.284 @POW016 True
10:15:38.284 @POW017 True
10:15:38.284 @idx 9
10:15:38.286 @POW002 10001
10:15:38.286 @POW003 FormAssBoard
10:15:38.286 @POW004 True
10:15:38.286 @POW005 False
10:15:38.286 @POW006 False
10:15:38.287 @POW007 False
10:15:38.287 @POW008 False
10:15:38.287 @POW009 False
10:15:38.287 @POW010 False
10:15:38.287 @POW011 False
10:15:38.288 @POW012 False
10:15:38.288 @POW013 True
10:15:38.288 @POW016 False
10:15:38.288 @POW017 False
10:15:38.288 @idx 32
10:15:38.290 @POW002 10001
10:15:38.290 @POW003 FormLEEBoard
10:15:38.290 @POW004 True
10:15:38.290 @POW005 False
10:15:38.290 @POW006 False
10:15:38.290 @POW007 False
10:15:38.291 @POW008 False
10:15:38.291 @POW009 False
10:15:38.291 @POW010 False
10:15:38.291 @POW011 False
10:15:38.291 @POW012 False
10:15:38.292 @POW013 True
10:15:38.292 @POW016 False
10:15:38.292 @POW017 False
10:15:38.292 @idx 33
10:15:38.294 @POW002 10001
10:15:38.294 @POW003 FormAssNewWork
10:15:38.294 @POW004 True
10:15:38.294 @POW005 True
10:15:38.294 @POW006 True
10:15:38.295 @POW007 True
10:15:38.295 @POW008 True
10:15:38.295 @POW009 True
10:15:38.295 @POW010 True
10:15:38.295 @POW011 True
10:15:38.296 @POW012 True
10:15:38.299 @POW013 False
10:15:38.299 @POW016 True
10:15:38.299 @POW017 True
10:15:38.300 @idx 6
10:15:38.301 @POW002 10001
10:15:38.301 @POW003 FormPaintBoard
10:15:38.301 @POW004 True
10:15:38.302 @POW005 False
10:15:38.302 @POW006 False
10:15:38.302 @POW007 False
10:15:38.302 @POW008 False
10:15:38.302 @POW009 False
10:15:38.303 @POW010 False
10:15:38.303 @POW011 False
10:15:38.303 @POW012 False
10:15:38.303 @POW013 True
10:15:38.303 @POW016 False
10:15:38.304 @POW017 False
10:15:38.304 @idx 45
10:15:38.305 @POW002 10001
10:15:38.305 @POW003 FormEmployee
10:15:38.306 @POW004 True
10:15:38.306 @POW005 True
10:15:38.306 @POW006 True
10:15:38.306 @POW007 True
10:15:38.306 @POW008 True
10:15:38.307 @POW009 True
10:15:38.307 @POW010 True
10:15:38.307 @POW011 True
10:15:38.307 @POW012 True
10:15:38.307 @POW013 True
10:15:38.308 @POW016 True
10:15:38.308 @POW017 True
10:15:38.308 @idx 7
10:15:38.309 @POW002 10001
10:15:38.309 @POW003 FormInjectionMolding
10:15:38.310 @POW004 True
10:15:38.310 @POW005 False
10:15:38.310 @POW006 False
10:15:38.310 @POW007 False
10:15:38.310 @POW008 False
10:15:38.311 @POW009 False
10:15:38.311 @POW010 False
10:15:38.311 @POW011 False
10:15:38.311 @POW012 False
10:15:38.311 @POW013 True
10:15:38.311 @POW016 False
10:15:38.312 @POW017 False
10:15:38.312 @idx 48
10:15:56.565 @EMP002 陈显元
10:15:56.566 @EMP033 cebfd1559b68d67688884d7a3d3e8c
15:08:50.393 @EMP002 系统管理员
15:08:50.395 @EMP033 cebfd1559b68d67688884d7a3d3e8c
15:45:08.658 @EMP002 系统管理员
15:45:08.658 @EMP033 cebfd1559b68d67688884d7a3d3e8c
15:45:36.796 @PRE002 SD201811060005
15:45:36.797 @PRE003 001
15:45:36.797 @PRE004 HYB-KW624A
15:45:36.797 @PRE005 2018/12/5 0:00:00
15:45:36.798 @PRE006 2018/11/26 0:00:00
15:45:36.798 @PRE007 1500
15:45:36.798 @PRE008 200
15:45:36.799 @PRE010 200
15:45:36.799 @idx 260
15:45:36.808 @PRE002 SD201811060005
15:45:36.809 @PRE003 001
15:45:36.809 @PRE004 HYB-KW624A
15:45:36.810 @PRE005 2018/12/6 0:00:00
15:45:36.811 @PRE006 2018/11/26 0:00:00
15:45:36.811 @PRE007 1500
15:45:36.812 @PRE008 200
15:45:36.812 @PRE010 200
15:45:36.813 @idx 261
15:45:36.820 @PRE002 SD201811060005
15:45:36.821 @PRE003 001
15:45:36.821 @PRE004 HYB-KW624A
15:45:36.822 @PRE005 2018/12/7 0:00:00
15:45:36.832 @PRE006 2018/11/26 0:00:00
15:45:36.832 @PRE007 1500
15:45:36.833 @PRE008 200
15:45:36.833 @PRE010 200
15:45:36.833 @idx 262
15:45:36.838 @PRE002 SD201811060005
15:45:36.839 @PRE003 001
15:45:36.839 @PRE004 HYB-KW624A
15:45:36.839 @PRE005 2018/12/8 0:00:00
15:45:36.839 @PRE006 2018/11/26 0:00:00
15:45:36.840 @PRE007 1500
15:45:36.840 @PRE008 200
15:45:36.840 @PRE010 200
15:45:36.840 @idx 263
15:45:36.842 @PRE002 SD201811060005
15:45:36.842 @PRE003 001
15:45:36.842 @PRE004 HYB-KW624A
15:45:36.843 @PRE005 2018/12/9 0:00:00
15:45:36.843 @PRE006 2018/11/26 0:00:00
15:45:36.843 @PRE007 1500
15:45:36.843 @PRE008 200
15:45:36.844 @PRE010 200
15:45:36.844 @idx 264
15:45:36.846 @PRE002 SD201811060005
15:45:36.846 @PRE003 001
15:45:36.846 @PRE004 HYB-KW624A
15:45:36.846 @PRE005 2018/12/10 0:00:00
15:45:36.847 @PRE006 2018/11/26 0:00:00
15:45:36.847 @PRE007 1500
15:45:36.847 @PRE008 200
15:45:36.847 @PRE010 200
15:45:36.848 @idx 265
15:45:36.855 @PRE002 SD201811060005
15:45:36.855 @PRE003 001
15:45:36.855 @PRE004 HYB-KW624A
15:45:36.855 @PRE005 2018/12/11 0:00:00
15:45:36.856 @PRE006 2018/11/26 0:00:00
15:45:36.856 @PRE007 1500
15:45:36.856 @PRE008 200
15:45:36.856 @PRE010 200
15:45:36.856 @idx 266
15:45:36.858 @PRE002 SD201811060005
15:45:36.858 @PRE003 001
15:45:36.858 @PRE004 HYB-KW624A
15:45:36.858 @PRE005 2018/12/12 0:00:00
15:45:36.859 @PRE006 2018/11/26 0:00:00
15:45:36.859 @PRE007 1500
15:45:36.859 @PRE008 0
15:45:36.859 @PRE010 200
15:45:36.859 @idx 267
15:45:36.861 @PRE002 SD201811060005
15:45:36.862 @PRE003 001
15:45:36.862 @PRE004 HYB-KW624A
15:45:36.862 @PRE005 2018/12/13 0:00:00
15:45:36.862 @PRE006 2018/11/26 0:00:00
15:45:36.863 @PRE007 1500
15:45:36.863 @PRE008 0
15:45:36.863 @PRE010 200
15:45:36.863 @idx 268
15:45:36.865 @PRE001 20181205002
15:45:36.865 @PRE002 SD201811060005
15:45:36.865 @PRE003 001
15:45:36.865 @PRE004 HYB-KW624A
15:45:36.866 @PRE005 2018/12/14 0:00:00
15:45:36.866 @PRE006 2018/11/26 0:00:00
15:45:36.866 @PRE007 1500
15:45:36.866 @PRE008 100
15:45:36.866 @PRE010 200
15:45:36.869 @PRF001 HYB-KW624A
15:45:36.869 @PRF002 2018/12/14 0:00:00
15:45:36.869 @PRF003 100
15:48:34.395 @EMP002 系统管理员
15:48:34.396 @EMP033 cebfd1559b68d67688884d7a3d3e8c
15:50:30.540 @EMP002 系统管理员
15:50:30.541 @EMP033 cebfd1559b68d67688884d7a3d3e8c
15:52:50.205 @EMP002 系统管理员
15:52:50.205 @EMP033 cebfd1559b68d67688884d7a3d3e8c
15:53:57.108 @PRD001 20181206001
15:53:57.108 @PRD002 2018/12/6 0:00:00
15:53:57.108 @PRD003 False
15:53:57.112 @PRE001 20181206001
15:53:57.113 @PRE002 SD201809010004
15:53:57.115 @PRE003 001
15:53:57.115 @PRE004 HYB-KW624C
15:53:57.116 @PRE005 2018/12/6 0:00:00
15:53:57.116 @PRE006 2018/9/10 0:00:00
15:53:57.116 @PRE007 2500
15:53:57.117 @PRE008 200
15:53:57.117 @PRE010 200
15:53:57.123 @PRF001 HYB-KW624C
15:53:57.123 @PRF002 2018/12/6 0:00:00
15:53:57.123 @PRF003 200
15:53:57.128 @PRE001 20181206001
15:53:57.128 @PRE002 SD201809010004
15:53:57.129 @PRE003 001
15:53:57.129 @PRE004 HYB-KW624C
15:53:57.129 @PRE005 2018/12/7 0:00:00
15:53:57.129 @PRE006 2018/9/10 0:00:00
15:53:57.130 @PRE007 2500
15:53:57.130 @PRE008 200
15:53:57.130 @PRE010 200
15:53:57.134 @PRF001 HYB-KW624C
15:53:57.134 @PRF002 2018/12/7 0:00:00
15:53:57.135 @PRF003 200
15:53:57.136 @PRE001 20181206001
15:53:57.136 @PRE002 SD201809010004
15:53:57.136 @PRE003 001
15:53:57.137 @PRE004 HYB-KW624C
15:53:57.137 @PRE005 2018/12/8 0:00:00
15:53:57.137 @PRE006 2018/9/10 0:00:00
15:53:57.137 @PRE007 2500
15:53:57.137 @PRE008 200
15:53:57.137 @PRE010 200
15:53:57.139 @PRF001 HYB-KW624C
15:53:57.140 @PRF002 2018/12/8 0:00:00
15:53:57.140 @PRF003 200
15:53:57.141 @PRE001 20181206001
15:53:57.142 @PRE002 SD201809010004
15:53:57.142 @PRE003 001
15:53:57.142 @PRE004 HYB-KW624C
15:53:57.142 @PRE005 2018/12/9 0:00:00
15:53:57.142 @PRE006 2018/9/10 0:00:00
15:53:57.143 @PRE007 2500
15:53:57.143 @PRE008 200
15:53:57.143 @PRE010 200
15:53:57.145 @PRF001 HYB-KW624C
15:53:57.145 @PRF002 2018/12/9 0:00:00
15:53:57.145 @PRF003 200
15:53:57.147 @PRE001 20181206001
15:53:57.147 @PRE002 SD201809010004
15:53:57.147 @PRE003 001
15:53:57.147 @PRE004 HYB-KW624C
15:53:57.148 @PRE005 2018/12/10 0:00:00
15:53:57.148 @PRE006 2018/9/10 0:00:00
15:53:57.148 @PRE007 2500
15:53:57.148 @PRE008 200
15:53:57.149 @PRE010 200
15:53:57.150 @PRF001 HYB-KW624C
15:53:57.150 @PRF002 2018/12/10 0:00:00
15:53:57.151 @PRF003 200
15:53:57.152 @PRE001 20181206001
15:53:57.152 @PRE002 SD201809010004
15:53:57.152 @PRE003 001
15:53:57.153 @PRE004 HYB-KW624C
15:53:57.153 @PRE005 2018/12/11 0:00:00
15:53:57.153 @PRE006 2018/9/10 0:00:00
15:53:57.153 @PRE007 2500
15:53:57.153 @PRE008 200
15:53:57.154 @PRE010 200
15:53:57.155 @PRF001 HYB-KW624C
15:53:57.155 @PRF002 2018/12/11 0:00:00
15:53:57.155 @PRF003 200
15:53:57.157 @PRE001 20181206001
15:53:57.157 @PRE002 SD201809010004
15:53:57.157 @PRE003 001
15:53:57.157 @PRE004 HYB-KW624C
15:53:57.157 @PRE005 2018/12/12 0:00:00
15:53:57.158 @PRE006 2018/9/10 0:00:00
15:53:57.158 @PRE007 2500
15:53:57.158 @PRE008 200
15:53:57.158 @PRE010 200
15:53:57.160 @PRF001 HYB-KW624C
15:53:57.160 @PRF002 2018/12/12 0:00:00
15:53:57.160 @PRF003 200
15:53:57.162 @PRE001 20181206001
15:53:57.162 @PRE002 SD201809010004
15:53:57.162 @PRE003 001
15:53:57.162 @PRE004 HYB-KW624C
15:53:57.162 @PRE005 2018/12/13 0:00:00
15:53:57.163 @PRE006 2018/9/10 0:00:00
15:53:57.163 @PRE007 2500
15:53:57.163 @PRE008 200
15:53:57.163 @PRE010 200
15:53:57.165 @PRF001 HYB-KW624C
15:53:57.165 @PRF002 2018/12/13 0:00:00
15:53:57.166 @PRF003 200
15:53:57.167 @PRE001 20181206001
15:53:57.167 @PRE002 SD201809010004
15:53:57.167 @PRE003 001
15:53:57.167 @PRE004 HYB-KW624C
15:53:57.168 @PRE005 2018/12/14 0:00:00
15:53:57.168 @PRE006 2018/9/10 0:00:00
15:53:57.168 @PRE007 2500
15:53:57.168 @PRE008 200
15:53:57.169 @PRE010 200
15:53:57.170 @PRF001 HYB-KW624C
15:53:57.170 @PRF002 2018/12/14 0:00:00
15:53:57.170 @PRF003 200
15:53:57.171 @PRE001 20181206001
15:53:57.172 @PRE002 SD201809010004
15:53:57.172 @PRE003 001
15:53:57.172 @PRE004 HYB-KW624C
15:53:57.172 @PRE005 2018/12/15 0:00:00
15:53:57.172 @PRE006 2018/9/10 0:00:00
15:53:57.173 @PRE007 2500
15:53:57.173 @PRE008 200
15:53:57.173 @PRE010 200
15:53:57.175 @PRF001 HYB-KW624C
15:53:57.175 @PRF002 2018/12/15 0:00:00
15:53:57.175 @PRF003 200
15:53:57.177 @PRE001 20181206001
15:53:57.177 @PRE002 SD201809010004
15:53:57.177 @PRE003 001
15:53:57.177 @PRE004 HYB-KW624C
15:53:57.178 @PRE005 2018/12/16 0:00:00
15:53:57.178 @PRE006 2018/9/10 0:00:00
15:53:57.178 @PRE007 2500
15:53:57.178 @PRE008 200
15:53:57.179 @PRE010 200
15:53:57.180 @PRF001 HYB-KW624C
15:53:57.181 @PRF002 2018/12/16 0:00:00
15:53:57.181 @PRF003 200
15:53:57.182 @PRE001 20181206001
15:53:57.182 @PRE002 SD201809010004
15:53:57.183 @PRE003 001
15:53:57.183 @PRE004 HYB-KW624C
15:53:57.183 @PRE005 2018/12/17 0:00:00
15:53:57.183 @PRE006 2018/9/10 0:00:00
15:53:57.183 @PRE007 2500
15:53:57.183 @PRE008 200
15:53:57.184 @PRE010 200
15:53:57.185 @PRF001 HYB-KW624C
15:53:57.185 @PRF002 2018/12/17 0:00:00
15:53:57.185 @PRF003 200
15:53:57.187 @PRE001 20181206001
15:53:57.187 @PRE002 SD201809010004
15:53:57.187 @PRE003 001
15:53:57.187 @PRE004 HYB-KW624C
15:53:57.187 @PRE005 2018/12/18 0:00:00
15:53:57.187 @PRE006 2018/9/10 0:00:00
15:53:57.188 @PRE007 2500
15:53:57.188 @PRE008 100
15:53:57.188 @PRE010 200
15:53:57.189 @PRF001 HYB-KW624C
15:53:57.189 @PRF002 2018/12/18 0:00:00
15:53:57.190 @PRF003 100
15:54:27.522 @PRD001 20181206002
15:54:27.522 @PRD002 2018/12/6 0:00:00
15:54:27.523 @PRD003 False
15:54:27.534 @PRE001 20181206002
15:54:27.535 @PRE002 SD201810160003
15:54:27.541 @PRE003 001
15:54:27.542 @PRE004 HYB-KW624A
15:54:27.542 @PRE005 2018/12/6 0:00:00
15:54:27.543 @PRE006 2018/11/6 0:00:00
15:54:27.543 @PRE007 1500
15:54:27.543 @PRE008 300
15:54:27.544 @PRE010 300
15:54:27.550 @PRF001 HYB-KW624A
15:54:27.551 @PRF002 2018/12/6 0:00:00
15:54:27.551 @PRF003 300
15:54:27.560 @PRE001 20181206002
15:54:27.560 @PRE002 SD201810160003
15:54:27.561 @PRE003 001
15:54:27.561 @PRE004 HYB-KW624A
15:54:27.561 @PRE005 2018/12/7 0:00:00
15:54:27.562 @PRE006 2018/11/6 0:00:00
15:54:27.562 @PRE007 1500
15:54:27.563 @PRE008 300
15:54:27.563 @PRE010 300
15:54:27.565 @PRF001 HYB-KW624A
15:54:27.566 @PRF002 2018/12/7 0:00:00
15:54:27.566 @PRF003 300
15:54:27.571 @PRE001 20181206002
15:54:27.571 @PRE002 SD201810160003
15:54:27.571 @PRE003 001
15:54:27.572 @PRE004 HYB-KW624A
15:54:27.572 @PRE005 2018/12/8 0:00:00
15:54:27.572 @PRE006 2018/11/6 0:00:00
15:54:27.572 @PRE007 1500
15:54:27.573 @PRE008 300
15:54:27.573 @PRE010 300
15:54:27.576 @PRF001 HYB-KW624A
15:54:27.577 @PRF002 2018/12/8 0:00:00
15:54:27.577 @PRF003 300
15:54:27.579 @PRE001 20181206002
15:54:27.580 @PRE002 SD201810160003
15:54:27.580 @PRE003 001
15:54:27.581 @PRE004 HYB-KW624A
15:54:27.582 @PRE005 2018/12/9 0:00:00
15:54:27.582 @PRE006 2018/11/6 0:00:00
15:54:27.582 @PRE007 1500
15:54:27.583 @PRE008 300
15:54:27.583 @PRE010 300
15:54:27.587 @PRF001 HYB-KW624A
15:54:27.587 @PRF002 2018/12/9 0:00:00
15:54:27.588 @PRF003 300
15:54:27.592 @PRE001 20181206002
15:54:27.592 @PRE002 SD201810160003
15:54:27.592 @PRE003 001
15:54:27.592 @PRE004 HYB-KW624A
15:54:27.592 @PRE005 2018/12/10 0:00:00
15:54:27.593 @PRE006 2018/11/6 0:00:00
15:54:27.593 @PRE007 1500
15:54:27.593 @PRE008 300
15:54:27.593 @PRE010 300
15:54:27.595 @PRF001 HYB-KW624A
15:54:27.595 @PRF002 2018/12/10 0:00:00
15:54:27.596 @PRF003 300
15:55:08.370 @PRD001 20181206003
15:55:08.370 @PRD002 2018/12/6 0:00:00
15:55:08.370 @PRD003 False
15:55:08.380 @PRE001 20181206003
15:55:08.380 @PRE002 SD201810310003
15:55:08.380 @PRE003 001
15:55:08.381 @PRE004 HYB-KW624A
15:55:08.381 @PRE005 2018/12/6 0:00:00
15:55:08.381 @PRE006 2018/11/20 0:00:00
15:55:08.381 @PRE007 1000
15:55:08.382 @PRE008 500
15:55:08.382 @PRE010 500
15:55:08.383 @PRF001 HYB-KW624A
15:55:08.384 @PRF002 2018/12/6 0:00:00
15:55:08.384 @PRF003 500
15:55:08.385 @PRE001 20181206003
15:55:08.386 @PRE002 SD201810310003
15:55:08.386 @PRE003 001
15:55:08.386 @PRE004 HYB-KW624A
15:55:08.386 @PRE005 2018/12/7 0:00:00
15:55:08.386 @PRE006 2018/11/20 0:00:00
15:55:08.386 @PRE007 1000
15:55:08.387 @PRE008 500
15:55:08.387 @PRE010 500
15:55:08.388 @PRF001 HYB-KW624A
15:55:08.388 @PRF002 2018/12/7 0:00:00
15:55:08.389 @PRF003 500
