08:14:27.563  异常信息：远程服务器返回错误: (404) 未找到。
  堆栈信息:   在 AutoUpdate.AppUpdate.DownloadFile(String url, String localFilePath) 位置 D:\ProjectData\MiKe\LineProductMes\LineProductMes\ClassForMain\AppUpdate.cs:行号 243
   在 AutoUpdate.AppUpdate.CheckAppVersion(String& msg) 位置 D:\ProjectData\MiKe\LineProductMes\LineProductMes\ClassForMain\AppUpdate.cs:行号 310
08:14:36.086 @EMP002 系统管理员
08:14:36.087 @EMP033 cebfd1559b68d67688884d7a3d3e8c
09:06:16.781 @HAW002 GD201806160024
09:06:16.783 @HAW003 202101340
09:06:16.784 @HAW004 JSYH02-XM面板-丝印
09:06:16.785 @HAW005 冲压-丝印
09:06:16.787 @HAW006 PCS
09:06:16.788 @HAW007 504
09:06:16.789 @HAW008 0.000000
09:06:16.790 @HAW009 300
09:06:16.792 @HAW010 2018/8/22 0:00:00
09:06:16.793 @HAW011 计件
09:06:16.794 @HAW012 0501
09:06:16.795 @HAW013 五金车间
09:06:16.797 @HAW014 0501
09:06:16.798 @HAW015 五金车间
09:06:16.799 @HAW016 
09:06:16.801 @HAW017 
09:06:16.806 @HAW018 False
09:06:16.807 @HAW019 False
09:06:16.808 @HAW001 20180822001
09:06:16.814 @HAX003 吴征义
09:06:16.815 @HAX004 成品搬运工
09:06:16.817 @HAX005 01
09:06:16.819 @HAX006 冲压
09:06:16.820 @HAX007 2.000000
09:06:16.821 @HAX008 300
09:06:16.823 @HAX009 2018/8/22 8:00:00
09:06:16.824 @HAX010 2018/8/22 17:00:00
09:06:16.825 @HAX011 
09:06:16.826 @HAX012 
09:06:16.827 @HAX013 0.000000
09:06:16.829 @HAX014 
09:06:16.830 @HAX015 在职
09:06:16.831 @HAX016 001
09:06:16.832 @idx 14
09:06:16.839 @HAX003 王世洪
09:06:16.840 @HAX004 成品搬运工
09:06:16.841 @HAX005 08
09:06:16.842 @HAX006 切割
09:06:16.843 @HAX007 3.000000
09:06:16.844 @HAX008 430
09:06:16.846 @HAX009 2018/8/22 8:00:00
09:06:16.847 @HAX010 2018/8/22 17:00:00
09:06:16.849 @HAX011 
09:06:16.850 @HAX012 
09:06:16.851 @HAX013 0.000000
09:06:16.852 @HAX014 
09:06:16.853 @HAX015 在职
09:06:16.854 @HAX016 002
09:06:16.856 @idx 15
09:06:16.858 @HAX003 李守军
09:06:16.860 @HAX004 成品搬运工
09:06:16.861 @HAX005 01
09:06:16.862 @HAX006 冲压
09:06:16.864 @HAX007 4.000000
09:06:16.865 @HAX008 250
09:06:16.866 @HAX009 2018/8/22 8:00:00
09:06:16.867 @HAX010 2018/8/22 17:00:00
09:06:16.868 @HAX011 
09:06:16.869 @HAX012 
09:06:16.871 @HAX013 0.000000
09:06:16.872 @HAX014 
09:06:16.873 @HAX015 在职
09:06:16.874 @HAX016 003
09:06:16.875 @idx 16
09:06:16.878 @HAX003 杨友洪
09:06:16.879 @HAX004 发货员
09:06:16.880 @HAX005 01
09:06:16.881 @HAX006 冲压
09:06:16.883 @HAX007 2.000000
09:06:16.884 @HAX008 204
09:06:16.885 @HAX009 2018/8/22 8:00:00
09:06:16.887 @HAX010 2018/8/22 17:00:00
09:06:16.888 @HAX011 
09:06:16.889 @HAX012 
09:06:16.890 @HAX013 0.000000
09:06:16.891 @HAX014 
09:06:16.892 @HAX015 在职
09:06:16.894 @HAX016 001
09:06:16.895 @idx 17
09:17:53.914 @IJA001 20180713001
09:17:53.917 @IJA010 False
09:18:00.074 @IJA001 20180712001
09:18:00.077 @IJA010 False
09:22:38.419 @IJA001 20180825001
09:22:38.421 @IJA002 计件
09:22:38.423 @IJA003 0502
09:22:38.424 @IJA004 注塑车间
09:22:38.426 @IJA005 0502
09:22:38.428 @IJA006 注塑车间
09:22:38.429 @IJA007 2018/8/25 0:00:00
09:22:38.431 @IJA008 
09:22:38.432 @IJA009 
09:22:38.434 @IJA010 False
09:22:38.435 @IJA011 False
09:22:38.441 @IJB001 20180825001
09:22:38.442 @IJB002 10002
09:22:38.444 @IJB003 在职
09:22:38.445 @IJB004 GD201502090090
09:22:38.446 @IJB005 201211243
09:22:38.448 @IJB006 暖风机压线板
09:22:38.449 @IJB007 24.5*9.5*5mm
09:22:38.450 @IJB008 PCS
09:22:38.451 @IJB009 0
09:22:38.453 @IJB010 600
09:22:38.454 @IJB011 0
09:22:38.456 @IJB012 吴征义
09:22:38.457 @IJB013 成品搬运工
09:22:38.458 @IJB014 全自动
09:22:38.459 @IJB015 500
09:22:38.460 @IJB016 2018/8/25 8:00:00
09:22:38.461 @IJB017 2018/8/25 17:00:00
09:22:38.463 @IJB018 
09:22:38.464 @IJB019 
09:22:38.465 @IJB020 0
09:22:38.466 @IJB021 10002
09:22:38.470 @IJB001 20180825001
09:22:38.471 @IJB002 10016
09:22:38.473 @IJB003 在职
09:22:38.474 @IJB004 GD201502090162
09:22:38.476 @IJB005 201131148
09:22:38.477 @IJB006 防触电塑胶卡扣
09:22:38.478 @IJB007 
09:22:38.480 @IJB008 PCS
09:22:38.481 @IJB009 0
09:22:38.482 @IJB010 2800
09:22:38.483 @IJB011 0
09:22:38.485 @IJB012 郭婧
09:22:38.487 @IJB013 装配工
09:22:38.489 @IJB014 半自动
09:22:38.490 @IJB015 2000
09:22:38.492 @IJB016 2018/8/25 8:00:00
09:22:38.493 @IJB017 2018/8/25 17:00:00
09:22:38.494 @IJB018 
09:22:38.495 @IJB019 
09:22:38.497 @IJB020 0
09:22:38.498 @IJB021 10016
09:22:40.502 @IJA001 20180825001
09:22:40.505 @IJA010 True
09:23:17.606 @IJA001 20180825002
09:23:17.608 @IJA002 计时
09:23:17.609 @IJA003 0502
09:23:17.611 @IJA004 注塑车间
09:23:17.613 @IJA005 0502
09:23:17.614 @IJA006 注塑车间
09:23:17.616 @IJA007 2018/8/25 0:00:00
09:23:17.618 @IJA008 
09:23:17.620 @IJA009 
09:23:17.622 @IJA010 False
09:23:17.623 @IJA011 False
09:23:17.627 @IJC001 20180825002
09:23:17.628 @IJC002 GD201502090044
09:23:17.630 @IJC003 201211243
09:23:17.632 @IJC004 暖风机压线板
09:23:17.635 @IJC005 24.5*9.5*5mm
09:23:17.637 @IJC006 PCS
09:23:17.640 @IJC007 0
09:23:17.641 @IJC008 300
09:23:17.643 @IJC009 0
09:23:17.645 @IJC010 250
09:23:17.646 @IJC011 
09:23:17.650 @IJC001 20180825002
09:23:17.652 @IJC002 GD201502090053
09:23:17.654 @IJC003 201211243
09:23:17.657 @IJC004 暖风机压线板
09:23:17.658 @IJC005 24.5*9.5*5mm
09:23:17.660 @IJC006 PCS
09:23:17.661 @IJC007 0
09:23:17.662 @IJC008 480
09:23:17.664 @IJC009 0
09:23:17.665 @IJC010 400
09:23:17.667 @IJC011 
09:23:17.670 @IJD001 20180825002
09:23:17.672 @IJD002 10009
09:23:17.674 @IJD003 张之峰
09:23:17.676 @IJD004 发货员
09:23:17.677 @IJD005 半自动
09:23:17.679 @IJD006 2018/8/25 8:00:00
09:23:17.681 @IJD007 2018/8/25 17:00:00
09:23:17.683 @IJD008 109
09:23:17.684 @IJD009 
09:23:17.685 @IJD010 在职
09:23:17.689 @IJD001 20180825002
09:23:17.691 @IJD002 10004
09:23:17.693 @IJD003 李守军
09:23:17.695 @IJD004 成品搬运工
09:23:17.697 @IJD005 全自动
09:23:17.699 @IJD006 2018/8/25 8:00:00
09:23:17.701 @IJD007 2018/8/25 17:00:00
09:23:17.703 @IJD008 20
09:23:17.705 @IJD009 
09:23:17.707 @IJD010 在职
09:23:30.140 @IJA001 20180825002
09:23:30.143 @IJA010 True
09:34:00.052 @LEC001 20180818001
09:34:00.056 @LEC017 True
09:34:22.092 @LEC001 20180825001
09:34:22.094 @LEC002 GD201503090003
09:34:22.095 @LEC003 
09:34:22.097 @LEC004 
09:34:22.098 @LEC005 
09:34:22.099 @LEC006 
09:34:22.100 @LEC007 800
09:34:22.101 @LEC008 
09:34:22.103 @LEC009 0504
09:34:22.104 @LEC010 前加工车间
09:34:22.105 @LEC011 0504
09:34:22.106 @LEC012 前加工车间
09:34:22.107 @LEC013 2018/8/25 0:00:00
09:34:22.109 @LEC014 700
09:34:22.110 @LEC015 
09:34:22.112 @LEC016 
09:34:22.113 @LEC017 False
09:34:22.115 @LEC018 False
09:34:22.118 @LED001 20180825001
09:34:22.119 @LED002 10040
09:34:22.121 @LED003 杜福英
09:34:22.122 @LED004 装配工
09:34:22.123 @LED005 2018/8/25 8:00:00
09:34:22.124 @LED006 2018/8/25 17:00:00
09:34:22.126 @LED007 0
09:34:22.128 @LED008 
09:34:22.129 @LED009 
09:34:22.130 @LED010 0
09:34:22.131 @LED011 
09:34:22.132 @LED012 在职
09:34:22.136 @LED001 20180825001
09:34:22.137 @LED002 10041
09:34:22.138 @LED003 廖仁琼
09:34:22.139 @LED004 装配工
09:34:22.141 @LED005 2018/8/25 8:00:00
09:34:22.142 @LED006 2018/8/25 17:00:00
09:34:22.143 @LED007 0
09:34:22.144 @LED008 
09:34:22.146 @LED009 
09:34:22.147 @LED010 0
09:34:22.148 @LED011 
09:34:22.150 @LED012 在职
09:34:22.152 @LED001 20180825001
09:34:22.153 @LED002 10042
09:34:22.155 @LED003 李光艳
09:34:22.156 @LED004 装配工
09:34:22.157 @LED005 2018/8/25 8:00:00
09:34:22.159 @LED006 2018/8/25 17:00:00
09:34:22.160 @LED007 0
09:34:22.161 @LED008 
09:34:22.162 @LED009 
09:34:22.163 @LED010 0
09:34:22.164 @LED011 
09:34:22.166 @LED012 在职
09:34:22.172 @LED001 20180825001
09:34:22.174 @LED002 10043
09:34:22.176 @LED003 彭荣泽
09:34:22.177 @LED004 装配工
09:34:22.178 @LED005 2018/8/25 8:00:00
09:34:22.179 @LED006 2018/8/25 17:00:00
09:34:22.180 @LED007 0
09:34:22.181 @LED008 
09:34:22.182 @LED009 
09:34:22.184 @LED010 0
09:34:22.185 @LED011 
09:34:22.186 @LED012 在职
09:34:22.188 @LED001 20180825001
09:34:22.190 @LED002 10044
09:34:22.191 @LED003 何培凤
09:34:22.193 @LED004 装配工
09:34:22.194 @LED005 2018/8/25 8:00:00
09:34:22.195 @LED006 2018/8/25 17:00:00
09:34:22.196 @LED007 0
09:34:22.197 @LED008 
09:34:22.199 @LED009 
09:34:22.200 @LED010 0
09:34:22.201 @LED011 
09:34:22.202 @LED012 在职
09:34:22.204 @LED001 20180825001
09:34:22.206 @LED002 10045
09:34:22.207 @LED003 李朝伟
09:34:22.209 @LED004 装配工
09:34:22.210 @LED005 2018/8/25 8:00:00
09:34:22.212 @LED006 2018/8/25 17:00:00
09:34:22.213 @LED007 0
09:34:22.215 @LED008 
09:34:22.216 @LED009 
09:34:22.218 @LED010 0
09:34:22.219 @LED011 
09:34:22.220 @LED012 在职
09:34:22.223 @LED001 20180825001
09:34:22.225 @LED002 10046
09:34:22.226 @LED003 王培秀
09:34:22.227 @LED004 装配工
09:34:22.228 @LED005 2018/8/25 8:00:00
09:34:22.229 @LED006 2018/8/25 17:00:00
09:34:22.230 @LED007 0
09:34:22.231 @LED008 
09:34:22.233 @LED009 
09:34:22.234 @LED010 0
09:34:22.236 @LED011 
09:34:22.237 @LED012 在职
09:34:22.240 @LED001 20180825001
09:34:22.241 @LED002 10047
09:34:22.243 @LED003 谢武林
09:34:22.244 @LED004 装配工
09:34:22.245 @LED005 2018/8/25 8:00:00
09:34:22.246 @LED006 2018/8/25 17:00:00
09:34:22.247 @LED007 0
09:34:22.248 @LED008 
09:34:22.250 @LED009 
09:34:22.251 @LED010 0
09:34:22.253 @LED011 
09:34:22.254 @LED012 在职
09:34:22.256 @LED001 20180825001
09:34:22.258 @LED002 10048
09:34:22.259 @LED003 王程平
09:34:22.260 @LED004 装配工
09:34:22.261 @LED005 2018/8/25 8:00:00
09:34:22.262 @LED006 2018/8/25 17:00:00
09:34:22.263 @LED007 0
09:34:22.264 @LED008 
09:34:22.266 @LED009 
09:34:22.267 @LED010 0
09:34:22.268 @LED011 
09:34:22.269 @LED012 在职
09:34:22.272 @LED001 20180825001
09:34:22.273 @LED002 10049
09:34:22.274 @LED003 韩英
09:34:22.275 @LED004 装配工
09:34:22.276 @LED005 2018/8/25 8:00:00
09:34:22.278 @LED006 2018/8/25 17:00:00
09:34:22.279 @LED007 0
09:34:22.280 @LED008 
09:34:22.281 @LED009 
09:34:22.282 @LED010 0
09:34:22.283 @LED011 
09:34:22.285 @LED012 在职
09:34:22.287 @LED001 20180825001
09:34:22.288 @LED002 10050
09:34:22.290 @LED003 杨海霞
09:34:22.291 @LED004 装配工
09:34:22.292 @LED005 2018/8/25 8:00:00
09:34:22.293 @LED006 2018/8/25 17:00:00
09:34:22.294 @LED007 0
09:34:22.296 @LED008 
09:34:22.297 @LED009 
09:34:22.299 @LED010 0
09:34:22.300 @LED011 
09:34:22.301 @LED012 在职
09:34:22.303 @LED001 20180825001
09:34:22.305 @LED002 10051
09:34:22.307 @LED003 熊华美
09:34:22.309 @LED004 装配工
09:34:22.311 @LED005 2018/8/25 8:00:00
09:34:22.312 @LED006 2018/8/25 17:00:00
09:34:22.314 @LED007 0
09:34:22.315 @LED008 
09:34:22.316 @LED009 
09:34:22.318 @LED010 0
09:34:22.319 @LED011 
09:34:22.320 @LED012 在职
09:34:22.322 @LED001 20180825001
09:34:22.323 @LED002 10052
09:34:22.325 @LED003 孙琼莲
09:34:22.326 @LED004 装配工
09:34:22.327 @LED005 2018/8/25 8:00:00
09:34:22.328 @LED006 2018/8/25 17:00:00
09:34:22.330 @LED007 0
09:34:22.331 @LED008 
09:34:22.332 @LED009 
09:34:22.333 @LED010 0
09:34:22.335 @LED011 
09:34:22.336 @LED012 在职
09:34:22.338 @LED001 20180825001
09:34:22.339 @LED002 10053
09:34:22.340 @LED003 李林菊
09:34:22.342 @LED004 装配工
09:34:22.343 @LED005 2018/8/25 8:00:00
09:34:22.344 @LED006 2018/8/25 17:00:00
09:34:22.345 @LED007 0
09:34:22.347 @LED008 
09:34:22.348 @LED009 
09:34:22.350 @LED010 0
09:34:22.351 @LED011 
09:34:22.352 @LED012 在职
09:34:22.354 @LED001 20180825001
09:34:22.356 @LED002 10054
09:34:22.357 @LED003 吴群英
09:34:22.358 @LED004 装配工
09:34:22.359 @LED005 2018/8/25 8:00:00
09:34:22.360 @LED006 2018/8/25 17:00:00
09:34:22.362 @LED007 0
09:34:22.363 @LED008 
09:34:22.365 @LED009 
09:34:22.366 @LED010 0
09:34:22.367 @LED011 
09:34:22.368 @LED012 在职
09:34:22.371 @LED001 20180825001
09:34:22.372 @LED002 10055
09:34:22.373 @LED003 杨琴
09:34:22.374 @LED004 装配工
09:34:22.375 @LED005 2018/8/25 8:00:00
09:34:22.377 @LED006 2018/8/25 17:00:00
09:34:22.378 @LED007 0
09:34:22.380 @LED008 
09:34:22.381 @LED009 
09:34:22.382 @LED010 0
09:34:22.384 @LED011 
09:34:22.385 @LED012 在职
09:34:22.387 @LED001 20180825001
09:34:22.389 @LED002 10056
09:34:22.390 @LED003 韩艳
09:34:22.391 @LED004 装配工
09:34:22.392 @LED005 2018/8/25 8:00:00
09:34:22.394 @LED006 2018/8/25 17:00:00
09:34:22.395 @LED007 0
09:34:22.396 @LED008 
09:34:22.397 @LED009 
09:34:22.398 @LED010 0
09:34:22.399 @LED011 
09:34:22.400 @LED012 在职
09:34:22.403 @LED001 20180825001
09:34:22.404 @LED002 10057
09:34:22.405 @LED003 张瑜
09:34:22.406 @LED004 装配工
09:34:22.408 @LED005 2018/8/25 8:00:00
09:34:22.409 @LED006 2018/8/25 17:00:00
09:34:22.410 @LED007 0
09:34:22.411 @LED008 
09:34:22.412 @LED009 
09:34:22.414 @LED010 0
09:34:22.415 @LED011 
09:34:22.416 @LED012 在职
09:34:22.418 @LED001 20180825001
09:34:22.419 @LED002 10058
09:34:22.421 @LED003 李光云
09:34:22.422 @LED004 装配工
09:34:22.423 @LED005 2018/8/25 8:00:00
09:34:22.425 @LED006 2018/8/25 17:00:00
09:34:22.426 @LED007 0
09:34:22.427 @LED008 
09:34:22.428 @LED009 
09:34:22.429 @LED010 0
09:34:22.430 @LED011 
09:34:22.432 @LED012 在职
09:34:22.434 @LED001 20180825001
09:34:22.436 @LED002 10059
09:34:22.437 @LED003 唐春凤
09:34:22.438 @LED004 装配工
09:34:22.439 @LED005 2018/8/25 8:00:00
09:34:22.440 @LED006 2018/8/25 17:00:00
09:34:22.442 @LED007 0
09:34:22.443 @LED008 
09:34:22.444 @LED009 
09:34:22.445 @LED010 0
09:34:22.446 @LED011 
09:34:22.447 @LED012 在职
09:34:22.450 @LED001 20180825001
09:34:22.451 @LED002 10060
09:34:22.452 @LED003 陈朝香
09:34:22.453 @LED004 装配工
09:34:22.454 @LED005 2018/8/25 8:00:00
09:34:22.456 @LED006 2018/8/25 17:00:00
09:34:22.457 @LED007 0
09:34:22.458 @LED008 
09:34:22.459 @LED009 
09:34:22.460 @LED010 0
09:34:22.461 @LED011 
09:34:22.463 @LED012 在职
09:34:22.465 @LED001 20180825001
09:34:22.466 @LED002 10061
09:34:22.467 @LED003 张小婵
09:34:22.468 @LED004 装配工
09:34:22.469 @LED005 2018/8/25 8:00:00
09:34:22.470 @LED006 2018/8/25 17:00:00
09:34:22.472 @LED007 0
09:34:22.473 @LED008 
09:34:22.474 @LED009 
09:34:22.475 @LED010 0
09:34:22.477 @LED011 
09:34:22.478 @LED012 在职
09:34:22.480 @LED001 20180825001
09:34:22.481 @LED002 10062
09:34:22.482 @LED003 曾昭婵
09:34:22.483 @LED004 装配工
09:34:22.485 @LED005 2018/8/25 8:00:00
09:34:22.486 @LED006 2018/8/25 17:00:00
09:34:22.487 @LED007 0
09:34:22.488 @LED008 
09:34:22.489 @LED009 
09:34:22.491 @LED010 0
09:34:22.492 @LED011 
09:34:22.493 @LED012 在职
09:34:22.496 @LED001 20180825001
09:34:22.498 @LED002 10063
09:34:22.499 @LED003 牟飞
09:34:22.500 @LED004 装配工
09:34:22.501 @LED005 2018/8/25 8:00:00
09:34:22.502 @LED006 2018/8/25 17:00:00
09:34:22.504 @LED007 0
09:34:22.505 @LED008 
09:34:22.507 @LED009 
09:34:22.508 @LED010 0
09:34:22.509 @LED011 
09:34:22.510 @LED012 在职
09:34:22.512 @LED001 20180825001
09:34:22.514 @LED002 10064
09:34:22.515 @LED003 牟欢
09:34:22.516 @LED004 装配工
09:34:22.518 @LED005 2018/8/25 8:00:00
09:34:22.519 @LED006 2018/8/25 17:00:00
09:34:22.520 @LED007 0
09:34:22.521 @LED008 
09:34:22.522 @LED009 
09:34:22.523 @LED010 0
09:34:22.525 @LED011 
09:34:22.526 @LED012 在职
09:34:22.528 @LED001 20180825001
09:34:22.529 @LED002 10065
09:34:22.530 @LED003 陶炼
09:34:22.532 @LED004 装配工
09:34:22.533 @LED005 2018/8/25 8:00:00
09:34:22.534 @LED006 2018/8/25 17:00:00
09:34:22.535 @LED007 0
09:34:22.537 @LED008 
09:34:22.538 @LED009 
09:34:22.539 @LED010 0
09:34:22.540 @LED011 
09:34:22.542 @LED012 在职
09:34:22.549 @LED001 20180825001
09:34:22.551 @LED002 10066
09:34:22.552 @LED003 杜光斌
09:34:22.554 @LED004 装配工
09:34:22.555 @LED005 2018/8/25 8:00:00
09:34:22.556 @LED006 2018/8/25 17:00:00
09:34:22.558 @LED007 0
09:34:22.559 @LED008 
09:34:22.560 @LED009 
09:34:22.562 @LED010 0
09:34:22.563 @LED011 
09:34:22.564 @LED012 在职
09:34:22.572 @LED001 20180825001
09:34:22.573 @LED002 10067
09:34:22.574 @LED003 朱大艳
09:34:22.576 @LED004 装配工
09:34:22.578 @LED005 2018/8/25 8:00:00
09:34:22.579 @LED006 2018/8/25 17:00:00
09:34:22.581 @LED007 0
09:34:22.582 @LED008 
09:34:22.585 @LED009 
09:34:22.587 @LED010 0
09:34:22.588 @LED011 
09:34:22.591 @LED012 在职
09:34:22.594 @LED001 20180825001
09:34:22.595 @LED002 10068
09:34:22.598 @LED003 王银祥
09:34:22.599 @LED004 装配工
09:34:22.601 @LED005 2018/8/25 8:00:00
09:34:22.603 @LED006 2018/8/25 17:00:00
09:34:22.605 @LED007 0
09:34:22.607 @LED008 
09:34:22.609 @LED009 
09:34:22.612 @LED010 0
09:34:22.614 @LED011 
09:34:22.616 @LED012 在职
09:34:22.619 @LED001 20180825001
09:34:22.620 @LED002 10069
09:34:22.621 @LED003 王建琼
09:34:22.623 @LED004 装配工
09:34:22.625 @LED005 2018/8/25 8:00:00
09:34:22.626 @LED006 2018/8/25 17:00:00
09:34:22.627 @LED007 0
09:34:22.629 @LED008 
09:34:22.632 @LED009 
09:34:22.634 @LED010 0
09:34:22.635 @LED011 
09:34:22.637 @LED012 在职
09:34:22.640 @LEE001 20180825001
09:34:22.642 @LEE002 GD201502090124
09:34:22.644 @LEE003 203031472
09:34:22.646 @LEE004 暖风机组件
09:34:22.648 @LEE005 1600W
09:34:22.650 @LEE006 PCS
09:34:22.652 @LEE007 318
09:34:22.654 @LEE008 0
09:34:22.655 @LEE009 250
09:34:22.659 @LEE001 20180825001
09:34:22.661 @LEE002 GD201503090003
09:34:22.662 @LEE003 203031472
09:34:22.664 @LEE004 暖风机组件
09:34:22.666 @LEE005 1600W
09:34:22.668 @LEE006 PCS
09:34:22.670 @LEE007 800
09:34:22.671 @LEE008 0
09:34:22.673 @LEE009 700
09:34:24.781 @LEC001 20180825001
09:34:24.784 @LEC017 True
09:52:15.670 @PAN001 20180822001
09:52:15.673 @PAN009 True
09:52:23.594 @PAN001 20180822002
09:52:23.598 @PAN009 True
10:37:55.557  异常信息：远程服务器返回错误: (404) 未找到。
  堆栈信息:   在 AutoUpdate.AppUpdate.DownloadFile(String url, String localFilePath) 位置 D:\ProjectData\MiKe\LineProductMes\LineProductMes\ClassForMain\AppUpdate.cs:行号 243
   在 AutoUpdate.AppUpdate.CheckAppVersion(String& msg) 位置 D:\ProjectData\MiKe\LineProductMes\LineProductMes\ClassForMain\AppUpdate.cs:行号 310
10:38:01.868 @EMP002 系统管理员
10:38:01.870 @EMP033 cebfd1559b68d67688884d7a3d3e8c
11:27:52.780  异常信息：远程服务器返回错误: (404) 未找到。
  堆栈信息:   在 AutoUpdate.AppUpdate.DownloadFile(String url, String localFilePath) 位置 D:\ProjectData\MiKe\LineProductMes\LineProductMes\ClassForMain\AppUpdate.cs:行号 243
   在 AutoUpdate.AppUpdate.CheckAppVersion(String& msg) 位置 D:\ProjectData\MiKe\LineProductMes\LineProductMes\ClassForMain\AppUpdate.cs:行号 310
11:27:58.295 @EMP002 系统管理员
11:27:58.297 @EMP033 cebfd1559b68d67688884d7a3d3e8c
14:39:10.213  异常信息：远程服务器返回错误: (404) 未找到。
  堆栈信息:   在 AutoUpdate.AppUpdate.DownloadFile(String url, String localFilePath) 位置 D:\ProjectData\MiKe\LineProductMes\LineProductMes\ClassForMain\AppUpdate.cs:行号 243
   在 AutoUpdate.AppUpdate.CheckAppVersion(String& msg) 位置 D:\ProjectData\MiKe\LineProductMes\LineProductMes\ClassForMain\AppUpdate.cs:行号 310
14:39:24.317 @EMP002 系统管理员
14:39:24.319 @EMP033 cebfd1559b68d67688884d7a3d3e8c
14:41:01.465  异常信息：远程服务器返回错误: (404) 未找到。
  堆栈信息:   在 AutoUpdate.AppUpdate.DownloadFile(String url, String localFilePath) 位置 D:\ProjectData\MiKe\LineProductMes\LineProductMes\ClassForMain\AppUpdate.cs:行号 243
   在 AutoUpdate.AppUpdate.CheckAppVersion(String& msg) 位置 D:\ProjectData\MiKe\LineProductMes\LineProductMes\ClassForMain\AppUpdate.cs:行号 310
14:41:16.678 @EMP002 系统管理员
14:41:16.680 @EMP033 cebfd1559b68d67688884d7a3d3e8c
15:03:28.029  异常信息：远程服务器返回错误: (404) 未找到。
  堆栈信息:   在 AutoUpdate.AppUpdate.DownloadFile(String url, String localFilePath) 位置 D:\ProjectData\MiKe\LineProductMes\LineProductMes\ClassForMain\AppUpdate.cs:行号 243
   在 AutoUpdate.AppUpdate.CheckAppVersion(String& msg) 位置 D:\ProjectData\MiKe\LineProductMes\LineProductMes\ClassForMain\AppUpdate.cs:行号 310
15:03:33.136 @EMP002 系统管理员
15:03:33.138 @EMP033 cebfd1559b68d67688884d7a3d3e8c
