10:13:23.839 @EMP002 系统管理员
10:13:23.841 @EMP033 cebfd1559b68d67688884d7a3d3e8c
10:17:53.074 @POW002 10001
10:17:53.074 @POW003 FormWages
10:17:53.075 @POW004 False
10:17:53.075 @POW005 False
10:17:53.075 @POW006 False
10:17:53.076 @POW007 False
10:17:53.076 @POW008 False
10:17:53.076 @POW009 False
10:17:53.076 @POW010 False
10:17:53.077 @POW011 False
10:17:53.077 @POW012 False
10:17:53.077 @POW013 False
10:17:53.078 @POW016 False
10:17:53.078 @POW017 False
10:17:53.084 @POW002 10001
10:17:53.085 @POW003 FormAssNewWorkEnclosure
10:17:53.085 @POW004 False
10:17:53.086 @POW005 False
10:17:53.086 @POW006 False
10:17:53.086 @POW007 False
10:17:53.087 @POW008 False
10:17:53.087 @POW009 False
10:17:53.087 @POW010 False
10:17:53.088 @POW011 False
10:17:53.088 @POW012 False
10:17:53.088 @POW013 True
10:17:53.088 @POW016 False
10:17:53.089 @POW017 False
10:17:53.092 @POW002 10001
10:17:53.092 @POW003 FormInjectionMolding
10:17:53.092 @POW004 True
10:17:53.093 @POW005 True
10:17:53.093 @POW006 False
10:17:53.093 @POW007 False
10:17:53.094 @POW008 False
10:17:53.094 @POW009 False
10:17:53.094 @POW010 False
10:17:53.095 @POW011 False
10:17:53.095 @POW012 False
10:17:53.095 @POW013 False
10:17:53.095 @POW016 False
10:17:53.096 @POW017 False
10:17:53.100 @POW002 10001
10:17:53.100 @POW003 FormLEGBoard
10:17:53.100 @POW004 False
10:17:53.100 @POW005 True
10:17:53.101 @POW006 False
10:17:53.101 @POW007 False
10:17:53.101 @POW008 False
10:17:53.101 @POW009 False
10:17:53.101 @POW010 False
10:17:53.101 @POW011 False
10:17:53.101 @POW012 False
10:17:53.101 @POW013 False
10:17:53.102 @POW016 False
10:17:53.102 @POW017 False
10:17:53.103 @POW002 10001
10:17:53.103 @POW003 FormSemiPlanView
10:17:53.104 @POW004 False
10:17:53.104 @POW005 False
10:17:53.104 @POW006 False
10:17:53.104 @POW007 False
10:17:53.104 @POW008 False
10:17:53.104 @POW009 False
10:17:53.105 @POW010 False
10:17:53.105 @POW011 False
10:17:53.105 @POW012 False
10:17:53.105 @POW013 False
10:17:53.105 @POW016 False
10:17:53.105 @POW017 False
10:17:53.107 @POW002 10001
10:17:53.107 @POW003 FormLEEBoard
10:17:53.107 @POW004 True
10:17:53.107 @POW005 False
10:17:53.107 @POW006 False
10:17:53.107 @POW007 False
10:17:53.108 @POW008 False
10:17:53.108 @POW009 False
10:17:53.108 @POW010 False
10:17:53.108 @POW011 False
10:17:53.108 @POW012 False
10:17:53.108 @POW013 False
10:17:53.108 @POW016 False
10:17:53.108 @POW017 False
10:17:53.110 @POW002 10001
10:17:53.110 @POW003 FormPurchaseBoard
10:17:53.110 @POW004 False
10:17:53.110 @POW005 False
10:17:53.111 @POW006 False
10:17:53.111 @POW007 False
10:17:53.111 @POW008 False
10:17:53.111 @POW009 False
10:17:53.111 @POW010 False
10:17:53.111 @POW011 False
10:17:53.111 @POW012 False
10:17:53.112 @POW013 False
10:17:53.112 @POW016 False
10:17:53.112 @POW017 False
10:17:53.113 @POW002 10001
10:17:53.113 @POW003 FormAssBoard
10:17:53.114 @POW004 False
10:17:53.114 @POW005 False
10:17:53.114 @POW006 False
10:17:53.114 @POW007 False
10:17:53.114 @POW008 False
10:17:53.114 @POW009 False
10:17:53.114 @POW010 False
10:17:53.115 @POW011 False
10:17:53.115 @POW012 False
10:17:53.115 @POW013 True
10:17:53.115 @POW016 False
10:17:53.115 @POW017 False
10:17:53.117 @POW002 10001
10:17:53.117 @POW003 FormPurProductView
10:17:53.117 @POW004 False
10:17:53.117 @POW005 False
10:17:53.117 @POW006 False
10:17:53.117 @POW007 False
10:17:53.117 @POW008 False
10:17:53.118 @POW009 False
10:17:53.118 @POW010 False
10:17:53.118 @POW011 False
10:17:53.118 @POW012 False
10:17:53.118 @POW013 False
10:17:53.118 @POW016 False
10:17:53.118 @POW017 False
10:17:53.120 @POW002 10001
10:17:53.120 @POW003 FormBoarSet
10:17:53.120 @POW004 False
10:17:53.120 @POW005 True
10:17:53.120 @POW006 False
10:17:53.120 @POW007 False
10:17:53.121 @POW008 False
10:17:53.121 @POW009 False
10:17:53.121 @POW010 False
10:17:53.121 @POW011 False
10:17:53.121 @POW012 False
10:17:53.121 @POW013 False
10:17:53.121 @POW016 False
10:17:53.121 @POW017 False
10:17:53.123 @POW002 10001
10:17:53.123 @POW003 FormInjectionBoard
10:17:53.123 @POW004 False
10:17:53.123 @POW005 True
10:17:53.123 @POW006 False
10:17:53.123 @POW007 False
10:17:53.123 @POW008 False
10:17:53.124 @POW009 False
10:17:53.124 @POW010 False
10:17:53.124 @POW011 False
10:17:53.124 @POW012 False
10:17:53.124 @POW013 False
10:17:53.124 @POW016 False
10:17:53.124 @POW017 False
10:17:53.126 @POW002 10001
10:17:53.127 @POW003 FormLogisticsNew
10:17:53.127 @POW004 False
10:17:53.127 @POW005 False
10:17:53.127 @POW006 False
10:17:53.127 @POW007 False
10:17:53.128 @POW008 False
10:17:53.128 @POW009 False
10:17:53.128 @POW010 False
10:17:53.128 @POW011 False
10:17:53.128 @POW012 False
10:17:53.128 @POW013 False
10:17:53.128 @POW016 False
10:17:53.128 @POW017 False
10:17:53.130 @POW002 10001
10:17:53.130 @POW003 FormArt
10:17:53.130 @POW004 False
10:17:53.130 @POW005 False
10:17:53.130 @POW006 False
10:17:53.130 @POW007 False
10:17:53.130 @POW008 False
10:17:53.131 @POW009 False
10:17:53.131 @POW010 False
10:17:53.131 @POW011 False
10:17:53.131 @POW012 False
10:17:53.131 @POW013 True
10:17:53.131 @POW016 False
10:17:53.131 @POW017 False
10:17:53.133 @POW002 10001
10:17:53.133 @POW003 FormPaintNewspaper
10:17:53.133 @POW004 False
10:17:53.133 @POW005 False
10:17:53.133 @POW006 False
10:17:53.133 @POW007 False
10:17:53.133 @POW008 False
10:17:53.133 @POW009 False
10:17:53.134 @POW010 False
10:17:53.134 @POW011 False
10:17:53.134 @POW012 False
10:17:53.134 @POW013 False
10:17:53.134 @POW016 False
10:17:53.134 @POW017 False
10:17:53.135 @POW002 10001
10:17:53.135 @POW003 FormSupplierForMould
10:17:53.136 @POW004 False
10:17:53.136 @POW005 False
10:17:53.136 @POW006 False
10:17:53.136 @POW007 False
10:17:53.136 @POW008 False
10:17:53.136 @POW009 False
10:17:53.136 @POW010 False
10:17:53.136 @POW011 False
10:17:53.136 @POW012 False
10:17:53.137 @POW013 False
10:17:53.137 @POW016 False
10:17:53.137 @POW017 False
10:17:53.138 @POW002 10001
10:17:53.138 @POW003 FormLineForAssPlan
10:17:53.138 @POW004 False
10:17:53.138 @POW005 True
10:17:53.138 @POW006 False
10:17:53.138 @POW007 False
10:17:53.138 @POW008 False
10:17:53.139 @POW009 False
10:17:53.139 @POW010 False
10:17:53.139 @POW011 False
10:17:53.139 @POW012 False
10:17:53.139 @POW013 False
10:17:53.139 @POW016 False
10:17:53.139 @POW017 False
10:17:53.140 @POW002 10001
10:17:53.140 @POW003 FormLEGNews
10:17:53.140 @POW004 True
10:17:53.141 @POW005 False
10:17:53.141 @POW006 False
10:17:53.141 @POW007 False
10:17:53.141 @POW008 False
10:17:53.141 @POW009 False
10:17:53.141 @POW010 False
10:17:53.141 @POW011 False
10:17:53.141 @POW012 False
10:17:53.142 @POW013 False
10:17:53.142 @POW016 False
10:17:53.142 @POW017 False
10:17:53.143 @POW002 10001
10:17:53.143 @POW003 FormHardWareWork
10:17:53.143 @POW004 False
10:17:53.143 @POW005 False
10:17:53.143 @POW006 False
10:17:53.144 @POW007 False
10:17:53.144 @POW008 False
10:17:53.144 @POW009 False
10:17:53.144 @POW010 False
10:17:53.144 @POW011 False
10:17:53.144 @POW012 False
10:17:53.144 @POW013 False
10:17:53.144 @POW016 False
10:17:53.144 @POW017 False
10:17:53.145 @POW002 10001
10:17:53.146 @POW003 FormPaintBoard
10:17:53.146 @POW004 False
10:17:53.146 @POW005 False
10:17:53.146 @POW006 False
10:17:53.146 @POW007 False
10:17:53.146 @POW008 False
10:17:53.146 @POW009 False
10:17:53.146 @POW010 False
10:17:53.147 @POW011 False
10:17:53.147 @POW012 False
10:17:53.147 @POW013 False
10:17:53.147 @POW016 False
10:17:53.147 @POW017 False
10:17:53.148 @POW002 10001
10:17:53.148 @POW003 FormAssNewWork
10:17:53.148 @POW004 False
10:17:53.148 @POW005 False
10:17:53.148 @POW006 False
10:17:53.149 @POW007 False
10:17:53.149 @POW008 False
10:17:53.149 @POW009 False
10:17:53.149 @POW010 False
10:17:53.149 @POW011 False
10:17:53.149 @POW012 False
10:17:53.149 @POW013 True
10:17:53.149 @POW016 False
10:17:53.149 @POW017 False
10:17:53.151 @POW002 10001
10:17:53.151 @POW003 FormMouldInformation
10:17:53.151 @POW004 False
10:17:53.152 @POW005 False
10:17:53.152 @POW006 False
10:17:53.152 @POW007 False
10:17:53.152 @POW008 False
10:17:53.153 @POW009 False
10:17:53.153 @POW010 False
10:17:53.153 @POW011 False
10:17:53.153 @POW012 False
10:17:53.153 @POW013 False
10:17:53.153 @POW016 False
10:17:53.153 @POW017 False
10:17:53.155 @POW002 10001
10:17:53.155 @POW003 FormLEDNewsPaper
10:17:53.155 @POW004 False
10:17:53.155 @POW005 False
10:17:53.155 @POW006 False
10:17:53.155 @POW007 False
10:17:53.155 @POW008 False
10:17:53.156 @POW009 False
10:17:53.156 @POW010 False
10:17:53.156 @POW011 False
10:17:53.156 @POW012 False
10:17:53.156 @POW013 False
10:17:53.156 @POW016 False
10:17:53.156 @POW017 False
10:17:53.157 @POW002 10001
10:17:53.157 @POW003 FormHardBoard
10:17:53.158 @POW004 True
10:17:53.158 @POW005 True
10:17:53.158 @POW006 False
10:17:53.158 @POW007 False
10:17:53.158 @POW008 False
10:17:53.158 @POW009 False
10:17:53.158 @POW010 False
10:17:53.158 @POW011 False
10:17:53.158 @POW012 False
10:17:53.159 @POW013 False
10:17:53.159 @POW016 False
10:17:53.159 @POW017 False
10:17:53.160 @POW002 10001
10:17:53.160 @POW003 FormEmployee
10:17:53.160 @POW004 False
10:17:53.160 @POW005 False
10:17:53.160 @POW006 False
10:17:53.160 @POW007 False
10:17:53.161 @POW008 False
10:17:53.161 @POW009 False
10:17:53.161 @POW010 False
10:17:53.161 @POW011 False
10:17:53.161 @POW012 False
10:17:53.161 @POW013 True
10:17:53.161 @POW016 False
10:17:53.161 @POW017 False
10:17:53.162 @POW002 10001
10:17:53.163 @POW003 FormMachinePlat
10:17:53.163 @POW004 False
10:17:53.163 @POW005 False
10:17:53.163 @POW006 False
10:17:53.163 @POW007 False
10:17:53.163 @POW008 False
10:17:53.163 @POW009 False
10:17:53.163 @POW010 False
10:17:53.163 @POW011 False
10:17:53.164 @POW012 False
10:17:53.164 @POW013 False
10:17:53.164 @POW016 False
10:17:53.164 @POW017 False
10:17:53.165 @POW002 10001
10:17:53.165 @POW003 FormProductPlanPreview
10:17:53.165 @POW004 False
10:17:53.165 @POW005 False
10:17:53.165 @POW006 False
10:17:53.165 @POW007 False
10:17:53.166 @POW008 False
10:17:53.166 @POW009 False
10:17:53.166 @POW010 False
10:17:53.166 @POW011 False
10:17:53.166 @POW012 False
10:17:53.166 @POW013 False
10:17:53.167 @POW016 False
10:17:53.167 @POW017 False
10:27:34.306 @EMP002 系统管理员
10:27:34.308 @EMP033 cebfd1559b68d67688884d7a3d3e8c
10:35:28.596 @EMP002 系统管理员
10:35:28.597 @EMP033 cebfd1559b68d67688884d7a3d3e8c
10:35:55.289 @POW002 10001
10:35:55.289 @POW003 FormEmployee
10:35:55.290 @POW004 True
10:35:55.290 @POW005 True
10:35:55.290 @POW006 True
10:35:55.290 @POW007 True
10:35:55.290 @POW008 True
10:35:55.290 @POW009 True
10:35:55.291 @POW010 True
10:35:55.291 @POW011 True
10:35:55.291 @POW012 True
10:35:55.291 @POW013 True
10:35:55.292 @POW016 True
10:35:55.292 @POW017 True
10:35:55.292 @idx 7
10:35:55.297 @POW002 10001
10:35:55.297 @POW003 FormAssBoard
10:35:55.297 @POW004 True
10:35:55.298 @POW005 False
10:35:55.298 @POW006 False
10:35:55.298 @POW007 False
10:35:55.298 @POW008 False
10:35:55.299 @POW009 False
10:35:55.299 @POW010 False
10:35:55.299 @POW011 False
10:35:55.299 @POW012 False
10:35:55.299 @POW013 True
10:35:55.300 @POW016 False
10:35:55.300 @POW017 False
10:35:55.300 @idx 32
10:35:55.302 @POW002 10001
10:35:55.302 @POW003 FormArt
10:35:55.302 @POW004 True
10:35:55.302 @POW005 True
10:35:55.302 @POW006 True
10:35:55.302 @POW007 True
10:35:55.303 @POW008 True
10:35:55.303 @POW009 True
10:35:55.303 @POW010 True
10:35:55.303 @POW011 True
10:35:55.303 @POW012 True
10:35:55.303 @POW013 True
10:35:55.304 @POW016 True
10:35:55.304 @POW017 True
10:35:55.304 @idx 9
10:35:55.306 @POW002 10001
10:35:55.306 @POW003 FormAssNewWork
10:35:55.306 @POW004 True
10:35:55.307 @POW005 True
10:35:55.307 @POW006 True
10:35:55.307 @POW007 True
10:35:55.307 @POW008 True
10:35:55.307 @POW009 True
10:35:55.308 @POW010 True
10:35:55.308 @POW011 True
10:35:55.308 @POW012 True
10:35:55.308 @POW013 True
10:35:55.308 @POW016 True
10:35:55.309 @POW017 True
10:35:55.309 @idx 6
10:35:55.310 @POW002 10001
10:35:55.311 @POW003 FormMouldInformation
10:35:55.311 @POW004 True
10:35:55.311 @POW005 True
10:35:55.311 @POW006 True
10:35:55.312 @POW007 True
10:35:55.312 @POW008 False
10:35:55.312 @POW009 True
10:35:55.312 @POW010 True
10:35:55.312 @POW011 True
10:35:55.313 @POW012 True
10:35:55.313 @POW013 True
10:35:55.313 @POW016 True
10:35:55.313 @POW017 True
10:35:55.314 @idx 35
10:35:55.315 @POW002 10001
10:35:55.315 @POW003 FormSupplierForMould
10:35:55.315 @POW004 True
10:35:55.316 @POW005 True
10:35:55.316 @POW006 True
10:35:55.316 @POW007 True
10:35:55.316 @POW008 True
10:35:55.316 @POW009 True
10:35:55.317 @POW010 True
10:35:55.317 @POW011 True
10:35:55.317 @POW012 True
10:35:55.317 @POW013 True
10:35:55.317 @POW016 True
10:35:55.318 @POW017 True
10:35:55.318 @idx 8
10:35:55.319 @POW002 10001
10:35:55.320 @POW003 FormMachinePlat
10:35:55.320 @POW004 True
10:35:55.320 @POW005 True
10:35:55.320 @POW006 True
10:35:55.320 @POW007 True
10:35:55.320 @POW008 False
10:35:55.321 @POW009 True
10:35:55.321 @POW010 True
10:35:55.321 @POW011 True
10:35:55.321 @POW012 True
10:35:55.321 @POW013 True
10:35:55.321 @POW016 True
10:35:55.322 @POW017 True
10:35:55.322 @idx 28
10:35:55.323 @POW002 10001
10:35:55.323 @POW003 FormPaintNewspaper
10:35:55.323 @POW004 True
10:35:55.323 @POW005 False
10:35:55.323 @POW006 False
10:35:55.324 @POW007 False
10:35:55.324 @POW008 False
10:35:55.324 @POW009 False
10:35:55.324 @POW010 False
10:35:55.324 @POW011 False
10:35:55.324 @POW012 False
10:35:55.324 @POW013 True
10:35:55.324 @POW016 False
10:35:55.325 @POW017 False
10:35:55.325 @idx 42
10:35:55.326 @POW002 10001
10:35:55.326 @POW003 FormLEEBoard
10:35:55.326 @POW004 True
10:35:55.326 @POW005 False
10:35:55.327 @POW006 False
10:35:55.327 @POW007 False
10:35:55.327 @POW008 False
10:35:55.327 @POW009 False
10:35:55.327 @POW010 False
10:35:55.327 @POW011 False
10:35:55.328 @POW012 False
10:35:55.328 @POW013 True
10:35:55.328 @POW016 False
10:35:55.328 @POW017 False
10:35:55.328 @idx 33
10:35:55.329 @POW002 10001
10:35:55.329 @POW003 FormProductPlanPreview
10:35:55.330 @POW004 False
10:35:55.330 @POW005 False
10:35:55.330 @POW006 False
10:35:55.330 @POW007 False
10:35:55.330 @POW008 False
10:35:55.330 @POW009 False
10:35:55.330 @POW010 False
10:35:55.331 @POW011 False
10:35:55.331 @POW012 False
10:35:55.331 @POW013 True
10:35:55.331 @POW016 False
10:35:55.331 @POW017 False
10:35:55.331 @idx 30
10:35:55.332 @POW002 10001
10:35:55.333 @POW003 FormLEDNewsPaper
10:35:55.333 @POW004 True
10:35:55.333 @POW005 False
10:35:55.333 @POW006 False
10:35:55.333 @POW007 False
10:35:55.333 @POW008 False
10:35:55.334 @POW009 False
10:35:55.334 @POW010 False
10:35:55.334 @POW011 False
10:35:55.334 @POW012 False
10:35:55.334 @POW013 True
10:35:55.334 @POW016 False
10:35:55.334 @POW017 False
10:35:55.335 @idx 47
10:35:55.336 @POW002 10001
10:35:55.336 @POW003 FormLEGBoard
10:35:55.336 @POW004 True
10:35:55.336 @POW005 False
10:35:55.336 @POW006 False
10:35:55.336 @POW007 False
10:35:55.337 @POW008 False
10:35:55.337 @POW009 False
10:35:55.337 @POW010 False
10:35:55.337 @POW011 False
10:35:55.337 @POW012 False
10:35:55.337 @POW013 True
10:35:55.337 @POW016 False
10:35:55.338 @POW017 False
10:35:55.338 @idx 43
10:35:55.339 @POW002 10001
10:35:55.339 @POW003 FormHardBoard
10:35:55.339 @POW004 True
10:35:55.339 @POW005 False
10:35:55.339 @POW006 False
10:35:55.340 @POW007 False
10:35:55.340 @POW008 False
10:35:55.340 @POW009 False
10:35:55.340 @POW010 False
10:35:55.340 @POW011 False
10:35:55.340 @POW012 False
10:35:55.341 @POW013 True
10:35:55.341 @POW016 False
10:35:55.341 @POW017 False
10:35:55.341 @idx 38
10:35:55.342 @POW002 10001
10:35:55.342 @POW003 FormAssNewWork
10:35:55.342 @POW004 True
10:35:55.343 @POW005 True
10:35:55.343 @POW006 True
10:35:55.343 @POW007 True
10:35:55.343 @POW008 True
10:35:55.343 @POW009 True
10:35:55.343 @POW010 True
10:35:55.344 @POW011 True
10:35:55.344 @POW012 True
10:35:55.344 @POW013 True
10:35:55.344 @POW016 True
10:35:55.344 @POW017 True
10:35:55.344 @idx 6
10:35:55.346 @POW002 10001
10:35:55.346 @POW003 FormPaintBoard
10:35:55.346 @POW004 True
10:35:55.346 @POW005 False
10:35:55.346 @POW006 False
10:35:55.346 @POW007 False
10:35:55.346 @POW008 False
10:35:55.347 @POW009 False
10:35:55.347 @POW010 False
10:35:55.347 @POW011 False
10:35:55.347 @POW012 False
10:35:55.347 @POW013 True
10:35:55.347 @POW016 False
10:35:55.348 @POW017 False
10:35:55.348 @idx 45
10:35:55.349 @POW002 10001
10:35:55.349 @POW003 FormPurchaseBoard
10:35:55.349 @POW004 True
10:35:55.349 @POW005 False
10:35:55.350 @POW006 False
10:35:55.350 @POW007 False
10:35:55.350 @POW008 False
10:35:55.350 @POW009 False
10:35:55.350 @POW010 False
10:35:55.350 @POW011 False
10:35:55.351 @POW012 False
10:35:55.351 @POW013 True
10:35:55.351 @POW016 False
10:35:55.351 @POW017 False
10:35:55.351 @idx 27
10:35:55.352 @POW002 10001
10:35:55.352 @POW003 FormLEGNews
10:35:55.353 @POW004 True
10:35:55.353 @POW005 False
10:35:55.353 @POW006 False
10:35:55.353 @POW007 False
10:35:55.353 @POW008 False
10:35:55.353 @POW009 False
10:35:55.353 @POW010 False
10:35:55.354 @POW011 False
10:35:55.354 @POW012 False
10:35:55.354 @POW013 True
10:35:55.354 @POW016 False
10:35:55.354 @POW017 False
10:35:55.354 @idx 34
10:35:55.356 @POW002 10001
10:35:55.356 @POW003 FormLineForAssPlan
10:35:55.356 @POW004 True
10:35:55.356 @POW005 False
10:35:55.356 @POW006 False
10:35:55.356 @POW007 False
10:35:55.356 @POW008 False
10:35:55.357 @POW009 False
10:35:55.357 @POW010 False
10:35:55.357 @POW011 False
10:35:55.357 @POW012 False
10:35:55.357 @POW013 True
10:35:55.357 @POW016 False
10:35:55.357 @POW017 False
10:35:55.357 @idx 46
10:35:55.359 @POW002 10001
10:35:55.359 @POW003 FormInjectionMolding
10:35:55.359 @POW004 True
10:35:55.359 @POW005 False
10:35:55.360 @POW006 False
10:35:55.360 @POW007 False
10:35:55.360 @POW008 False
10:35:55.360 @POW009 False
10:35:55.360 @POW010 False
10:35:55.360 @POW011 False
10:35:55.360 @POW012 False
10:35:55.360 @POW013 True
10:35:55.361 @POW016 False
10:35:55.361 @POW017 False
10:35:55.361 @idx 48
10:35:55.362 @POW002 10001
10:35:55.362 @POW003 FormSupplierForMould
10:35:55.362 @POW004 True
10:35:55.362 @POW005 True
10:35:55.362 @POW006 True
10:35:55.362 @POW007 True
10:35:55.363 @POW008 True
10:35:55.363 @POW009 True
10:35:55.363 @POW010 True
10:35:55.363 @POW011 True
10:35:55.363 @POW012 True
10:35:55.363 @POW013 True
10:35:55.363 @POW016 True
10:35:55.363 @POW017 True
10:35:55.364 @idx 8
10:35:55.365 @POW002 10001
10:35:55.365 @POW003 FormSemiPlanView
10:35:55.365 @POW004 True
10:35:55.365 @POW005 False
10:35:55.365 @POW006 False
10:35:55.365 @POW007 False
10:35:55.365 @POW008 False
10:35:55.365 @POW009 False
10:35:55.366 @POW010 False
10:35:55.366 @POW011 False
10:35:55.366 @POW012 False
10:35:55.366 @POW013 True
10:35:55.366 @POW016 False
10:35:55.367 @POW017 False
10:35:55.367 @idx 39
10:35:55.368 @POW002 10001
10:35:55.368 @POW003 FormPurProductView
10:35:55.368 @POW004 True
10:35:55.368 @POW005 True
10:35:55.368 @POW006 False
10:35:55.369 @POW007 False
10:35:55.369 @POW008 False
10:35:55.369 @POW009 False
10:35:55.369 @POW010 False
10:35:55.369 @POW011 False
10:35:55.370 @POW012 False
10:35:55.370 @POW013 True
10:35:55.370 @POW016 False
10:35:55.370 @POW017 False
10:35:55.370 @idx 36
10:35:55.372 @POW002 10001
10:35:55.372 @POW003 FormBoarSet
10:35:55.372 @POW004 True
10:35:55.372 @POW005 True
10:35:55.372 @POW006 True
10:35:55.372 @POW007 True
10:35:55.373 @POW008 False
10:35:55.373 @POW009 True
10:35:55.373 @POW010 True
10:35:55.373 @POW011 True
10:35:55.373 @POW012 True
10:35:55.373 @POW013 True
10:35:55.374 @POW016 True
10:35:55.374 @POW017 True
10:35:55.374 @idx 31
10:35:55.375 @POW002 10001
10:35:55.375 @POW003 FormAssNewWork
10:35:55.375 @POW004 True
10:35:55.375 @POW005 True
10:35:55.376 @POW006 True
10:35:55.376 @POW007 True
10:35:55.376 @POW008 True
10:35:55.376 @POW009 True
10:35:55.376 @POW010 True
10:35:55.376 @POW011 True
10:35:55.376 @POW012 True
10:35:55.376 @POW013 True
10:35:55.377 @POW016 True
10:35:55.377 @POW017 True
10:35:55.377 @idx 6
10:35:55.378 @POW002 10001
10:35:55.378 @POW003 FormEmployee
10:35:55.378 @POW004 True
10:35:55.378 @POW005 True
10:35:55.378 @POW006 True
10:35:55.378 @POW007 True
10:35:55.379 @POW008 True
10:35:55.379 @POW009 True
10:35:55.379 @POW010 True
10:35:55.379 @POW011 True
10:35:55.379 @POW012 True
10:35:55.379 @POW013 True
10:35:55.380 @POW016 True
10:35:55.380 @POW017 True
10:35:55.380 @idx 7
10:35:55.381 @POW002 10001
10:35:55.381 @POW003 FormWages
10:35:55.381 @POW004 True
10:35:55.381 @POW005 False
10:35:55.382 @POW006 False
10:35:55.382 @POW007 False
10:35:55.382 @POW008 False
10:35:55.382 @POW009 False
10:35:55.382 @POW010 False
10:35:55.382 @POW011 False
10:35:55.383 @POW012 False
10:35:55.383 @POW013 True
10:35:55.383 @POW016 False
10:35:55.383 @POW017 False
10:35:55.383 @idx 40
10:35:55.384 @POW002 10001
10:35:55.384 @POW003 FormEmployee
10:35:55.385 @POW004 True
10:35:55.385 @POW005 True
10:35:55.385 @POW006 True
10:35:55.385 @POW007 True
10:35:55.385 @POW008 True
10:35:55.385 @POW009 True
10:35:55.386 @POW010 True
10:35:55.386 @POW011 True
10:35:55.386 @POW012 True
10:35:55.386 @POW013 True
10:35:55.386 @POW016 True
10:35:55.386 @POW017 True
10:35:55.387 @idx 7
10:35:55.388 @POW002 10001
10:35:55.388 @POW003 FormArt
10:35:55.388 @POW004 True
10:35:55.388 @POW005 True
10:35:55.388 @POW006 True
10:35:55.388 @POW007 True
10:35:55.389 @POW008 True
10:35:55.389 @POW009 True
10:35:55.389 @POW010 True
10:35:55.389 @POW011 True
10:35:55.389 @POW012 True
10:35:55.389 @POW013 True
10:35:55.390 @POW016 True
10:35:55.390 @POW017 True
10:35:55.390 @idx 9
10:35:55.391 @POW002 10001
10:35:55.391 @POW003 FormSupplierForMould
10:35:55.391 @POW004 True
10:35:55.392 @POW005 True
10:35:55.392 @POW006 True
10:35:55.392 @POW007 True
10:35:55.392 @POW008 True
10:35:55.392 @POW009 True
10:35:55.392 @POW010 True
10:35:55.392 @POW011 True
10:35:55.393 @POW012 True
10:35:55.393 @POW013 True
10:35:55.393 @POW016 True
10:35:55.393 @POW017 True
10:35:55.393 @idx 8
10:35:55.394 @POW002 10001
10:35:55.394 @POW003 FormAssNewWorkEnclosure
10:35:55.395 @POW004 True
10:35:55.395 @POW005 False
10:35:55.395 @POW006 False
10:35:55.395 @POW007 False
10:35:55.395 @POW008 False
10:35:55.396 @POW009 False
10:35:55.396 @POW010 False
10:35:55.396 @POW011 False
10:35:55.396 @POW012 False
10:35:55.396 @POW013 True
10:35:55.397 @POW016 False
10:35:55.397 @POW017 False
10:35:55.397 @idx 29
10:35:55.398 @POW002 10001
10:35:55.398 @POW003 FormArt
10:35:55.398 @POW004 True
10:35:55.399 @POW005 True
10:35:55.399 @POW006 True
10:35:55.399 @POW007 True
10:35:55.399 @POW008 True
10:35:55.399 @POW009 True
10:35:55.400 @POW010 True
10:35:55.400 @POW011 True
10:35:55.400 @POW012 True
10:35:55.400 @POW013 True
10:35:55.400 @POW016 True
10:35:55.400 @POW017 True
10:35:55.400 @idx 9
10:35:55.402 @POW002 10001
10:35:55.402 @POW003 FormHardWareWork
10:35:55.402 @POW004 True
10:35:55.402 @POW005 False
10:35:55.402 @POW006 False
10:35:55.402 @POW007 False
10:35:55.402 @POW008 False
10:35:55.402 @POW009 False
10:35:55.403 @POW010 False
10:35:55.403 @POW011 False
10:35:55.403 @POW012 False
10:35:55.403 @POW013 True
10:35:55.403 @POW016 False
10:35:55.403 @POW017 False
10:35:55.403 @idx 41
10:35:55.404 @POW002 10001
10:35:55.404 @POW003 FormLogisticsNew
10:35:55.405 @POW004 True
10:35:55.405 @POW005 False
10:35:55.405 @POW006 False
10:35:55.405 @POW007 False
10:35:55.405 @POW008 False
10:35:55.405 @POW009 False
10:35:55.406 @POW010 False
10:35:55.406 @POW011 False
10:35:55.406 @POW012 False
10:35:55.406 @POW013 True
10:35:55.406 @POW016 False
10:35:55.406 @POW017 False
10:35:55.408 @idx 37
10:35:55.409 @POW002 10001
10:35:55.409 @POW003 FormInjectionBoard
10:35:55.410 @POW004 True
10:35:55.410 @POW005 False
10:35:55.410 @POW006 False
10:35:55.410 @POW007 False
10:35:55.410 @POW008 False
10:35:55.410 @POW009 False
10:35:55.410 @POW010 False
10:35:55.410 @POW011 False
10:35:55.411 @POW012 False
10:35:55.411 @POW013 True
10:35:55.411 @POW016 False
10:35:55.411 @POW017 False
10:35:55.411 @idx 44
10:36:19.162 @POW002 10001
10:36:19.163 @POW003 FormProductPlanPreview
10:36:19.163 @POW004 False
10:36:19.164 @POW005 False
10:36:19.164 @POW006 False
10:36:19.165 @POW007 False
10:36:19.166 @POW008 False
10:36:19.166 @POW009 False
10:36:19.167 @POW010 False
10:36:19.167 @POW011 False
10:36:19.168 @POW012 False
10:36:19.168 @POW013 False
10:36:19.169 @POW016 False
10:36:19.170 @POW017 False
10:36:19.175 @POW002 10001
10:36:19.176 @POW003 FormInjectionBoard
10:36:19.176 @POW004 False
10:36:19.177 @POW005 False
10:36:19.177 @POW006 False
10:36:19.178 @POW007 False
10:36:19.178 @POW008 False
10:36:19.179 @POW009 False
10:36:19.179 @POW010 False
10:36:19.180 @POW011 False
10:36:19.180 @POW012 False
10:36:19.180 @POW013 False
10:36:19.181 @POW016 False
10:36:19.181 @POW017 False
10:36:19.184 @POW002 10001
10:36:19.185 @POW003 FormPurchaseBoard
10:36:19.186 @POW004 False
10:36:19.186 @POW005 False
10:36:19.186 @POW006 False
10:36:19.187 @POW007 False
10:36:19.187 @POW008 False
10:36:19.188 @POW009 False
10:36:19.188 @POW010 False
10:36:19.189 @POW011 False
10:36:19.189 @POW012 False
10:36:19.189 @POW013 False
10:36:19.190 @POW016 False
10:36:19.190 @POW017 False
10:36:19.193 @POW002 10001
10:36:19.194 @POW003 FormAssNewWorkEnclosure
10:36:19.194 @POW004 False
10:36:19.194 @POW005 False
10:36:19.195 @POW006 False
10:36:19.195 @POW007 False
10:36:19.196 @POW008 False
10:36:19.196 @POW009 False
10:36:19.197 @POW010 False
10:36:19.197 @POW011 False
10:36:19.198 @POW012 False
10:36:19.198 @POW013 False
10:36:19.199 @POW016 False
10:36:19.199 @POW017 False
10:36:19.201 @POW002 10001
10:36:19.201 @POW003 FormLEGNews
10:36:19.203 @POW004 False
10:36:19.204 @POW005 False
10:36:19.204 @POW006 False
10:36:19.204 @POW007 False
10:36:19.204 @POW008 False
10:36:19.204 @POW009 False
10:36:19.205 @POW010 False
10:36:19.205 @POW011 False
10:36:19.205 @POW012 False
10:36:19.205 @POW013 False
10:36:19.206 @POW016 False
10:36:19.206 @POW017 False
10:36:19.208 @POW002 10001
10:36:19.208 @POW003 FormAssNewWork
10:36:19.208 @POW004 False
10:36:19.208 @POW005 False
10:36:19.209 @POW006 False
10:36:19.209 @POW007 False
10:36:19.209 @POW008 False
10:36:19.209 @POW009 False
10:36:19.210 @POW010 False
10:36:19.210 @POW011 False
10:36:19.210 @POW012 False
10:36:19.210 @POW013 False
10:36:19.211 @POW016 False
10:36:19.211 @POW017 False
10:36:19.212 @POW002 10001
10:36:19.212 @POW003 FormHardBoard
10:36:19.213 @POW004 False
10:36:19.213 @POW005 False
10:36:19.213 @POW006 False
10:36:19.213 @POW007 False
10:36:19.213 @POW008 False
10:36:19.213 @POW009 False
10:36:19.214 @POW010 False
10:36:19.214 @POW011 False
10:36:19.214 @POW012 False
10:36:19.214 @POW013 False
10:36:19.214 @POW016 False
10:36:19.214 @POW017 False
10:36:19.216 @POW002 10001
10:36:19.216 @POW003 FormInjectionMolding
10:36:19.216 @POW004 False
10:36:19.216 @POW005 False
10:36:19.216 @POW006 False
10:36:19.216 @POW007 False
10:36:19.217 @POW008 False
10:36:19.217 @POW009 False
10:36:19.217 @POW010 False
10:36:19.217 @POW011 False
10:36:19.217 @POW012 False
10:36:19.217 @POW013 False
10:36:19.218 @POW016 False
10:36:19.218 @POW017 False
10:36:19.219 @POW002 10001
10:36:19.219 @POW003 FormLEGBoard
10:36:19.219 @POW004 False
10:36:19.220 @POW005 False
10:36:19.220 @POW006 False
10:36:19.220 @POW007 False
10:36:19.220 @POW008 False
10:36:19.220 @POW009 False
10:36:19.220 @POW010 False
10:36:19.221 @POW011 False
10:36:19.221 @POW012 False
10:36:19.221 @POW013 False
10:36:19.221 @POW016 False
10:36:19.221 @POW017 False
10:36:19.223 @POW002 10001
10:36:19.223 @POW003 FormSemiPlanView
10:36:19.223 @POW004 False
10:36:19.223 @POW005 False
10:36:19.223 @POW006 False
10:36:19.223 @POW007 False
10:36:19.224 @POW008 False
10:36:19.224 @POW009 False
10:36:19.224 @POW010 False
10:36:19.224 @POW011 False
10:36:19.224 @POW012 False
10:36:19.224 @POW013 False
10:36:19.225 @POW016 False
10:36:19.225 @POW017 False
10:36:19.226 @POW002 10001
10:36:19.226 @POW003 FormBoarSet
10:36:19.226 @POW004 False
10:36:19.227 @POW005 False
10:36:19.227 @POW006 False
10:36:19.227 @POW007 False
10:36:19.227 @POW008 False
10:36:19.227 @POW009 False
10:36:19.227 @POW010 False
10:36:19.227 @POW011 False
10:36:19.228 @POW012 False
10:36:19.228 @POW013 False
10:36:19.228 @POW016 False
10:36:19.228 @POW017 False
10:36:19.229 @POW002 10001
10:36:19.229 @POW003 FormPaintNewspaper
10:36:19.230 @POW004 False
10:36:19.230 @POW005 False
10:36:19.230 @POW006 False
10:36:19.230 @POW007 False
10:36:19.230 @POW008 False
10:36:19.230 @POW009 False
10:36:19.230 @POW010 False
10:36:19.230 @POW011 False
10:36:19.231 @POW012 False
10:36:19.231 @POW013 False
10:36:19.231 @POW016 False
10:36:19.231 @POW017 False
10:36:19.232 @POW002 10001
10:36:19.232 @POW003 FormArt
10:36:19.232 @POW004 False
10:36:19.232 @POW005 False
10:36:19.232 @POW006 False
10:36:19.232 @POW007 False
10:36:19.233 @POW008 False
10:36:19.233 @POW009 False
10:36:19.233 @POW010 False
10:36:19.233 @POW011 False
10:36:19.233 @POW012 False
10:36:19.233 @POW013 False
10:36:19.233 @POW016 False
10:36:19.234 @POW017 False
10:36:19.235 @POW002 10001
10:36:19.235 @POW003 FormEmployee
10:36:19.235 @POW004 False
10:36:19.235 @POW005 False
10:36:19.235 @POW006 False
10:36:19.235 @POW007 False
10:36:19.235 @POW008 False
10:36:19.235 @POW009 False
10:36:19.235 @POW010 False
10:36:19.236 @POW011 False
10:36:19.236 @POW012 False
10:36:19.236 @POW013 False
10:36:19.236 @POW016 False
10:36:19.236 @POW017 False
10:36:19.237 @POW002 10001
10:36:19.237 @POW003 FormSupplierForMould
10:36:19.237 @POW004 False
10:36:19.238 @POW005 False
10:36:19.238 @POW006 False
10:36:19.238 @POW007 False
10:36:19.238 @POW008 False
10:36:19.238 @POW009 False
10:36:19.238 @POW010 False
10:36:19.238 @POW011 False
10:36:19.238 @POW012 False
10:36:19.238 @POW013 False
10:36:19.239 @POW016 False
10:36:19.239 @POW017 False
10:36:19.240 @POW002 10001
10:36:19.240 @POW003 FormMouldInformation
10:36:19.240 @POW004 False
10:36:19.240 @POW005 False
10:36:19.240 @POW006 False
10:36:19.240 @POW007 False
10:36:19.240 @POW008 False
10:36:19.240 @POW009 False
10:36:19.241 @POW010 False
10:36:19.241 @POW011 False
10:36:19.241 @POW012 False
10:36:19.241 @POW013 False
10:36:19.241 @POW016 False
10:36:19.241 @POW017 False
10:36:19.242 @POW002 10001
10:36:19.242 @POW003 FormAssBoard
10:36:19.242 @POW004 False
10:36:19.242 @POW005 False
10:36:19.243 @POW006 False
10:36:19.243 @POW007 False
10:36:19.243 @POW008 False
10:36:19.243 @POW009 False
10:36:19.243 @POW010 False
10:36:19.243 @POW011 False
10:36:19.243 @POW012 False
10:36:19.243 @POW013 False
10:36:19.244 @POW016 False
10:36:19.244 @POW017 False
10:36:19.245 @POW002 10001
10:36:19.245 @POW003 FormLogisticsNew
10:36:19.245 @POW004 False
10:36:19.245 @POW005 False
10:36:19.245 @POW006 False
10:36:19.245 @POW007 False
10:36:19.245 @POW008 False
10:36:19.245 @POW009 False
10:36:19.246 @POW010 False
10:36:19.246 @POW011 False
10:36:19.246 @POW012 False
10:36:19.246 @POW013 False
10:36:19.246 @POW016 False
10:36:19.246 @POW017 False
10:36:19.247 @POW002 10001
10:36:19.247 @POW003 FormPaintBoard
10:36:19.247 @POW004 False
10:36:19.247 @POW005 False
10:36:19.248 @POW006 False
10:36:19.248 @POW007 False
10:36:19.248 @POW008 False
10:36:19.248 @POW009 False
10:36:19.248 @POW010 False
10:36:19.248 @POW011 False
10:36:19.248 @POW012 False
10:36:19.248 @POW013 False
10:36:19.248 @POW016 False
10:36:19.249 @POW017 False
10:36:19.250 @POW002 10001
10:36:19.250 @POW003 FormHardWareWork
10:36:19.250 @POW004 False
10:36:19.250 @POW005 False
10:36:19.250 @POW006 False
10:36:19.250 @POW007 False
10:36:19.250 @POW008 False
10:36:19.250 @POW009 False
10:36:19.251 @POW010 False
10:36:19.251 @POW011 False
10:36:19.251 @POW012 False
10:36:19.251 @POW013 False
10:36:19.251 @POW016 False
10:36:19.251 @POW017 False
10:36:19.252 @POW002 10001
10:36:19.252 @POW003 FormLineForAssPlan
10:36:19.252 @POW004 False
10:36:19.252 @POW005 False
10:36:19.253 @POW006 False
10:36:19.253 @POW007 False
10:36:19.253 @POW008 False
10:36:19.253 @POW009 False
10:36:19.253 @POW010 False
10:36:19.253 @POW011 False
10:36:19.253 @POW012 False
10:36:19.253 @POW013 False
10:36:19.253 @POW016 False
10:36:19.254 @POW017 False
10:36:19.254 @POW002 10001
10:36:19.255 @POW003 FormLEDNewsPaper
10:36:19.255 @POW004 False
10:36:19.255 @POW005 False
10:36:19.255 @POW006 False
10:36:19.255 @POW007 False
10:36:19.255 @POW008 False
10:36:19.255 @POW009 False
10:36:19.256 @POW010 False
10:36:19.256 @POW011 False
10:36:19.256 @POW012 False
10:36:19.256 @POW013 False
10:36:19.256 @POW016 False
10:36:19.256 @POW017 False
10:36:19.261 @POW002 10001
10:36:19.261 @POW003 FormWages
10:36:19.262 @POW004 False
10:36:19.262 @POW005 False
10:36:19.262 @POW006 False
10:36:19.262 @POW007 False
10:36:19.262 @POW008 False
10:36:19.262 @POW009 False
10:36:19.262 @POW010 False
10:36:19.263 @POW011 False
10:36:19.263 @POW012 False
10:36:19.263 @POW013 False
10:36:19.263 @POW016 False
10:36:19.263 @POW017 False
10:36:19.265 @POW002 10001
10:36:19.265 @POW003 FormMachinePlat
10:36:19.265 @POW004 False
10:36:19.265 @POW005 False
10:36:19.265 @POW006 False
10:36:19.265 @POW007 False
10:36:19.266 @POW008 False
10:36:19.266 @POW009 False
10:36:19.266 @POW010 False
10:36:19.266 @POW011 False
10:36:19.266 @POW012 False
10:36:19.266 @POW013 False
10:36:19.266 @POW016 False
10:36:19.267 @POW017 False
10:36:19.268 @POW002 10001
10:36:19.268 @POW003 FormLEEBoard
10:36:19.268 @POW004 False
10:36:19.268 @POW005 False
10:36:19.268 @POW006 False
10:36:19.268 @POW007 False
10:36:19.269 @POW008 False
10:36:19.269 @POW009 False
10:36:19.269 @POW010 False
10:36:19.269 @POW011 False
10:36:19.269 @POW012 False
10:36:19.269 @POW013 False
10:36:19.269 @POW016 False
10:36:19.269 @POW017 False
10:36:19.270 @POW002 10001
10:36:19.270 @POW003 FormPurProductView
10:36:19.271 @POW004 False
10:36:19.271 @POW005 False
10:36:19.271 @POW006 False
10:36:19.271 @POW007 False
10:36:19.271 @POW008 False
10:36:19.271 @POW009 False
10:36:19.271 @POW010 False
10:36:19.271 @POW011 False
10:36:19.272 @POW012 False
10:36:19.272 @POW013 False
10:36:19.272 @POW016 False
10:36:19.272 @POW017 False
10:36:28.867 @POW002 10001
10:36:28.867 @POW003 FormInjectionMolding
10:36:28.868 @POW004 False
10:36:28.869 @POW005 False
10:36:28.869 @POW006 False
10:36:28.870 @POW007 False
10:36:28.870 @POW008 False
10:36:28.871 @POW009 False
10:36:28.872 @POW010 False
10:36:28.872 @POW011 False
10:36:28.873 @POW012 False
10:36:28.873 @POW013 False
10:36:28.874 @POW016 False
10:36:28.874 @POW017 False
10:36:28.875 @idx 82
10:36:28.879 @POW002 10001
10:36:28.880 @POW003 FormProductPlanPreview
10:36:28.880 @POW004 False
10:36:28.881 @POW005 False
10:36:28.881 @POW006 False
10:36:28.882 @POW007 False
10:36:28.882 @POW008 False
10:36:28.883 @POW009 False
10:36:28.883 @POW010 False
10:36:28.884 @POW011 False
10:36:28.884 @POW012 False
10:36:28.885 @POW013 False
10:36:28.885 @POW016 False
10:36:28.886 @POW017 False
10:36:28.887 @idx 75
10:36:28.890 @POW002 10001
10:36:28.890 @POW003 FormLEGBoard
10:36:28.891 @POW004 False
10:36:28.891 @POW005 False
10:36:28.891 @POW006 False
10:36:28.891 @POW007 False
10:36:28.891 @POW008 False
10:36:28.892 @POW009 False
10:36:28.892 @POW010 False
10:36:28.892 @POW011 False
10:36:28.892 @POW012 False
10:36:28.893 @POW013 False
10:36:28.893 @POW016 False
10:36:28.893 @POW017 False
10:36:28.893 @idx 83
10:36:28.895 @POW002 10001
10:36:28.895 @POW003 FormMouldInformation
10:36:28.896 @POW004 False
10:36:28.896 @POW005 False
10:36:28.896 @POW006 False
10:36:28.896 @POW007 False
10:36:28.896 @POW008 False
10:36:28.897 @POW009 False
10:36:28.897 @POW010 False
10:36:28.897 @POW011 False
10:36:28.897 @POW012 False
10:36:28.898 @POW013 False
10:36:28.898 @POW016 False
10:36:28.898 @POW017 False
10:36:28.898 @idx 90
10:36:28.900 @POW002 10001
10:36:28.900 @POW003 FormLEEBoard
10:36:28.900 @POW004 False
10:36:28.901 @POW005 False
10:36:28.901 @POW006 False
10:36:28.901 @POW007 False
10:36:28.901 @POW008 False
10:36:28.901 @POW009 False
10:36:28.902 @POW010 False
10:36:28.902 @POW011 False
10:36:28.902 @POW012 False
10:36:28.902 @POW013 False
10:36:28.902 @POW016 False
10:36:28.903 @POW017 False
10:36:28.903 @idx 99
10:36:28.904 @POW002 10001
10:36:28.905 @POW003 FormPurProductView
10:36:28.905 @POW004 False
10:36:28.905 @POW005 False
10:36:28.905 @POW006 False
10:36:28.906 @POW007 False
10:36:28.906 @POW008 False
10:36:28.906 @POW009 False
10:36:28.906 @POW010 False
10:36:28.906 @POW011 False
10:36:28.907 @POW012 False
10:36:28.907 @POW013 False
10:36:28.907 @POW016 False
10:36:28.907 @POW017 False
10:36:28.907 @idx 100
10:36:28.909 @POW002 10001
10:36:28.909 @POW003 FormMachinePlat
10:36:28.909 @POW004 False
10:36:28.910 @POW005 False
10:36:28.910 @POW006 False
10:36:28.910 @POW007 False
10:36:28.910 @POW008 False
10:36:28.911 @POW009 False
10:36:28.911 @POW010 False
10:36:28.911 @POW011 False
10:36:28.911 @POW012 False
10:36:28.912 @POW013 False
10:36:28.912 @POW016 False
10:36:28.912 @POW017 False
10:36:28.912 @idx 98
10:36:28.914 @POW002 10001
10:36:28.914 @POW003 FormLogisticsNew
10:36:28.914 @POW004 False
10:36:28.914 @POW005 False
10:36:28.915 @POW006 False
10:36:28.915 @POW007 False
10:36:28.915 @POW008 False
10:36:28.915 @POW009 False
10:36:28.915 @POW010 False
10:36:28.916 @POW011 False
10:36:28.916 @POW012 False
10:36:28.916 @POW013 False
10:36:28.916 @POW016 False
10:36:28.916 @POW017 False
10:36:28.917 @idx 92
10:36:28.918 @POW002 10001
10:36:28.918 @POW003 FormEmployee
10:36:28.919 @POW004 False
10:36:28.919 @POW005 False
10:36:28.919 @POW006 False
10:36:28.919 @POW007 False
10:36:28.919 @POW008 False
10:36:28.920 @POW009 False
10:36:28.920 @POW010 False
10:36:28.920 @POW011 False
10:36:28.920 @POW012 False
10:36:28.920 @POW013 False
10:36:28.920 @POW016 False
10:36:28.921 @POW017 False
10:36:28.921 @idx 88
10:36:28.922 @POW002 10001
10:36:28.922 @POW003 FormPurchaseBoard
10:36:28.922 @POW004 False
10:36:28.922 @POW005 False
10:36:28.923 @POW006 False
10:36:28.923 @POW007 False
10:36:28.923 @POW008 False
10:36:28.923 @POW009 False
10:36:28.923 @POW010 False
10:36:28.923 @POW011 False
10:36:28.923 @POW012 False
10:36:28.924 @POW013 False
10:36:28.924 @POW016 False
10:36:28.924 @POW017 False
10:36:28.924 @idx 77
10:36:28.925 @POW002 10001
10:36:28.925 @POW003 FormHardWareWork
10:36:28.926 @POW004 False
10:36:28.926 @POW005 False
10:36:28.926 @POW006 False
10:36:28.926 @POW007 False
10:36:28.926 @POW008 False
10:36:28.926 @POW009 False
10:36:28.927 @POW010 False
10:36:28.927 @POW011 False
10:36:28.927 @POW012 False
10:36:28.927 @POW013 False
10:36:28.927 @POW016 False
10:36:28.927 @POW017 False
10:36:28.927 @idx 94
10:36:28.928 @POW002 10001
10:36:28.929 @POW003 FormPaintNewspaper
10:36:28.929 @POW004 False
10:36:28.929 @POW005 False
10:36:28.929 @POW006 False
10:36:28.929 @POW007 False
10:36:28.929 @POW008 False
10:36:28.929 @POW009 False
10:36:28.929 @POW010 False
10:36:28.930 @POW011 False
10:36:28.930 @POW012 False
10:36:28.930 @POW013 False
10:36:28.930 @POW016 False
10:36:28.930 @POW017 False
10:36:28.930 @idx 86
10:36:28.932 @POW002 10001
10:36:28.932 @POW003 FormHardBoard
10:36:28.933 @POW004 False
10:36:28.933 @POW005 False
10:36:28.933 @POW006 False
10:36:28.933 @POW007 False
10:36:28.933 @POW008 False
10:36:28.933 @POW009 False
10:36:28.933 @POW010 False
10:36:28.933 @POW011 False
10:36:28.934 @POW012 False
10:36:28.934 @POW013 False
10:36:28.934 @POW016 False
10:36:28.934 @POW017 False
10:36:28.934 @idx 81
10:36:28.936 @POW002 10001
10:36:28.936 @POW003 FormBoarSet
10:36:28.936 @POW004 False
10:36:28.936 @POW005 False
10:36:28.936 @POW006 False
10:36:28.936 @POW007 False
10:36:28.936 @POW008 False
10:36:28.936 @POW009 False
10:36:28.937 @POW010 False
10:36:28.937 @POW011 False
10:36:28.937 @POW012 False
10:36:28.937 @POW013 False
10:36:28.937 @POW016 False
10:36:28.937 @POW017 False
10:36:28.937 @idx 85
10:36:28.938 @POW002 10001
10:36:28.939 @POW003 FormLEGNews
10:36:28.939 @POW004 False
10:36:28.939 @POW005 False
10:36:28.939 @POW006 False
10:36:28.939 @POW007 False
10:36:28.939 @POW008 False
10:36:28.939 @POW009 False
10:36:28.939 @POW010 False
10:36:28.939 @POW011 False
10:36:28.940 @POW012 False
10:36:28.940 @POW013 False
10:36:28.940 @POW016 False
10:36:28.940 @POW017 False
10:36:28.940 @idx 79
10:36:28.941 @POW002 10001
10:36:28.941 @POW003 FormPaintBoard
10:36:28.941 @POW004 False
10:36:28.942 @POW005 False
10:36:28.942 @POW006 False
10:36:28.942 @POW007 False
10:36:28.942 @POW008 False
10:36:28.942 @POW009 False
10:36:28.942 @POW010 False
10:36:28.942 @POW011 False
10:36:28.942 @POW012 False
10:36:28.943 @POW013 False
10:36:28.943 @POW016 False
10:36:28.943 @POW017 False
10:36:28.943 @idx 93
10:36:28.944 @POW002 10001
10:36:28.944 @POW003 FormLEDNewsPaper
10:36:28.944 @POW004 False
10:36:28.944 @POW005 False
10:36:28.945 @POW006 False
10:36:28.945 @POW007 False
10:36:28.945 @POW008 False
10:36:28.945 @POW009 False
10:36:28.945 @POW010 False
10:36:28.945 @POW011 False
10:36:28.945 @POW012 False
10:36:28.945 @POW013 False
10:36:28.946 @POW016 False
10:36:28.946 @POW017 False
10:36:28.946 @idx 96
10:36:28.947 @POW002 10001
10:36:28.947 @POW003 FormInjectionBoard
10:36:28.947 @POW004 False
10:36:28.947 @POW005 False
10:36:28.947 @POW006 False
10:36:28.947 @POW007 False
10:36:28.948 @POW008 False
10:36:28.948 @POW009 False
10:36:28.948 @POW010 False
10:36:28.948 @POW011 False
10:36:28.948 @POW012 False
10:36:28.948 @POW013 False
10:36:28.948 @POW016 False
10:36:28.949 @POW017 False
10:36:28.949 @idx 76
10:36:28.950 @POW002 10001
10:36:28.950 @POW003 FormLineForAssPlan
10:36:28.950 @POW004 False
10:36:28.950 @POW005 False
10:36:28.950 @POW006 False
10:36:28.950 @POW007 False
10:36:28.951 @POW008 False
10:36:28.951 @POW009 False
10:36:28.951 @POW010 False
10:36:28.951 @POW011 False
10:36:28.951 @POW012 False
10:36:28.951 @POW013 False
10:36:28.951 @POW016 False
10:36:28.951 @POW017 False
10:36:28.952 @idx 95
10:36:28.953 @POW002 10001
10:36:28.953 @POW003 FormSemiPlanView
10:36:28.953 @POW004 False
10:36:28.953 @POW005 False
10:36:28.953 @POW006 False
10:36:28.953 @POW007 False
10:36:28.953 @POW008 False
10:36:28.953 @POW009 False
10:36:28.953 @POW010 False
10:36:28.954 @POW011 False
10:36:28.954 @POW012 False
10:36:28.954 @POW013 False
10:36:28.954 @POW016 False
10:36:28.954 @POW017 False
10:36:28.954 @idx 84
10:36:28.955 @POW002 10001
10:36:28.955 @POW003 FormAssNewWorkEnclosure
10:36:28.955 @POW004 False
10:36:28.956 @POW005 False
10:36:28.956 @POW006 False
10:36:28.956 @POW007 False
10:36:28.956 @POW008 False
10:36:28.956 @POW009 False
10:36:28.956 @POW010 False
10:36:28.956 @POW011 False
10:36:28.956 @POW012 False
10:36:28.956 @POW013 False
10:36:28.957 @POW016 False
10:36:28.957 @POW017 False
10:36:28.957 @idx 78
10:36:28.958 @POW002 10001
10:36:28.958 @POW003 FormArt
10:36:28.958 @POW004 False
10:36:28.958 @POW005 False
10:36:28.958 @POW006 False
10:36:28.958 @POW007 False
10:36:28.959 @POW008 False
10:36:28.959 @POW009 False
10:36:28.959 @POW010 False
10:36:28.959 @POW011 False
10:36:28.959 @POW012 False
10:36:28.959 @POW013 False
10:36:28.959 @POW016 False
10:36:28.959 @POW017 False
10:36:28.959 @idx 87
10:36:28.960 @POW002 10001
10:36:28.961 @POW003 FormAssBoard
10:36:28.961 @POW004 False
10:36:28.961 @POW005 False
10:36:28.961 @POW006 False
10:36:28.961 @POW007 False
10:36:28.961 @POW008 False
10:36:28.961 @POW009 False
10:36:28.961 @POW010 False
10:36:28.961 @POW011 False
10:36:28.966 @POW012 False
10:36:28.966 @POW013 False
10:36:28.966 @POW016 False
10:36:28.966 @POW017 False
10:36:28.967 @idx 91
10:36:28.968 @POW002 10001
10:36:28.968 @POW003 FormSupplierForMould
10:36:28.968 @POW004 False
10:36:28.968 @POW005 False
10:36:28.968 @POW006 False
10:36:28.968 @POW007 False
10:36:28.969 @POW008 False
10:36:28.969 @POW009 False
10:36:28.969 @POW010 False
10:36:28.969 @POW011 False
10:36:28.969 @POW012 False
10:36:28.969 @POW013 False
10:36:28.969 @POW016 False
10:36:28.969 @POW017 False
10:36:28.969 @idx 89
10:36:28.971 @POW002 10001
10:36:28.971 @POW003 FormWages
10:36:28.971 @POW004 False
10:36:28.971 @POW005 False
10:36:28.971 @POW006 False
10:36:28.971 @POW007 False
10:36:28.972 @POW008 False
10:36:28.972 @POW009 False
10:36:28.972 @POW010 False
10:36:28.972 @POW011 False
10:36:28.972 @POW012 False
10:36:28.972 @POW013 False
10:36:28.972 @POW016 False
10:36:28.973 @POW017 False
10:36:28.973 @idx 97
10:36:28.974 @POW002 10001
10:36:28.974 @POW003 FormAssNewWork
10:36:28.974 @POW004 False
10:36:28.974 @POW005 False
10:36:28.974 @POW006 False
10:36:28.975 @POW007 False
10:36:28.975 @POW008 False
10:36:28.975 @POW009 False
10:36:28.975 @POW010 False
10:36:28.975 @POW011 False
10:36:28.975 @POW012 False
10:36:28.976 @POW013 False
10:36:28.976 @POW016 False
10:36:28.976 @POW017 False
10:36:28.976 @idx 80
10:47:16.255 @EMP002 系统管理员
10:47:16.255 @EMP033 cebfd1559b68d67688884d7a3d3e8c
11:20:10.041  异常信息：未能找到路径“D:\ProjectData\MiKe\LineProductMes\LineProductMes\bin\Debug\Temp_Update\UpdateList.xml”的一部分。
  堆栈信息:   在 AutoUpdate.AppUpdate.DownloadFile(String url, String localFilePath) 位置 D:\ProjectData\MiKe\LineProductMes\LineProductMes\ClassForMain\AppUpdate.cs:行号 239
   在 AutoUpdate.AppUpdate.CheckAppVersion(String& msg) 位置 D:\ProjectData\MiKe\LineProductMes\LineProductMes\ClassForMain\AppUpdate.cs:行号 310
11:28:49.530 @EMP002 系统管理员
11:28:49.530 @EMP033 cebfd1559b68d67688884d7a3d3e8c
14:08:50.233 @EMP002 系统管理员
14:08:50.234 @EMP033 cebfd1559b68d67688884d7a3d3e8c
14:13:54.775 @EMP002 系统管理员
14:13:54.776 @EMP033 cebfd1559b68d67688884d7a3d3e8c
14:17:18.909 @MOI001 Z-XT041
14:17:18.909 @MOI002 F64-H后箱体
14:17:18.910 @MOI003 
14:17:18.910 @MOI004 0502
14:17:18.911 @MOI005 注塑车间
14:17:18.912 @MOI006 在用
14:17:18.912 @MOI007 手动
14:17:18.913 @MOI008 101010001,不锈钢530*145*0.5|101020002,腹膜镜面铝270*250*0.4
14:17:18.913 @MOI009 101010001,不锈钢530*145*0.5|101020002,腹膜镜面铝270*250*0.4
14:17:18.914 @MOI010 101030006,亚光白辊涂板630*180*0.5,630*180*0.5mm|101040007,拉丝铝板,576*276*0.6mm/普通膜
14:17:18.915 @MOI011 2018/11/7 0:00:00
14:17:18.915 @MOI012 
14:17:18.916 @MOI013 1001
14:17:18.917 @MOI014 金盛模具厂
14:17:18.917 @MOI015 
14:17:18.918 @MOI016 False
14:17:18.918 @MOI017 注塑模
14:17:18.919 @MOI018 箱体
14:53:21.271 @EMP002 系统管理员
14:53:21.272 @EMP033 cebfd1559b68d67688884d7a3d3e8c
16:32:53.306 @EMP002 系统管理员
16:32:53.307 @EMP033 cebfd1559b68d67688884d7a3d3e8c
