08:44:36.630  异常信息：远程服务器返回错误: (404) 未找到。
  堆栈信息:   在 AutoUpdate.AppUpdate.DownloadFile(String url, String localFilePath) 位置 D:\ProjectData\MiKe\LineProductMes\LineProductMes\ClassForMain\AppUpdate.cs:行号 243
   在 AutoUpdate.AppUpdate.CheckAppVersion(String& msg) 位置 D:\ProjectData\MiKe\LineProductMes\LineProductMes\ClassForMain\AppUpdate.cs:行号 310
08:44:48.618 @EMP002 系统管理员
08:44:48.620 @EMP033 cebfd1559b68d67688884d7a3d3e8c
10:13:08.088  异常信息：远程服务器返回错误: (404) 未找到。
  堆栈信息:   在 AutoUpdate.AppUpdate.DownloadFile(String url, String localFilePath) 位置 D:\ProjectData\MiKe\LineProductMes\LineProductMes\ClassForMain\AppUpdate.cs:行号 243
   在 AutoUpdate.AppUpdate.CheckAppVersion(String& msg) 位置 D:\ProjectData\MiKe\LineProductMes\LineProductMes\ClassForMain\AppUpdate.cs:行号 310
10:13:16.983 @EMP002 系统管理员
10:13:16.986 @EMP033 cebfd1559b68d67688884d7a3d3e8c
10:17:30.973  异常信息：远程服务器返回错误: (404) 未找到。
  堆栈信息:   在 AutoUpdate.AppUpdate.DownloadFile(String url, String localFilePath) 位置 D:\ProjectData\MiKe\LineProductMes\LineProductMes\ClassForMain\AppUpdate.cs:行号 243
   在 AutoUpdate.AppUpdate.CheckAppVersion(String& msg) 位置 D:\ProjectData\MiKe\LineProductMes\LineProductMes\ClassForMain\AppUpdate.cs:行号 310
10:21:28.417 @EMP002 系统管理员
10:21:28.420 @EMP033 cebfd1559b68d67688884d7a3d3e8c
10:24:10.514  异常信息：远程服务器返回错误: (404) 未找到。
  堆栈信息:   在 AutoUpdate.AppUpdate.DownloadFile(String url, String localFilePath) 位置 D:\ProjectData\MiKe\LineProductMes\LineProductMes\ClassForMain\AppUpdate.cs:行号 243
   在 AutoUpdate.AppUpdate.CheckAppVersion(String& msg) 位置 D:\ProjectData\MiKe\LineProductMes\LineProductMes\ClassForMain\AppUpdate.cs:行号 310
10:25:27.678 @EMP002 系统管理员
10:25:27.681 @EMP033 cebfd1559b68d67688884d7a3d3e8c
10:27:19.218  异常信息：远程服务器返回错误: (404) 未找到。
  堆栈信息:   在 AutoUpdate.AppUpdate.DownloadFile(String url, String localFilePath) 位置 D:\ProjectData\MiKe\LineProductMes\LineProductMes\ClassForMain\AppUpdate.cs:行号 243
   在 AutoUpdate.AppUpdate.CheckAppVersion(String& msg) 位置 D:\ProjectData\MiKe\LineProductMes\LineProductMes\ClassForMain\AppUpdate.cs:行号 310
10:27:24.114 @EMP002 系统管理员
10:27:24.117 @EMP033 cebfd1559b68d67688884d7a3d3e8c
10:27:58.932  异常信息：远程服务器返回错误: (404) 未找到。
  堆栈信息:   在 AutoUpdate.AppUpdate.DownloadFile(String url, String localFilePath) 位置 D:\ProjectData\MiKe\LineProductMes\LineProductMes\ClassForMain\AppUpdate.cs:行号 243
   在 AutoUpdate.AppUpdate.CheckAppVersion(String& msg) 位置 D:\ProjectData\MiKe\LineProductMes\LineProductMes\ClassForMain\AppUpdate.cs:行号 310
10:28:03.913 @EMP002 系统管理员
10:28:03.915 @EMP033 cebfd1559b68d67688884d7a3d3e8c
10:28:47.520  异常信息：远程服务器返回错误: (404) 未找到。
  堆栈信息:   在 AutoUpdate.AppUpdate.DownloadFile(String url, String localFilePath) 位置 D:\ProjectData\MiKe\LineProductMes\LineProductMes\ClassForMain\AppUpdate.cs:行号 243
   在 AutoUpdate.AppUpdate.CheckAppVersion(String& msg) 位置 D:\ProjectData\MiKe\LineProductMes\LineProductMes\ClassForMain\AppUpdate.cs:行号 310
10:28:54.557 @EMP002 系统管理员
10:28:54.561 @EMP033 cebfd1559b68d67688884d7a3d3e8c
10:30:20.093  异常信息：远程服务器返回错误: (404) 未找到。
  堆栈信息:   在 AutoUpdate.AppUpdate.DownloadFile(String url, String localFilePath) 位置 D:\ProjectData\MiKe\LineProductMes\LineProductMes\ClassForMain\AppUpdate.cs:行号 243
   在 AutoUpdate.AppUpdate.CheckAppVersion(String& msg) 位置 D:\ProjectData\MiKe\LineProductMes\LineProductMes\ClassForMain\AppUpdate.cs:行号 310
10:30:26.205 @EMP002 系统管理员
10:30:26.207 @EMP033 cebfd1559b68d67688884d7a3d3e8c
10:42:28.839  异常信息：远程服务器返回错误: (404) 未找到。
  堆栈信息:   在 AutoUpdate.AppUpdate.DownloadFile(String url, String localFilePath) 位置 D:\ProjectData\MiKe\LineProductMes\LineProductMes\ClassForMain\AppUpdate.cs:行号 243
   在 AutoUpdate.AppUpdate.CheckAppVersion(String& msg) 位置 D:\ProjectData\MiKe\LineProductMes\LineProductMes\ClassForMain\AppUpdate.cs:行号 310
10:42:36.047 @EMP002 系统管理员
10:42:36.050 @EMP033 cebfd1559b68d67688884d7a3d3e8c
10:46:56.391 @ARS001 JYLF66G-S
10:46:56.393 @ARS002 JYLF66G-S-PTC+LED+换气+吹风+数显+土豪金3060
10:46:56.396 @ARS003 013
10:46:56.399 @ARS004 2480W
10:46:56.401 @ARS005 
10:46:56.403 @ARS006 台
10:46:56.405 @ARS007 M
10:46:56.408 @ARS008 0
10:46:56.410 @ARS009 0503
10:46:56.414 @ART001 JYLF66G-S
10:46:56.416 @ART002 3001
10:46:56.417 @ART003 喷漆
10:46:56.418 @ART004 0.12
10:46:56.420 @ART005 0
10:46:56.421 @ART006 
10:46:56.422 @ART007 
10:46:56.423 @ART009 
10:46:56.424 @ART010 否
10:46:56.426 @ART011 001
10:46:56.427 @ART012 0
10:46:56.428 @ART013 喷漆工
10:46:56.432 @ART001 JYLF66G-S
10:46:56.434 @ART002 3002
10:46:56.435 @ART003 组装
10:46:56.436 @ART004 0.34
10:46:56.438 @ART005 0
10:46:56.439 @ART006 
10:46:56.441 @ART007 
10:46:56.442 @ART009 
10:46:56.443 @ART010 否
10:46:56.444 @ART011 002
10:46:56.445 @ART012 0
10:46:56.447 @ART013 装配工
10:47:29.799 @ARS001 JYLQ34
10:47:29.802 @ARS002 JYLQ34-单风暖
10:47:29.805 @ARS003 013
10:47:29.807 @ARS004 
10:47:29.810 @ARS005 
10:47:29.812 @ARS006 台
10:47:29.814 @ARS007 M
10:47:29.816 @ARS008 0
10:47:29.820 @ARS009 0503
10:47:29.824 @ART001 JYLQ34
10:47:29.827 @ART002 3001
10:47:29.829 @ART003 喷漆
10:47:29.831 @ART004 1.23
10:47:29.833 @ART005 0
10:47:29.834 @ART006 
10:47:29.835 @ART007 
10:47:29.836 @ART009 
10:47:29.838 @ART010 否
10:47:29.839 @ART011 001
10:47:29.840 @ART012 0
10:47:29.841 @ART013 喷漆工
10:47:29.845 @ART001 JYLQ34
10:47:29.847 @ART002 3002
10:47:29.848 @ART003 组装
10:47:29.850 @ART004 0.56
10:47:29.851 @ART005 0
10:47:29.852 @ART006 
10:47:29.853 @ART007 
10:47:29.855 @ART009 
10:47:29.856 @ART010 否
10:47:29.857 @ART011 002
10:47:29.859 @ART012 0
10:47:29.860 @ART013 装配工
10:48:23.478 @PAN001 20180912001
10:48:23.479 @PAN002 0503
10:48:23.481 @PAN003 喷涂车间
10:48:23.482 @PAN004 0503
10:48:23.483 @PAN005 喷涂车间
10:48:23.485 @PAN006 2018/9/12 0:00:00
10:48:23.486 @PAN007 
10:48:23.487 @PAN008 
10:48:23.489 @PAN009 False
10:48:23.490 @PAN010 False
10:48:23.491 @PAN011 0.5
10:48:23.492 @PAN012 0
10:48:23.498 @PAO001 20180912001
10:48:23.500 @PAO002 20180911000020
10:48:23.501 @PAO003 JYLF66G-S
10:48:23.503 @PAO004 JYLF66G-S-PTC+LED+换气+吹风+数显+土豪金3060
10:48:23.504 @PAO005 5000
10:48:23.505 @PAO006 0.46
10:48:23.507 @PAO007 台
10:48:23.508 @PAO008 2480W
10:48:23.509 @PAO009 3001
10:48:23.510 @PAO010 喷漆
10:48:23.512 @PAO011 0.120000
10:48:23.513 @PAO012 4000
10:48:23.514 @PAO013 001
10:48:23.518 @PAO001 20180912001
10:48:23.520 @PAO002 20180911000021
10:48:23.521 @PAO003 JYLQ34
10:48:23.523 @PAO004 JYLQ34-单风暖
10:48:23.524 @PAO005 5000
10:48:23.526 @PAO006 1.79
10:48:23.527 @PAO007 台
10:48:23.529 @PAO008 
10:48:23.530 @PAO009 3002
10:48:23.531 @PAO010 组装
10:48:23.532 @PAO011 0.560000
10:48:23.534 @PAO012 5000
10:48:23.535 @PAO013 002
10:48:23.539 @PAP001 20180912001
10:48:23.540 @PPA002 10093
10:48:23.542 @PPA003 陈林甫
10:48:23.543 @PPA004 喷漆工
10:48:23.544 @PPA005 
10:48:23.546 @PPA006 
10:48:23.547 @PPA007 2018/9/12 8:00:00
10:48:23.548 @PPA008 2018/9/12 17:00:00
10:48:23.550 @PPA009 0
10:48:23.551 @PPA010 在职
10:48:23.552 @PPA011 喷涂车间
10:48:23.554 @PPA012 0
10:48:23.555 @PPA013 8.5
10:48:23.556 @PPA014 120.00000000000000000000000000
10:48:23.560 @PAP001 20180912001
10:48:23.562 @PPA002 10094
10:48:23.563 @PPA003 张正友
10:48:23.565 @PPA004 喷漆工
10:48:23.567 @PPA005 
10:48:23.568 @PPA006 
10:48:23.569 @PPA007 2018/9/12 8:00:00
10:48:23.571 @PPA008 2018/9/12 17:00:00
10:48:23.572 @PPA009 0
10:48:23.573 @PPA010 在职
10:48:23.574 @PPA011 喷涂车间
10:48:23.576 @PPA012 0
10:48:23.577 @PPA013 8.5
10:48:23.578 @PPA014 120.00000000000000000000000000
10:48:23.581 @PAP001 20180912001
10:48:23.583 @PPA002 10095
10:48:23.584 @PPA003 王光
10:48:23.586 @PPA004 喷漆工
10:48:23.587 @PPA005 
10:48:23.593 @PPA006 
10:48:23.595 @PPA007 2018/9/12 8:00:00
10:48:23.597 @PPA008 2018/9/12 17:00:00
10:48:23.598 @PPA009 0
10:48:23.600 @PPA010 在职
10:48:23.601 @PPA011 喷涂车间
10:48:23.603 @PPA012 0
10:48:23.604 @PPA013 8.5
10:48:23.605 @PPA014 120.00000000000000000000000000
10:48:23.608 @PAP001 20180912001
10:48:23.609 @PPA002 10096
10:48:23.611 @PPA003 钱均鹏
10:48:23.612 @PPA004 喷漆工
10:48:23.613 @PPA005 
10:48:23.614 @PPA006 
10:48:23.616 @PPA007 2018/9/12 8:00:00
10:48:23.617 @PPA008 2018/9/12 17:00:00
10:48:23.619 @PPA009 0
10:48:23.620 @PPA010 在职
10:48:23.621 @PPA011 喷涂车间
10:48:23.623 @PPA012 0
10:48:23.624 @PPA013 8.5
10:48:23.626 @PPA014 120.00000000000000000000000000
10:48:23.628 @PAP001 20180912001
10:48:23.630 @PPA002 10097
10:48:23.631 @PPA003 陆秋云
10:48:23.632 @PPA004 装配工
10:48:23.634 @PPA005 
10:48:23.635 @PPA006 
10:48:23.636 @PPA007 2018/9/12 8:00:00
10:48:23.638 @PPA008 2018/9/12 17:00:00
10:48:23.639 @PPA009 0
10:48:23.640 @PPA010 在职
10:48:23.642 @PPA011 喷涂车间
10:48:23.643 @PPA012 0
10:48:23.645 @PPA013 8.5
10:48:23.647 @PPA014 1400.0000000000000000000000000
10:48:23.651 @PAP001 20180912001
10:48:23.652 @PPA002 10098
10:48:23.654 @PPA003 郁叶琴
10:48:23.656 @PPA004 装配工
10:48:23.657 @PPA005 
10:48:23.659 @PPA006 
10:48:23.660 @PPA007 2018/9/12 8:00:00
10:48:23.661 @PPA008 2018/9/12 17:00:00
10:48:23.663 @PPA009 0
10:48:23.664 @PPA010 在职
10:48:23.666 @PPA011 喷涂车间
10:48:23.667 @PPA012 0
10:48:23.668 @PPA013 8.5
10:48:23.669 @PPA014 1400.0000000000000000000000000
10:48:58.457 @PAN001 20180912001
10:48:58.459 @PAN009 True
10:49:26.617 @WAG001 20180912001
10:49:26.621 @WAG002 2018/9/5 0:00:00
10:49:26.837 @WAH001 20180912001
10:49:26.838 @WAH002 10002
10:49:26.840 @WAH003 吴征义
10:49:26.841 @WAH004 成品搬运工
10:49:26.842 @WAH006 34
10:49:26.844 @WAH008 2716
10:49:26.848 @WAH001 20180912001
10:49:26.849 @WAH002 10003
10:49:26.851 @WAH003 王世洪
10:49:26.852 @WAH004 成品搬运工
10:49:26.854 @WAH006 17.5
10:49:26.855 @WAH008 533
10:49:26.860 @WAH001 20180912001
10:49:26.862 @WAH002 10004
10:49:26.863 @WAH003 李守军
10:49:26.865 @WAH004 成品搬运工
10:49:26.866 @WAH006 8.5
10:49:26.868 @WAH008 2520
10:49:26.872 @WAH001 20180912001
10:49:26.873 @WAH002 10005
10:49:26.875 @WAH003 陈波
10:49:26.876 @WAH004 成品搬运工
10:49:26.877 @WAH006 8.5
10:49:26.879 @WAH008 2210
10:49:26.881 @WAH001 20180912001
10:49:26.882 @WAH002 10009
10:49:26.884 @WAH003 张之峰
10:49:26.885 @WAH004 发货员
10:49:26.887 @WAH006 0
10:49:26.888 @WAH008 0
10:49:26.892 @WAH001 20180912001
10:49:26.893 @WAH002 10010
10:49:26.895 @WAH003 胡福林
10:49:26.896 @WAH004 发货员
10:49:26.898 @WAH006 8.5
10:49:26.899 @WAH008 300
10:49:26.903 @WAH001 20180912001
10:49:26.905 @WAH002 10012
10:49:26.906 @WAH003 薛能有
10:49:26.908 @WAH004 发货员
10:49:26.909 @WAH006 8.5
10:49:26.910 @WAH008 67
10:49:26.915 @WAH001 20180912001
10:49:26.917 @WAH002 10013
10:49:26.918 @WAH003 杨友洪
10:49:26.919 @WAH004 发货员
10:49:26.921 @WAH006 8.5
10:49:26.922 @WAH008 99
10:49:26.924 @WAH001 20180912001
10:49:26.926 @WAH002 10016
10:49:26.928 @WAH003 郭婧
10:49:26.929 @WAH004 装配工
10:49:26.930 @WAH006 9
10:49:26.931 @WAH008 58.7
10:49:26.935 @WAH001 20180912001
10:49:26.937 @WAH002 10017
10:49:26.938 @WAH003 龙兴连
10:49:26.940 @WAH004 装配工
10:49:26.941 @WAH006 9
10:49:26.942 @WAH008 58.7
10:49:26.945 @WAH001 20180912001
10:49:26.946 @WAH002 10018
10:49:26.948 @WAH003 刘付连
10:49:26.949 @WAH004 装配工
10:49:26.951 @WAH006 9
10:49:26.952 @WAH008 58.7
10:49:26.954 @WAH001 20180912001
10:49:26.956 @WAH002 10019
10:49:26.957 @WAH003 聂付秋
10:49:26.959 @WAH004 装配工
10:49:26.960 @WAH006 9
10:49:26.961 @WAH008 58.7
10:49:26.963 @WAH001 20180912001
10:49:26.965 @WAH002 10020
10:49:26.967 @WAH003 薛能米
10:49:26.968 @WAH004 装配工
10:49:26.969 @WAH006 9
10:49:26.971 @WAH008 58.7
10:49:26.973 @WAH001 20180912001
10:49:26.975 @WAH002 10021
10:49:26.976 @WAH003 彭顺艳
10:49:26.977 @WAH004 装配工
10:49:26.979 @WAH006 9
10:49:26.980 @WAH008 58.7
10:49:26.982 @WAH001 20180912001
10:49:26.984 @WAH002 10022
10:49:26.985 @WAH003 罗小琴
10:49:26.986 @WAH004 装配工
10:49:26.988 @WAH006 9
10:49:26.989 @WAH008 58.7
10:49:26.992 @WAH001 20180912001
10:49:26.994 @WAH002 10023
10:49:26.995 @WAH003 吕红艳
10:49:26.997 @WAH004 装配工
10:49:26.998 @WAH006 9
10:49:26.999 @WAH008 58.7
10:49:27.002 @WAH001 20180912001
10:49:27.003 @WAH002 10024
10:49:27.005 @WAH003 李朝粉
10:49:27.006 @WAH004 装配工
10:49:27.007 @WAH006 9
10:49:27.009 @WAH008 58.7
10:49:27.011 @WAH001 20180912001
10:49:27.013 @WAH002 10025
10:49:27.014 @WAH003 陈文会
10:49:27.016 @WAH004 装配工
10:49:27.017 @WAH006 9
10:49:27.018 @WAH008 58.7
10:49:27.021 @WAH001 20180912001
10:49:27.022 @WAH002 10026
10:49:27.024 @WAH003 平单单
10:49:27.025 @WAH004 装配工
10:49:27.026 @WAH006 9
10:49:27.028 @WAH008 58.7
10:49:27.030 @WAH001 20180912001
10:49:27.032 @WAH002 10027
10:49:27.033 @WAH003 梁永琴
10:49:27.035 @WAH004 装配工
10:49:27.036 @WAH006 9
10:49:27.037 @WAH008 58.7
10:49:27.040 @WAH001 20180912001
10:49:27.041 @WAH002 10028
10:49:27.043 @WAH003 胡孝明
10:49:27.046 @WAH004 装配工
10:49:27.048 @WAH006 9
10:49:27.049 @WAH008 58.7
10:49:27.052 @WAH001 20180912001
10:49:27.053 @WAH002 10029
10:49:27.055 @WAH003 聂昌奎
10:49:27.056 @WAH004 装配工
10:49:27.058 @WAH006 9
10:49:27.059 @WAH008 58.7
10:49:27.062 @WAH001 20180912001
10:49:27.063 @WAH002 10030
10:49:27.065 @WAH003 陶兴琴
10:49:27.066 @WAH004 装配工
10:49:27.067 @WAH006 9
10:49:27.069 @WAH008 58.7
10:49:27.071 @WAH001 20180912001
10:49:27.073 @WAH002 10031
10:49:27.074 @WAH003 方宇
10:49:27.076 @WAH004 装配工
10:49:27.077 @WAH006 9
10:49:27.078 @WAH008 58.7
10:49:27.080 @WAH001 20180912001
10:49:27.082 @WAH002 10032
10:49:27.083 @WAH003 段进连
10:49:27.085 @WAH004 装配工
10:49:27.086 @WAH006 9
10:49:27.087 @WAH008 58.7
10:49:27.090 @WAH001 20180912001
10:49:27.091 @WAH002 10033
10:49:27.092 @WAH003 唐云云
10:49:27.094 @WAH004 装配工
10:49:27.095 @WAH006 9
10:49:27.097 @WAH008 58.7
10:49:27.099 @WAH001 20180912001
10:49:27.100 @WAH002 10034
10:49:27.102 @WAH003 李大花
10:49:27.103 @WAH004 装配工
10:49:27.104 @WAH006 9
10:49:27.106 @WAH008 58.7
10:49:27.108 @WAH001 20180912001
10:49:27.110 @WAH002 10035
10:49:27.111 @WAH003 黄史作
10:49:27.112 @WAH004 装配工
10:49:27.113 @WAH006 9
10:49:27.115 @WAH008 58.7
10:49:27.117 @WAH001 20180912001
10:49:27.119 @WAH002 10036
10:49:27.120 @WAH003 罗昌梅
10:49:27.122 @WAH004 装配工
10:49:27.123 @WAH006 9
10:49:27.125 @WAH008 58.7
10:49:27.127 @WAH001 20180912001
10:49:27.129 @WAH002 10037
10:49:27.130 @WAH003 赵雨婷
10:49:27.131 @WAH004 装配工
10:49:27.133 @WAH006 9
10:49:27.134 @WAH008 58.7
10:49:27.136 @WAH001 20180912001
10:49:27.138 @WAH002 10038
10:49:27.139 @WAH003 余双双
10:49:27.140 @WAH004 装配工
10:49:27.142 @WAH006 9
10:49:27.143 @WAH008 58.7
10:49:27.146 @WAH001 20180912001
10:49:27.147 @WAH002 10040
10:49:27.149 @WAH003 杜福英
10:49:27.150 @WAH004 装配工
10:49:27.152 @WAH006 8.5
10:49:27.153 @WAH008 0.7
10:49:27.157 @WAH001 20180912001
10:49:27.158 @WAH002 10041
10:49:27.160 @WAH003 廖仁琼
10:49:27.161 @WAH004 装配工
10:49:27.163 @WAH006 8.5
10:49:27.164 @WAH008 0.7
10:49:27.167 @WAH001 20180912001
10:49:27.169 @WAH002 10042
10:49:27.170 @WAH003 李光艳
10:49:27.171 @WAH004 装配工
10:49:27.173 @WAH006 8.5
10:49:27.174 @WAH008 0.7
10:49:27.176 @WAH001 20180912001
10:49:27.178 @WAH002 10043
10:49:27.179 @WAH003 彭荣泽
10:49:27.181 @WAH004 装配工
10:49:27.182 @WAH006 8.5
10:49:27.183 @WAH008 0.7
10:49:27.185 @WAH001 20180912001
10:49:27.187 @WAH002 10044
10:49:27.188 @WAH003 何培凤
10:49:27.190 @WAH004 装配工
10:49:27.191 @WAH006 8.5
10:49:27.192 @WAH008 0.7
10:49:27.194 @WAH001 20180912001
10:49:27.196 @WAH002 10045
10:49:27.197 @WAH003 李朝伟
10:49:27.199 @WAH004 装配工
10:49:27.200 @WAH006 8.5
10:49:27.201 @WAH008 0.7
10:49:27.204 @WAH001 20180912001
10:49:27.205 @WAH002 10046
10:49:27.207 @WAH003 王培秀
10:49:27.208 @WAH004 装配工
10:49:27.209 @WAH006 8.5
10:49:27.211 @WAH008 0.7
10:49:27.213 @WAH001 20180912001
10:49:27.215 @WAH002 10047
10:49:27.216 @WAH003 谢武林
10:49:27.218 @WAH004 装配工
10:49:27.219 @WAH006 8.5
10:49:27.220 @WAH008 0.7
10:49:27.223 @WAH001 20180912001
10:49:27.224 @WAH002 10048
10:49:27.226 @WAH003 王程平
10:49:27.227 @WAH004 装配工
10:49:27.228 @WAH006 8.5
10:49:27.230 @WAH008 0.7
10:49:27.232 @WAH001 20180912001
10:49:27.233 @WAH002 10049
10:49:27.235 @WAH003 韩英
10:49:27.236 @WAH004 装配工
10:49:27.237 @WAH006 8.5
10:49:27.239 @WAH008 0.7
10:49:27.241 @WAH001 20180912001
10:49:27.242 @WAH002 10050
10:49:27.244 @WAH003 杨海霞
10:49:27.246 @WAH004 装配工
10:49:27.247 @WAH006 8.5
10:49:27.249 @WAH008 0.7
10:49:27.251 @WAH001 20180912001
10:49:27.253 @WAH002 10051
10:49:27.254 @WAH003 熊华美
10:49:27.256 @WAH004 装配工
10:49:27.257 @WAH006 8.5
10:49:27.259 @WAH008 0.7
10:49:27.261 @WAH001 20180912001
10:49:27.262 @WAH002 10052
10:49:27.264 @WAH003 孙琼莲
10:49:27.265 @WAH004 装配工
10:49:27.266 @WAH006 8.5
10:49:27.268 @WAH008 0.7
10:49:27.270 @WAH001 20180912001
10:49:27.271 @WAH002 10053
10:49:27.273 @WAH003 李林菊
10:49:27.274 @WAH004 装配工
10:49:27.275 @WAH006 8.5
10:49:27.277 @WAH008 0.7
10:49:27.279 @WAH001 20180912001
10:49:27.280 @WAH002 10054
10:49:27.282 @WAH003 吴群英
10:49:27.283 @WAH004 装配工
10:49:27.284 @WAH006 8.5
10:49:27.286 @WAH008 0.7
10:49:27.288 @WAH001 20180912001
10:49:27.290 @WAH002 10055
10:49:27.291 @WAH003 杨琴
10:49:27.292 @WAH004 装配工
10:49:27.294 @WAH006 8.5
10:49:27.295 @WAH008 0.7
10:49:27.297 @WAH001 20180912001
10:49:27.299 @WAH002 10056
10:49:27.300 @WAH003 韩艳
10:49:27.301 @WAH004 装配工
10:49:27.303 @WAH006 8.5
10:49:27.304 @WAH008 0.7
10:49:27.307 @WAH001 20180912001
10:49:27.308 @WAH002 10057
10:49:27.310 @WAH003 张瑜
10:49:27.311 @WAH004 装配工
10:49:27.312 @WAH006 8.5
10:49:27.313 @WAH008 0.7
10:49:27.316 @WAH001 20180912001
10:49:27.318 @WAH002 10058
10:49:27.319 @WAH003 李光云
10:49:27.320 @WAH004 装配工
10:49:27.322 @WAH006 8.5
10:49:27.323 @WAH008 0.7
10:49:27.326 @WAH001 20180912001
10:49:27.328 @WAH002 10059
10:49:27.329 @WAH003 唐春凤
10:49:27.331 @WAH004 装配工
10:49:27.332 @WAH006 8.5
10:49:27.333 @WAH008 0.7
10:49:27.336 @WAH001 20180912001
10:49:27.337 @WAH002 10060
10:49:27.338 @WAH003 陈朝香
10:49:27.340 @WAH004 装配工
10:49:27.341 @WAH006 8.5
10:49:27.342 @WAH008 0.7
10:49:27.345 @WAH001 20180912001
10:49:27.346 @WAH002 10061
10:49:27.348 @WAH003 张小婵
10:49:27.349 @WAH004 装配工
10:49:27.351 @WAH006 8.5
10:49:27.352 @WAH008 0.7
10:49:27.355 @WAH001 20180912001
10:49:27.356 @WAH002 10062
10:49:27.357 @WAH003 曾昭婵
10:49:27.359 @WAH004 装配工
10:49:27.360 @WAH006 8.5
10:49:27.361 @WAH008 0.7
10:49:27.364 @WAH001 20180912001
10:49:27.365 @WAH002 10063
10:49:27.367 @WAH003 牟飞
10:49:27.368 @WAH004 装配工
10:49:27.370 @WAH006 8.5
10:49:27.371 @WAH008 0.7
10:49:27.373 @WAH001 20180912001
10:49:27.375 @WAH002 10064
10:49:27.376 @WAH003 牟欢
10:49:27.378 @WAH004 装配工
10:49:27.379 @WAH006 8.5
10:49:27.380 @WAH008 0.7
10:49:27.382 @WAH001 20180912001
10:49:27.384 @WAH002 10065
10:49:27.385 @WAH003 陶炼
10:49:27.386 @WAH004 装配工
10:49:27.388 @WAH006 8.5
10:49:27.389 @WAH008 0.7
10:49:27.392 @WAH001 20180912001
10:49:27.394 @WAH002 10066
10:49:27.395 @WAH003 杜光斌
10:49:27.397 @WAH004 装配工
10:49:27.398 @WAH006 8.5
10:49:27.399 @WAH008 0.7
10:49:27.402 @WAH001 20180912001
10:49:27.403 @WAH002 10067
10:49:27.405 @WAH003 朱大艳
10:49:27.406 @WAH004 装配工
10:49:27.407 @WAH006 8.5
10:49:27.409 @WAH008 0.7
10:49:27.411 @WAH001 20180912001
10:49:27.412 @WAH002 10068
10:49:27.414 @WAH003 王银祥
10:49:27.415 @WAH004 装配工
10:49:27.417 @WAH006 8.5
10:49:27.418 @WAH008 0.7
10:49:27.420 @WAH001 20180912001
10:49:27.422 @WAH002 10069
10:49:27.423 @WAH003 王建琼
10:49:27.425 @WAH004 装配工
10:49:27.426 @WAH006 8.5
10:49:27.427 @WAH008 0.7
10:49:27.430 @WAH001 20180912001
10:49:27.431 @WAH002 10093
10:49:27.432 @WAH003 陈林甫
10:49:27.434 @WAH004 喷漆工
10:49:27.435 @WAH006 8.5
10:49:27.436 @WAH008 120
10:49:27.438 @WAH001 20180912001
10:49:27.440 @WAH002 10094
10:49:27.441 @WAH003 张正友
10:49:27.442 @WAH004 喷漆工
10:49:27.444 @WAH006 8.5
10:49:27.446 @WAH008 120
10:49:27.449 @WAH001 20180912001
10:49:27.451 @WAH002 10095
10:49:27.452 @WAH003 王光
10:49:27.454 @WAH004 喷漆工
10:49:27.455 @WAH006 8.5
10:49:27.456 @WAH008 120
10:49:27.459 @WAH001 20180912001
10:49:27.460 @WAH002 10096
10:49:27.462 @WAH003 钱均鹏
10:49:27.463 @WAH004 喷漆工
10:49:27.464 @WAH006 8.5
10:49:27.466 @WAH008 120
10:49:27.468 @WAH001 20180912001
10:49:27.469 @WAH002 10097
10:49:27.471 @WAH003 陆秋云
10:49:27.472 @WAH004 装配工
10:49:27.473 @WAH006 8.5
10:49:27.475 @WAH008 1400
10:49:27.477 @WAH001 20180912001
10:49:27.479 @WAH002 10098
10:49:27.480 @WAH003 郁叶琴
10:49:27.481 @WAH004 装配工
10:49:27.483 @WAH006 8.5
10:49:27.484 @WAH008 1400
10:49:27.487 @WAH001 20180912001
10:49:27.488 @WAH002 10140
10:49:27.489 @WAH003 刘兴贵
10:49:27.491 @WAH004 装配工
10:49:27.492 @WAH006 18
10:49:27.493 @WAH008 15.5
10:49:27.497 @WAH001 20180912001
10:49:27.499 @WAH002 10141
10:49:27.500 @WAH003 王振宇
10:49:27.502 @WAH004 装配工
10:49:27.503 @WAH006 18
10:49:27.504 @WAH008 15.5
10:49:27.507 @WAH001 20180912001
10:49:27.509 @WAH002 10142
10:49:27.510 @WAH003 钟成菊
10:49:27.512 @WAH004 装配工
10:49:27.513 @WAH006 18
10:49:27.514 @WAH008 15.5
10:49:27.517 @WAH001 20180912001
10:49:27.519 @WAH002 10143
10:49:27.520 @WAH003 赵成鹏
10:49:27.522 @WAH004 装配工
10:49:27.523 @WAH006 18
10:49:27.524 @WAH008 15.5
10:49:27.527 @WAH001 20180912001
10:49:27.528 @WAH002 10144
10:49:27.530 @WAH003 何万华
10:49:27.531 @WAH004 装配工
10:49:27.532 @WAH006 18
10:49:27.533 @WAH008 15.5
10:49:27.536 @WAH001 20180912001
10:49:27.537 @WAH002 10145
10:49:27.539 @WAH003 严云芹
10:49:27.540 @WAH004 装配工
10:49:27.541 @WAH006 18
10:49:27.543 @WAH008 15.5
10:49:27.546 @WAH001 20180912001
10:49:27.547 @WAH002 10146
10:49:27.548 @WAH003 马小千
10:49:27.550 @WAH004 装配工
10:49:27.551 @WAH006 18
10:49:27.552 @WAH008 15.5
10:49:27.555 @WAH001 20180912001
10:49:27.556 @WAH002 10147
10:49:27.558 @WAH003 周顺
10:49:27.559 @WAH004 装配工
10:49:27.560 @WAH006 18
10:49:27.561 @WAH008 15.5
10:49:27.564 @WAH001 20180912001
10:49:27.565 @WAH002 10148
10:49:27.567 @WAH003 龙付咪
10:49:27.568 @WAH004 装配工
10:49:27.569 @WAH006 18
10:49:27.571 @WAH008 15.5
10:49:27.573 @WAH001 20180912001
10:49:27.575 @WAH002 10150
10:49:27.576 @WAH003 刘高发
10:49:27.577 @WAH004 装配工
10:49:27.579 @WAH006 18
10:49:27.580 @WAH008 15.5
10:49:27.582 @WAH001 20180912001
10:49:27.584 @WAH002 10151
10:49:27.585 @WAH003 吴张英
10:49:27.587 @WAH004 装配工
10:49:27.588 @WAH006 18
10:49:27.589 @WAH008 15.5
10:49:27.591 @WAH001 20180912001
10:49:27.593 @WAH002 10152
10:49:27.594 @WAH003 杨犁
10:49:27.596 @WAH004 装配工
10:49:27.597 @WAH006 18
10:49:27.598 @WAH008 15.5
10:49:27.601 @WAH001 20180912001
10:49:27.603 @WAH002 10153
10:49:27.605 @WAH003 熊洪才
10:49:27.606 @WAH004 装配工
10:49:27.607 @WAH006 18
10:49:27.609 @WAH008 15.5
10:49:27.611 @WAH001 20180912001
10:49:27.612 @WAH002 10154
10:49:27.614 @WAH003 代开容
10:49:27.615 @WAH004 装配工
10:49:27.617 @WAH006 18
10:49:27.618 @WAH008 15.5
10:49:27.620 @WAH001 20180912001
10:49:27.622 @WAH002 10155
10:49:27.623 @WAH003 尹宗丹
10:49:27.624 @WAH004 装配工
10:49:27.626 @WAH006 18
10:49:27.627 @WAH008 15.5
10:49:27.629 @WAH001 20180912001
10:49:27.631 @WAH002 10156
10:49:27.632 @WAH003 朱正高
10:49:27.634 @WAH004 装配工
10:49:27.635 @WAH006 18
10:49:27.636 @WAH008 15.5
10:49:27.638 @WAH001 20180912001
10:49:27.640 @WAH002 10157
10:49:27.641 @WAH003 卿廷群
10:49:27.643 @WAH004 装配工
10:49:27.644 @WAH006 18
10:49:27.645 @WAH008 15.5
10:49:27.648 @WAH001 20180912001
10:49:27.649 @WAH002 10158
10:49:27.651 @WAH003 邹修丽
10:49:27.652 @WAH004 装配工
10:49:27.654 @WAH006 18
10:49:27.655 @WAH008 15.5
10:49:27.658 @WAH001 20180912001
10:49:27.659 @WAH002 10159
10:49:27.660 @WAH003 徐永洪
10:49:27.662 @WAH004 装配工
10:49:27.663 @WAH006 18
10:49:27.664 @WAH008 15.5
10:49:27.669 @WAH001 20180912001
10:49:27.670 @WAH002 10160
10:49:27.672 @WAH003 刘仁燕
10:49:27.673 @WAH004 装配工
10:49:27.675 @WAH006 18
10:49:27.676 @WAH008 15.5
10:49:27.678 @WAH001 20180912001
10:49:27.680 @WAH002 10161
10:49:27.681 @WAH003 陈万珍
10:49:27.682 @WAH004 装配工
10:49:27.684 @WAH006 18
10:49:27.686 @WAH008 15.5
10:49:27.688 @WAH001 20180912001
10:49:27.689 @WAH002 10162
10:49:27.692 @WAH003 李义承
10:49:27.693 @WAH004 装配工
10:49:27.694 @WAH006 18
10:49:27.696 @WAH008 15.5
10:49:27.698 @WAH001 20180912001
10:49:27.699 @WAH002 10163
10:49:27.701 @WAH003 张义兵
10:49:27.702 @WAH004 装配工
10:49:27.703 @WAH006 18
10:49:27.705 @WAH008 15.5
10:49:27.707 @WAH001 20180912001
10:49:27.708 @WAH002 10164
10:49:27.710 @WAH003 韩会萍
10:49:27.711 @WAH004 装配工
10:49:27.712 @WAH006 18
10:49:27.714 @WAH008 15.5
10:49:27.716 @WAH001 20180912001
10:49:27.717 @WAH002 10165
10:49:27.719 @WAH003 国明秀
10:49:27.720 @WAH004 装配工
10:49:27.721 @WAH006 18
10:49:27.723 @WAH008 15.5
10:49:30.289 @WAH010 0.000000
10:49:30.291 @WAH011 0.000000
10:49:30.293 @WAH015 0.000000
10:49:30.295 @WAH016 0.000000
10:49:30.297 @WAH017 0.000000
10:49:30.300 @WAH018 0.000000
10:49:30.302 @WAH019 0.000000
10:49:30.304 @idx 56
10:49:30.313 @WAH010 0.000000
10:49:30.314 @WAH011 0.000000
10:49:30.316 @WAH015 0.000000
10:49:30.317 @WAH016 0.000000
10:49:30.318 @WAH017 0.000000
10:49:30.319 @WAH018 0.000000
10:49:30.320 @WAH019 0.000000
10:49:30.322 @idx 57
10:49:30.324 @WAH010 0.000000
10:49:30.325 @WAH011 0.000000
10:49:30.327 @WAH015 0.000000
10:49:30.328 @WAH016 0.000000
10:49:30.329 @WAH017 0.000000
10:49:30.330 @WAH018 0.000000
10:49:30.331 @WAH019 0.000000
10:49:30.332 @idx 58
10:49:30.334 @WAH010 0.000000
10:49:30.335 @WAH011 0.000000
10:49:30.337 @WAH015 0.000000
10:49:30.338 @WAH016 0.000000
10:49:30.339 @WAH017 0.000000
10:49:30.341 @WAH018 0.000000
10:49:30.342 @WAH019 0.000000
10:49:30.343 @idx 59
10:49:30.346 @WAH010 0.000000
10:49:30.348 @WAH011 0.000000
10:49:30.349 @WAH015 0.000000
10:49:30.351 @WAH016 0.000000
10:49:30.352 @WAH017 0.000000
10:49:30.353 @WAH018 0.000000
10:49:30.354 @WAH019 0.000000
10:49:30.356 @idx 60
10:49:30.358 @WAH010 0.000000
10:49:30.359 @WAH011 0.000000
10:49:30.361 @WAH015 0.000000
10:49:30.362 @WAH016 0.000000
10:49:30.363 @WAH017 0.000000
10:49:30.365 @WAH018 0.000000
10:49:30.366 @WAH019 0.000000
10:49:30.367 @idx 61
10:49:30.370 @WAH010 0.000000
10:49:30.371 @WAH011 0.000000
10:49:30.373 @WAH015 0.000000
10:49:30.374 @WAH016 0.000000
10:49:30.375 @WAH017 0.000000
10:49:30.376 @WAH018 0.000000
10:49:30.378 @WAH019 0.000000
10:49:30.379 @idx 62
10:49:30.382 @WAH010 0.000000
10:49:30.383 @WAH011 0.000000
10:49:30.385 @WAH015 0.000000
10:49:30.386 @WAH016 0.000000
10:49:30.388 @WAH017 0.000000
10:49:30.389 @WAH018 0.000000
10:49:30.390 @WAH019 0.000000
10:49:30.392 @idx 63
10:49:30.394 @WAH010 0.000000
10:49:30.395 @WAH011 0.000000
10:49:30.397 @WAH015 0.000000
10:49:30.398 @WAH016 0.000000
10:49:30.399 @WAH017 0.000000
10:49:30.400 @WAH018 0.000000
10:49:30.402 @WAH019 0.000000
10:49:30.403 @idx 64
10:49:30.406 @WAH010 0.000000
10:49:30.408 @WAH011 0.000000
10:49:30.409 @WAH015 0.000000
10:49:30.412 @WAH016 0.000000
10:49:30.413 @WAH017 0.000000
10:49:30.414 @WAH018 0.000000
10:49:30.416 @WAH019 0.000000
10:49:30.417 @idx 65
10:49:30.419 @WAH010 0.000000
10:49:30.421 @WAH011 0.000000
10:49:30.422 @WAH015 0.000000
10:49:30.423 @WAH016 0.000000
10:49:30.425 @WAH017 0.000000
10:49:30.426 @WAH018 0.000000
10:49:30.427 @WAH019 0.000000
10:49:30.429 @idx 66
10:49:30.431 @WAH010 0.000000
10:49:30.432 @WAH011 0.000000
10:49:30.434 @WAH015 0.000000
10:49:30.435 @WAH016 0.000000
10:49:30.436 @WAH017 0.000000
10:49:30.437 @WAH018 0.000000
10:49:30.439 @WAH019 0.000000
10:49:30.440 @idx 67
10:49:30.442 @WAH010 0.000000
10:49:30.444 @WAH011 0.000000
10:49:30.445 @WAH015 0.000000
10:49:30.447 @WAH016 0.000000
10:49:30.448 @WAH017 0.000000
10:49:30.449 @WAH018 0.000000
10:49:30.450 @WAH019 0.000000
10:49:30.451 @idx 68
10:49:30.454 @WAH010 0.000000
10:49:30.456 @WAH011 0.000000
10:49:30.457 @WAH015 0.000000
10:49:30.458 @WAH016 0.000000
10:49:30.460 @WAH017 0.000000
10:49:30.461 @WAH018 0.000000
10:49:30.462 @WAH019 0.000000
10:49:30.463 @idx 69
10:49:30.466 @WAH010 0.000000
10:49:30.468 @WAH011 0.000000
10:49:30.469 @WAH015 0.000000
10:49:30.471 @WAH016 0.000000
10:49:30.472 @WAH017 0.000000
10:49:30.473 @WAH018 0.000000
10:49:30.474 @WAH019 0.000000
10:49:30.476 @idx 70
10:49:30.478 @WAH010 0.000000
10:49:30.480 @WAH011 0.000000
10:49:30.481 @WAH015 0.000000
10:49:30.482 @WAH016 0.000000
10:49:30.483 @WAH017 0.000000
10:49:30.485 @WAH018 0.000000
10:49:30.486 @WAH019 0.000000
10:49:30.487 @idx 71
10:49:30.490 @WAH010 0.000000
10:49:30.491 @WAH011 0.000000
10:49:30.492 @WAH015 0.000000
10:49:30.494 @WAH016 0.000000
10:49:30.495 @WAH017 0.000000
10:49:30.496 @WAH018 0.000000
10:49:30.498 @WAH019 0.000000
10:49:30.499 @idx 72
10:49:30.502 @WAH010 0.000000
10:49:30.503 @WAH011 0.000000
10:49:30.505 @WAH015 0.000000
10:49:30.506 @WAH016 0.000000
10:49:30.507 @WAH017 0.000000
10:49:30.509 @WAH018 0.000000
10:49:30.510 @WAH019 0.000000
10:49:30.511 @idx 73
10:49:30.514 @WAH010 0.000000
10:49:30.515 @WAH011 0.000000
10:49:30.517 @WAH015 0.000000
10:49:30.518 @WAH016 0.000000
10:49:30.519 @WAH017 0.000000
10:49:30.521 @WAH018 0.000000
10:49:30.522 @WAH019 0.000000
10:49:30.523 @idx 74
10:49:30.526 @WAH010 0.000000
10:49:30.527 @WAH011 0.000000
10:49:30.529 @WAH015 0.000000
10:49:30.530 @WAH016 0.000000
10:49:30.531 @WAH017 0.000000
10:49:30.533 @WAH018 0.000000
10:49:30.534 @WAH019 0.000000
10:49:30.535 @idx 75
10:49:30.538 @WAH010 0.000000
10:49:30.539 @WAH011 0.000000
10:49:30.541 @WAH015 0.000000
10:49:30.542 @WAH016 0.000000
10:49:30.543 @WAH017 0.000000
10:49:30.545 @WAH018 0.000000
10:49:30.546 @WAH019 0.000000
10:49:30.548 @idx 76
10:49:30.550 @WAH010 0.000000
10:49:30.552 @WAH011 0.000000
10:49:30.553 @WAH015 0.000000
10:49:30.554 @WAH016 0.000000
10:49:30.556 @WAH017 0.000000
10:49:30.557 @WAH018 0.000000
10:49:30.558 @WAH019 0.000000
10:49:30.559 @idx 77
10:49:30.562 @WAH010 0.000000
10:49:30.563 @WAH011 0.000000
10:49:30.564 @WAH015 0.000000
10:49:30.567 @WAH016 0.000000
10:49:30.568 @WAH017 0.000000
10:49:30.569 @WAH018 0.000000
10:49:30.570 @WAH019 0.000000
10:49:30.572 @idx 78
10:49:30.574 @WAH010 0.000000
10:49:30.575 @WAH011 0.000000
10:49:30.577 @WAH015 0.000000
10:49:30.578 @WAH016 0.000000
10:49:30.579 @WAH017 0.000000
10:49:30.581 @WAH018 0.000000
10:49:30.582 @WAH019 0.000000
10:49:30.583 @idx 79
10:49:30.587 @WAH010 0.000000
10:49:30.588 @WAH011 0.000000
10:49:30.589 @WAH015 0.000000
10:49:30.591 @WAH016 0.000000
10:49:30.592 @WAH017 0.000000
10:49:30.593 @WAH018 0.000000
10:49:30.595 @WAH019 0.000000
10:49:30.596 @idx 80
10:49:30.599 @WAH010 0.000000
10:49:30.600 @WAH011 0.000000
10:49:30.601 @WAH015 0.000000
10:49:30.603 @WAH016 0.000000
10:49:30.604 @WAH017 0.000000
10:49:30.606 @WAH018 0.000000
10:49:30.607 @WAH019 0.000000
10:49:30.609 @idx 81
10:49:30.611 @WAH010 0.000000
10:49:30.613 @WAH011 0.000000
10:49:30.614 @WAH015 0.000000
10:49:30.616 @WAH016 0.000000
10:49:30.617 @WAH017 0.000000
10:49:30.618 @WAH018 0.000000
10:49:30.619 @WAH019 0.000000
10:49:30.621 @idx 82
10:49:30.623 @WAH010 0.000000
10:49:30.624 @WAH011 0.000000
10:49:30.626 @WAH015 0.000000
10:49:30.627 @WAH016 0.000000
10:49:30.629 @WAH017 0.000000
10:49:30.630 @WAH018 0.000000
10:49:30.631 @WAH019 0.000000
10:49:30.632 @idx 83
10:49:30.635 @WAH010 0.000000
10:49:30.636 @WAH011 0.000000
10:49:30.637 @WAH015 0.000000
10:49:30.639 @WAH016 0.000000
10:49:30.640 @WAH017 0.000000
10:49:30.641 @WAH018 0.000000
10:49:30.642 @WAH019 0.000000
10:49:30.643 @idx 84
10:49:30.646 @WAH010 0.000000
10:49:30.648 @WAH011 0.000000
10:49:30.649 @WAH015 0.000000
10:49:30.650 @WAH016 0.000000
10:49:30.652 @WAH017 0.000000
10:49:30.653 @WAH018 0.000000
10:49:30.654 @WAH019 0.000000
10:49:30.655 @idx 85
10:49:30.658 @WAH010 0.000000
10:49:30.659 @WAH011 0.000000
10:49:30.661 @WAH015 0.000000
10:49:30.662 @WAH016 0.000000
10:49:30.663 @WAH017 0.000000
10:49:30.664 @WAH018 0.000000
10:49:30.666 @WAH019 0.000000
10:49:30.667 @idx 86
10:49:30.670 @WAH010 0.000000
10:49:30.671 @WAH011 0.000000
10:49:30.672 @WAH015 0.000000
10:49:30.674 @WAH016 0.000000
10:49:30.675 @WAH017 0.000000
10:49:30.677 @WAH018 0.000000
10:49:30.678 @WAH019 0.000000
10:49:30.680 @idx 87
10:49:30.683 @WAH010 0.000000
10:49:30.685 @WAH011 0.000000
10:49:30.687 @WAH015 0.000000
10:49:30.688 @WAH016 0.000000
10:49:30.690 @WAH017 0.000000
10:49:30.691 @WAH018 0.000000
10:49:30.692 @WAH019 0.000000
10:49:30.694 @idx 88
10:49:30.696 @WAH010 0.000000
10:49:30.698 @WAH011 0.000000
10:49:30.699 @WAH015 0.000000
10:49:30.700 @WAH016 0.000000
10:49:30.702 @WAH017 0.000000
10:49:30.703 @WAH018 0.000000
10:49:30.704 @WAH019 0.000000
10:49:30.706 @idx 89
10:49:30.708 @WAH010 0.000000
10:49:30.710 @WAH011 0.000000
10:49:30.711 @WAH015 0.000000
10:49:30.712 @WAH016 0.000000
10:49:30.714 @WAH017 0.000000
10:49:30.715 @WAH018 0.000000
10:49:30.716 @WAH019 0.000000
10:49:30.718 @idx 90
10:49:30.720 @WAH010 0.000000
10:49:30.721 @WAH011 0.000000
10:49:30.723 @WAH015 0.000000
10:49:30.724 @WAH016 0.000000
10:49:30.726 @WAH017 0.000000
10:49:30.727 @WAH018 0.000000
10:49:30.728 @WAH019 0.000000
10:49:30.729 @idx 91
10:49:30.732 @WAH010 0.000000
10:49:30.733 @WAH011 0.000000
10:49:30.735 @WAH015 0.000000
10:49:30.736 @WAH016 0.000000
10:49:30.737 @WAH017 0.000000
10:49:30.739 @WAH018 0.000000
10:49:30.740 @WAH019 0.000000
10:49:30.741 @idx 92
10:49:30.743 @WAH010 0.000000
10:49:30.745 @WAH011 0.000000
10:49:30.746 @WAH015 0.000000
10:49:30.748 @WAH016 0.000000
10:49:30.749 @WAH017 0.000000
10:49:30.750 @WAH018 0.000000
10:49:30.752 @WAH019 0.000000
10:49:30.753 @idx 93
10:49:30.755 @WAH010 0.000000
10:49:30.757 @WAH011 0.000000
10:49:30.758 @WAH015 0.000000
10:49:30.759 @WAH016 0.000000
10:49:30.761 @WAH017 0.000000
10:49:30.762 @WAH018 0.000000
10:49:30.763 @WAH019 0.000000
10:49:30.764 @idx 94
10:49:30.767 @WAH010 0.000000
10:49:30.768 @WAH011 0.000000
10:49:30.770 @WAH015 0.000000
10:49:30.771 @WAH016 0.000000
10:49:30.773 @WAH017 0.000000
10:49:30.774 @WAH018 0.000000
10:49:30.775 @WAH019 0.000000
10:49:30.776 @idx 95
10:49:30.779 @WAH010 0.000000
10:49:30.780 @WAH011 0.000000
10:49:30.781 @WAH015 0.000000
10:49:30.783 @WAH016 0.000000
10:49:30.784 @WAH017 0.000000
10:49:30.786 @WAH018 0.000000
10:49:30.787 @WAH019 0.000000
10:49:30.788 @idx 96
10:49:30.791 @WAH010 0.000000
10:49:30.792 @WAH011 0.000000
10:49:30.794 @WAH015 0.000000
10:49:30.795 @WAH016 0.000000
10:49:30.797 @WAH017 0.000000
10:49:30.798 @WAH018 0.000000
10:49:30.799 @WAH019 0.000000
10:49:30.801 @idx 97
10:49:30.803 @WAH010 0.000000
10:49:30.805 @WAH011 0.000000
10:49:30.806 @WAH015 0.000000
10:49:30.808 @WAH016 0.000000
10:49:30.809 @WAH017 0.000000
10:49:30.810 @WAH018 0.000000
10:49:30.811 @WAH019 0.000000
10:49:30.813 @idx 98
10:49:30.815 @WAH010 0.000000
10:49:30.817 @WAH011 0.000000
10:49:30.818 @WAH015 0.000000
10:49:30.819 @WAH016 0.000000
10:49:30.820 @WAH017 0.000000
10:49:30.822 @WAH018 0.000000
10:49:30.823 @WAH019 0.000000
10:49:30.824 @idx 99
10:49:30.828 @WAH010 0.000000
10:49:30.830 @WAH011 0.000000
10:49:30.831 @WAH015 0.000000
10:49:30.832 @WAH016 0.000000
10:49:30.834 @WAH017 0.000000
10:49:30.836 @WAH018 0.000000
10:49:30.837 @WAH019 0.000000
10:49:30.838 @idx 100
10:49:30.842 @WAH010 0.000000
10:49:30.844 @WAH011 0.000000
10:49:30.846 @WAH015 0.000000
10:49:30.847 @WAH016 0.000000
10:49:30.848 @WAH017 0.000000
10:49:30.849 @WAH018 0.000000
10:49:30.851 @WAH019 0.000000
10:49:30.852 @idx 101
10:49:30.856 @WAH010 0.000000
10:49:30.858 @WAH011 0.000000
10:49:30.859 @WAH015 0.000000
10:49:30.861 @WAH016 0.000000
10:49:30.863 @WAH017 0.000000
10:49:30.864 @WAH018 0.000000
10:49:30.866 @WAH019 0.000000
10:49:30.867 @idx 102
10:49:30.870 @WAH010 0.000000
10:49:30.872 @WAH011 0.000000
10:49:30.873 @WAH015 0.000000
10:49:30.875 @WAH016 0.000000
10:49:30.876 @WAH017 0.000000
10:49:30.878 @WAH018 0.000000
10:49:30.879 @WAH019 0.000000
10:49:30.881 @idx 103
10:49:30.884 @WAH010 0.000000
10:49:30.886 @WAH011 0.000000
10:49:30.887 @WAH015 0.000000
10:49:30.889 @WAH016 0.000000
10:49:30.890 @WAH017 0.000000
10:49:30.892 @WAH018 0.000000
10:49:30.894 @WAH019 0.000000
10:49:30.895 @idx 104
10:49:30.898 @WAH010 0.000000
10:49:30.900 @WAH011 0.000000
10:49:30.901 @WAH015 0.000000
10:49:30.903 @WAH016 0.000000
10:49:30.904 @WAH017 0.000000
10:49:30.906 @WAH018 0.000000
10:49:30.908 @WAH019 0.000000
10:49:30.909 @idx 105
10:49:30.912 @WAH010 0.000000
10:49:30.914 @WAH011 0.000000
10:49:30.916 @WAH015 0.000000
10:49:30.917 @WAH016 0.000000
10:49:30.919 @WAH017 0.000000
10:49:30.921 @WAH018 0.000000
10:49:30.922 @WAH019 0.000000
10:49:30.923 @idx 106
10:49:30.926 @WAH010 0.000000
10:49:30.928 @WAH011 0.000000
10:49:30.930 @WAH015 0.000000
10:49:30.931 @WAH016 0.000000
10:49:30.932 @WAH017 0.000000
10:49:30.934 @WAH018 0.000000
10:49:30.935 @WAH019 0.000000
10:49:30.937 @idx 107
10:49:30.940 @WAH010 0.000000
10:49:30.941 @WAH011 0.000000
10:49:30.943 @WAH015 0.000000
10:49:30.945 @WAH016 0.000000
10:49:30.947 @WAH017 0.000000
10:49:30.949 @WAH018 0.000000
10:49:30.951 @WAH019 0.000000
10:49:30.952 @idx 108
10:49:30.956 @WAH010 0.000000
10:49:30.957 @WAH011 0.000000
10:49:30.959 @WAH015 0.000000
10:49:30.961 @WAH016 0.000000
10:49:30.963 @WAH017 0.000000
10:49:30.964 @WAH018 0.000000
10:49:30.966 @WAH019 0.000000
10:49:30.968 @idx 109
10:49:30.971 @WAH010 0.000000
10:49:30.973 @WAH011 0.000000
10:49:30.974 @WAH015 0.000000
10:49:30.976 @WAH016 0.000000
10:49:30.977 @WAH017 0.000000
10:49:30.979 @WAH018 0.000000
10:49:30.980 @WAH019 0.000000
10:49:30.982 @idx 110
10:49:30.985 @WAH010 0.000000
10:49:30.987 @WAH011 0.000000
10:49:30.989 @WAH015 0.000000
10:49:30.990 @WAH016 0.000000
10:49:30.992 @WAH017 0.000000
10:49:30.994 @WAH018 0.000000
10:49:30.995 @WAH019 0.000000
10:49:30.997 @idx 111
10:49:31.000 @WAH010 0.000000
10:49:31.001 @WAH011 0.000000
10:49:31.003 @WAH015 0.000000
10:49:31.005 @WAH016 0.000000
10:49:31.007 @WAH017 0.000000
10:49:31.008 @WAH018 0.000000
10:49:31.010 @WAH019 0.000000
10:49:31.011 @idx 112
10:49:31.014 @WAH010 0.000000
10:49:31.016 @WAH011 0.000000
10:49:31.018 @WAH015 0.000000
10:49:31.019 @WAH016 0.000000
10:49:31.021 @WAH017 0.000000
10:49:31.022 @WAH018 0.000000
10:49:31.024 @WAH019 0.000000
10:49:31.026 @idx 113
10:49:31.029 @WAH010 0.000000
10:49:31.030 @WAH011 0.000000
10:49:31.032 @WAH015 0.000000
10:49:31.034 @WAH016 0.000000
10:49:31.035 @WAH017 0.000000
10:49:31.037 @WAH018 0.000000
10:49:31.038 @WAH019 0.000000
10:49:31.040 @idx 114
10:49:31.043 @WAH010 0.000000
10:49:31.045 @WAH011 0.000000
10:49:31.047 @WAH015 0.000000
10:49:31.048 @WAH016 0.000000
10:49:31.050 @WAH017 0.000000
10:49:31.052 @WAH018 0.000000
10:49:31.054 @WAH019 0.000000
10:49:31.055 @idx 115
10:49:31.058 @WAH010 0.000000
10:49:31.060 @WAH011 0.000000
10:49:31.061 @WAH015 0.000000
10:49:31.063 @WAH016 0.000000
10:49:31.065 @WAH017 0.000000
10:49:31.067 @WAH018 0.000000
10:49:31.068 @WAH019 0.000000
10:49:31.070 @idx 116
10:49:31.073 @WAH010 0.000000
10:49:31.074 @WAH011 0.000000
10:49:31.076 @WAH015 0.000000
10:49:31.078 @WAH016 0.000000
10:49:31.079 @WAH017 0.000000
10:49:31.081 @WAH018 0.000000
10:49:31.082 @WAH019 0.000000
10:49:31.084 @idx 117
10:49:31.087 @WAH010 0.000000
10:49:31.089 @WAH011 0.000000
10:49:31.090 @WAH015 0.000000
10:49:31.092 @WAH016 0.000000
10:49:31.093 @WAH017 0.000000
10:49:31.095 @WAH018 0.000000
10:49:31.097 @WAH019 0.000000
10:49:31.098 @idx 118
10:49:31.102 @WAH010 0.000000
10:49:31.103 @WAH011 0.000000
10:49:31.108 @WAH015 0.000000
10:49:31.110 @WAH016 0.000000
10:49:31.111 @WAH017 0.000000
10:49:31.113 @WAH018 0.000000
10:49:31.114 @WAH019 0.000000
10:49:31.115 @idx 119
10:49:31.118 @WAH010 0.000000
10:49:31.120 @WAH011 0.000000
10:49:31.122 @WAH015 0.000000
10:49:31.123 @WAH016 0.000000
10:49:31.126 @WAH017 0.000000
10:49:31.127 @WAH018 0.000000
10:49:31.129 @WAH019 0.000000
10:49:31.130 @idx 120
10:49:31.133 @WAH010 0.000000
10:49:31.135 @WAH011 0.000000
10:49:31.136 @WAH015 0.000000
10:49:31.138 @WAH016 0.000000
10:49:31.140 @WAH017 0.000000
10:49:31.141 @WAH018 0.000000
10:49:31.143 @WAH019 0.000000
10:49:31.145 @idx 121
10:49:31.148 @WAH010 0.000000
10:49:31.149 @WAH011 0.000000
10:49:31.151 @WAH015 0.000000
10:49:31.152 @WAH016 0.000000
10:49:31.153 @WAH017 0.000000
10:49:31.155 @WAH018 0.000000
10:49:31.157 @WAH019 0.000000
10:49:31.159 @idx 122
10:49:31.161 @WAH010 0.000000
10:49:31.163 @WAH011 0.000000
10:49:31.165 @WAH015 0.000000
10:49:31.166 @WAH016 0.000000
10:49:31.168 @WAH017 0.000000
10:49:31.169 @WAH018 0.000000
10:49:31.171 @WAH019 0.000000
10:49:31.172 @idx 123
10:49:31.174 @WAH010 0.000000
10:49:31.175 @WAH011 0.000000
10:49:31.177 @WAH015 0.000000
10:49:31.178 @WAH016 0.000000
10:49:31.180 @WAH017 0.000000
10:49:31.181 @WAH018 0.000000
10:49:31.182 @WAH019 0.000000
10:49:31.184 @idx 124
10:49:31.186 @WAH010 0.000000
10:49:31.188 @WAH011 0.000000
10:49:31.189 @WAH015 0.000000
10:49:31.190 @WAH016 0.000000
10:49:31.192 @WAH017 0.000000
10:49:31.193 @WAH018 0.000000
10:49:31.194 @WAH019 0.000000
10:49:31.195 @idx 125
10:49:31.197 @WAH010 0.000000
10:49:31.199 @WAH011 0.000000
10:49:31.200 @WAH015 0.000000
10:49:31.201 @WAH016 0.000000
10:49:31.202 @WAH017 0.000000
10:49:31.203 @WAH018 0.000000
10:49:31.205 @WAH019 0.000000
10:49:31.207 @idx 126
10:49:31.209 @WAH010 0.000000
10:49:31.210 @WAH011 0.000000
10:49:31.212 @WAH015 0.000000
10:49:31.213 @WAH016 0.000000
10:49:31.214 @WAH017 0.000000
10:49:31.215 @WAH018 0.000000
10:49:31.216 @WAH019 0.000000
10:49:31.218 @idx 127
10:49:31.220 @WAH010 0.000000
10:49:31.221 @WAH011 0.000000
10:49:31.222 @WAH015 0.000000
10:49:31.224 @WAH016 0.000000
10:49:31.225 @WAH017 0.000000
10:49:31.226 @WAH018 0.000000
10:49:31.228 @WAH019 0.000000
10:49:31.229 @idx 128
10:49:31.231 @WAH010 0.000000
10:49:31.232 @WAH011 0.000000
10:49:31.234 @WAH015 0.000000
10:49:31.235 @WAH016 0.000000
10:49:31.236 @WAH017 0.000000
10:49:31.237 @WAH018 0.000000
10:49:31.238 @WAH019 0.000000
10:49:31.240 @idx 129
10:49:31.242 @WAH010 0.000000
10:49:31.243 @WAH011 0.000000
10:49:31.245 @WAH015 0.000000
10:49:31.246 @WAH016 0.000000
10:49:31.247 @WAH017 0.000000
10:49:31.249 @WAH018 0.000000
10:49:31.250 @WAH019 0.000000
10:49:31.251 @idx 130
10:49:31.253 @WAH010 0.000000
10:49:31.255 @WAH011 0.000000
10:49:31.256 @WAH015 0.000000
10:49:31.257 @WAH016 0.000000
10:49:31.258 @WAH017 0.000000
10:49:31.259 @WAH018 0.000000
10:49:31.261 @WAH019 0.000000
10:49:31.262 @idx 131
10:49:31.264 @WAH010 0.000000
10:49:31.266 @WAH011 0.000000
10:49:31.267 @WAH015 0.000000
10:49:31.269 @WAH016 0.000000
10:49:31.270 @WAH017 0.000000
10:49:31.271 @WAH018 0.000000
10:49:31.272 @WAH019 0.000000
10:49:31.273 @idx 132
10:49:31.276 @WAH010 0.000000
10:49:31.277 @WAH011 0.000000
10:49:31.278 @WAH015 0.000000
10:49:31.280 @WAH016 0.000000
10:49:31.281 @WAH017 0.000000
10:49:31.283 @WAH018 0.000000
10:49:31.284 @WAH019 0.000000
10:49:31.285 @idx 133
10:49:31.288 @WAH010 0.000000
10:49:31.289 @WAH011 0.000000
10:49:31.291 @WAH015 0.000000
10:49:31.292 @WAH016 0.000000
10:49:31.294 @WAH017 0.000000
10:49:31.295 @WAH018 0.000000
10:49:31.296 @WAH019 0.000000
10:49:31.297 @idx 134
10:49:31.300 @WAH010 0.000000
10:49:31.301 @WAH011 0.000000
10:49:31.302 @WAH015 0.000000
10:49:31.304 @WAH016 0.000000
10:49:31.305 @WAH017 0.000000
10:49:31.307 @WAH018 0.000000
10:49:31.308 @WAH019 0.000000
10:49:31.309 @idx 135
10:49:31.311 @WAH010 0.000000
10:49:31.313 @WAH011 0.000000
10:49:31.314 @WAH015 0.000000
10:49:31.315 @WAH016 0.000000
10:49:31.317 @WAH017 0.000000
10:49:31.318 @WAH018 0.000000
10:49:31.319 @WAH019 0.000000
10:49:31.321 @idx 136
10:49:31.323 @WAH010 0.000000
10:49:31.324 @WAH011 0.000000
10:49:31.326 @WAH015 0.000000
10:49:31.327 @WAH016 0.000000
10:49:31.329 @WAH017 0.000000
10:49:31.330 @WAH018 0.000000
10:49:31.331 @WAH019 0.000000
10:49:31.332 @idx 137
10:49:31.335 @WAH010 0.000000
10:49:31.336 @WAH011 0.000000
10:49:31.338 @WAH015 0.000000
10:49:31.339 @WAH016 0.000000
10:49:31.340 @WAH017 0.000000
10:49:31.341 @WAH018 0.000000
10:49:31.343 @WAH019 0.000000
10:49:31.344 @idx 138
10:49:31.347 @WAH010 0.000000
10:49:31.348 @WAH011 0.000000
10:49:31.350 @WAH015 0.000000
10:49:31.351 @WAH016 0.000000
10:49:31.353 @WAH017 0.000000
10:49:31.354 @WAH018 0.000000
10:49:31.355 @WAH019 0.000000
10:49:31.356 @idx 139
10:49:31.359 @WAH010 0.000000
10:49:31.361 @WAH011 0.000000
10:49:31.362 @WAH015 0.000000
10:49:31.363 @WAH016 0.000000
10:49:31.364 @WAH017 0.000000
10:49:31.366 @WAH018 0.000000
10:49:31.367 @WAH019 0.000000
10:49:31.368 @idx 140
10:49:31.370 @WAH010 0.000000
10:49:31.372 @WAH011 0.000000
10:49:31.373 @WAH015 0.000000
10:49:31.374 @WAH016 0.000000
10:49:31.376 @WAH017 0.000000
10:49:31.377 @WAH018 0.000000
10:49:31.378 @WAH019 0.000000
10:49:31.379 @idx 141
10:49:31.382 @WAH010 0.000000
10:49:31.383 @WAH011 0.000000
10:49:31.384 @WAH015 0.000000
10:49:31.386 @WAH016 0.000000
10:49:31.387 @WAH017 0.000000
10:49:31.388 @WAH018 0.000000
10:49:31.389 @WAH019 0.000000
10:49:31.391 @idx 142
10:49:31.393 @WAH010 0.000000
10:49:31.394 @WAH011 0.000000
10:49:31.396 @WAH015 0.000000
10:49:31.397 @WAH016 0.000000
10:49:31.398 @WAH017 0.000000
10:49:31.400 @WAH018 0.000000
10:49:31.401 @WAH019 0.000000
10:49:31.402 @idx 143
10:49:31.404 @WAH010 0.000000
10:49:31.406 @WAH011 0.000000
10:49:31.407 @WAH015 0.000000
10:49:31.409 @WAH016 0.000000
10:49:31.411 @WAH017 0.000000
10:49:31.412 @WAH018 0.000000
10:49:31.414 @WAH019 0.000000
10:49:31.415 @idx 144
10:49:31.418 @WAH010 0.000000
10:49:31.419 @WAH011 0.000000
10:49:31.420 @WAH015 0.000000
10:49:31.421 @WAH016 0.000000
10:49:31.423 @WAH017 0.000000
10:49:31.424 @WAH018 0.000000
10:49:31.425 @WAH019 0.000000
10:49:31.427 @idx 145
10:49:31.429 @WAH010 0.000000
10:49:31.431 @WAH011 0.000000
10:49:31.432 @WAH015 0.000000
10:49:31.434 @WAH016 0.000000
10:49:31.435 @WAH017 0.000000
10:49:31.437 @WAH018 0.000000
10:49:31.439 @WAH019 0.000000
10:49:31.440 @idx 146
10:49:31.443 @WAH010 0.000000
10:49:31.444 @WAH011 0.000000
10:49:31.446 @WAH015 0.000000
10:49:31.447 @WAH016 0.000000
10:49:31.449 @WAH017 0.000000
10:49:31.450 @WAH018 0.000000
10:49:31.451 @WAH019 0.000000
10:49:31.453 @idx 147
11:46:29.834  异常信息：远程服务器返回错误: (404) 未找到。
  堆栈信息:   在 AutoUpdate.AppUpdate.DownloadFile(String url, String localFilePath) 位置 D:\ProjectData\MiKe\LineProductMes\LineProductMes\ClassForMain\AppUpdate.cs:行号 243
   在 AutoUpdate.AppUpdate.CheckAppVersion(String& msg) 位置 D:\ProjectData\MiKe\LineProductMes\LineProductMes\ClassForMain\AppUpdate.cs:行号 310
11:46:35.615 @EMP002 系统管理员
11:46:35.617 @EMP033 cebfd1559b68d67688884d7a3d3e8c
13:22:49.626  异常信息：远程服务器返回错误: (404) 未找到。
  堆栈信息:   在 AutoUpdate.AppUpdate.DownloadFile(String url, String localFilePath) 位置 D:\ProjectData\MiKe\LineProductMes\LineProductMes\ClassForMain\AppUpdate.cs:行号 243
   在 AutoUpdate.AppUpdate.CheckAppVersion(String& msg) 位置 D:\ProjectData\MiKe\LineProductMes\LineProductMes\ClassForMain\AppUpdate.cs:行号 310
13:22:59.222 @EMP002 系统管理员
13:22:59.224 @EMP033 cebfd1559b68d67688884d7a3d3e8c
13:24:08.516  异常信息：远程服务器返回错误: (404) 未找到。
  堆栈信息:   在 AutoUpdate.AppUpdate.DownloadFile(String url, String localFilePath) 位置 D:\ProjectData\MiKe\LineProductMes\LineProductMes\ClassForMain\AppUpdate.cs:行号 243
   在 AutoUpdate.AppUpdate.CheckAppVersion(String& msg) 位置 D:\ProjectData\MiKe\LineProductMes\LineProductMes\ClassForMain\AppUpdate.cs:行号 310
13:24:18.431 @EMP002 系统管理员
13:24:18.432 @EMP033 cebfd1559b68d67688884d7a3d3e8c
13:26:35.769  异常信息：远程服务器返回错误: (404) 未找到。
  堆栈信息:   在 AutoUpdate.AppUpdate.DownloadFile(String url, String localFilePath) 位置 D:\ProjectData\MiKe\LineProductMes\LineProductMes\ClassForMain\AppUpdate.cs:行号 243
   在 AutoUpdate.AppUpdate.CheckAppVersion(String& msg) 位置 D:\ProjectData\MiKe\LineProductMes\LineProductMes\ClassForMain\AppUpdate.cs:行号 310
13:26:42.268 @EMP002 系统管理员
13:26:42.270 @EMP033 cebfd1559b68d67688884d7a3d3e8c
13:30:46.305  异常信息：远程服务器返回错误: (404) 未找到。
  堆栈信息:   在 AutoUpdate.AppUpdate.DownloadFile(String url, String localFilePath) 位置 D:\ProjectData\MiKe\LineProductMes\LineProductMes\ClassForMain\AppUpdate.cs:行号 243
   在 AutoUpdate.AppUpdate.CheckAppVersion(String& msg) 位置 D:\ProjectData\MiKe\LineProductMes\LineProductMes\ClassForMain\AppUpdate.cs:行号 310
13:33:19.213 @EMP002 系统管理员
13:33:19.215 @EMP033 cebfd1559b68d67688884d7a3d3e8c
13:35:09.015 @ARS001 ZY11A1
13:35:09.017 @ARS002 美的3060灯暖+照明+换气三合一
13:35:09.019 @ARS003 013
13:35:09.021 @ARS004 140mm
13:35:09.022 @ARS005 
13:35:09.024 @ARS006 台
13:35:09.025 @ARS007 M
13:35:09.027 @ARS008 0
13:35:09.029 @ARS009 0507
13:35:09.038 @ART001 ZY11A1
13:35:09.039 @ART002 1002
13:35:09.041 @ART003 拉伸
13:35:09.042 @ART004 1
13:35:09.044 @ART005 0
13:35:09.046 @ART006 
13:35:09.047 @ART007 
13:35:09.049 @ART009 
13:35:09.050 @ART010 否
13:35:09.051 @ART011 001
13:35:09.054 @ART012 0
13:35:09.056 @ART013 
13:35:09.061 @ART001 ZY11A1
13:35:09.064 @ART002 1003
13:35:09.066 @ART003 冲边
13:35:09.067 @ART004 0.12
13:35:09.069 @ART005 0
13:35:09.071 @ART006 
13:35:09.073 @ART007 
13:35:09.074 @ART009 
13:35:09.076 @ART010 否
13:35:09.078 @ART011 002
13:35:09.079 @ART012 0
13:35:09.081 @ART013 
13:35:09.087 @ART001 ZY11A1
13:35:09.088 @ART002 1004
13:35:09.090 @ART003 翻边
13:35:09.091 @ART004 0.67
13:35:09.094 @ART005 0
13:35:09.095 @ART006 
13:35:09.097 @ART007 
13:35:09.098 @ART009 
13:35:09.100 @ART010 否
13:35:09.101 @ART011 003
13:35:09.103 @ART012 0
13:35:09.105 @ART013 
13:35:09.108 @ART001 ZY11A1
13:35:09.110 @ART002 1009
13:35:09.112 @ART003 压筋
13:35:09.114 @ART004 0.87
13:35:09.116 @ART005 0
13:35:09.118 @ART006 
13:35:09.120 @ART007 
13:35:09.122 @ART009 
13:35:09.125 @ART010 否
13:35:09.126 @ART011 004
13:35:09.128 @ART012 0
13:35:09.129 @ART013 
13:35:09.133 @ART001 ZY11A1
13:35:09.134 @ART002 1010
13:35:09.136 @ART003 切割
13:35:09.137 @ART004 1.23
13:35:09.139 @ART005 0
13:35:09.140 @ART006 
13:35:09.142 @ART007 
13:35:09.143 @ART009 
13:35:09.146 @ART010 否
13:35:09.148 @ART011 005
13:35:09.149 @ART012 0
13:35:09.150 @ART013 
13:36:48.595 @ARS001 ZY11A1
13:36:48.597 @ARS002 美的3060灯暖+照明+换气三合一
13:36:48.598 @ARS003 013
13:36:48.600 @ARS004 140mm
13:36:48.601 @ARS005 
13:36:48.602 @ARS006 台
13:36:48.604 @ARS007 M
13:36:48.605 @ARS008 0
13:36:48.606 @ARS009 0507
13:36:48.613 @ART001 ZY11A1
13:36:48.615 @ART002 1002
13:36:48.616 @ART003 拉伸
13:36:48.617 @ART004 1
13:36:48.619 @ART005 0
13:36:48.620 @ART006 
13:36:48.621 @ART007 
13:36:48.622 @ART009 
13:36:48.623 @ART010 否
13:36:48.625 @ART011 001
13:36:48.626 @ART012 0
13:36:48.627 @ART013 
13:36:48.631 @ART001 ZY11A1
13:36:48.633 @ART002 1003
13:36:48.634 @ART003 冲边
13:36:48.635 @ART004 0.12
13:36:48.638 @ART005 0
13:36:48.639 @ART006 
13:36:48.640 @ART007 
13:36:48.641 @ART009 
13:36:48.643 @ART010 否
13:36:48.644 @ART011 002
13:36:48.645 @ART012 0
13:36:48.647 @ART013 
13:36:48.650 @ART001 ZY11A1
13:36:48.652 @ART002 1004
13:36:48.653 @ART003 翻边
13:36:48.658 @ART004 0.67
13:36:48.659 @ART005 0
13:36:48.660 @ART006 
13:36:48.662 @ART007 
13:36:48.663 @ART009 
13:36:48.665 @ART010 否
13:36:48.666 @ART011 003
13:36:48.668 @ART012 0
13:36:48.669 @ART013 
13:36:48.672 @ART001 ZY11A1
13:36:48.674 @ART002 1009
13:36:48.676 @ART003 压筋
13:36:48.677 @ART004 0.87
13:36:48.679 @ART005 0
13:36:48.681 @ART006 
13:36:48.683 @ART007 
13:36:48.685 @ART009 
13:36:48.687 @ART010 否
13:36:48.689 @ART011 004
13:36:48.690 @ART012 0
13:36:48.692 @ART013 
13:36:48.695 @ART001 ZY11A1
13:36:48.696 @ART002 1010
13:36:48.698 @ART003 切割
13:36:48.699 @ART004 1.23
13:36:48.701 @ART005 0
13:36:48.703 @ART006 
13:36:48.704 @ART007 
13:36:48.706 @ART009 
13:36:48.707 @ART010 否
13:36:48.708 @ART011 005
13:36:48.709 @ART012 0
13:36:48.711 @ART013 
13:40:55.961  异常信息：远程服务器返回错误: (404) 未找到。
  堆栈信息:   在 AutoUpdate.AppUpdate.DownloadFile(String url, String localFilePath) 位置 D:\ProjectData\MiKe\LineProductMes\LineProductMes\ClassForMain\AppUpdate.cs:行号 243
   在 AutoUpdate.AppUpdate.CheckAppVersion(String& msg) 位置 D:\ProjectData\MiKe\LineProductMes\LineProductMes\ClassForMain\AppUpdate.cs:行号 310
13:41:03.703 @EMP002 系统管理员
13:41:03.704 @EMP033 cebfd1559b68d67688884d7a3d3e8c
14:10:35.401  异常信息：远程服务器返回错误: (404) 未找到。
  堆栈信息:   在 AutoUpdate.AppUpdate.DownloadFile(String url, String localFilePath) 位置 D:\ProjectData\MiKe\LineProductMes\LineProductMes\ClassForMain\AppUpdate.cs:行号 243
   在 AutoUpdate.AppUpdate.CheckAppVersion(String& msg) 位置 D:\ProjectData\MiKe\LineProductMes\LineProductMes\ClassForMain\AppUpdate.cs:行号 310
14:10:40.894 @EMP002 系统管理员
14:10:40.895 @EMP033 cebfd1559b68d67688884d7a3d3e8c
14:28:51.093  异常信息：远程服务器返回错误: (404) 未找到。
  堆栈信息:   在 AutoUpdate.AppUpdate.DownloadFile(String url, String localFilePath) 位置 D:\ProjectData\MiKe\LineProductMes\LineProductMes\ClassForMain\AppUpdate.cs:行号 243
   在 AutoUpdate.AppUpdate.CheckAppVersion(String& msg) 位置 D:\ProjectData\MiKe\LineProductMes\LineProductMes\ClassForMain\AppUpdate.cs:行号 310
14:29:32.379 @EMP002 系统管理员
14:29:32.381 @EMP033 cebfd1559b68d67688884d7a3d3e8c
15:03:53.964  异常信息：远程服务器返回错误: (404) 未找到。
  堆栈信息:   在 AutoUpdate.AppUpdate.DownloadFile(String url, String localFilePath) 位置 D:\ProjectData\MiKe\LineProductMes\LineProductMes\ClassForMain\AppUpdate.cs:行号 243
   在 AutoUpdate.AppUpdate.CheckAppVersion(String& msg) 位置 D:\ProjectData\MiKe\LineProductMes\LineProductMes\ClassForMain\AppUpdate.cs:行号 310
15:04:01.876 @EMP002 系统管理员
15:04:01.879 @EMP033 11dbc8e8ee334250d85ade4645ede82f
15:04:04.110 @EMP002 系统管理员
15:04:04.112 @EMP033 c502975a5e3d0781f58c690cc66da68
15:04:06.927 @EMP002 系统管理员
15:04:06.930 @EMP033 cebfd1559b68d67688884d7a3d3e8c
15:06:54.408  异常信息：远程服务器返回错误: (404) 未找到。
  堆栈信息:   在 AutoUpdate.AppUpdate.DownloadFile(String url, String localFilePath) 位置 D:\ProjectData\MiKe\LineProductMes\LineProductMes\ClassForMain\AppUpdate.cs:行号 243
   在 AutoUpdate.AppUpdate.CheckAppVersion(String& msg) 位置 D:\ProjectData\MiKe\LineProductMes\LineProductMes\ClassForMain\AppUpdate.cs:行号 310
15:07:03.325 @EMP002 系统管理员
15:07:03.328 @EMP033 cebfd1559b68d67688884d7a3d3e8c
15:09:06.003  异常信息：远程服务器返回错误: (404) 未找到。
  堆栈信息:   在 AutoUpdate.AppUpdate.DownloadFile(String url, String localFilePath) 位置 D:\ProjectData\MiKe\LineProductMes\LineProductMes\ClassForMain\AppUpdate.cs:行号 243
   在 AutoUpdate.AppUpdate.CheckAppVersion(String& msg) 位置 D:\ProjectData\MiKe\LineProductMes\LineProductMes\ClassForMain\AppUpdate.cs:行号 310
15:11:13.800 @EMP002 系统管理员
15:11:13.802 @EMP033 cebfd1559b68d67688884d7a3d3e8c
