09:12:39.370  异常信息：远程服务器返回错误: (404) 未找到。
  堆栈信息:   在 AutoUpdate.AppUpdate.DownloadFile(String url, String localFilePath) 位置 D:\ProjectData\MiKe\LineProductMes\LineProductMes\ClassForMain\AppUpdate.cs:行号 243
   在 AutoUpdate.AppUpdate.CheckAppVersion(String& msg) 位置 D:\ProjectData\MiKe\LineProductMes\LineProductMes\ClassForMain\AppUpdate.cs:行号 310
09:12:52.075 @EMP002 系统管理员
09:12:52.077 @EMP033 cebfd1559b68d67688884d7a3d3e8c
09:13:58.268  异常信息：远程服务器返回错误: (404) 未找到。
  堆栈信息:   在 AutoUpdate.AppUpdate.DownloadFile(String url, String localFilePath) 位置 D:\ProjectData\MiKe\LineProductMes\LineProductMes\ClassForMain\AppUpdate.cs:行号 243
   在 AutoUpdate.AppUpdate.CheckAppVersion(String& msg) 位置 D:\ProjectData\MiKe\LineProductMes\LineProductMes\ClassForMain\AppUpdate.cs:行号 310
09:14:03.149 @EMP002 系统管理员
09:14:03.151 @EMP033 cebfd1559b68d67688884d7a3d3e8c
09:14:52.022  异常信息：远程服务器返回错误: (404) 未找到。
  堆栈信息:   在 AutoUpdate.AppUpdate.DownloadFile(String url, String localFilePath) 位置 D:\ProjectData\MiKe\LineProductMes\LineProductMes\ClassForMain\AppUpdate.cs:行号 243
   在 AutoUpdate.AppUpdate.CheckAppVersion(String& msg) 位置 D:\ProjectData\MiKe\LineProductMes\LineProductMes\ClassForMain\AppUpdate.cs:行号 310
09:14:56.640 @EMP002 系统管理员
09:14:56.642 @EMP033 cebfd1559b68d67688884d7a3d3e8c
09:16:35.049  异常信息：远程服务器返回错误: (404) 未找到。
  堆栈信息:   在 AutoUpdate.AppUpdate.DownloadFile(String url, String localFilePath) 位置 D:\ProjectData\MiKe\LineProductMes\LineProductMes\ClassForMain\AppUpdate.cs:行号 243
   在 AutoUpdate.AppUpdate.CheckAppVersion(String& msg) 位置 D:\ProjectData\MiKe\LineProductMes\LineProductMes\ClassForMain\AppUpdate.cs:行号 310
09:16:39.427 @EMP002 系统管理员
09:16:39.430 @EMP033 cebfd1559b68d67688884d7a3d3e8c
09:20:38.755  异常信息：远程服务器返回错误: (404) 未找到。
  堆栈信息:   在 AutoUpdate.AppUpdate.DownloadFile(String url, String localFilePath) 位置 D:\ProjectData\MiKe\LineProductMes\LineProductMes\ClassForMain\AppUpdate.cs:行号 243
   在 AutoUpdate.AppUpdate.CheckAppVersion(String& msg) 位置 D:\ProjectData\MiKe\LineProductMes\LineProductMes\ClassForMain\AppUpdate.cs:行号 310
09:21:14.127  异常信息：远程服务器返回错误: (404) 未找到。
  堆栈信息:   在 AutoUpdate.AppUpdate.DownloadFile(String url, String localFilePath) 位置 D:\ProjectData\MiKe\LineProductMes\LineProductMes\ClassForMain\AppUpdate.cs:行号 243
   在 AutoUpdate.AppUpdate.CheckAppVersion(String& msg) 位置 D:\ProjectData\MiKe\LineProductMes\LineProductMes\ClassForMain\AppUpdate.cs:行号 310
09:21:20.257 @EMP002 系统管理员
09:21:20.261 @EMP033 cebfd1559b68d67688884d7a3d3e8c
09:22:27.003 @IJA001 20180831001
09:22:27.004 @IJA002 计件
09:22:27.006 @IJA003 0502
09:22:27.007 @IJA004 注塑车间
09:22:27.009 @IJA005 0502
09:22:27.010 @IJA006 注塑车间
09:22:27.011 @IJA007 2018/8/31 0:00:00
09:22:27.012 @IJA008 
09:22:27.013 @IJA009 
09:22:27.014 @IJA010 False
09:22:27.015 @IJA011 False
09:22:27.020 @IJB001 20180831001
09:22:27.023 @IJB002 10002
09:22:27.025 @IJB003 在职
09:22:27.026 @IJB004 GD201502090032
09:22:27.028 @IJB005 201211241
09:22:27.030 @IJB006 600四灯三合一压线板
09:22:27.031 @IJB007 白色
09:22:27.032 @IJB008 PCS
09:22:27.034 @IJB009 0
09:22:27.035 @IJB010 600
09:22:27.036 @IJB011 0
09:22:27.037 @IJB012 吴征义
09:22:27.038 @IJB013 成品搬运工
09:22:27.039 @IJB014 全自动
09:22:27.040 @IJB015 500
09:22:27.042 @IJB016 2018/8/31 8:00:00
09:22:27.043 @IJB017 2018/8/31 17:00:00
09:22:27.044 @IJB018 
09:22:27.045 @IJB019 
09:22:27.046 @IJB020 0
09:22:27.047 @IJB021 12
09:22:27.049 @IJB022 物流组
09:22:52.255 @IJA001 20180831002
09:22:52.257 @IJA002 计时
09:22:52.259 @IJA003 0502
09:22:52.260 @IJA004 注塑车间
09:22:52.261 @IJA005 0502
09:22:52.262 @IJA006 注塑车间
09:22:52.263 @IJA007 2018/8/31 0:00:00
09:22:52.264 @IJA008 
09:22:52.265 @IJA009 
09:22:52.266 @IJA010 False
09:22:52.268 @IJA011 False
09:22:52.270 @IJC001 20180831002
09:22:52.271 @IJC002 GD201502090033
09:22:52.273 @IJC003 201131148
09:22:52.274 @IJC004 防触电塑胶卡扣
09:22:52.275 @IJC005 
09:22:52.276 @IJC006 PCS
09:22:52.277 @IJC007 0
09:22:52.279 @IJC008 2400
09:22:52.280 @IJC009 0
09:22:52.281 @IJC010 2000
09:22:52.283 @IJC011 
09:22:52.287 @IJD001 20180831002
09:22:52.288 @IJD002 10007
09:22:52.289 @IJD003 朱志波
09:22:52.291 @IJD004 成品搬运工
09:22:52.292 @IJD005 半自动
09:22:52.293 @IJD006 2018/8/31 8:00:00
09:22:52.295 @IJD007 2018/8/31 17:00:00
09:22:52.296 @IJD008 0
09:22:52.297 @IJD009 
09:22:52.298 @IJD010 在职
09:22:52.299 @IJD011 物流组
09:35:20.134  异常信息：远程服务器返回错误: (404) 未找到。
  堆栈信息:   在 AutoUpdate.AppUpdate.DownloadFile(String url, String localFilePath) 位置 D:\ProjectData\MiKe\LineProductMes\LineProductMes\ClassForMain\AppUpdate.cs:行号 243
   在 AutoUpdate.AppUpdate.CheckAppVersion(String& msg) 位置 D:\ProjectData\MiKe\LineProductMes\LineProductMes\ClassForMain\AppUpdate.cs:行号 310
09:35:25.141 @EMP002 系统管理员
09:35:25.143 @EMP033 cebfd1559b68d67688884d7a3d3e8c
09:36:27.908  异常信息：远程服务器返回错误: (404) 未找到。
  堆栈信息:   在 AutoUpdate.AppUpdate.DownloadFile(String url, String localFilePath) 位置 D:\ProjectData\MiKe\LineProductMes\LineProductMes\ClassForMain\AppUpdate.cs:行号 243
   在 AutoUpdate.AppUpdate.CheckAppVersion(String& msg) 位置 D:\ProjectData\MiKe\LineProductMes\LineProductMes\ClassForMain\AppUpdate.cs:行号 310
09:36:33.601 @EMP002 系统管理员
09:36:33.603 @EMP033 cebfd1559b68d67688884d7a3d3e8c
09:36:56.981 @LEF001 20180831001
09:36:56.983 @LEF009 0506
09:36:56.984 @LEF010 LED车间
09:36:56.988 @LEF011 0506
09:36:56.990 @LEF012 LED车间
09:36:56.991 @LEF013 2018/8/31 0:00:00
09:36:56.992 @LEF015 
09:36:56.993 @LEF016 
09:36:56.995 @LEF017 False
09:36:56.996 @LEF018 False
09:36:57.001 @LEG001 20180831001
09:36:57.003 @LEG002 10016
09:36:57.005 @LEG003 郭婧
09:36:57.006 @LEG004 装配工
09:36:57.007 @LEG005 2018/8/31 8:00:00
09:36:57.009 @LEG006 2018/8/31 17:00:00
09:36:57.010 @LEG007 0
09:36:57.012 @LEG008 
09:36:57.014 @LEG009 
09:36:57.015 @LEG010 0
09:36:57.017 @LEG011 
09:36:57.019 @LEG012 在职
09:36:57.021 @LEG013 LED车间
09:36:57.025 @LEG001 20180831001
09:36:57.026 @LEG002 10017
09:36:57.028 @LEG003 龙兴连
09:36:57.029 @LEG004 装配工
09:36:57.030 @LEG005 2018/8/31 8:00:00
09:36:57.032 @LEG006 2018/8/31 17:00:00
09:36:57.033 @LEG007 0
09:36:57.035 @LEG008 
09:36:57.036 @LEG009 
09:36:57.037 @LEG010 0
09:36:57.038 @LEG011 
09:36:57.040 @LEG012 在职
09:36:57.041 @LEG013 LED车间
09:36:57.043 @LEG001 20180831001
09:36:57.045 @LEG002 10018
09:36:57.046 @LEG003 刘付连
09:36:57.047 @LEG004 装配工
09:36:57.049 @LEG005 2018/8/31 8:00:00
09:36:57.050 @LEG006 2018/8/31 17:00:00
09:36:57.051 @LEG007 0
09:36:57.053 @LEG008 
09:36:57.054 @LEG009 
09:36:57.055 @LEG010 0
09:36:57.056 @LEG011 
09:36:57.057 @LEG012 在职
09:36:57.059 @LEG013 LED车间
09:36:57.061 @LEG001 20180831001
09:36:57.063 @LEG002 10019
09:36:57.064 @LEG003 聂付秋
09:36:57.066 @LEG004 装配工
09:36:57.067 @LEG005 2018/8/31 8:00:00
09:36:57.069 @LEG006 2018/8/31 17:00:00
09:36:57.070 @LEG007 0
09:36:57.071 @LEG008 
09:36:57.072 @LEG009 
09:36:57.074 @LEG010 0
09:36:57.075 @LEG011 
09:36:57.076 @LEG012 在职
09:36:57.077 @LEG013 LED车间
09:36:57.080 @LEG001 20180831001
09:36:57.081 @LEG002 10020
09:36:57.083 @LEG003 薛能米
09:36:57.084 @LEG004 装配工
09:36:57.086 @LEG005 2018/8/31 8:00:00
09:36:57.087 @LEG006 2018/8/31 17:00:00
09:36:57.088 @LEG007 0
09:36:57.089 @LEG008 
09:36:57.091 @LEG009 
09:36:57.092 @LEG010 0
09:36:57.093 @LEG011 
09:36:57.094 @LEG012 在职
09:36:57.096 @LEG013 LED车间
09:36:57.098 @LEG001 20180831001
09:36:57.100 @LEG002 10021
09:36:57.101 @LEG003 彭顺艳
09:36:57.103 @LEG004 装配工
09:36:57.104 @LEG005 2018/8/31 8:00:00
09:36:57.105 @LEG006 2018/8/31 17:00:00
09:36:57.106 @LEG007 0
09:36:57.108 @LEG008 
09:36:57.109 @LEG009 
09:36:57.111 @LEG010 0
09:36:57.113 @LEG011 
09:36:57.114 @LEG012 在职
09:36:57.115 @LEG013 LED车间
09:36:57.118 @LEG001 20180831001
09:36:57.120 @LEG002 10022
09:36:57.121 @LEG003 罗小琴
09:36:57.123 @LEG004 装配工
09:36:57.124 @LEG005 2018/8/31 8:00:00
09:36:57.125 @LEG006 2018/8/31 17:00:00
09:36:57.126 @LEG007 0
09:36:57.128 @LEG008 
09:36:57.129 @LEG009 
09:36:57.131 @LEG010 0
09:36:57.132 @LEG011 
09:36:57.134 @LEG012 在职
09:36:57.135 @LEG013 LED车间
09:36:57.138 @LEG001 20180831001
09:36:57.139 @LEG002 10023
09:36:57.140 @LEG003 吕红艳
09:36:57.141 @LEG004 装配工
09:36:57.143 @LEG005 2018/8/31 8:00:00
09:36:57.144 @LEG006 2018/8/31 17:00:00
09:36:57.146 @LEG007 0
09:36:57.147 @LEG008 
09:36:57.148 @LEG009 
09:36:57.149 @LEG010 0
09:36:57.150 @LEG011 
09:36:57.151 @LEG012 在职
09:36:57.153 @LEG013 LED车间
09:36:57.155 @LEG001 20180831001
09:36:57.156 @LEG002 10024
09:36:57.157 @LEG003 李朝粉
09:36:57.159 @LEG004 装配工
09:36:57.160 @LEG005 2018/8/31 8:00:00
09:36:57.161 @LEG006 2018/8/31 17:00:00
09:36:57.163 @LEG007 0
09:36:57.164 @LEG008 
09:36:57.165 @LEG009 
09:36:57.166 @LEG010 0
09:36:57.167 @LEG011 
09:36:57.168 @LEG012 在职
09:36:57.169 @LEG013 LED车间
09:36:57.171 @LEG001 20180831001
09:36:57.173 @LEG002 10025
09:36:57.174 @LEG003 陈文会
09:36:57.176 @LEG004 装配工
09:36:57.177 @LEG005 2018/8/31 8:00:00
09:36:57.178 @LEG006 2018/8/31 17:00:00
09:36:57.179 @LEG007 0
09:36:57.180 @LEG008 
09:36:57.181 @LEG009 
09:36:57.182 @LEG010 0
09:36:57.184 @LEG011 
09:36:57.185 @LEG012 在职
09:36:57.187 @LEG013 LED车间
09:36:57.190 @LEG001 20180831001
09:36:57.192 @LEG002 10026
09:36:57.193 @LEG003 平单单
09:36:57.194 @LEG004 装配工
09:36:57.195 @LEG005 2018/8/31 8:00:00
09:36:57.196 @LEG006 2018/8/31 17:00:00
09:36:57.198 @LEG007 0
09:36:57.199 @LEG008 
09:36:57.201 @LEG009 
09:36:57.203 @LEG010 0
09:36:57.204 @LEG011 
09:36:57.206 @LEG012 在职
09:36:57.208 @LEG013 LED车间
09:36:57.211 @LEG001 20180831001
09:36:57.212 @LEG002 10027
09:36:57.213 @LEG003 梁永琴
09:36:57.215 @LEG004 装配工
09:36:57.216 @LEG005 2018/8/31 8:00:00
09:36:57.217 @LEG006 2018/8/31 17:00:00
09:36:57.218 @LEG007 0
09:36:57.219 @LEG008 
09:36:57.220 @LEG009 
09:36:57.221 @LEG010 0
09:36:57.223 @LEG011 
09:36:57.225 @LEG012 在职
09:36:57.226 @LEG013 LED车间
09:36:57.228 @LEG001 20180831001
09:36:57.230 @LEG002 10028
09:36:57.231 @LEG003 胡孝明
09:36:57.233 @LEG004 装配工
09:36:57.234 @LEG005 2018/8/31 8:00:00
09:36:57.236 @LEG006 2018/8/31 17:00:00
09:36:57.238 @LEG007 0
09:36:57.239 @LEG008 
09:36:57.240 @LEG009 
09:36:57.241 @LEG010 0
09:36:57.243 @LEG011 
09:36:57.244 @LEG012 在职
09:36:57.245 @LEG013 LED车间
09:36:57.271 @LEG001 20180831001
09:36:57.272 @LEG002 10029
09:36:57.274 @LEG003 聂昌奎
09:36:57.275 @LEG004 装配工
09:36:57.276 @LEG005 2018/8/31 8:00:00
09:36:57.278 @LEG006 2018/8/31 17:00:00
09:36:57.279 @LEG007 0
09:36:57.280 @LEG008 
09:36:57.281 @LEG009 
09:36:57.282 @LEG010 0
09:36:57.283 @LEG011 
09:36:57.284 @LEG012 在职
09:36:57.286 @LEG013 LED车间
09:36:57.288 @LEG001 20180831001
09:36:57.290 @LEG002 10030
09:36:57.291 @LEG003 陶兴琴
09:36:57.304 @LEG004 装配工
09:36:57.315 @LEG005 2018/8/31 8:00:00
09:36:57.317 @LEG006 2018/8/31 17:00:00
09:36:57.319 @LEG007 0
09:36:57.321 @LEG008 
09:36:57.324 @LEG009 
09:36:57.327 @LEG010 0
09:36:57.329 @LEG011 
09:36:57.330 @LEG012 在职
09:36:57.332 @LEG013 LED车间
09:36:57.335 @LEG001 20180831001
09:36:57.336 @LEG002 10031
09:36:57.337 @LEG003 方宇
09:36:57.339 @LEG004 装配工
09:36:57.340 @LEG005 2018/8/31 8:00:00
09:36:57.341 @LEG006 2018/8/31 17:00:00
09:36:57.342 @LEG007 0
09:36:57.344 @LEG008 
09:36:57.345 @LEG009 
09:36:57.346 @LEG010 0
09:36:57.347 @LEG011 
09:36:57.349 @LEG012 在职
09:36:57.350 @LEG013 LED车间
09:36:57.352 @LEG001 20180831001
09:36:57.354 @LEG002 10032
09:36:57.355 @LEG003 段进连
09:36:57.356 @LEG004 装配工
09:36:57.357 @LEG005 2018/8/31 8:00:00
09:36:57.359 @LEG006 2018/8/31 17:00:00
09:36:57.360 @LEG007 0
09:36:57.362 @LEG008 
09:36:57.363 @LEG009 
09:36:57.365 @LEG010 0
09:36:57.366 @LEG011 
09:36:57.368 @LEG012 在职
09:36:57.369 @LEG013 LED车间
09:36:57.371 @LEG001 20180831001
09:36:57.372 @LEG002 10033
09:36:57.374 @LEG003 唐云云
09:36:57.375 @LEG004 装配工
09:36:57.376 @LEG005 2018/8/31 8:00:00
09:36:57.378 @LEG006 2018/8/31 17:00:00
09:36:57.379 @LEG007 0
09:36:57.380 @LEG008 
09:36:57.382 @LEG009 
09:36:57.383 @LEG010 0
09:36:57.384 @LEG011 
09:36:57.385 @LEG012 在职
09:36:57.386 @LEG013 LED车间
09:36:57.389 @LEG001 20180831001
09:36:57.390 @LEG002 10034
09:36:57.391 @LEG003 李大花
09:36:57.393 @LEG004 装配工
09:36:57.394 @LEG005 2018/8/31 8:00:00
09:36:57.395 @LEG006 2018/8/31 17:00:00
09:36:57.396 @LEG007 0
09:36:57.397 @LEG008 
09:36:57.399 @LEG009 
09:36:57.400 @LEG010 0
09:36:57.401 @LEG011 
09:36:57.403 @LEG012 在职
09:36:57.404 @LEG013 LED车间
09:36:57.406 @LEG001 20180831001
09:36:57.408 @LEG002 10035
09:36:57.409 @LEG003 黄史作
09:36:57.410 @LEG004 装配工
09:36:57.412 @LEG005 2018/8/31 8:00:00
09:36:57.413 @LEG006 2018/8/31 17:00:00
09:36:57.414 @LEG007 0
09:36:57.415 @LEG008 
09:36:57.417 @LEG009 
09:36:57.418 @LEG010 0
09:36:57.419 @LEG011 
09:36:57.420 @LEG012 在职
09:36:57.421 @LEG013 LED车间
09:36:57.424 @LEG001 20180831001
09:36:57.425 @LEG002 10036
09:36:57.427 @LEG003 罗昌梅
09:36:57.428 @LEG004 装配工
09:36:57.430 @LEG005 2018/8/31 8:00:00
09:36:57.431 @LEG006 2018/8/31 17:00:00
09:36:57.432 @LEG007 0
09:36:57.433 @LEG008 
09:36:57.434 @LEG009 
09:36:57.435 @LEG010 0
09:36:57.436 @LEG011 
09:36:57.437 @LEG012 在职
09:36:57.439 @LEG013 LED车间
09:36:57.441 @LEG001 20180831001
09:36:57.442 @LEG002 10037
09:36:57.444 @LEG003 赵雨婷
09:36:57.445 @LEG004 装配工
09:36:57.446 @LEG005 2018/8/31 8:00:00
09:36:57.447 @LEG006 2018/8/31 17:00:00
09:36:57.449 @LEG007 0
09:36:57.450 @LEG008 
09:36:57.451 @LEG009 
09:36:57.452 @LEG010 0
09:36:57.453 @LEG011 
09:36:57.455 @LEG012 在职
09:36:57.456 @LEG013 LED车间
09:36:57.458 @LEG001 20180831001
09:36:57.460 @LEG002 10038
09:36:57.461 @LEG003 余双双
09:36:57.462 @LEG004 装配工
09:36:57.464 @LEG005 2018/8/31 8:00:00
09:36:57.465 @LEG006 2018/8/31 17:00:00
09:36:57.466 @LEG007 0
09:36:57.467 @LEG008 
09:36:57.468 @LEG009 
09:36:57.469 @LEG010 0
09:36:57.471 @LEG011 
09:36:57.472 @LEG012 在职
09:36:57.473 @LEG013 LED车间
09:36:57.475 @LEH001 20180831001
09:36:57.476 @LEH002 GD201503020003
09:36:57.477 @LEH003 203011467
09:36:57.479 @LEH004 LED组件-160
09:36:57.481 @LEH005 
09:36:57.482 @LEH006 PCS
09:36:57.484 @LEH007 1000
09:36:57.485 @LEH008 0
09:36:57.487 @LEH009 500
09:36:57.488 @LEH010 
09:36:57.489 @LEH011 
09:36:57.491 @LEH012 
09:42:28.674  异常信息：远程服务器返回错误: (404) 未找到。
  堆栈信息:   在 AutoUpdate.AppUpdate.DownloadFile(String url, String localFilePath) 位置 D:\ProjectData\MiKe\LineProductMes\LineProductMes\ClassForMain\AppUpdate.cs:行号 243
   在 AutoUpdate.AppUpdate.CheckAppVersion(String& msg) 位置 D:\ProjectData\MiKe\LineProductMes\LineProductMes\ClassForMain\AppUpdate.cs:行号 310
09:42:34.119 @EMP002 系统管理员
09:42:34.122 @EMP033 cebfd1559b68d67688884d7a3d3e8c
09:42:56.249 @LEC001 20180831001
09:42:56.250 @LEC002 GD201502090048
09:42:56.252 @LEC003 
09:42:56.253 @LEC004 
09:42:56.254 @LEC005 
09:42:56.256 @LEC006 
09:42:56.257 @LEC007 300
09:42:56.259 @LEC008 
09:42:56.261 @LEC009 0504
09:42:56.262 @LEC010 前加工车间
09:42:56.264 @LEC011 0504
09:42:56.265 @LEC012 前加工车间
09:42:56.266 @LEC013 2018/8/31 0:00:00
09:42:56.267 @LEC014 200
09:42:56.269 @LEC015 
09:42:56.270 @LEC016 
09:42:56.272 @LEC017 False
09:42:56.273 @LEC018 False
09:42:56.281 @LED001 20180831001
09:42:56.283 @LED002 10040
09:42:56.284 @LED003 杜福英
09:42:56.285 @LED004 装配工
09:42:56.287 @LED005 2018/8/31 8:00:00
09:42:56.288 @LED006 2018/8/31 17:00:00
09:42:56.289 @LED007 0
09:42:56.290 @LED008 
09:42:56.291 @LED009 
09:42:56.292 @LED010 0
09:42:56.294 @LED011 
09:42:56.295 @LED012 在职
09:42:56.296 @LED013 前加工车间
09:42:56.300 @LED001 20180831001
09:42:56.302 @LED002 10041
09:42:56.303 @LED003 廖仁琼
09:42:56.305 @LED004 装配工
09:42:56.306 @LED005 2018/8/31 8:00:00
09:42:56.307 @LED006 2018/8/31 17:00:00
09:42:56.309 @LED007 0
09:42:56.310 @LED008 
09:42:56.311 @LED009 
09:42:56.312 @LED010 0
09:42:56.314 @LED011 
09:42:56.315 @LED012 在职
09:42:56.316 @LED013 前加工车间
09:42:56.318 @LED001 20180831001
09:42:56.320 @LED002 10042
09:42:56.322 @LED003 李光艳
09:42:56.323 @LED004 装配工
09:42:56.325 @LED005 2018/8/31 8:00:00
09:42:56.326 @LED006 2018/8/31 17:00:00
09:42:56.327 @LED007 0
09:42:56.328 @LED008 
09:42:56.330 @LED009 
09:42:56.331 @LED010 0
09:42:56.332 @LED011 
09:42:56.333 @LED012 在职
09:42:56.335 @LED013 前加工车间
09:42:56.337 @LED001 20180831001
09:42:56.339 @LED002 10043
09:42:56.340 @LED003 彭荣泽
09:42:56.341 @LED004 装配工
09:42:56.343 @LED005 2018/8/31 8:00:00
09:42:56.344 @LED006 2018/8/31 17:00:00
09:42:56.345 @LED007 0
09:42:56.346 @LED008 
09:42:56.347 @LED009 
09:42:56.349 @LED010 0
09:42:56.350 @LED011 
09:42:56.351 @LED012 在职
09:42:56.353 @LED013 前加工车间
09:42:56.355 @LED001 20180831001
09:42:56.357 @LED002 10044
09:42:56.358 @LED003 何培凤
09:42:56.359 @LED004 装配工
09:42:56.360 @LED005 2018/8/31 8:00:00
09:42:56.361 @LED006 2018/8/31 17:00:00
09:42:56.362 @LED007 0
09:42:56.363 @LED008 
09:42:56.365 @LED009 
09:42:56.366 @LED010 0
09:42:56.367 @LED011 
09:42:56.369 @LED012 在职
09:42:56.370 @LED013 前加工车间
09:42:56.373 @LED001 20180831001
09:42:56.374 @LED002 10045
09:42:56.375 @LED003 李朝伟
09:42:56.377 @LED004 装配工
09:42:56.378 @LED005 2018/8/31 8:00:00
09:42:56.379 @LED006 2018/8/31 17:00:00
09:42:56.380 @LED007 0
09:42:56.381 @LED008 
09:42:56.383 @LED009 
09:42:56.384 @LED010 0
09:42:56.385 @LED011 
09:42:56.386 @LED012 在职
09:42:56.387 @LED013 前加工车间
09:42:56.390 @LED001 20180831001
09:42:56.391 @LED002 10046
09:42:56.393 @LED003 王培秀
09:42:56.394 @LED004 装配工
09:42:56.396 @LED005 2018/8/31 8:00:00
09:42:56.397 @LED006 2018/8/31 17:00:00
09:42:56.399 @LED007 0
09:42:56.400 @LED008 
09:42:56.401 @LED009 
09:42:56.402 @LED010 0
09:42:56.403 @LED011 
09:42:56.404 @LED012 在职
09:42:56.405 @LED013 前加工车间
09:42:56.407 @LED001 20180831001
09:42:56.409 @LED002 10047
09:42:56.410 @LED003 谢武林
09:42:56.412 @LED004 装配工
09:42:56.414 @LED005 2018/8/31 8:00:00
09:42:56.416 @LED006 2018/8/31 17:00:00
09:42:56.417 @LED007 0
09:42:56.418 @LED008 
09:42:56.420 @LED009 
09:42:56.421 @LED010 0
09:42:56.422 @LED011 
09:42:56.424 @LED012 在职
09:42:56.426 @LED013 前加工车间
09:42:56.428 @LED001 20180831001
09:42:56.429 @LED002 10048
09:42:56.431 @LED003 王程平
09:42:56.432 @LED004 装配工
09:42:56.433 @LED005 2018/8/31 8:00:00
09:42:56.434 @LED006 2018/8/31 17:00:00
09:42:56.435 @LED007 0
09:42:56.437 @LED008 
09:42:56.438 @LED009 
09:42:56.439 @LED010 0
09:42:56.440 @LED011 
09:42:56.441 @LED012 在职
09:42:56.442 @LED013 前加工车间
09:42:56.445 @LED001 20180831001
09:42:56.446 @LED002 10049
09:42:56.448 @LED003 韩英
09:42:56.449 @LED004 装配工
09:42:56.450 @LED005 2018/8/31 8:00:00
09:42:56.451 @LED006 2018/8/31 17:00:00
09:42:56.453 @LED007 0
09:42:56.454 @LED008 
09:42:56.455 @LED009 
09:42:56.457 @LED010 0
09:42:56.458 @LED011 
09:42:56.459 @LED012 在职
09:42:56.460 @LED013 前加工车间
09:42:56.463 @LED001 20180831001
09:42:56.464 @LED002 10050
09:42:56.466 @LED003 杨海霞
09:42:56.467 @LED004 装配工
09:42:56.468 @LED005 2018/8/31 8:00:00
09:42:56.470 @LED006 2018/8/31 17:00:00
09:42:56.471 @LED007 0
09:42:56.472 @LED008 
09:42:56.474 @LED009 
09:42:56.475 @LED010 0
09:42:56.476 @LED011 
09:42:56.477 @LED012 在职
09:42:56.479 @LED013 前加工车间
09:42:56.481 @LED001 20180831001
09:42:56.482 @LED002 10051
09:42:56.484 @LED003 熊华美
09:42:56.485 @LED004 装配工
09:42:56.486 @LED005 2018/8/31 8:00:00
09:42:56.487 @LED006 2018/8/31 17:00:00
09:42:56.488 @LED007 0
09:42:56.490 @LED008 
09:42:56.491 @LED009 
09:42:56.492 @LED010 0
09:42:56.494 @LED011 
09:42:56.495 @LED012 在职
09:42:56.496 @LED013 前加工车间
09:42:56.499 @LED001 20180831001
09:42:56.500 @LED002 10052
09:42:56.502 @LED003 孙琼莲
09:42:56.503 @LED004 装配工
09:42:56.504 @LED005 2018/8/31 8:00:00
09:42:56.506 @LED006 2018/8/31 17:00:00
09:42:56.507 @LED007 0
09:42:56.509 @LED008 
09:42:56.510 @LED009 
09:42:56.511 @LED010 0
09:42:56.512 @LED011 
09:42:56.514 @LED012 在职
09:42:56.515 @LED013 前加工车间
09:42:56.517 @LED001 20180831001
09:42:56.518 @LED002 10053
09:42:56.520 @LED003 李林菊
09:42:56.521 @LED004 装配工
09:42:56.522 @LED005 2018/8/31 8:00:00
09:42:56.524 @LED006 2018/8/31 17:00:00
09:42:56.525 @LED007 0
09:42:56.526 @LED008 
09:42:56.528 @LED009 
09:42:56.529 @LED010 0
09:42:56.530 @LED011 
09:42:56.531 @LED012 在职
09:42:56.533 @LED013 前加工车间
09:42:56.535 @LED001 20180831001
09:42:56.536 @LED002 10054
09:42:56.538 @LED003 吴群英
09:42:56.539 @LED004 装配工
09:42:56.540 @LED005 2018/8/31 8:00:00
09:42:56.542 @LED006 2018/8/31 17:00:00
09:42:56.543 @LED007 0
09:42:56.544 @LED008 
09:42:56.545 @LED009 
09:42:56.546 @LED010 0
09:42:56.547 @LED011 
09:42:56.549 @LED012 在职
09:42:56.550 @LED013 前加工车间
09:42:56.552 @LED001 20180831001
09:42:56.553 @LED002 10055
09:42:56.555 @LED003 杨琴
09:42:56.556 @LED004 装配工
09:42:56.557 @LED005 2018/8/31 8:00:00
09:42:56.558 @LED006 2018/8/31 17:00:00
09:42:56.560 @LED007 0
09:42:56.562 @LED008 
09:42:56.563 @LED009 
09:42:56.565 @LED010 0
09:42:56.566 @LED011 
09:42:56.567 @LED012 在职
09:42:56.568 @LED013 前加工车间
09:42:56.571 @LED001 20180831001
09:42:56.572 @LED002 10056
09:42:56.574 @LED003 韩艳
09:42:56.575 @LED004 装配工
09:42:56.577 @LED005 2018/8/31 8:00:00
09:42:56.578 @LED006 2018/8/31 17:00:00
09:42:56.579 @LED007 0
09:42:56.580 @LED008 
09:42:56.581 @LED009 
09:42:56.583 @LED010 0
09:42:56.584 @LED011 
09:42:56.586 @LED012 在职
09:42:56.587 @LED013 前加工车间
09:42:56.589 @LED001 20180831001
09:42:56.591 @LED002 10057
09:42:56.592 @LED003 张瑜
09:42:56.594 @LED004 装配工
09:42:56.595 @LED005 2018/8/31 8:00:00
09:42:56.597 @LED006 2018/8/31 17:00:00
09:42:56.598 @LED007 0
09:42:56.599 @LED008 
09:42:56.600 @LED009 
09:42:56.602 @LED010 0
09:42:56.603 @LED011 
09:42:56.604 @LED012 在职
09:42:56.606 @LED013 前加工车间
09:42:56.608 @LED001 20180831001
09:42:56.610 @LED002 10058
09:42:56.611 @LED003 李光云
09:42:56.612 @LED004 装配工
09:42:56.613 @LED005 2018/8/31 8:00:00
09:42:56.615 @LED006 2018/8/31 17:00:00
09:42:56.616 @LED007 0
09:42:56.618 @LED008 
09:42:56.619 @LED009 
09:42:56.620 @LED010 0
09:42:56.621 @LED011 
09:42:56.622 @LED012 在职
09:42:56.624 @LED013 前加工车间
09:42:56.626 @LED001 20180831001
09:42:56.627 @LED002 10059
09:42:56.628 @LED003 唐春凤
09:42:56.630 @LED004 装配工
09:42:56.631 @LED005 2018/8/31 8:00:00
09:42:56.633 @LED006 2018/8/31 17:00:00
09:42:56.634 @LED007 0
09:42:56.635 @LED008 
09:42:56.636 @LED009 
09:42:56.637 @LED010 0
09:42:56.638 @LED011 
09:42:56.640 @LED012 在职
09:42:56.641 @LED013 前加工车间
09:42:56.643 @LED001 20180831001
09:42:56.644 @LED002 10060
09:42:56.645 @LED003 陈朝香
09:42:56.647 @LED004 装配工
09:42:56.648 @LED005 2018/8/31 8:00:00
09:42:56.650 @LED006 2018/8/31 17:00:00
09:42:56.651 @LED007 0
09:42:56.652 @LED008 
09:42:56.653 @LED009 
09:42:56.655 @LED010 0
09:42:56.656 @LED011 
09:42:56.657 @LED012 在职
09:42:56.658 @LED013 前加工车间
09:42:56.660 @LED001 20180831001
09:42:56.661 @LED002 10061
09:42:56.663 @LED003 张小婵
09:42:56.664 @LED004 装配工
09:42:56.665 @LED005 2018/8/31 8:00:00
09:42:56.667 @LED006 2018/8/31 17:00:00
09:42:56.668 @LED007 0
09:42:56.669 @LED008 
09:42:56.670 @LED009 
09:42:56.671 @LED010 0
09:42:56.672 @LED011 
09:42:56.674 @LED012 在职
09:42:56.675 @LED013 前加工车间
09:42:56.677 @LED001 20180831001
09:42:56.679 @LED002 10062
09:42:56.680 @LED003 曾昭婵
09:42:56.681 @LED004 装配工
09:42:56.682 @LED005 2018/8/31 8:00:00
09:42:56.683 @LED006 2018/8/31 17:00:00
09:42:56.684 @LED007 0
09:42:56.685 @LED008 
09:42:56.687 @LED009 
09:42:56.688 @LED010 0
09:42:56.689 @LED011 
09:42:56.690 @LED012 在职
09:42:56.691 @LED013 前加工车间
09:42:56.693 @LED001 20180831001
09:42:56.695 @LED002 10063
09:42:56.696 @LED003 牟飞
09:42:56.697 @LED004 装配工
09:42:56.698 @LED005 2018/8/31 8:00:00
09:42:56.699 @LED006 2018/8/31 17:00:00
09:42:56.700 @LED007 0
09:42:56.701 @LED008 
09:42:56.703 @LED009 
09:42:56.704 @LED010 0
09:42:56.705 @LED011 
09:42:56.706 @LED012 在职
09:42:56.707 @LED013 前加工车间
09:42:56.709 @LED001 20180831001
09:42:56.711 @LED002 10064
09:42:56.712 @LED003 牟欢
09:42:56.713 @LED004 装配工
09:42:56.714 @LED005 2018/8/31 8:00:00
09:42:56.715 @LED006 2018/8/31 17:00:00
09:42:56.716 @LED007 0
09:42:56.717 @LED008 
09:42:56.719 @LED009 
09:42:56.720 @LED010 0
09:42:56.721 @LED011 
09:42:56.722 @LED012 在职
09:42:56.723 @LED013 前加工车间
09:42:56.726 @LED001 20180831001
09:42:56.728 @LED002 10065
09:42:56.729 @LED003 陶炼
09:42:56.730 @LED004 装配工
09:42:56.731 @LED005 2018/8/31 8:00:00
09:42:56.732 @LED006 2018/8/31 17:00:00
09:42:56.734 @LED007 0
09:42:56.735 @LED008 
09:42:56.736 @LED009 
09:42:56.737 @LED010 0
09:42:56.738 @LED011 
09:42:56.739 @LED012 在职
09:42:56.740 @LED013 前加工车间
09:42:56.743 @LED001 20180831001
09:42:56.744 @LED002 10066
09:42:56.746 @LED003 杜光斌
09:42:56.747 @LED004 装配工
09:42:56.748 @LED005 2018/8/31 8:00:00
09:42:56.750 @LED006 2018/8/31 17:00:00
09:42:56.751 @LED007 0
09:42:56.753 @LED008 
09:42:56.754 @LED009 
09:42:56.755 @LED010 0
09:42:56.756 @LED011 
09:42:56.758 @LED012 在职
09:42:56.759 @LED013 前加工车间
09:42:56.761 @LED001 20180831001
09:42:56.763 @LED002 10067
09:42:56.764 @LED003 朱大艳
09:42:56.765 @LED004 装配工
09:42:56.766 @LED005 2018/8/31 8:00:00
09:42:56.767 @LED006 2018/8/31 17:00:00
09:42:56.768 @LED007 0
09:42:56.769 @LED008 
09:42:56.770 @LED009 
09:42:56.772 @LED010 0
09:42:56.773 @LED011 
09:42:56.774 @LED012 在职
09:42:56.775 @LED013 前加工车间
09:42:56.777 @LED001 20180831001
09:42:56.779 @LED002 10068
09:42:56.785 @LED003 王银祥
09:42:56.786 @LED004 装配工
09:42:56.787 @LED005 2018/8/31 8:00:00
09:42:56.789 @LED006 2018/8/31 17:00:00
09:42:56.790 @LED007 0
09:42:56.791 @LED008 
09:42:56.792 @LED009 
09:42:56.794 @LED010 0
09:42:56.795 @LED011 
09:42:56.796 @LED012 在职
09:42:56.797 @LED013 前加工车间
09:42:56.799 @LED001 20180831001
09:42:56.801 @LED002 10069
09:42:56.803 @LED003 王建琼
09:42:56.804 @LED004 装配工
09:42:56.805 @LED005 2018/8/31 8:00:00
09:42:56.806 @LED006 2018/8/31 17:00:00
09:42:56.807 @LED007 0
09:42:56.808 @LED008 
09:42:56.809 @LED009 
09:42:56.810 @LED010 0
09:42:56.811 @LED011 
09:42:56.812 @LED012 在职
09:42:56.814 @LED013 前加工车间
09:42:56.816 @LEE001 20180831001
09:42:56.817 @LEE002 GD201502090048
09:42:56.818 @LEE003 203031472
09:42:56.820 @LEE004 暖风机组件
09:42:56.821 @LEE005 1600W
09:42:56.822 @LEE006 PCS
09:42:56.824 @LEE007 300
09:42:56.825 @LEE008 0
09:42:56.826 @LEE009 200
09:47:53.173  异常信息：远程服务器返回错误: (404) 未找到。
  堆栈信息:   在 AutoUpdate.AppUpdate.DownloadFile(String url, String localFilePath) 位置 D:\ProjectData\MiKe\LineProductMes\LineProductMes\ClassForMain\AppUpdate.cs:行号 243
   在 AutoUpdate.AppUpdate.CheckAppVersion(String& msg) 位置 D:\ProjectData\MiKe\LineProductMes\LineProductMes\ClassForMain\AppUpdate.cs:行号 310
09:47:57.785 @EMP002 系统管理员
09:47:57.787 @EMP033 cebfd1559b68d67688884d7a3d3e8c
09:50:01.086  异常信息：远程服务器返回错误: (404) 未找到。
  堆栈信息:   在 AutoUpdate.AppUpdate.DownloadFile(String url, String localFilePath) 位置 D:\ProjectData\MiKe\LineProductMes\LineProductMes\ClassForMain\AppUpdate.cs:行号 243
   在 AutoUpdate.AppUpdate.CheckAppVersion(String& msg) 位置 D:\ProjectData\MiKe\LineProductMes\LineProductMes\ClassForMain\AppUpdate.cs:行号 310
09:50:08.697 @EMP002 系统管理员
09:50:08.700 @EMP033 cebfd1559b68d67688884d7a3d3e8c
09:50:40.804 @LGN001 20180831001
09:50:40.805 @LGN002 2018/8/31 0:00:00
09:50:40.808 @LOG001 20180831001
09:50:40.810 @LOG002 XH201502270001
09:50:40.811 @LOG003 001
09:50:40.812 @LOG004 JYLZ22
09:50:40.813 @LOG005 JYLZ22-3030LED
09:50:40.814 @LOG006 552
09:50:40.816 @LOG007 0
09:50:40.817 @LOG008 12
09:50:40.818 @LOG009 0
09:50:40.825 @LGP001 20180831001
09:50:40.827 @LGP002 10006
09:50:40.829 @LGP003 赵庆书
09:50:40.830 @LGP004 成品搬运工
09:50:40.832 @LGP005 在职
09:50:40.833 @LGP006 物流组
09:50:40.859 在 SET 子句中多次指定了列名 'LGP005'。在同一 SET 子句中不得为一个列分配多个值。请修改 SET 子句，以确保一个列仅更新一次。如果 SET 子句更新了某视图的多列，那么列名 'LGP005' 可能会在该视图定义中出现两次。
   在 System.Data.SqlClient.SqlConnection.OnError(SqlException exception, Boolean breakConnection, Action`1 wrapCloseInAction)
   在 System.Data.SqlClient.SqlInternalConnection.OnError(SqlException exception, Boolean breakConnection, Action`1 wrapCloseInAction)
   在 System.Data.SqlClient.TdsParser.ThrowExceptionAndWarning(TdsParserStateObject stateObj, Boolean callerHasConnectionLock, Boolean asyncClose)
   在 System.Data.SqlClient.TdsParser.TryRun(RunBehavior runBehavior, SqlCommand cmdHandler, SqlDataReader dataStream, BulkCopySimpleResultSet bulkCopyHandler, TdsParserStateObject stateObj, Boolean& dataReady)
   在 System.Data.SqlClient.SqlCommand.FinishExecuteReader(SqlDataReader ds, RunBehavior runBehavior, String resetOptionsString, Boolean isInternal, Boolean forDescribeParameterEncryption, Boolean shouldCacheForAlwaysEncrypted)
   在 System.Data.SqlClient.SqlCommand.RunExecuteReaderTds(CommandBehavior cmdBehavior, RunBehavior runBehavior, Boolean returnStream, Boolean async, Int32 timeout, Task& task, Boolean asyncWrite, Boolean inRetry, SqlDataReader ds, Boolean describeParameterEncryptionRequest)
   在 System.Data.SqlClient.SqlCommand.RunExecuteReader(CommandBehavior cmdBehavior, RunBehavior runBehavior, Boolean returnStream, String method, TaskCompletionSource`1 completion, Int32 timeout, Task& task, Boolean& usedCache, Boolean asyncWrite, Boolean inRetry)
   在 System.Data.SqlClient.SqlCommand.InternalExecuteNonQuery(TaskCompletionSource`1 completion, String methodName, Boolean sendToPipe, Int32 timeout, Boolean& usedCache, Boolean asyncWrite, Boolean inRetry)
   在 System.Data.SqlClient.SqlCommand.ExecuteNonQuery()
   在 StudentMgr.SqlHelper.ExecuteSqlTranDic(Dictionary`2 SQLString) 位置 D:\ProjectData\MiKe\LineProductMes\LineProductMesBll\SqlHelper.cs:行号 961
09:50:40.861 insert into MIKLGP(LGP001,LGP002,LGP003,LGP004,LGP005,LGP005) values (@LGP001,@LGP002,@LGP003,@LGP004,@LGP005,@LGP006)
09:51:43.951  异常信息：远程服务器返回错误: (404) 未找到。
  堆栈信息:   在 AutoUpdate.AppUpdate.DownloadFile(String url, String localFilePath) 位置 D:\ProjectData\MiKe\LineProductMes\LineProductMes\ClassForMain\AppUpdate.cs:行号 243
   在 AutoUpdate.AppUpdate.CheckAppVersion(String& msg) 位置 D:\ProjectData\MiKe\LineProductMes\LineProductMes\ClassForMain\AppUpdate.cs:行号 310
09:51:48.386 @EMP002 系统管理员
09:51:48.388 @EMP033 cebfd1559b68d67688884d7a3d3e8c
09:56:06.584  异常信息：远程服务器返回错误: (404) 未找到。
  堆栈信息:   在 AutoUpdate.AppUpdate.DownloadFile(String url, String localFilePath) 位置 D:\ProjectData\MiKe\LineProductMes\LineProductMes\ClassForMain\AppUpdate.cs:行号 243
   在 AutoUpdate.AppUpdate.CheckAppVersion(String& msg) 位置 D:\ProjectData\MiKe\LineProductMes\LineProductMes\ClassForMain\AppUpdate.cs:行号 310
09:56:13.040 @EMP002 系统管理员
09:56:13.042 @EMP033 cebfd1559b68d67688884d7a3d3e8c
10:00:12.992  异常信息：远程服务器返回错误: (404) 未找到。
  堆栈信息:   在 AutoUpdate.AppUpdate.DownloadFile(String url, String localFilePath) 位置 D:\ProjectData\MiKe\LineProductMes\LineProductMes\ClassForMain\AppUpdate.cs:行号 243
   在 AutoUpdate.AppUpdate.CheckAppVersion(String& msg) 位置 D:\ProjectData\MiKe\LineProductMes\LineProductMes\ClassForMain\AppUpdate.cs:行号 310
10:00:17.916 @EMP002 系统管理员
10:00:17.918 @EMP033 cebfd1559b68d67688884d7a3d3e8c
10:00:33.904 @LGN001 20180831001
10:00:33.906 @LGN002 2018/8/31 0:00:00
10:00:33.910 @LOG001 20180831001
10:00:33.912 @LOG002 XH201502100001
10:00:33.914 @LOG003 004
10:00:33.915 @LOG004 TCLNS-12D001
10:00:33.916 @LOG005 13款壁挂碳纤维
10:00:33.917 @LOG006 1
10:00:33.918 @LOG007 0
10:00:33.920 @LOG008 0
10:00:33.921 @LOG009 0
10:00:33.926 @LGP001 20180831001
10:00:33.928 @LGP002 10009
10:00:33.929 @LGP003 张之峰
10:00:33.930 @LGP004 发货员
10:00:33.931 @LGP005 在职
10:00:33.933 @LGP006 物流组
10:19:05.423  异常信息：远程服务器返回错误: (404) 未找到。
  堆栈信息:   在 AutoUpdate.AppUpdate.DownloadFile(String url, String localFilePath) 位置 D:\ProjectData\MiKe\LineProductMes\LineProductMes\ClassForMain\AppUpdate.cs:行号 243
   在 AutoUpdate.AppUpdate.CheckAppVersion(String& msg) 位置 D:\ProjectData\MiKe\LineProductMes\LineProductMes\ClassForMain\AppUpdate.cs:行号 310
10:19:11.461 @EMP002 系统管理员
10:19:11.463 @EMP033 cebfd1559b68d67688884d7a3d3e8c
10:20:23.480  异常信息：远程服务器返回错误: (404) 未找到。
  堆栈信息:   在 AutoUpdate.AppUpdate.DownloadFile(String url, String localFilePath) 位置 D:\ProjectData\MiKe\LineProductMes\LineProductMes\ClassForMain\AppUpdate.cs:行号 243
   在 AutoUpdate.AppUpdate.CheckAppVersion(String& msg) 位置 D:\ProjectData\MiKe\LineProductMes\LineProductMes\ClassForMain\AppUpdate.cs:行号 310
10:20:39.310 @EMP002 系统管理员
10:20:39.311 @EMP033 cebfd1559b68d67688884d7a3d3e8c
10:44:09.105  异常信息：远程服务器返回错误: (404) 未找到。
  堆栈信息:   在 AutoUpdate.AppUpdate.DownloadFile(String url, String localFilePath) 位置 D:\ProjectData\MiKe\LineProductMes\LineProductMes\ClassForMain\AppUpdate.cs:行号 243
   在 AutoUpdate.AppUpdate.CheckAppVersion(String& msg) 位置 D:\ProjectData\MiKe\LineProductMes\LineProductMes\ClassForMain\AppUpdate.cs:行号 310
10:44:36.811 @EMP002 系统管理员
10:44:36.814 @EMP033 cebfd1559b68d67688884d7a3d3e8c
10:44:50.694 @LGN001 20180828001
10:44:50.696 @LGN003 False
10:45:17.102 @LOG004 TCLNS-05A007
10:45:17.104 @LOG005 13款二灯壁挂
10:45:17.105 @LOG006 53
10:45:17.106 @LOG007 0.000000
10:45:17.107 @LOG008 30
10:45:17.108 @LOG009 0.000000
10:45:17.109 @idx 1
10:45:17.110 @LOG002 XH201502100001
10:45:17.111 @LOG003 001
10:45:17.119 @LOG004 TCLNS-08A007
10:45:17.121 @LOG005 13款三灯壁挂
10:45:17.123 @LOG006 15
10:45:17.124 @LOG007 0.000000
10:45:17.125 @LOG008 10
10:45:17.127 @LOG009 0.000000
10:45:17.128 @idx 2
10:45:17.129 @LOG002 XH201502100001
10:45:17.131 @LOG003 002
10:45:17.134 @LGP003 吴征义
10:45:17.136 @LGP004 成品搬运工
10:45:17.137 @LGP005 在职
10:45:17.138 @idx 1
10:45:17.139 @LGP002 10002
10:45:17.141 @LGP006 物流组
10:45:17.147 @LGP003 潘传慧
10:45:17.149 @LGP004 发货员
10:45:17.150 @LGP005 在职
10:45:17.151 @idx 2
10:45:17.152 @LGP002 10011
10:45:17.154 @LGP006 物流组
10:45:17.156 @LGP003 杨友洪
10:45:17.157 @LGP004 发货员
10:45:17.158 @LGP005 在职
10:45:17.160 @idx 3
10:45:17.161 @LGP002 10013
10:45:17.163 @LGP006 物流组
10:45:19.744 @LGN001 20180828001
10:45:19.746 @LGN003 True
11:04:44.362  异常信息：远程服务器返回错误: (404) 未找到。
  堆栈信息:   在 AutoUpdate.AppUpdate.DownloadFile(String url, String localFilePath) 位置 D:\ProjectData\MiKe\LineProductMes\LineProductMes\ClassForMain\AppUpdate.cs:行号 243
   在 AutoUpdate.AppUpdate.CheckAppVersion(String& msg) 位置 D:\ProjectData\MiKe\LineProductMes\LineProductMes\ClassForMain\AppUpdate.cs:行号 310
11:04:49.959 @EMP002 系统管理员
11:04:49.961 @EMP033 cebfd1559b68d67688884d7a3d3e8c
11:05:24.094 @ARS001 140038273
11:05:24.096 @ARS002 JKGJ09-四度空间
11:05:24.097 @ARS003 013
11:05:24.098 @ARS004 334*334*0.5mm
11:05:24.099 @ARS005 
11:05:24.101 @ARS006 PCS
11:05:24.102 @ARS007 M
11:05:24.103 @ARS008 0
11:05:24.104 @ARS009 0501
11:05:24.108 @ART001 140038273
11:05:24.109 @ART002 01
11:05:24.111 @ART003 冲压
11:05:24.112 @ART004 0
11:05:24.113 @ART005 0
11:05:24.114 @ART006 
11:05:24.116 @ART007 
11:05:24.117 @ART009 
11:05:24.118 @ART010 否
11:05:24.119 @ART011 001
11:05:24.121 @ART012 0
11:05:24.122 @ART013 
11:07:38.303  异常信息：远程服务器返回错误: (404) 未找到。
  堆栈信息:   在 AutoUpdate.AppUpdate.DownloadFile(String url, String localFilePath) 位置 D:\ProjectData\MiKe\LineProductMes\LineProductMes\ClassForMain\AppUpdate.cs:行号 243
   在 AutoUpdate.AppUpdate.CheckAppVersion(String& msg) 位置 D:\ProjectData\MiKe\LineProductMes\LineProductMes\ClassForMain\AppUpdate.cs:行号 310
11:07:47.938 @EMP002 系统管理员
11:07:47.940 @EMP033 cebfd1559b68d67688884d7a3d3e8c
11:09:18.436 @ARS001 140038274
11:09:18.437 @ARS002 JKGJ10-域外风情
11:09:18.439 @ARS003 013
11:09:18.440 @ARS004 334*334*0.45mm
11:09:18.442 @ARS005 
11:09:18.443 @ARS006 PCS
11:09:18.444 @ARS007 M
11:09:18.446 @ARS008 0
11:09:18.448 @ARS009 0501
11:09:18.453 @ART001 140038274
11:09:18.454 @ART002 08
11:09:18.455 @ART003 切割
11:09:18.457 @ART004 0
11:09:18.458 @ART005 0
11:09:18.460 @ART006 
11:09:18.461 @ART007 
11:09:18.462 @ART009 
11:09:18.463 @ART010 否
11:09:18.464 @ART011 001
11:09:18.465 @ART012 0
11:09:18.466 @ART013 
11:09:30.645 @ARS001 140038274
11:09:30.647 @ARS008 0
11:09:30.651 @ART001 140038274
11:09:30.653 @ART002 08
11:09:30.654 @ART003 切割
11:09:30.655 @ART004 0
11:09:30.657 @ART005 0
11:09:30.658 @ART006 
11:09:30.659 @ART007 
11:09:30.660 @ART009 
11:09:30.661 @ART010 否
11:09:30.662 @ART011 001
11:09:30.663 @ART012 0
11:09:30.664 @ART013 
11:09:30.712 违反了 PRIMARY KEY 约束 'PK_MIKART_1'。不能在对象 'dbo.MIKART' 中插入重复键。
语句已终止。
   在 System.Data.SqlClient.SqlConnection.OnError(SqlException exception, Boolean breakConnection, Action`1 wrapCloseInAction)
   在 System.Data.SqlClient.SqlInternalConnection.OnError(SqlException exception, Boolean breakConnection, Action`1 wrapCloseInAction)
   在 System.Data.SqlClient.TdsParser.ThrowExceptionAndWarning(TdsParserStateObject stateObj, Boolean callerHasConnectionLock, Boolean asyncClose)
   在 System.Data.SqlClient.TdsParser.TryRun(RunBehavior runBehavior, SqlCommand cmdHandler, SqlDataReader dataStream, BulkCopySimpleResultSet bulkCopyHandler, TdsParserStateObject stateObj, Boolean& dataReady)
   在 System.Data.SqlClient.SqlCommand.FinishExecuteReader(SqlDataReader ds, RunBehavior runBehavior, String resetOptionsString, Boolean isInternal, Boolean forDescribeParameterEncryption, Boolean shouldCacheForAlwaysEncrypted)
   在 System.Data.SqlClient.SqlCommand.RunExecuteReaderTds(CommandBehavior cmdBehavior, RunBehavior runBehavior, Boolean returnStream, Boolean async, Int32 timeout, Task& task, Boolean asyncWrite, Boolean inRetry, SqlDataReader ds, Boolean describeParameterEncryptionRequest)
   在 System.Data.SqlClient.SqlCommand.RunExecuteReader(CommandBehavior cmdBehavior, RunBehavior runBehavior, Boolean returnStream, String method, TaskCompletionSource`1 completion, Int32 timeout, Task& task, Boolean& usedCache, Boolean asyncWrite, Boolean inRetry)
   在 System.Data.SqlClient.SqlCommand.InternalExecuteNonQuery(TaskCompletionSource`1 completion, String methodName, Boolean sendToPipe, Int32 timeout, Boolean& usedCache, Boolean asyncWrite, Boolean inRetry)
   在 System.Data.SqlClient.SqlCommand.ExecuteNonQuery()
   在 StudentMgr.SqlHelper.ExecuteSqlTranDic(Dictionary`2 SQLString) 位置 D:\ProjectData\MiKe\LineProductMes\LineProductMesBll\SqlHelper.cs:行号 961
11:09:30.713 insert into MIKART(ART001,ART002,ART003,ART004,ART005,ART006,ART007,ART009,ART010,ART011,ART012,ART013) values (@ART001,@ART002,@ART003,@ART004,@ART005,@ART006,@ART007,@ART009,@ART010,@ART011,@ART012,@ART013)
11:10:01.687  异常信息：远程服务器返回错误: (404) 未找到。
  堆栈信息:   在 AutoUpdate.AppUpdate.DownloadFile(String url, String localFilePath) 位置 D:\ProjectData\MiKe\LineProductMes\LineProductMes\ClassForMain\AppUpdate.cs:行号 243
   在 AutoUpdate.AppUpdate.CheckAppVersion(String& msg) 位置 D:\ProjectData\MiKe\LineProductMes\LineProductMes\ClassForMain\AppUpdate.cs:行号 310
11:10:07.514 @EMP002 系统管理员
11:10:07.516 @EMP033 cebfd1559b68d67688884d7a3d3e8c
11:10:25.386 @ARS001 140038272
11:10:25.387 @ARS002 JKGJ08-麻艺空间
11:10:25.388 @ARS003 013
11:10:25.390 @ARS004 334*334*0.45mm
11:10:25.391 @ARS005 
11:10:25.392 @ARS006 PCS
11:10:25.393 @ARS007 M
11:10:25.394 @ARS008 0
11:10:25.396 @ARS009 0501
11:10:25.398 @ART001 140038272
11:10:25.400 @ART002 01
11:10:25.401 @ART003 冲压
11:10:25.402 @ART004 0
11:10:25.403 @ART005 0
11:10:25.405 @ART006 
11:10:25.406 @ART007 
11:10:25.407 @ART009 
11:10:25.408 @ART010 否
11:10:25.410 @ART011 001
11:10:25.411 @ART012 0
11:10:25.412 @ART013 
11:11:22.086  异常信息：远程服务器返回错误: (404) 未找到。
  堆栈信息:   在 AutoUpdate.AppUpdate.DownloadFile(String url, String localFilePath) 位置 D:\ProjectData\MiKe\LineProductMes\LineProductMes\ClassForMain\AppUpdate.cs:行号 243
   在 AutoUpdate.AppUpdate.CheckAppVersion(String& msg) 位置 D:\ProjectData\MiKe\LineProductMes\LineProductMes\ClassForMain\AppUpdate.cs:行号 310
11:12:23.050  异常信息：远程服务器返回错误: (404) 未找到。
  堆栈信息:   在 AutoUpdate.AppUpdate.DownloadFile(String url, String localFilePath) 位置 D:\ProjectData\MiKe\LineProductMes\LineProductMes\ClassForMain\AppUpdate.cs:行号 243
   在 AutoUpdate.AppUpdate.CheckAppVersion(String& msg) 位置 D:\ProjectData\MiKe\LineProductMes\LineProductMes\ClassForMain\AppUpdate.cs:行号 310
11:12:28.693 @EMP002 系统管理员
11:12:28.695 @EMP033 cebfd1559b68d67688884d7a3d3e8c
11:13:05.949  异常信息：远程服务器返回错误: (404) 未找到。
  堆栈信息:   在 AutoUpdate.AppUpdate.DownloadFile(String url, String localFilePath) 位置 D:\ProjectData\MiKe\LineProductMes\LineProductMes\ClassForMain\AppUpdate.cs:行号 243
   在 AutoUpdate.AppUpdate.CheckAppVersion(String& msg) 位置 D:\ProjectData\MiKe\LineProductMes\LineProductMes\ClassForMain\AppUpdate.cs:行号 310
11:13:10.703 @EMP002 系统管理员
11:13:10.704 @EMP033 cebfd1559b68d67688884d7a3d3e8c
11:13:26.518 @ARS001 201031112
11:13:26.519 @ARS002 F68灯光板
11:13:26.521 @ARS003 010
11:13:26.522 @ARS004 
11:13:26.523 @ARS005 透苯
11:13:26.524 @ARS006 PCS
11:13:26.525 @ARS007 M
11:13:26.527 @ARS008 0
11:13:26.528 @ARS009 0502
11:13:26.531 @ART001 201031112
11:13:26.533 @ART002 09
11:13:26.534 @ART003 注塑
11:13:26.535 @ART004 0
11:13:26.536 @ART005 0
11:13:26.537 @ART006 
11:13:26.538 @ART007 
11:13:26.539 @ART009 
11:13:26.541 @ART010 否
11:13:26.542 @ART011 001
11:13:26.543 @ART012 0
11:13:26.544 @ART013 
11:16:01.183  异常信息：远程服务器返回错误: (404) 未找到。
  堆栈信息:   在 AutoUpdate.AppUpdate.DownloadFile(String url, String localFilePath) 位置 D:\ProjectData\MiKe\LineProductMes\LineProductMes\ClassForMain\AppUpdate.cs:行号 243
   在 AutoUpdate.AppUpdate.CheckAppVersion(String& msg) 位置 D:\ProjectData\MiKe\LineProductMes\LineProductMes\ClassForMain\AppUpdate.cs:行号 310
11:16:07.265 @EMP002 系统管理员
11:16:07.266 @EMP033 cebfd1559b68d67688884d7a3d3e8c
11:16:28.342 @ARS001 140038272
11:16:28.344 @ARS008 0
11:16:28.349 @ART003 冲压
11:16:28.350 @ART004 0
11:16:28.351 @ART005 0
11:16:28.352 @ART006 
11:16:28.353 @ART007 
11:16:28.354 @ART009 
11:16:28.356 @ART010 否
11:16:28.357 @idx 1540
11:16:28.358 @ART002 01
11:16:28.359 @ART011 001
11:16:28.360 @ART012 0
11:16:28.361 @ART013 
11:18:12.883  异常信息：远程服务器返回错误: (404) 未找到。
  堆栈信息:   在 AutoUpdate.AppUpdate.DownloadFile(String url, String localFilePath) 位置 D:\ProjectData\MiKe\LineProductMes\LineProductMes\ClassForMain\AppUpdate.cs:行号 243
   在 AutoUpdate.AppUpdate.CheckAppVersion(String& msg) 位置 D:\ProjectData\MiKe\LineProductMes\LineProductMes\ClassForMain\AppUpdate.cs:行号 310
11:18:21.146 @EMP002 系统管理员
11:18:21.148 @EMP033 cebfd1559b68d67688884d7a3d3e8c
11:19:07.213 @ARS001 140038272
11:19:07.215 @ARS008 0
11:19:07.218 @ART003 冲压
11:19:07.220 @ART004 0
11:19:07.221 @ART005 0
11:19:07.222 @ART006 
11:19:07.224 @ART007 
11:19:07.225 @ART009 
11:19:07.226 @ART010 否
11:19:07.230 @idx 1540
11:19:07.232 @ART002 01
11:19:07.234 @ART011 001
11:19:07.235 @ART012 0
11:19:07.236 @ART013 
13:26:32.796  异常信息：远程服务器返回错误: (404) 未找到。
  堆栈信息:   在 AutoUpdate.AppUpdate.DownloadFile(String url, String localFilePath) 位置 D:\ProjectData\MiKe\LineProductMes\LineProductMes\ClassForMain\AppUpdate.cs:行号 243
   在 AutoUpdate.AppUpdate.CheckAppVersion(String& msg) 位置 D:\ProjectData\MiKe\LineProductMes\LineProductMes\ClassForMain\AppUpdate.cs:行号 310
13:26:59.051 @EMP002 系统管理员
13:26:59.053 @EMP033 cebfd1559b68d67688884d7a3d3e8c
13:30:06.386  异常信息：远程服务器返回错误: (404) 未找到。
  堆栈信息:   在 AutoUpdate.AppUpdate.DownloadFile(String url, String localFilePath) 位置 D:\ProjectData\MiKe\LineProductMes\LineProductMes\ClassForMain\AppUpdate.cs:行号 243
   在 AutoUpdate.AppUpdate.CheckAppVersion(String& msg) 位置 D:\ProjectData\MiKe\LineProductMes\LineProductMes\ClassForMain\AppUpdate.cs:行号 310
13:30:13.875 @EMP002 系统管理员
13:30:13.881 @EMP033 cebfd1559b68d67688884d7a3d3e8c
13:35:13.908  异常信息：远程服务器返回错误: (404) 未找到。
  堆栈信息:   在 AutoUpdate.AppUpdate.DownloadFile(String url, String localFilePath) 位置 D:\ProjectData\MiKe\LineProductMes\LineProductMes\ClassForMain\AppUpdate.cs:行号 243
   在 AutoUpdate.AppUpdate.CheckAppVersion(String& msg) 位置 D:\ProjectData\MiKe\LineProductMes\LineProductMes\ClassForMain\AppUpdate.cs:行号 310
13:35:27.701 @EMP002 系统管理员
13:35:27.704 @EMP033 cebfd1559b68d67688884d7a3d3e8c
13:40:38.005  异常信息：远程服务器返回错误: (404) 未找到。
  堆栈信息:   在 AutoUpdate.AppUpdate.DownloadFile(String url, String localFilePath) 位置 D:\ProjectData\MiKe\LineProductMes\LineProductMes\ClassForMain\AppUpdate.cs:行号 243
   在 AutoUpdate.AppUpdate.CheckAppVersion(String& msg) 位置 D:\ProjectData\MiKe\LineProductMes\LineProductMes\ClassForMain\AppUpdate.cs:行号 310
13:40:48.085 @EMP002 系统管理员
13:40:48.087 @EMP033 cebfd1559b68d67688884d7a3d3e8c
13:51:29.902  异常信息：远程服务器返回错误: (404) 未找到。
  堆栈信息:   在 AutoUpdate.AppUpdate.DownloadFile(String url, String localFilePath) 位置 D:\ProjectData\MiKe\LineProductMes\LineProductMes\ClassForMain\AppUpdate.cs:行号 243
   在 AutoUpdate.AppUpdate.CheckAppVersion(String& msg) 位置 D:\ProjectData\MiKe\LineProductMes\LineProductMes\ClassForMain\AppUpdate.cs:行号 310
13:51:40.568 @EMP002 系统管理员
13:51:40.572 @EMP033 cebfd1559b68d67688884d7a3d3e8c
13:52:26.720  异常信息：远程服务器返回错误: (404) 未找到。
  堆栈信息:   在 AutoUpdate.AppUpdate.DownloadFile(String url, String localFilePath) 位置 D:\ProjectData\MiKe\LineProductMes\LineProductMes\ClassForMain\AppUpdate.cs:行号 243
   在 AutoUpdate.AppUpdate.CheckAppVersion(String& msg) 位置 D:\ProjectData\MiKe\LineProductMes\LineProductMes\ClassForMain\AppUpdate.cs:行号 310
13:52:31.497 @EMP002 系统管理员
13:52:31.499 @EMP033 cebfd1559b68d67688884d7a3d3e8c
