13:49:36.448 @EMP002 系统管理员
13:49:36.448 @EMP033 cebfd1559b68d67688884d7a3d3e8c
13:50:04.482 @PRG005 1线
13:50:04.482 @PRG006 100
13:50:04.482 @PRG001 TCLNS-08D006
13:50:04.482 @PRG002 2018/8/2 0:00:00
13:50:04.482 @PRG004 050701
13:50:04.497 @PRG005 2线
13:50:04.497 @PRG006 100
13:50:04.497 @PRG001 TCLNS-08D006
13:50:04.497 @PRG002 2018/8/2 0:00:00
13:50:04.497 @PRG004 050702
13:50:04.497 @PRG005 3线
13:50:04.497 @PRG006 100
13:50:04.497 @PRG001 TCLNS-08D006
13:50:04.497 @PRG002 2018/8/2 0:00:00
13:50:04.513 @PRG004 050703
13:50:04.513 @PRG005 4线
13:50:04.513 @PRG006 100
13:50:04.513 @PRG001 TCLNS-08D006
13:50:04.513 @PRG002 2018/8/2 0:00:00
13:50:04.513 @PRG004 050704
13:50:04.513 @PRG005 5线
13:50:04.528 @PRG006 100
13:50:04.528 @PRG001 TCLNS-08D006
13:50:04.528 @PRG002 2018/8/2 0:00:00
13:50:04.528 @PRG004 050705
13:50:04.528 @PRG005 6线
13:50:04.528 @PRG006 100
13:50:04.528 @PRG001 TCLNS-08D006
13:50:04.528 @PRG002 2018/8/2 0:00:00
13:50:04.528 @PRG004 050706
13:50:04.528 @PRG005 7线
13:50:04.544 @PRG006 100
13:50:04.544 @PRG001 TCLNS-08D006
13:50:04.544 @PRG002 2018/8/2 0:00:00
13:50:04.544 @PRG004 050707
13:50:04.544 @PRG005 1线
13:50:04.544 @PRG006 20
13:50:04.544 @PRG001 TCLNS-08D006
13:50:04.544 @PRG002 2018/8/3 0:00:00
13:50:04.544 @PRG004 050701
13:50:04.544 @PRG005 2线
13:50:04.560 @PRG006 20
13:50:04.560 @PRG001 TCLNS-08D006
13:50:04.560 @PRG002 2018/8/3 0:00:00
13:50:04.560 @PRG004 050702
13:50:04.560 @PRG005 3线
13:50:04.560 @PRG006 20
13:50:04.560 @PRG001 TCLNS-08D006
13:50:04.560 @PRG002 2018/8/3 0:00:00
13:50:04.560 @PRG004 050703
13:50:04.560 @PRG005 4线
13:50:04.575 @PRG006 20
13:50:04.575 @PRG001 TCLNS-08D006
13:50:04.575 @PRG002 2018/8/3 0:00:00
13:50:04.575 @PRG004 050704
13:50:04.575 @PRG005 5线
13:50:04.575 @PRG006 20
13:50:04.575 @PRG001 TCLNS-08D006
13:50:04.575 @PRG002 2018/8/3 0:00:00
13:50:04.575 @PRG004 050705
13:50:04.575 @PRG005 6线
13:50:04.591 @PRG006 20
13:50:04.591 @PRG001 TCLNS-08D006
13:50:04.591 @PRG002 2018/8/3 0:00:00
13:50:04.591 @PRG004 050706
13:50:04.591 @PRG005 7线
13:50:04.591 @PRG006 20
13:50:04.591 @PRG001 TCLNS-08D006
13:50:04.591 @PRG002 2018/8/3 0:00:00
13:50:04.591 @PRG004 050707
13:50:04.591 @PRG005 1线
13:50:04.606 @PRG006 100
13:50:04.606 @PRG001 TCLNS-08D006
13:50:04.606 @PRG002 2018/8/4 0:00:00
13:50:04.606 @PRG004 050701
13:50:04.606 @PRG005 2线
13:50:04.606 @PRG006 100
13:50:04.606 @PRG001 TCLNS-08D006
13:50:04.606 @PRG002 2018/8/4 0:00:00
13:50:04.606 @PRG004 050702
13:50:04.606 @PRG005 3线
13:50:04.622 @PRG006 100
13:50:04.622 @PRG001 TCLNS-08D006
13:50:04.622 @PRG002 2018/8/4 0:00:00
13:50:04.622 @PRG004 050703
13:50:04.622 @PRG005 4线
13:50:04.622 @PRG006 100
13:50:04.622 @PRG001 TCLNS-08D006
13:50:04.622 @PRG002 2018/8/4 0:00:00
13:50:04.622 @PRG004 050704
13:50:04.622 @PRG005 5线
13:50:04.638 @PRG006 100
13:50:04.638 @PRG001 TCLNS-08D006
13:50:04.638 @PRG002 2018/8/4 0:00:00
13:50:04.638 @PRG004 050705
13:50:04.638 @PRG005 6线
13:50:04.638 @PRG006 100
13:50:04.638 @PRG001 TCLNS-08D006
13:50:04.638 @PRG002 2018/8/4 0:00:00
13:50:04.638 @PRG004 050706
13:50:04.638 @PRG005 7线
13:50:04.638 @PRG006 100
13:50:04.653 @PRG001 TCLNS-08D006
13:50:04.653 @PRG002 2018/8/4 0:00:00
13:50:04.653 @PRG004 050707
13:50:04.653 @PRG005 1线
13:50:04.653 @PRG006 100
13:50:04.653 @PRG001 TCLNS-08D006
13:50:04.653 @PRG002 2018/8/5 0:00:00
13:50:04.653 @PRG004 050701
13:50:04.653 @PRG005 2线
13:50:04.653 @PRG006 100
13:50:04.669 @PRG001 TCLNS-08D006
13:50:04.669 @PRG002 2018/8/5 0:00:00
13:50:04.669 @PRG004 050702
13:50:04.669 @PRG005 3线
13:50:04.669 @PRG006 100
13:50:04.669 @PRG001 TCLNS-08D006
13:50:04.669 @PRG002 2018/8/5 0:00:00
13:50:04.669 @PRG004 050703
13:50:04.669 @PRG005 4线
13:50:04.669 @PRG006 100
13:50:04.684 @PRG001 TCLNS-08D006
13:50:04.684 @PRG002 2018/8/5 0:00:00
13:50:04.684 @PRG004 050704
13:50:04.684 @PRG005 5线
13:50:04.684 @PRG006 100
13:50:04.684 @PRG001 TCLNS-08D006
13:50:04.684 @PRG002 2018/8/5 0:00:00
13:50:04.684 @PRG004 050705
13:50:04.684 @PRG005 6线
13:50:04.684 @PRG006 100
13:50:04.700 @PRG001 TCLNS-08D006
13:50:04.700 @PRG002 2018/8/5 0:00:00
13:50:04.700 @PRG004 050706
13:50:04.700 @PRG005 7线
13:50:04.700 @PRG006 100
13:50:04.700 @PRG001 TCLNS-08D006
13:50:04.700 @PRG002 2018/8/5 0:00:00
13:50:04.700 @PRG004 050707
13:50:04.700 @PRG005 1线
13:50:04.700 @PRG006 40
13:50:04.700 @PRG001 TCLNS-08D006
13:50:04.716 @PRG002 2018/8/6 0:00:00
13:50:04.716 @PRG004 050701
13:50:04.716 @PRG005 2线
13:50:04.716 @PRG006 40
13:50:04.716 @PRG001 TCLNS-08D006
13:50:04.716 @PRG002 2018/8/6 0:00:00
13:50:04.716 @PRG004 050702
13:50:04.716 @PRG005 3线
13:50:04.716 @PRG006 40
13:50:04.716 @PRG001 TCLNS-08D006
13:50:04.716 @PRG002 2018/8/6 0:00:00
13:50:04.731 @PRG004 050703
13:50:04.731 @PRG005 4线
13:50:04.731 @PRG006 40
13:50:04.731 @PRG001 TCLNS-08D006
13:50:04.731 @PRG002 2018/8/6 0:00:00
13:50:04.731 @PRG004 050704
13:50:04.731 @PRG005 5线
13:50:04.731 @PRG006 40
13:50:04.731 @PRG001 TCLNS-08D006
13:50:04.731 @PRG002 2018/8/6 0:00:00
13:50:04.747 @PRG004 050705
13:50:04.747 @PRG005 6线
13:50:04.747 @PRG006 40
13:50:04.747 @PRG001 TCLNS-08D006
13:50:04.747 @PRG002 2018/8/6 0:00:00
13:50:04.747 @PRG004 050706
13:50:04.747 @PRG005 7线
13:50:04.747 @PRG006 40
13:50:04.747 @PRG001 TCLNS-08D006
13:50:04.747 @PRG002 2018/8/6 0:00:00
13:50:04.762 @PRG004 050707
13:50:04.762 @PRG005 1线
13:50:04.762 @PRG006 100
13:50:04.762 @PRG001 TCLNS-11Y3B20-T
13:50:04.762 @PRG002 2018/8/7 0:00:00
13:50:04.762 @PRG004 050701
13:50:04.762 @PRG005 2线
13:50:04.762 @PRG006 100
13:50:04.762 @PRG001 TCLNS-11Y3B20-T
13:50:04.762 @PRG002 2018/8/7 0:00:00
13:50:04.762 @PRG004 050702
13:50:04.778 @PRG005 3线
13:50:04.778 @PRG006 100
13:50:04.778 @PRG001 TCLNS-11Y3B20-T
13:50:04.778 @PRG002 2018/8/7 0:00:00
13:50:04.778 @PRG004 050703
13:50:04.778 @PRG005 4线
13:50:04.778 @PRG006 100
13:50:04.778 @PRG001 TCLNS-11Y3B20-T
13:50:04.778 @PRG002 2018/8/7 0:00:00
13:50:04.778 @PRG004 050704
13:50:04.794 @PRG005 5线
13:50:04.794 @PRG006 100
13:50:04.794 @PRG001 TCLNS-11Y3B20-T
13:50:04.794 @PRG002 2018/8/7 0:00:00
13:50:04.794 @PRG004 050705
13:50:04.794 @PRG005 6线
13:50:04.794 @PRG006 100
13:50:04.794 @PRG001 TCLNS-11Y3B20-T
13:50:04.794 @PRG002 2018/8/7 0:00:00
13:50:04.794 @PRG004 050706
13:50:04.809 @PRG005 7线
13:50:04.809 @PRG006 100
13:50:04.809 @PRG001 TCLNS-11Y3B20-T
13:50:04.809 @PRG002 2018/8/7 0:00:00
13:50:04.809 @PRG004 050707
13:50:04.809 @PRG005 1线
13:50:04.809 @PRG006 100
13:50:04.809 @PRG001 TCLNS-11Y3B20-T
13:50:04.809 @PRG002 2018/8/8 0:00:00
13:50:04.809 @PRG004 050701
13:50:04.809 @PRG005 2线
13:50:04.825 @PRG006 100
13:50:04.825 @PRG001 TCLNS-11Y3B20-T
13:50:04.825 @PRG002 2018/8/8 0:00:00
13:50:04.825 @PRG004 050702
13:50:04.825 @PRG005 3线
13:50:04.825 @PRG006 100
13:50:04.825 @PRG001 TCLNS-11Y3B20-T
13:50:04.825 @PRG002 2018/8/8 0:00:00
13:50:04.825 @PRG004 050703
13:50:04.825 @PRG005 4线
13:50:04.825 @PRG006 100
13:50:04.840 @PRG001 TCLNS-11Y3B20-T
13:50:04.840 @PRG002 2018/8/8 0:00:00
13:50:04.840 @PRG004 050704
13:50:04.840 @PRG005 5线
13:50:04.840 @PRG006 100
13:50:04.840 @PRG001 TCLNS-11Y3B20-T
13:50:04.840 @PRG002 2018/8/8 0:00:00
13:50:04.840 @PRG004 050705
13:50:04.856 @PRG005 6线
13:50:04.856 @PRG006 100
13:50:04.856 @PRG001 TCLNS-11Y3B20-T
13:50:04.856 @PRG002 2018/8/8 0:00:00
13:50:04.856 @PRG004 050706
13:50:04.856 @PRG005 7线
13:50:04.856 @PRG006 100
13:50:04.856 @PRG001 TCLNS-11Y3B20-T
13:50:04.856 @PRG002 2018/8/8 0:00:00
13:50:04.872 @PRG004 050707
13:50:04.872 @PRG005 1线
13:50:04.872 @PRG006 100
13:50:04.872 @PRG001 TCLNS-11Y3B20-T
13:50:04.872 @PRG002 2018/8/9 0:00:00
13:50:04.872 @PRG004 050701
13:50:04.872 @PRG005 2线
13:50:04.872 @PRG006 100
13:50:04.872 @PRG001 TCLNS-11Y3B20-T
13:50:04.872 @PRG002 2018/8/9 0:00:00
13:50:04.872 @PRG004 050702
13:50:04.887 @PRG005 3线
13:50:04.887 @PRG006 100
13:50:04.887 @PRG001 TCLNS-11Y3B20-T
13:50:04.887 @PRG002 2018/8/9 0:00:00
13:50:04.887 @PRG004 050703
13:50:04.887 @PRG005 4线
13:50:04.887 @PRG006 100
13:50:04.887 @PRG001 TCLNS-11Y3B20-T
13:50:04.887 @PRG002 2018/8/9 0:00:00
13:50:04.887 @PRG004 050704
13:50:04.903 @PRG005 5线
13:50:04.903 @PRG006 100
13:50:04.903 @PRG001 TCLNS-11Y3B20-T
13:50:04.903 @PRG002 2018/8/9 0:00:00
13:50:04.903 @PRG004 050705
13:50:04.903 @PRG005 6线
13:50:04.903 @PRG006 100
13:50:04.903 @PRG001 TCLNS-11Y3B20-T
13:50:04.903 @PRG002 2018/8/9 0:00:00
13:50:04.903 @PRG004 050706
13:50:04.903 @PRG005 7线
13:50:04.918 @PRG006 100
13:50:04.918 @PRG001 TCLNS-11Y3B20-T
13:50:04.918 @PRG002 2018/8/9 0:00:00
13:50:04.918 @PRG004 050707
13:50:04.918 @PRG005 1线
13:50:04.918 @PRG006 100
13:50:04.918 @PRG001 TCLNS-11Y3B20-T
13:50:04.918 @PRG002 2018/8/10 0:00:00
13:50:04.918 @PRG004 050701
13:50:04.918 @PRG005 2线
13:50:04.934 @PRG006 100
13:50:04.934 @PRG001 TCLNS-11Y3B20-T
13:50:04.934 @PRG002 2018/8/10 0:00:00
13:50:04.934 @PRG004 050702
13:50:04.934 @PRG005 3线
13:50:04.934 @PRG006 100
13:50:04.934 @PRG001 TCLNS-11Y3B20-T
13:50:04.934 @PRG002 2018/8/10 0:00:00
13:50:04.934 @PRG004 050703
13:50:04.934 @PRG005 4线
13:50:04.934 @PRG006 100
13:50:04.950 @PRG001 TCLNS-11Y3B20-T
13:50:04.950 @PRG002 2018/8/10 0:00:00
13:50:04.950 @PRG004 050704
13:50:04.950 @PRG005 5线
13:50:04.950 @PRG006 100
13:50:04.950 @PRG001 TCLNS-11Y3B20-T
13:50:04.950 @PRG002 2018/8/10 0:00:00
13:50:04.950 @PRG004 050705
13:50:04.950 @PRG005 6线
13:50:04.950 @PRG006 100
13:50:04.950 @PRG001 TCLNS-11Y3B20-T
13:50:04.950 @PRG002 2018/8/10 0:00:00
13:50:04.965 @PRG004 050706
13:50:04.965 @PRG005 7线
13:50:04.965 @PRG006 100
13:50:04.965 @PRG001 TCLNS-11Y3B20-T
13:50:04.965 @PRG002 2018/8/10 0:00:00
13:50:04.965 @PRG004 050707
13:50:04.965 @PRG005 1线
13:50:04.965 @PRG006 100
13:50:04.965 @PRG001 TCLNS-11Y3B20-T
13:50:04.965 @PRG002 2018/8/11 0:00:00
13:50:04.965 @PRG004 050701
13:50:04.981 @PRG005 2线
13:50:04.981 @PRG006 100
13:50:04.981 @PRG001 TCLNS-11Y3B20-T
13:50:04.981 @PRG002 2018/8/11 0:00:00
13:50:04.981 @PRG004 050702
13:50:04.981 @PRG005 3线
13:50:04.981 @PRG006 100
13:50:04.981 @PRG001 TCLNS-11Y3B20-T
13:50:04.981 @PRG002 2018/8/11 0:00:00
13:50:04.981 @PRG004 050703
13:50:04.981 @PRG005 4线
13:50:04.996 @PRG006 100
13:50:04.996 @PRG001 TCLNS-11Y3B20-T
13:50:04.996 @PRG002 2018/8/11 0:00:00
13:50:04.996 @PRG004 050704
13:50:04.996 @PRG005 5线
13:50:04.996 @PRG006 100
13:50:04.996 @PRG001 TCLNS-11Y3B20-T
13:50:04.996 @PRG002 2018/8/11 0:00:00
13:50:04.996 @PRG004 050705
13:50:04.996 @PRG005 6线
13:50:04.996 @PRG006 100
13:50:05.012 @PRG001 TCLNS-11Y3B20-T
13:50:05.012 @PRG002 2018/8/11 0:00:00
13:50:05.012 @PRG004 050706
13:50:05.012 @PRG005 7线
13:50:05.012 @PRG006 100
13:50:05.012 @PRG001 TCLNS-11Y3B20-T
13:50:05.012 @PRG002 2018/8/11 0:00:00
13:50:05.012 @PRG004 050707
13:50:05.012 @PRG005 1线
13:50:05.012 @PRG006 100
13:50:05.012 @PRG001 TCLNS-11Y3B20-T
13:50:05.012 @PRG002 2018/8/12 0:00:00
13:50:05.012 @PRG004 050701
13:50:05.028 @PRG005 2线
13:50:05.028 @PRG006 100
13:50:05.028 @PRG001 TCLNS-11Y3B20-T
13:50:05.028 @PRG002 2018/8/12 0:00:00
13:50:05.028 @PRG004 050702
13:50:05.028 @PRG005 3线
13:50:05.028 @PRG006 100
13:50:05.028 @PRG001 TCLNS-11Y3B20-T
13:50:05.028 @PRG002 2018/8/12 0:00:00
13:50:05.028 @PRG004 050703
13:50:05.028 @PRG005 4线
13:50:05.028 @PRG006 100
13:50:05.043 @PRG001 TCLNS-11Y3B20-T
13:50:05.043 @PRG002 2018/8/12 0:00:00
13:50:05.043 @PRG004 050704
13:50:05.043 @PRG005 5线
13:50:05.043 @PRG006 100
13:50:05.043 @PRG001 TCLNS-11Y3B20-T
13:50:05.043 @PRG002 2018/8/12 0:00:00
13:50:05.043 @PRG004 050705
13:50:05.043 @PRG005 6线
13:50:05.043 @PRG006 100
13:50:05.043 @PRG001 TCLNS-11Y3B20-T
13:50:05.043 @PRG002 2018/8/12 0:00:00
13:50:05.059 @PRG004 050706
13:50:05.059 @PRG005 7线
13:50:05.059 @PRG006 100
13:50:05.059 @PRG001 TCLNS-11Y3B20-T
13:50:05.059 @PRG002 2018/8/12 0:00:00
13:50:05.059 @PRG004 050707
13:50:05.059 @PRG005 1线
13:50:05.059 @PRG006 100
13:50:05.059 @PRG001 TCLNS-11Y3B20-T
13:50:05.059 @PRG002 2018/8/13 0:00:00
13:50:05.059 @PRG004 050701
13:50:05.059 @PRG005 2线
13:50:05.074 @PRG006 100
13:50:05.074 @PRG001 TCLNS-11Y3B20-T
13:50:05.074 @PRG002 2018/8/13 0:00:00
13:50:05.074 @PRG004 050702
13:50:05.074 @PRG005 3线
13:50:05.074 @PRG006 100
13:50:05.074 @PRG001 TCLNS-11Y3B20-T
13:50:05.074 @PRG002 2018/8/13 0:00:00
13:50:05.074 @PRG004 050703
13:50:05.074 @PRG005 4线
13:50:05.074 @PRG006 100
13:50:05.074 @PRG001 TCLNS-11Y3B20-T
13:50:05.090 @PRG002 2018/8/13 0:00:00
13:50:05.090 @PRG004 050704
13:50:05.090 @PRG005 5线
13:50:05.090 @PRG006 100
13:50:05.090 @PRG001 TCLNS-11Y3B20-T
13:50:05.090 @PRG002 2018/8/13 0:00:00
13:50:05.090 @PRG004 050705
13:50:05.090 @PRG005 6线
13:50:05.090 @PRG006 100
13:50:05.090 @PRG001 TCLNS-11Y3B20-T
13:50:05.090 @PRG002 2018/8/13 0:00:00
13:50:05.090 @PRG004 050706
13:50:05.106 @PRG005 7线
13:50:05.106 @PRG006 100
13:50:05.106 @PRG001 TCLNS-11Y3B20-T
13:50:05.106 @PRG002 2018/8/13 0:00:00
13:50:05.106 @PRG004 050707
13:50:05.106 @PRG005 1线
13:50:05.106 @PRG006 100
13:50:05.106 @PRG001 TCLNS-11Y3B20-T
13:50:05.106 @PRG002 2018/8/14 0:00:00
13:50:05.106 @PRG004 050701
13:50:05.106 @PRG005 2线
13:50:05.121 @PRG006 100
13:50:05.121 @PRG001 TCLNS-11Y3B20-T
13:50:05.121 @PRG002 2018/8/14 0:00:00
13:50:05.121 @PRG004 050702
13:50:05.121 @PRG005 3线
13:50:05.121 @PRG006 100
13:50:05.121 @PRG001 TCLNS-11Y3B20-T
13:50:05.121 @PRG002 2018/8/14 0:00:00
13:50:05.121 @PRG004 050703
13:50:05.121 @PRG005 4线
13:50:05.121 @PRG006 100
13:50:05.121 @PRG001 TCLNS-11Y3B20-T
13:50:05.137 @PRG002 2018/8/14 0:00:00
13:50:05.137 @PRG004 050704
13:50:05.137 @PRG005 5线
13:50:05.137 @PRG006 100
13:50:05.137 @PRG001 TCLNS-11Y3B20-T
13:50:05.137 @PRG002 2018/8/14 0:00:00
13:50:05.137 @PRG004 050705
13:50:05.137 @PRG005 6线
13:50:05.137 @PRG006 100
13:50:05.137 @PRG001 TCLNS-11Y3B20-T
13:50:05.137 @PRG002 2018/8/14 0:00:00
13:50:05.137 @PRG004 050706
13:50:05.152 @PRG005 7线
13:50:05.152 @PRG006 100
13:50:05.152 @PRG001 TCLNS-11Y3B20-T
13:50:05.152 @PRG002 2018/8/14 0:00:00
13:50:05.152 @PRG004 050707
13:50:05.152 @PRG005 1线
13:50:05.152 @PRG006 100
13:50:05.152 @PRG001 TCLNS-11Y3B20-T
13:50:05.152 @PRG002 2018/8/15 0:00:00
13:50:05.152 @PRG004 050701
13:50:05.152 @PRG005 2线
13:50:05.152 @PRG006 100
13:50:05.168 @PRG001 TCLNS-11Y3B20-T
13:50:05.168 @PRG002 2018/8/15 0:00:00
13:50:05.168 @PRG004 050702
13:50:05.168 @PRG005 3线
13:50:05.168 @PRG006 100
13:50:05.168 @PRG001 TCLNS-11Y3B20-T
13:50:05.168 @PRG002 2018/8/15 0:00:00
13:50:05.168 @PRG004 050703
13:50:05.168 @PRG005 4线
13:50:05.168 @PRG006 100
13:50:05.168 @PRG001 TCLNS-11Y3B20-T
13:50:05.168 @PRG002 2018/8/15 0:00:00
13:50:05.184 @PRG004 050704
13:50:05.184 @PRG005 5线
13:50:05.184 @PRG006 100
13:50:05.184 @PRG001 TCLNS-11Y3B20-T
13:50:05.184 @PRG002 2018/8/15 0:00:00
13:50:05.184 @PRG004 050705
13:50:05.184 @PRG005 6线
13:50:05.184 @PRG006 100
13:50:05.184 @PRG001 TCLNS-11Y3B20-T
13:50:05.184 @PRG002 2018/8/15 0:00:00
13:50:05.184 @PRG004 050706
13:50:05.215 @PRG005 7线
13:50:05.215 @PRG006 100
13:50:05.215 @PRG001 TCLNS-11Y3B20-T
13:50:05.215 @PRG002 2018/8/15 0:00:00
13:50:05.215 @PRG004 050707
13:50:05.215 @PRG005 1线
13:50:05.215 @PRG006 100
13:50:05.215 @PRG001 TCLNS-11Y3B20-T
13:50:05.215 @PRG002 2018/8/16 0:00:00
13:50:05.215 @PRG004 050701
13:50:05.215 @PRG005 2线
13:50:05.230 @PRG006 100
13:50:05.230 @PRG001 TCLNS-11Y3B20-T
13:50:05.230 @PRG002 2018/8/16 0:00:00
13:50:05.230 @PRG004 050702
13:50:05.230 @PRG005 3线
13:50:05.230 @PRG006 100
13:50:05.230 @PRG001 TCLNS-11Y3B20-T
13:50:05.230 @PRG002 2018/8/16 0:00:00
13:50:05.230 @PRG004 050703
13:50:05.230 @PRG005 4线
13:50:05.230 @PRG006 100
13:50:05.246 @PRG001 TCLNS-11Y3B20-T
13:50:05.246 @PRG002 2018/8/16 0:00:00
13:50:05.246 @PRG004 050704
13:50:05.246 @PRG005 5线
13:50:05.246 @PRG006 100
13:50:05.246 @PRG001 TCLNS-11Y3B20-T
13:50:05.246 @PRG002 2018/8/16 0:00:00
13:50:05.246 @PRG004 050705
13:50:05.246 @PRG005 6线
13:50:05.262 @PRG006 100
13:50:05.262 @PRG001 TCLNS-11Y3B20-T
13:50:05.262 @PRG002 2018/8/16 0:00:00
13:50:05.262 @PRG004 050706
13:50:05.262 @PRG005 7线
13:50:05.262 @PRG006 100
13:50:05.262 @PRG001 TCLNS-11Y3B20-T
13:50:05.262 @PRG002 2018/8/16 0:00:00
13:50:05.262 @PRG004 050707
13:56:34.690 @EMP002 系统管理员
13:56:34.690 @EMP033 cebfd1559b68d67688884d7a3d3e8c
15:16:05.334 @EMP002 系统管理员
15:16:05.336 @EMP033 cebfd1559b68d67688884d7a3d3e8c
15:17:53.730 @EMP002 系统管理员
15:17:53.733 @EMP033 cebfd1559b68d67688884d7a3d3e8c
15:18:46.559 @EMP002 系统管理员
15:18:46.561 @EMP033 cebfd1559b68d67688884d7a3d3e8c
15:21:40.956 @EMP002 系统管理员
15:21:40.961 @EMP033 cebfd1559b68d67688884d7a3d3e8c
16:31:47.639 @EMP002 系统管理员
16:31:47.641 @EMP033 cebfd1559b68d67688884d7a3d3e8c
16:32:42.627 @ARS001 140038299
16:32:42.629 @ARS002 JBYK01-抗油污亚光白
16:32:42.629 @ARS003 013
16:32:42.629 @ARS004 334*334*0.5mm
16:32:42.629 @ARS005 
16:32:42.632 @ARS006 PCS
16:32:42.632 @ARS007 M
16:32:42.632 @ARS008 0
16:32:42.634 @ARS009 0501
16:32:42.637 @ART001 140038299
16:32:42.639 @ART002 01
16:32:42.639 @ART003 冲压
16:32:42.639 @ART004 1
16:32:42.642 @ART005 1
16:32:42.642 @ART006 1001
16:32:42.642 @ART007 1号刨床
16:32:42.642 @ART009 
16:32:42.644 @ART010 
16:32:42.644 @ART011 001
16:32:42.644 @ART012 2
16:32:42.649 @ART001 140038299
16:32:42.652 @ART002 08
16:32:42.652 @ART003 切割
16:32:42.652 @ART004 2
16:32:42.654 @ART005 1
16:32:42.654 @ART006 1001
16:32:42.654 @ART007 1号刨床
16:32:42.657 @ART009 
16:32:42.657 @ART010 
16:32:42.657 @ART011 002
16:32:42.659 @ART012 2
16:32:42.662 @ART001 140038299
16:32:42.662 @ART002 01
16:32:42.662 @ART003 冲压
16:32:42.664 @ART004 3
16:32:42.664 @ART005 1
16:32:42.664 @ART006 1001
16:32:42.667 @ART007 1号刨床
16:32:42.667 @ART009 
16:32:42.667 @ART010 
16:32:42.669 @ART011 003
16:32:42.669 @ART012 2
16:33:57.230 @EMP002 系统管理员
16:33:57.233 @EMP033 cebfd1559b68d67688884d7a3d3e8c
16:35:31.303 @EMP002 系统管理员
16:35:31.303 @EMP033 cebfd1559b68d67688884d7a3d3e8c
16:36:58.342 @EMP002 系统管理员
16:36:58.347 @EMP033 cebfd1559b68d67688884d7a3d3e8c
16:38:23.839 @EMP002 系统管理员
16:38:23.842 @EMP033 cebfd1559b68d67688884d7a3d3e8c
16:39:55.990 @EMP002 系统管理员
16:39:55.993 @EMP033 cebfd1559b68d67688884d7a3d3e8c
16:41:25.817 @EMP002 系统管理员
16:41:25.822 @EMP033 cebfd1559b68d67688884d7a3d3e8c
16:43:17.278 @EMP002 系统管理员
16:43:17.293 @EMP033 cebfd1559b68d67688884d7a3d3e8c
16:44:33.501 @EMP002 系统管理员
16:44:33.517 @EMP033 cebfd1559b68d67688884d7a3d3e8c
16:46:42.161 @EMP002 系统管理员
16:46:42.161 @EMP033 cebfd1559b68d67688884d7a3d3e8c
16:52:33.698 @EMP002 系统管理员
16:52:33.698 @EMP033 cebfd1559b68d67688884d7a3d3e8c
16:54:07.268 @ARS001 140038273
16:54:07.268 @ARS002 JKGJ09-四度空间
16:54:07.268 @ARS003 013
16:54:07.268 @ARS004 334*334*0.5mm
16:54:07.268 @ARS005 
16:54:07.268 @ARS006 PCS
16:54:07.283 @ARS007 M
16:54:07.283 @ARS008 0
16:54:07.283 @ARS009 0501
16:54:07.283 @ARU001 140038273
16:54:07.283 @ARU002 001
16:54:07.283 @ARU003 100002
16:54:07.299 @ARU004 2号模具
16:54:07.299 @ARU005 
16:54:07.346 INSERT 语句与 FOREIGN KEY 约束"FK_MIKARU_MIKART"冲突。该冲突发生于数据库"MIKE"，表"dbo.MIKART"。
语句已终止。
   在 System.Data.SqlClient.SqlConnection.OnError(SqlException exception, Boolean breakConnection, Action`1 wrapCloseInAction)
   在 System.Data.SqlClient.SqlInternalConnection.OnError(SqlException exception, Boolean breakConnection, Action`1 wrapCloseInAction)
   在 System.Data.SqlClient.TdsParser.ThrowExceptionAndWarning(TdsParserStateObject stateObj, Boolean callerHasConnectionLock, Boolean asyncClose)
   在 System.Data.SqlClient.TdsParser.TryRun(RunBehavior runBehavior, SqlCommand cmdHandler, SqlDataReader dataStream, BulkCopySimpleResultSet bulkCopyHandler, TdsParserStateObject stateObj, Boolean& dataReady)
   在 System.Data.SqlClient.SqlCommand.FinishExecuteReader(SqlDataReader ds, RunBehavior runBehavior, String resetOptionsString, Boolean isInternal, Boolean forDescribeParameterEncryption)
   在 System.Data.SqlClient.SqlCommand.RunExecuteReaderTds(CommandBehavior cmdBehavior, RunBehavior runBehavior, Boolean returnStream, Boolean async, Int32 timeout, Task& task, Boolean asyncWrite, Boolean inRetry, SqlDataReader ds, Boolean describeParameterEncryptionRequest)
   在 System.Data.SqlClient.SqlCommand.RunExecuteReader(CommandBehavior cmdBehavior, RunBehavior runBehavior, Boolean returnStream, String method, TaskCompletionSource`1 completion, Int32 timeout, Task& task, Boolean& usedCache, Boolean asyncWrite, Boolean inRetry)
   在 System.Data.SqlClient.SqlCommand.InternalExecuteNonQuery(TaskCompletionSource`1 completion, String methodName, Boolean sendToPipe, Int32 timeout, Boolean& usedCache, Boolean asyncWrite, Boolean inRetry)
   在 System.Data.SqlClient.SqlCommand.ExecuteNonQuery()
   在 StudentMgr.SqlHelper.ExecuteSqlTranDic(Dictionary`2 SQLString) 位置 D:\ProjectData\MiKe\LineProductMes\LineProductMesBll\SqlHelper.cs:行号 961
16:54:07.346 insert into MIKARU(ARU001,ARU002,ARU003,ARU004,ARU005) values (@ARU001,@ARU002,@ARU003,@ARU004,@ARU005)
16:54:48.290 @EMP002 系统管理员
16:54:48.290 @EMP033 cebfd1559b68d67688884d7a3d3e8c
16:56:53.333 @ARS001 140019502
16:56:53.333 @ARS002 JCKB-GT-DS-D005
16:56:53.333 @ARS003 013
16:56:53.333 @ARS004 334*334*0.5mm
16:56:53.333 @ARS005 
16:56:53.333 @ARS006 PCS
16:56:53.333 @ARS007 M
16:56:53.333 @ARS008 0
16:56:53.333 @ARS009 0503
16:56:59.110 @ARU001 140019502
16:56:59.114 @ARU002 001
16:56:59.116 @ARU003 100002
16:56:59.117 @ARU004 2号模具
16:56:59.119 @ARU005 
16:59:01.074 @EMP002 系统管理员
16:59:01.074 @EMP033 5bdc47e3ad11b3118ed75c366cb567
16:59:03.385 @EMP002 系统管理员
16:59:03.385 @EMP033 cebfd1559b68d67688884d7a3d3e8c
16:59:28.371 @ARS001 140038272
16:59:28.371 @ARS002 JKGJ08-麻艺空间
16:59:28.371 @ARS003 013
16:59:28.371 @ARS004 334*334*0.45mm
16:59:28.371 @ARS005 
16:59:28.371 @ARS006 PCS
16:59:28.371 @ARS007 M
16:59:28.386 @ARS008 0
16:59:28.386 @ARS009 0501
16:59:28.386 @ART001 140038272
16:59:28.386 @ART002 01
16:59:28.386 @ART003 冲压
16:59:28.386 @ART004 0
16:59:28.386 @ART005 0
16:59:28.386 @ART006 
16:59:28.386 @ART007 
16:59:28.386 @ART009 
16:59:28.402 @ART010 
16:59:28.402 @ART011 001
16:59:28.402 @ART012 0
16:59:28.402 @ARU001 140038272
16:59:28.402 @ARU002 001
16:59:28.402 @ARU003 100002
16:59:28.402 @ARU004 2号模具
16:59:28.402 @ARU005 
16:59:28.402 @ART001 140038272
16:59:28.417 @ART002 08
16:59:28.417 @ART003 切割
16:59:28.417 @ART004 0
16:59:28.417 @ART005 0
16:59:28.417 @ART006 
16:59:28.417 @ART007 
16:59:28.417 @ART009 
16:59:28.417 @ART010 
16:59:28.417 @ART011 002
16:59:28.417 @ART012 0
16:59:28.417 @ARU001 140038272
16:59:28.417 @ARU002 002
16:59:28.417 @ARU003 W-LS001
16:59:28.417 @ARU004 拉伸绛
16:59:28.417 @ARU005 
17:01:12.552 @EMP002 系统管理员
17:01:12.552 @EMP033 cebfd1559b68d67688884d7a3d3e8c
17:03:14.164 @EMP002 系统管理员
17:03:14.164 @EMP033 cebfd1559b68d67688884d7a3d3e8c
17:06:33.828 @ARS001 201021096
17:06:33.844 @ARS002 黑色灯斗
17:06:33.844 @ARS003 005
17:06:33.844 @ARS004 
17:06:33.844 @ARS005 黑PP
17:06:33.844 @ARS006 PCS
17:06:33.844 @ARS007 M
17:06:33.844 @ARS008 0
17:06:33.859 @ARS009 0502
17:06:33.859 @ART001 201021096
17:06:33.859 @ART002 09
17:06:33.859 @ART003 注塑
17:06:33.859 @ART004 0
17:06:33.875 @ART005 0
17:06:33.875 @ART006 
17:06:33.875 @ART007 
17:06:33.875 @ART009 
17:06:33.875 @ART010 
17:06:33.875 @ART011 001
17:06:33.875 @ART012 0
17:06:33.875 @ARU001 201021096
17:06:33.875 @ARU002 001
17:06:33.875 @ARU003 100002
17:06:33.875 @ARU004 2号模具
17:06:33.891 @ARU005 
17:06:33.891 @ARU001 201021096
17:06:33.891 @ARU002 001
17:06:33.891 @ARU003 W-LS001
17:06:33.891 @ARU004 拉伸绛
17:06:33.891 @ARU005 
17:31:46.653 @EMP002 系统管理员
17:31:46.653 @EMP033 cebfd1559b68d67688884d7a3d3e8c
