20:03:16.646 @EMP002 系统管理员
20:03:16.647 @EMP033 cebfd1559b68d67688884d7a3d3e8c
20:09:15.908 @EMP002 系统管理员
20:09:15.912 @EMP033 cebfd1559b68d67688884d7a3d3e8c
20:12:35.630 @EMP002 系统管理员
20:12:35.632 @EMP033 cebfd1559b68d67688884d7a3d3e8c
20:13:00.605 @PRE002 SD201811140001
20:13:00.605 @PRE003 001
20:13:00.605 @PRE004 JYLF66-S
20:13:00.606 @PRE005 2018/11/26 0:00:00
20:13:00.606 @PRE006 2018/11/30 0:00:00
20:13:00.606 @PRE007 2000
20:13:00.606 @PRE008 300
20:13:00.606 @PRE010 500
20:13:00.606 @idx 228
20:13:00.634 @PRF001 JYLF66-S
20:13:00.634 @PRF002 2018/11/26 0:00:00
20:13:00.634 @PRF003 -100
20:13:00.637 @PRE002 SD201811140001
20:13:00.637 @PRE003 001
20:13:00.637 @PRE004 JYLF66-S
20:13:00.637 @PRE005 2018/11/27 0:00:00
20:13:00.638 @PRE006 2018/11/30 0:00:00
20:13:00.638 @PRE007 2000
20:13:00.638 @PRE008 500
20:13:00.638 @PRE010 500
20:13:00.638 @idx 229
20:13:00.640 @PRE002 SD201811140001
20:13:00.640 @PRE003 001
20:13:00.640 @PRE004 JYLF66-S
20:13:00.640 @PRE005 2018/11/28 0:00:00
20:13:00.641 @PRE006 2018/11/30 0:00:00
20:13:00.641 @PRE007 2000
20:13:00.641 @PRE008 500
20:13:00.641 @PRE010 500
20:13:00.641 @idx 230
20:13:00.643 @PRE002 SD201811140001
20:13:00.644 @PRE003 001
20:13:00.644 @PRE004 JYLF66-S
20:13:00.644 @PRE005 2018/11/29 0:00:00
20:13:00.644 @PRE006 2018/11/30 0:00:00
20:13:00.644 @PRE007 2000
20:13:00.644 @PRE008 500
20:13:00.645 @PRE010 500
20:13:00.645 @idx 231
20:13:00.647 @PRE002 SD201811140001
20:13:00.647 @PRE003 001
20:13:00.647 @PRE004 JYLF66-S
20:13:00.648 @PRE005 2018/11/30 0:00:00
20:13:00.648 @PRE006 2018/11/30 0:00:00
20:13:00.648 @PRE007 2000
20:13:00.648 @PRE008 0
20:13:00.648 @PRE010 500
20:13:00.648 @idx 238
20:13:00.650 @PRE002 SD201811140001
20:13:00.650 @PRE003 001
20:13:00.650 @PRE004 JYLF66-S
20:13:00.651 @PRE005 2018/12/1 0:00:00
20:13:00.651 @PRE006 2018/11/30 0:00:00
20:13:00.651 @PRE007 2000
20:13:00.651 @PRE008 0
20:13:00.651 @PRE010 500
20:13:00.651 @idx 239
20:13:00.654 @PRE002 SD201811140001
20:13:00.654 @PRE003 001
20:13:00.654 @PRE004 JYLF66-S
20:13:00.654 @PRE005 2018/12/2 0:00:00
20:13:00.654 @PRE006 2018/11/30 0:00:00
20:13:00.654 @PRE007 2000
20:13:00.655 @PRE008 0
20:13:00.655 @PRE010 500
20:13:00.655 @idx 240
20:14:10.402 @PRE002 SD201811140001
20:14:10.402 @PRE003 001
20:14:10.403 @PRE004 JYLF66-S
20:14:10.403 @PRE005 2018/11/26 0:00:00
20:14:10.403 @PRE006 2018/11/30 0:00:00
20:14:10.404 @PRE007 2000
20:14:10.404 @PRE008 200
20:14:10.404 @PRE010 500
20:14:10.404 @idx 228
20:14:10.409 @PRF001 JYLF66-S
20:14:10.409 @PRF002 2018/11/26 0:00:00
20:14:10.409 @PRF003 -100
20:14:10.411 @PRE002 SD201811140001
20:14:10.411 @PRE003 001
20:14:10.411 @PRE004 JYLF66-S
20:14:10.412 @PRE005 2018/11/27 0:00:00
20:14:10.412 @PRE006 2018/11/30 0:00:00
20:14:10.412 @PRE007 2000
20:14:10.412 @PRE008 500
20:14:10.412 @PRE010 500
20:14:10.412 @idx 229
20:14:10.414 @PRE002 SD201811140001
20:14:10.414 @PRE003 001
20:14:10.414 @PRE004 JYLF66-S
20:14:10.414 @PRE005 2018/11/28 0:00:00
20:14:10.414 @PRE006 2018/11/30 0:00:00
20:14:10.415 @PRE007 2000
20:14:10.415 @PRE008 500
20:14:10.415 @PRE010 500
20:14:10.415 @idx 230
20:14:10.417 @PRE002 SD201811140001
20:14:10.417 @PRE003 001
20:14:10.418 @PRE004 JYLF66-S
20:14:10.418 @PRE005 2018/11/29 0:00:00
20:14:10.418 @PRE006 2018/11/30 0:00:00
20:14:10.418 @PRE007 2000
20:14:10.418 @PRE008 500
20:14:10.418 @PRE010 500
20:14:10.418 @idx 231
20:14:10.420 @PRE002 SD201811140001
20:14:10.420 @PRE003 001
20:14:10.420 @PRE004 JYLF66-S
20:14:10.421 @PRE005 2018/11/30 0:00:00
20:14:10.421 @PRE006 2018/11/30 0:00:00
20:14:10.421 @PRE007 2000
20:14:10.421 @PRE008 0
20:14:10.421 @PRE010 500
20:14:10.422 @idx 238
20:14:10.423 @PRE002 SD201811140001
20:14:10.423 @PRE003 001
20:14:10.424 @PRE004 JYLF66-S
20:14:10.424 @PRE005 2018/12/1 0:00:00
20:14:10.424 @PRE006 2018/11/30 0:00:00
20:14:10.424 @PRE007 2000
20:14:10.424 @PRE008 0
20:14:10.424 @PRE010 500
20:14:10.425 @idx 239
20:14:10.427 @PRE002 SD201811140001
20:14:10.427 @PRE003 001
20:14:10.427 @PRE004 JYLF66-S
20:14:10.427 @PRE005 2018/12/2 0:00:00
20:14:10.428 @PRE006 2018/11/30 0:00:00
20:14:10.428 @PRE007 2000
20:14:10.428 @PRE008 0
20:14:10.428 @PRE010 500
20:14:10.428 @idx 240
20:15:50.511 @EMP002 系统管理员
20:15:50.513 @EMP033 cebfd1559b68d67688884d7a3d3e8c
20:18:25.051 @EMP002 系统管理员
20:18:25.051 @EMP033 cebfd1559b68d67688884d7a3d3e8c
20:18:40.353 @PRE002 SD201811140001
20:18:40.354 @PRE003 001
20:18:40.354 @PRE004 JYLF66-S
20:18:40.354 @PRE005 2018/11/26 0:00:00
20:18:40.354 @PRE006 2018/11/30 0:00:00
20:18:40.354 @PRE007 2000
20:18:40.354 @PRE008 200
20:18:40.354 @PRE010 500
20:18:40.355 @idx 228
20:18:40.374 @PRE002 SD201811140001
20:18:40.374 @PRE003 001
20:18:40.375 @PRE004 JYLF66-S
20:18:40.375 @PRE005 2018/11/27 0:00:00
20:18:40.375 @PRE006 2018/11/30 0:00:00
20:18:40.375 @PRE007 2000
20:18:40.375 @PRE008 500
20:18:40.375 @PRE010 500
20:18:40.375 @idx 229
20:18:40.377 @PRE002 SD201811140001
20:18:40.377 @PRE003 001
20:18:40.377 @PRE004 JYLF66-S
20:18:40.377 @PRE005 2018/11/28 0:00:00
20:18:40.378 @PRE006 2018/11/30 0:00:00
20:18:40.378 @PRE007 2000
20:18:40.378 @PRE008 500
20:18:40.378 @PRE010 500
20:18:40.378 @idx 230
20:18:40.380 @PRE002 SD201811140001
20:18:40.380 @PRE003 001
20:18:40.380 @PRE004 JYLF66-S
20:18:40.380 @PRE005 2018/11/29 0:00:00
20:18:40.380 @PRE006 2018/11/30 0:00:00
20:18:40.381 @PRE007 2000
20:18:40.381 @PRE008 500
20:18:40.381 @PRE010 500
20:18:40.381 @idx 231
20:18:40.383 @PRE002 SD201811140001
20:18:40.383 @PRE003 001
20:18:40.383 @PRE004 JYLF66-S
20:18:40.383 @PRE005 2018/11/30 0:00:00
20:18:40.383 @PRE006 2018/11/30 0:00:00
20:18:40.384 @PRE007 2000
20:18:40.384 @PRE008 0
20:18:40.384 @PRE010 500
20:18:40.384 @idx 238
20:18:40.386 @PRE002 SD201811140001
20:18:40.386 @PRE003 001
20:18:40.386 @PRE004 JYLF66-S
20:18:40.387 @PRE005 2018/12/1 0:00:00
20:18:40.387 @PRE006 2018/11/30 0:00:00
20:18:40.387 @PRE007 2000
20:18:40.387 @PRE008 0
20:18:40.387 @PRE010 500
20:18:40.387 @idx 239
20:18:40.389 @PRE002 SD201811140001
20:18:40.389 @PRE003 001
20:18:40.390 @PRE004 JYLF66-S
20:18:40.391 @PRE005 2018/12/2 0:00:00
20:18:40.391 @PRE006 2018/11/30 0:00:00
20:18:40.391 @PRE007 2000
20:18:40.391 @PRE008 0
20:18:40.391 @PRE010 500
20:18:40.392 @idx 240
20:19:33.377 @PRE002 SD201811140001
20:19:33.378 @PRE003 001
20:19:33.378 @PRE004 JYLF66-S
20:19:33.378 @PRE005 2018/11/26 0:00:00
20:19:33.378 @PRE006 2018/11/30 0:00:00
20:19:33.378 @PRE007 2000
20:19:33.384 @PRE008 200
20:19:33.384 @PRE010 500
20:19:33.384 @idx 228
20:19:33.401 @PRE002 SD201811140001
20:19:33.402 @PRE003 001
20:19:33.403 @PRE004 JYLF66-S
20:19:33.403 @PRE005 2018/11/27 0:00:00
20:19:33.403 @PRE006 2018/11/30 0:00:00
20:19:33.403 @PRE007 2000
20:19:33.403 @PRE008 500
20:19:33.404 @PRE010 500
20:19:33.404 @idx 229
20:19:33.408 @PRE002 SD201811140001
20:19:33.408 @PRE003 001
20:19:33.408 @PRE004 JYLF66-S
20:19:33.409 @PRE005 2018/11/28 0:00:00
20:19:33.409 @PRE006 2018/11/30 0:00:00
20:19:33.409 @PRE007 2000
20:19:33.410 @PRE008 500
20:19:33.410 @PRE010 500
20:19:33.410 @idx 230
20:19:33.412 @PRE002 SD201811140001
20:19:33.413 @PRE003 001
20:19:33.413 @PRE004 JYLF66-S
20:19:33.413 @PRE005 2018/11/29 0:00:00
20:19:33.413 @PRE006 2018/11/30 0:00:00
20:19:33.413 @PRE007 2000
20:19:33.414 @PRE008 500
20:19:33.414 @PRE010 500
20:19:33.414 @idx 231
20:19:33.417 @PRE002 SD201811140001
20:19:33.417 @PRE003 001
20:19:33.417 @PRE004 JYLF66-S
20:19:33.417 @PRE005 2018/11/30 0:00:00
20:19:33.417 @PRE006 2018/11/30 0:00:00
20:19:33.417 @PRE007 2000
20:19:33.417 @PRE008 0
20:19:33.418 @PRE010 500
20:19:33.418 @idx 238
20:19:33.419 @PRE002 SD201811140001
20:19:33.419 @PRE003 001
20:19:33.419 @PRE004 JYLF66-S
20:19:33.420 @PRE005 2018/12/1 0:00:00
20:19:33.420 @PRE006 2018/11/30 0:00:00
20:19:33.420 @PRE007 2000
20:19:33.420 @PRE008 0
20:19:33.420 @PRE010 500
20:19:33.420 @idx 239
20:19:33.421 @PRE002 SD201811140001
20:19:33.422 @PRE003 001
20:19:33.422 @PRE004 JYLF66-S
20:19:33.422 @PRE005 2018/12/2 0:00:00
20:19:33.422 @PRE006 2018/11/30 0:00:00
20:19:33.423 @PRE007 2000
20:19:33.423 @PRE008 0
20:19:33.423 @PRE010 500
20:19:33.423 @idx 240
