10:36:06.112 @EMP002 系统管理员
10:36:06.112 @EMP033 9af7f2b45fff5ca168dd7081681fadd
10:37:40.103 @EMP002 系统管理员
10:37:40.103 @EMP033 9af7f2b45fff5ca168dd7081681fadd
10:49:28.373 @EMP002 系统管理员
10:49:28.373 @EMP033 9af7f2b45fff5ca168dd7081681fadd
10:50:32.727 @EMP002 系统管理员
10:50:32.727 @EMP033 9af7f2b45fff5ca168dd7081681fadd
10:51:55.524 @EMP002 系统管理员
10:51:55.524 @EMP033 9af7f2b45fff5ca168dd7081681fadd
10:56:59.652 @EMP002 系统管理员
10:56:59.652 @EMP033 9af7f2b45fff5ca168dd7081681fadd
10:58:19.794 @ANT001 20190104001
10:58:19.794 @ANT002 0507
10:58:19.794 @ANT003 总装车间
10:58:19.794 @ANT004 050709
10:58:19.794 @ANT005 附件组
10:58:19.794 @ANT008 2019/1/4 0:00:00
10:58:19.810 @ANT009 0.5
10:58:19.810 @ANT010 0
10:58:19.810 @ANT011 计时
10:58:19.810 @ANT012 
10:58:19.810 @ANT013 系统管理员
10:58:19.810 @ANT014 2019/1/4 8:00:00
10:58:19.810 @ANT015 2019/1/4 17:00:00
10:58:19.810 @ANU001 20190104001
10:58:19.810 @ANU002 20190103001
10:58:19.810 @ANU003 GD201901020019
10:58:19.810 @ANU004 JSYF3601-XM
10:58:19.810 @ANU005 JSYF3601-XM-PTC+LED+换气
10:58:19.810 @ANU006 附件加工
10:58:19.810 @ANU007 0.13
10:58:19.810 @ANU008 050701
10:58:19.810 @ANU009 1线
10:58:19.810 @ANU010 600
10:58:19.810 @ANU011 600
10:58:19.810 @ANU012 
10:58:19.826 @ANU001 20190104001
10:58:19.826 @ANU002 20190103002
10:58:19.826 @ANU003 GD201901020012
10:58:19.826 @ANU004 JDSF116-B
10:58:19.826 @ANU005 JDSF116-B玉树临风-300*600智控数显四合一
10:58:19.826 @ANU006 附件加工
10:58:19.826 @ANU007 0.3
10:58:19.826 @ANU008 050702
10:58:19.826 @ANU009 2线
10:58:19.826 @ANU010 500
10:58:19.826 @ANU011 500
10:58:19.826 @ANU012 
10:58:19.826 @ANV001 20190104001
10:58:19.826 @ANV002 10230
10:58:19.826 @ANV003 韩秀金
10:58:19.826 @ANV004 装配工
10:58:19.826 @ANV005 2019/1/4 8:00:00
10:58:19.826 @ANV006 2019/1/4 17:00:00
10:58:19.826 @ANV007 在职
10:58:19.826 @ANV008 附件组
10:58:19.826 @ANV009 8.5
10:58:19.826 @ANV010 0
10:58:19.826 @ANV011 
10:58:19.826 @ANV013 
10:58:19.826 @ANV014 
10:58:19.826 @ANV015 0
10:58:19.826 @ANV016 0
10:58:19.841 @ANV001 20190104001
10:58:19.841 @ANV002 10231
10:58:19.841 @ANV003 黄春燕
10:58:19.841 @ANV004 装配工
10:58:19.841 @ANV005 2019/1/4 8:00:00
10:58:19.841 @ANV006 2019/1/4 17:00:00
10:58:19.841 @ANV007 在职
10:58:19.841 @ANV008 附件组
10:58:19.841 @ANV009 8.5
10:58:19.841 @ANV010 0
10:58:19.841 @ANV011 
10:58:19.841 @ANV013 
10:58:19.841 @ANV014 
10:58:19.841 @ANV015 0
10:58:19.841 @ANV016 0
10:58:19.857 @ANV001 20190104001
10:58:19.857 @ANV002 10232
10:58:19.857 @ANV003 薛能珍
10:58:19.857 @ANV004 装配工
10:58:19.857 @ANV005 2019/1/4 8:00:00
10:58:19.857 @ANV006 2019/1/4 17:00:00
10:58:19.857 @ANV007 在职
10:58:19.857 @ANV008 附件组
10:58:19.857 @ANV009 8.5
10:58:19.857 @ANV010 0
10:58:19.857 @ANV011 
10:58:19.857 @ANV013 
10:58:19.857 @ANV014 
10:58:19.857 @ANV015 0
10:58:19.857 @ANV016 0
10:58:19.857 @ANV001 20190104001
10:58:19.857 @ANV002 10233
10:58:19.857 @ANV003 何卫英
10:58:19.857 @ANV004 装配工
10:58:19.857 @ANV005 2019/1/4 8:00:00
10:58:19.857 @ANV006 2019/1/4 17:00:00
10:58:19.857 @ANV007 在职
10:58:19.857 @ANV008 附件组
10:58:19.857 @ANV009 8.5
10:58:19.857 @ANV010 0
10:58:19.857 @ANV011 
10:58:19.857 @ANV013 
10:58:19.857 @ANV014 
10:58:19.857 @ANV015 0
10:58:19.857 @ANV016 0
10:58:19.872 @ANV001 20190104001
10:58:19.872 @ANV002 10235
10:58:19.872 @ANV003 李梦飞
10:58:19.872 @ANV004 装配工
10:58:19.872 @ANV005 2019/1/4 8:00:00
10:58:19.872 @ANV006 2019/1/4 17:00:00
10:58:19.872 @ANV007 在职
10:58:19.872 @ANV008 附件组
10:58:19.872 @ANV009 8.5
10:58:19.872 @ANV010 0
10:58:19.872 @ANV011 
10:58:19.872 @ANV013 
10:58:19.872 @ANV014 
10:58:19.872 @ANV015 0
10:58:19.872 @ANV016 0
11:03:31.229 @EMP002 系统管理员
11:03:31.229 @EMP033 9af7f2b45fff5ca168dd7081681fadd
11:05:53.768 @EMP002 系统管理员
11:05:53.768 @EMP033 9af7f2b45fff5ca168dd7081681fadd
11:07:31.190 @EMP002 系统管理员
11:07:31.190 @EMP033 9af7f2b45fff5ca168dd7081681fadd
11:09:55.478 @EMP002 系统管理员
11:09:55.478 @EMP033 9af7f2b45fff5ca168dd7081681fadd
11:10:11.063 @ANT001 20190104001
11:10:11.063 @ANT002 0507
11:10:11.063 @ANT003 总装车间
11:10:11.063 @ANT004 050709
11:10:11.063 @ANT005 附件组
11:10:11.063 @ANT008 2019/1/4 0:00:00
11:10:11.063 @ANT009 0
11:10:11.063 @ANT010 0
11:10:11.063 @ANT011 计时
11:10:11.063 @ANT012 
11:10:11.063 @ANT013 系统管理员
11:10:11.063 @ANT014 2019/1/4 8:00:00
11:10:11.063 @ANT015 2019/1/4 17:00:00
11:10:11.078 @ANV001 20190104001
11:10:11.078 @ANV002 10230
11:10:11.078 @ANV003 韩秀金
11:10:11.078 @ANV004 装配工
11:10:11.078 @ANV005 2019/1/4 8:00:00
11:10:11.078 @ANV006 2019/1/4 17:00:00
11:10:11.078 @ANV007 在职
11:10:11.078 @ANV008 附件组
11:10:11.078 @ANV009 9
11:10:11.078 @ANV010 72
11:10:11.078 @ANV011 
11:10:11.078 @ANV013 
11:10:11.078 @ANV014 
11:10:11.078 @ANV015 0
11:10:11.078 @ANV016 8
11:10:11.094 @ANV001 20190104001
11:10:11.094 @ANV002 10231
11:10:11.094 @ANV003 黄春燕
11:10:11.094 @ANV004 装配工
11:10:11.094 @ANV005 2019/1/4 8:00:00
11:10:11.094 @ANV006 2019/1/4 17:00:00
11:10:11.094 @ANV007 在职
11:10:11.094 @ANV008 附件组
11:10:11.094 @ANV009 9
11:10:11.094 @ANV010 72
11:10:11.094 @ANV011 
11:10:11.094 @ANV013 
11:10:11.094 @ANV014 
11:10:11.094 @ANV015 0
11:10:11.094 @ANV016 8
11:10:11.109 @ANV001 20190104001
11:10:11.109 @ANV002 10232
11:10:11.109 @ANV003 薛能珍
11:10:11.109 @ANV004 装配工
11:10:11.109 @ANV005 2019/1/4 8:00:00
11:10:11.109 @ANV006 2019/1/4 17:00:00
11:10:11.109 @ANV007 在职
11:10:11.109 @ANV008 附件组
11:10:11.109 @ANV009 9
11:10:11.109 @ANV010 72
11:10:11.109 @ANV011 
11:10:11.109 @ANV013 
11:10:11.109 @ANV014 
11:10:11.109 @ANV015 0
11:10:11.109 @ANV016 8
11:10:11.109 @ANV001 20190104001
11:10:11.109 @ANV002 10233
11:10:11.109 @ANV003 何卫英
11:10:11.109 @ANV004 装配工
11:10:11.109 @ANV005 2019/1/4 8:00:00
11:10:11.109 @ANV006 2019/1/4 17:00:00
11:10:11.109 @ANV007 在职
11:10:11.109 @ANV008 附件组
11:10:11.109 @ANV009 9
11:10:11.109 @ANV010 72
11:10:11.109 @ANV011 
11:10:11.109 @ANV013 
11:10:11.109 @ANV014 
11:10:11.109 @ANV015 0
11:10:11.109 @ANV016 8
11:10:11.125 @ANV001 20190104001
11:10:11.125 @ANV002 10235
11:10:11.125 @ANV003 李梦飞
11:10:11.125 @ANV004 装配工
11:10:11.125 @ANV005 2019/1/4 8:00:00
11:10:11.125 @ANV006 2019/1/4 17:00:00
11:10:11.125 @ANV007 在职
11:10:11.125 @ANV008 附件组
11:10:11.125 @ANV009 9
11:10:11.125 @ANV010 72
11:10:11.125 @ANV011 
11:10:11.125 @ANV013 
11:10:11.125 @ANV014 
11:10:11.125 @ANV015 0
11:10:11.125 @ANV016 8
11:11:47.574 @EMP002 系统管理员
11:11:47.574 @EMP033 9af7f2b45fff5ca168dd7081681fadd
11:13:49.822 @EMP002 系统管理员
11:13:49.822 @EMP033 9af7f2b45fff5ca168dd7081681fadd
11:15:14.093 @EMP002 系统管理员
11:15:14.093 @EMP033 9af7f2b45fff5ca168dd7081681fadd
11:16:50.713 @EMP002 系统管理员
11:16:50.713 @EMP033 9af7f2b45fff5ca168dd7081681fadd
11:19:09.209 @EMP002 系统管理员
11:19:09.225 @EMP033 9af7f2b45fff5ca168dd7081681fadd
11:21:37.441 @EMP002 系统管理员
11:21:37.441 @EMP033 9af7f2b45fff5ca168dd7081681fadd
11:48:28.134 @EMP002 系统管理员
11:48:28.134 @EMP033 9af7f2b45fff5ca168dd7081681fadd
11:53:19.899 @EMP002 系统管理员
11:53:19.899 @EMP033 9af7f2b45fff5ca168dd7081681fadd
11:58:38.965 @EMP002 系统管理员
11:58:38.965 @EMP033 9af7f2b45fff5ca168dd7081681fadd
12:06:00.641 @EMP002 系统管理员
12:06:00.641 @EMP033 9af7f2b45fff5ca168dd7081681fadd
12:06:12.466 @LEF001 20190103001
12:06:12.466 @LEF017 False
12:06:16.865 @LEF009 0506
12:06:16.865 @LEF010 LED车间
12:06:16.865 @LEF011 0506
12:06:16.865 @LEF012 LED车间
12:06:16.865 @LEF013 2019/1/3 0:00:00
12:06:16.865 @LEF015 
12:06:16.865 @LEF016 
12:06:16.865 @LEF017 False
12:06:16.865 @LEF018 False
12:06:16.865 @LEF019 1
12:06:16.865 @LEF020 0
12:06:16.865 @idx 2
12:06:16.865 @LEF021 计时
12:06:16.865 @LEF023 2019/1/3 8:00:00
12:06:16.865 @LEF024 2019/1/3 17:00:00
12:06:16.881 @LEG003 郭婧
12:06:16.881 @LEG004 装配工
12:06:16.881 @LEG005 
12:06:16.881 @LEG006 
12:06:16.881 @LEG007 0.000000
12:06:16.881 @LEG008 2019/1/3 8:00:00
12:06:16.881 @LEG009 2019/1/3 17:00:00
12:06:16.881 @LEG010 13.000000
12:06:16.881 @LEG011 
12:06:16.881 @LEG012 在职
12:06:16.881 @idx 46
12:06:16.881 @LEG002 10015
12:06:16.881 @LEG013 LED车间
12:06:16.881 @LEG014 0
12:06:16.881 @LEG015 8
12:06:16.881 @LEG016 104
12:06:16.896 @LEG003 龙兴连
12:06:16.896 @LEG004 装配工
12:06:16.896 @LEG005 
12:06:16.896 @LEG006 
12:06:16.896 @LEG007 0.000000
12:06:16.896 @LEG008 2019/1/3 8:00:00
12:06:16.896 @LEG009 2019/1/3 17:00:00
12:06:16.896 @LEG010 13.000000
12:06:16.896 @LEG011 
12:06:16.896 @LEG012 在职
12:06:16.896 @idx 47
12:06:16.896 @LEG002 10016
12:06:16.896 @LEG013 LED车间
12:06:16.896 @LEG014 0
12:06:16.896 @LEG015 8
12:06:16.896 @LEG016 104
12:06:16.912 @LEG003 聂付秋
12:06:16.912 @LEG004 装配工
12:06:16.912 @LEG005 
12:06:16.912 @LEG006 
12:06:16.912 @LEG007 0.000000
12:06:16.912 @LEG008 2019/1/3 8:00:00
12:06:16.912 @LEG009 2019/1/3 17:00:00
12:06:16.912 @LEG010 13.000000
12:06:16.912 @LEG011 
12:06:16.912 @LEG012 在职
12:06:16.912 @idx 48
12:06:16.912 @LEG002 10017
12:06:16.912 @LEG013 LED车间
12:06:16.912 @LEG014 0
12:06:16.912 @LEG015 8
12:06:16.912 @LEG016 104
12:06:16.928 @LEG003 薛能米
12:06:16.928 @LEG004 装配工
12:06:16.928 @LEG005 
12:06:16.928 @LEG006 
12:06:16.928 @LEG007 0.000000
12:06:16.928 @LEG008 2019/1/3 8:00:00
12:06:16.928 @LEG009 2019/1/3 17:00:00
12:06:16.928 @LEG010 13.000000
12:06:16.928 @LEG011 
12:06:16.928 @LEG012 在职
12:06:16.928 @idx 49
12:06:16.928 @LEG002 10018
12:06:16.928 @LEG013 LED车间
12:06:16.928 @LEG014 0
12:06:16.928 @LEG015 8
12:06:16.928 @LEG016 104
12:06:16.943 @LEG003 彭顺艳
12:06:16.943 @LEG004 装配工
12:06:16.943 @LEG005 
12:06:16.943 @LEG006 
12:06:16.943 @LEG007 0.000000
12:06:16.943 @LEG008 2019/1/3 8:00:00
12:06:16.943 @LEG009 2019/1/3 17:00:00
12:06:16.943 @LEG010 13.000000
12:06:16.943 @LEG011 
12:06:16.943 @LEG012 在职
12:06:16.943 @idx 50
12:06:16.943 @LEG002 10019
12:06:16.943 @LEG013 LED车间
12:06:16.943 @LEG014 0
12:06:16.943 @LEG015 8
12:06:16.943 @LEG016 104
12:06:16.959 @LEG003 罗小琴
12:06:16.959 @LEG004 装配工
12:06:16.959 @LEG005 
12:06:16.959 @LEG006 
12:06:16.959 @LEG007 0.000000
12:06:16.959 @LEG008 2019/1/3 8:00:00
12:06:16.959 @LEG009 2019/1/3 17:00:00
12:06:16.959 @LEG010 13.000000
12:06:16.959 @LEG011 
12:06:16.959 @LEG012 在职
12:06:16.959 @idx 51
12:06:16.959 @LEG002 10020
12:06:16.959 @LEG013 LED车间
12:06:16.959 @LEG014 0
12:06:16.959 @LEG015 8
12:06:16.959 @LEG016 104
12:06:16.959 @LEG003 吕红艳
12:06:16.974 @LEG004 装配工
12:06:16.974 @LEG005 
12:06:16.974 @LEG006 
12:06:16.974 @LEG007 0.000000
12:06:16.974 @LEG008 2019/1/3 8:00:00
12:06:16.974 @LEG009 2019/1/3 17:00:00
12:06:16.974 @LEG010 13.000000
12:06:16.974 @LEG011 
12:06:16.974 @LEG012 在职
12:06:16.974 @idx 52
12:06:16.974 @LEG002 10021
12:06:16.974 @LEG013 LED车间
12:06:16.974 @LEG014 0
12:06:16.974 @LEG015 8
12:06:16.974 @LEG016 104
12:06:16.974 @LEG003 李朝粉
12:06:16.974 @LEG004 装配工
12:06:16.974 @LEG005 
12:06:16.974 @LEG006 
12:06:16.974 @LEG007 0.000000
12:06:16.974 @LEG008 2019/1/3 8:00:00
12:06:16.974 @LEG009 2019/1/3 17:00:00
12:06:16.974 @LEG010 13.000000
12:06:16.974 @LEG011 
12:06:16.974 @LEG012 在职
12:06:16.974 @idx 53
12:06:16.974 @LEG002 10022
12:06:16.974 @LEG013 LED车间
12:06:16.974 @LEG014 0
12:06:16.974 @LEG015 8
12:06:16.974 @LEG016 104
12:06:16.990 @LEG003 陈文会
12:06:16.990 @LEG004 装配工
12:06:16.990 @LEG005 
12:06:16.990 @LEG006 
12:06:16.990 @LEG007 0.000000
12:06:16.990 @LEG008 
12:06:16.990 @LEG009 
12:06:16.990 @LEG010 0.000000
12:06:16.990 @LEG011 
12:06:16.990 @LEG012 离职
12:06:16.990 @idx 54
12:06:16.990 @LEG002 10023
12:06:16.990 @LEG013 LED车间
12:06:16.990 @LEG014 0
12:06:16.990 @LEG015 0
12:06:16.990 @LEG016 0
12:06:17.021 @LEG003 平单单
12:06:17.021 @LEG004 装配工
12:06:17.021 @LEG005 
12:06:17.021 @LEG006 
12:06:17.021 @LEG007 8.000000
12:06:17.021 @LEG008 2019/1/3 8:00:00
12:06:17.021 @LEG009 2019/1/3 17:00:00
12:06:17.021 @LEG010 13.000000
12:06:17.021 @LEG011 
12:06:17.021 @LEG012 在职
12:06:17.021 @idx 55
12:06:17.021 @LEG002 10024
12:06:17.021 @LEG013 LED车间
12:06:17.021 @LEG014 0
12:06:17.021 @LEG015 8
12:06:17.021 @LEG016 112
12:06:17.037 @LEG003 梁永琴
12:06:17.037 @LEG004 装配工
12:06:17.037 @LEG005 
12:06:17.037 @LEG006 
12:06:17.037 @LEG007 0.000000
12:06:17.037 @LEG008 2019/1/3 8:00:00
12:06:17.037 @LEG009 2019/1/3 17:00:00
12:06:17.037 @LEG010 13.000000
12:06:17.037 @LEG011 
12:06:17.037 @LEG012 在职
12:06:17.037 @idx 56
12:06:17.037 @LEG002 10025
12:06:17.037 @LEG013 LED车间
12:06:17.037 @LEG014 0
12:06:17.037 @LEG015 8
12:06:17.037 @LEG016 104
12:06:17.052 @LEG003 胡孝明
12:06:17.052 @LEG004 装配工
12:06:17.052 @LEG005 
12:06:17.052 @LEG006 
12:06:17.052 @LEG007 0.000000
12:06:17.052 @LEG008 2019/1/3 8:00:00
12:06:17.052 @LEG009 2019/1/3 17:00:00
12:06:17.052 @LEG010 13.000000
12:06:17.052 @LEG011 
12:06:17.052 @LEG012 在职
12:06:17.052 @idx 57
12:06:17.052 @LEG002 10026
12:06:17.052 @LEG013 LED车间
12:06:17.052 @LEG014 0
12:06:17.052 @LEG015 8
12:06:17.052 @LEG016 104
12:06:17.068 @LEG003 聂昌奎
12:06:17.068 @LEG004 装配工
12:06:17.068 @LEG005 
12:06:17.068 @LEG006 
12:06:17.068 @LEG007 0.000000
12:06:17.068 @LEG008 
12:06:17.068 @LEG009 
12:06:17.068 @LEG010 0.000000
12:06:17.068 @LEG011 
12:06:17.068 @LEG012 未上班
12:06:17.068 @idx 58
12:06:17.068 @LEG002 10027
12:06:17.068 @LEG013 LED车间
12:06:17.068 @LEG014 0
12:06:17.068 @LEG015 0
12:06:17.068 @LEG016 0
12:06:17.084 @LEG003 陶兴琴
12:06:17.084 @LEG004 装配工
12:06:17.084 @LEG005 
12:06:17.084 @LEG006 
12:06:17.084 @LEG007 0.000000
12:06:17.084 @LEG008 
12:06:17.084 @LEG009 
12:06:17.084 @LEG010 0.000000
12:06:17.084 @LEG011 
12:06:17.084 @LEG012 未上班
12:06:17.084 @idx 59
12:06:17.084 @LEG002 10028
12:06:17.084 @LEG013 LED车间
12:06:17.084 @LEG014 0
12:06:17.084 @LEG015 0
12:06:17.084 @LEG016 0
12:06:17.162 @LEG003 段进连
12:06:17.162 @LEG004 装配工
12:06:17.162 @LEG005 
12:06:17.162 @LEG006 
12:06:17.162 @LEG007 0.000000
12:06:17.162 @LEG008 
12:06:17.162 @LEG009 
12:06:17.162 @LEG010 0.000000
12:06:17.162 @LEG011 
12:06:17.162 @LEG012 未上班
12:06:17.162 @idx 60
12:06:17.162 @LEG002 10029
12:06:17.162 @LEG013 LED车间
12:06:17.162 @LEG014 0
12:06:17.162 @LEG015 0
12:06:17.162 @LEG016 0
12:06:17.177 @LEG003 李大花
12:06:17.177 @LEG004 装配工
12:06:17.177 @LEG005 
12:06:17.177 @LEG006 
12:06:17.177 @LEG007 0.000000
12:06:17.177 @LEG008 2019/1/3 8:00:00
12:06:17.177 @LEG009 2019/1/3 17:00:00
12:06:17.177 @LEG010 13.000000
12:06:17.177 @LEG011 
12:06:17.177 @LEG012 在职
12:06:17.177 @idx 61
12:06:17.177 @LEG002 10030
12:06:17.177 @LEG013 LED车间
12:06:17.177 @LEG014 0
12:06:17.177 @LEG015 8
12:06:17.177 @LEG016 104
12:06:17.177 @LEG003 黄史作
12:06:17.177 @LEG004 装配工
12:06:17.177 @LEG005 
12:06:17.177 @LEG006 
12:06:17.177 @LEG007 0.000000
12:06:17.177 @LEG008 2019/1/3 8:00:00
12:06:17.177 @LEG009 2019/1/3 17:00:00
12:06:17.177 @LEG010 13.000000
12:06:17.177 @LEG011 
12:06:17.193 @LEG012 在职
12:06:17.193 @idx 62
12:06:17.193 @LEG002 10031
12:06:17.193 @LEG013 LED车间
12:06:17.193 @LEG014 0
12:06:17.193 @LEG015 8
12:06:17.193 @LEG016 104
12:06:17.208 @LEG003 罗昌梅
12:06:17.208 @LEG004 装配工
12:06:17.208 @LEG005 
12:06:17.208 @LEG006 
12:06:17.208 @LEG007 0.000000
12:06:17.208 @LEG008 2019/1/3 8:00:00
12:06:17.208 @LEG009 2019/1/3 17:00:00
12:06:17.208 @LEG010 13.000000
12:06:17.208 @LEG011 
12:06:17.208 @LEG012 在职
12:06:17.208 @idx 63
12:06:17.208 @LEG002 10032
12:06:17.208 @LEG013 LED车间
12:06:17.208 @LEG014 0
12:06:17.208 @LEG015 8
12:06:17.208 @LEG016 104
12:06:17.224 @LEG003 赵雨婷
12:06:17.224 @LEG004 装配工
12:06:17.224 @LEG005 
12:06:17.224 @LEG006 
12:06:17.224 @LEG007 0.000000
12:06:17.224 @LEG008 2019/1/3 8:00:00
12:06:17.224 @LEG009 2019/1/3 17:00:00
12:06:17.224 @LEG010 13.000000
12:06:17.224 @LEG011 
12:06:17.224 @LEG012 在职
12:06:17.224 @idx 64
12:06:17.224 @LEG002 10033
12:06:17.224 @LEG013 LED车间
12:06:17.224 @LEG014 0
12:06:17.224 @LEG015 8
12:06:17.224 @LEG016 104
12:06:17.224 @LEG003 杜顺艳
12:06:17.224 @LEG004 装配工
12:06:17.224 @LEG005 
12:06:17.224 @LEG006 
12:06:17.224 @LEG007 0.000000
12:06:17.224 @LEG008 2019/1/3 8:00:00
12:06:17.224 @LEG009 2019/1/3 17:00:00
12:06:17.224 @LEG010 13.000000
12:06:17.224 @LEG011 
12:06:17.224 @LEG012 在职
12:06:17.224 @idx 65
12:06:17.224 @LEG002 10034
12:06:17.240 @LEG013 LED车间
12:06:17.240 @LEG014 0
12:06:17.240 @LEG015 8
12:06:17.240 @LEG016 104
12:06:17.240 @LEG003 韩孝君
12:06:17.240 @LEG004 装配工
12:06:17.240 @LEG005 
12:06:17.240 @LEG006 
12:06:17.240 @LEG007 0.000000
12:06:17.240 @LEG008 2019/1/3 8:00:00
12:06:17.240 @LEG009 2019/1/3 17:00:00
12:06:17.240 @LEG010 13.000000
12:06:17.240 @LEG011 
12:06:17.240 @LEG012 在职
12:06:17.240 @idx 66
12:06:17.240 @LEG002 10035
12:06:17.240 @LEG013 LED车间
12:06:17.240 @LEG014 0
12:06:17.240 @LEG015 8
12:06:17.240 @LEG016 104
12:06:17.255 @LEG003 何培凤
12:06:17.255 @LEG004 装配工
12:06:17.255 @LEG005 
12:06:17.255 @LEG006 
12:06:17.255 @LEG007 0.000000
12:06:17.255 @LEG008 2019/1/3 8:00:00
12:06:17.255 @LEG009 2019/1/3 17:00:00
12:06:17.255 @LEG010 13.000000
12:06:17.255 @LEG011 
12:06:17.255 @LEG012 在职
12:06:17.255 @idx 67
12:06:17.255 @LEG002 10036
12:06:17.255 @LEG013 LED车间
12:06:17.255 @LEG014 0
12:06:17.255 @LEG015 8
12:06:17.255 @LEG016 104
12:06:17.271 @LEG003 王程平
12:06:17.271 @LEG004 装配工
12:06:17.271 @LEG005 
12:06:17.271 @LEG006 
12:06:17.271 @LEG007 0.000000
12:06:17.271 @LEG008 2019/1/3 8:00:00
12:06:17.271 @LEG009 2019/1/3 17:00:00
12:06:17.271 @LEG010 13.000000
12:06:17.271 @LEG011 
12:06:17.271 @LEG012 在职
12:06:17.271 @idx 68
12:06:17.271 @LEG002 10037
12:06:17.271 @LEG013 LED车间
12:06:17.271 @LEG014 0
12:06:17.271 @LEG015 8
12:06:17.271 @LEG016 104
12:06:17.286 @LEG003 韩英
12:06:17.286 @LEG004 装配工
12:06:17.286 @LEG005 
12:06:17.286 @LEG006 
12:06:17.286 @LEG007 0.000000
12:06:17.286 @LEG008 2019/1/3 8:00:00
12:06:17.286 @LEG009 2019/1/3 17:00:00
12:06:17.286 @LEG010 13.000000
12:06:17.286 @LEG011 
12:06:17.286 @LEG012 在职
12:06:17.286 @idx 69
12:06:17.286 @LEG002 10038
12:06:17.286 @LEG013 LED车间
12:06:17.286 @LEG014 0
12:06:17.286 @LEG015 8
12:06:17.286 @LEG016 104
12:06:17.302 @LEG003 杨海霞
12:06:17.302 @LEG004 装配工
12:06:17.302 @LEG005 
12:06:17.302 @LEG006 
12:06:17.302 @LEG007 0.000000
12:06:17.302 @LEG008 2019/1/3 8:00:00
12:06:17.302 @LEG009 2019/1/3 17:00:00
12:06:17.302 @LEG010 13.000000
12:06:17.302 @LEG011 
12:06:17.302 @LEG012 在职
12:06:17.302 @idx 70
12:06:17.302 @LEG002 10039
12:06:17.302 @LEG013 LED车间
12:06:17.302 @LEG014 0
12:06:17.302 @LEG015 8
12:06:17.302 @LEG016 104
12:06:17.318 @LEG003 李林菊
12:06:17.318 @LEG004 装配工
12:06:17.318 @LEG005 
12:06:17.318 @LEG006 
12:06:17.318 @LEG007 0.000000
12:06:17.318 @LEG008 2019/1/3 8:00:00
12:06:17.318 @LEG009 2019/1/3 17:00:00
12:06:17.318 @LEG010 13.000000
12:06:17.318 @LEG011 
12:06:17.318 @LEG012 在职
12:06:17.318 @idx 71
12:06:17.318 @LEG002 10040
12:06:17.318 @LEG013 LED车间
12:06:17.318 @LEG014 0
12:06:17.318 @LEG015 8
12:06:17.318 @LEG016 104
12:06:17.318 @LEG003 吴群英
12:06:17.318 @LEG004 装配工
12:06:17.318 @LEG005 
12:06:17.318 @LEG006 
12:06:17.318 @LEG007 0.000000
12:06:17.318 @LEG008 2019/1/3 8:00:00
12:06:17.318 @LEG009 2019/1/3 17:00:00
12:06:17.318 @LEG010 13.000000
12:06:17.318 @LEG011 
12:06:17.318 @LEG012 在职
12:06:17.318 @idx 72
12:06:17.318 @LEG002 10041
12:06:17.318 @LEG013 LED车间
12:06:17.318 @LEG014 0
12:06:17.318 @LEG015 8
12:06:17.318 @LEG016 104
12:06:17.333 @LEG003 张瑜
12:06:17.333 @LEG004 装配工
12:06:17.333 @LEG005 
12:06:17.333 @LEG006 
12:06:17.333 @LEG007 0.000000
12:06:17.333 @LEG008 
12:06:17.333 @LEG009 
12:06:17.333 @LEG010 0.000000
12:06:17.333 @LEG011 
12:06:17.333 @LEG012 离职
12:06:17.333 @idx 73
12:06:17.333 @LEG002 10042
12:06:17.333 @LEG013 LED车间
12:06:17.333 @LEG014 0
12:06:17.333 @LEG015 0
12:06:17.333 @LEG016 0
12:06:17.349 @LEG003 唐春凤
12:06:17.349 @LEG004 装配工
12:06:17.349 @LEG005 
12:06:17.349 @LEG006 
12:06:17.349 @LEG007 0.000000
12:06:17.349 @LEG008 2019/1/3 8:00:00
12:06:17.349 @LEG009 2019/1/3 17:00:00
12:06:17.349 @LEG010 13.000000
12:06:17.349 @LEG011 
12:06:17.349 @LEG012 在职
12:06:17.349 @idx 74
12:06:17.349 @LEG002 10043
12:06:17.349 @LEG013 LED车间
12:06:17.349 @LEG014 0
12:06:17.349 @LEG015 8
12:06:17.349 @LEG016 104
12:06:17.364 @LEG003 陈朝香
12:06:17.364 @LEG004 装配工
12:06:17.364 @LEG005 
12:06:17.364 @LEG006 
12:06:17.364 @LEG007 0.000000
12:06:17.364 @LEG008 2019/1/3 8:00:00
12:06:17.364 @LEG009 2019/1/3 17:00:00
12:06:17.364 @LEG010 13.000000
12:06:17.364 @LEG011 
12:06:17.364 @LEG012 在职
12:06:17.364 @idx 75
12:06:17.364 @LEG002 10044
12:06:17.364 @LEG013 LED车间
12:06:17.364 @LEG014 0
12:06:17.364 @LEG015 8
12:06:17.364 @LEG016 104
12:06:17.364 @LEG003 牟飞
12:06:17.364 @LEG004 装配工
12:06:17.364 @LEG005 
12:06:17.364 @LEG006 
12:06:17.364 @LEG007 0.000000
12:06:17.364 @LEG008 
12:06:17.364 @LEG009 
12:06:17.364 @LEG010 0.000000
12:06:17.364 @LEG011 
12:06:17.364 @LEG012 未上班
12:06:17.364 @idx 76
12:06:17.364 @LEG002 10045
12:06:17.380 @LEG013 LED车间
12:06:17.380 @LEG014 0
12:06:17.380 @LEG015 0
12:06:17.380 @LEG016 0
12:06:17.380 @LEG003 朱大艳
12:06:17.380 @LEG004 装配工
12:06:17.380 @LEG005 
12:06:17.380 @LEG006 
12:06:17.380 @LEG007 0.000000
12:06:17.380 @LEG008 
12:06:17.380 @LEG009 
12:06:17.380 @LEG010 0.000000
12:06:17.380 @LEG011 
12:06:17.380 @LEG012 离职
12:06:17.380 @idx 77
12:06:17.380 @LEG002 10046
12:06:17.380 @LEG013 LED车间
12:06:17.380 @LEG014 0
12:06:17.380 @LEG015 0
12:06:17.380 @LEG016 0
12:06:17.396 @LEG003 王银祥
12:06:17.396 @LEG004 装配工
12:06:17.396 @LEG005 
12:06:17.396 @LEG006 
12:06:17.396 @LEG007 0.000000
12:06:17.396 @LEG008 
12:06:17.396 @LEG009 
12:06:17.396 @LEG010 0.000000
12:06:17.396 @LEG011 
12:06:17.396 @LEG012 离职
12:06:17.396 @idx 78
12:06:17.396 @LEG002 10047
12:06:17.396 @LEG013 LED车间
12:06:17.396 @LEG014 0
12:06:17.396 @LEG015 0
12:06:17.396 @LEG016 0
12:06:17.411 @LEG003 王建琼
12:06:17.411 @LEG004 装配工
12:06:17.411 @LEG005 
12:06:17.411 @LEG006 
12:06:17.411 @LEG007 0.000000
12:06:17.411 @LEG008 2019/1/3 8:00:00
12:06:17.411 @LEG009 2019/1/3 17:00:00
12:06:17.411 @LEG010 13.000000
12:06:17.411 @LEG011 
12:06:17.411 @LEG012 在职
12:06:17.411 @idx 79
12:06:17.411 @LEG002 10048
12:06:17.411 @LEG013 LED车间
12:06:17.411 @LEG014 0
12:06:17.411 @LEG015 8
12:06:17.411 @LEG016 104
12:06:17.427 @LEG003 彭官灿
12:06:17.427 @LEG004 装配工
12:06:17.427 @LEG005 
12:06:17.427 @LEG006 
12:06:17.427 @LEG007 0.000000
12:06:17.427 @LEG008 
12:06:17.427 @LEG009 
12:06:17.427 @LEG010 0.000000
12:06:17.427 @LEG011 
12:06:17.427 @LEG012 离职
12:06:17.427 @idx 80
12:06:17.427 @LEG002 10049
12:06:17.427 @LEG013 LED车间
12:06:17.427 @LEG014 0
12:06:17.427 @LEG015 0
12:06:17.427 @LEG016 0
12:06:17.442 @LEG003 田菲菲
12:06:17.442 @LEG004 装配工
12:06:17.442 @LEG005 
12:06:17.442 @LEG006 
12:06:17.442 @LEG007 0.000000
12:06:17.442 @LEG008 
12:06:17.442 @LEG009 
12:06:17.442 @LEG010 0.000000
12:06:17.442 @LEG011 
12:06:17.442 @LEG012 离职
12:06:17.442 @idx 81
12:06:17.442 @LEG002 10050
12:06:17.442 @LEG013 LED车间
12:06:17.442 @LEG014 0
12:06:17.442 @LEG015 0
12:06:17.442 @LEG016 0
12:06:17.458 @LEG003 吴长宝
12:06:17.458 @LEG004 装配工
12:06:17.458 @LEG005 
12:06:17.458 @LEG006 
12:06:17.458 @LEG007 0.000000
12:06:17.458 @LEG008 
12:06:17.458 @LEG009 
12:06:17.458 @LEG010 0.000000
12:06:17.458 @LEG011 
12:06:17.458 @LEG012 离职
12:06:17.458 @idx 82
12:06:17.458 @LEG002 10051
12:06:17.458 @LEG013 LED车间
12:06:17.458 @LEG014 0
12:06:17.458 @LEG015 0
12:06:17.458 @LEG016 0
12:06:17.458 @LEG003 周思超
12:06:17.458 @LEG004 装配工
12:06:17.458 @LEG005 
12:06:17.458 @LEG006 
12:06:17.458 @LEG007 0.000000
12:06:17.458 @LEG008 2019/1/3 8:00:00
12:06:17.458 @LEG009 2019/1/3 17:00:00
12:06:17.458 @LEG010 13.000000
12:06:17.458 @LEG011 
12:06:17.458 @LEG012 在职
12:06:17.458 @idx 83
12:06:17.458 @LEG002 10052
12:06:17.458 @LEG013 LED车间
12:06:17.474 @LEG014 0
12:06:17.474 @LEG015 8
12:06:17.474 @LEG016 104
12:06:17.474 @LEG003 陈广会
12:06:17.474 @LEG004 装配工
12:06:17.474 @LEG005 
12:06:17.474 @LEG006 
12:06:17.474 @LEG007 0.000000
12:06:17.474 @LEG008 2019/1/3 8:00:00
12:06:17.474 @LEG009 2019/1/3 17:00:00
12:06:17.474 @LEG010 13.000000
12:06:17.474 @LEG011 
12:06:17.474 @LEG012 在职
12:06:17.474 @idx 84
12:06:17.474 @LEG002 10053
12:06:17.474 @LEG013 LED车间
12:06:17.474 @LEG014 0
12:06:17.474 @LEG015 8
12:06:17.474 @LEG016 104
12:06:17.489 @LEG003 杨方洪
12:06:17.489 @LEG004 装配工
12:06:17.489 @LEG005 
12:06:17.489 @LEG006 
12:06:17.489 @LEG007 0.000000
12:06:17.489 @LEG008 
12:06:17.489 @LEG009 
12:06:17.489 @LEG010 0.000000
12:06:17.489 @LEG011 
12:06:17.489 @LEG012 离职
12:06:17.489 @idx 85
12:06:17.489 @LEG002 10054
12:06:17.489 @LEG013 LED车间
12:06:17.489 @LEG014 0
12:06:17.489 @LEG015 0
12:06:17.489 @LEG016 0
12:06:17.505 @LEG003 黄曲作
12:06:17.505 @LEG004 装配工
12:06:17.505 @LEG005 
12:06:17.505 @LEG006 
12:06:17.505 @LEG007 0.000000
12:06:17.505 @LEG008 2019/1/3 8:00:00
12:06:17.505 @LEG009 2019/1/3 17:00:00
12:06:17.505 @LEG010 13.000000
12:06:17.505 @LEG011 
12:06:17.505 @LEG012 在职
12:06:17.505 @idx 86
12:06:17.505 @LEG002 10055
12:06:17.505 @LEG013 LED车间
12:06:17.505 @LEG014 0
12:06:17.505 @LEG015 8
12:06:17.505 @LEG016 104
12:06:17.520 @LEG003 宋万林
12:06:17.520 @LEG004 装配工
12:06:17.520 @LEG005 
12:06:17.520 @LEG006 
12:06:17.520 @LEG007 0.000000
12:06:17.520 @LEG008 2019/1/3 8:00:00
12:06:17.520 @LEG009 2019/1/3 17:00:00
12:06:17.520 @LEG010 13.000000
12:06:17.520 @LEG011 
12:06:17.520 @LEG012 在职
12:06:17.520 @idx 87
12:06:17.520 @LEG002 10056
12:06:17.520 @LEG013 LED车间
12:06:17.520 @LEG014 0
12:06:17.520 @LEG015 8
12:06:17.520 @LEG016 104
12:06:17.536 @LEG003 李光云
12:06:17.536 @LEG004 装配工
12:06:17.536 @LEG005 
12:06:17.536 @LEG006 
12:06:17.536 @LEG007 0.000000
12:06:17.536 @LEG008 2019/1/3 8:00:00
12:06:17.536 @LEG009 2019/1/3 17:00:00
12:06:17.536 @LEG010 13.000000
12:06:17.536 @LEG011 
12:06:17.536 @LEG012 在职
12:06:17.536 @idx 88
12:06:17.536 @LEG002 10057
12:06:17.536 @LEG013 LED车间
12:06:17.536 @LEG014 0
12:06:17.536 @LEG015 8
12:06:17.536 @LEG016 104
12:06:17.552 @LEG003 姚建华
12:06:17.552 @LEG004 装配工
12:06:17.552 @LEG005 
12:06:17.552 @LEG006 
12:06:17.552 @LEG007 0.000000
12:06:17.552 @LEG008 
12:06:17.552 @LEG009 
12:06:17.552 @LEG010 0.000000
12:06:17.552 @LEG011 
12:06:17.552 @LEG012 离职
12:06:17.552 @idx 89
12:06:17.552 @LEG002 10058
12:06:17.552 @LEG013 LED车间
12:06:17.552 @LEG014 0
12:06:17.552 @LEG015 0
12:06:17.552 @LEG016 0
12:06:17.567 @LEG003 陈其刚
12:06:17.567 @LEG004 装配工
12:06:17.567 @LEG005 
12:06:17.567 @LEG006 
12:06:17.567 @LEG007 0.000000
12:06:17.567 @LEG008 
12:06:17.567 @LEG009 
12:06:17.567 @LEG010 0.000000
12:06:17.567 @LEG011 
12:06:17.567 @LEG012 离职
12:06:17.567 @idx 90
12:06:17.567 @LEG002 10060
12:06:17.567 @LEG013 LED车间
12:06:17.567 @LEG014 0
12:06:17.567 @LEG015 0
12:06:17.567 @LEG016 0
12:06:17.583 @LEH002 GD201901020065
12:06:17.583 @LEH003 202121713
12:06:17.583 @LEH004 F113数显成品面板-LED
12:06:17.583 @LEH005 
12:06:17.583 @LEH006 PCS
12:06:17.598 @LEH007 1008
12:06:17.598 @LEH008 2.180000
12:06:17.598 @LEH009 735
12:06:17.598 @LEH010 
12:06:17.598 @idx 2
12:06:20.391 @LEF001 20190103001
12:06:20.391 @LEF017 True
12:08:00.383 @EMP002 系统管理员
12:08:00.383 @EMP033 9af7f2b45fff5ca168dd7081681fadd
12:08:46.559 @LEF001 20190104001
12:08:46.559 @LEF009 0506
12:08:46.559 @LEF010 LED车间
12:08:46.559 @LEF011 0506
12:08:46.559 @LEF012 LED车间
12:08:46.559 @LEF013 2019/1/4 0:00:00
12:08:46.559 @LEF015 
12:08:46.559 @LEF016 
12:08:46.559 @LEF017 False
12:08:46.559 @LEF018 False
12:08:46.559 @LEF019 0
12:08:46.559 @LEF020 0
12:08:46.559 @LEF021 计时
12:08:46.559 @LEF022 系统管理员
12:08:46.559 @LEF023 2019/1/4 8:00:00
12:08:46.559 @LEF024 2019/1/4 17:00:00
12:08:46.559 @LEG001 20190104001
12:08:46.559 @LEG002 10015
12:08:46.559 @LEG003 郭婧
12:08:46.559 @LEG004 装配工
12:08:46.559 @LEG005 
12:08:46.559 @LEG006 
12:08:46.559 @LEG007 0
12:08:46.559 @LEG008 2019/1/4 8:00:00
12:08:46.559 @LEG009 2019/1/4 17:00:00
12:08:46.559 @LEG010 0
12:08:46.559 @LEG011 
12:08:46.559 @LEG012 在职
12:08:46.559 @LEG013 LED车间
12:08:46.559 @LEG014 0
12:08:46.559 @LEG015 9
12:08:46.575 @LEG016 0
12:08:46.575 @LEG001 20190104001
12:08:46.575 @LEG002 10016
12:08:46.575 @LEG003 龙兴连
12:08:46.575 @LEG004 装配工
12:08:46.575 @LEG005 
12:08:46.575 @LEG006 
12:08:46.575 @LEG007 0
12:08:46.575 @LEG008 2019/1/4 8:00:00
12:08:46.575 @LEG009 2019/1/4 17:00:00
12:08:46.575 @LEG010 0
12:08:46.575 @LEG011 
12:08:46.575 @LEG012 在职
12:08:46.575 @LEG013 LED车间
12:08:46.575 @LEG014 0
12:08:46.575 @LEG015 9
12:08:46.575 @LEG016 0
12:08:46.606 @LEG001 20190104001
12:08:46.606 @LEG002 10017
12:08:46.606 @LEG003 聂付秋
12:08:46.606 @LEG004 装配工
12:08:46.606 @LEG005 
12:08:46.606 @LEG006 
12:08:46.606 @LEG007 0
12:08:46.606 @LEG008 2019/1/4 8:00:00
12:08:46.606 @LEG009 2019/1/4 17:00:00
12:08:46.606 @LEG010 0
12:08:46.606 @LEG011 
12:08:46.606 @LEG012 在职
12:08:46.606 @LEG013 LED车间
12:08:46.606 @LEG014 0
12:08:46.606 @LEG015 9
12:08:46.606 @LEG016 0
12:08:46.622 @LEG001 20190104001
12:08:46.622 @LEG002 10018
12:08:46.622 @LEG003 薛能米
12:08:46.622 @LEG004 装配工
12:08:46.622 @LEG005 
12:08:46.622 @LEG006 
12:08:46.622 @LEG007 0
12:08:46.622 @LEG008 2019/1/4 8:00:00
12:08:46.622 @LEG009 2019/1/4 17:00:00
12:08:46.622 @LEG010 0
12:08:46.622 @LEG011 
12:08:46.622 @LEG012 在职
12:08:46.622 @LEG013 LED车间
12:08:46.622 @LEG014 0
12:08:46.622 @LEG015 9
12:08:46.622 @LEG016 0
12:08:46.637 @LEG001 20190104001
12:08:46.637 @LEG002 10019
12:08:46.637 @LEG003 彭顺艳
12:08:46.637 @LEG004 装配工
12:08:46.637 @LEG005 
12:08:46.637 @LEG006 
12:08:46.637 @LEG007 0
12:08:46.637 @LEG008 2019/1/4 8:00:00
12:08:46.637 @LEG009 2019/1/4 17:00:00
12:08:46.637 @LEG010 0
12:08:46.637 @LEG011 
12:08:46.637 @LEG012 在职
12:08:46.637 @LEG013 LED车间
12:08:46.637 @LEG014 0
12:08:46.637 @LEG015 9
12:08:46.637 @LEG016 0
12:08:46.637 @LEG001 20190104001
12:08:46.637 @LEG002 10020
12:08:46.637 @LEG003 罗小琴
12:08:46.637 @LEG004 装配工
12:08:46.637 @LEG005 
12:08:46.637 @LEG006 
12:08:46.637 @LEG007 0
12:08:46.637 @LEG008 2019/1/4 8:00:00
12:08:46.637 @LEG009 2019/1/4 17:00:00
12:08:46.637 @LEG010 0
12:08:46.637 @LEG011 
12:08:46.637 @LEG012 在职
12:08:46.637 @LEG013 LED车间
12:08:46.637 @LEG014 0
12:08:46.637 @LEG015 9
12:08:46.637 @LEG016 0
12:08:46.653 @LEG001 20190104001
12:08:46.653 @LEG002 10021
12:08:46.653 @LEG003 吕红艳
12:08:46.653 @LEG004 装配工
12:08:46.653 @LEG005 2019/1/4 8:00:00
12:08:46.653 @LEG006 2019/1/4 17:00:00
12:08:46.653 @LEG007 0
12:08:46.653 @LEG008 
12:08:46.653 @LEG009 
12:08:46.653 @LEG010 0
12:08:46.653 @LEG011 
12:08:46.653 @LEG012 在职
12:08:46.653 @LEG013 LED车间
12:08:46.653 @LEG014 9
12:08:46.653 @LEG015 0
12:08:46.653 @LEG016 0
12:08:46.669 @LEG001 20190104001
12:08:46.669 @LEG002 10022
12:08:46.669 @LEG003 李朝粉
12:08:46.669 @LEG004 装配工
12:08:46.669 @LEG005 2019/1/4 8:00:00
12:08:46.669 @LEG006 2019/1/4 17:00:00
12:08:46.669 @LEG007 0
12:08:46.669 @LEG008 2019/1/4 8:00:00
12:08:46.669 @LEG009 2019/1/4 17:00:00
12:08:46.669 @LEG010 0
12:08:46.669 @LEG011 
12:08:46.669 @LEG012 在职
12:08:46.669 @LEG013 LED车间
12:08:46.669 @LEG014 9
12:08:46.669 @LEG015 9
12:08:46.669 @LEG016 0
12:08:46.669 @LEG001 20190104001
12:08:46.669 @LEG002 10024
12:08:46.669 @LEG003 平单单
12:08:46.669 @LEG004 装配工
12:08:46.669 @LEG005 2019/1/4 8:00:00
12:08:46.669 @LEG006 
12:08:46.669 @LEG007 0
12:08:46.669 @LEG008 2019/1/4 8:00:00
12:08:46.669 @LEG009 2019/1/4 17:00:00
12:08:46.669 @LEG010 0
12:08:46.669 @LEG011 
12:08:46.684 @LEG012 在职
12:08:46.684 @LEG013 LED车间
12:08:46.684 @LEG014 0
12:08:46.684 @LEG015 9
12:08:46.684 @LEG016 0
12:08:46.684 @LEG001 20190104001
12:08:46.684 @LEG002 10025
12:08:46.684 @LEG003 梁永琴
12:08:46.684 @LEG004 装配工
12:08:46.684 @LEG005 2019/1/4 8:00:00
12:08:46.684 @LEG006 
12:08:46.684 @LEG007 0
12:08:46.684 @LEG008 2019/1/4 8:00:00
12:08:46.684 @LEG009 2019/1/4 17:00:00
12:08:46.684 @LEG010 0
12:08:46.684 @LEG011 
12:08:46.684 @LEG012 在职
12:08:46.684 @LEG013 LED车间
12:08:46.684 @LEG014 0
12:08:46.684 @LEG015 9
12:08:46.684 @LEG016 0
12:08:46.700 @LEG001 20190104001
12:08:46.700 @LEG002 10026
12:08:46.700 @LEG003 胡孝明
12:08:46.700 @LEG004 装配工
12:08:46.700 @LEG005 2019/1/4 8:00:00
12:08:46.700 @LEG006 
12:08:46.700 @LEG007 0
12:08:46.700 @LEG008 2019/1/4 8:00:00
12:08:46.700 @LEG009 2019/1/4 17:00:00
12:08:46.700 @LEG010 0
12:08:46.700 @LEG011 
12:08:46.700 @LEG012 在职
12:08:46.700 @LEG013 LED车间
12:08:46.700 @LEG014 0
12:08:46.700 @LEG015 9
12:08:46.700 @LEG016 0
12:08:46.715 @LEG001 20190104001
12:08:46.715 @LEG002 10027
12:08:46.715 @LEG003 聂昌奎
12:08:46.715 @LEG004 装配工
12:08:46.715 @LEG005 2019/1/4 8:00:00
12:08:46.715 @LEG006 
12:08:46.715 @LEG007 0
12:08:46.715 @LEG008 2019/1/4 8:00:00
12:08:46.715 @LEG009 2019/1/4 17:00:00
12:08:46.715 @LEG010 0
12:08:46.715 @LEG011 
12:08:46.715 @LEG012 在职
12:08:46.715 @LEG013 LED车间
12:08:46.715 @LEG014 0
12:08:46.715 @LEG015 9
12:08:46.715 @LEG016 0
12:08:46.715 @LEG001 20190104001
12:08:46.715 @LEG002 10028
12:08:46.715 @LEG003 陶兴琴
12:08:46.715 @LEG004 装配工
12:08:46.715 @LEG005 2019/1/4 8:00:00
12:08:46.715 @LEG006 
12:08:46.715 @LEG007 0
12:08:46.715 @LEG008 2019/1/4 8:00:00
12:08:46.715 @LEG009 2019/1/4 17:00:00
12:08:46.715 @LEG010 0
12:08:46.731 @LEG011 
12:08:46.731 @LEG012 在职
12:08:46.731 @LEG013 LED车间
12:08:46.731 @LEG014 0
12:08:46.731 @LEG015 9
12:08:46.731 @LEG016 0
12:08:46.731 @LEG001 20190104001
12:08:46.731 @LEG002 10029
12:08:46.731 @LEG003 段进连
12:08:46.731 @LEG004 装配工
12:08:46.731 @LEG005 2019/1/4 8:00:00
12:08:46.731 @LEG006 
12:08:46.731 @LEG007 0
12:08:46.731 @LEG008 2019/1/4 8:00:00
12:08:46.731 @LEG009 2019/1/4 17:00:00
12:08:46.731 @LEG010 0
12:08:46.731 @LEG011 
12:08:46.731 @LEG012 在职
12:08:46.731 @LEG013 LED车间
12:08:46.731 @LEG014 0
12:08:46.731 @LEG015 9
12:08:46.731 @LEG016 0
12:08:46.747 @LEG001 20190104001
12:08:46.747 @LEG002 10030
12:08:46.747 @LEG003 李大花
12:08:46.747 @LEG004 装配工
12:08:46.747 @LEG005 2019/1/4 8:00:00
12:08:46.747 @LEG006 
12:08:46.747 @LEG007 0
12:08:46.747 @LEG008 2019/1/4 8:00:00
12:08:46.747 @LEG009 2019/1/4 17:00:00
12:08:46.747 @LEG010 0
12:08:46.747 @LEG011 
12:08:46.747 @LEG012 在职
12:08:46.747 @LEG013 LED车间
12:08:46.747 @LEG014 0
12:08:46.747 @LEG015 9
12:08:46.747 @LEG016 0
12:08:46.747 @LEG001 20190104001
12:08:46.747 @LEG002 10031
12:08:46.747 @LEG003 黄史作
12:08:46.747 @LEG004 装配工
12:08:46.762 @LEG005 2019/1/4 8:00:00
12:08:46.762 @LEG006 
12:08:46.762 @LEG007 0
12:08:46.762 @LEG008 2019/1/4 8:00:00
12:08:46.762 @LEG009 2019/1/4 17:00:00
12:08:46.762 @LEG010 0
12:08:46.762 @LEG011 
12:08:46.762 @LEG012 在职
12:08:46.762 @LEG013 LED车间
12:08:46.762 @LEG014 0
12:08:46.762 @LEG015 9
12:08:46.762 @LEG016 0
12:08:46.762 @LEG001 20190104001
12:08:46.762 @LEG002 10032
12:08:46.762 @LEG003 罗昌梅
12:08:46.762 @LEG004 装配工
12:08:46.762 @LEG005 2019/1/4 8:00:00
12:08:46.762 @LEG006 
12:08:46.762 @LEG007 0
12:08:46.762 @LEG008 2019/1/4 8:00:00
12:08:46.762 @LEG009 2019/1/4 17:00:00
12:08:46.762 @LEG010 0
12:08:46.762 @LEG011 
12:08:46.762 @LEG012 在职
12:08:46.762 @LEG013 LED车间
12:08:46.762 @LEG014 0
12:08:46.762 @LEG015 9
12:08:46.762 @LEG016 0
12:08:46.778 @LEG001 20190104001
12:08:46.778 @LEG002 10033
12:08:46.778 @LEG003 赵雨婷
12:08:46.778 @LEG004 装配工
12:08:46.778 @LEG005 2019/1/4 8:00:00
12:08:46.778 @LEG006 
12:08:46.778 @LEG007 0
12:08:46.778 @LEG008 2019/1/4 8:00:00
12:08:46.778 @LEG009 2019/1/4 17:00:00
12:08:46.778 @LEG010 0
12:08:46.778 @LEG011 
12:08:46.778 @LEG012 在职
12:08:46.778 @LEG013 LED车间
12:08:46.778 @LEG014 0
12:08:46.778 @LEG015 9
12:08:46.778 @LEG016 0
12:08:46.778 @LEG001 20190104001
12:08:46.778 @LEG002 10034
12:08:46.778 @LEG003 杜顺艳
12:08:46.778 @LEG004 装配工
12:08:46.778 @LEG005 2019/1/4 8:00:00
12:08:46.778 @LEG006 
12:08:46.778 @LEG007 0
12:08:46.778 @LEG008 2019/1/4 8:00:00
12:08:46.778 @LEG009 2019/1/4 17:00:00
12:08:46.778 @LEG010 0
12:08:46.793 @LEG011 
12:08:46.793 @LEG012 在职
12:08:46.793 @LEG013 LED车间
12:08:46.793 @LEG014 0
12:08:46.793 @LEG015 9
12:08:46.793 @LEG016 0
12:08:46.793 @LEG001 20190104001
12:08:46.793 @LEG002 10035
12:08:46.793 @LEG003 韩孝君
12:08:46.793 @LEG004 装配工
12:08:46.793 @LEG005 2019/1/4 8:00:00
12:08:46.793 @LEG006 
12:08:46.793 @LEG007 0
12:08:46.793 @LEG008 2019/1/4 8:00:00
12:08:46.793 @LEG009 2019/1/4 17:00:00
12:08:46.793 @LEG010 0
12:08:46.793 @LEG011 
12:08:46.793 @LEG012 在职
12:08:46.793 @LEG013 LED车间
12:08:46.793 @LEG014 0
12:08:46.793 @LEG015 9
12:08:46.793 @LEG016 0
12:08:46.809 @LEG001 20190104001
12:08:46.809 @LEG002 10036
12:08:46.809 @LEG003 何培凤
12:08:46.809 @LEG004 装配工
12:08:46.809 @LEG005 2019/1/4 8:00:00
12:08:46.809 @LEG006 
12:08:46.809 @LEG007 0
12:08:46.809 @LEG008 2019/1/4 8:00:00
12:08:46.809 @LEG009 2019/1/4 17:00:00
12:08:46.809 @LEG010 0
12:08:46.809 @LEG011 
12:08:46.809 @LEG012 在职
12:08:46.809 @LEG013 LED车间
12:08:46.809 @LEG014 0
12:08:46.809 @LEG015 9
12:08:46.809 @LEG016 0
12:08:46.825 @LEG001 20190104001
12:08:46.825 @LEG002 10037
12:08:46.825 @LEG003 王程平
12:08:46.825 @LEG004 装配工
12:08:46.825 @LEG005 2019/1/4 8:00:00
12:08:46.825 @LEG006 
12:08:46.825 @LEG007 0
12:08:46.825 @LEG008 2019/1/4 8:00:00
12:08:46.825 @LEG009 2019/1/4 17:00:00
12:08:46.825 @LEG010 0
12:08:46.825 @LEG011 
12:08:46.825 @LEG012 在职
12:08:46.825 @LEG013 LED车间
12:08:46.825 @LEG014 0
12:08:46.825 @LEG015 9
12:08:46.825 @LEG016 0
12:08:46.825 @LEG001 20190104001
12:08:46.825 @LEG002 10038
12:08:46.825 @LEG003 韩英
12:08:46.825 @LEG004 装配工
12:08:46.825 @LEG005 2019/1/4 8:00:00
12:08:46.825 @LEG006 
12:08:46.825 @LEG007 0
12:08:46.825 @LEG008 2019/1/4 8:00:00
12:08:46.840 @LEG009 2019/1/4 17:00:00
12:08:46.840 @LEG010 0
12:08:46.840 @LEG011 
12:08:46.840 @LEG012 在职
12:08:46.840 @LEG013 LED车间
12:08:46.840 @LEG014 0
12:08:46.840 @LEG015 9
12:08:46.840 @LEG016 0
12:08:46.840 @LEG001 20190104001
12:08:46.840 @LEG002 10039
12:08:46.840 @LEG003 杨海霞
12:08:46.840 @LEG004 装配工
12:08:46.840 @LEG005 2019/1/4 8:00:00
12:08:46.840 @LEG006 
12:08:46.840 @LEG007 0
12:08:46.840 @LEG008 2019/1/4 8:00:00
12:08:46.840 @LEG009 2019/1/4 17:00:00
12:08:46.840 @LEG010 0
12:08:46.840 @LEG011 
12:08:46.840 @LEG012 在职
12:08:46.840 @LEG013 LED车间
12:08:46.840 @LEG014 0
12:08:46.840 @LEG015 9
12:08:46.840 @LEG016 0
12:08:46.856 @LEG001 20190104001
12:08:46.856 @LEG002 10040
12:08:46.856 @LEG003 李林菊
12:08:46.856 @LEG004 装配工
12:08:46.856 @LEG005 2019/1/4 8:00:00
12:08:46.856 @LEG006 
12:08:46.856 @LEG007 0
12:08:46.856 @LEG008 2019/1/4 8:00:00
12:08:46.856 @LEG009 2019/1/4 17:00:00
12:08:46.856 @LEG010 0
12:08:46.856 @LEG011 
12:08:46.856 @LEG012 在职
12:08:46.856 @LEG013 LED车间
12:08:46.856 @LEG014 0
12:08:46.856 @LEG015 9
12:08:46.856 @LEG016 0
12:08:46.856 @LEG001 20190104001
12:08:46.856 @LEG002 10041
12:08:46.871 @LEG003 吴群英
12:08:46.871 @LEG004 装配工
12:08:46.871 @LEG005 2019/1/4 8:00:00
12:08:46.871 @LEG006 
12:08:46.871 @LEG007 0
12:08:46.871 @LEG008 2019/1/4 8:00:00
12:08:46.871 @LEG009 2019/1/4 17:00:00
12:08:46.871 @LEG010 0
12:08:46.871 @LEG011 
12:08:46.871 @LEG012 在职
12:08:46.871 @LEG013 LED车间
12:08:46.871 @LEG014 0
12:08:46.871 @LEG015 9
12:08:46.871 @LEG016 0
12:08:46.871 @LEG001 20190104001
12:08:46.871 @LEG002 10043
12:08:46.871 @LEG003 唐春凤
12:08:46.871 @LEG004 装配工
12:08:46.871 @LEG005 2019/1/4 8:00:00
12:08:46.871 @LEG006 
12:08:46.871 @LEG007 0
12:08:46.871 @LEG008 2019/1/4 8:00:00
12:08:46.871 @LEG009 2019/1/4 17:00:00
12:08:46.871 @LEG010 0
12:08:46.871 @LEG011 
12:08:46.871 @LEG012 在职
12:08:46.871 @LEG013 LED车间
12:08:46.871 @LEG014 0
12:08:46.871 @LEG015 9
12:08:46.871 @LEG016 0
12:08:46.887 @LEG001 20190104001
12:08:46.887 @LEG002 10044
12:08:46.887 @LEG003 陈朝香
12:08:46.887 @LEG004 装配工
12:08:46.887 @LEG005 2019/1/4 8:00:00
12:08:46.887 @LEG006 
12:08:46.887 @LEG007 0
12:08:46.887 @LEG008 2019/1/4 8:00:00
12:08:46.887 @LEG009 2019/1/4 17:00:00
12:08:46.887 @LEG010 0
12:08:46.887 @LEG011 
12:08:46.887 @LEG012 在职
12:08:46.887 @LEG013 LED车间
12:08:46.887 @LEG014 0
12:08:46.887 @LEG015 9
12:08:46.887 @LEG016 0
12:08:46.887 @LEG001 20190104001
12:08:46.887 @LEG002 10045
12:08:46.887 @LEG003 牟飞
12:08:46.887 @LEG004 装配工
12:08:46.887 @LEG005 2019/1/4 8:00:00
12:08:46.887 @LEG006 
12:08:46.887 @LEG007 0
12:08:46.903 @LEG008 2019/1/4 8:00:00
12:08:46.903 @LEG009 2019/1/4 17:00:00
12:08:46.903 @LEG010 0
12:08:46.903 @LEG011 
12:08:46.903 @LEG012 在职
12:08:46.903 @LEG013 LED车间
12:08:46.903 @LEG014 0
12:08:46.903 @LEG015 9
12:08:46.903 @LEG016 0
12:08:46.903 @LEG001 20190104001
12:08:46.903 @LEG002 10048
12:08:46.903 @LEG003 王建琼
12:08:46.903 @LEG004 装配工
12:08:46.903 @LEG005 2019/1/4 8:00:00
12:08:46.903 @LEG006 
12:08:46.903 @LEG007 0
12:08:46.903 @LEG008 2019/1/4 8:00:00
12:08:46.903 @LEG009 2019/1/4 17:00:00
12:08:46.903 @LEG010 0
12:08:46.903 @LEG011 
12:08:46.903 @LEG012 在职
12:08:46.903 @LEG013 LED车间
12:08:46.903 @LEG014 0
12:08:46.903 @LEG015 9
12:08:46.903 @LEG016 0
12:08:46.918 @LEG001 20190104001
12:08:46.918 @LEG002 10052
12:08:46.918 @LEG003 周思超
12:08:46.918 @LEG004 装配工
12:08:46.918 @LEG005 2019/1/4 8:00:00
12:08:46.918 @LEG006 
12:08:46.918 @LEG007 0
12:08:46.918 @LEG008 2019/1/4 8:00:00
12:08:46.918 @LEG009 2019/1/4 17:00:00
12:08:46.918 @LEG010 0
12:08:46.918 @LEG011 
12:08:46.918 @LEG012 在职
12:08:46.918 @LEG013 LED车间
12:08:46.918 @LEG014 0
12:08:46.918 @LEG015 9
12:08:46.918 @LEG016 0
12:08:46.918 @LEG001 20190104001
12:08:46.918 @LEG002 10053
12:08:46.918 @LEG003 陈广会
12:08:46.918 @LEG004 装配工
12:08:46.918 @LEG005 2019/1/4 8:00:00
12:08:46.918 @LEG006 
12:08:46.934 @LEG007 0
12:08:46.934 @LEG008 2019/1/4 8:00:00
12:08:46.934 @LEG009 2019/1/4 17:00:00
12:08:46.934 @LEG010 0
12:08:46.934 @LEG011 
12:08:46.934 @LEG012 在职
12:08:46.934 @LEG013 LED车间
12:08:46.934 @LEG014 0
12:08:46.934 @LEG015 9
12:08:46.934 @LEG016 0
12:08:46.934 @LEG001 20190104001
12:08:46.934 @LEG002 10055
12:08:46.934 @LEG003 黄曲作
12:08:46.934 @LEG004 装配工
12:08:46.934 @LEG005 2019/1/4 8:00:00
12:08:46.934 @LEG006 
12:08:46.934 @LEG007 0
12:08:46.934 @LEG008 2019/1/4 8:00:00
12:08:46.934 @LEG009 2019/1/4 17:00:00
12:08:46.934 @LEG010 0
12:08:46.934 @LEG011 
12:08:46.934 @LEG012 在职
12:08:46.934 @LEG013 LED车间
12:08:46.934 @LEG014 0
12:08:46.934 @LEG015 9
12:08:46.934 @LEG016 0
12:08:46.949 @LEG001 20190104001
12:08:46.949 @LEG002 10056
12:08:46.949 @LEG003 宋万林
12:08:46.949 @LEG004 装配工
12:08:46.949 @LEG005 2019/1/4 8:00:00
12:08:46.949 @LEG006 
12:08:46.949 @LEG007 0
12:08:46.949 @LEG008 2019/1/4 8:00:00
12:08:46.949 @LEG009 2019/1/4 17:00:00
12:08:46.949 @LEG010 0
12:08:46.949 @LEG011 
12:08:46.949 @LEG012 在职
12:08:46.949 @LEG013 LED车间
12:08:46.949 @LEG014 0
12:08:46.949 @LEG015 9
12:08:46.949 @LEG016 0
12:08:46.949 @LEG001 20190104001
12:08:46.949 @LEG002 10057
12:08:46.949 @LEG003 李光云
12:08:46.949 @LEG004 装配工
12:08:46.949 @LEG005 2019/1/4 8:00:00
12:08:46.949 @LEG006 
12:08:46.949 @LEG007 0
12:08:46.949 @LEG008 2019/1/4 8:00:00
12:08:46.949 @LEG009 2019/1/4 17:00:00
12:08:46.949 @LEG010 0
12:08:46.965 @LEG011 
12:08:46.965 @LEG012 在职
12:08:46.965 @LEG013 LED车间
12:08:46.965 @LEG014 0
12:08:46.965 @LEG015 9
12:08:46.965 @LEG016 0
12:11:37.438 @EMP002 系统管理员
12:11:37.438 @EMP033 9af7f2b45fff5ca168dd7081681fadd
12:12:38.196 @EMP002 系统管理员
12:12:38.196 @EMP033 9af7f2b45fff5ca168dd7081681fadd
13:35:55.072 @EMP002 系统管理员
13:35:55.072 @EMP033 c5a451adf596c216c5c93b5985598352
13:35:58.754 @EMP002 系统管理员
13:35:58.754 @EMP033 d7b541126b74b5a4c8815849cc61643
13:36:04.042 @EMP002 系统管理员
13:36:04.042 @EMP033 9af7f2b45fff5ca168dd7081681fadd
14:15:12.429 @EMP002 系统管理员
14:15:12.430 @EMP033 9af7f2b45fff5ca168dd7081681fadd
14:37:09.841 @EMP002 系统管理员
14:37:09.842 @EMP033 9af7f2b45fff5ca168dd7081681fadd
14:39:02.856 @EMP002 系统管理员
14:39:02.857 @EMP033 9af7f2b45fff5ca168dd7081681fadd
14:43:07.736 @HAW001 W20190104002
14:43:07.737 @HAW002 GD201901020118
14:43:07.737 @HAW003 202101335
14:43:07.737 @HAW004 F55面板-丝印
14:43:07.737 @HAW005 600*300mm
14:43:07.737 @HAW006 PCS
14:43:07.737 @HAW007 4450
14:43:07.738 @HAW008 0.344
14:43:07.738 @HAW009 0
14:43:07.738 @HAW010 2019/1/4 0:00:00
14:43:07.738 @HAW011 计件
14:43:07.738 @HAW012 0501
14:43:07.738 @HAW013 五金车间
14:43:07.738 @HAW014 0501
14:43:07.738 @HAW015 五金车间
14:43:07.739 @HAW016 
14:43:07.739 @HAW017 
14:43:07.739 @HAW018 False
14:43:07.739 @HAW019 False
14:43:07.739 @HAW020 0
14:43:07.739 @HAW021 0
14:43:07.739 @HAW023 系统管理员
14:43:07.739 @HAW024 2019/1/4 8:00:00
14:43:07.740 @HAW025 2019/1/4 17:00:00
14:43:07.755 @HAX001 W20190104002
14:43:07.755 @HAX002 10011
14:43:07.755 @HAX003 吴征义
14:43:07.756 @HAX004 成品搬运工
14:43:07.756 @HAX005 1012
14:43:07.756 @HAX006 焊接
14:43:07.756 @HAX007 0.25
14:43:07.756 @HAX008 90
14:43:07.756 @HAX009 2019/1/4 8:00:00
14:43:07.757 @HAX010 2019/1/4 17:00:00
14:43:07.757 @HAX011 
14:43:07.757 @HAX012 
14:43:07.757 @HAX013 0
14:43:07.757 @HAX014 
14:43:07.757 @HAX015 在职
14:43:07.758 @HAX016 001
14:43:07.758 @HAX017 物流组
14:43:07.758 @HAX018 9
14:43:07.758 @HAX019 0
14:43:07.758 @HAX020 22.5
14:43:07.766 @HAX001 W20190104002
14:43:07.767 @HAX002 10011
14:43:07.767 @HAX003 吴征义
14:43:07.767 @HAX004 成品搬运工
14:43:07.767 @HAX005 1008
14:43:07.767 @HAX006 成型
14:43:07.768 @HAX007 0.025
14:43:07.768 @HAX008 90
14:43:07.768 @HAX009 2019/1/4 8:00:00
14:43:07.768 @HAX010 2019/1/4 17:00:00
14:43:07.768 @HAX011 
14:43:07.769 @HAX012 
14:43:07.769 @HAX013 0
14:43:07.769 @HAX014 
14:43:07.769 @HAX015 在职
14:43:07.770 @HAX016 002
14:43:07.770 @HAX017 物流组
14:43:07.770 @HAX018 9
14:43:07.770 @HAX019 0
14:43:07.770 @HAX020 2.3
14:43:07.779 @HAX001 W20190104002
14:43:07.779 @HAX002 10012
14:43:07.779 @HAX003 王世洪
14:43:07.780 @HAX004 成品搬运工
14:43:07.780 @HAX005 1009
14:43:07.780 @HAX006 压筋
14:43:07.780 @HAX007 0.035
14:43:07.780 @HAX008 90
14:43:07.781 @HAX009 2019/1/4 8:00:00
14:43:07.781 @HAX010 2019/1/4 17:00:00
14:43:07.781 @HAX011 
14:43:07.781 @HAX012 
14:43:07.781 @HAX013 0
14:43:07.782 @HAX014 
14:43:07.782 @HAX015 在职
14:43:07.782 @HAX016 003
14:43:07.782 @HAX017 物流组
14:43:07.782 @HAX018 9
14:43:07.783 @HAX019 0
14:43:07.783 @HAX020 3.2
14:43:07.790 @HAX001 W20190104002
14:43:07.790 @HAX002 10011
14:43:07.790 @HAX003 吴征义
14:43:07.790 @HAX004 成品搬运工
14:43:07.791 @HAX005 1005
14:43:07.791 @HAX006 冲孔
14:43:07.791 @HAX007 0.032
14:43:07.791 @HAX008 90
14:43:07.791 @HAX009 2019/1/4 8:00:00
14:43:07.792 @HAX010 2019/1/4 17:00:00
14:43:07.792 @HAX011 
14:43:07.792 @HAX012 
14:43:07.792 @HAX013 0
14:43:07.792 @HAX014 
14:43:07.793 @HAX015 在职
14:43:07.793 @HAX016 004
14:43:07.793 @HAX017 物流组
14:43:07.793 @HAX018 9
14:43:07.793 @HAX019 0
14:43:07.794 @HAX020 2.9
14:43:07.900 @HAX001 W20190104002
14:43:07.901 @HAX002 10017
14:43:07.901 @HAX003 聂付秋
14:43:07.901 @HAX004 装配工
14:43:07.901 @HAX005 1006
14:43:07.901 @HAX006 翻孔
14:43:07.902 @HAX007 0.03
14:43:07.902 @HAX008 0
14:43:07.902 @HAX009 
14:43:07.902 @HAX010 
14:43:07.902 @HAX011 
14:43:07.902 @HAX012 
14:43:07.903 @HAX013 0
14:43:07.903 @HAX014 
14:43:07.903 @HAX015 在职
14:43:07.903 @HAX016 005
14:43:07.903 @HAX017 LED车间
14:43:07.904 @HAX018 0
14:43:07.904 @HAX019 0
14:43:07.904 @HAX020 0.0
14:43:07.912 @HAX001 W20190104002
14:43:07.912 @HAX002 10022
14:43:07.912 @HAX003 李朝粉
14:43:07.913 @HAX004 装配工
14:43:07.913 @HAX005 1005
14:43:07.913 @HAX006 冲孔
14:43:07.913 @HAX007 0.042
14:43:07.913 @HAX008 0
14:43:07.914 @HAX009 
14:43:07.914 @HAX010 
14:43:07.914 @HAX011 
14:43:07.914 @HAX012 
14:43:07.914 @HAX013 0
14:43:07.915 @HAX014 
14:43:07.915 @HAX015 在职
14:43:07.915 @HAX016 006
14:43:07.915 @HAX017 LED车间
14:43:07.915 @HAX018 0
14:43:07.915 @HAX019 0
14:43:07.916 @HAX020 0.0
14:43:07.923 @HAX001 W20190104002
14:43:07.923 @HAX002 10027
14:43:07.924 @HAX003 聂昌奎
14:43:07.924 @HAX004 装配工
14:43:07.924 @HAX005 1017
14:43:07.924 @HAX006 丝印
14:43:07.924 @HAX007 0.15
14:43:07.925 @HAX008 0
14:43:07.925 @HAX009 
14:43:07.925 @HAX010 
14:43:07.925 @HAX011 
14:43:07.925 @HAX012 
14:43:07.926 @HAX013 0
14:43:07.926 @HAX014 
14:43:07.926 @HAX015 在职
14:43:07.926 @HAX016 007
14:43:07.926 @HAX017 LED车间
14:43:07.927 @HAX018 0
14:43:07.927 @HAX019 0
14:43:07.927 @HAX020 0.0
14:48:24.354 @EMP002 系统管理员
14:48:24.355 @EMP033 9af7f2b45fff5ca168dd7081681fadd
14:51:51.286 @EMP002 系统管理员
14:51:51.293 @EMP033 9af7f2b45fff5ca168dd7081681fadd
14:54:21.377 @EMP002 系统管理员
14:54:21.378 @EMP033 9af7f2b45fff5ca168dd7081681fadd
14:56:30.565 @EMP002 系统管理员
14:56:30.566 @EMP033 9af7f2b45fff5ca168dd7081681fadd
14:59:18.193 @EMP002 系统管理员
14:59:18.195 @EMP033 9af7f2b45fff5ca168dd7081681fadd
15:00:06.568 @IJA001 S20190104003
15:00:06.568 @IJA002 计件
15:00:06.569 @IJA003 0502
15:00:06.569 @IJA004 注塑车间
15:00:06.569 @IJA005 0502
15:00:06.569 @IJA006 注塑车间
15:00:06.570 @IJA007 2019/1/4 0:00:00
15:00:06.570 @IJA008 
15:00:06.570 @IJA009 
15:00:06.570 @IJA010 False
15:00:06.570 @IJA011 False
15:00:06.571 @IJA012 0
15:00:06.571 @IJA013 0
15:00:06.571 @IJA014 系统管理员
15:00:06.571 @IJA015 2019/1/4 8:00:00
15:00:06.571 @IJA016 2019/1/4 20:00:00
15:00:06.578 @IJB001 S20190104003
15:00:06.578 @IJB002 10011
15:00:06.578 @IJB003 在职
15:00:06.579 @IJB004 GD201901020041
15:00:06.579 @IJB005 201151203
15:00:06.579 @IJB006 2230GC面板-注塑
15:00:06.579 @IJB007 
15:00:06.579 @IJB008 PCS
15:00:06.580 @IJB009 0.2
15:00:06.580 @IJB010 1200
15:00:06.580 @IJB011 0.2
15:00:06.580 @IJB012 吴征义
15:00:06.580 @IJB013 成品搬运工
15:00:06.581 @IJB014 半自动
15:00:06.581 @IJB015 100
15:00:06.581 @IJB016 2019/1/4 8:00:00
15:00:06.581 @IJB017 2019/1/4 20:00:00
15:00:06.581 @IJB018 
15:00:06.581 @IJB019 
15:00:06.582 @IJB020 0
15:00:06.582 @IJB021 
15:00:06.582 @IJB022 物流组
15:00:06.582 @IJB023 0
15:00:06.582 @IJB024 12
15:00:06.583 @IJB025 20.0
15:00:06.590 @IJB001 S20190104003
15:00:06.590 @IJB002 10012
15:00:06.590 @IJB003 在职
15:00:06.591 @IJB004 GD201901020039
15:00:06.591 @IJB005 201091128
15:00:06.591 @IJB006 F62双向风轮
15:00:06.591 @IJB007 
15:00:06.591 @IJB008 PCS
15:00:06.592 @IJB009 0.18
15:00:06.592 @IJB010 6000
15:00:06.592 @IJB011 0.18
15:00:06.592 @IJB012 王世洪
15:00:06.592 @IJB013 成品搬运工
15:00:06.593 @IJB014 半自动
15:00:06.593 @IJB015 100
15:00:06.593 @IJB016 2019/1/4 8:00:00
15:00:06.593 @IJB017 2019/1/4 20:00:00
15:00:06.594 @IJB018 
15:00:06.594 @IJB019 
15:00:06.594 @IJB020 0
15:00:06.594 @IJB021 
15:00:06.594 @IJB022 物流组
15:00:06.595 @IJB023 0
15:00:06.595 @IJB024 12
15:00:06.595 @IJB025 18.0
15:00:06.636 @IJB001 S20190104003
15:00:06.636 @IJB002 10013
15:00:06.637 @IJB003 在职
15:00:06.637 @IJB004 GD201901020041
15:00:06.638 @IJB005 201151203
15:00:06.638 @IJB006 2230GC面板-注塑
15:00:06.639 @IJB007 
15:00:06.639 @IJB008 PCS
15:00:06.639 @IJB009 0.2
15:00:06.639 @IJB010 1200
15:00:06.639 @IJB011 0.2
15:00:06.640 @IJB012 李守军
15:00:06.640 @IJB013 成品搬运工
15:00:06.640 @IJB014 半自动
15:00:06.640 @IJB015 100
15:00:06.640 @IJB016 2019/1/4 8:00:00
15:00:06.640 @IJB017 2019/1/4 20:00:00
15:00:06.641 @IJB018 
15:00:06.641 @IJB019 
15:00:06.641 @IJB020 0
15:00:06.641 @IJB021 
15:00:06.641 @IJB022 物流组
15:00:06.642 @IJB023 0
15:00:06.642 @IJB024 12
15:00:06.642 @IJB025 20.0
15:00:54.474 @IJA001 S20190104003
15:00:54.475 @IJA002 计件
15:00:54.475 @IJA003 0502
15:00:54.475 @IJA004 注塑车间
15:00:54.476 @IJA005 0502
15:00:54.476 @IJA006 注塑车间
15:00:54.477 @IJA007 2019/1/4 0:00:00
15:00:54.477 @IJA008 
15:00:54.477 @IJA009 
15:00:54.478 @IJA010 False
15:00:54.478 @IJA011 False
15:00:54.478 @IJA012 0
15:00:54.479 @IJA013 0
15:00:54.479 @IJA014 系统管理员
15:00:54.480 @IJA015 2019/1/4 8:00:00
15:00:54.480 @IJA016 2019/1/4 20:00:00
15:00:54.527 @IJB001 S20190104003
15:00:54.528 @IJB002 10011
15:00:54.528 @IJB003 在职
15:00:54.528 @IJB004 GD201901020041
15:00:54.528 @IJB005 201151203
15:00:54.528 @IJB006 2230GC面板-注塑
15:00:54.528 @IJB007 
15:00:54.528 @IJB008 PCS
15:00:54.529 @IJB009 0.2
15:00:54.529 @IJB010 1200
15:00:54.529 @IJB011 0.2
15:00:54.529 @IJB012 吴征义
15:00:54.529 @IJB013 成品搬运工
15:00:54.530 @IJB014 全自动
15:00:54.530 @IJB015 100
15:00:54.530 @IJB016 2019/1/4 8:00:00
15:00:54.530 @IJB017 2019/1/4 20:00:00
15:00:54.530 @IJB018 
15:00:54.530 @IJB019 
15:00:54.530 @IJB020 0
15:00:54.530 @IJB021 
15:00:54.531 @IJB022 物流组
15:00:54.531 @IJB023 0
15:00:54.531 @IJB024 12
15:00:54.531 @IJB025 20.0
15:00:54.821 @IJB001 S20190104003
15:00:54.821 @IJB002 10012
15:00:54.822 @IJB003 在职
15:00:54.823 @IJB004 GD201901020036
15:00:54.823 @IJB005 201161184
15:00:54.824 @IJB006 D200开关防护罩
15:00:54.824 @IJB007 
15:00:54.824 @IJB008 PCS
15:00:54.824 @IJB009 0
15:00:54.825 @IJB010 10000
15:00:54.825 @IJB011 0
15:00:54.825 @IJB012 王世洪
15:00:54.825 @IJB013 成品搬运工
15:00:54.825 @IJB014 
15:00:54.826 @IJB015 100
15:00:54.826 @IJB016 2019/1/4 8:00:00
15:00:54.826 @IJB017 2019/1/4 20:00:00
15:00:54.826 @IJB018 
15:00:54.826 @IJB019 
15:00:54.827 @IJB020 0
15:00:54.827 @IJB021 
15:00:54.827 @IJB022 物流组
15:00:54.827 @IJB023 0
15:00:54.827 @IJB024 12
15:00:54.827 @IJB025 0
15:00:54.997 @IJB001 S20190104003
15:00:54.997 @IJB002 10013
15:00:54.997 @IJB003 在职
15:00:54.997 @IJB004 GD201901020041
15:00:54.997 @IJB005 201151203
15:00:54.998 @IJB006 2230GC面板-注塑
15:00:54.998 @IJB007 
15:00:54.998 @IJB008 PCS
15:00:54.998 @IJB009 0.2
15:00:54.998 @IJB010 1200
15:00:54.998 @IJB011 0.2
15:00:54.999 @IJB012 李守军
15:00:54.999 @IJB013 成品搬运工
15:00:54.999 @IJB014 
15:00:54.999 @IJB015 100
15:00:54.999 @IJB016 2019/1/4 8:00:00
15:00:54.999 @IJB017 2019/1/4 20:00:00
15:00:55.000 @IJB018 
15:00:55.000 @IJB019 
15:00:55.000 @IJB020 0
15:00:55.000 @IJB021 
15:00:55.000 @IJB022 物流组
15:00:55.000 @IJB023 0
15:00:55.001 @IJB024 12
15:00:55.001 @IJB025 20.0
15:02:39.961 @EMP002 系统管理员
15:02:39.962 @EMP033 9af7f2b45fff5ca168dd7081681fadd
15:03:59.811 @EMP002 系统管理员
15:03:59.811 @EMP033 9af7f2b45fff5ca168dd7081681fadd
15:10:25.404 @EMP002 系统管理员
15:10:25.405 @EMP033 9af7f2b45fff5ca168dd7081681fadd
15:24:50.214 @EMP002 系统管理员
15:24:50.214 @EMP033 9af7f2b45fff5ca168dd7081681fadd
15:28:16.712 @EMP002 系统管理员
15:28:16.712 @EMP033 9e5023262bb452b3e813b9df14bcf7e
15:28:20.092 @EMP002 系统管理员
15:28:20.092 @EMP033 9af7f2b45fff5ca168dd7081681fadd
15:32:26.760 @EMP002 系统管理员
15:32:26.761 @EMP033 9af7f2b45fff5ca168dd7081681fadd
15:39:36.193  异常信息：由于连接方在一段时间后没有正确答复或连接的主机没有反应，连接尝试失败。 192.168.0.170:80
  堆栈信息:   在 AutoUpdate.AppUpdate.DownloadFile(String url, String localFilePath) 位置 D:\ProjectData\MiKe\LineProductMes\LineProductMes\ClassForMain\AppUpdate.cs:行号 239
   在 AutoUpdate.AppUpdate.CheckAppVersion(String& msg) 位置 D:\ProjectData\MiKe\LineProductMes\LineProductMes\ClassForMain\AppUpdate.cs:行号 310
15:43:12.218 @EMP002 系统管理员
15:43:12.218 @EMP033 9af7f2b45fff5ca168dd7081681fadd
15:54:18.763  异常信息：由于连接方在一段时间后没有正确答复或连接的主机没有反应，连接尝试失败。 192.168.0.170:80
  堆栈信息:   在 AutoUpdate.AppUpdate.DownloadFile(String url, String localFilePath) 位置 D:\ProjectData\MiKe\LineProductMes\LineProductMes\ClassForMain\AppUpdate.cs:行号 239
   在 AutoUpdate.AppUpdate.CheckAppVersion(String& msg) 位置 D:\ProjectData\MiKe\LineProductMes\LineProductMes\ClassForMain\AppUpdate.cs:行号 310
15:54:25.165 @EMP002 系统管理员
15:54:25.167 @EMP033 9af7f2b45fff5ca168dd7081681fadd
16:25:41.131 @LEF001 L20190104001
16:25:41.131 @LEF009 0506
16:25:41.131 @LEF010 LED车间
16:25:41.131 @LEF011 0506
16:25:41.131 @LEF012 LED车间
16:25:41.132 @LEF013 2019/1/4 0:00:00
16:25:41.132 @LEF015 
16:25:41.132 @LEF016 
16:25:41.132 @LEF017 False
16:25:41.132 @LEF018 False
16:25:41.133 @LEF019 0
16:25:41.133 @LEF020 0
16:25:41.133 @LEF021 计件
16:25:41.133 @LEF022 系统管理员
16:25:41.134 @LEF023 2019/1/4 8:00:00
16:25:41.134 @LEF024 2019/1/4 17:00:00
16:25:41.140 @LEG001 L20190104001
16:25:41.140 @LEG002 10015
16:25:41.141 @LEG003 郭婧
16:25:41.141 @LEG004 装配工
16:25:41.141 @LEG005 2019/1/4 8:00:00
16:25:41.141 @LEG006 2019/1/4 17:00:00
16:25:41.142 @LEG007 0
16:25:41.142 @LEG008 
16:25:41.142 @LEG009 
16:25:41.142 @LEG010 0
16:25:41.142 @LEG011 
16:25:41.143 @LEG012 在职
16:25:41.143 @LEG013 LED车间
16:25:41.143 @LEG014 9
16:25:41.143 @LEG015 0
16:25:41.143 @LEG016 0
16:25:41.151 @LEG001 L20190104001
16:25:41.152 @LEG002 10016
16:25:41.152 @LEG003 龙兴连
16:25:41.152 @LEG004 装配工
16:25:41.152 @LEG005 2019/1/4 8:00:00
16:25:41.153 @LEG006 2019/1/4 17:00:00
16:25:41.153 @LEG007 0
16:25:41.153 @LEG008 
16:25:41.153 @LEG009 
16:25:41.154 @LEG010 0
16:25:41.154 @LEG011 
16:25:41.154 @LEG012 在职
16:25:41.154 @LEG013 LED车间
16:25:41.154 @LEG014 9
16:25:41.155 @LEG015 0
16:25:41.155 @LEG016 0
16:25:41.161 @LEG001 L20190104001
16:25:41.162 @LEG002 10017
16:25:41.162 @LEG003 聂付秋
16:25:41.162 @LEG004 装配工
16:25:41.162 @LEG005 2019/1/4 8:00:00
16:25:41.162 @LEG006 2019/1/4 17:00:00
16:25:41.163 @LEG007 0
16:25:41.163 @LEG008 
16:25:41.163 @LEG009 
16:25:41.163 @LEG010 0
16:25:41.163 @LEG011 
16:25:41.163 @LEG012 在职
16:25:41.164 @LEG013 LED车间
16:25:41.164 @LEG014 9
16:25:41.164 @LEG015 0
16:25:41.164 @LEG016 0
16:25:41.209 @LEG001 L20190104001
16:25:41.210 @LEG002 10018
16:25:41.210 @LEG003 薛能米
16:25:41.210 @LEG004 装配工
16:25:41.210 @LEG005 2019/1/4 8:00:00
16:25:41.211 @LEG006 2019/1/4 17:00:00
16:25:41.211 @LEG007 0
16:25:41.211 @LEG008 
16:25:41.211 @LEG009 
16:25:41.211 @LEG010 0
16:25:41.212 @LEG011 
16:25:41.212 @LEG012 在职
16:25:41.212 @LEG013 LED车间
16:25:41.212 @LEG014 9
16:25:41.212 @LEG015 0
16:25:41.212 @LEG016 0
16:25:41.221 @LEG001 L20190104001
16:25:41.222 @LEG002 10019
16:25:41.222 @LEG003 彭顺艳
16:25:41.222 @LEG004 装配工
16:25:41.222 @LEG005 2019/1/4 8:00:00
16:25:41.222 @LEG006 2019/1/4 17:00:00
16:25:41.223 @LEG007 0
16:25:41.223 @LEG008 
16:25:41.223 @LEG009 
16:25:41.223 @LEG010 0
16:25:41.223 @LEG011 
16:25:41.224 @LEG012 在职
16:25:41.224 @LEG013 LED车间
16:25:41.224 @LEG014 9
16:25:41.224 @LEG015 0
16:25:41.224 @LEG016 0
16:25:41.460 @LEG001 L20190104001
16:25:41.460 @LEG002 10020
16:25:41.460 @LEG003 罗小琴
16:25:41.460 @LEG004 装配工
16:25:41.462 @LEG005 2019/1/4 8:00:00
16:25:41.462 @LEG006 2019/1/4 17:00:00
16:25:41.462 @LEG007 0
16:25:41.462 @LEG008 
16:25:41.463 @LEG009 
16:25:41.463 @LEG010 0
16:25:41.463 @LEG011 
16:25:41.463 @LEG012 在职
16:25:41.463 @LEG013 LED车间
16:25:41.463 @LEG014 9
16:25:41.464 @LEG015 0
16:25:41.464 @LEG016 0
16:25:41.471 @LEG001 L20190104001
16:25:41.471 @LEG002 10021
16:25:41.472 @LEG003 吕红艳
16:25:41.472 @LEG004 装配工
16:25:41.472 @LEG005 2019/1/4 8:00:00
16:25:41.472 @LEG006 2019/1/4 17:00:00
16:25:41.472 @LEG007 0
16:25:41.472 @LEG008 
16:25:41.472 @LEG009 
16:25:41.472 @LEG010 0
16:25:41.473 @LEG011 
16:25:41.473 @LEG012 在职
16:25:41.473 @LEG013 LED车间
16:25:41.473 @LEG014 9
16:25:41.473 @LEG015 0
16:25:41.473 @LEG016 0
16:25:41.482 @LEG001 L20190104001
16:25:41.482 @LEG002 10022
16:25:41.482 @LEG003 李朝粉
16:25:41.482 @LEG004 装配工
16:25:41.482 @LEG005 2019/1/4 8:00:00
16:25:41.483 @LEG006 2019/1/4 17:00:00
16:25:41.483 @LEG007 0
16:25:41.483 @LEG008 
16:25:41.483 @LEG009 
16:25:41.483 @LEG010 0
16:25:41.483 @LEG011 
16:25:41.484 @LEG012 在职
16:25:41.484 @LEG013 LED车间
16:25:41.484 @LEG014 9
16:25:41.484 @LEG015 0
16:25:41.484 @LEG016 0
16:25:41.493 @LEG001 L20190104001
16:25:41.494 @LEG002 10024
16:25:41.494 @LEG003 平单单
16:25:41.494 @LEG004 装配工
16:25:41.494 @LEG005 2019/1/4 8:00:00
16:25:41.494 @LEG006 2019/1/4 17:00:00
16:25:41.494 @LEG007 0
16:25:41.495 @LEG008 
16:25:41.495 @LEG009 
16:25:41.495 @LEG010 0
16:25:41.495 @LEG011 
16:25:41.495 @LEG012 在职
16:25:41.495 @LEG013 LED车间
16:25:41.496 @LEG014 9
16:25:41.496 @LEG015 0
16:25:41.496 @LEG016 0
16:25:41.523 @LEG001 L20190104001
16:25:41.523 @LEG002 10025
16:25:41.523 @LEG003 梁永琴
16:25:41.523 @LEG004 装配工
16:25:41.523 @LEG005 2019/1/4 8:00:00
16:25:41.524 @LEG006 2019/1/4 17:00:00
16:25:41.524 @LEG007 0
16:25:41.524 @LEG008 
16:25:41.524 @LEG009 
16:25:41.524 @LEG010 0
16:25:41.524 @LEG011 
16:25:41.525 @LEG012 在职
16:25:41.525 @LEG013 LED车间
16:25:41.525 @LEG014 9
16:25:41.525 @LEG015 0
16:25:41.525 @LEG016 0
16:25:41.548 @LEG001 L20190104001
16:25:41.548 @LEG002 10026
16:25:41.549 @LEG003 胡孝明
16:25:41.549 @LEG004 装配工
16:25:41.549 @LEG005 2019/1/4 8:00:00
16:25:41.549 @LEG006 2019/1/4 17:00:00
16:25:41.549 @LEG007 0
16:25:41.549 @LEG008 
16:25:41.550 @LEG009 
16:25:41.550 @LEG010 0
16:25:41.550 @LEG011 
16:25:41.550 @LEG012 在职
16:25:41.550 @LEG013 LED车间
16:25:41.550 @LEG014 9
16:25:41.551 @LEG015 0
16:25:41.551 @LEG016 0
16:25:41.557 @LEG001 L20190104001
16:25:41.557 @LEG002 10027
16:25:41.557 @LEG003 聂昌奎
16:25:41.557 @LEG004 装配工
16:25:41.558 @LEG005 2019/1/4 8:00:00
16:25:41.558 @LEG006 2019/1/4 17:00:00
16:25:41.558 @LEG007 0
16:25:41.558 @LEG008 
16:25:41.558 @LEG009 
16:25:41.558 @LEG010 0
16:25:41.558 @LEG011 
16:25:41.558 @LEG012 在职
16:25:41.559 @LEG013 LED车间
16:25:41.559 @LEG014 9
16:25:41.559 @LEG015 0
16:25:41.559 @LEG016 0
16:25:41.566 @LEG001 L20190104001
16:25:41.567 @LEG002 10028
16:25:41.567 @LEG003 陶兴琴
16:25:41.567 @LEG004 装配工
16:25:41.567 @LEG005 2019/1/4 8:00:00
16:25:41.568 @LEG006 2019/1/4 17:00:00
16:25:41.568 @LEG007 0
16:25:41.568 @LEG008 
16:25:41.568 @LEG009 
16:25:41.568 @LEG010 0
16:25:41.568 @LEG011 
16:25:41.569 @LEG012 在职
16:25:41.569 @LEG013 LED车间
16:25:41.569 @LEG014 9
16:25:41.569 @LEG015 0
16:25:41.569 @LEG016 0
16:25:41.607 @LEG001 L20190104001
16:25:41.607 @LEG002 10029
16:25:41.608 @LEG003 段进连
16:25:41.608 @LEG004 装配工
16:25:41.608 @LEG005 2019/1/4 8:00:00
16:25:41.608 @LEG006 2019/1/4 17:00:00
16:25:41.608 @LEG007 0
16:25:41.608 @LEG008 
16:25:41.609 @LEG009 
16:25:41.609 @LEG010 0
16:25:41.609 @LEG011 
16:25:41.609 @LEG012 在职
16:25:41.609 @LEG013 LED车间
16:25:41.609 @LEG014 9
16:25:41.610 @LEG015 0
16:25:41.610 @LEG016 0
16:25:41.617 @LEG001 L20190104001
16:25:41.617 @LEG002 10030
16:25:41.617 @LEG003 李大花
16:25:41.617 @LEG004 装配工
16:25:41.617 @LEG005 2019/1/4 8:00:00
16:25:41.618 @LEG006 2019/1/4 17:00:00
16:25:41.618 @LEG007 0
16:25:41.618 @LEG008 
16:25:41.618 @LEG009 
16:25:41.618 @LEG010 0
16:25:41.618 @LEG011 
16:25:41.619 @LEG012 在职
16:25:41.619 @LEG013 LED车间
16:25:41.619 @LEG014 9
16:25:41.619 @LEG015 0
16:25:41.619 @LEG016 0
16:25:41.635 @LEG001 L20190104001
16:25:41.636 @LEG002 10031
16:25:41.636 @LEG003 黄史作
16:25:41.636 @LEG004 装配工
16:25:41.636 @LEG005 2019/1/4 8:00:00
16:25:41.636 @LEG006 2019/1/4 17:00:00
16:25:41.636 @LEG007 0
16:25:41.636 @LEG008 
16:25:41.637 @LEG009 
16:25:41.637 @LEG010 0
16:25:41.637 @LEG011 
16:25:41.637 @LEG012 在职
16:25:41.637 @LEG013 LED车间
16:25:41.637 @LEG014 9
16:25:41.637 @LEG015 0
16:25:41.637 @LEG016 0
16:25:41.663 @LEG001 L20190104001
16:25:41.663 @LEG002 10032
16:25:41.664 @LEG003 罗昌梅
16:25:41.664 @LEG004 装配工
16:25:41.664 @LEG005 2019/1/4 8:00:00
16:25:41.664 @LEG006 2019/1/4 17:00:00
16:25:41.664 @LEG007 0
16:25:41.665 @LEG008 
16:25:41.665 @LEG009 
16:25:41.665 @LEG010 0
16:25:41.665 @LEG011 
16:25:41.665 @LEG012 在职
16:25:41.665 @LEG013 LED车间
16:25:41.666 @LEG014 9
16:25:41.666 @LEG015 0
16:25:41.666 @LEG016 0
16:25:42.658 @LEG001 L20190104001
16:25:42.659 @LEG002 10033
16:25:42.660 @LEG003 赵雨婷
16:25:42.660 @LEG004 装配工
16:25:42.661 @LEG005 2019/1/4 8:00:00
16:25:42.662 @LEG006 2019/1/4 17:00:00
16:25:42.662 @LEG007 0
16:25:42.663 @LEG008 
16:25:42.664 @LEG009 
16:25:42.665 @LEG010 0
16:25:42.665 @LEG011 
16:25:42.666 @LEG012 在职
16:25:42.666 @LEG013 LED车间
16:25:42.667 @LEG014 9
16:25:42.667 @LEG015 0
16:25:42.669 @LEG016 0
16:25:42.705 @LEG001 L20190104001
16:25:42.706 @LEG002 10034
16:25:42.707 @LEG003 杜顺艳
16:25:42.707 @LEG004 装配工
16:25:42.708 @LEG005 2019/1/4 8:00:00
16:25:42.708 @LEG006 2019/1/4 17:00:00
16:25:42.709 @LEG007 0
16:25:42.709 @LEG008 
16:25:42.709 @LEG009 
16:25:42.710 @LEG010 0
16:25:42.710 @LEG011 
16:25:42.711 @LEG012 在职
16:25:42.711 @LEG013 LED车间
16:25:42.712 @LEG014 9
16:25:42.712 @LEG015 0
16:25:42.713 @LEG016 0
16:25:42.720 @LEG001 L20190104001
16:25:42.721 @LEG002 10035
16:25:42.721 @LEG003 韩孝君
16:25:42.722 @LEG004 装配工
16:25:42.722 @LEG005 2019/1/4 8:00:00
16:25:42.723 @LEG006 2019/1/4 17:00:00
16:25:42.723 @LEG007 0
16:25:42.724 @LEG008 
16:25:42.724 @LEG009 
16:25:42.725 @LEG010 0
16:25:42.725 @LEG011 
16:25:42.725 @LEG012 在职
16:25:42.726 @LEG013 LED车间
16:25:42.726 @LEG014 9
16:25:42.727 @LEG015 0
16:25:42.727 @LEG016 0
16:25:42.735 @LEG001 L20190104001
16:25:42.735 @LEG002 10036
16:25:42.736 @LEG003 何培凤
16:25:42.736 @LEG004 装配工
16:25:42.737 @LEG005 2019/1/4 8:00:00
16:25:42.737 @LEG006 2019/1/4 17:00:00
16:25:42.738 @LEG007 0
16:25:42.738 @LEG008 
16:25:42.739 @LEG009 
16:25:42.739 @LEG010 0
16:25:42.740 @LEG011 
16:25:42.740 @LEG012 在职
16:25:42.741 @LEG013 LED车间
16:25:42.741 @LEG014 9
16:25:42.742 @LEG015 0
16:25:42.742 @LEG016 0
16:25:42.753 @LEG001 L20190104001
16:25:42.753 @LEG002 10037
16:25:42.753 @LEG003 王程平
16:25:42.754 @LEG004 装配工
16:25:42.754 @LEG005 2019/1/4 8:00:00
16:25:42.754 @LEG006 2019/1/4 17:00:00
16:25:42.754 @LEG007 0
16:25:42.755 @LEG008 
16:25:42.755 @LEG009 
16:25:42.755 @LEG010 0
16:25:42.756 @LEG011 
16:25:42.756 @LEG012 在职
16:25:42.756 @LEG013 LED车间
16:25:42.756 @LEG014 9
16:25:42.757 @LEG015 0
16:25:42.757 @LEG016 0
16:25:42.768 @LEG001 L20190104001
16:25:42.769 @LEG002 10038
16:25:42.769 @LEG003 韩英
16:25:42.769 @LEG004 装配工
16:25:42.770 @LEG005 2019/1/4 8:00:00
16:25:42.770 @LEG006 2019/1/4 17:00:00
16:25:42.770 @LEG007 0
16:25:42.771 @LEG008 
16:25:42.771 @LEG009 
16:25:42.771 @LEG010 0
16:25:42.771 @LEG011 
16:25:42.772 @LEG012 在职
16:25:42.772 @LEG013 LED车间
16:25:42.773 @LEG014 9
16:25:42.773 @LEG015 0
16:25:42.773 @LEG016 0
16:25:42.824 @LEG001 L20190104001
16:25:42.825 @LEG002 10039
16:25:42.825 @LEG003 杨海霞
16:25:42.826 @LEG004 装配工
16:25:42.826 @LEG005 2019/1/4 8:00:00
16:25:42.826 @LEG006 2019/1/4 17:00:00
16:25:42.826 @LEG007 0
16:25:42.827 @LEG008 
16:25:42.827 @LEG009 
16:25:42.827 @LEG010 0
16:25:42.828 @LEG011 
16:25:42.828 @LEG012 在职
16:25:42.828 @LEG013 LED车间
16:25:42.829 @LEG014 9
16:25:42.829 @LEG015 0
16:25:42.829 @LEG016 0
16:25:42.853 @LEG001 L20190104001
16:25:42.854 @LEG002 10040
16:25:42.854 @LEG003 李林菊
16:25:42.854 @LEG004 装配工
16:25:42.854 @LEG005 2019/1/4 8:00:00
16:25:42.854 @LEG006 2019/1/4 17:00:00
16:25:42.855 @LEG007 0
16:25:42.855 @LEG008 
16:25:42.855 @LEG009 
16:25:42.855 @LEG010 0
16:25:42.856 @LEG011 
16:25:42.856 @LEG012 在职
16:25:42.856 @LEG013 LED车间
16:25:42.856 @LEG014 9
16:25:42.857 @LEG015 0
16:25:42.857 @LEG016 0
16:25:42.952 @LEG001 L20190104001
16:25:42.952 @LEG002 10041
16:25:42.953 @LEG003 吴群英
16:25:42.953 @LEG004 装配工
16:25:42.953 @LEG005 2019/1/4 8:00:00
16:25:42.953 @LEG006 2019/1/4 17:00:00
16:25:42.954 @LEG007 0
16:25:42.954 @LEG008 
16:25:42.955 @LEG009 
16:25:42.955 @LEG010 0
16:25:42.956 @LEG011 
16:25:42.956 @LEG012 在职
16:25:42.957 @LEG013 LED车间
16:25:42.957 @LEG014 9
16:25:42.958 @LEG015 0
16:25:42.958 @LEG016 0
16:25:42.998 @LEG001 L20190104001
16:25:42.999 @LEG002 10043
16:25:42.999 @LEG003 唐春凤
16:25:43.000 @LEG004 装配工
16:25:43.000 @LEG005 2019/1/4 8:00:00
16:25:43.001 @LEG006 2019/1/4 17:00:00
16:25:43.001 @LEG007 0
16:25:43.002 @LEG008 
16:25:43.002 @LEG009 
16:25:43.003 @LEG010 0
16:25:43.003 @LEG011 
16:25:43.004 @LEG012 在职
16:25:43.004 @LEG013 LED车间
16:25:43.005 @LEG014 9
16:25:43.005 @LEG015 0
16:25:43.006 @LEG016 0
16:25:43.016 @LEG001 L20190104001
16:25:43.017 @LEG002 10044
16:25:43.018 @LEG003 陈朝香
16:25:43.018 @LEG004 装配工
16:25:43.019 @LEG005 2019/1/4 8:00:00
16:25:43.019 @LEG006 2019/1/4 17:00:00
16:25:43.020 @LEG007 0
16:25:43.020 @LEG008 
16:25:43.020 @LEG009 
16:25:43.021 @LEG010 0
16:25:43.022 @LEG011 
16:25:43.022 @LEG012 在职
16:25:43.023 @LEG013 LED车间
16:25:43.023 @LEG014 9
16:25:43.024 @LEG015 0
16:25:43.024 @LEG016 0
16:25:43.135 @LEG001 L20190104001
16:25:43.136 @LEG002 10045
16:25:43.137 @LEG003 牟飞
16:25:43.137 @LEG004 装配工
16:25:43.137 @LEG005 2019/1/4 8:00:00
16:25:43.138 @LEG006 2019/1/4 17:00:00
16:25:43.138 @LEG007 0
16:25:43.139 @LEG008 
16:25:43.139 @LEG009 
16:25:43.140 @LEG010 0
16:25:43.140 @LEG011 
16:25:43.141 @LEG012 在职
16:25:43.141 @LEG013 LED车间
16:25:43.142 @LEG014 9
16:25:43.142 @LEG015 0
16:25:43.143 @LEG016 0
16:25:43.150 @LEG001 L20190104001
16:25:43.151 @LEG002 10048
16:25:43.151 @LEG003 王建琼
16:25:43.152 @LEG004 装配工
16:25:43.152 @LEG005 2019/1/4 8:00:00
16:25:43.152 @LEG006 2019/1/4 17:00:00
16:25:43.153 @LEG007 0
16:25:43.153 @LEG008 
16:25:43.154 @LEG009 
16:25:43.154 @LEG010 0
16:25:43.155 @LEG011 
16:25:43.155 @LEG012 在职
16:25:43.156 @LEG013 LED车间
16:25:43.156 @LEG014 9
16:25:43.157 @LEG015 0
16:25:43.157 @LEG016 0
16:25:43.167 @LEG001 L20190104001
16:25:43.167 @LEG002 10052
16:25:43.167 @LEG003 周思超
16:25:43.168 @LEG004 装配工
16:25:43.168 @LEG005 2019/1/4 8:00:00
16:25:43.168 @LEG006 2019/1/4 17:00:00
16:25:43.168 @LEG007 0
16:25:43.169 @LEG008 
16:25:43.169 @LEG009 
16:25:43.169 @LEG010 0
16:25:43.170 @LEG011 
16:25:43.170 @LEG012 在职
16:25:43.170 @LEG013 LED车间
16:25:43.170 @LEG014 9
16:25:43.171 @LEG015 0
16:25:43.171 @LEG016 0
16:25:43.178 @LEG001 L20190104001
16:25:43.178 @LEG002 10053
16:25:43.178 @LEG003 陈广会
16:25:43.179 @LEG004 装配工
16:25:43.179 @LEG005 2019/1/4 8:00:00
16:25:43.179 @LEG006 2019/1/4 17:00:00
16:25:43.179 @LEG007 0
16:25:43.180 @LEG008 
16:25:43.190 @LEG009 
16:25:43.191 @LEG010 0
16:25:43.191 @LEG011 
16:25:43.191 @LEG012 在职
16:25:43.191 @LEG013 LED车间
16:25:43.192 @LEG014 9
16:25:43.192 @LEG015 0
16:25:43.192 @LEG016 0
16:25:43.218 @LEG001 L20190104001
16:25:43.218 @LEG002 10055
16:25:43.219 @LEG003 黄曲作
16:25:43.219 @LEG004 装配工
16:25:43.219 @LEG005 2019/1/4 8:00:00
16:25:43.219 @LEG006 2019/1/4 17:00:00
16:25:43.219 @LEG007 0
16:25:43.220 @LEG008 
16:25:43.220 @LEG009 
16:25:43.220 @LEG010 0
16:25:43.220 @LEG011 
16:25:43.220 @LEG012 在职
16:25:43.221 @LEG013 LED车间
16:25:43.221 @LEG014 9
16:25:43.221 @LEG015 0
16:25:43.221 @LEG016 0
16:25:43.227 @LEG001 L20190104001
16:25:43.228 @LEG002 10056
16:25:43.228 @LEG003 宋万林
16:25:43.228 @LEG004 装配工
16:25:43.228 @LEG005 2019/1/4 8:00:00
16:25:43.229 @LEG006 2019/1/4 17:00:00
16:25:43.229 @LEG007 0
16:25:43.229 @LEG008 
16:25:43.229 @LEG009 
16:25:43.229 @LEG010 0
16:25:43.230 @LEG011 
16:25:43.230 @LEG012 在职
16:25:43.230 @LEG013 LED车间
16:25:43.230 @LEG014 9
16:25:43.230 @LEG015 0
16:25:43.231 @LEG016 0
16:25:43.241 @LEG001 L20190104001
16:25:43.241 @LEG002 10057
16:25:43.242 @LEG003 李光云
16:25:43.242 @LEG004 装配工
16:25:43.242 @LEG005 2019/1/4 8:00:00
16:25:43.242 @LEG006 2019/1/4 17:00:00
16:25:43.242 @LEG007 0
16:25:43.243 @LEG008 
16:25:43.243 @LEG009 
16:25:43.243 @LEG010 0
16:25:43.243 @LEG011 
16:25:43.243 @LEG012 在职
16:25:43.244 @LEG013 LED车间
16:25:43.244 @LEG014 9
16:25:43.244 @LEG015 0
16:25:43.244 @LEG016 0
