10:48:44.807 @EMP002 系统管理员
10:48:44.808 @EMP033 9af7f2b45fff5ca168dd7081681fadd
10:58:26.769 @EMP002 系统管理员
10:58:26.770 @EMP033 9af7f2b45fff5ca168dd7081681fadd
11:16:01.336 @EMP002 系统管理员
11:16:01.337 @EMP033 9af7f2b45fff5ca168dd7081681fadd
11:18:40.053 @IJA001 S20190105006
11:18:40.053 @IJA002 计件
11:18:40.053 @IJA003 0502
11:18:40.053 @IJA004 注塑车间
11:18:40.053 @IJA005 0502
11:18:40.054 @IJA006 注塑车间
11:18:40.054 @IJA007 2019/1/5 0:00:00
11:18:40.054 @IJA008 
11:18:40.054 @IJA009 
11:18:40.054 @IJA010 False
11:18:40.054 @IJA011 False
11:18:40.054 @IJA012 0
11:18:40.054 @IJA013 0
11:18:40.054 @IJA014 系统管理员
11:18:40.055 @IJA015 2019/1/5 8:00:00
11:18:40.055 @IJA016 2019/1/5 20:00:00
11:18:40.075 @IJB001 S20190105006
11:18:40.075 @IJB002 10011
11:18:40.076 @IJB003 在职
11:18:40.076 @IJB004 GD201901020038
11:18:40.076 @IJB005 201201233
11:18:40.076 @IJB006 如意壁挂箱体
11:18:40.077 @IJB007 
11:18:40.077 @IJB008 PCS
11:18:40.077 @IJB009 0.2
11:18:40.077 @IJB010 6000
11:18:40.077 @IJB011 0.2
11:18:40.078 @IJB012 吴征义
11:18:40.078 @IJB013 成品搬运工
11:18:40.078 @IJB014 
11:18:40.078 @IJB015 100
11:18:40.078 @IJB016 2019/1/5 8:00:00
11:18:40.078 @IJB017 2019/1/5 20:00:00
11:18:40.079 @IJB018 
11:18:40.079 @IJB019 
11:18:40.079 @IJB020 0
11:18:40.079 @IJB021 
11:18:40.079 @IJB022 物流组
11:18:40.079 @IJB023 0
11:18:40.079 @IJB024 12
11:18:40.080 @IJB025 20.0
11:18:40.080 @IJB026 3-塑件仓
11:18:40.084 @IJB001 S20190105006
11:18:40.084 @IJB002 10012
11:18:40.084 @IJB003 在职
11:18:40.085 @IJB004 GD201901020044
11:18:40.085 @IJB005 201141161
11:18:40.085 @IJB006 ZS24A后出风
11:18:40.085 @IJB007 白色
11:18:40.085 @IJB008 PCS
11:18:40.085 @IJB009 0.22
11:18:40.087 @IJB010 300
11:18:40.087 @IJB011 0.22
11:18:40.088 @IJB012 王世洪
11:18:40.088 @IJB013 成品搬运工
11:18:40.088 @IJB014 
11:18:40.088 @IJB015 100
11:18:40.089 @IJB016 2019/1/5 8:00:00
11:18:40.089 @IJB017 2019/1/5 20:00:00
11:18:40.089 @IJB018 
11:18:40.089 @IJB019 
11:18:40.089 @IJB020 0
11:18:40.090 @IJB021 
11:18:40.090 @IJB022 物流组
11:18:40.090 @IJB023 0
11:18:40.090 @IJB024 12
11:18:40.090 @IJB025 22.0
11:18:40.091 @IJB026 3-塑件仓
11:19:42.768 @IJA001 S20190105007
11:19:42.769 @IJA002 计时
11:19:42.769 @IJA003 0502
11:19:42.769 @IJA004 注塑车间
11:19:42.769 @IJA005 0502
11:19:42.770 @IJA006 注塑车间
11:19:42.770 @IJA007 2019/1/5 0:00:00
11:19:42.770 @IJA008 
11:19:42.770 @IJA009 
11:19:42.770 @IJA010 False
11:19:42.770 @IJA011 False
11:19:42.771 @IJA012 0
11:19:42.771 @IJA013 0
11:19:42.771 @IJA014 系统管理员
11:19:42.771 @IJA015 2019/1/5 8:00:00
11:19:42.771 @IJA016 2019/1/5 20:00:00
11:19:42.774 @IJC001 S20190105007
11:19:42.774 @IJC002 GD201901020035
11:19:42.774 @IJC003 201151172
11:19:42.775 @IJC004 如意壁挂面板
11:19:42.775 @IJC005 
11:19:42.775 @IJC006 PCS
11:19:42.775 @IJC007 0.18
11:19:42.775 @IJC008 2000
11:19:42.776 @IJC009 0.18
11:19:42.776 @IJC010 100
11:19:42.776 @IJC011 
11:19:42.776 @IJC012 5-塑件仓
11:19:42.783 @IJC001 S20190105007
11:19:42.783 @IJC002 GD201901020038
11:19:42.783 @IJC003 201201233
11:19:42.783 @IJC004 如意壁挂箱体
11:19:42.783 @IJC005 
11:19:42.785 @IJC006 PCS
11:19:42.785 @IJC007 0.2
11:19:42.785 @IJC008 6000
11:19:42.785 @IJC009 0.2
11:19:42.787 @IJC010 100
11:19:42.788 @IJC011 
11:19:42.788 @IJC012 3-塑件仓
11:19:42.792 @IJD001 S20190105007
11:19:42.792 @IJD002 10074
11:19:42.792 @IJD003 曾昭婵
11:19:42.792 @IJD004 冲压工
11:19:42.793 @IJD005 
11:19:42.793 @IJD006 2019/1/5 8:00:00
11:19:42.793 @IJD007 2019/1/5 20:00:00
11:19:42.793 @IJD008 8
11:19:42.793 @IJD009 
11:19:42.794 @IJD010 在职
11:19:42.794 @IJD011 五金车间
11:19:42.794 @IJD012 12
11:19:42.794 @IJD013 96
11:19:42.799 @IJD001 S20190105007
11:19:42.800 @IJD002 10194
11:19:42.800 @IJD003 周梦
11:19:42.800 @IJD004 装配工
11:19:42.800 @IJD005 
11:19:42.800 @IJD006 2019/1/5 8:00:00
11:19:42.800 @IJD007 2019/1/5 20:00:00
11:19:42.801 @IJD008 8
11:19:42.801 @IJD009 
11:19:42.801 @IJD010 在职
11:19:42.801 @IJD011 3线
11:19:42.801 @IJD012 12
11:19:42.802 @IJD013 96
11:31:40.708 @EMP002 系统管理员
11:31:40.709 @EMP033 9af7f2b45fff5ca168dd7081681fadd
11:40:32.382 @EMP002 系统管理员
11:40:32.383 @EMP033 9af7f2b45fff5ca168dd7081681fadd
11:41:29.505 @IJA001 S20190105008
11:41:29.505 @IJA002 计件
11:41:29.505 @IJA003 0502
11:41:29.505 @IJA004 注塑车间
11:41:29.505 @IJA005 0502
11:41:29.505 @IJA006 注塑车间
11:41:29.506 @IJA007 2019/1/5 0:00:00
11:41:29.506 @IJA008 
11:41:29.506 @IJA009 
11:41:29.506 @IJA010 False
11:41:29.506 @IJA011 False
11:41:29.506 @IJA012 0.5
11:41:29.506 @IJA013 0.5
11:41:29.507 @IJA014 系统管理员
11:41:29.507 @IJA015 2019/1/5 8:00:00
11:41:29.507 @IJA016 2019/1/5 20:00:00
11:41:29.507 @IJA017 白班
11:41:29.510 @IJB001 S20190105008
11:41:29.510 @IJB002 10013
11:41:29.511 @IJB003 在职
11:41:29.511 @IJB004 GD201901020035
11:41:29.511 @IJB005 201151172
11:41:29.511 @IJB006 如意壁挂面板
11:41:29.511 @IJB007 
11:41:29.512 @IJB008 PCS
11:41:29.512 @IJB009 0.18
11:41:29.512 @IJB010 2000
11:41:29.512 @IJB011 0.18
11:41:29.512 @IJB012 李守军
11:41:29.513 @IJB013 成品搬运工
11:41:29.513 @IJB014 
11:41:29.513 @IJB015 100
11:41:29.513 @IJB016 2019/1/5 8:00:00
11:41:29.513 @IJB017 2019/1/5 20:00:00
11:41:29.514 @IJB018 
11:41:29.514 @IJB019 
11:41:29.514 @IJB020 0
11:41:29.514 @IJB021 
11:41:29.514 @IJB022 物流组
11:41:29.514 @IJB023 0
11:41:29.515 @IJB024 11.0
11:41:29.515 @IJB025 18.0
11:41:29.515 @IJB026 5-塑件仓
11:42:30.572 @LEF001 L20190105003
11:42:30.572 @LEF009 0506
11:42:30.572 @LEF010 LED车间
11:42:30.573 @LEF011 0506
11:42:30.573 @LEF012 LED车间
11:42:30.573 @LEF013 2019/1/5 0:00:00
11:42:30.573 @LEF015 
11:42:30.573 @LEF016 
11:42:30.574 @LEF017 False
11:42:30.574 @LEF018 False
11:42:30.574 @LEF019 0
11:42:30.574 @LEF020 0
11:42:30.574 @LEF021 计件
11:42:30.575 @LEF022 系统管理员
11:42:30.575 @LEF023 2019/1/5 1:00:00
11:42:30.575 @LEF024 2019/1/5 3:00:00
11:42:30.579 @LEG001 L20190105003
11:42:30.580 @LEG002 10015
11:42:30.580 @LEG003 郭婧
11:42:30.580 @LEG004 装配工
11:42:30.580 @LEG005 2019/1/5 1:00:00
11:42:30.580 @LEG006 2019/1/5 3:00:00
11:42:30.580 @LEG007 0
11:42:30.581 @LEG008 
11:42:30.581 @LEG009 
11:42:30.581 @LEG010 0
11:42:30.581 @LEG011 
11:42:30.581 @LEG012 在职
11:42:30.581 @LEG013 LED车间
11:42:30.581 @LEG014 2
11:42:30.582 @LEG015 0
11:42:30.582 @LEG016 0
11:42:30.586 @LEG001 L20190105003
11:42:30.586 @LEG002 10016
11:42:30.586 @LEG003 龙兴连
11:42:30.586 @LEG004 装配工
11:42:30.587 @LEG005 2019/1/5 1:00:00
11:42:30.587 @LEG006 2019/1/5 3:00:00
11:42:30.587 @LEG007 0
11:42:30.587 @LEG008 
11:42:30.587 @LEG009 
11:42:30.587 @LEG010 0
11:42:30.588 @LEG011 
11:42:30.588 @LEG012 在职
11:42:30.588 @LEG013 LED车间
11:42:30.588 @LEG014 2
11:42:30.588 @LEG015 0
11:42:30.588 @LEG016 0
11:42:30.591 @LEG001 L20190105003
11:42:30.591 @LEG002 10017
11:42:30.591 @LEG003 聂付秋
11:42:30.591 @LEG004 装配工
11:42:30.592 @LEG005 2019/1/5 1:00:00
11:42:30.592 @LEG006 2019/1/5 3:00:00
11:42:30.592 @LEG007 0
11:42:30.592 @LEG008 
11:42:30.592 @LEG009 
11:42:30.593 @LEG010 0
11:42:30.593 @LEG011 
11:42:30.593 @LEG012 在职
11:42:30.593 @LEG013 LED车间
11:42:30.593 @LEG014 2
11:42:30.593 @LEG015 0
11:42:30.594 @LEG016 0
11:42:30.596 @LEG001 L20190105003
11:42:30.596 @LEG002 10018
11:42:30.596 @LEG003 薛能米
11:42:30.596 @LEG004 装配工
11:42:30.597 @LEG005 2019/1/5 1:00:00
11:42:30.597 @LEG006 2019/1/5 3:00:00
11:42:30.597 @LEG007 0
11:42:30.597 @LEG008 
11:42:30.597 @LEG009 
11:42:30.598 @LEG010 0
11:42:30.598 @LEG011 
11:42:30.598 @LEG012 在职
11:42:30.598 @LEG013 LED车间
11:42:30.598 @LEG014 2
11:42:30.598 @LEG015 0
11:42:30.599 @LEG016 0
11:42:30.604 @LEG001 L20190105003
11:42:30.605 @LEG002 10019
11:42:30.605 @LEG003 彭顺艳
11:42:30.605 @LEG004 装配工
11:42:30.605 @LEG005 2019/1/5 1:00:00
11:42:30.605 @LEG006 2019/1/5 3:00:00
11:42:30.606 @LEG007 0
11:42:30.606 @LEG008 
11:42:30.606 @LEG009 
11:42:30.606 @LEG010 0
11:42:30.607 @LEG011 
11:42:30.607 @LEG012 在职
11:42:30.607 @LEG013 LED车间
11:42:30.607 @LEG014 2
11:42:30.607 @LEG015 0
11:42:30.607 @LEG016 0
11:42:30.609 @LEG001 L20190105003
11:42:30.610 @LEG002 10020
11:42:30.610 @LEG003 罗小琴
11:42:30.610 @LEG004 装配工
11:42:30.610 @LEG005 2019/1/5 1:00:00
11:42:30.610 @LEG006 2019/1/5 3:00:00
11:42:30.610 @LEG007 0
11:42:30.611 @LEG008 
11:42:30.611 @LEG009 
11:42:30.611 @LEG010 0
11:42:30.611 @LEG011 
11:42:30.611 @LEG012 在职
11:42:30.612 @LEG013 LED车间
11:42:30.612 @LEG014 2
11:42:30.612 @LEG015 0
11:42:30.612 @LEG016 0
11:42:30.614 @LEG001 L20190105003
11:42:30.614 @LEG002 10021
11:42:30.614 @LEG003 吕红艳
11:42:30.614 @LEG004 装配工
11:42:30.615 @LEG005 2019/1/5 1:00:00
11:42:30.615 @LEG006 2019/1/5 3:00:00
11:42:30.615 @LEG007 0
11:42:30.615 @LEG008 
11:42:30.615 @LEG009 
11:42:30.616 @LEG010 0
11:42:30.616 @LEG011 
11:42:30.616 @LEG012 在职
11:42:30.616 @LEG013 LED车间
11:42:30.616 @LEG014 2
11:42:30.616 @LEG015 0
11:42:30.617 @LEG016 0
11:42:30.620 @LEG001 L20190105003
11:42:30.620 @LEG002 10022
11:42:30.620 @LEG003 李朝粉
11:42:30.620 @LEG004 装配工
11:42:30.621 @LEG005 2019/1/5 1:00:00
11:42:30.621 @LEG006 2019/1/5 3:00:00
11:42:30.621 @LEG007 0
11:42:30.621 @LEG008 
11:42:30.621 @LEG009 
11:42:30.622 @LEG010 0
11:42:30.622 @LEG011 
11:42:30.622 @LEG012 在职
11:42:30.622 @LEG013 LED车间
11:42:30.622 @LEG014 2
11:42:30.623 @LEG015 0
11:42:30.623 @LEG016 0
11:42:30.624 @LEG001 L20190105003
11:42:30.624 @LEG002 10024
11:42:30.624 @LEG003 平单单
11:42:30.625 @LEG004 装配工
11:42:30.625 @LEG005 2019/1/5 1:00:00
11:42:30.625 @LEG006 2019/1/5 3:00:00
11:42:30.625 @LEG007 0
11:42:30.625 @LEG008 
11:42:30.626 @LEG009 
11:42:30.626 @LEG010 0
11:42:30.626 @LEG011 
11:42:30.626 @LEG012 在职
11:42:30.626 @LEG013 LED车间
11:42:30.626 @LEG014 2
11:42:30.627 @LEG015 0
11:42:30.627 @LEG016 0
11:42:30.628 @LEG001 L20190105003
11:42:30.628 @LEG002 10025
11:42:30.629 @LEG003 梁永琴
11:42:30.629 @LEG004 装配工
11:42:30.629 @LEG005 2019/1/5 1:00:00
11:42:30.629 @LEG006 2019/1/5 3:00:00
11:42:30.629 @LEG007 0
11:42:30.630 @LEG008 
11:42:30.630 @LEG009 
11:42:30.630 @LEG010 0
11:42:30.630 @LEG011 
11:42:30.630 @LEG012 在职
11:42:30.630 @LEG013 LED车间
11:42:30.631 @LEG014 2
11:42:30.631 @LEG015 0
11:42:30.631 @LEG016 0
11:42:30.634 @LEG001 L20190105003
11:42:30.634 @LEG002 10026
11:42:30.635 @LEG003 胡孝明
11:42:30.635 @LEG004 装配工
11:42:30.635 @LEG005 2019/1/5 1:00:00
11:42:30.635 @LEG006 2019/1/5 3:00:00
11:42:30.636 @LEG007 0
11:42:30.636 @LEG008 
11:42:30.636 @LEG009 
11:42:30.636 @LEG010 0
11:42:30.636 @LEG011 
11:42:30.636 @LEG012 在职
11:42:30.637 @LEG013 LED车间
11:42:30.637 @LEG014 2
11:42:30.637 @LEG015 0
11:42:30.637 @LEG016 0
11:42:30.640 @LEG001 L20190105003
11:42:30.640 @LEG002 10027
11:42:30.640 @LEG003 聂昌奎
11:42:30.640 @LEG004 装配工
11:42:30.640 @LEG005 2019/1/5 1:00:00
11:42:30.641 @LEG006 2019/1/5 3:00:00
11:42:30.641 @LEG007 0
11:42:30.641 @LEG008 
11:42:30.641 @LEG009 
11:42:30.641 @LEG010 0
11:42:30.642 @LEG011 
11:42:30.642 @LEG012 在职
11:42:30.642 @LEG013 LED车间
11:42:30.642 @LEG014 2
11:42:30.642 @LEG015 0
11:42:30.643 @LEG016 0
11:42:30.644 @LEG001 L20190105003
11:42:30.645 @LEG002 10028
11:42:30.645 @LEG003 陶兴琴
11:42:30.645 @LEG004 装配工
11:42:30.645 @LEG005 2019/1/5 1:00:00
11:42:30.645 @LEG006 2019/1/5 3:00:00
11:42:30.646 @LEG007 0
11:42:30.646 @LEG008 
11:42:30.646 @LEG009 
11:42:30.646 @LEG010 0
11:42:30.646 @LEG011 
11:42:30.647 @LEG012 在职
11:42:30.647 @LEG013 LED车间
11:42:30.647 @LEG014 2
11:42:30.647 @LEG015 0
11:42:30.647 @LEG016 0
11:42:30.650 @LEG001 L20190105003
11:42:30.650 @LEG002 10029
11:42:30.651 @LEG003 段进连
11:42:30.651 @LEG004 装配工
11:42:30.651 @LEG005 2019/1/5 1:00:00
11:42:30.651 @LEG006 2019/1/5 3:00:00
11:42:30.651 @LEG007 0
11:42:30.652 @LEG008 
11:42:30.652 @LEG009 
11:42:30.652 @LEG010 0
11:42:30.652 @LEG011 
11:42:30.652 @LEG012 在职
11:42:30.653 @LEG013 LED车间
11:42:30.653 @LEG014 2
11:42:30.653 @LEG015 0
11:42:30.653 @LEG016 0
11:42:30.655 @LEG001 L20190105003
11:42:30.655 @LEG002 10030
11:42:30.656 @LEG003 李大花
11:42:30.656 @LEG004 装配工
11:42:30.656 @LEG005 2019/1/5 1:00:00
11:42:30.656 @LEG006 2019/1/5 3:00:00
11:42:30.656 @LEG007 0
11:42:30.657 @LEG008 
11:42:30.657 @LEG009 
11:42:30.657 @LEG010 0
11:42:30.657 @LEG011 
11:42:30.657 @LEG012 在职
11:42:30.658 @LEG013 LED车间
11:42:30.658 @LEG014 2
11:42:30.658 @LEG015 0
11:42:30.658 @LEG016 0
11:42:30.660 @LEG001 L20190105003
11:42:30.660 @LEG002 10031
11:42:30.660 @LEG003 黄史作
11:42:30.661 @LEG004 装配工
11:42:30.661 @LEG005 2019/1/5 1:00:00
11:42:30.661 @LEG006 2019/1/5 3:00:00
11:42:30.661 @LEG007 0
11:42:30.661 @LEG008 
11:42:30.662 @LEG009 
11:42:30.662 @LEG010 0
11:42:30.662 @LEG011 
11:42:30.662 @LEG012 在职
11:42:30.662 @LEG013 LED车间
11:42:30.663 @LEG014 2
11:42:30.663 @LEG015 0
11:42:30.663 @LEG016 0
11:42:30.665 @LEG001 L20190105003
11:42:30.666 @LEG002 10032
11:42:30.666 @LEG003 罗昌梅
11:42:30.666 @LEG004 装配工
11:42:30.666 @LEG005 2019/1/5 1:00:00
11:42:30.667 @LEG006 2019/1/5 3:00:00
11:42:30.667 @LEG007 0
11:42:30.667 @LEG008 
11:42:30.667 @LEG009 
11:42:30.667 @LEG010 0
11:42:30.668 @LEG011 
11:42:30.668 @LEG012 在职
11:42:30.668 @LEG013 LED车间
11:42:30.668 @LEG014 2
11:42:30.668 @LEG015 0
11:42:30.668 @LEG016 0
11:42:30.670 @LEG001 L20190105003
11:42:30.671 @LEG002 10033
11:42:30.671 @LEG003 赵雨婷
11:42:30.671 @LEG004 装配工
11:42:30.671 @LEG005 2019/1/5 1:00:00
11:42:30.671 @LEG006 2019/1/5 3:00:00
11:42:30.672 @LEG007 0
11:42:30.672 @LEG008 
11:42:30.672 @LEG009 
11:42:30.672 @LEG010 0
11:42:30.672 @LEG011 
11:42:30.673 @LEG012 在职
11:42:30.673 @LEG013 LED车间
11:42:30.673 @LEG014 2
11:42:30.673 @LEG015 0
11:42:30.673 @LEG016 0
11:42:30.675 @LEG001 L20190105003
11:42:30.675 @LEG002 10034
11:42:30.676 @LEG003 杜顺艳
11:42:30.676 @LEG004 装配工
11:42:30.676 @LEG005 2019/1/5 1:00:00
11:42:30.676 @LEG006 2019/1/5 3:00:00
11:42:30.676 @LEG007 0
11:42:30.677 @LEG008 
11:42:30.677 @LEG009 
11:42:30.677 @LEG010 0
11:42:30.677 @LEG011 
11:42:30.677 @LEG012 在职
11:42:30.678 @LEG013 LED车间
11:42:30.678 @LEG014 2
11:42:30.678 @LEG015 0
11:42:30.678 @LEG016 0
11:42:30.681 @LEG001 L20190105003
11:42:30.681 @LEG002 10035
11:42:30.682 @LEG003 韩孝君
11:42:30.682 @LEG004 装配工
11:42:30.682 @LEG005 2019/1/5 1:00:00
11:42:30.682 @LEG006 2019/1/5 3:00:00
11:42:30.682 @LEG007 0
11:42:30.683 @LEG008 
11:42:30.683 @LEG009 
11:42:30.683 @LEG010 0
11:42:30.683 @LEG011 
11:42:30.683 @LEG012 在职
11:42:30.684 @LEG013 LED车间
11:42:30.684 @LEG014 2
11:42:30.684 @LEG015 0
11:42:30.684 @LEG016 0
11:42:30.686 @LEG001 L20190105003
11:42:30.686 @LEG002 10036
11:42:30.686 @LEG003 何培凤
11:42:30.687 @LEG004 装配工
11:42:30.687 @LEG005 2019/1/5 1:00:00
11:42:30.687 @LEG006 2019/1/5 3:00:00
11:42:30.687 @LEG007 0
11:42:30.687 @LEG008 
11:42:30.688 @LEG009 
11:42:30.688 @LEG010 0
11:42:30.688 @LEG011 
11:42:30.688 @LEG012 在职
11:42:30.688 @LEG013 LED车间
11:42:30.689 @LEG014 2
11:42:30.689 @LEG015 0
11:42:30.689 @LEG016 0
11:42:30.691 @LEG001 L20190105003
11:42:30.691 @LEG002 10037
11:42:30.691 @LEG003 王程平
11:42:30.692 @LEG004 装配工
11:42:30.692 @LEG005 2019/1/5 1:00:00
11:42:30.692 @LEG006 2019/1/5 3:00:00
11:42:30.692 @LEG007 0
11:42:30.692 @LEG008 
11:42:30.693 @LEG009 
11:42:30.693 @LEG010 0
11:42:30.693 @LEG011 
11:42:30.693 @LEG012 在职
11:42:30.693 @LEG013 LED车间
11:42:30.694 @LEG014 2
11:42:30.694 @LEG015 0
11:42:30.694 @LEG016 0
11:42:30.710 @LEG001 L20190105003
11:42:30.710 @LEG002 10038
11:42:30.710 @LEG003 韩英
11:42:30.710 @LEG004 装配工
11:42:30.710 @LEG005 2019/1/5 1:00:00
11:42:30.711 @LEG006 2019/1/5 3:00:00
11:42:30.711 @LEG007 0
11:42:30.711 @LEG008 
11:42:30.711 @LEG009 
11:42:30.711 @LEG010 0
11:42:30.711 @LEG011 
11:42:30.712 @LEG012 在职
11:42:30.712 @LEG013 LED车间
11:42:30.712 @LEG014 2
11:42:30.712 @LEG015 0
11:42:30.712 @LEG016 0
11:42:30.714 @LEG001 L20190105003
11:42:30.715 @LEG002 10039
11:42:30.715 @LEG003 杨海霞
11:42:30.715 @LEG004 装配工
11:42:30.715 @LEG005 2019/1/5 1:00:00
11:42:30.715 @LEG006 2019/1/5 3:00:00
11:42:30.716 @LEG007 0
11:42:30.716 @LEG008 
11:42:30.716 @LEG009 
11:42:30.716 @LEG010 0
11:42:30.716 @LEG011 
11:42:30.717 @LEG012 在职
11:42:30.717 @LEG013 LED车间
11:42:30.717 @LEG014 2
11:42:30.717 @LEG015 0
11:42:30.717 @LEG016 0
11:42:30.723 @LEG001 L20190105003
11:42:30.723 @LEG002 10040
11:42:30.723 @LEG003 李林菊
11:42:30.723 @LEG004 装配工
11:42:30.723 @LEG005 2019/1/5 1:00:00
11:42:30.724 @LEG006 2019/1/5 3:00:00
11:42:30.724 @LEG007 0
11:42:30.724 @LEG008 
11:42:30.724 @LEG009 
11:42:30.724 @LEG010 0
11:42:30.724 @LEG011 
11:42:30.725 @LEG012 在职
11:42:30.725 @LEG013 LED车间
11:42:30.725 @LEG014 2
11:42:30.725 @LEG015 0
11:42:30.725 @LEG016 0
11:42:30.729 @LEG001 L20190105003
11:42:30.730 @LEG002 10041
11:42:30.730 @LEG003 吴群英
11:42:30.730 @LEG004 装配工
11:42:30.731 @LEG005 2019/1/5 1:00:00
11:42:30.731 @LEG006 2019/1/5 3:00:00
11:42:30.731 @LEG007 0
11:42:30.731 @LEG008 
11:42:30.732 @LEG009 
11:42:30.732 @LEG010 0
11:42:30.732 @LEG011 
11:42:30.733 @LEG012 在职
11:42:30.733 @LEG013 LED车间
11:42:30.733 @LEG014 2
11:42:30.733 @LEG015 0
11:42:30.734 @LEG016 0
11:42:30.736 @LEG001 L20190105003
11:42:30.736 @LEG002 10043
11:42:30.736 @LEG003 唐春凤
11:42:30.736 @LEG004 装配工
11:42:30.737 @LEG005 2019/1/5 1:00:00
11:42:30.737 @LEG006 2019/1/5 3:00:00
11:42:30.737 @LEG007 0
11:42:30.737 @LEG008 
11:42:30.737 @LEG009 
11:42:30.737 @LEG010 0
11:42:30.738 @LEG011 
11:42:30.738 @LEG012 在职
11:42:30.738 @LEG013 LED车间
11:42:30.738 @LEG014 2
11:42:30.738 @LEG015 0
11:42:30.739 @LEG016 0
11:42:30.741 @LEG001 L20190105003
11:42:30.741 @LEG002 10044
11:42:30.741 @LEG003 陈朝香
11:42:30.741 @LEG004 装配工
11:42:30.742 @LEG005 2019/1/5 1:00:00
11:42:30.742 @LEG006 2019/1/5 3:00:00
11:42:30.742 @LEG007 0
11:42:30.742 @LEG008 
11:42:30.742 @LEG009 
11:42:30.743 @LEG010 0
11:42:30.743 @LEG011 
11:42:30.743 @LEG012 在职
11:42:30.743 @LEG013 LED车间
11:42:30.743 @LEG014 2
11:42:30.743 @LEG015 0
11:42:30.744 @LEG016 0
11:42:30.746 @LEG001 L20190105003
11:42:30.746 @LEG002 10045
11:42:30.747 @LEG003 牟飞
11:42:30.747 @LEG004 装配工
11:42:30.747 @LEG005 2019/1/5 1:00:00
11:42:30.747 @LEG006 2019/1/5 3:00:00
11:42:30.747 @LEG007 0
11:42:30.748 @LEG008 
11:42:30.748 @LEG009 
11:42:30.748 @LEG010 0
11:42:30.748 @LEG011 
11:42:30.748 @LEG012 在职
11:42:30.749 @LEG013 LED车间
11:42:30.749 @LEG014 2
11:42:30.749 @LEG015 0
11:42:30.749 @LEG016 0
11:42:30.752 @LEG001 L20190105003
11:42:30.752 @LEG002 10048
11:42:30.752 @LEG003 王建琼
11:42:30.752 @LEG004 装配工
11:42:30.752 @LEG005 2019/1/5 1:00:00
11:42:30.753 @LEG006 2019/1/5 3:00:00
11:42:30.753 @LEG007 0
11:42:30.753 @LEG008 
11:42:30.753 @LEG009 
11:42:30.753 @LEG010 0
11:42:30.753 @LEG011 
11:42:30.754 @LEG012 在职
11:42:30.754 @LEG013 LED车间
11:42:30.754 @LEG014 2
11:42:30.754 @LEG015 0
11:42:30.754 @LEG016 0
11:42:30.757 @LEG001 L20190105003
11:42:30.757 @LEG002 10052
11:42:30.757 @LEG003 周思超
11:42:30.757 @LEG004 装配工
11:42:30.757 @LEG005 2019/1/5 1:00:00
11:42:30.757 @LEG006 2019/1/5 3:00:00
11:42:30.758 @LEG007 0
11:42:30.758 @LEG008 
11:42:30.758 @LEG009 
11:42:30.758 @LEG010 0
11:42:30.758 @LEG011 
11:42:30.759 @LEG012 在职
11:42:30.759 @LEG013 LED车间
11:42:30.759 @LEG014 2
11:42:30.759 @LEG015 0
11:42:30.759 @LEG016 0
11:42:30.762 @LEG001 L20190105003
11:42:30.763 @LEG002 10053
11:42:30.763 @LEG003 陈广会
11:42:30.763 @LEG004 装配工
11:42:30.763 @LEG005 2019/1/5 1:00:00
11:42:30.764 @LEG006 2019/1/5 3:00:00
11:42:30.764 @LEG007 0
11:42:30.764 @LEG008 
11:42:30.764 @LEG009 
11:42:30.764 @LEG010 0
11:42:30.765 @LEG011 
11:42:30.765 @LEG012 在职
11:42:30.765 @LEG013 LED车间
11:42:30.765 @LEG014 2
11:42:30.765 @LEG015 0
11:42:30.766 @LEG016 0
11:42:30.768 @LEG001 L20190105003
11:42:30.768 @LEG002 10055
11:42:30.768 @LEG003 黄曲作
11:42:30.768 @LEG004 装配工
11:42:30.768 @LEG005 2019/1/5 1:00:00
11:42:30.769 @LEG006 2019/1/5 3:00:00
11:42:30.769 @LEG007 0
11:42:30.769 @LEG008 
11:42:30.769 @LEG009 
11:42:30.770 @LEG010 0
11:42:30.770 @LEG011 
11:42:30.770 @LEG012 在职
11:42:30.770 @LEG013 LED车间
11:42:30.771 @LEG014 2
11:42:30.771 @LEG015 0
11:42:30.771 @LEG016 0
11:42:30.773 @LEG001 L20190105003
11:42:30.773 @LEG002 10056
11:42:30.773 @LEG003 宋万林
11:42:30.773 @LEG004 装配工
11:42:30.774 @LEG005 2019/1/5 1:00:00
11:42:30.774 @LEG006 2019/1/5 3:00:00
11:42:30.774 @LEG007 0
11:42:30.774 @LEG008 
11:42:30.774 @LEG009 
11:42:30.775 @LEG010 0
11:42:30.775 @LEG011 
11:42:30.775 @LEG012 在职
11:42:30.775 @LEG013 LED车间
11:42:30.775 @LEG014 2
11:42:30.776 @LEG015 0
11:42:30.776 @LEG016 0
11:42:30.777 @LEG001 L20190105003
11:42:30.777 @LEG002 10057
11:42:30.777 @LEG003 李光云
11:42:30.777 @LEG004 装配工
11:42:30.778 @LEG005 2019/1/5 1:00:00
11:42:30.778 @LEG006 2019/1/5 3:00:00
11:42:30.778 @LEG007 0
11:42:30.778 @LEG008 
11:42:30.778 @LEG009 
11:42:30.778 @LEG010 0
11:42:30.778 @LEG011 
11:42:30.779 @LEG012 在职
11:42:30.779 @LEG013 LED车间
11:42:30.779 @LEG014 2
11:42:30.779 @LEG015 0
11:42:30.779 @LEG016 0
11:44:26.482 @EMP002 系统管理员
11:44:26.483 @EMP033 9af7f2b45fff5ca168dd7081681fadd
13:12:33.876 @EMP002 系统管理员
13:12:33.877 @EMP033 9af7f2b45fff5ca168dd7081681fadd
13:15:16.221 @EMP002 系统管理员
13:15:16.223 @EMP033 9af7f2b45fff5ca168dd7081681fadd
13:18:44.123 @EMP002 系统管理员
13:18:44.124 @EMP033 9af7f2b45fff5ca168dd7081681fadd
13:24:52.870 @EMP002 系统管理员
13:24:52.871 @EMP033 9af7f2b45fff5ca168dd7081681fadd
13:26:51.204 @HAW001 W20190105002
13:26:51.205 @HAW002 
13:26:51.205 @HAW003 
13:26:51.205 @HAW004 
13:26:51.205 @HAW005 
13:26:51.205 @HAW006 
13:26:51.205 @HAW007 0
13:26:51.206 @HAW008 0
13:26:51.206 @HAW009 0
13:26:51.206 @HAW010 2019/1/5 0:00:00
13:26:51.206 @HAW011 计时
13:26:51.207 @HAW012 0501
13:26:51.207 @HAW013 五金车间
13:26:51.207 @HAW014 0501
13:26:51.207 @HAW015 五金车间
13:26:51.207 @HAW016 
13:26:51.207 @HAW017 
13:26:51.208 @HAW018 False
13:26:51.208 @HAW019 False
13:26:51.208 @HAW020 0
13:26:51.208 @HAW021 0
13:26:51.208 @HAW023 系统管理员
13:26:51.209 @HAW024 2019/1/5 8:00:00
13:26:51.209 @HAW025 2019/1/5 17:00:00
13:26:51.226 @HAX001 W20190105002
13:26:51.226 @HAX002 10063
13:26:51.226 @HAX003 赵海
13:26:51.226 @HAX004 冲压工
13:26:51.226 @HAX005 
13:26:51.227 @HAX006 
13:26:51.227 @HAX007 0
13:26:51.227 @HAX008 0
13:26:51.227 @HAX009 
13:26:51.227 @HAX010 
13:26:51.227 @HAX011 2019/1/5 8:00:00
13:26:51.228 @HAX012 2019/1/5 17:00:00
13:26:51.228 @HAX013 8
13:26:51.228 @HAX014 
13:26:51.228 @HAX015 在职
13:26:51.228 @HAX016 
13:26:51.228 @HAX017 五金车间
13:26:51.228 @HAX018 0
13:26:51.229 @HAX019 9
13:26:51.229 @HAX020 72
13:27:08.343 @HAW002 
13:27:08.343 @HAW003 
13:27:08.344 @HAW004 
13:27:08.344 @HAW005 
13:27:08.344 @HAW006 
13:27:08.344 @HAW007 0
13:27:08.344 @HAW008 0.000000
13:27:08.344 @HAW009 0
13:27:08.344 @HAW010 2019/1/5 0:00:00
13:27:08.344 @HAW011 计时
13:27:08.345 @HAW012 0501
13:27:08.345 @HAW013 五金车间
13:27:08.345 @HAW014 0501
13:27:08.345 @HAW015 五金车间
13:27:08.345 @HAW016 
13:27:08.345 @HAW017 
13:27:08.345 @HAW018 False
13:27:08.345 @HAW019 False
13:27:08.346 @HAW001 W20190105002
13:27:08.346 @HAW020 0
13:27:08.346 @HAW021 0
13:27:08.346 @HAW024 2019/1/5 8:00:00
13:27:08.346 @HAW025 2019/1/5 17:00:00
13:27:08.368 @HAX003 赵海
13:27:08.368 @HAX004 冲压工
13:27:08.368 @HAX005 
13:27:08.369 @HAX006 
13:27:08.369 @HAX007 0.000000
13:27:08.369 @HAX008 0
13:27:08.369 @HAX009 
13:27:08.369 @HAX010 
13:27:08.369 @HAX011 2019/1/5 8:00:00
13:27:08.369 @HAX012 2019/1/5 17:00:00
13:27:08.370 @HAX013 8.000000
13:27:08.370 @HAX014 
13:27:08.370 @HAX015 在职
13:27:08.370 @HAX016 
13:27:08.371 @HAX017 五金车间
13:27:08.371 @idx 22
13:27:08.371 @HAX018 0
13:27:08.371 @HAX019 9
13:27:08.371 @HAX020 72.0
13:32:35.106 @EMP002 系统管理员
13:32:35.108 @EMP033 9af7f2b45fff5ca168dd7081681fadd
13:39:19.511 @EMP002 系统管理员
13:39:19.512 @EMP033 9af7f2b45fff5ca168dd7081681fadd
13:44:30.808 @EMP002 系统管理员
13:44:30.809 @EMP033 9af7f2b45fff5ca168dd7081681fadd
14:15:10.326 @EMP002 系统管理员
14:15:10.327 @EMP033 9af7f2b45fff5ca168dd7081681fadd
14:28:36.451 @EMP002 系统管理员
14:28:36.452 @EMP033 9af7f2b45fff5ca168dd7081681fadd
14:30:23.971 @ANW001 Z20190105002
14:30:23.971 @ANW010 0507
14:30:23.971 @ANW011 总装车间
14:30:23.971 @ANW012 050701
14:30:23.971 @ANW013 1线
14:30:23.972 @ANW014 计时
14:30:23.972 @ANW015 2019/1/5 8:00:00
14:30:23.972 @ANW016 2019/1/5 17:00:00
14:30:23.972 @ANW017 
14:30:23.972 @ANW018 
14:30:23.972 @ANW019 
14:30:23.973 @ANW020 False
14:30:23.973 @ANW021 False
14:30:23.973 @ANW022 2019/1/5 0:00:00
14:30:23.973 @ANW023 0
14:30:23.973 @ANW024 0
14:30:23.973 @ANW025 系统管理员
14:30:23.987 @ANX001 Z20190105002
14:30:23.988 @ANX002 10116
14:30:23.988 @ANX003 刘兴贵
14:30:23.988 @ANX004 装配工
14:30:23.988 @ANX005 
14:30:23.988 @ANX006 
14:30:23.988 @ANX007 2019/1/5 8:00:00
14:30:23.988 @ANX008 2019/1/5 17:00:00
14:30:23.988 @ANX009 0
14:30:23.989 @ANX010 0
14:30:23.989 @ANX011 在职
14:30:23.989 @ANX012 
14:30:23.989 @ANX013 
14:30:23.989 @ANX014 1线
14:30:23.989 @ANX015 0
14:30:23.989 @ANX016 9
14:30:23.989 @ANX017 0
14:30:23.994 @ANX001 Z20190105002
14:30:23.994 @ANX002 10117
14:30:23.994 @ANX003 赵成鹏
14:30:23.995 @ANX004 装配工
14:30:23.995 @ANX005 
14:30:23.995 @ANX006 
14:30:23.995 @ANX007 2019/1/5 8:00:00
14:30:23.995 @ANX008 2019/1/5 17:00:00
14:30:23.995 @ANX009 0
14:30:23.996 @ANX010 0
14:30:23.996 @ANX011 在职
14:30:23.996 @ANX012 
14:30:23.996 @ANX013 
14:30:23.997 @ANX014 1线
14:30:23.997 @ANX015 0
14:30:23.997 @ANX016 9
14:30:23.997 @ANX017 0
14:30:23.999 @ANX001 Z20190105002
14:30:23.999 @ANX002 10118
14:30:23.999 @ANX003 何万华
14:30:24.000 @ANX004 装配工
14:30:24.000 @ANX005 
14:30:24.000 @ANX006 
14:30:24.000 @ANX007 2019/1/5 8:00:00
14:30:24.000 @ANX008 2019/1/5 17:00:00
14:30:24.000 @ANX009 0
14:30:24.001 @ANX010 0
14:30:24.001 @ANX011 在职
14:30:24.001 @ANX012 
14:30:24.001 @ANX013 
14:30:24.001 @ANX014 1线
14:30:24.002 @ANX015 0
14:30:24.002 @ANX016 9
14:30:24.002 @ANX017 0
14:30:24.004 @ANX001 Z20190105002
14:30:24.013 @ANX002 10120
14:30:24.014 @ANX003 马小千
14:30:24.014 @ANX004 检测
14:30:24.014 @ANX005 
14:30:24.014 @ANX006 
14:30:24.014 @ANX007 2019/1/5 8:00:00
14:30:24.014 @ANX008 2019/1/5 17:00:00
14:30:24.015 @ANX009 0
14:30:24.015 @ANX010 0
14:30:24.015 @ANX011 在职
14:30:24.015 @ANX012 
14:30:24.016 @ANX013 检测
14:30:24.016 @ANX014 1线
14:30:24.016 @ANX015 0
14:30:24.016 @ANX016 9
14:30:24.016 @ANX017 0
14:30:24.018 @ANX001 Z20190105002
14:30:24.018 @ANX002 10121
14:30:24.018 @ANX003 周顺
14:30:24.018 @ANX004 装配工
14:30:24.019 @ANX005 
14:30:24.019 @ANX006 
14:30:24.019 @ANX007 2019/1/5 8:00:00
14:30:24.019 @ANX008 2019/1/5 17:00:00
14:30:24.019 @ANX009 0
14:30:24.020 @ANX010 0
14:30:24.020 @ANX011 在职
14:30:24.020 @ANX012 
14:30:24.020 @ANX013 
14:30:24.020 @ANX014 1线
14:30:24.020 @ANX015 0
14:30:24.021 @ANX016 9
14:30:24.021 @ANX017 0
14:30:24.023 @ANX001 Z20190105002
14:30:24.023 @ANX002 10122
14:30:24.023 @ANX003 郭昭芬
14:30:24.023 @ANX004 装配工
14:30:24.024 @ANX005 
14:30:24.024 @ANX006 
14:30:24.024 @ANX007 2019/1/5 8:00:00
14:30:24.024 @ANX008 2019/1/5 17:00:00
14:30:24.024 @ANX009 0
14:30:24.024 @ANX010 0
14:30:24.025 @ANX011 在职
14:30:24.025 @ANX012 
14:30:24.025 @ANX013 
14:30:24.025 @ANX014 1线
14:30:24.025 @ANX015 0
14:30:24.025 @ANX016 9
14:30:24.026 @ANX017 0
14:30:24.027 @ANX001 Z20190105002
14:30:24.027 @ANX002 10123
14:30:24.027 @ANX003 吴张英
14:30:24.028 @ANX004 装配工
14:30:24.028 @ANX005 
14:30:24.028 @ANX006 
14:30:24.028 @ANX007 2019/1/5 8:00:00
14:30:24.028 @ANX008 2019/1/5 17:00:00
14:30:24.029 @ANX009 0
14:30:24.029 @ANX010 0
14:30:24.029 @ANX011 在职
14:30:24.029 @ANX012 
14:30:24.029 @ANX013 
14:30:24.030 @ANX014 1线
14:30:24.030 @ANX015 0
14:30:24.030 @ANX016 9
14:30:24.030 @ANX017 0
14:30:24.032 @ANX001 Z20190105002
14:30:24.032 @ANX002 10124
14:30:24.032 @ANX003 熊洪才
14:30:24.032 @ANX004 装配工
14:30:24.032 @ANX005 
14:30:24.033 @ANX006 
14:30:24.033 @ANX007 2019/1/5 8:00:00
14:30:24.033 @ANX008 2019/1/5 17:00:00
14:30:24.033 @ANX009 0
14:30:24.033 @ANX010 0
14:30:24.034 @ANX011 在职
14:30:24.034 @ANX012 
14:30:24.034 @ANX013 
14:30:24.034 @ANX014 1线
14:30:24.034 @ANX015 0
14:30:24.034 @ANX016 9
14:30:24.035 @ANX017 0
14:30:24.036 @ANX001 Z20190105002
14:30:24.036 @ANX002 10125
14:30:24.037 @ANX003 代开容
14:30:24.037 @ANX004 装配工
14:30:24.037 @ANX005 
14:30:24.037 @ANX006 
14:30:24.037 @ANX007 2019/1/5 8:00:00
14:30:24.037 @ANX008 2019/1/5 17:00:00
14:30:24.038 @ANX009 0
14:30:24.038 @ANX010 0
14:30:24.038 @ANX011 在职
14:30:24.038 @ANX012 
14:30:24.038 @ANX013 
14:30:24.038 @ANX014 1线
14:30:24.038 @ANX015 0
14:30:24.039 @ANX016 9
14:30:24.039 @ANX017 0
14:30:24.041 @ANX001 Z20190105002
14:30:24.041 @ANX002 10126
14:30:24.041 @ANX003 朱正高
14:30:24.042 @ANX004 装配工
14:30:24.042 @ANX005 
14:30:24.042 @ANX006 
14:30:24.042 @ANX007 2019/1/5 8:00:00
14:30:24.042 @ANX008 2019/1/5 17:00:00
14:30:24.042 @ANX009 0
14:30:24.043 @ANX010 0
14:30:24.043 @ANX011 在职
14:30:24.043 @ANX012 
14:30:24.043 @ANX013 
14:30:24.043 @ANX014 1线
14:30:24.043 @ANX015 0
14:30:24.044 @ANX016 9
14:30:24.044 @ANX017 0
14:30:24.046 @ANX001 Z20190105002
14:30:24.046 @ANX002 10127
14:30:24.046 @ANX003 卿廷群
14:30:24.047 @ANX004 装配工
14:30:24.047 @ANX005 
14:30:24.047 @ANX006 
14:30:24.047 @ANX007 2019/1/5 8:00:00
14:30:24.047 @ANX008 2019/1/5 17:00:00
14:30:24.048 @ANX009 0
14:30:24.048 @ANX010 0
14:30:24.048 @ANX011 在职
14:30:24.048 @ANX012 
14:30:24.048 @ANX013 
14:30:24.049 @ANX014 1线
14:30:24.049 @ANX015 0
14:30:24.049 @ANX016 9
14:30:24.049 @ANX017 0
14:30:24.050 @ANX001 Z20190105002
14:30:24.051 @ANX002 10128
14:30:24.051 @ANX003 陈万珍
14:30:24.051 @ANX004 装配工
14:30:24.051 @ANX005 
14:30:24.051 @ANX006 
14:30:24.051 @ANX007 2019/1/5 8:00:00
14:30:24.052 @ANX008 2019/1/5 17:00:00
14:30:24.052 @ANX009 0
14:30:24.052 @ANX010 0
14:30:24.052 @ANX011 在职
14:30:24.052 @ANX012 
14:30:24.052 @ANX013 
14:30:24.053 @ANX014 1线
14:30:24.053 @ANX015 0
14:30:24.053 @ANX016 9
14:30:24.053 @ANX017 0
14:30:24.056 @ANX001 Z20190105002
14:30:24.056 @ANX002 10129
14:30:24.056 @ANX003 李义承
14:30:24.056 @ANX004 装配工
14:30:24.056 @ANX005 
14:30:24.057 @ANX006 
14:30:24.057 @ANX007 2019/1/5 8:00:00
14:30:24.057 @ANX008 2019/1/5 17:00:00
14:30:24.057 @ANX009 0
14:30:24.057 @ANX010 0
14:30:24.058 @ANX011 在职
14:30:24.058 @ANX012 
14:30:24.058 @ANX013 
14:30:24.058 @ANX014 1线
14:30:24.058 @ANX015 0
14:30:24.058 @ANX016 9
14:30:24.059 @ANX017 0
14:30:24.061 @ANX001 Z20190105002
14:30:24.061 @ANX002 10130
14:30:24.061 @ANX003 张义兵
14:30:24.061 @ANX004 装配工
14:30:24.062 @ANX005 
14:30:24.062 @ANX006 
14:30:24.062 @ANX007 2019/1/5 8:00:00
14:30:24.062 @ANX008 2019/1/5 17:00:00
14:30:24.062 @ANX009 0
14:30:24.063 @ANX010 0
14:30:24.063 @ANX011 在职
14:30:24.063 @ANX012 
14:30:24.063 @ANX013 
14:30:24.063 @ANX014 1线
14:30:24.064 @ANX015 0
14:30:24.064 @ANX016 9
14:30:24.064 @ANX017 0
14:30:24.067 @ANX001 Z20190105002
14:30:24.067 @ANX002 10131
14:30:24.067 @ANX003 李琴琴
14:30:24.067 @ANX004 装配工
14:30:24.067 @ANX005 
14:30:24.068 @ANX006 
14:30:24.068 @ANX007 2019/1/5 8:00:00
14:30:24.068 @ANX008 2019/1/5 17:00:00
14:30:24.068 @ANX009 0
14:30:24.068 @ANX010 0
14:30:24.069 @ANX011 在职
14:30:24.069 @ANX012 
14:30:24.069 @ANX013 
14:30:24.069 @ANX014 1线
14:30:24.069 @ANX015 0
14:30:24.069 @ANX016 9
14:30:24.070 @ANX017 0
14:30:24.074 @ANX001 Z20190105002
14:30:24.074 @ANX002 10133
14:30:24.074 @ANX003 李二先
14:30:24.075 @ANX004 装配工
14:30:24.075 @ANX005 
14:30:24.075 @ANX006 
14:30:24.075 @ANX007 2019/1/5 8:00:00
14:30:24.075 @ANX008 2019/1/5 17:00:00
14:30:24.076 @ANX009 0
14:30:24.076 @ANX010 0
14:30:24.076 @ANX011 在职
14:30:24.076 @ANX012 
14:30:24.077 @ANX013 
14:30:24.077 @ANX014 1线
14:30:24.077 @ANX015 0
14:30:24.077 @ANX016 9
14:30:24.077 @ANX017 0
14:30:24.079 @ANX001 Z20190105002
14:30:24.079 @ANX002 10134
14:30:24.079 @ANX003 邹永操
14:30:24.079 @ANX004 装配工
14:30:24.080 @ANX005 
14:30:24.080 @ANX006 
14:30:24.080 @ANX007 2019/1/5 8:00:00
14:30:24.080 @ANX008 2019/1/5 17:00:00
14:30:24.080 @ANX009 0
14:30:24.081 @ANX010 0
14:30:24.081 @ANX011 在职
14:30:24.081 @ANX012 
14:30:24.081 @ANX013 
14:30:24.081 @ANX014 1线
14:30:24.082 @ANX015 0
14:30:24.082 @ANX016 9
14:30:24.082 @ANX017 0
14:30:24.083 @ANX001 Z20190105002
14:30:24.084 @ANX002 10135
14:30:24.084 @ANX003 陈广春
14:30:24.084 @ANX004 装配工
14:30:24.084 @ANX005 
14:30:24.084 @ANX006 
14:30:24.085 @ANX007 2019/1/5 8:00:00
14:30:24.085 @ANX008 2019/1/5 17:00:00
14:30:24.085 @ANX009 0
14:30:24.085 @ANX010 0
14:30:24.085 @ANX011 在职
14:30:24.085 @ANX012 
14:30:24.086 @ANX013 
14:30:24.086 @ANX014 1线
14:30:24.086 @ANX015 0
14:30:24.086 @ANX016 9
14:30:24.086 @ANX017 0
14:30:24.088 @ANX001 Z20190105002
14:30:24.089 @ANX002 10136
14:30:24.089 @ANX003 李敏
14:30:24.089 @ANX004 装配工
14:30:24.089 @ANX005 
14:30:24.090 @ANX006 
14:30:24.090 @ANX007 2019/1/5 8:00:00
14:30:24.090 @ANX008 2019/1/5 17:00:00
14:30:24.090 @ANX009 0
14:30:24.090 @ANX010 0
14:30:24.091 @ANX011 在职
14:30:24.091 @ANX012 
14:30:24.091 @ANX013 
14:30:24.091 @ANX014 1线
14:30:24.091 @ANX015 0
14:30:24.092 @ANX016 9
14:30:24.092 @ANX017 0
14:30:24.094 @ANX001 Z20190105002
14:30:24.094 @ANX002 10137
14:30:24.094 @ANX003 占利
14:30:24.094 @ANX004 装配工
14:30:24.095 @ANX005 
14:30:24.095 @ANX006 
14:30:24.095 @ANX007 2019/1/5 8:00:00
14:30:24.095 @ANX008 2019/1/5 17:00:00
14:30:24.095 @ANX009 0
14:30:24.096 @ANX010 0
14:30:24.096 @ANX011 在职
14:30:24.096 @ANX012 
14:30:24.096 @ANX013 
14:30:24.096 @ANX014 1线
14:30:24.097 @ANX015 0
14:30:24.097 @ANX016 9
14:30:24.097 @ANX017 0
14:30:24.098 @ANX001 Z20190105002
14:30:24.099 @ANX002 10138
14:30:24.099 @ANX003 王绍琴
14:30:24.099 @ANX004 装配工
14:30:24.099 @ANX005 
14:30:24.099 @ANX006 
14:30:24.100 @ANX007 2019/1/5 8:00:00
14:30:24.100 @ANX008 2019/1/5 17:00:00
14:30:24.100 @ANX009 0
14:30:24.100 @ANX010 0
14:30:24.100 @ANX011 在职
14:30:24.101 @ANX012 
14:30:24.101 @ANX013 
14:30:24.101 @ANX014 1线
14:30:24.101 @ANX015 0
14:30:24.101 @ANX016 9
14:30:24.102 @ANX017 0
14:30:24.103 @ANX001 Z20190105002
14:30:24.103 @ANX002 10139
14:30:24.104 @ANX003 唐录云
14:30:24.104 @ANX004 装配工
14:30:24.104 @ANX005 
14:30:24.104 @ANX006 
14:30:24.104 @ANX007 2019/1/5 8:00:00
14:30:24.105 @ANX008 2019/1/5 17:00:00
14:30:24.105 @ANX009 0
14:30:24.105 @ANX010 0
14:30:24.105 @ANX011 在职
14:30:24.105 @ANX012 
14:30:24.105 @ANX013 
14:30:24.106 @ANX014 1线
14:30:24.106 @ANX015 0
14:30:24.106 @ANX016 9
14:30:24.106 @ANX017 0
14:30:24.107 @ANX001 Z20190105002
14:30:24.108 @ANX002 10140
14:30:24.108 @ANX003 田锋
14:30:24.108 @ANX004 装配工
14:30:24.108 @ANX005 
14:30:24.108 @ANX006 
14:30:24.109 @ANX007 2019/1/5 8:00:00
14:30:24.109 @ANX008 2019/1/5 17:00:00
14:30:24.109 @ANX009 0
14:30:24.109 @ANX010 0
14:30:24.109 @ANX011 在职
14:30:24.109 @ANX012 
14:30:24.110 @ANX013 
14:30:24.110 @ANX014 1线
14:30:24.110 @ANX015 0
14:30:24.110 @ANX016 9
14:30:24.110 @ANX017 0
14:30:24.112 @ANX001 Z20190105002
14:30:24.112 @ANX002 10141
14:30:24.112 @ANX003 付志林
14:30:24.112 @ANX004 装配工
14:30:24.112 @ANX005 
14:30:24.113 @ANX006 
14:30:24.113 @ANX007 2019/1/5 8:00:00
14:30:24.113 @ANX008 2019/1/5 17:00:00
14:30:24.113 @ANX009 0
14:30:24.113 @ANX010 0
14:30:24.113 @ANX011 在职
14:30:24.114 @ANX012 
14:30:24.114 @ANX013 
14:30:24.114 @ANX014 1线
14:30:24.114 @ANX015 0
14:30:24.114 @ANX016 9
14:30:24.115 @ANX017 0
14:44:06.649 @EMP002 系统管理员
14:44:06.650 @EMP033 9af7f2b45fff5ca168dd7081681fadd
14:47:24.316 @EMP002 系统管理员
14:47:24.317 @EMP033 9af7f2b45fff5ca168dd7081681fadd
14:49:08.244 @EMP002 系统管理员
14:49:08.245 @EMP033 9af7f2b45fff5ca168dd7081681fadd
15:15:25.306 @EMP002 系统管理员
15:15:25.307 @EMP033 9af7f2b45fff5ca168dd7081681fadd
