09:23:39.379 @EMP002 系统管理员
09:23:39.380 @EMP033 9af7f2b45fff5ca168dd7081681fadd
09:26:46.979 @EMP002 系统管理员
09:26:46.980 @EMP033 9af7f2b45fff5ca168dd7081681fadd
09:27:19.291 @ANW001 Z20190107001
09:27:19.291 @ANW010 0507
09:27:19.292 @ANW011 总装车间
09:27:19.292 @ANW012 050701
09:27:19.292 @ANW013 1线
09:27:19.292 @ANW014 计时
09:27:19.292 @ANW015 2019/1/7 8:00:00
09:27:19.292 @ANW016 2019/1/7 17:00:00
09:27:19.292 @ANW017 
09:27:19.292 @ANW018 
09:27:19.292 @ANW019 
09:27:19.293 @ANW020 False
09:27:19.293 @ANW021 False
09:27:19.293 @ANW022 2019/1/7 0:00:00
09:27:19.293 @ANW023 0
09:27:19.293 @ANW024 0
09:27:19.293 @ANW025 系统管理员
09:27:19.316 @ANX001 Z20190107001
09:27:19.316 @ANX002 10116
09:27:19.316 @ANX003 刘兴贵
09:27:19.316 @ANX004 装配工
09:27:19.317 @ANX005 
09:27:19.317 @ANX006 
09:27:19.317 @ANX007 2019/1/7 8:00:00
09:27:19.317 @ANX008 2019/1/7 17:00:00
09:27:19.317 @ANX009 0
09:27:19.318 @ANX010 0
09:27:19.318 @ANX011 在职
09:27:19.318 @ANX012 
09:27:19.318 @ANX013 
09:27:19.319 @ANX014 1线
09:27:19.319 @ANX015 0
09:27:19.319 @ANX016 9
09:27:19.319 @ANX017 0
09:27:19.323 @ANX001 Z20190107001
09:27:19.324 @ANX002 10117
09:27:19.324 @ANX003 赵成鹏
09:27:19.324 @ANX004 装配工
09:27:19.324 @ANX005 
09:27:19.324 @ANX006 
09:27:19.325 @ANX007 2019/1/7 8:00:00
09:27:19.325 @ANX008 2019/1/7 17:00:00
09:27:19.325 @ANX009 0
09:27:19.325 @ANX010 0
09:27:19.325 @ANX011 在职
09:27:19.326 @ANX012 
09:27:19.326 @ANX013 
09:27:19.326 @ANX014 1线
09:27:19.326 @ANX015 0
09:27:19.326 @ANX016 9
09:27:19.327 @ANX017 0
09:27:19.329 @ANX001 Z20190107001
09:27:19.330 @ANX002 10118
09:27:19.330 @ANX003 何万华
09:27:19.330 @ANX004 装配工
09:27:19.330 @ANX005 
09:27:19.330 @ANX006 
09:27:19.330 @ANX007 2019/1/7 8:00:00
09:27:19.331 @ANX008 2019/1/7 17:00:00
09:27:19.331 @ANX009 0
09:27:19.331 @ANX010 0
09:27:19.331 @ANX011 在职
09:27:19.331 @ANX012 
09:27:19.332 @ANX013 
09:27:19.332 @ANX014 1线
09:27:19.332 @ANX015 0
09:27:19.332 @ANX016 9
09:27:19.332 @ANX017 0
09:27:19.334 @ANX001 Z20190107001
09:27:19.334 @ANX002 10120
09:27:19.334 @ANX003 马小千
09:27:19.334 @ANX004 检测
09:27:19.335 @ANX005 
09:27:19.335 @ANX006 
09:27:19.335 @ANX007 2019/1/7 8:00:00
09:27:19.335 @ANX008 2019/1/7 17:00:00
09:27:19.335 @ANX009 0
09:27:19.336 @ANX010 0
09:27:19.336 @ANX011 在职
09:27:19.336 @ANX012 
09:27:19.336 @ANX013 检测
09:27:19.336 @ANX014 1线
09:27:19.337 @ANX015 0
09:27:19.337 @ANX016 9
09:27:19.337 @ANX017 0
09:27:19.338 @ANX001 Z20190107001
09:27:19.339 @ANX002 10121
09:27:19.339 @ANX003 周顺
09:27:19.339 @ANX004 装配工
09:27:19.339 @ANX005 
09:27:19.339 @ANX006 
09:27:19.341 @ANX007 2019/1/7 8:00:00
09:27:19.341 @ANX008 2019/1/7 17:00:00
09:27:19.341 @ANX009 0
09:27:19.342 @ANX010 0
09:27:19.342 @ANX011 在职
09:27:19.342 @ANX012 
09:27:19.342 @ANX013 
09:27:19.342 @ANX014 1线
09:27:19.342 @ANX015 0
09:27:19.343 @ANX016 9
09:27:19.343 @ANX017 0
09:27:19.346 @ANX001 Z20190107001
09:27:19.346 @ANX002 10122
09:27:19.346 @ANX003 郭昭芬
09:27:19.346 @ANX004 装配工
09:27:19.347 @ANX005 
09:27:19.347 @ANX006 
09:27:19.347 @ANX007 2019/1/7 8:00:00
09:27:19.347 @ANX008 2019/1/7 17:00:00
09:27:19.347 @ANX009 0
09:27:19.348 @ANX010 0
09:27:19.348 @ANX011 在职
09:27:19.348 @ANX012 
09:27:19.348 @ANX013 
09:27:19.348 @ANX014 1线
09:27:19.349 @ANX015 0
09:27:19.349 @ANX016 9
09:27:19.349 @ANX017 0
09:27:19.350 @ANX001 Z20190107001
09:27:19.350 @ANX002 10123
09:27:19.351 @ANX003 吴张英
09:27:19.351 @ANX004 装配工
09:27:19.351 @ANX005 
09:27:19.351 @ANX006 
09:27:19.351 @ANX007 2019/1/7 8:00:00
09:27:19.352 @ANX008 2019/1/7 17:00:00
09:27:19.352 @ANX009 0
09:27:19.352 @ANX010 0
09:27:19.352 @ANX011 在职
09:27:19.352 @ANX012 
09:27:19.353 @ANX013 
09:27:19.353 @ANX014 1线
09:27:19.353 @ANX015 0
09:27:19.353 @ANX016 9
09:27:19.354 @ANX017 0
09:27:19.355 @ANX001 Z20190107001
09:27:19.355 @ANX002 10124
09:27:19.356 @ANX003 熊洪才
09:27:19.356 @ANX004 装配工
09:27:19.356 @ANX005 
09:27:19.356 @ANX006 
09:27:19.356 @ANX007 2019/1/7 8:00:00
09:27:19.357 @ANX008 2019/1/7 17:00:00
09:27:19.357 @ANX009 0
09:27:19.357 @ANX010 0
09:27:19.357 @ANX011 在职
09:27:19.357 @ANX012 
09:27:19.358 @ANX013 
09:27:19.358 @ANX014 1线
09:27:19.358 @ANX015 0
09:27:19.358 @ANX016 9
09:27:19.358 @ANX017 0
09:27:19.360 @ANX001 Z20190107001
09:27:19.360 @ANX002 10125
09:27:19.360 @ANX003 代开容
09:27:19.361 @ANX004 装配工
09:27:19.361 @ANX005 
09:27:19.361 @ANX006 
09:27:19.361 @ANX007 2019/1/7 8:00:00
09:27:19.362 @ANX008 2019/1/7 17:00:00
09:27:19.362 @ANX009 0
09:27:19.362 @ANX010 0
09:27:19.362 @ANX011 在职
09:27:19.362 @ANX012 
09:27:19.363 @ANX013 
09:27:19.363 @ANX014 1线
09:27:19.363 @ANX015 0
09:27:19.363 @ANX016 9
09:27:19.363 @ANX017 0
09:27:19.365 @ANX001 Z20190107001
09:27:19.365 @ANX002 10126
09:27:19.365 @ANX003 朱正高
09:27:19.365 @ANX004 装配工
09:27:19.366 @ANX005 
09:27:19.366 @ANX006 
09:27:19.366 @ANX007 2019/1/7 8:00:00
09:27:19.366 @ANX008 2019/1/7 17:00:00
09:27:19.367 @ANX009 0
09:27:19.367 @ANX010 0
09:27:19.367 @ANX011 在职
09:27:19.367 @ANX012 
09:27:19.367 @ANX013 
09:27:19.368 @ANX014 1线
09:27:19.368 @ANX015 0
09:27:19.368 @ANX016 9
09:27:19.368 @ANX017 0
09:27:19.370 @ANX001 Z20190107001
09:27:19.370 @ANX002 10127
09:27:19.371 @ANX003 卿廷群
09:27:19.371 @ANX004 装配工
09:27:19.371 @ANX005 
09:27:19.371 @ANX006 
09:27:19.371 @ANX007 2019/1/7 8:00:00
09:27:19.372 @ANX008 2019/1/7 17:00:00
09:27:19.372 @ANX009 0
09:27:19.372 @ANX010 0
09:27:19.372 @ANX011 在职
09:27:19.372 @ANX012 
09:27:19.373 @ANX013 
09:27:19.373 @ANX014 1线
09:27:19.373 @ANX015 0
09:27:19.373 @ANX016 9
09:27:19.374 @ANX017 0
09:27:19.375 @ANX001 Z20190107001
09:27:19.375 @ANX002 10128
09:27:19.375 @ANX003 陈万珍
09:27:19.376 @ANX004 装配工
09:27:19.376 @ANX005 
09:27:19.376 @ANX006 
09:27:19.376 @ANX007 2019/1/7 8:00:00
09:27:19.376 @ANX008 2019/1/7 17:00:00
09:27:19.377 @ANX009 0
09:27:19.377 @ANX010 0
09:27:19.377 @ANX011 在职
09:27:19.377 @ANX012 
09:27:19.377 @ANX013 
09:27:19.377 @ANX014 1线
09:27:19.378 @ANX015 0
09:27:19.378 @ANX016 9
09:27:19.378 @ANX017 0
09:27:19.379 @ANX001 Z20190107001
09:27:19.380 @ANX002 10129
09:27:19.380 @ANX003 李义承
09:27:19.380 @ANX004 装配工
09:27:19.380 @ANX005 
09:27:19.380 @ANX006 
09:27:19.381 @ANX007 2019/1/7 8:00:00
09:27:19.381 @ANX008 2019/1/7 17:00:00
09:27:19.381 @ANX009 0
09:27:19.381 @ANX010 0
09:27:19.381 @ANX011 在职
09:27:19.382 @ANX012 
09:27:19.382 @ANX013 
09:27:19.382 @ANX014 1线
09:27:19.382 @ANX015 0
09:27:19.382 @ANX016 9
09:27:19.383 @ANX017 0
09:27:19.384 @ANX001 Z20190107001
09:27:19.384 @ANX002 10130
09:27:19.384 @ANX003 张义兵
09:27:19.385 @ANX004 装配工
09:27:19.385 @ANX005 
09:27:19.385 @ANX006 
09:27:19.385 @ANX007 2019/1/7 8:00:00
09:27:19.385 @ANX008 2019/1/7 17:00:00
09:27:19.386 @ANX009 0
09:27:19.386 @ANX010 0
09:27:19.386 @ANX011 在职
09:27:19.386 @ANX012 
09:27:19.386 @ANX013 
09:27:19.387 @ANX014 1线
09:27:19.387 @ANX015 0
09:27:19.387 @ANX016 9
09:27:19.387 @ANX017 0
09:27:19.389 @ANX001 Z20190107001
09:27:19.389 @ANX002 10131
09:27:19.389 @ANX003 李琴琴
09:27:19.390 @ANX004 装配工
09:27:19.390 @ANX005 
09:27:19.390 @ANX006 
09:27:19.390 @ANX007 2019/1/7 8:00:00
09:27:19.390 @ANX008 2019/1/7 17:00:00
09:27:19.391 @ANX009 0
09:27:19.391 @ANX010 0
09:27:19.391 @ANX011 在职
09:27:19.391 @ANX012 
09:27:19.391 @ANX013 
09:27:19.391 @ANX014 1线
09:27:19.392 @ANX015 0
09:27:19.392 @ANX016 9
09:27:19.392 @ANX017 0
09:27:19.393 @ANX001 Z20190107001
09:27:19.394 @ANX002 10133
09:27:19.394 @ANX003 李二先
09:27:19.394 @ANX004 装配工
09:27:19.394 @ANX005 
09:27:19.394 @ANX006 
09:27:19.395 @ANX007 2019/1/7 8:00:00
09:27:19.395 @ANX008 2019/1/7 17:00:00
09:27:19.395 @ANX009 0
09:27:19.395 @ANX010 0
09:27:19.395 @ANX011 在职
09:27:19.396 @ANX012 
09:27:19.396 @ANX013 
09:27:19.396 @ANX014 1线
09:27:19.396 @ANX015 0
09:27:19.396 @ANX016 9
09:27:19.396 @ANX017 0
09:27:19.398 @ANX001 Z20190107001
09:27:19.398 @ANX002 10134
09:27:19.398 @ANX003 邹永操
09:27:19.398 @ANX004 装配工
09:27:19.398 @ANX005 
09:27:19.399 @ANX006 
09:27:19.399 @ANX007 2019/1/7 8:00:00
09:27:19.399 @ANX008 2019/1/7 17:00:00
09:27:19.399 @ANX009 0
09:27:19.399 @ANX010 0
09:27:19.399 @ANX011 在职
09:27:19.400 @ANX012 
09:27:19.400 @ANX013 
09:27:19.400 @ANX014 1线
09:27:19.400 @ANX015 0
09:27:19.401 @ANX016 9
09:27:19.401 @ANX017 0
09:27:19.402 @ANX001 Z20190107001
09:27:19.402 @ANX002 10135
09:27:19.402 @ANX003 陈广春
09:27:19.403 @ANX004 装配工
09:27:19.403 @ANX005 
09:27:19.403 @ANX006 
09:27:19.403 @ANX007 2019/1/7 8:00:00
09:27:19.403 @ANX008 2019/1/7 17:00:00
09:27:19.404 @ANX009 0
09:27:19.404 @ANX010 0
09:27:19.404 @ANX011 在职
09:27:19.404 @ANX012 
09:27:19.405 @ANX013 
09:27:19.405 @ANX014 1线
09:27:19.405 @ANX015 0
09:27:19.405 @ANX016 9
09:27:19.406 @ANX017 0
09:27:19.407 @ANX001 Z20190107001
09:27:19.408 @ANX002 10136
09:27:19.408 @ANX003 李敏
09:27:19.408 @ANX004 装配工
09:27:19.408 @ANX005 
09:27:19.408 @ANX006 
09:27:19.409 @ANX007 2019/1/7 8:00:00
09:27:19.409 @ANX008 2019/1/7 17:00:00
09:27:19.409 @ANX009 0
09:27:19.409 @ANX010 0
09:27:19.409 @ANX011 在职
09:27:19.410 @ANX012 
09:27:19.410 @ANX013 
09:27:19.410 @ANX014 1线
09:27:19.410 @ANX015 0
09:27:19.410 @ANX016 9
09:27:19.411 @ANX017 0
09:27:19.412 @ANX001 Z20190107001
09:27:19.412 @ANX002 10137
09:27:19.413 @ANX003 占利
09:27:19.413 @ANX004 装配工
09:27:19.413 @ANX005 
09:27:19.413 @ANX006 
09:27:19.413 @ANX007 2019/1/7 8:00:00
09:27:19.413 @ANX008 2019/1/7 17:00:00
09:27:19.414 @ANX009 0
09:27:19.414 @ANX010 0
09:27:19.414 @ANX011 在职
09:27:19.414 @ANX012 
09:27:19.414 @ANX013 
09:27:19.414 @ANX014 1线
09:27:19.415 @ANX015 0
09:27:19.415 @ANX016 9
09:27:19.415 @ANX017 0
09:27:19.416 @ANX001 Z20190107001
09:27:19.417 @ANX002 10138
09:27:19.417 @ANX003 王绍琴
09:27:19.417 @ANX004 装配工
09:27:19.417 @ANX005 
09:27:19.417 @ANX006 
09:27:19.417 @ANX007 2019/1/7 8:00:00
09:27:19.418 @ANX008 2019/1/7 17:00:00
09:27:19.418 @ANX009 0
09:27:19.418 @ANX010 0
09:27:19.418 @ANX011 在职
09:27:19.418 @ANX012 
09:27:19.419 @ANX013 
09:27:19.419 @ANX014 1线
09:27:19.419 @ANX015 0
09:27:19.419 @ANX016 9
09:27:19.419 @ANX017 0
09:27:19.421 @ANX001 Z20190107001
09:27:19.421 @ANX002 10139
09:27:19.421 @ANX003 唐录云
09:27:19.422 @ANX004 装配工
09:27:19.422 @ANX005 
09:27:19.422 @ANX006 
09:27:19.422 @ANX007 2019/1/7 8:00:00
09:27:19.422 @ANX008 2019/1/7 17:00:00
09:27:19.423 @ANX009 0
09:27:19.423 @ANX010 0
09:27:19.423 @ANX011 在职
09:27:19.423 @ANX012 
09:27:19.423 @ANX013 
09:27:19.423 @ANX014 1线
09:27:19.424 @ANX015 0
09:27:19.424 @ANX016 9
09:27:19.424 @ANX017 0
09:27:19.426 @ANX001 Z20190107001
09:27:19.426 @ANX002 10140
09:27:19.426 @ANX003 田锋
09:27:19.426 @ANX004 装配工
09:27:19.426 @ANX005 
09:27:19.426 @ANX006 
09:27:19.427 @ANX007 2019/1/7 8:00:00
09:27:19.427 @ANX008 2019/1/7 17:00:00
09:27:19.427 @ANX009 0
09:27:19.427 @ANX010 0
09:27:19.427 @ANX011 在职
09:27:19.428 @ANX012 
09:27:19.428 @ANX013 
09:27:19.428 @ANX014 1线
09:27:19.428 @ANX015 0
09:27:19.428 @ANX016 9
09:27:19.428 @ANX017 0
09:27:19.430 @ANX001 Z20190107001
09:27:19.430 @ANX002 10141
09:27:19.430 @ANX003 付志林
09:27:19.430 @ANX004 装配工
09:27:19.431 @ANX005 
09:27:19.431 @ANX006 
09:27:19.431 @ANX007 2019/1/7 8:00:00
09:27:19.431 @ANX008 2019/1/7 17:00:00
09:27:19.431 @ANX009 0
09:27:19.431 @ANX010 0
09:27:19.432 @ANX011 在职
09:27:19.432 @ANX012 
09:27:19.432 @ANX013 
09:27:19.432 @ANX014 1线
09:27:19.432 @ANX015 0
09:27:19.433 @ANX016 9
09:27:19.433 @ANX017 0
09:31:05.266 @EMP002 系统管理员
09:31:05.266 @EMP033 9af7f2b45fff5ca168dd7081681fadd
09:51:35.328 @EMP002 系统管理员
09:51:35.328 @EMP033 9af7f2b45fff5ca168dd7081681fadd
09:55:17.441 @EMP002 系统管理员
09:55:17.442 @EMP033 9af7f2b45fff5ca168dd7081681fadd
09:57:39.568 @EMP002 系统管理员
09:57:39.568 @EMP033 9af7f2b45fff5ca168dd7081681fadd
09:58:36.274 @EMP002 系统管理员
09:58:36.274 @EMP033 9af7f2b45fff5ca168dd7081681fadd
09:59:58.482 @EMP002 系统管理员
09:59:58.484 @EMP033 9af7f2b45fff5ca168dd7081681fadd
10:00:57.692 @EMP002 系统管理员
10:00:57.693 @EMP033 9af7f2b45fff5ca168dd7081681fadd
10:02:08.548 @EMP002 系统管理员
10:02:08.549 @EMP033 9af7f2b45fff5ca168dd7081681fadd
10:07:33.951 @EMP002 系统管理员
10:07:33.952 @EMP033 9af7f2b45fff5ca168dd7081681fadd
10:08:56.386 @ANT001 F20190107001
10:08:56.386 @ANT002 0507
10:08:56.386 @ANT003 总装车间
10:08:56.386 @ANT004 050709
10:08:56.387 @ANT005 附件组
10:08:56.387 @ANT008 2019/1/7 0:00:00
10:08:56.387 @ANT009 0
10:08:56.387 @ANT010 0
10:08:56.387 @ANT011 计件
10:08:56.387 @ANT012 
10:08:56.387 @ANT013 系统管理员
10:08:56.387 @ANT014 2019/1/7 8:00:00
10:08:56.387 @ANT015 2019/1/7 17:00:00
10:08:56.407 @ANU001 F20190107001
10:08:56.407 @ANU002 Z20190104007
10:08:56.408 @ANU003 GD201901020008
10:08:56.408 @ANU004 JDSF113
10:08:56.408 @ANU005 JDSF113-玉树临风-300*600数显风暖四合一
10:08:56.408 @ANU006 附件加工
10:08:56.408 @ANU007 0.2
10:08:56.408 @ANU008 050704
10:08:56.409 @ANU009 4线
10:08:56.409 @ANU010 0
10:08:56.409 @ANU011 250
10:08:56.409 @ANU012 
10:08:56.413 @ANU001 F20190107001
10:08:56.413 @ANU002 Z20190104010
10:08:56.413 @ANU003 GD201901020011
10:08:56.413 @ANU004 JDSF113-Y
10:08:56.413 @ANU005 JDSF113-Y-风华正茂-300*600智能无线遥控浴霸
10:08:56.413 @ANU006 附件加工
10:08:56.414 @ANU007 0.25
10:08:56.414 @ANU008 050702
10:08:56.414 @ANU009 2线
10:08:56.414 @ANU010 0
10:08:56.414 @ANU011 420
10:08:56.414 @ANU012 
10:08:56.419 @ANU001 F20190107001
10:08:56.419 @ANU002 Z20190103002
10:08:56.419 @ANU003 GD201901020012
10:08:56.420 @ANU004 JDSF116-B
10:08:56.420 @ANU005 JDSF116-B玉树临风-300*600智控数显四合一
10:08:56.420 @ANU006 附件加工
10:08:56.420 @ANU007 0.3
10:08:56.420 @ANU008 050702
10:08:56.421 @ANU009 2线
10:08:56.421 @ANU010 0
10:08:56.421 @ANU011 500
10:08:56.421 @ANU012 
10:08:56.422 @ANU001 F20190107001
10:08:56.423 @ANU002 Z20190103005
10:08:56.423 @ANU003 GD201901020013
10:08:56.423 @ANU004 JDSF130
10:08:56.423 @ANU005 JDSF130-玉风临风-60*30风暖三合一
10:08:56.424 @ANU006 附件加工
10:08:56.424 @ANU007 0.23
10:08:56.424 @ANU008 050704
10:08:56.424 @ANU009 4线
10:08:56.424 @ANU010 0
10:08:56.424 @ANU011 300
10:08:56.425 @ANU012 
10:08:56.428 @ANU001 F20190107001
10:08:56.428 @ANU002 Z20190103006
10:08:56.428 @ANU003 GD201901020016
10:08:56.428 @ANU004 JDSF139-E
10:08:56.429 @ANU005 JDSF139-E-玉树临风-300*600数显风暖四合一
10:08:56.429 @ANU006 附件加工
10:08:56.429 @ANU007 0.14
10:08:56.429 @ANU008 050704
10:08:56.429 @ANU009 4线
10:08:56.429 @ANU010 0
10:08:56.429 @ANU011 300
10:08:56.429 @ANU012 
10:08:56.431 @ANV001 F20190107001
10:08:56.431 @ANV002 10230
10:08:56.431 @ANV003 韩秀金
10:08:56.431 @ANV004 装配工
10:08:56.432 @ANV005 
10:08:56.432 @ANV006 
10:08:56.432 @ANV007 在职
10:08:56.432 @ANV008 附件组
10:08:56.432 @ANV009 0
10:08:56.432 @ANV010 0
10:08:56.433 @ANV011 
10:08:56.433 @ANV013 2019/1/7 8:00:00
10:08:56.433 @ANV014 2019/1/7 17:00:00
10:08:56.433 @ANV015 9
10:08:56.433 @ANV016 0
10:08:56.437 @ANV001 F20190107001
10:08:56.437 @ANV002 10231
10:08:56.437 @ANV003 黄春燕
10:08:56.437 @ANV004 装配工
10:08:56.437 @ANV005 
10:08:56.437 @ANV006 
10:08:56.438 @ANV007 在职
10:08:56.438 @ANV008 附件组
10:08:56.438 @ANV009 0
10:08:56.438 @ANV010 0
10:08:56.438 @ANV011 
10:08:56.439 @ANV013 2019/1/7 8:00:00
10:08:56.439 @ANV014 2019/1/7 17:00:00
10:08:56.439 @ANV015 9
10:08:56.439 @ANV016 0
10:08:56.441 @ANV001 F20190107001
10:08:56.441 @ANV002 10232
10:08:56.441 @ANV003 薛能珍
10:08:56.441 @ANV004 装配工
10:08:56.441 @ANV005 
10:08:56.442 @ANV006 
10:08:56.442 @ANV007 在职
10:08:56.442 @ANV008 附件组
10:08:56.442 @ANV009 0
10:08:56.442 @ANV010 0
10:08:56.442 @ANV011 
10:08:56.442 @ANV013 2019/1/7 8:00:00
10:08:56.443 @ANV014 2019/1/7 17:00:00
10:08:56.443 @ANV015 9
10:08:56.443 @ANV016 0
10:08:56.444 @ANV001 F20190107001
10:08:56.444 @ANV002 10233
10:08:56.445 @ANV003 何卫英
10:08:56.445 @ANV004 装配工
10:08:56.445 @ANV005 
10:08:56.445 @ANV006 
10:08:56.445 @ANV007 在职
10:08:56.445 @ANV008 附件组
10:08:56.446 @ANV009 0
10:08:56.446 @ANV010 0
10:08:56.446 @ANV011 
10:08:56.446 @ANV013 2019/1/7 8:00:00
10:08:56.446 @ANV014 2019/1/7 17:00:00
10:08:56.446 @ANV015 9
10:08:56.446 @ANV016 0
10:08:56.449 @ANV001 F20190107001
10:08:56.449 @ANV002 10235
10:08:56.449 @ANV003 李梦飞
10:08:56.449 @ANV004 装配工
10:08:56.449 @ANV005 
10:08:56.449 @ANV006 
10:08:56.450 @ANV007 在职
10:08:56.450 @ANV008 附件组
10:08:56.450 @ANV009 0
10:08:56.450 @ANV010 0
10:08:56.450 @ANV011 
10:08:56.450 @ANV013 2019/1/7 8:00:00
10:08:56.450 @ANV014 2019/1/7 17:00:00
10:08:56.450 @ANV015 9
10:08:56.451 @ANV016 0
10:09:10.163 @ANT002 0507
10:09:10.163 @ANT003 总装车间
10:09:10.164 @ANT004 050709
10:09:10.164 @ANT005 附件组
10:09:10.164 @ANT006 False
10:09:10.164 @ANT007 False
10:09:10.164 @ANT001 F20190107001
10:09:10.164 @ANT009 0
10:09:10.165 @ANT010 0
10:09:10.165 @ANT011 计件
10:09:10.165 @ANT012 
10:09:10.165 @ANT014 2019/1/7 8:00:00
10:09:10.165 @ANT015 2019/1/7 17:00:00
10:09:10.172 @ANU003 GD201901020012
10:09:10.173 @ANU004 JDSF116-B
10:09:10.173 @ANU005 JDSF116-B玉树临风-300*600智控数显四合一
10:09:10.173 @ANU006 附件加工
10:09:10.173 @ANU007 0.3
10:09:10.173 @ANU008 050702
10:09:10.173 @ANU009 2线
10:09:10.174 @ANU010 500
10:09:10.174 @idx 13
10:09:10.174 @ANU002 Z20190103002
10:09:10.174 @ANU011 500
10:09:10.174 @ANU012 
10:09:10.186 @ANU003 GD201901020013
10:09:10.186 @ANU004 JDSF130
10:09:10.186 @ANU005 JDSF130-玉风临风-60*30风暖三合一
10:09:10.186 @ANU006 附件加工
10:09:10.186 @ANU007 0.23
10:09:10.186 @ANU008 050704
10:09:10.187 @ANU009 4线
10:09:10.187 @ANU010 300
10:09:10.187 @idx 14
10:09:10.187 @ANU002 Z20190103005
10:09:10.187 @ANU011 300
10:09:10.187 @ANU012 
10:09:10.194 @ANU003 GD201901020016
10:09:10.194 @ANU004 JDSF139-E
10:09:10.194 @ANU005 JDSF139-E-玉树临风-300*600数显风暖四合一
10:09:10.194 @ANU006 附件加工
10:09:10.194 @ANU007 0.14
10:09:10.194 @ANU008 050704
10:09:10.194 @ANU009 4线
10:09:10.195 @ANU010 300
10:09:10.195 @idx 15
10:09:10.195 @ANU002 Z20190103006
10:09:10.195 @ANU011 300
10:09:10.195 @ANU012 
10:09:10.199 @ANU003 GD201901020008
10:09:10.199 @ANU004 JDSF113
10:09:10.199 @ANU005 JDSF113-玉树临风-300*600数显风暖四合一
10:09:10.199 @ANU006 附件加工
10:09:10.199 @ANU007 0.2
10:09:10.199 @ANU008 050704
10:09:10.199 @ANU009 4线
10:09:10.199 @ANU010 250
10:09:10.200 @idx 11
10:09:10.200 @ANU002 Z20190104007
10:09:10.202 @ANU011 250
10:09:10.202 @ANU012 
10:09:10.205 @ANU003 GD201901020011
10:09:10.205 @ANU004 JDSF113-Y
10:09:10.206 @ANU005 JDSF113-Y-风华正茂-300*600智能无线遥控浴霸
10:09:10.206 @ANU006 附件加工
10:09:10.206 @ANU007 0.25
10:09:10.206 @ANU008 050702
10:09:10.206 @ANU009 2线
10:09:10.206 @ANU010 420
10:09:10.206 @idx 12
10:09:10.207 @ANU002 Z20190104010
10:09:10.207 @ANU011 420
10:09:10.207 @ANU012 
10:09:10.211 @ANV003 韩秀金
10:09:10.211 @ANV004 装配工
10:09:10.211 @ANV005 
10:09:10.211 @ANV006 
10:09:10.211 @idx 21
10:09:10.211 @ANV002 10230
10:09:10.212 @ANV007 在职        
10:09:10.212 @ANV008 附件组
10:09:10.212 @ANV009 0
10:09:10.212 @ANV010 83.2
10:09:10.212 @ANV011 
10:09:10.212 @ANV013 2019/1/7 8:00:00
10:09:10.212 @ANV014 2019/1/7 17:00:00
10:09:10.212 @ANV015 9
10:09:10.213 @ANV016 0.000000
10:09:10.223 @ANV003 黄春燕
10:09:10.223 @ANV004 装配工
10:09:10.223 @ANV005 
10:09:10.223 @ANV006 
10:09:10.224 @idx 22
10:09:10.224 @ANV002 10231
10:09:10.224 @ANV007 在职        
10:09:10.224 @ANV008 附件组
10:09:10.224 @ANV009 0
10:09:10.225 @ANV010 83.2
10:09:10.225 @ANV011 
10:09:10.225 @ANV013 2019/1/7 8:00:00
10:09:10.225 @ANV014 2019/1/7 17:00:00
10:09:10.225 @ANV015 9
10:09:10.226 @ANV016 0.000000
10:09:10.227 @ANV003 薛能珍
10:09:10.227 @ANV004 装配工
10:09:10.227 @ANV005 
10:09:10.228 @ANV006 
10:09:10.228 @idx 23
10:09:10.228 @ANV002 10232
10:09:10.228 @ANV007 在职        
10:09:10.228 @ANV008 附件组
10:09:10.229 @ANV009 0
10:09:10.229 @ANV010 83.2
10:09:10.229 @ANV011 
10:09:10.229 @ANV013 2019/1/7 8:00:00
10:09:10.229 @ANV014 2019/1/7 17:00:00
10:09:10.230 @ANV015 9
10:09:10.230 @ANV016 0.000000
10:09:10.231 @ANV003 何卫英
10:09:10.232 @ANV004 装配工
10:09:10.232 @ANV005 
10:09:10.232 @ANV006 
10:09:10.232 @idx 24
10:09:10.232 @ANV002 10233
10:09:10.232 @ANV007 在职        
10:09:10.232 @ANV008 附件组
10:09:10.233 @ANV009 0
10:09:10.233 @ANV010 83.2
10:09:10.233 @ANV011 
10:09:10.233 @ANV013 2019/1/7 8:00:00
10:09:10.233 @ANV014 2019/1/7 17:00:00
10:09:10.233 @ANV015 9
10:09:10.234 @ANV016 0.000000
10:09:10.235 @ANV003 李梦飞
10:09:10.235 @ANV004 装配工
10:09:10.235 @ANV005 
10:09:10.236 @ANV006 
10:09:10.236 @idx 25
10:09:10.236 @ANV002 10235
10:09:10.236 @ANV007 在职        
10:09:10.236 @ANV008 附件组
10:09:10.237 @ANV009 0
10:09:10.237 @ANV010 83.2
10:09:10.237 @ANV011 
10:09:10.237 @ANV013 2019/1/7 8:00:00
10:09:10.237 @ANV014 2019/1/7 17:00:00
10:09:10.238 @ANV015 9
10:09:10.238 @ANV016 0.000000
10:18:02.325 @EMP002 系统管理员
10:18:02.326 @EMP033 9af7f2b45fff5ca168dd7081681fadd
10:20:16.171 @EMP002 系统管理员
10:20:16.172 @EMP033 9af7f2b45fff5ca168dd7081681fadd
10:31:50.872 @EMP002 系统管理员
10:31:50.873 @EMP033 9af7f2b45fff5ca168dd7081681fadd
10:49:12.916 @EMP002 系统管理员
10:49:12.917 @EMP033 9af7f2b45fff5ca168dd7081681fadd
10:50:48.531 @EMP002 系统管理员
10:50:48.532 @EMP033 9af7f2b45fff5ca168dd7081681fadd
10:51:36.201 @IJA001 S20190107001
10:51:36.201 @IJA002 计件
10:51:36.201 @IJA003 0502
10:51:36.201 @IJA004 注塑车间
10:51:36.201 @IJA005 0502
10:51:36.202 @IJA006 注塑车间
10:51:36.202 @IJA007 2019/1/7 0:00:00
10:51:36.202 @IJA008 
10:51:36.202 @IJA009 
10:51:36.202 @IJA010 False
10:51:36.202 @IJA011 False
10:51:36.202 @IJA012 0
10:51:36.203 @IJA013 0
10:51:36.203 @IJA014 系统管理员
10:51:36.203 @IJA015 2019/1/7 8:00:00
10:51:36.203 @IJA016 2019/1/7 20:00:00
10:51:36.203 @IJA017 白班
10:51:36.225 @IJB001 S20190107001
10:51:36.226 @IJB002 10013
10:51:36.226 @IJB003 在职
10:51:36.226 @IJB004 GD201901020039
10:51:36.226 @IJB005 201091128
10:51:36.226 @IJB006 F62双向风轮
10:51:36.226 @IJB007 
10:51:36.226 @IJB008 PCS
10:51:36.227 @IJB009 0.18
10:51:36.227 @IJB010 6000
10:51:36.227 @IJB011 0.18
10:51:36.228 @IJB012 李守军
10:51:36.228 @IJB013 成品搬运工
10:51:36.228 @IJB014 
10:51:36.228 @IJB015 5000
10:51:36.228 @IJB016 2019/1/7 8:00:00
10:51:36.228 @IJB017 2019/1/7 20:00:00
10:51:36.229 @IJB018 
10:51:36.229 @IJB019 
10:51:36.229 @IJB020 0
10:51:36.229 @IJB021 
10:51:36.229 @IJB022 物流组
10:51:36.229 @IJB023 0
10:51:36.229 @IJB024 12
10:51:36.230 @IJB025 900.0
10:51:36.230 @IJB026 3-塑件仓
10:53:21.954 @EMP002 系统管理员
10:53:21.955 @EMP033 9af7f2b45fff5ca168dd7081681fadd
10:54:04.272 @IJA001 S20190107002
10:54:04.272 @IJA002 计时
10:54:04.273 @IJA003 0502
10:54:04.273 @IJA004 注塑车间
10:54:04.273 @IJA005 0502
10:54:04.273 @IJA006 注塑车间
10:54:04.273 @IJA007 2019/1/7 0:00:00
10:54:04.273 @IJA008 
10:54:04.274 @IJA009 
10:54:04.274 @IJA010 False
10:54:04.274 @IJA011 False
10:54:04.274 @IJA012 0
10:54:04.274 @IJA013 0
10:54:04.274 @IJA014 系统管理员
10:54:04.274 @IJA015 2019/1/7 20:00:00
10:54:04.275 @IJA016 2019/1/8 8:00:00
10:54:04.275 @IJA017 晚班
10:54:04.278 @IJD001 S20190107002
10:54:04.278 @IJD002 10012
10:54:04.278 @IJD003 王世洪
10:54:04.278 @IJD004 成品搬运工
10:54:04.278 @IJD005 
10:54:04.278 @IJD006 2019/1/7 20:00:00
10:54:04.279 @IJD007 2019/1/8 8:00:00
10:54:04.279 @IJD008 9
10:54:04.279 @IJD009 
10:54:04.279 @IJD010 在职
10:54:04.280 @IJD011 物流组
10:54:04.280 @IJD012 12
10:54:04.280 @IJD013 108
10:54:04.285 @IJD001 S20190107002
10:54:04.285 @IJD002 10019
10:54:04.285 @IJD003 彭顺艳
10:54:04.285 @IJD004 装配工
10:54:04.285 @IJD005 
10:54:04.285 @IJD006 2019/1/7 20:00:00
10:54:04.286 @IJD007 2019/1/8 8:00:00
10:54:04.286 @IJD008 9
10:54:04.286 @IJD009 
10:54:04.286 @IJD010 在职
10:54:04.286 @IJD011 LED车间
10:54:04.286 @IJD012 12
10:54:04.287 @IJD013 108
11:32:39.995 @EMP002 系统管理员
11:32:39.996 @EMP033 9af7f2b45fff5ca168dd7081681fadd
11:40:33.827 @EMP002 系统管理员
11:40:33.827 @EMP033 9af7f2b45fff5ca168dd7081681fadd
13:12:07.579 @EMP002 王修领
13:12:07.579 @EMP033 cebfd1559b68d67688884d7a3d3e8c
13:14:15.650 @IJA001 S20190107001
13:14:15.651 @IJA002 计件
13:14:15.651 @IJA003 0502
13:14:15.651 @IJA004 注塑车间
13:14:15.651 @IJA005 0502
13:14:15.651 @IJA006 注塑车间
13:14:15.652 @IJA007 2019/1/7 0:00:00
13:14:15.652 @IJA008 
13:14:15.652 @IJA009 
13:14:15.652 @IJA010 False
13:14:15.652 @IJA011 False
13:14:15.652 @IJA012 0
13:14:15.653 @IJA013 0
13:14:15.653 @IJA014 王修领
13:14:15.653 @IJA015 2019/1/7 8:00:00
13:14:15.653 @IJA016 2019/1/7 20:00:00
13:14:15.653 @IJA017 白班
13:14:15.682 @IJB001 S20190107001
13:14:15.682 @IJB002 10103
13:14:15.683 @IJB003 在职
13:14:15.683 @IJB004 GD201901020050
13:14:15.683 @IJB005 201081116
13:14:15.683 @IJB006 15款换气扇涡壳
13:14:15.684 @IJB007 
13:14:15.684 @IJB008 PCS
13:14:15.684 @IJB009 0.26
13:14:15.684 @IJB010 8500
13:14:15.684 @IJB011 0.26
13:14:15.685 @IJB012 胡肖荣
13:14:15.685 @IJB013 注塑工
13:14:15.685 @IJB014 
13:14:15.685 @IJB015 700
13:14:15.685 @IJB016 2019/1/7 8:00:00
13:14:15.686 @IJB017 2019/1/7 20:00:00
13:14:15.686 @IJB018 
13:14:15.686 @IJB019 
13:14:15.686 @IJB020 0
13:14:15.686 @IJB021 
13:14:15.687 @IJB022 注塑车间
13:14:15.687 @IJB023 0
13:14:15.687 @IJB024 12
13:14:15.687 @IJB025 182.0
13:14:15.688 @IJB026 3-塑件仓
13:14:15.694 @IJB001 S20190107001
13:14:15.694 @IJB002 10089
13:14:15.694 @IJB003 在职
13:14:15.695 @IJB004 GD201901020133
13:14:15.695 @IJB005 201201237
13:14:15.695 @IJB006 06款三灯壁挂箱体
13:14:15.695 @IJB007 
13:14:15.695 @IJB008 PCS
13:14:15.696 @IJB009 0.26
13:14:15.696 @IJB010 14500
13:14:15.696 @IJB011 0.26
13:14:15.696 @IJB012 张登群
13:14:15.696 @IJB013 注塑工
13:14:15.697 @IJB014 
13:14:15.697 @IJB015 700
13:14:15.697 @IJB016 2019/1/7 8:00:00
13:14:15.697 @IJB017 2019/1/7 20:00:00
13:14:15.697 @IJB018 
13:14:15.698 @IJB019 
13:14:15.698 @IJB020 0
13:14:15.698 @IJB021 
13:14:15.698 @IJB022 注塑车间
13:14:15.698 @IJB023 0
13:14:15.699 @IJB024 12
13:14:15.699 @IJB025 182.0
13:14:15.699 @IJB026 3-塑件仓
13:14:15.702 @IJB001 S20190107001
13:14:15.702 @IJB002 10099
13:14:15.702 @IJB003 在职
13:14:15.702 @IJB004 GD201901020069
13:14:15.703 @IJB005 201091127
13:14:15.703 @IJB006 吹风风轮
13:14:15.703 @IJB007 白PP
13:14:15.703 @IJB008 PCS
13:14:15.704 @IJB009 0.12
13:14:15.704 @IJB010 17000
13:14:15.704 @IJB011 0.12
13:14:15.704 @IJB012 郭锡芬
13:14:15.705 @IJB013 注塑工
13:14:15.707 @IJB014 
13:14:15.707 @IJB015 700
13:14:15.708 @IJB016 2019/1/7 8:00:00
13:14:15.708 @IJB017 2019/1/7 20:00:00
13:14:15.708 @IJB018 
13:14:15.708 @IJB019 
13:14:15.709 @IJB020 0
13:14:15.709 @IJB021 
13:14:15.709 @IJB022 注塑车间
13:14:15.709 @IJB023 0
13:14:15.709 @IJB024 12
13:14:15.710 @IJB025 84.0
13:14:15.710 @IJB026 3-塑件仓
13:14:24.135 @IJA002 计件
13:14:24.136 @IJA003 0502
13:14:24.136 @IJA004 注塑车间
13:14:24.136 @IJA005 0502
13:14:24.136 @IJA006 注塑车间
13:14:24.137 @IJA007 2019/1/7 0:00:00
13:14:24.137 @IJA008 
13:14:24.137 @IJA009 
13:14:24.137 @IJA010 False
13:14:24.137 @IJA011 False
13:14:24.137 @IJA001 S20190107001
13:14:24.137 @IJA012 0
13:14:24.138 @IJA013 0
13:14:24.138 @IJA015 2019/1/7 8:00:00
13:14:24.138 @IJA016 2019/1/7 20:00:00
13:14:24.138 @IJA017 白班
13:14:24.146 @IJB003 在职
13:14:24.146 @IJB004 GD201901020050
13:14:24.146 @IJB005 201081116
13:14:24.146 @IJB006 15款换气扇涡壳
13:14:24.146 @IJB007 
13:14:24.147 @IJB008 PCS
13:14:24.147 @IJB009 0.260000
13:14:24.147 @IJB010 8500
13:14:24.147 @IJB011 0.260000
13:14:24.147 @IJB012 胡肖荣
13:14:24.147 @IJB013 注塑工
13:14:24.147 @IJB014 
13:14:24.148 @IJB015 700
13:14:24.148 @IJB016 2019/1/7 8:00:00
13:14:24.148 @IJB017 2019/1/7 20:00:00
13:14:24.148 @IJB018 
13:14:24.148 @IJB019 
13:14:24.148 @IJB020 0.000000
13:14:24.149 @IJB021 
13:14:24.149 @IJB002 10103
13:14:24.149 @IJB022 注塑车间
13:14:24.149 @IJB023 0.000000
13:14:24.149 @IJB024 12.000000
13:14:24.149 @IJB025 182.000000
13:14:24.149 @idx 44
13:14:24.150 @IJB026 
13:14:24.156 @IJB003 在职
13:14:24.156 @IJB004 GD201901020133
13:14:24.156 @IJB005 201201237
13:14:24.157 @IJB006 06款三灯壁挂箱体
13:14:24.157 @IJB007 
13:14:24.157 @IJB008 PCS
13:14:24.157 @IJB009 0.260000
13:14:24.157 @IJB010 14500
13:14:24.157 @IJB011 0.260000
13:14:24.158 @IJB012 张登群
13:14:24.158 @IJB013 注塑工
13:14:24.158 @IJB014 
13:14:24.158 @IJB015 700
13:14:24.158 @IJB016 2019/1/7 8:00:00
13:14:24.159 @IJB017 2019/1/7 20:00:00
13:14:24.159 @IJB018 
13:14:24.159 @IJB019 
13:14:24.159 @IJB020 0.000000
13:14:24.159 @IJB021 
13:14:24.159 @IJB002 10089
13:14:24.160 @IJB022 注塑车间
13:14:24.160 @IJB023 0.000000
13:14:24.160 @IJB024 12.000000
13:14:24.160 @IJB025 182.000000
13:14:24.160 @idx 45
13:14:24.160 @IJB026 
13:14:24.163 @IJB003 在职
13:14:24.164 @IJB004 GD201901020069
13:14:24.164 @IJB005 201091127
13:14:24.164 @IJB006 吹风风轮
13:14:24.164 @IJB007 白PP
13:14:24.165 @IJB008 PCS
13:14:24.165 @IJB009 0.120000
13:14:24.165 @IJB010 17000
13:14:24.165 @IJB011 0.120000
13:14:24.165 @IJB012 郭锡芬
13:14:24.165 @IJB013 注塑工
13:14:24.165 @IJB014 
13:14:24.166 @IJB015 700
13:14:24.166 @IJB016 2019/1/7 8:00:00
13:14:24.166 @IJB017 2019/1/7 20:00:00
13:14:24.166 @IJB018 
13:14:24.166 @IJB019 
13:14:24.167 @IJB020 0.000000
13:14:24.167 @IJB021 
13:14:24.167 @IJB002 10099
13:14:24.167 @IJB022 注塑车间
13:14:24.167 @IJB023 0.000000
13:14:24.168 @IJB024 12.000000
13:14:24.168 @IJB025 84.000000
13:14:24.168 @idx 46
13:14:24.168 @IJB026 
13:30:18.595 @EMP002 系统管理员
13:30:18.595 @EMP033 9af7f2b45fff5ca168dd7081681fadd
13:45:43.751 @EMP002 系统管理员
13:45:43.756 @EMP033 9af7f2b45fff5ca168dd7081681fadd
13:47:01.339 @IJA001 S20190107009
13:47:01.340 @IJA010 False
13:51:18.669 @EMP002 系统管理员
13:51:18.670 @EMP033 9af7f2b45fff5ca168dd7081681fadd
13:54:59.160 @IJA001 S20190107010
13:54:59.162 @IJA002 计件
13:54:59.162 @IJA003 0502
13:54:59.162 @IJA004 注塑车间
13:54:59.162 @IJA005 0502
13:54:59.163 @IJA006 注塑车间
13:54:59.163 @IJA007 2019/1/7 0:00:00
13:54:59.163 @IJA008 
13:54:59.163 @IJA009 
13:54:59.163 @IJA010 False
13:54:59.164 @IJA011 False
13:54:59.164 @IJA012 0
13:54:59.164 @IJA013 0
13:54:59.164 @IJA014 系统管理员
13:54:59.164 @IJA015 2019/1/7 8:00:00
13:54:59.165 @IJA016 2019/1/7 20:00:00
13:54:59.165 @IJA017 白班
13:54:59.183 @IJB001 S20190107010
13:54:59.183 @IJB002 10103
13:54:59.183 @IJB003 在职
13:54:59.184 @IJB004 GD201901020050
13:54:59.184 @IJB005 201081116
13:54:59.184 @IJB006 15款换气扇涡壳
13:54:59.184 @IJB007 
13:54:59.184 @IJB008 PCS
13:54:59.185 @IJB009 0.26
13:54:59.185 @IJB010 8500
13:54:59.185 @IJB011 0.26
13:54:59.185 @IJB012 胡肖荣
13:54:59.185 @IJB013 注塑工
13:54:59.186 @IJB014 
13:54:59.186 @IJB015 100
13:54:59.186 @IJB016 2019/1/7 8:00:00
13:54:59.186 @IJB017 2019/1/7 20:00:00
13:54:59.186 @IJB018 
13:54:59.186 @IJB019 
13:54:59.187 @IJB020 0
13:54:59.187 @IJB021 
13:54:59.187 @IJB022 注塑车间
13:54:59.187 @IJB023 0
13:54:59.188 @IJB024 12
13:54:59.188 @IJB025 26.0
13:54:59.188 @IJB026 3-塑件仓
13:54:59.193 @IJB001 S20190107010
13:54:59.193 @IJB002 10089
13:54:59.194 @IJB003 在职
13:54:59.194 @IJB004 GD201901020069
13:54:59.194 @IJB005 201091127
13:54:59.194 @IJB006 吹风风轮
13:54:59.194 @IJB007 白PP
13:54:59.195 @IJB008 PCS
13:54:59.195 @IJB009 0.12
13:54:59.195 @IJB010 17000
13:54:59.195 @IJB011 0.12
13:54:59.196 @IJB012 张登群
13:54:59.196 @IJB013 注塑工
13:54:59.196 @IJB014 
13:54:59.196 @IJB015 100
13:54:59.196 @IJB016 2019/1/7 8:00:00
13:54:59.196 @IJB017 2019/1/7 20:00:00
13:54:59.197 @IJB018 
13:54:59.197 @IJB019 
13:54:59.197 @IJB020 0
13:54:59.197 @IJB021 
13:54:59.197 @IJB022 注塑车间
13:54:59.197 @IJB023 0
13:54:59.197 @IJB024 12
13:54:59.197 @IJB025 12.0
13:54:59.197 @IJB026 3-塑件仓
13:54:59.199 @IJB001 S20190107010
13:54:59.199 @IJB002 10098
13:54:59.200 @IJB003 在职
13:54:59.200 @IJB004 GD201901020133
13:54:59.200 @IJB005 201201237
13:54:59.200 @IJB006 06款三灯壁挂箱体
13:54:59.200 @IJB007 
13:54:59.200 @IJB008 PCS
13:54:59.200 @IJB009 0.26
13:54:59.201 @IJB010 14500
13:54:59.201 @IJB011 0.26
13:54:59.201 @IJB012 文玉容
13:54:59.201 @IJB013 注塑工
13:54:59.201 @IJB014 
13:54:59.201 @IJB015 100
13:54:59.201 @IJB016 2019/1/7 8:00:00
13:54:59.201 @IJB017 2019/1/7 20:00:00
13:54:59.202 @IJB018 
13:54:59.202 @IJB019 
13:54:59.202 @IJB020 0
13:54:59.202 @IJB021 
13:54:59.202 @IJB022 注塑车间
13:54:59.202 @IJB023 0
13:54:59.202 @IJB024 12
13:54:59.203 @IJB025 26.0
13:54:59.203 @IJB026 3-塑件仓
14:07:14.491 @EMP002 系统管理员
14:07:14.506 @EMP033 9af7f2b45fff5ca168dd7081681fadd
14:12:52.071 @EMP002 系统管理员
14:12:52.072 @EMP033 9af7f2b45fff5ca168dd7081681fadd
14:14:05.951 @IJA001 S20190107011
14:14:05.951 @IJA002 计时
14:14:05.951 @IJA003 0502
14:14:05.952 @IJA004 注塑车间
14:14:05.952 @IJA005 0502
14:14:05.952 @IJA006 注塑车间
14:14:05.952 @IJA007 2019/1/7 0:00:00
14:14:05.952 @IJA008 
14:14:05.952 @IJA009 
14:14:05.952 @IJA010 False
14:14:05.952 @IJA011 False
14:14:05.953 @IJA012 0
14:14:05.953 @IJA013 0
14:14:05.954 @IJA014 系统管理员
14:14:05.954 @IJA015 2019/1/7 8:00:00
14:14:05.955 @IJA016 2019/1/7 20:00:00
14:14:05.955 @IJA017 白班
14:14:05.961 @IJC001 S20190107011
14:14:05.962 @IJC002 GD201901020053
14:14:05.962 @IJC003 201201279
14:14:05.962 @IJC004 295灯箱体
14:14:05.962 @IJC005 白PP
14:14:05.962 @IJC006 PCS
14:14:05.963 @IJC007 0.17
14:14:05.963 @IJC008 7500
14:14:05.963 @IJC009 0.17
14:14:05.964 @IJC010 490
14:14:05.964 @IJC011 
14:14:05.964 @IJC012 5-塑件仓
14:14:05.967 @IJC001 S20190107011
14:14:05.967 @IJC002 GD201901020109
14:14:05.967 @IJC003 201031121
14:14:05.967 @IJC004 295-1灯光板-宽边
14:14:05.968 @IJC005 
14:14:05.968 @IJC006 PCS
14:14:05.968 @IJC007 0
14:14:05.968 @IJC008 5000
14:14:05.968 @IJC009 0
14:14:05.968 @IJC010 1200
14:14:05.969 @IJC011 
14:14:05.969 @IJC012 5-塑件仓
14:14:05.974 @IJD001 S20190107011
14:14:05.974 @IJD002 10101
14:14:05.974 @IJD003 冉建明
14:14:05.974 @IJD004 注塑工
14:14:05.975 @IJD005 
14:14:05.975 @IJD006 2019/1/7 8:00:00
14:14:05.975 @IJD007 2019/1/7 20:00:00
14:14:05.975 @IJD008 0
14:14:05.975 @IJD009 
14:14:05.976 @IJD010 在职
14:14:05.976 @IJD011 注塑车间
14:14:05.976 @IJD012 12
14:14:05.976 @IJD013 0
14:14:05.980 @IJD001 S20190107011
14:14:05.980 @IJD002 10111
14:14:05.980 @IJD003 代碧荣
14:14:05.980 @IJD004 注塑工
14:14:05.980 @IJD005 
14:14:05.981 @IJD006 2019/1/7 8:00:00
14:14:05.981 @IJD007 2019/1/7 20:00:00
14:14:05.981 @IJD008 0
14:14:05.981 @IJD009 
14:14:05.981 @IJD010 在职
14:14:05.981 @IJD011 注塑车间
14:14:05.982 @IJD012 12
14:14:05.982 @IJD013 0
14:14:05.983 @IJD001 S20190107011
14:14:05.984 @IJD002 10092
14:14:05.984 @IJD003 王月庆
14:14:05.984 @IJD004 注塑工
14:14:05.984 @IJD005 
14:14:05.984 @IJD006 2019/1/7 8:00:00
14:14:05.984 @IJD007 2019/1/7 20:00:00
14:14:05.985 @IJD008 0
14:14:05.985 @IJD009 
14:14:05.985 @IJD010 在职
14:14:05.985 @IJD011 注塑车间
14:14:05.985 @IJD012 12
14:14:05.987 @IJD013 0
14:29:58.858  异常信息：由于连接方在一段时间后没有正确答复或连接的主机没有反应，连接尝试失败。 192.168.0.170:80
  堆栈信息:   在 AutoUpdate.AppUpdate.DownloadFile(String url, String localFilePath) 位置 D:\ProjectData\MiKe\LineProductMes\LineProductMes\ClassForMain\AppUpdate.cs:行号 239
   在 AutoUpdate.AppUpdate.CheckAppVersion(String& msg) 位置 D:\ProjectData\MiKe\LineProductMes\LineProductMes\ClassForMain\AppUpdate.cs:行号 310
14:30:57.438 @EMP002 系统管理员
14:30:57.439 @EMP033 9af7f2b45fff5ca168dd7081681fadd
14:31:53.582 @EMP002 系统管理员
14:31:53.583 @EMP033 9af7f2b45fff5ca168dd7081681fadd
14:44:41.423 @EMP002 系统管理员
14:44:41.424 @EMP033 9af7f2b45fff5ca168dd7081681fadd
14:45:37.411 @EMP002 系统管理员
14:45:37.412 @EMP033 9af7f2b45fff5ca168dd7081681fadd
14:50:02.910 @EMP002 系统管理员
14:50:02.910 @EMP033 9af7f2b45fff5ca168dd7081681fadd
15:05:48.684 @EMP002 系统管理员
15:05:48.684 @EMP033 9af7f2b45fff5ca168dd7081681fadd
15:05:54.224 关键字 'FROM' 附近有语法错误。
   在 System.Data.SqlClient.SqlConnection.OnError(SqlException exception, Boolean breakConnection, Action`1 wrapCloseInAction)
   在 System.Data.SqlClient.SqlInternalConnection.OnError(SqlException exception, Boolean breakConnection, Action`1 wrapCloseInAction)
   在 System.Data.SqlClient.TdsParser.ThrowExceptionAndWarning(TdsParserStateObject stateObj, Boolean callerHasConnectionLock, Boolean asyncClose)
   在 System.Data.SqlClient.TdsParser.TryRun(RunBehavior runBehavior, SqlCommand cmdHandler, SqlDataReader dataStream, BulkCopySimpleResultSet bulkCopyHandler, TdsParserStateObject stateObj, Boolean& dataReady)
   在 System.Data.SqlClient.SqlDataReader.TryConsumeMetaData()
   在 System.Data.SqlClient.SqlDataReader.get_MetaData()
   在 System.Data.SqlClient.SqlCommand.FinishExecuteReader(SqlDataReader ds, RunBehavior runBehavior, String resetOptionsString, Boolean isInternal, Boolean forDescribeParameterEncryption, Boolean shouldCacheForAlwaysEncrypted)
   在 System.Data.SqlClient.SqlCommand.RunExecuteReaderTds(CommandBehavior cmdBehavior, RunBehavior runBehavior, Boolean returnStream, Boolean async, Int32 timeout, Task& task, Boolean asyncWrite, Boolean inRetry, SqlDataReader ds, Boolean describeParameterEncryptionRequest)
   在 System.Data.SqlClient.SqlCommand.RunExecuteReader(CommandBehavior cmdBehavior, RunBehavior runBehavior, Boolean returnStream, String method, TaskCompletionSource`1 completion, Int32 timeout, Task& task, Boolean& usedCache, Boolean asyncWrite, Boolean inRetry)
   在 System.Data.SqlClient.SqlCommand.RunExecuteReader(CommandBehavior cmdBehavior, RunBehavior runBehavior, Boolean returnStream, String method)
   在 System.Data.SqlClient.SqlCommand.ExecuteReader(CommandBehavior behavior, String method)
   在 System.Data.SqlClient.SqlCommand.ExecuteDbDataReader(CommandBehavior behavior)
   在 System.Data.Common.DbCommand.System.Data.IDbCommand.ExecuteReader(CommandBehavior behavior)
   在 System.Data.Common.DbDataAdapter.FillInternal(DataSet dataset, DataTable[] datatables, Int32 startRecord, Int32 maxRecords, String srcTable, IDbCommand command, CommandBehavior behavior)
   在 System.Data.Common.DbDataAdapter.Fill(DataTable[] dataTables, Int32 startRecord, Int32 maxRecords, IDbCommand command, CommandBehavior behavior)
   在 System.Data.Common.DbDataAdapter.Fill(DataTable dataTable)
   在 StudentMgr.SqlHelper.ExecuteNoStoreTable(SqlParameter[] parameters) 位置 D:\ProjectData\MiKe\LineProductMes\LineProductMesBll\SqlHelper.cs:行号 471
15:05:54.240 关键字 'FROM' 附近有语法错误。
   在 StudentMgr.SqlHelper.ExecuteNoStoreTable(SqlParameter[] parameters) 位置 D:\ProjectData\MiKe\LineProductMes\LineProductMesBll\SqlHelper.cs:行号 481
16:00:11.757  异常信息：由于连接方在一段时间后没有正确答复或连接的主机没有反应，连接尝试失败。 192.168.0.170:80
  堆栈信息:   在 AutoUpdate.AppUpdate.DownloadFile(String url, String localFilePath) 位置 D:\ProjectData\MiKe\LineProductMes\LineProductMes\ClassForMain\AppUpdate.cs:行号 239
   在 AutoUpdate.AppUpdate.CheckAppVersion(String& msg) 位置 D:\ProjectData\MiKe\LineProductMes\LineProductMes\ClassForMain\AppUpdate.cs:行号 310
16:00:30.881 @EMP002 系统管理员
16:00:30.881 @EMP033 9af7f2b45fff5ca168dd7081681fadd
16:07:15.460 @EMP002 系统管理员
16:07:15.460 @EMP033 9af7f2b45fff5ca168dd7081681fadd
16:16:29.315 @ANT001 F20190107002
16:16:29.315 @ANT002 0507
16:16:29.315 @ANT003 总装车间
16:16:29.315 @ANT004 050709
16:16:29.315 @ANT005 附件组
16:16:29.316 @ANT008 2019/1/7 0:00:00
16:16:29.316 @ANT009 0
16:16:29.316 @ANT010 0
16:16:29.316 @ANT011 计件
16:16:29.316 @ANT012 
16:16:29.316 @ANT013 系统管理员
16:16:29.316 @ANT014 2019/1/4 8:00:00
16:16:29.316 @ANT015 2019/1/4 17:00:00
16:16:29.338 @ANU001 F20190107002
16:16:29.338 @ANU002 Z20190104002
16:16:29.338 @ANU003 GD201901020017
16:16:29.338 @ANU004 JDSF139-S-2
16:16:29.338 @ANU005 JDSF139-S-2-玉树临风-300*600触屏数显四合一
16:16:29.339 @ANU006 附件加工
16:16:29.339 @ANU007 0.2
16:16:29.339 @ANU008 050701
16:16:29.339 @ANU009 1线
16:16:29.339 @ANU010 135
16:16:29.339 @ANU011 135
16:16:29.339 @ANU012 
16:16:29.344 @ANU001 F20190107002
16:16:29.344 @ANU002 Z20190104007
16:16:29.344 @ANU003 GD201901020016
16:16:29.344 @ANU004 JDSF139-E
16:16:29.344 @ANU005 JDSF139-E-玉树临风-300*600数显风暖四合一
16:16:29.344 @ANU006 附件加工
16:16:29.345 @ANU007 0.14
16:16:29.345 @ANU008 050704
16:16:29.345 @ANU009 4线
16:16:29.345 @ANU010 300
16:16:29.345 @ANU011 300
16:16:29.345 @ANU012 
16:16:29.348 @ANU001 F20190107002
16:16:29.349 @ANU002 Z20190104007
16:16:29.349 @ANU003 GD201901020008
16:16:29.349 @ANU004 JDSF113
16:16:29.349 @ANU005 JDSF113-玉树临风-300*600数显风暖四合一
16:16:29.349 @ANU006 附件加工
16:16:29.349 @ANU007 0.2
16:16:29.349 @ANU008 050704
16:16:29.349 @ANU009 4线
16:16:29.350 @ANU010 250
16:16:29.350 @ANU011 250
16:16:29.350 @ANU012 
16:16:29.383 违反了 PRIMARY KEY 约束 'PK_MIKANU'。不能在对象 'dbo.MIKANU' 中插入重复键。
语句已终止。
   在 System.Data.SqlClient.SqlConnection.OnError(SqlException exception, Boolean breakConnection, Action`1 wrapCloseInAction)
   在 System.Data.SqlClient.SqlInternalConnection.OnError(SqlException exception, Boolean breakConnection, Action`1 wrapCloseInAction)
   在 System.Data.SqlClient.TdsParser.ThrowExceptionAndWarning(TdsParserStateObject stateObj, Boolean callerHasConnectionLock, Boolean asyncClose)
   在 System.Data.SqlClient.TdsParser.TryRun(RunBehavior runBehavior, SqlCommand cmdHandler, SqlDataReader dataStream, BulkCopySimpleResultSet bulkCopyHandler, TdsParserStateObject stateObj, Boolean& dataReady)
   在 System.Data.SqlClient.SqlCommand.FinishExecuteReader(SqlDataReader ds, RunBehavior runBehavior, String resetOptionsString, Boolean isInternal, Boolean forDescribeParameterEncryption, Boolean shouldCacheForAlwaysEncrypted)
   在 System.Data.SqlClient.SqlCommand.RunExecuteReaderTds(CommandBehavior cmdBehavior, RunBehavior runBehavior, Boolean returnStream, Boolean async, Int32 timeout, Task& task, Boolean asyncWrite, Boolean inRetry, SqlDataReader ds, Boolean describeParameterEncryptionRequest)
   在 System.Data.SqlClient.SqlCommand.RunExecuteReader(CommandBehavior cmdBehavior, RunBehavior runBehavior, Boolean returnStream, String method, TaskCompletionSource`1 completion, Int32 timeout, Task& task, Boolean& usedCache, Boolean asyncWrite, Boolean inRetry)
   在 System.Data.SqlClient.SqlCommand.InternalExecuteNonQuery(TaskCompletionSource`1 completion, String methodName, Boolean sendToPipe, Int32 timeout, Boolean& usedCache, Boolean asyncWrite, Boolean inRetry)
   在 System.Data.SqlClient.SqlCommand.ExecuteNonQuery()
   在 StudentMgr.SqlHelper.ExecuteSqlTranDic(Dictionary`2 SQLString) 位置 D:\ProjectData\MiKe\LineProductMes\LineProductMesBll\SqlHelper.cs:行号 962
16:16:29.383 insert into MIKANU(ANU001,ANU002,ANU003,ANU004,ANU005,ANU006,ANU007,ANU008,ANU009,ANU010,ANU011,ANU012) values (@ANU001,@ANU002,@ANU003,@ANU004,@ANU005,@ANU006,@ANU007,@ANU008,@ANU009,@ANU010,@ANU011,@ANU012)
16:17:12.269 @ANT001 F20190107002
16:17:12.270 @ANT002 0507
16:17:12.270 @ANT003 总装车间
16:17:12.270 @ANT004 050709
16:17:12.270 @ANT005 附件组
16:17:12.270 @ANT008 2019/1/7 0:00:00
16:17:12.271 @ANT009 0
16:17:12.271 @ANT010 0
16:17:12.271 @ANT011 计件
16:17:12.271 @ANT012 
16:17:12.271 @ANT013 系统管理员
16:17:12.271 @ANT014 2019/1/4 8:00:00
16:17:12.272 @ANT015 2019/1/4 17:00:00
16:17:12.280 @ANU001 F20190107002
16:17:12.280 @ANU002 Z20190104002
16:17:12.281 @ANU003 GD201901020017
16:17:12.281 @ANU004 JDSF139-S-2
16:17:12.281 @ANU005 JDSF139-S-2-玉树临风-300*600触屏数显四合一
16:17:12.281 @ANU006 附件加工
16:17:12.281 @ANU007 0.2
16:17:12.281 @ANU008 050701
16:17:12.282 @ANU009 1线
16:17:12.282 @ANU010 135
16:17:12.282 @ANU011 135
16:17:12.282 @ANU012 
16:17:12.287 @ANU001 F20190107002
16:17:12.287 @ANU002 Z20190104007
16:17:12.287 @ANU003 GD201901020016
16:17:12.287 @ANU004 JDSF139-E
16:17:12.287 @ANU005 JDSF139-E-玉树临风-300*600数显风暖四合一
16:17:12.288 @ANU006 附件加工
16:17:12.289 @ANU007 0.14
16:17:12.290 @ANU008 050704
16:17:12.290 @ANU009 4线
16:17:12.290 @ANU010 300
16:17:12.290 @ANU011 300
16:17:12.290 @ANU012 
16:17:12.304 @ANU001 F20190107002
16:17:12.304 @ANU002 Z20190104007
16:17:12.304 @ANU003 GD201901020008
16:17:12.304 @ANU004 JDSF113
16:17:12.305 @ANU005 JDSF113-玉树临风-300*600数显风暖四合一
16:17:12.305 @ANU006 附件加工
16:17:12.305 @ANU007 0.2
16:17:12.305 @ANU008 050704
16:17:12.306 @ANU009 4线
16:17:12.306 @ANU010 250
16:17:12.306 @ANU011 250
16:17:12.306 @ANU012 
16:17:12.311 @ANU001 F20190107002
16:17:12.311 @ANU002 Z20190104008
16:17:12.312 @ANU003 GD201901020028
16:17:12.312 @ANU004 SH30302440GC
16:17:12.312 @ANU005 SH30302440GC三合一取暖器（300工程）
16:17:12.312 @ANU006 附件加工
16:17:12.312 @ANU007 0.24
16:17:12.313 @ANU008 050703
16:17:12.313 @ANU009 3线
16:17:12.313 @ANU010 350
16:17:12.313 @ANU011 350
16:17:12.313 @ANU012 
16:17:12.316 @ANU001 F20190107002
16:17:12.316 @ANU002 Z20190104010
16:17:12.316 @ANU003 GD201901020011
16:17:12.317 @ANU004 JDSF113-Y
16:17:12.317 @ANU005 JDSF113-Y-风华正茂-300*600智能无线遥控浴霸
16:17:12.317 @ANU006 附件加工
16:17:12.317 @ANU007 0.25
16:17:12.317 @ANU008 050702
16:17:12.317 @ANU009 2线
16:17:12.318 @ANU010 420
16:17:12.318 @ANU011 420
16:17:12.319 @ANU012 
16:17:12.321 @ANV001 F20190107002
16:17:12.321 @ANV002 10230
16:17:12.321 @ANV003 韩秀金
16:17:12.322 @ANV004 装配工
16:17:12.322 @ANV005 
16:17:12.322 @ANV006 
16:17:12.322 @ANV007 在职
16:17:12.322 @ANV008 附件组
16:17:12.323 @ANV009 0
16:17:12.323 @ANV010 61.6
16:17:12.323 @ANV011 
16:17:12.323 @ANV013 2019/1/4 8:00:00
16:17:12.323 @ANV014 2019/1/4 17:00:00
16:17:12.324 @ANV015 9
16:17:12.324 @ANV016 0
16:17:12.332 @ANV001 F20190107002
16:17:12.332 @ANV002 10231
16:17:12.333 @ANV003 黄春燕
16:17:12.333 @ANV004 装配工
16:17:12.333 @ANV005 
16:17:12.333 @ANV006 
16:17:12.333 @ANV007 在职
16:17:12.333 @ANV008 附件组
16:17:12.334 @ANV009 0
16:17:12.334 @ANV010 61.6
16:17:12.334 @ANV011 
16:17:12.334 @ANV013 2019/1/4 8:00:00
16:17:12.335 @ANV014 2019/1/4 17:00:00
16:17:12.335 @ANV015 9
16:17:12.335 @ANV016 0
16:17:12.338 @ANV001 F20190107002
16:17:12.339 @ANV002 10232
16:17:12.339 @ANV003 薛能珍
16:17:12.339 @ANV004 装配工
16:17:12.339 @ANV005 
16:17:12.339 @ANV006 
16:17:12.340 @ANV007 在职
16:17:12.340 @ANV008 附件组
16:17:12.340 @ANV009 0
16:17:12.340 @ANV010 61.6
16:17:12.340 @ANV011 
16:17:12.341 @ANV013 2019/1/4 8:00:00
16:17:12.341 @ANV014 2019/1/4 17:00:00
16:17:12.341 @ANV015 9
16:17:12.341 @ANV016 0
16:17:12.344 @ANV001 F20190107002
16:17:12.344 @ANV002 10233
16:17:12.344 @ANV003 何卫英
16:17:12.344 @ANV004 装配工
16:17:12.345 @ANV005 
16:17:12.345 @ANV006 
16:17:12.345 @ANV007 在职
16:17:12.345 @ANV008 附件组
16:17:12.345 @ANV009 0
16:17:12.346 @ANV010 61.6
16:17:12.346 @ANV011 
16:17:12.346 @ANV013 2019/1/4 8:00:00
16:17:12.346 @ANV014 2019/1/4 17:00:00
16:17:12.346 @ANV015 9
16:17:12.347 @ANV016 0
16:17:12.349 @ANV001 F20190107002
16:17:12.349 @ANV002 10235
16:17:12.349 @ANV003 李梦飞
16:17:12.349 @ANV004 装配工
16:17:12.350 @ANV005 
16:17:12.350 @ANV006 
16:17:12.350 @ANV007 在职
16:17:12.350 @ANV008 附件组
16:17:12.351 @ANV009 0
16:17:12.351 @ANV010 61.6
16:17:12.351 @ANV011 
16:17:12.351 @ANV013 2019/1/4 8:00:00
16:17:12.351 @ANV014 2019/1/4 17:00:00
16:17:12.352 @ANV015 9
16:17:12.352 @ANV016 0
16:20:14.764 @EMP002 系统管理员
16:20:14.765 @EMP033 9af7f2b45fff5ca168dd7081681fadd
16:51:08.623 @EMP002 系统管理员
16:51:08.624 @EMP033 9af7f2b45fff5ca168dd7081681fadd
16:52:46.023 @EMP002 系统管理员
16:52:46.023 @EMP033 9af7f2b45fff5ca168dd7081681fadd
17:01:18.178 @EMP002 系统管理员
17:01:18.179 @EMP033 9af7f2b45fff5ca168dd7081681fadd
17:03:11.280 @EMP002 系统管理员
17:03:11.281 @EMP033 9af7f2b45fff5ca168dd7081681fadd
17:17:32.710 @EMP002 系统管理员
17:17:32.710 @EMP033 9af7f2b45fff5ca168dd7081681fadd
17:19:51.166 @EMP002 系统管理员
17:19:51.166 @EMP033 9af7f2b45fff5ca168dd7081681fadd
17:21:02.895 @EMP002 系统管理员
17:21:02.896 @EMP033 9af7f2b45fff5ca168dd7081681fadd
