10:49:04.286 @EMP002 系统管理员
10:49:04.286 @EMP033 9af7f2b45fff5ca168dd7081681fadd
10:52:04.791 @EMP002 系统管理员
10:52:04.791 @EMP033 9af7f2b45fff5ca168dd7081681fadd
10:54:23.943 @EMP002 系统管理员
10:54:23.943 @EMP033 9af7f2b45fff5ca168dd7081681fadd
10:59:55.706 @EMP002 系统管理员
10:59:55.706 @EMP033 9af7f2b45fff5ca168dd7081681fadd
12:29:19.623 @EMP002 系统管理员
12:29:19.623 @EMP033 9af7f2b45fff5ca168dd7081681fadd
12:30:48.854 @EMP002 系统管理员
12:30:48.855 @EMP033 9af7f2b45fff5ca168dd7081681fadd
12:35:32.087 @EMP002 系统管理员
12:35:32.088 @EMP033 9af7f2b45fff5ca168dd7081681fadd
12:45:00.949 @EMP002 系统管理员
12:45:00.950 @EMP033 9af7f2b45fff5ca168dd7081681fadd
12:47:46.070 @EMP002 系统管理员
12:47:46.075 @EMP033 9af7f2b45fff5ca168dd7081681fadd
12:50:29.492 @ANW001 Z20190108002
12:50:29.494 @ANW010 0507
12:50:29.494 @ANW011 总装车间
12:50:29.495 @ANW012 050701
12:50:29.495 @ANW013 1线
12:50:29.495 @ANW014 计时
12:50:29.496 @ANW015 2019/1/8 8:00:00
12:50:29.496 @ANW016 2019/1/8 17:00:00
12:50:29.496 @ANW017 
12:50:29.496 @ANW018 
12:50:29.497 @ANW019 
12:50:29.497 @ANW020 True
12:50:29.497 @ANW021 False
12:50:29.498 @ANW022 2019/1/8 0:00:00
12:50:29.498 @ANW023 0
12:50:29.498 @ANW024 0
12:50:29.498 @ANW025 系统管理员
12:50:29.503 @ANX001 Z20190108002
12:50:29.505 @ANX002 10116
12:50:29.506 @ANX003 刘兴贵
12:50:29.507 @ANX004 装配工
12:50:29.508 @ANX005 
12:50:29.509 @ANX006 
12:50:29.510 @ANX007 2019/1/8 8:00:00
12:50:29.512 @ANX008 2019/1/8 17:00:00
12:50:29.516 @ANX009 0
12:50:29.518 @ANX010 0
12:50:29.520 @ANX011 在职
12:50:29.522 @ANX012 
12:50:29.524 @ANX013 
12:50:29.525 @ANX014 1线
12:50:29.526 @ANX015 0
12:50:29.527 @ANX016 9
12:50:29.528 @ANX017 0
12:50:29.533 @ANX001 Z20190108002
12:50:29.534 @ANX002 10117
12:50:29.535 @ANX003 赵成鹏
12:50:29.537 @ANX004 装配工
12:50:29.538 @ANX005 
12:50:29.539 @ANX006 
12:50:29.540 @ANX007 2019/1/8 8:00:00
12:50:29.542 @ANX008 2019/1/8 17:00:00
12:50:29.543 @ANX009 0
12:50:29.544 @ANX010 0
12:50:29.544 @ANX011 在职
12:50:29.544 @ANX012 
12:50:29.544 @ANX013 
12:50:29.545 @ANX014 1线
12:50:29.545 @ANX015 0
12:50:29.546 @ANX016 9
12:50:29.547 @ANX017 0
12:50:29.550 @ANX001 Z20190108002
12:50:29.551 @ANX002 10118
12:50:29.552 @ANX003 何万华
12:50:29.554 @ANX004 装配工
12:50:29.555 @ANX005 
12:50:29.556 @ANX006 
12:50:29.557 @ANX007 2019/1/8 8:00:00
12:50:29.558 @ANX008 2019/1/8 17:00:00
12:50:29.559 @ANX009 0
12:50:29.561 @ANX010 0
12:50:29.561 @ANX011 在职
12:50:29.561 @ANX012 
12:50:29.561 @ANX013 
12:50:29.563 @ANX014 1线
12:50:29.564 @ANX015 0
12:50:29.565 @ANX016 9
12:50:29.566 @ANX017 0
12:50:29.568 @ANX001 Z20190108002
12:50:29.569 @ANX002 10120
12:50:29.570 @ANX003 马小千
12:50:29.571 @ANX004 检测
12:50:29.572 @ANX005 
12:50:29.573 @ANX006 
12:50:29.573 @ANX007 2019/1/8 8:00:00
12:50:29.573 @ANX008 2019/1/8 17:00:00
12:50:29.574 @ANX009 0
12:50:29.574 @ANX010 0
12:50:29.575 @ANX011 在职
12:50:29.575 @ANX012 
12:50:29.575 @ANX013 检测
12:50:29.575 @ANX014 1线
12:50:29.575 @ANX015 0
12:50:29.576 @ANX016 9
12:50:29.576 @ANX017 0
12:50:29.579 @ANX001 Z20190108002
12:50:29.581 @ANX002 10121
12:50:29.582 @ANX003 周顺
12:50:29.582 @ANX004 装配工
12:50:29.583 @ANX005 
12:50:29.583 @ANX006 
12:50:29.583 @ANX007 2019/1/8 8:00:00
12:50:29.583 @ANX008 2019/1/8 17:00:00
12:50:29.583 @ANX009 0
12:50:29.583 @ANX010 0
12:50:29.583 @ANX011 在职
12:50:29.584 @ANX012 
12:50:29.584 @ANX013 
12:50:29.584 @ANX014 1线
12:50:29.585 @ANX015 0
12:50:29.586 @ANX016 9
12:50:29.587 @ANX017 0
12:50:29.589 @ANX001 Z20190108002
12:50:29.590 @ANX002 10122
12:50:29.592 @ANX003 郭昭芬
12:50:29.593 @ANX004 装配工
12:50:29.594 @ANX005 
12:50:29.595 @ANX006 
12:50:29.596 @ANX007 2019/1/8 8:00:00
12:50:29.597 @ANX008 2019/1/8 17:00:00
12:50:29.598 @ANX009 0
12:50:29.600 @ANX010 0
12:50:29.601 @ANX011 在职
12:50:29.602 @ANX012 
12:50:29.603 @ANX013 
12:50:29.604 @ANX014 1线
12:50:29.605 @ANX015 0
12:50:29.606 @ANX016 9
12:50:29.607 @ANX017 0
12:50:29.610 @ANX001 Z20190108002
12:50:29.611 @ANX002 10123
12:50:29.613 @ANX003 吴张英
12:50:29.614 @ANX004 装配工
12:50:29.615 @ANX005 
12:50:29.616 @ANX006 
12:50:29.618 @ANX007 2019/1/8 8:00:00
12:50:29.619 @ANX008 2019/1/8 17:00:00
12:50:29.620 @ANX009 0
12:50:29.621 @ANX010 0
12:50:29.623 @ANX011 在职
12:50:29.624 @ANX012 
12:50:29.625 @ANX013 
12:50:29.626 @ANX014 1线
12:50:29.627 @ANX015 0
12:50:29.628 @ANX016 9
12:50:29.630 @ANX017 0
12:50:29.633 @ANX001 Z20190108002
12:50:29.634 @ANX002 10124
12:50:29.635 @ANX003 熊洪才
12:50:29.636 @ANX004 装配工
12:50:29.637 @ANX005 
12:50:29.638 @ANX006 
12:50:29.640 @ANX007 2019/1/8 8:00:00
12:50:29.641 @ANX008 2019/1/8 17:00:00
12:50:29.642 @ANX009 0
12:50:29.643 @ANX010 0
12:50:29.644 @ANX011 在职
12:50:29.646 @ANX012 
12:50:29.647 @ANX013 
12:50:29.648 @ANX014 1线
12:50:29.649 @ANX015 0
12:50:29.650 @ANX016 9
12:50:29.651 @ANX017 0
12:50:29.653 @ANX001 Z20190108002
12:50:29.654 @ANX002 10125
12:50:29.655 @ANX003 代开容
12:50:29.656 @ANX004 装配工
12:50:29.657 @ANX005 
12:50:29.658 @ANX006 
12:50:29.659 @ANX007 2019/1/8 8:00:00
12:50:29.660 @ANX008 2019/1/8 17:00:00
12:50:29.661 @ANX009 0
12:50:29.662 @ANX010 0
12:50:29.663 @ANX011 在职
12:50:29.664 @ANX012 
12:50:29.665 @ANX013 
12:50:29.666 @ANX014 1线
12:50:29.667 @ANX015 0
12:50:29.667 @ANX016 9
12:50:29.667 @ANX017 0
12:50:29.668 @ANX001 Z20190108002
12:50:29.669 @ANX002 10126
12:50:29.671 @ANX003 朱正高
12:50:29.672 @ANX004 装配工
12:50:29.672 @ANX005 
12:50:29.672 @ANX006 
12:50:29.672 @ANX007 2019/1/8 8:00:00
12:50:29.672 @ANX008 2019/1/8 17:00:00
12:50:29.674 @ANX009 0
12:50:29.675 @ANX010 0
12:50:29.676 @ANX011 在职
12:50:29.677 @ANX012 
12:50:29.679 @ANX013 
12:50:29.680 @ANX014 1线
12:50:29.681 @ANX015 0
12:50:29.682 @ANX016 9
12:50:29.683 @ANX017 0
12:50:29.685 @ANX001 Z20190108002
12:50:29.686 @ANX002 10127
12:50:29.687 @ANX003 卿廷群
12:50:29.688 @ANX004 装配工
12:50:29.689 @ANX005 
12:50:29.690 @ANX006 
12:50:29.691 @ANX007 2019/1/8 8:00:00
12:50:29.692 @ANX008 2019/1/8 17:00:00
12:50:29.693 @ANX009 0
12:50:29.694 @ANX010 0
12:50:29.695 @ANX011 在职
12:50:29.696 @ANX012 
12:50:29.698 @ANX013 
12:50:29.699 @ANX014 1线
12:50:29.700 @ANX015 0
12:50:29.701 @ANX016 9
12:50:29.702 @ANX017 0
12:50:29.704 @ANX001 Z20190108002
12:50:29.705 @ANX002 10128
12:50:29.706 @ANX003 陈万珍
12:50:29.707 @ANX004 装配工
12:50:29.708 @ANX005 
12:50:29.709 @ANX006 
12:50:29.710 @ANX007 2019/1/8 8:00:00
12:50:29.711 @ANX008 2019/1/8 17:00:00
12:50:29.712 @ANX009 0
12:50:29.713 @ANX010 0
12:50:29.714 @ANX011 在职
12:50:29.715 @ANX012 
12:50:29.716 @ANX013 
12:50:29.718 @ANX014 1线
12:50:29.719 @ANX015 0
12:50:29.720 @ANX016 9
12:50:29.721 @ANX017 0
12:50:29.723 @ANX001 Z20190108002
12:50:29.724 @ANX002 10129
12:50:29.726 @ANX003 李义承
12:50:29.727 @ANX004 装配工
12:50:29.728 @ANX005 
12:50:29.729 @ANX006 
12:50:29.730 @ANX007 2019/1/8 8:00:00
12:50:29.731 @ANX008 2019/1/8 17:00:00
12:50:29.733 @ANX009 0
12:50:29.734 @ANX010 0
12:50:29.735 @ANX011 在职
12:50:29.736 @ANX012 
12:50:29.738 @ANX013 
12:50:29.739 @ANX014 1线
12:50:29.740 @ANX015 0
12:50:29.741 @ANX016 9
12:50:29.742 @ANX017 0
12:50:29.744 @ANX001 Z20190108002
12:50:29.745 @ANX002 10130
12:50:29.746 @ANX003 张义兵
12:50:29.747 @ANX004 装配工
12:50:29.749 @ANX005 
12:50:29.750 @ANX006 
12:50:29.751 @ANX007 2019/1/8 8:00:00
12:50:29.752 @ANX008 2019/1/8 17:00:00
12:50:29.754 @ANX009 0
12:50:29.755 @ANX010 0
12:50:29.756 @ANX011 在职
12:50:29.757 @ANX012 
12:50:29.758 @ANX013 
12:50:29.760 @ANX014 1线
12:50:29.761 @ANX015 0
12:50:29.762 @ANX016 9
12:50:29.763 @ANX017 0
12:50:29.765 @ANX001 Z20190108002
12:50:29.766 @ANX002 10131
12:50:29.767 @ANX003 李琴琴
12:50:29.768 @ANX004 装配工
12:50:29.770 @ANX005 
12:50:29.771 @ANX006 
12:50:29.772 @ANX007 2019/1/8 8:00:00
12:50:29.773 @ANX008 2019/1/8 17:00:00
12:50:29.774 @ANX009 0
12:50:29.775 @ANX010 0
12:50:29.776 @ANX011 在职
12:50:29.777 @ANX012 
12:50:29.778 @ANX013 
12:50:29.779 @ANX014 1线
12:50:29.780 @ANX015 0
12:50:29.781 @ANX016 9
12:50:29.783 @ANX017 0
12:50:29.785 @ANX001 Z20190108002
12:50:29.786 @ANX002 10133
12:50:29.787 @ANX003 李二先
12:50:29.788 @ANX004 装配工
12:50:29.789 @ANX005 
12:50:29.790 @ANX006 
12:50:29.791 @ANX007 2019/1/8 8:00:00
12:50:29.792 @ANX008 2019/1/8 17:00:00
12:50:29.793 @ANX009 0
12:50:29.794 @ANX010 0
12:50:29.795 @ANX011 在职
12:50:29.796 @ANX012 
12:50:29.797 @ANX013 
12:50:29.798 @ANX014 1线
12:50:29.799 @ANX015 0
12:50:29.800 @ANX016 9
12:50:29.801 @ANX017 0
12:50:29.804 @ANX001 Z20190108002
12:50:29.805 @ANX002 10134
12:50:29.806 @ANX003 邹永操
12:50:29.807 @ANX004 装配工
12:50:29.808 @ANX005 
12:50:29.809 @ANX006 
12:50:29.810 @ANX007 2019/1/8 8:00:00
12:50:29.811 @ANX008 2019/1/8 17:00:00
12:50:29.812 @ANX009 0
12:50:29.813 @ANX010 0
12:50:29.814 @ANX011 在职
12:50:29.815 @ANX012 
12:50:29.816 @ANX013 
12:50:29.817 @ANX014 1线
12:50:29.817 @ANX015 0
12:50:29.818 @ANX016 9
12:50:29.819 @ANX017 0
12:50:29.822 @ANX001 Z20190108002
12:50:29.823 @ANX002 10135
12:50:29.824 @ANX003 陈广春
12:50:29.825 @ANX004 装配工
12:50:29.826 @ANX005 
12:50:29.827 @ANX006 
12:50:29.828 @ANX007 2019/1/8 8:00:00
12:50:29.829 @ANX008 2019/1/8 17:00:00
12:50:29.830 @ANX009 0
12:50:29.831 @ANX010 0
12:50:29.832 @ANX011 在职
12:50:29.833 @ANX012 
12:50:29.834 @ANX013 
12:50:29.836 @ANX014 1线
12:50:29.837 @ANX015 0
12:50:29.838 @ANX016 9
12:50:29.839 @ANX017 0
12:50:29.841 @ANX001 Z20190108002
12:50:29.843 @ANX002 10136
12:50:29.844 @ANX003 李敏
12:50:29.845 @ANX004 装配工
12:50:29.846 @ANX005 
12:50:29.847 @ANX006 
12:50:29.848 @ANX007 2019/1/8 8:00:00
12:50:29.849 @ANX008 2019/1/8 17:00:00
12:50:29.850 @ANX009 0
12:50:29.851 @ANX010 0
12:50:29.852 @ANX011 在职
12:50:29.853 @ANX012 
12:50:29.854 @ANX013 
12:50:29.855 @ANX014 1线
12:50:29.856 @ANX015 0
12:50:29.857 @ANX016 9
12:50:29.858 @ANX017 0
12:50:29.860 @ANX001 Z20190108002
12:50:29.861 @ANX002 10137
12:50:29.862 @ANX003 占利
12:50:29.863 @ANX004 装配工
12:50:29.864 @ANX005 
12:50:29.865 @ANX006 
12:50:29.866 @ANX007 2019/1/8 8:00:00
12:50:29.867 @ANX008 2019/1/8 17:00:00
12:50:29.868 @ANX009 0
12:50:29.869 @ANX010 0
12:50:29.870 @ANX011 在职
12:50:29.871 @ANX012 
12:50:29.872 @ANX013 
12:50:29.873 @ANX014 1线
12:50:29.873 @ANX015 0
12:50:29.873 @ANX016 9
12:50:29.874 @ANX017 0
12:50:29.877 @ANX001 Z20190108002
12:50:29.878 @ANX002 10138
12:50:29.879 @ANX003 王绍琴
12:50:29.880 @ANX004 装配工
12:50:29.881 @ANX005 
12:50:29.882 @ANX006 
12:50:29.883 @ANX007 2019/1/8 8:00:00
12:50:29.884 @ANX008 2019/1/8 17:00:00
12:50:29.885 @ANX009 0
12:50:29.885 @ANX010 0
12:50:29.886 @ANX011 在职
12:50:29.887 @ANX012 
12:50:29.889 @ANX013 
12:50:29.890 @ANX014 1线
12:50:29.891 @ANX015 0
12:50:29.892 @ANX016 9
12:50:29.893 @ANX017 0
12:50:29.896 @ANX001 Z20190108002
12:50:29.897 @ANX002 10139
12:50:29.898 @ANX003 唐录云
12:50:29.899 @ANX004 装配工
12:50:29.900 @ANX005 
12:50:29.901 @ANX006 
12:50:29.902 @ANX007 2019/1/8 8:00:00
12:50:29.903 @ANX008 2019/1/8 17:00:00
12:50:29.904 @ANX009 0
12:50:29.905 @ANX010 0
12:50:29.906 @ANX011 在职
12:50:29.907 @ANX012 
12:50:29.908 @ANX013 
12:50:29.909 @ANX014 1线
12:50:29.910 @ANX015 0
12:50:29.911 @ANX016 9
12:50:29.912 @ANX017 0
12:50:29.914 @ANX001 Z20190108002
12:50:29.915 @ANX002 10140
12:50:29.917 @ANX003 田锋
12:50:29.918 @ANX004 装配工
12:50:29.919 @ANX005 
12:50:29.920 @ANX006 
12:50:29.921 @ANX007 2019/1/8 8:00:00
12:50:29.922 @ANX008 2019/1/8 17:00:00
12:50:29.923 @ANX009 0
12:50:29.924 @ANX010 0
12:50:29.925 @ANX011 在职
12:50:29.926 @ANX012 
12:50:29.927 @ANX013 
12:50:29.928 @ANX014 1线
12:50:29.929 @ANX015 0
12:50:29.930 @ANX016 9
12:50:29.931 @ANX017 0
12:50:29.933 @ANX001 Z20190108002
12:50:29.934 @ANX002 10141
12:50:29.935 @ANX003 付志林
12:50:29.936 @ANX004 装配工
12:50:29.937 @ANX005 
12:50:29.938 @ANX006 
12:50:29.939 @ANX007 2019/1/8 8:00:00
12:50:29.940 @ANX008 2019/1/8 17:00:00
12:50:29.941 @ANX009 0
12:50:29.942 @ANX010 0
12:50:29.943 @ANX011 在职
12:50:29.944 @ANX012 
12:50:29.945 @ANX013 
12:50:29.946 @ANX014 1线
12:50:29.947 @ANX015 0
12:50:29.948 @ANX016 9
12:50:29.950 @ANX017 0
12:53:36.509 @EMP002 系统管理员
12:53:36.509 @EMP033 9af7f2b45fff5ca168dd7081681fadd
12:55:11.331 @PAN001 P20190108002
12:55:11.331 @PAN002 0503
12:55:11.331 @PAN003 喷涂车间
12:55:11.332 @PAN004 0503
12:55:11.332 @PAN005 喷涂车间
12:55:11.332 @PAN006 2019/1/8 0:00:00
12:55:11.332 @PAN007 
12:55:11.332 @PAN008 
12:55:11.332 @PAN009 False
12:55:11.332 @PAN010 False
12:55:11.332 @PAN011 0
12:55:11.333 @PAN012 0
12:55:11.333 @PAN013 计时
12:55:11.333 @PAN014 系统管理员
12:55:11.333 @PAN015 2019/1/9 8:00:00
12:55:11.333 @PAN016 2019/1/9 17:00:00
12:55:11.354 @PAP001 P20190108002
12:55:11.354 @PPA002 10075
12:55:11.354 @PPA003 陈林甫
12:55:11.354 @PPA004 喷漆工
12:55:11.354 @PPA005 
12:55:11.354 @PPA006 
12:55:11.354 @PPA007 2019/1/9 8:00:00
12:55:11.355 @PPA008 2019/1/9 17:00:00
12:55:11.355 @PPA009 0
12:55:11.355 @PPA010 在职
12:55:11.355 @PPA011 喷涂车间
12:55:11.355 @PPA012 0
12:55:11.355 @PPA013 9
12:55:11.355 @PPA014 0
12:55:11.355 @PPA015 
12:55:11.361 @PAP001 P20190108002
12:55:11.361 @PPA002 10076
12:55:11.361 @PPA003 张正友
12:55:11.361 @PPA004 喷漆工
12:55:11.361 @PPA005 
12:55:11.362 @PPA006 
12:55:11.362 @PPA007 2019/1/9 8:00:00
12:55:11.362 @PPA008 2019/1/9 17:00:00
12:55:11.362 @PPA009 0
12:55:11.362 @PPA010 在职
12:55:11.362 @PPA011 喷涂车间
12:55:11.362 @PPA012 0
12:55:11.363 @PPA013 9
12:55:11.363 @PPA014 0
12:55:11.363 @PPA015 
12:55:11.365 @PAP001 P20190108002
12:55:11.366 @PPA002 10077
12:55:11.366 @PPA003 王光
12:55:11.366 @PPA004 喷漆工
12:55:11.366 @PPA005 
12:55:11.366 @PPA006 
12:55:11.366 @PPA007 2019/1/9 8:00:00
12:55:11.366 @PPA008 2019/1/9 17:00:00
12:55:11.367 @PPA009 0
12:55:11.367 @PPA010 在职
12:55:11.367 @PPA011 喷涂车间
12:55:11.367 @PPA012 0
12:55:11.367 @PPA013 9
12:55:11.367 @PPA014 0
12:55:11.367 @PPA015 
12:55:11.369 @PAP001 P20190108002
12:55:11.369 @PPA002 10078
12:55:11.369 @PPA003 谢武林
12:55:11.369 @PPA004 喷漆工
12:55:11.370 @PPA005 
12:55:11.370 @PPA006 
12:55:11.370 @PPA007 2019/1/9 8:00:00
12:55:11.370 @PPA008 2019/1/9 17:00:00
12:55:11.371 @PPA009 0
12:55:11.371 @PPA010 在职
12:55:11.372 @PPA011 喷涂车间
12:55:11.373 @PPA012 0
12:55:11.373 @PPA013 9
12:55:11.373 @PPA014 0
12:55:11.373 @PPA015 
12:55:11.375 @PAP001 P20190108002
12:55:11.375 @PPA002 10079
12:55:11.375 @PPA003 韩义军
12:55:11.375 @PPA004 喷漆工
12:55:11.375 @PPA005 
12:55:11.376 @PPA006 
12:55:11.376 @PPA007 2019/1/9 8:00:00
12:55:11.376 @PPA008 2019/1/9 17:00:00
12:55:11.376 @PPA009 0
12:55:11.376 @PPA010 在职
12:55:11.376 @PPA011 喷涂车间
12:55:11.376 @PPA012 0
12:55:11.376 @PPA013 9
12:55:11.377 @PPA014 0
12:55:11.377 @PPA015 
12:55:11.378 @PAP001 P20190108002
12:55:11.378 @PPA002 10080
12:55:11.379 @PPA003 李成江
12:55:11.379 @PPA004 喷漆工
12:55:11.379 @PPA005 
12:55:11.379 @PPA006 
12:55:11.379 @PPA007 2019/1/9 8:00:00
12:55:11.380 @PPA008 2019/1/9 17:00:00
12:55:11.380 @PPA009 0
12:55:11.380 @PPA010 在职
12:55:11.380 @PPA011 喷涂车间
12:55:11.380 @PPA012 0
12:55:11.381 @PPA013 9
12:55:11.381 @PPA014 0
12:55:11.381 @PPA015 
12:55:11.383 @PAP001 P20190108002
12:55:11.383 @PPA002 10081
12:55:11.383 @PPA003 邓朝秦
12:55:11.383 @PPA004 喷漆工
12:55:11.383 @PPA005 
12:55:11.384 @PPA006 
12:55:11.384 @PPA007 2019/1/9 8:00:00
12:55:11.384 @PPA008 2019/1/9 17:00:00
12:55:11.384 @PPA009 0
12:55:11.384 @PPA010 在职
12:55:11.385 @PPA011 喷涂车间
12:55:11.385 @PPA012 0
12:55:11.385 @PPA013 9
12:55:11.385 @PPA014 0
12:55:11.385 @PPA015 
12:55:11.387 @PAP001 P20190108002
12:55:11.387 @PPA002 10082
12:55:11.387 @PPA003 陆秋云
12:55:11.387 @PPA004 装配工
12:55:11.388 @PPA005 
12:55:11.388 @PPA006 
12:55:11.388 @PPA007 2019/1/9 8:00:00
12:55:11.388 @PPA008 2019/1/9 17:00:00
12:55:11.388 @PPA009 0
12:55:11.389 @PPA010 在职
12:55:11.389 @PPA011 喷涂车间
12:55:11.389 @PPA012 0
12:55:11.389 @PPA013 9
12:55:11.389 @PPA014 0
12:55:11.389 @PPA015 
12:55:11.391 @PAP001 P20190108002
12:55:11.391 @PPA002 10083
12:55:11.391 @PPA003 郁叶琴
12:55:11.391 @PPA004 装配工
12:55:11.392 @PPA005 
12:55:11.392 @PPA006 
12:55:11.392 @PPA007 2019/1/9 8:00:00
12:55:11.392 @PPA008 2019/1/9 17:00:00
12:55:11.392 @PPA009 0
12:55:11.392 @PPA010 在职
12:55:11.393 @PPA011 喷涂车间
12:55:11.393 @PPA012 0
12:55:11.393 @PPA013 9
12:55:11.393 @PPA014 0
12:55:11.393 @PPA015 
12:55:11.395 @PAP001 P20190108002
12:55:11.396 @PPA002 10084
12:55:11.396 @PPA003 杜福英
12:55:11.396 @PPA004 装配工
12:55:11.396 @PPA005 
12:55:11.396 @PPA006 
12:55:11.397 @PPA007 2019/1/9 8:00:00
12:55:11.397 @PPA008 2019/1/9 17:00:00
12:55:11.397 @PPA009 0
12:55:11.397 @PPA010 在职
12:55:11.397 @PPA011 喷涂车间
12:55:11.398 @PPA012 0
12:55:11.398 @PPA013 9
12:55:11.398 @PPA014 0
12:55:11.398 @PPA015 
12:55:11.400 @PAP001 P20190108002
12:55:11.400 @PPA002 10085
12:55:11.400 @PPA003 廖仁琼
12:55:11.400 @PPA004 装配工
12:55:11.400 @PPA005 
12:55:11.400 @PPA006 
12:55:11.400 @PPA007 2019/1/9 8:00:00
12:55:11.401 @PPA008 2019/1/9 17:00:00
12:55:11.401 @PPA009 0
12:55:11.401 @PPA010 在职
12:55:11.401 @PPA011 喷涂车间
12:55:11.401 @PPA012 0
12:55:11.401 @PPA013 9
12:55:11.401 @PPA014 0
12:55:11.401 @PPA015 
12:55:11.403 @PAP001 P20190108002
12:55:11.403 @PPA002 10086
12:55:11.403 @PPA003 李光艳
12:55:11.403 @PPA004 装配工
12:55:11.404 @PPA005 
12:55:11.404 @PPA006 
12:55:11.404 @PPA007 2019/1/9 8:00:00
12:55:11.404 @PPA008 2019/1/9 17:00:00
12:55:11.404 @PPA009 0
12:55:11.405 @PPA010 在职
12:55:11.405 @PPA011 喷涂车间
12:55:11.405 @PPA012 0
12:55:11.405 @PPA013 9
12:55:11.405 @PPA014 0
12:55:11.406 @PPA015 
12:55:11.409 @PAP001 P20190108002
12:55:11.409 @PPA002 10087
12:55:11.409 @PPA003 彭荣泽
12:55:11.409 @PPA004 装配工
12:55:11.409 @PPA005 
12:55:11.410 @PPA006 
12:55:11.410 @PPA007 2019/1/9 8:00:00
12:55:11.410 @PPA008 2019/1/9 17:00:00
12:55:11.410 @PPA009 0
12:55:11.410 @PPA010 在职
12:55:11.410 @PPA011 喷涂车间
12:55:11.410 @PPA012 0
12:55:11.411 @PPA013 9
12:55:11.411 @PPA014 0
12:55:11.411 @PPA015 
12:55:31.346 @LEF001 L20190108001
12:55:31.346 @LEF009 0506
12:55:31.347 @LEF010 LED车间
12:55:31.347 @LEF011 0506
12:55:31.347 @LEF012 LED车间
12:55:31.347 @LEF013 2019/1/8 0:00:00
12:55:31.347 @LEF015 
12:55:31.347 @LEF016 
12:55:31.347 @LEF017 False
12:55:31.347 @LEF018 False
12:55:31.348 @LEF019 0
12:55:31.348 @LEF020 0
12:55:31.348 @LEF021 计时
12:55:31.348 @LEF022 系统管理员
12:55:31.348 @LEF023 2019/1/8 8:00:00
12:55:31.348 @LEF024 2019/1/8 17:00:00
12:55:31.349 @LEF025 0
12:55:31.352 @LEG001 L20190108001
12:55:31.352 @LEG002 10015
12:55:31.352 @LEG003 郭婧
12:55:31.353 @LEG004 装配工
12:55:31.353 @LEG005 
12:55:31.353 @LEG006 
12:55:31.353 @LEG007 0
12:55:31.353 @LEG008 2019/1/8 8:00:00
12:55:31.353 @LEG009 2019/1/8 17:00:00
12:55:31.353 @LEG010 0
12:55:31.353 @LEG011 
12:55:31.354 @LEG012 在职
12:55:31.354 @LEG013 LED车间
12:55:31.354 @LEG014 0
12:55:31.354 @LEG015 9
12:55:31.354 @LEG016 0
12:55:31.358 @LEG001 L20190108001
12:55:31.358 @LEG002 10016
12:55:31.358 @LEG003 龙兴连
12:55:31.358 @LEG004 装配工
12:55:31.358 @LEG005 
12:55:31.359 @LEG006 
12:55:31.359 @LEG007 0
12:55:31.359 @LEG008 2019/1/8 8:00:00
12:55:31.359 @LEG009 2019/1/8 17:00:00
12:55:31.359 @LEG010 0
12:55:31.359 @LEG011 
12:55:31.360 @LEG012 在职
12:55:31.360 @LEG013 LED车间
12:55:31.360 @LEG014 0
12:55:31.360 @LEG015 9
12:55:31.360 @LEG016 0
12:55:31.363 @LEG001 L20190108001
12:55:31.363 @LEG002 10017
12:55:31.363 @LEG003 聂付秋
12:55:31.363 @LEG004 装配工
12:55:31.364 @LEG005 
12:55:31.364 @LEG006 
12:55:31.364 @LEG007 0
12:55:31.364 @LEG008 2019/1/8 8:00:00
12:55:31.364 @LEG009 2019/1/8 17:00:00
12:55:31.365 @LEG010 0
12:55:31.365 @LEG011 
12:55:31.365 @LEG012 在职
12:55:31.365 @LEG013 LED车间
12:55:31.365 @LEG014 0
12:55:31.365 @LEG015 9
12:55:31.366 @LEG016 0
12:55:31.367 @LEG001 L20190108001
12:55:31.368 @LEG002 10018
12:55:31.368 @LEG003 薛能米
12:55:31.368 @LEG004 装配工
12:55:31.368 @LEG005 
12:55:31.368 @LEG006 
12:55:31.369 @LEG007 0
12:55:31.369 @LEG008 2019/1/8 8:00:00
12:55:31.369 @LEG009 2019/1/8 17:00:00
12:55:31.369 @LEG010 0
12:55:31.369 @LEG011 
12:55:31.370 @LEG012 在职
12:55:31.370 @LEG013 LED车间
12:55:31.370 @LEG014 0
12:55:31.370 @LEG015 9
12:55:31.370 @LEG016 0
12:55:31.372 @LEG001 L20190108001
12:55:31.372 @LEG002 10019
12:55:31.372 @LEG003 彭顺艳
12:55:31.372 @LEG004 装配工
12:55:31.372 @LEG005 
12:55:31.373 @LEG006 
12:55:31.373 @LEG007 0
12:55:31.373 @LEG008 2019/1/8 8:00:00
12:55:31.373 @LEG009 2019/1/8 17:00:00
12:55:31.373 @LEG010 0
12:55:31.373 @LEG011 
12:55:31.373 @LEG012 在职
12:55:31.374 @LEG013 LED车间
12:55:31.374 @LEG014 0
12:55:31.374 @LEG015 9
12:55:31.374 @LEG016 0
12:55:31.375 @LEG001 L20190108001
12:55:31.376 @LEG002 10020
12:55:31.376 @LEG003 罗小琴
12:55:31.376 @LEG004 装配工
12:55:31.376 @LEG005 
12:55:31.376 @LEG006 
12:55:31.377 @LEG007 0
12:55:31.377 @LEG008 2019/1/8 8:00:00
12:55:31.377 @LEG009 2019/1/8 17:00:00
12:55:31.377 @LEG010 0
12:55:31.377 @LEG011 
12:55:31.377 @LEG012 在职
12:55:31.378 @LEG013 LED车间
12:55:31.378 @LEG014 0
12:55:31.378 @LEG015 9
12:55:31.378 @LEG016 0
12:55:31.380 @LEG001 L20190108001
12:55:31.380 @LEG002 10021
12:55:31.380 @LEG003 吕红艳
12:55:31.380 @LEG004 装配工
12:55:31.380 @LEG005 
12:55:31.380 @LEG006 
12:55:31.380 @LEG007 0
12:55:31.381 @LEG008 2019/1/8 8:00:00
12:55:31.381 @LEG009 2019/1/8 17:00:00
12:55:31.381 @LEG010 0
12:55:31.381 @LEG011 
12:55:31.381 @LEG012 在职
12:55:31.382 @LEG013 LED车间
12:55:31.382 @LEG014 0
12:55:31.382 @LEG015 9
12:55:31.382 @LEG016 0
12:55:31.384 @LEG001 L20190108001
12:55:31.384 @LEG002 10022
12:55:31.384 @LEG003 李朝粉
12:55:31.384 @LEG004 装配工
12:55:31.384 @LEG005 
12:55:31.385 @LEG006 
12:55:31.385 @LEG007 0
12:55:31.385 @LEG008 2019/1/8 8:00:00
12:55:31.385 @LEG009 2019/1/8 17:00:00
12:55:31.385 @LEG010 0
12:55:31.385 @LEG011 
12:55:31.385 @LEG012 在职
12:55:31.385 @LEG013 LED车间
12:55:31.385 @LEG014 0
12:55:31.386 @LEG015 9
12:55:31.386 @LEG016 0
12:55:31.387 @LEG001 L20190108001
12:55:31.387 @LEG002 10024
12:55:31.388 @LEG003 平单单
12:55:31.388 @LEG004 装配工
12:55:31.388 @LEG005 
12:55:31.388 @LEG006 
12:55:31.388 @LEG007 0
12:55:31.389 @LEG008 2019/1/8 8:00:00
12:55:31.389 @LEG009 2019/1/8 17:00:00
12:55:31.389 @LEG010 0
12:55:31.389 @LEG011 
12:55:31.389 @LEG012 在职
12:55:31.389 @LEG013 LED车间
12:55:31.389 @LEG014 0
12:55:31.390 @LEG015 9
12:55:31.390 @LEG016 0
12:55:31.391 @LEG001 L20190108001
12:55:31.392 @LEG002 10025
12:55:31.392 @LEG003 梁永琴
12:55:31.392 @LEG004 装配工
12:55:31.392 @LEG005 
12:55:31.392 @LEG006 
12:55:31.392 @LEG007 0
12:55:31.393 @LEG008 2019/1/8 8:00:00
12:55:31.393 @LEG009 2019/1/8 17:00:00
12:55:31.393 @LEG010 0
12:55:31.393 @LEG011 
12:55:31.393 @LEG012 在职
12:55:31.393 @LEG013 LED车间
12:55:31.393 @LEG014 0
12:55:31.393 @LEG015 9
12:55:31.393 @LEG016 0
12:55:31.396 @LEG001 L20190108001
12:55:31.396 @LEG002 10026
12:55:31.396 @LEG003 胡孝明
12:55:31.396 @LEG004 装配工
12:55:31.396 @LEG005 
12:55:31.396 @LEG006 
12:55:31.396 @LEG007 0
12:55:31.397 @LEG008 2019/1/8 8:00:00
12:55:31.397 @LEG009 2019/1/8 17:00:00
12:55:31.397 @LEG010 0
12:55:31.397 @LEG011 
12:55:31.397 @LEG012 在职
12:55:31.397 @LEG013 LED车间
12:55:31.397 @LEG014 0
12:55:31.397 @LEG015 9
12:55:31.397 @LEG016 0
12:55:31.399 @LEG001 L20190108001
12:55:31.399 @LEG002 10027
12:55:31.399 @LEG003 聂昌奎
12:55:31.400 @LEG004 装配工
12:55:31.400 @LEG005 
12:55:31.400 @LEG006 
12:55:31.400 @LEG007 0
12:55:31.400 @LEG008 2019/1/8 8:00:00
12:55:31.401 @LEG009 2019/1/8 17:00:00
12:55:31.401 @LEG010 0
12:55:31.401 @LEG011 
12:55:31.401 @LEG012 在职
12:55:31.401 @LEG013 LED车间
12:55:31.402 @LEG014 0
12:55:31.402 @LEG015 9
12:55:31.402 @LEG016 0
12:55:31.403 @LEG001 L20190108001
12:55:31.404 @LEG002 10028
12:55:31.404 @LEG003 陶兴琴
12:55:31.404 @LEG004 装配工
12:55:31.404 @LEG005 
12:55:31.404 @LEG006 
12:55:31.404 @LEG007 0
12:55:31.404 @LEG008 2019/1/8 8:00:00
12:55:31.404 @LEG009 2019/1/8 17:00:00
12:55:31.405 @LEG010 0
12:55:31.405 @LEG011 
12:55:31.405 @LEG012 在职
12:55:31.405 @LEG013 LED车间
12:55:31.405 @LEG014 0
12:55:31.405 @LEG015 9
12:55:31.405 @LEG016 0
12:55:31.407 @LEG001 L20190108001
12:55:31.407 @LEG002 10029
12:55:31.407 @LEG003 段进连
12:55:31.408 @LEG004 装配工
12:55:31.408 @LEG005 
12:55:31.408 @LEG006 
12:55:31.408 @LEG007 0
12:55:31.408 @LEG008 2019/1/8 8:00:00
12:55:31.409 @LEG009 2019/1/8 17:00:00
12:55:31.409 @LEG010 0
12:55:31.409 @LEG011 
12:55:31.409 @LEG012 在职
12:55:31.409 @LEG013 LED车间
12:55:31.410 @LEG014 0
12:55:31.410 @LEG015 9
12:55:31.410 @LEG016 0
12:55:31.412 @LEG001 L20190108001
12:55:31.412 @LEG002 10030
12:55:31.412 @LEG003 李大花
12:55:31.412 @LEG004 装配工
12:55:31.412 @LEG005 
12:55:31.413 @LEG006 
12:55:31.413 @LEG007 0
12:55:31.413 @LEG008 2019/1/8 8:00:00
12:55:31.413 @LEG009 2019/1/8 17:00:00
12:55:31.413 @LEG010 0
12:55:31.413 @LEG011 
12:55:31.413 @LEG012 在职
12:55:31.414 @LEG013 LED车间
12:55:31.414 @LEG014 0
12:55:31.414 @LEG015 9
12:55:31.414 @LEG016 0
12:55:31.415 @LEG001 L20190108001
12:55:31.416 @LEG002 10031
12:55:31.416 @LEG003 黄史作
12:55:31.416 @LEG004 装配工
12:55:31.416 @LEG005 
12:55:31.416 @LEG006 
12:55:31.417 @LEG007 0
12:55:31.417 @LEG008 2019/1/8 8:00:00
12:55:31.417 @LEG009 2019/1/8 17:00:00
12:55:31.417 @LEG010 0
12:55:31.417 @LEG011 
12:55:31.418 @LEG012 在职
12:55:31.418 @LEG013 LED车间
12:55:31.418 @LEG014 0
12:55:31.418 @LEG015 9
12:55:31.418 @LEG016 0
12:55:31.420 @LEG001 L20190108001
12:55:31.420 @LEG002 10032
12:55:31.420 @LEG003 罗昌梅
12:55:31.420 @LEG004 装配工
12:55:31.421 @LEG005 
12:55:31.421 @LEG006 
12:55:31.421 @LEG007 0
12:55:31.421 @LEG008 2019/1/8 8:00:00
12:55:31.421 @LEG009 2019/1/8 17:00:00
12:55:31.422 @LEG010 0
12:55:31.422 @LEG011 
12:55:31.422 @LEG012 在职
12:55:31.422 @LEG013 LED车间
12:55:31.422 @LEG014 0
12:55:31.422 @LEG015 9
12:55:31.422 @LEG016 0
12:55:31.424 @LEG001 L20190108001
12:55:31.424 @LEG002 10033
12:55:31.425 @LEG003 赵雨婷
12:55:31.425 @LEG004 装配工
12:55:31.425 @LEG005 
12:55:31.425 @LEG006 
12:55:31.425 @LEG007 0
12:55:31.425 @LEG008 2019/1/8 8:00:00
12:55:31.425 @LEG009 2019/1/8 17:00:00
12:55:31.425 @LEG010 0
12:55:31.426 @LEG011 
12:55:31.426 @LEG012 在职
12:55:31.426 @LEG013 LED车间
12:55:31.426 @LEG014 0
12:55:31.426 @LEG015 9
12:55:31.426 @LEG016 0
12:55:31.428 @LEG001 L20190108001
12:55:31.428 @LEG002 10034
12:55:31.428 @LEG003 杜顺艳
12:55:31.428 @LEG004 装配工
12:55:31.429 @LEG005 
12:55:31.429 @LEG006 
12:55:31.429 @LEG007 0
12:55:31.429 @LEG008 2019/1/8 8:00:00
12:55:31.429 @LEG009 2019/1/8 17:00:00
12:55:31.430 @LEG010 0
12:55:31.430 @LEG011 
12:55:31.430 @LEG012 在职
12:55:31.430 @LEG013 LED车间
12:55:31.430 @LEG014 0
12:55:31.431 @LEG015 9
12:55:31.431 @LEG016 0
12:55:31.432 @LEG001 L20190108001
12:55:31.432 @LEG002 10035
12:55:31.433 @LEG003 韩孝君
12:55:31.433 @LEG004 装配工
12:55:31.433 @LEG005 
12:55:31.433 @LEG006 
12:55:31.433 @LEG007 0
12:55:31.434 @LEG008 2019/1/8 8:00:00
12:55:31.434 @LEG009 2019/1/8 17:00:00
12:55:31.434 @LEG010 0
12:55:31.434 @LEG011 
12:55:31.434 @LEG012 在职
12:55:31.435 @LEG013 LED车间
12:55:31.435 @LEG014 0
12:55:31.435 @LEG015 9
12:55:31.435 @LEG016 0
12:55:31.436 @LEG001 L20190108001
12:55:31.437 @LEG002 10036
12:55:31.437 @LEG003 何培凤
12:55:31.437 @LEG004 装配工
12:55:31.437 @LEG005 
12:55:31.438 @LEG006 
12:55:31.438 @LEG007 0
12:55:31.438 @LEG008 2019/1/8 8:00:00
12:55:31.438 @LEG009 2019/1/8 17:00:00
12:55:31.438 @LEG010 0
12:55:31.438 @LEG011 
12:55:31.439 @LEG012 在职
12:55:31.439 @LEG013 LED车间
12:55:31.439 @LEG014 0
12:55:31.439 @LEG015 9
12:55:31.439 @LEG016 0
12:55:31.442 @LEG001 L20190108001
12:55:31.442 @LEG002 10037
12:55:31.442 @LEG003 王程平
12:55:31.442 @LEG004 装配工
12:55:31.443 @LEG005 
12:55:31.443 @LEG006 
12:55:31.443 @LEG007 0
12:55:31.443 @LEG008 2019/1/8 8:00:00
12:55:31.443 @LEG009 2019/1/8 17:00:00
12:55:31.444 @LEG010 0
12:55:31.444 @LEG011 
12:55:31.444 @LEG012 在职
12:55:31.444 @LEG013 LED车间
12:55:31.445 @LEG014 0
12:55:31.445 @LEG015 9
12:55:31.445 @LEG016 0
12:55:31.447 @LEG001 L20190108001
12:55:31.447 @LEG002 10038
12:55:31.447 @LEG003 韩英
12:55:31.447 @LEG004 装配工
12:55:31.447 @LEG005 
12:55:31.447 @LEG006 
12:55:31.447 @LEG007 0
12:55:31.448 @LEG008 2019/1/8 8:00:00
12:55:31.448 @LEG009 2019/1/8 17:00:00
12:55:31.448 @LEG010 0
12:55:31.448 @LEG011 
12:55:31.448 @LEG012 在职
12:55:31.448 @LEG013 LED车间
12:55:31.448 @LEG014 0
12:55:31.448 @LEG015 9
12:55:31.449 @LEG016 0
12:55:31.450 @LEG001 L20190108001
12:55:31.450 @LEG002 10039
12:55:31.451 @LEG003 杨海霞
12:55:31.451 @LEG004 装配工
12:55:31.451 @LEG005 
12:55:31.451 @LEG006 
12:55:31.451 @LEG007 0
12:55:31.452 @LEG008 2019/1/8 8:00:00
12:55:31.452 @LEG009 2019/1/8 17:00:00
12:55:31.452 @LEG010 0
12:55:31.452 @LEG011 
12:55:31.452 @LEG012 在职
12:55:31.453 @LEG013 LED车间
12:55:31.453 @LEG014 0
12:55:31.453 @LEG015 9
12:55:31.453 @LEG016 0
12:55:31.455 @LEG001 L20190108001
12:55:31.455 @LEG002 10040
12:55:31.455 @LEG003 李林菊
12:55:31.455 @LEG004 装配工
12:55:31.456 @LEG005 
12:55:31.456 @LEG006 
12:55:31.456 @LEG007 0
12:55:31.456 @LEG008 2019/1/8 8:00:00
12:55:31.456 @LEG009 2019/1/8 17:00:00
12:55:31.457 @LEG010 0
12:55:31.457 @LEG011 
12:55:31.457 @LEG012 在职
12:55:31.457 @LEG013 LED车间
12:55:31.457 @LEG014 0
12:55:31.458 @LEG015 9
12:55:31.458 @LEG016 0
12:55:31.459 @LEG001 L20190108001
12:55:31.459 @LEG002 10041
12:55:31.460 @LEG003 吴群英
12:55:31.460 @LEG004 装配工
12:55:31.460 @LEG005 
12:55:31.460 @LEG006 
12:55:31.460 @LEG007 0
12:55:31.461 @LEG008 2019/1/8 8:00:00
12:55:31.461 @LEG009 2019/1/8 17:00:00
12:55:31.461 @LEG010 0
12:55:31.461 @LEG011 
12:55:31.461 @LEG012 在职
12:55:31.462 @LEG013 LED车间
12:55:31.462 @LEG014 0
12:55:31.462 @LEG015 9
12:55:31.462 @LEG016 0
12:55:31.464 @LEG001 L20190108001
12:55:31.464 @LEG002 10043
12:55:31.464 @LEG003 唐春凤
12:55:31.464 @LEG004 装配工
12:55:31.464 @LEG005 
12:55:31.465 @LEG006 
12:55:31.465 @LEG007 0
12:55:31.465 @LEG008 2019/1/8 8:00:00
12:55:31.465 @LEG009 2019/1/8 17:00:00
12:55:31.465 @LEG010 0
12:55:31.466 @LEG011 
12:55:31.466 @LEG012 在职
12:55:31.466 @LEG013 LED车间
12:55:31.466 @LEG014 0
12:55:31.466 @LEG015 9
12:55:31.466 @LEG016 0
12:55:31.468 @LEG001 L20190108001
12:55:31.468 @LEG002 10044
12:55:31.468 @LEG003 陈朝香
12:55:31.468 @LEG004 装配工
12:55:31.469 @LEG005 
12:55:31.469 @LEG006 
12:55:31.469 @LEG007 0
12:55:31.469 @LEG008 2019/1/8 8:00:00
12:55:31.469 @LEG009 2019/1/8 17:00:00
12:55:31.470 @LEG010 0
12:55:31.470 @LEG011 
12:55:31.470 @LEG012 在职
12:55:31.470 @LEG013 LED车间
12:55:31.470 @LEG014 0
12:55:31.471 @LEG015 9
12:55:31.471 @LEG016 0
12:55:31.472 @LEG001 L20190108001
12:55:31.472 @LEG002 10045
12:55:31.472 @LEG003 牟飞
12:55:31.473 @LEG004 装配工
12:55:31.473 @LEG005 
12:55:31.473 @LEG006 
12:55:31.473 @LEG007 0
12:55:31.473 @LEG008 2019/1/8 8:00:00
12:55:31.473 @LEG009 2019/1/8 17:00:00
12:55:31.474 @LEG010 0
12:55:31.474 @LEG011 
12:55:31.474 @LEG012 在职
12:55:31.474 @LEG013 LED车间
12:55:31.474 @LEG014 0
12:55:31.474 @LEG015 9
12:55:31.475 @LEG016 0
12:55:31.476 @LEG001 L20190108001
12:55:31.476 @LEG002 10048
12:55:31.476 @LEG003 王建琼
12:55:31.477 @LEG004 装配工
12:55:31.477 @LEG005 
12:55:31.481 @LEG006 
12:55:31.481 @LEG007 0
12:55:31.482 @LEG008 2019/1/8 8:00:00
12:55:31.482 @LEG009 2019/1/8 17:00:00
12:55:31.482 @LEG010 0
12:55:31.482 @LEG011 
12:55:31.482 @LEG012 在职
12:55:31.483 @LEG013 LED车间
12:55:31.483 @LEG014 0
12:55:31.483 @LEG015 9
12:55:31.483 @LEG016 0
12:55:31.485 @LEG001 L20190108001
12:55:31.485 @LEG002 10052
12:55:31.485 @LEG003 周思超
12:55:31.485 @LEG004 装配工
12:55:31.485 @LEG005 
12:55:31.486 @LEG006 
12:55:31.486 @LEG007 0
12:55:31.486 @LEG008 2019/1/8 8:00:00
12:55:31.486 @LEG009 2019/1/8 17:00:00
12:55:31.486 @LEG010 0
12:55:31.487 @LEG011 
12:55:31.487 @LEG012 在职
12:55:31.487 @LEG013 LED车间
12:55:31.487 @LEG014 0
12:55:31.487 @LEG015 9
12:55:31.488 @LEG016 0
12:55:31.489 @LEG001 L20190108001
12:55:31.489 @LEG002 10053
12:55:31.490 @LEG003 陈广会
12:55:31.490 @LEG004 装配工
12:55:31.490 @LEG005 
12:55:31.490 @LEG006 
12:55:31.490 @LEG007 0
12:55:31.490 @LEG008 2019/1/8 8:00:00
12:55:31.491 @LEG009 2019/1/8 17:00:00
12:55:31.491 @LEG010 0
12:55:31.491 @LEG011 
12:55:31.491 @LEG012 在职
12:55:31.491 @LEG013 LED车间
12:55:31.491 @LEG014 0
12:55:31.492 @LEG015 9
12:55:31.492 @LEG016 0
12:55:31.493 @LEG001 L20190108001
12:55:31.493 @LEG002 10055
12:55:31.494 @LEG003 黄曲作
12:55:31.494 @LEG004 装配工
12:55:31.494 @LEG005 
12:55:31.494 @LEG006 
12:55:31.494 @LEG007 0
12:55:31.494 @LEG008 2019/1/8 8:00:00
12:55:31.495 @LEG009 2019/1/8 17:00:00
12:55:31.495 @LEG010 0
12:55:31.495 @LEG011 
12:55:31.495 @LEG012 在职
12:55:31.495 @LEG013 LED车间
12:55:31.495 @LEG014 0
12:55:31.496 @LEG015 9
12:55:31.496 @LEG016 0
12:55:31.497 @LEG001 L20190108001
12:55:31.497 @LEG002 10056
12:55:31.497 @LEG003 宋万林
12:55:31.498 @LEG004 装配工
12:55:31.498 @LEG005 
12:55:31.498 @LEG006 
12:55:31.498 @LEG007 0
12:55:31.498 @LEG008 2019/1/8 8:00:00
12:55:31.499 @LEG009 2019/1/8 17:00:00
12:55:31.499 @LEG010 0
12:55:31.499 @LEG011 
12:55:31.499 @LEG012 在职
12:55:31.499 @LEG013 LED车间
12:55:31.500 @LEG014 0
12:55:31.500 @LEG015 9
12:55:31.500 @LEG016 0
12:55:31.501 @LEG001 L20190108001
12:55:31.501 @LEG002 10057
12:55:31.502 @LEG003 李光云
12:55:31.502 @LEG004 装配工
12:55:31.502 @LEG005 
12:55:31.502 @LEG006 
12:55:31.502 @LEG007 0
12:55:31.503 @LEG008 2019/1/8 8:00:00
12:55:31.503 @LEG009 2019/1/8 17:00:00
12:55:31.503 @LEG010 0
12:55:31.503 @LEG011 
12:55:31.503 @LEG012 在职
12:55:31.503 @LEG013 LED车间
12:55:31.504 @LEG014 0
12:55:31.504 @LEG015 9
12:55:31.504 @LEG016 0
12:55:51.630 @ANT001 F20190108001
12:55:51.630 @ANT002 0507
12:55:51.630 @ANT003 总装车间
12:55:51.631 @ANT004 050709
12:55:51.631 @ANT005 附件组
12:55:51.631 @ANT008 2019/1/8 0:00:00
12:55:51.631 @ANT009 0
12:55:51.632 @ANT010 0
12:55:51.632 @ANT011 计时
12:55:51.632 @ANT012 
12:55:51.632 @ANT013 系统管理员
12:55:51.633 @ANT014 2019/1/8 8:00:00
12:55:51.633 @ANT015 2019/1/8 17:00:00
12:55:51.636 @ANV001 F20190108001
12:55:51.637 @ANV002 10230
12:55:51.637 @ANV003 韩秀金
12:55:51.637 @ANV004 装配工
12:55:51.638 @ANV005 2019/1/8 8:00:00
12:55:51.638 @ANV006 2019/1/8 17:00:00
12:55:51.638 @ANV007 在职
12:55:51.638 @ANV008 附件组
12:55:51.639 @ANV009 9
12:55:51.639 @ANV010 0
12:55:51.639 @ANV011 
12:55:51.639 @ANV013 
12:55:51.640 @ANV014 
12:55:51.640 @ANV015 0
12:55:51.640 @ANV016 0
12:55:51.645 @ANV001 F20190108001
12:55:51.645 @ANV002 10231
12:55:51.645 @ANV003 黄春燕
12:55:51.646 @ANV004 装配工
12:55:51.646 @ANV005 2019/1/8 8:00:00
12:55:51.646 @ANV006 2019/1/8 17:00:00
12:55:51.646 @ANV007 在职
12:55:51.646 @ANV008 附件组
12:55:51.646 @ANV009 9
12:55:51.647 @ANV010 0
12:55:51.647 @ANV011 
12:55:51.647 @ANV013 
12:55:51.647 @ANV014 
12:55:51.647 @ANV015 0
12:55:51.647 @ANV016 0
12:55:51.650 @ANV001 F20190108001
12:55:51.650 @ANV002 10232
12:55:51.650 @ANV003 薛能珍
12:55:51.651 @ANV004 装配工
12:55:51.651 @ANV005 2019/1/8 8:00:00
12:55:51.651 @ANV006 2019/1/8 17:00:00
12:55:51.651 @ANV007 在职
12:55:51.651 @ANV008 附件组
12:55:51.651 @ANV009 9
12:55:51.652 @ANV010 0
12:55:51.652 @ANV011 
12:55:51.652 @ANV013 
12:55:51.652 @ANV014 
12:55:51.652 @ANV015 0
12:55:51.652 @ANV016 0
12:55:51.654 @ANV001 F20190108001
12:55:51.654 @ANV002 10233
12:55:51.654 @ANV003 何卫英
12:55:51.655 @ANV004 装配工
12:55:51.655 @ANV005 2019/1/8 8:00:00
12:55:51.655 @ANV006 2019/1/8 17:00:00
12:55:51.655 @ANV007 在职
12:55:51.655 @ANV008 附件组
12:55:51.656 @ANV009 9
12:55:51.656 @ANV010 0
12:55:51.656 @ANV011 
12:55:51.657 @ANV013 
12:55:51.657 @ANV014 
12:55:51.657 @ANV015 0
12:55:51.657 @ANV016 0
12:55:51.660 @ANV001 F20190108001
12:55:51.660 @ANV002 10235
12:55:51.660 @ANV003 李梦飞
12:55:51.660 @ANV004 装配工
12:55:51.661 @ANV005 2019/1/8 8:00:00
12:55:51.661 @ANV006 2019/1/8 17:00:00
12:55:51.661 @ANV007 在职
12:55:51.661 @ANV008 附件组
12:55:51.661 @ANV009 9
12:55:51.661 @ANV010 0
12:55:51.662 @ANV011 
12:55:51.662 @ANV013 
12:55:51.662 @ANV014 
12:55:51.662 @ANV015 0
12:55:51.662 @ANV016 0
12:56:08.876 @ANT001 F20190108001
12:56:08.877 @ANT002 0507
12:56:08.877 @ANT003 总装车间
12:56:08.877 @ANT004 050709
12:56:08.877 @ANT005 附件组
12:56:08.878 @ANT008 2019/1/8 0:00:00
12:56:08.878 @ANT009 0
12:56:08.878 @ANT010 0
12:56:08.878 @ANT011 计时
12:56:08.878 @ANT012 
12:56:08.879 @ANT013 系统管理员
12:56:08.879 @ANT014 2019/1/8 8:00:00
12:56:08.879 @ANT015 2019/1/8 17:00:00
12:56:08.890 @ANV001 F20190108001
12:56:08.890 @ANV002 10230
12:56:08.890 @ANV003 韩秀金
12:56:08.890 @ANV004 装配工
12:56:08.890 @ANV005 2019/1/8 8:00:00
12:56:08.891 @ANV006 2019/1/8 17:00:00
12:56:08.891 @ANV007 在职
12:56:08.891 @ANV008 附件组
12:56:08.891 @ANV009 9
12:56:08.891 @ANV010 0
12:56:08.891 @ANV011 
12:56:08.891 @ANV013 
12:56:08.891 @ANV014 
12:56:08.894 @ANV015 0
12:56:08.894 @ANV016 0
12:56:08.899 @ANV001 F20190108001
12:56:08.900 @ANV002 10231
12:56:08.900 @ANV003 黄春燕
12:56:08.900 @ANV004 装配工
12:56:08.900 @ANV005 2019/1/8 8:00:00
12:56:08.900 @ANV006 2019/1/8 17:00:00
12:56:08.900 @ANV007 在职
12:56:08.900 @ANV008 附件组
12:56:08.901 @ANV009 9
12:56:08.901 @ANV010 0
12:56:08.901 @ANV011 
12:56:08.901 @ANV013 
12:56:08.901 @ANV014 
12:56:08.901 @ANV015 0
12:56:08.901 @ANV016 0
12:56:08.905 @ANV001 F20190108001
12:56:08.905 @ANV002 10232
12:56:08.905 @ANV003 薛能珍
12:56:08.905 @ANV004 装配工
12:56:08.905 @ANV005 2019/1/8 8:00:00
12:56:08.905 @ANV006 2019/1/8 17:00:00
12:56:08.906 @ANV007 在职
12:56:08.906 @ANV008 附件组
12:56:08.906 @ANV009 9
12:56:08.906 @ANV010 0
12:56:08.906 @ANV011 
12:56:08.906 @ANV013 
12:56:08.906 @ANV014 
12:56:08.906 @ANV015 0
12:56:08.906 @ANV016 0
12:56:08.911 @ANV001 F20190108001
12:56:08.911 @ANV002 10233
12:56:08.911 @ANV003 何卫英
12:56:08.912 @ANV004 装配工
12:56:08.912 @ANV005 2019/1/8 8:00:00
12:56:08.912 @ANV006 2019/1/8 17:00:00
12:56:08.912 @ANV007 在职
12:56:08.912 @ANV008 附件组
12:56:08.912 @ANV009 9
12:56:08.913 @ANV010 0
12:56:08.913 @ANV011 
12:56:08.913 @ANV013 
12:56:08.913 @ANV014 
12:56:08.913 @ANV015 0
12:56:08.913 @ANV016 0
12:56:08.916 @ANV001 F20190108001
12:56:08.917 @ANV002 10235
12:56:08.917 @ANV003 李梦飞
12:56:08.917 @ANV004 装配工
12:56:08.917 @ANV005 2019/1/8 8:00:00
12:56:08.917 @ANV006 2019/1/8 17:00:00
12:56:08.917 @ANV007 在职
12:56:08.917 @ANV008 附件组
12:56:08.917 @ANV009 9
12:56:08.918 @ANV010 0
12:56:08.918 @ANV011 
12:56:08.918 @ANV013 
12:56:08.918 @ANV014 
12:56:08.918 @ANV015 0
12:56:08.918 @ANV016 0
12:58:08.631 @EMP002 系统管理员
12:58:08.631 @EMP033 9af7f2b45fff5ca168dd7081681fadd
13:02:15.041 @EMP002 系统管理员
13:02:15.042 @EMP033 9af7f2b45fff5ca168dd7081681fadd
13:13:11.384 @EMP002 系统管理员
13:13:11.385 @EMP033 b04dc6589387c6bdf42c5087a99949c
13:13:15.083 @EMP002 系统管理员
13:13:15.083 @EMP033 9af7f2b45fff5ca168dd7081681fadd
13:23:29.812 @EMP002 系统管理员
13:23:29.813 @EMP033 9af7f2b45fff5ca168dd7081681fadd
13:26:18.659 @EMP002 系统管理员
13:26:18.660 @EMP033 9af7f2b45fff5ca168dd7081681fadd
13:37:43.519 @EMP002 系统管理员
13:37:43.520 @EMP033 9af7f2b45fff5ca168dd7081681fadd
13:57:38.151 @EMP002 系统管理员
13:57:38.153 @EMP033 9af7f2b45fff5ca168dd7081681fadd
14:00:08.450 @EMP002 系统管理员
14:00:08.451 @EMP033 9af7f2b45fff5ca168dd7081681fadd
14:01:11.795 @EMP002 系统管理员
14:01:11.797 @EMP033 9af7f2b45fff5ca168dd7081681fadd
14:03:56.586 @EMP002 系统管理员
14:03:56.587 @EMP033 9af7f2b45fff5ca168dd7081681fadd
14:05:04.935 @EMP002 系统管理员
14:05:04.936 @EMP033 9af7f2b45fff5ca168dd7081681fadd
14:09:48.503 @EMP002 系统管理员
14:09:48.504 @EMP033 9af7f2b45fff5ca168dd7081681fadd
14:11:18.624 @IJA001 S20190107011
14:11:18.625 @IJA010 False
14:11:36.165 @IJA001 S20190105003
14:11:36.165 @IJA010 False
14:28:21.765 @EMP002 系统管理员
14:28:21.766 @EMP033 9af7f2b45fff5ca168dd7081681fadd
14:29:11.989 @IJA001 S20190104001
14:29:11.990 @IJA010 False
14:30:07.808 @IJA001 S20190104002
14:30:07.808 @IJA010 False
14:30:11.135 @IJA002 计时
14:30:11.135 @IJA003 0502
14:30:11.136 @IJA004 注塑车间
14:30:11.136 @IJA005 0502
14:30:11.137 @IJA006 注塑车间
14:30:11.137 @IJA007 2019/1/4 0:00:00
14:30:11.137 @IJA008 
14:30:11.137 @IJA009 
14:30:11.138 @IJA010 False
14:30:11.138 @IJA011 False
14:30:11.138 @IJA001 S20190104002
14:30:11.138 @IJA012 0
14:30:11.139 @IJA013 0
14:30:11.139 @IJA015 2019/1/3 20:00:00
14:30:11.139 @IJA016 2019/1/4 8:00:00
14:30:11.139 @IJA017 晚班
14:30:11.147 @IJC003 201101160
14:30:11.147 @IJC004 D200灯头保护套
14:30:11.147 @IJC005 
14:30:11.148 @IJC006 PCS
14:30:11.148 @IJC007 0.000000
14:30:11.148 @IJC008 25000
14:30:11.148 @IJC009 0.000000
14:30:11.148 @IJC010 3800
14:30:11.148 @IJC011 
14:30:11.148 @idx 1
14:30:11.149 @IJC002 GD201901020034
14:30:11.149 @IJC012 
14:30:11.154 @IJC003 201101181
14:30:11.155 @IJC004 F63-S驱动盖板
14:30:11.155 @IJC005 白色
14:30:11.155 @IJC006 PCS
14:30:11.155 @IJC007 0.000000
14:30:11.155 @IJC008 4500
14:30:11.156 @IJC009 0.000000
14:30:11.156 @IJC010 478
14:30:11.156 @IJC011 
14:30:11.156 @idx 2
14:30:11.156 @IJC002 GD201901020060
14:30:11.156 @IJC012 
14:30:11.158 @IJC003 201031117
14:30:11.158 @IJC004 F130灯光板
14:30:11.159 @IJC005 
14:30:11.159 @IJC006 PCS
14:30:11.159 @IJC007 0.000000
14:30:11.159 @IJC008 700
14:30:11.159 @IJC009 0.000000
14:30:11.160 @IJC010 360
14:30:11.160 @IJC011 
14:30:11.160 @idx 3
14:30:11.160 @IJC002 GD201901020093
14:30:11.160 @IJC012 
14:30:11.162 @IJC003 201091124
14:30:11.162 @IJC004 15款纯平风轮PP料
14:30:11.162 @IJC005 PP料
14:30:11.163 @IJC006 PCS
14:30:11.163 @IJC007 0.120000
14:30:11.163 @IJC008 3366
14:30:11.163 @IJC009 0.120000
14:30:11.163 @IJC010 1188
14:30:11.164 @IJC011 
14:30:11.164 @idx 5
14:30:11.164 @IJC002 GD201901040058
14:30:11.164 @IJC012 
14:30:11.166 @IJC003 201101169
14:30:11.166 @IJC004 F66接线盖
14:30:11.166 @IJC005 白色/OPPLE
14:30:11.166 @IJC006 PCS
14:30:11.166 @IJC007 0.000000
14:30:11.167 @IJC008 3420
14:30:11.167 @IJC009 0.000000
14:30:11.167 @IJC010 1800
14:30:11.167 @IJC011 
14:30:11.167 @idx 4
14:30:11.167 @IJC002 GD201901040059
14:30:11.168 @IJC012 
14:30:11.169 @idx 3
14:30:11.169 @IJD003 雷华莲
14:30:11.169 @IJD004 注塑工
14:30:11.170 @IJD005 
14:30:11.170 @IJD006 2019/1/3 8:00:00
14:30:11.170 @IJD007 2019/1/3 20:00:00
14:30:11.170 @IJD008 14.000000
14:30:11.170 @IJD009 
14:30:11.171 @IJD010 在职
14:30:11.171 @IJD011 注塑车间
14:30:11.171 @IJD012 12
14:30:11.171 @IJD013 168.0
14:30:11.172 @IJD002 10090
14:30:11.176 @idx 2
14:30:11.176 @IJD003 梁永松
14:30:11.176 @IJD004 注塑工
14:30:11.176 @IJD005 
14:30:11.177 @IJD006 2019/1/3 8:00:00
14:30:11.177 @IJD007 2019/1/3 20:00:00
14:30:11.177 @IJD008 13.000000
14:30:11.177 @IJD009 
14:30:11.177 @IJD010 在职
14:30:11.177 @IJD011 注塑车间
14:30:11.177 @IJD012 12
14:30:11.177 @IJD013 156.0
14:30:11.178 @IJD002 10095
14:30:11.179 @idx 1
14:30:11.179 @IJD003 吴绍洪
14:30:11.180 @IJD004 注塑工
14:30:11.180 @IJD005 
14:30:11.180 @IJD006 2019/1/3 8:00:00
14:30:11.180 @IJD007 2019/1/3 20:00:00
14:30:11.180 @IJD008 14.000000
14:30:11.180 @IJD009 
14:30:11.180 @IJD010 在职
14:30:11.180 @IJD011 注塑车间
14:30:11.181 @IJD012 12
14:30:11.181 @IJD013 168.0
14:30:11.181 @IJD002 10110
14:30:11.182 @idx 4
14:30:11.183 @IJD003 代碧荣
14:30:11.183 @IJD004 注塑工
14:30:11.183 @IJD005 
14:30:11.183 @IJD006 2019/1/3 8:00:00
14:30:11.183 @IJD007 2019/1/3 20:00:00
14:30:11.184 @IJD008 14.000000
14:30:11.184 @IJD009 
14:30:11.184 @IJD010 在职
14:30:11.184 @IJD011 注塑车间
14:30:11.184 @IJD012 12
14:30:11.185 @IJD013 168.0
14:30:11.185 @IJD002 10111
14:39:16.261 @EMP002 系统管理员
14:39:16.261 @EMP033 9af7f2b45fff5ca168dd7081681fadd
14:53:18.205 @EMP002 系统管理员
14:53:18.206 @EMP033 9af7f2b45fff5ca168dd7081681fadd
14:57:41.226 @EMP002 系统管理员
14:57:41.227 @EMP033 9af7f2b45fff5ca168dd7081681fadd
15:00:16.357 @EMP002 系统管理员
15:00:16.358 @EMP033 9af7f2b45fff5ca168dd7081681fadd
15:03:38.746 @EMP002 系统管理员
15:03:38.747 @EMP033 9af7f2b45fff5ca168dd7081681fadd
15:07:57.615 @EMP002 系统管理员
15:07:57.616 @EMP033 9af7f2b45fff5ca168dd7081681fadd
15:17:27.389 @EMP002 系统管理员
15:17:27.393 @EMP033 9af7f2b45fff5ca168dd7081681fadd
16:02:57.456 @EMP002 系统管理员
16:02:57.457 @EMP033 9af7f2b45fff5ca168dd7081681fadd
16:04:33.668 @EMP002 系统管理员
16:04:33.669 @EMP033 9af7f2b45fff5ca168dd7081681fadd
16:07:51.624 @EMP002 系统管理员
16:07:51.625 @EMP033 9af7f2b45fff5ca168dd7081681fadd
16:29:49.250 @EMP002 系统管理员
16:29:49.251 @EMP033 9af7f2b45fff5ca168dd7081681fadd
16:30:56.728 @EMP002 系统管理员
16:30:56.734 @EMP033 9af7f2b45fff5ca168dd7081681fadd
16:32:16.521 @EMP002 系统管理员
16:32:16.522 @EMP033 9af7f2b45fff5ca168dd7081681fadd
