10:00:58.415 @EMP002 系统管理员
10:00:58.416 @EMP033 9af7f2b45fff5ca168dd7081681fadd
10:18:06.554 @EMP002 系统管理员
10:18:06.554 @EMP033 9af7f2b45fff5ca168dd7081681fadd
10:19:10.489 @ANW001 Z20190110001
10:19:10.489 @ANW010 0507
10:19:10.490 @ANW011 总装车间
10:19:10.490 @ANW012 050701
10:19:10.490 @ANW013 1线
10:19:10.490 @ANW014 计件
10:19:10.490 @ANW015 2019/1/10 8:00:00
10:19:10.491 @ANW016 2019/1/10 17:00:00
10:19:10.491 @ANW017 
10:19:10.491 @ANW018 
10:19:10.491 @ANW019 
10:19:10.491 @ANW020 False
10:19:10.491 @ANW021 False
10:19:10.491 @ANW022 2019/1/10 0:00:00
10:19:10.491 @ANW023 0
10:19:10.492 @ANW024 0
10:19:10.492 @ANW025 系统管理员
10:19:10.492 @ANW026 10
10:19:10.492 @ANW027 0.3
10:19:10.515 @ANX001 Z20190110001
10:19:10.515 @ANX002 10116
10:19:10.515 @ANX003 刘兴贵
10:19:10.515 @ANX004 装配工
10:19:10.515 @ANX005 2019/1/10 8:00:00
10:19:10.515 @ANX006 2019/1/10 17:00:00
10:19:10.516 @ANX007 
10:19:10.516 @ANX008 
10:19:10.516 @ANX009 0
10:19:10.516 @ANX010 0
10:19:10.516 @ANX011 在职
10:19:10.516 @ANX012 
10:19:10.516 @ANX013 
10:19:10.516 @ANX014 1线
10:19:10.518 @ANX015 9
10:19:10.518 @ANX016 0
10:19:10.518 @ANX017 117.29
10:19:10.522 @ANX001 Z20190110001
10:19:10.523 @ANX002 10117
10:19:10.523 @ANX003 赵成鹏
10:19:10.523 @ANX004 装配工
10:19:10.523 @ANX005 2019/1/10 8:00:00
10:19:10.523 @ANX006 2019/1/10 17:00:00
10:19:10.523 @ANX007 
10:19:10.523 @ANX008 
10:19:10.524 @ANX009 0
10:19:10.524 @ANX010 0
10:19:10.524 @ANX011 在职
10:19:10.524 @ANX012 
10:19:10.524 @ANX013 
10:19:10.525 @ANX014 1线
10:19:10.526 @ANX015 9
10:19:10.526 @ANX016 0
10:19:10.526 @ANX017 117.29
10:19:10.528 @ANX001 Z20190110001
10:19:10.528 @ANX002 10118
10:19:10.528 @ANX003 何万华
10:19:10.529 @ANX004 装配工
10:19:10.529 @ANX005 2019/1/10 8:00:00
10:19:10.529 @ANX006 2019/1/10 17:00:00
10:19:10.529 @ANX007 
10:19:10.529 @ANX008 
10:19:10.530 @ANX009 0
10:19:10.530 @ANX010 0
10:19:10.530 @ANX011 在职
10:19:10.530 @ANX012 
10:19:10.530 @ANX013 
10:19:10.531 @ANX014 1线
10:19:10.531 @ANX015 9
10:19:10.531 @ANX016 0
10:19:10.531 @ANX017 117.29
10:19:10.533 @ANX001 Z20190110001
10:19:10.533 @ANX002 10120
10:19:10.533 @ANX003 马小千
10:19:10.534 @ANX004 检测
10:19:10.534 @ANX005 2019/1/10 8:00:00
10:19:10.534 @ANX006 2019/1/10 17:00:00
10:19:10.534 @ANX007 
10:19:10.535 @ANX008 
10:19:10.535 @ANX009 0
10:19:10.535 @ANX010 0
10:19:10.535 @ANX011 在职
10:19:10.535 @ANX012 
10:19:10.535 @ANX013 检测
10:19:10.536 @ANX014 1线
10:19:10.536 @ANX015 9
10:19:10.536 @ANX016 0
10:19:10.536 @ANX017 117.29
10:19:10.537 @ANX001 Z20190110001
10:19:10.538 @ANX002 10121
10:19:10.538 @ANX003 周顺
10:19:10.538 @ANX004 装配工
10:19:10.538 @ANX005 2019/1/10 8:00:00
10:19:10.538 @ANX006 2019/1/10 17:00:00
10:19:10.539 @ANX007 
10:19:10.539 @ANX008 
10:19:10.539 @ANX009 0
10:19:10.539 @ANX010 0
10:19:10.539 @ANX011 在职
10:19:10.540 @ANX012 
10:19:10.540 @ANX013 
10:19:10.540 @ANX014 1线
10:19:10.540 @ANX015 9
10:19:10.540 @ANX016 0
10:19:10.541 @ANX017 117.29
10:19:10.543 @ANX001 Z20190110001
10:19:10.543 @ANX002 10122
10:19:10.544 @ANX003 郭昭芬
10:19:10.544 @ANX004 装配工
10:19:10.544 @ANX005 2019/1/10 8:00:00
10:19:10.544 @ANX006 2019/1/10 17:00:00
10:19:10.544 @ANX007 
10:19:10.545 @ANX008 
10:19:10.545 @ANX009 0
10:19:10.545 @ANX010 0
10:19:10.545 @ANX011 在职
10:19:10.546 @ANX012 
10:19:10.546 @ANX013 
10:19:10.546 @ANX014 1线
10:19:10.546 @ANX015 9
10:19:10.546 @ANX016 0
10:19:10.547 @ANX017 117.29
10:19:10.548 @ANX001 Z20190110001
10:19:10.548 @ANX002 10123
10:19:10.548 @ANX003 吴张英
10:19:10.549 @ANX004 装配工
10:19:10.549 @ANX005 2019/1/10 8:00:00
10:19:10.549 @ANX006 2019/1/10 17:00:00
10:19:10.549 @ANX007 
10:19:10.549 @ANX008 
10:19:10.550 @ANX009 0
10:19:10.550 @ANX010 0
10:19:10.550 @ANX011 在职
10:19:10.550 @ANX012 
10:19:10.550 @ANX013 
10:19:10.551 @ANX014 1线
10:19:10.551 @ANX015 9
10:19:10.551 @ANX016 0
10:19:10.551 @ANX017 117.29
10:19:10.552 @ANX001 Z20190110001
10:19:10.553 @ANX002 10124
10:19:10.553 @ANX003 熊洪才
10:19:10.553 @ANX004 装配工
10:19:10.553 @ANX005 2019/1/10 8:00:00
10:19:10.553 @ANX006 2019/1/10 17:00:00
10:19:10.553 @ANX007 
10:19:10.554 @ANX008 
10:19:10.554 @ANX009 0
10:19:10.554 @ANX010 0
10:19:10.554 @ANX011 在职
10:19:10.554 @ANX012 
10:19:10.555 @ANX013 
10:19:10.555 @ANX014 1线
10:19:10.556 @ANX015 9
10:19:10.556 @ANX016 0
10:19:10.556 @ANX017 117.29
10:19:10.558 @ANX001 Z20190110001
10:19:10.558 @ANX002 10125
10:19:10.558 @ANX003 代开容
10:19:10.558 @ANX004 装配工
10:19:10.559 @ANX005 2019/1/10 8:00:00
10:19:10.559 @ANX006 2019/1/10 17:00:00
10:19:10.559 @ANX007 
10:19:10.559 @ANX008 
10:19:10.559 @ANX009 0
10:19:10.559 @ANX010 0
10:19:10.560 @ANX011 在职
10:19:10.560 @ANX012 
10:19:10.560 @ANX013 
10:19:10.560 @ANX014 1线
10:19:10.560 @ANX015 9
10:19:10.561 @ANX016 0
10:19:10.561 @ANX017 117.29
10:19:10.562 @ANX001 Z20190110001
10:19:10.562 @ANX002 10126
10:19:10.563 @ANX003 朱正高
10:19:10.563 @ANX004 装配工
10:19:10.563 @ANX005 2019/1/10 8:00:00
10:19:10.563 @ANX006 2019/1/10 17:00:00
10:19:10.563 @ANX007 
10:19:10.564 @ANX008 
10:19:10.564 @ANX009 0
10:19:10.564 @ANX010 0
10:19:10.564 @ANX011 在职
10:19:10.565 @ANX012 
10:19:10.565 @ANX013 
10:19:10.565 @ANX014 1线
10:19:10.565 @ANX015 9
10:19:10.565 @ANX016 0
10:19:10.566 @ANX017 117.29
10:19:10.567 @ANX001 Z20190110001
10:19:10.567 @ANX002 10127
10:19:10.567 @ANX003 卿廷群
10:19:10.568 @ANX004 装配工
10:19:10.568 @ANX005 2019/1/10 8:00:00
10:19:10.568 @ANX006 2019/1/10 17:00:00
10:19:10.568 @ANX007 
10:19:10.568 @ANX008 
10:19:10.569 @ANX009 0
10:19:10.569 @ANX010 0
10:19:10.569 @ANX011 在职
10:19:10.569 @ANX012 
10:19:10.569 @ANX013 
10:19:10.570 @ANX014 1线
10:19:10.570 @ANX015 9
10:19:10.570 @ANX016 0
10:19:10.570 @ANX017 117.29
10:19:10.572 @ANX001 Z20190110001
10:19:10.572 @ANX002 10128
10:19:10.573 @ANX003 陈万珍
10:19:10.573 @ANX004 装配工
10:19:10.573 @ANX005 2019/1/10 8:00:00
10:19:10.573 @ANX006 2019/1/10 17:00:00
10:19:10.573 @ANX007 
10:19:10.574 @ANX008 
10:19:10.574 @ANX009 0
10:19:10.574 @ANX010 0
10:19:10.574 @ANX011 在职
10:19:10.574 @ANX012 
10:19:10.575 @ANX013 
10:19:10.575 @ANX014 1线
10:19:10.575 @ANX015 9
10:19:10.575 @ANX016 0
10:19:10.575 @ANX017 117.29
10:19:10.577 @ANX001 Z20190110001
10:19:10.577 @ANX002 10129
10:19:10.577 @ANX003 李义承
10:19:10.578 @ANX004 装配工
10:19:10.578 @ANX005 2019/1/10 8:00:00
10:19:10.578 @ANX006 2019/1/10 17:00:00
10:19:10.578 @ANX007 
10:19:10.578 @ANX008 
10:19:10.578 @ANX009 0
10:19:10.578 @ANX010 0
10:19:10.579 @ANX011 在职
10:19:10.579 @ANX012 
10:19:10.579 @ANX013 
10:19:10.579 @ANX014 1线
10:19:10.579 @ANX015 9
10:19:10.580 @ANX016 0
10:19:10.580 @ANX017 117.29
10:19:10.581 @ANX001 Z20190110001
10:19:10.581 @ANX002 10130
10:19:10.581 @ANX003 张义兵
10:19:10.582 @ANX004 装配工
10:19:10.582 @ANX005 2019/1/10 8:00:00
10:19:10.582 @ANX006 2019/1/10 17:00:00
10:19:10.582 @ANX007 
10:19:10.582 @ANX008 
10:19:10.583 @ANX009 0
10:19:10.583 @ANX010 0
10:19:10.583 @ANX011 在职
10:19:10.583 @ANX012 
10:19:10.583 @ANX013 
10:19:10.584 @ANX014 1线
10:19:10.584 @ANX015 9
10:19:10.584 @ANX016 0
10:19:10.584 @ANX017 117.29
10:19:10.588 @ANX001 Z20190110001
10:19:10.588 @ANX002 10131
10:19:10.589 @ANX003 李琴琴
10:19:10.589 @ANX004 装配工
10:19:10.589 @ANX005 2019/1/10 8:00:00
10:19:10.589 @ANX006 2019/1/10 17:00:00
10:19:10.589 @ANX007 
10:19:10.589 @ANX008 
10:19:10.590 @ANX009 0
10:19:10.590 @ANX010 0
10:19:10.590 @ANX011 在职
10:19:10.591 @ANX012 
10:19:10.591 @ANX013 
10:19:10.591 @ANX014 1线
10:19:10.591 @ANX015 9
10:19:10.592 @ANX016 0
10:19:10.592 @ANX017 117.29
10:19:10.593 @ANX001 Z20190110001
10:19:10.593 @ANX002 10133
10:19:10.594 @ANX003 李二先
10:19:10.594 @ANX004 装配工
10:19:10.594 @ANX005 2019/1/10 8:00:00
10:19:10.594 @ANX006 2019/1/10 17:00:00
10:19:10.594 @ANX007 
10:19:10.595 @ANX008 
10:19:10.595 @ANX009 0
10:19:10.595 @ANX010 0
10:19:10.595 @ANX011 在职
10:19:10.595 @ANX012 
10:19:10.596 @ANX013 
10:19:10.596 @ANX014 1线
10:19:10.596 @ANX015 9
10:19:10.596 @ANX016 0
10:19:10.596 @ANX017 117.29
10:19:10.598 @ANX001 Z20190110001
10:19:10.598 @ANX002 10134
10:19:10.598 @ANX003 邹永操
10:19:10.598 @ANX004 装配工
10:19:10.598 @ANX005 2019/1/10 8:00:00
10:19:10.599 @ANX006 2019/1/10 17:00:00
10:19:10.599 @ANX007 
10:19:10.599 @ANX008 
10:19:10.599 @ANX009 0
10:19:10.599 @ANX010 0
10:19:10.599 @ANX011 在职
10:19:10.599 @ANX012 
10:19:10.599 @ANX013 
10:19:10.599 @ANX014 1线
10:19:10.600 @ANX015 9
10:19:10.600 @ANX016 0
10:19:10.600 @ANX017 117.29
10:19:10.602 @ANX001 Z20190110001
10:19:10.602 @ANX002 10135
10:19:10.602 @ANX003 陈广春
10:19:10.602 @ANX004 装配工
10:19:10.602 @ANX005 2019/1/10 8:00:00
10:19:10.602 @ANX006 2019/1/10 17:00:00
10:19:10.602 @ANX007 
10:19:10.603 @ANX008 
10:19:10.603 @ANX009 0
10:19:10.603 @ANX010 0
10:19:10.603 @ANX011 在职
10:19:10.603 @ANX012 
10:19:10.603 @ANX013 
10:19:10.603 @ANX014 1线
10:19:10.603 @ANX015 9
10:19:10.603 @ANX016 0
10:19:10.604 @ANX017 117.29
10:19:10.605 @ANX001 Z20190110001
10:19:10.606 @ANX002 10136
10:19:10.606 @ANX003 李敏
10:19:10.606 @ANX004 装配工
10:19:10.606 @ANX005 2019/1/10 8:00:00
10:19:10.606 @ANX006 2019/1/10 17:00:00
10:19:10.606 @ANX007 
10:19:10.607 @ANX008 
10:19:10.607 @ANX009 0
10:19:10.607 @ANX010 0
10:19:10.607 @ANX011 在职
10:19:10.607 @ANX012 
10:19:10.607 @ANX013 
10:19:10.608 @ANX014 1线
10:19:10.608 @ANX015 9
10:19:10.608 @ANX016 0
10:19:10.609 @ANX017 117.29
10:19:10.610 @ANX001 Z20190110001
10:19:10.611 @ANX002 10137
10:19:10.611 @ANX003 占利
10:19:10.611 @ANX004 装配工
10:19:10.611 @ANX005 2019/1/10 8:00:00
10:19:10.611 @ANX006 2019/1/10 17:00:00
10:19:10.612 @ANX007 
10:19:10.612 @ANX008 
10:19:10.612 @ANX009 0
10:19:10.612 @ANX010 0
10:19:10.612 @ANX011 在职
10:19:10.612 @ANX012 
10:19:10.613 @ANX013 
10:19:10.613 @ANX014 1线
10:19:10.613 @ANX015 9
10:19:10.614 @ANX016 0
10:19:10.614 @ANX017 117.29
10:19:10.615 @ANX001 Z20190110001
10:19:10.616 @ANX002 10138
10:19:10.616 @ANX003 王绍琴
10:19:10.616 @ANX004 装配工
10:19:10.616 @ANX005 2019/1/10 8:00:00
10:19:10.616 @ANX006 2019/1/10 17:00:00
10:19:10.617 @ANX007 
10:19:10.617 @ANX008 
10:19:10.617 @ANX009 0
10:19:10.617 @ANX010 0
10:19:10.617 @ANX011 在职
10:19:10.618 @ANX012 
10:19:10.618 @ANX013 
10:19:10.618 @ANX014 1线
10:19:10.618 @ANX015 9
10:19:10.619 @ANX016 0
10:19:10.619 @ANX017 117.29
10:19:10.620 @ANX001 Z20190110001
10:19:10.621 @ANX002 10139
10:19:10.621 @ANX003 唐录云
10:19:10.621 @ANX004 装配工
10:19:10.621 @ANX005 2019/1/10 8:00:00
10:19:10.621 @ANX006 2019/1/10 17:00:00
10:19:10.622 @ANX007 
10:19:10.622 @ANX008 
10:19:10.622 @ANX009 0
10:19:10.622 @ANX010 0
10:19:10.623 @ANX011 在职
10:19:10.623 @ANX012 
10:19:10.623 @ANX013 
10:19:10.623 @ANX014 1线
10:19:10.624 @ANX015 9
10:19:10.624 @ANX016 0
10:19:10.624 @ANX017 117.29
10:19:10.625 @ANX001 Z20190110001
10:19:10.625 @ANX002 10140
10:19:10.626 @ANX003 田锋
10:19:10.626 @ANX004 装配工
10:19:10.626 @ANX005 2019/1/10 8:00:00
10:19:10.626 @ANX006 2019/1/10 17:00:00
10:19:10.626 @ANX007 
10:19:10.627 @ANX008 
10:19:10.627 @ANX009 0
10:19:10.627 @ANX010 0
10:19:10.627 @ANX011 在职
10:19:10.627 @ANX012 
10:19:10.627 @ANX013 
10:19:10.628 @ANX014 1线
10:19:10.628 @ANX015 9
10:19:10.629 @ANX016 0
10:19:10.629 @ANX017 117.29
10:19:10.631 @ANX001 Z20190110001
10:19:10.632 @ANX002 10141
10:19:10.632 @ANX003 付志林
10:19:10.632 @ANX004 装配工
10:19:10.632 @ANX005 2019/1/10 8:00:00
10:19:10.632 @ANX006 2019/1/10 17:00:00
10:19:10.632 @ANX007 
10:19:10.633 @ANX008 
10:19:10.633 @ANX009 0
10:19:10.633 @ANX010 0
10:19:10.633 @ANX011 在职
10:19:10.634 @ANX012 
10:19:10.634 @ANX013 
10:19:10.634 @ANX014 1线
10:19:10.634 @ANX015 9
10:19:10.634 @ANX016 0
10:19:10.634 @ANX017 117.29
10:19:10.636 @ANN001 Z20190110001
10:19:10.636 @ANN002 GD201901020001
10:19:10.637 @ANN003 D200
10:19:10.637 @ANN004 D200-吉祥小宝
10:19:10.637 @ANN005 
10:19:10.637 @ANN006 台
10:19:10.637 @ANN007 5500
10:19:10.637 @ANN008 2.2
10:19:10.639 @ANN009 500
10:19:10.639 @ANN010 
10:19:10.645 @ANN001 Z20190110001
10:19:10.645 @ANN002 GD201901020008
10:19:10.646 @ANN003 JDSF113
10:19:10.646 @ANN004 JDSF113-玉树临风-300*600数显风暖四合一
10:19:10.646 @ANN005 
10:19:10.646 @ANN006 台
10:19:10.647 @ANN007 10654
10:19:10.647 @ANN008 5
10:19:10.647 @ANN009 204
10:19:10.647 @ANN010 
10:19:10.650 @ANN001 Z20190110001
10:19:10.651 @ANN002 GD201901020025
10:19:10.651 @ANN003 JYLF66G-S
10:19:10.651 @ANN004 JYLF66G-S-PTC+LED+换气+吹风+数显+土豪金3060
10:19:10.651 @ANN005 2480W
10:19:10.651 @ANN006 台
10:19:10.652 @ANN007 1200
10:19:10.652 @ANN008 4.2
10:19:10.652 @ANN009 200
10:19:10.652 @ANN010 
10:20:42.382 @EMP002 系统管理员
10:20:42.383 @EMP033 9af7f2b45fff5ca168dd7081681fadd
10:23:08.129 @EMP002 系统管理员
10:23:08.129 @EMP033 9af7f2b45fff5ca168dd7081681fadd
10:27:24.165 @EMP002 系统管理员
10:27:24.166 @EMP033 9af7f2b45fff5ca168dd7081681fadd
10:58:03.874 @EMP002 系统管理员
10:58:03.875 @EMP033 9af7f2b45fff5ca168dd7081681fadd
11:06:20.634 @EMP002 系统管理员
11:06:20.635 @EMP033 9af7f2b45fff5ca168dd7081681fadd
11:07:03.270 @ANT002 0507
11:07:03.270 @ANT003 总装车间
11:07:03.270 @ANT004 050709
11:07:03.271 @ANT005 附件组
11:07:03.271 @ANT006 False
11:07:03.271 @ANT007 False
11:07:03.271 @ANT001 F20190107001
11:07:03.271 @ANT009 0.5
11:07:03.271 @ANT010 0
11:07:03.271 @ANT011 计件
11:07:03.271 @ANT012 
11:07:03.271 @ANT014 2019/1/3 8:00:00
11:07:03.272 @ANT015 2019/1/3 17:00:00
11:07:03.272 @ANT016 10
11:07:03.272 @ANT017 3
11:07:03.295 @ANU003 GD201901020019
11:07:03.295 @ANU004 JSYF3601-XM
11:07:03.295 @ANU005 JSYF3601-XM-PTC+LED+换气
11:07:03.295 @ANU006 附件加工
11:07:03.295 @ANU007 0.13
11:07:03.296 @ANU008 050701
11:07:03.296 @ANU009 1线
11:07:03.296 @ANU010 600
11:07:03.296 @idx 12
11:07:03.297 @ANU002 Z20190103001
11:07:03.297 @ANU011 600
11:07:03.297 @ANU012 
11:07:03.302 @ANU003 GD201901020012
11:07:03.303 @ANU004 JDSF116-B
11:07:03.303 @ANU005 JDSF116-B玉树临风-300*600智控数显四合一
11:07:03.303 @ANU006 附件加工
11:07:03.303 @ANU007 0.3
11:07:03.304 @ANU008 050702
11:07:03.304 @ANU009 2线
11:07:03.304 @ANU010 500
11:07:03.304 @idx 13
11:07:03.304 @ANU002 Z20190103002
11:07:03.304 @ANU011 500
11:07:03.305 @ANU012 
11:07:03.309 @ANU003 GD201901020017
11:07:03.309 @ANU004 JDSF139-S-2
11:07:03.310 @ANU005 JDSF139-S-2-玉树临风-300*600触屏数显四合一
11:07:03.310 @ANU006 附件加工
11:07:03.310 @ANU007 0.2
11:07:03.310 @ANU008 050701
11:07:03.310 @ANU009 1线
11:07:03.310 @ANU010 280
11:07:03.311 @idx 17
11:07:03.311 @ANU002 Z20190103004
11:07:03.311 @ANU011 280
11:07:03.311 @ANU012 
11:07:03.312 @ANU003 GD201901020013
11:07:03.313 @ANU004 JDSF130
11:07:03.313 @ANU005 JDSF130-玉风临风-60*30风暖三合一
11:07:03.313 @ANU006 附件加工
11:07:03.313 @ANU007 0.23
11:07:03.316 @ANU008 050704
11:07:03.316 @ANU009 4线
11:07:03.316 @ANU010 300
11:07:03.316 @idx 14
11:07:03.317 @ANU002 Z20190103005
11:07:03.317 @ANU011 300
11:07:03.317 @ANU012 
11:07:03.319 @ANU003 GD201901020016
11:07:03.319 @ANU004 JDSF139-E
11:07:03.319 @ANU005 JDSF139-E-玉树临风-300*600数显风暖四合一
11:07:03.320 @ANU006 附件加工
11:07:03.320 @ANU007 0.14
11:07:03.320 @ANU008 050704
11:07:03.320 @ANU009 4线
11:07:03.320 @ANU010 300
11:07:03.320 @idx 16
11:07:03.321 @ANU002 Z20190103006
11:07:03.321 @ANU011 300
11:07:03.321 @ANU012 
11:07:03.323 @ANU003 GD201901020032
11:07:03.323 @ANU004 TCLJD-DQFY02
11:07:03.323 @ANU005 TCL风暖+照明+换气+吹风+数显五合一
11:07:03.323 @ANU006 附件加工
11:07:03.323 @ANU007 0.3
11:07:03.324 @ANU008 050703
11:07:03.324 @ANU009 3线
11:07:03.324 @ANU010 500
11:07:03.324 @idx 15
11:07:03.324 @ANU002 Z20190103007
11:07:03.325 @ANU011 500
11:07:03.325 @ANU012 
11:07:03.326 @ANU003 GD201901020028
11:07:03.326 @ANU004 SH30302440GC
11:07:03.327 @ANU005 SH30302440GC三合一取暖器（300工程）
11:07:03.327 @ANU006 附件加工
11:07:03.327 @ANU007 0.24
11:07:03.327 @ANU008 050703
11:07:03.327 @ANU009 3线
11:07:03.327 @ANU010 100
11:07:03.328 @idx 18
11:07:03.328 @ANU002 Z20190103008
11:07:03.328 @ANU011 100
11:07:03.328 @ANU012 
11:07:03.330 @ANV003 韩秀金
11:07:03.331 @ANV004 装配工
11:07:03.331 @ANV005 
11:07:03.331 @ANV006 
11:07:03.331 @idx 26
11:07:03.332 @ANV002 10230
11:07:03.332 @ANV007 在职        
11:07:03.332 @ANV008 附件组
11:07:03.332 @ANV009 0
11:07:03.332 @ANV010 119.8
11:07:03.333 @ANV011 
11:07:03.333 @ANV013 2019/1/3 8:00:00
11:07:03.333 @ANV014 2019/1/3 17:00:00
11:07:03.333 @ANV015 8.5
11:07:03.333 @ANV016 0.000000
11:07:03.338 @ANV003 黄春燕
11:07:03.338 @ANV004 装配工
11:07:03.338 @ANV005 
11:07:03.338 @ANV006 
11:07:03.339 @idx 27
11:07:03.339 @ANV002 10231
11:07:03.339 @ANV007 在职        
11:07:03.339 @ANV008 附件组
11:07:03.339 @ANV009 0
11:07:03.339 @ANV010 119.8
11:07:03.340 @ANV011 
11:07:03.340 @ANV013 2019/1/3 8:00:00
11:07:03.340 @ANV014 2019/1/3 17:00:00
11:07:03.340 @ANV015 8.5
11:07:03.340 @ANV016 0.000000
11:07:03.342 @ANV003 薛能珍
11:07:03.342 @ANV004 装配工
11:07:03.342 @ANV005 
11:07:03.342 @ANV006 
11:07:03.343 @idx 28
11:07:03.343 @ANV002 10232
11:07:03.343 @ANV007 在职        
11:07:03.343 @ANV008 附件组
11:07:03.343 @ANV009 0
11:07:03.344 @ANV010 119.8
11:07:03.344 @ANV011 
11:07:03.344 @ANV013 2019/1/3 8:00:00
11:07:03.344 @ANV014 2019/1/3 17:00:00
11:07:03.345 @ANV015 8.5
11:07:03.345 @ANV016 0.000000
11:07:03.346 @ANV003 何卫英
11:07:03.346 @ANV004 装配工
11:07:03.347 @ANV005 
11:07:03.349 @ANV006 
11:07:03.349 @idx 29
11:07:03.350 @ANV002 10233
11:07:03.350 @ANV007 在职        
11:07:03.350 @ANV008 附件组
11:07:03.350 @ANV009 0
11:07:03.350 @ANV010 119.8
11:07:03.350 @ANV011 
11:07:03.351 @ANV013 2019/1/3 8:00:00
11:07:03.351 @ANV014 2019/1/3 17:00:00
11:07:03.351 @ANV015 8.5
11:07:03.351 @ANV016 0.000000
11:07:03.355 @ANV003 李梦飞
11:07:03.355 @ANV004 装配工
11:07:03.356 @ANV005 
11:07:03.356 @ANV006 
11:07:03.356 @idx 30
11:07:03.356 @ANV002 10235
11:07:03.356 @ANV007 在职        
11:07:03.357 @ANV008 附件组
11:07:03.357 @ANV009 0
11:07:03.357 @ANV010 119.8
11:07:03.357 @ANV011 
11:07:03.357 @ANV013 2019/1/3 8:00:00
11:07:03.357 @ANV014 2019/1/3 17:00:00
11:07:03.358 @ANV015 8.5
11:07:03.358 @ANV016 0.000000
13:04:24.126 @EMP002 系统管理员
13:04:24.127 @EMP033 9af7f2b45fff5ca168dd7081681fadd
15:09:07.060 @EMP002 系统管理员
15:09:07.060 @EMP033 9af7f2b45fff5ca168dd7081681fadd
15:35:32.781 @EMP002 系统管理员
15:35:32.781 @EMP033 9af7f2b45fff5ca168dd7081681fadd
15:37:37.036 @LEF001 L20190110001
15:37:37.036 @LEF009 0506
15:37:37.036 @LEF010 LED车间
15:37:37.036 @LEF011 0506
15:37:37.036 @LEF012 LED车间
15:37:37.036 @LEF013 2019/1/10 0:00:00
15:37:37.036 @LEF015 
15:37:37.036 @LEF016 
15:37:37.036 @LEF017 False
15:37:37.036 @LEF018 False
15:37:37.036 @LEF019 0
15:37:37.036 @LEF020 0
15:37:37.036 @LEF021 计件
15:37:37.036 @LEF022 系统管理员
15:37:37.036 @LEF023 2019/1/10 8:00:00
15:37:37.036 @LEF024 2019/1/10 17:00:00
15:37:37.036 @LEF025 0
15:37:37.036 @LEF026 10
15:37:37.036 @LEF027 12
15:37:37.046 @LEG001 L20190110001
15:37:37.046 @LEG002 10015
15:37:37.046 @LEG003 郭婧
15:37:37.046 @LEG004 装配工
15:37:37.046 @LEG005 2019/1/10 8:00:00
15:37:37.046 @LEG006 2019/1/10 17:00:00
15:37:37.046 @LEG007 0
15:37:37.046 @LEG008 
15:37:37.046 @LEG009 
15:37:37.046 @LEG010 0
15:37:37.046 @LEG011 
15:37:37.046 @LEG012 在职
15:37:37.046 @LEG013 LED车间
15:37:37.046 @LEG014 9
15:37:37.046 @LEG015 0
15:37:37.046 @LEG016 59.92
15:37:37.056 @LEG001 L20190110001
15:37:37.056 @LEG002 10016
15:37:37.056 @LEG003 龙兴连
15:37:37.056 @LEG004 装配工
15:37:37.056 @LEG005 2019/1/10 8:00:00
15:37:37.056 @LEG006 2019/1/10 17:00:00
15:37:37.056 @LEG007 0
15:37:37.056 @LEG008 
15:37:37.056 @LEG009 
15:37:37.056 @LEG010 0
15:37:37.056 @LEG011 
15:37:37.056 @LEG012 在职
15:37:37.056 @LEG013 LED车间
15:37:37.056 @LEG014 9
15:37:37.056 @LEG015 0
15:37:37.056 @LEG016 59.92
15:37:37.056 @LEG001 L20190110001
15:37:37.056 @LEG002 10017
15:37:37.056 @LEG003 聂付秋
15:37:37.056 @LEG004 装配工
15:37:37.056 @LEG005 2019/1/10 8:00:00
15:37:37.056 @LEG006 2019/1/10 17:00:00
15:37:37.056 @LEG007 0
15:37:37.056 @LEG008 
15:37:37.056 @LEG009 
15:37:37.056 @LEG010 0
15:37:37.056 @LEG011 
15:37:37.056 @LEG012 在职
15:37:37.056 @LEG013 LED车间
15:37:37.066 @LEG014 9
15:37:37.066 @LEG015 0
15:37:37.066 @LEG016 59.92
15:37:37.066 @LEG001 L20190110001
15:37:37.066 @LEG002 10018
15:37:37.066 @LEG003 薛能米
15:37:37.066 @LEG004 装配工
15:37:37.066 @LEG005 2019/1/10 8:00:00
15:37:37.066 @LEG006 2019/1/10 17:00:00
15:37:37.066 @LEG007 0
15:37:37.066 @LEG008 
15:37:37.066 @LEG009 
15:37:37.066 @LEG010 0
15:37:37.066 @LEG011 
15:37:37.066 @LEG012 在职
15:37:37.066 @LEG013 LED车间
15:37:37.066 @LEG014 9
15:37:37.066 @LEG015 0
15:37:37.066 @LEG016 59.92
15:37:37.066 @LEG001 L20190110001
15:37:37.066 @LEG002 10019
15:37:37.066 @LEG003 彭顺艳
15:37:37.066 @LEG004 装配工
15:37:37.066 @LEG005 2019/1/10 8:00:00
15:37:37.066 @LEG006 2019/1/10 17:00:00
15:37:37.066 @LEG007 0
15:37:37.066 @LEG008 
15:37:37.066 @LEG009 
15:37:37.066 @LEG010 0
15:37:37.066 @LEG011 
15:37:37.066 @LEG012 在职
15:37:37.066 @LEG013 LED车间
15:37:37.066 @LEG014 9
15:37:37.076 @LEG015 0
15:37:37.076 @LEG016 59.92
15:37:37.076 @LEG001 L20190110001
15:37:37.076 @LEG002 10020
15:37:37.076 @LEG003 罗小琴
15:37:37.076 @LEG004 装配工
15:37:37.076 @LEG005 2019/1/10 8:00:00
15:37:37.076 @LEG006 2019/1/10 17:00:00
15:37:37.076 @LEG007 0
15:37:37.076 @LEG008 
15:37:37.076 @LEG009 
15:37:37.076 @LEG010 0
15:37:37.076 @LEG011 
15:37:37.076 @LEG012 在职
15:37:37.076 @LEG013 LED车间
15:37:37.076 @LEG014 9
15:37:37.076 @LEG015 0
15:37:37.076 @LEG016 59.92
15:37:37.076 @LEG001 L20190110001
15:37:37.076 @LEG002 10021
15:37:37.076 @LEG003 吕红艳
15:37:37.076 @LEG004 装配工
15:37:37.076 @LEG005 2019/1/10 8:00:00
15:37:37.076 @LEG006 2019/1/10 17:00:00
15:37:37.076 @LEG007 0
15:37:37.076 @LEG008 
15:37:37.076 @LEG009 
15:37:37.076 @LEG010 0
15:37:37.076 @LEG011 
15:37:37.076 @LEG012 在职
15:37:37.076 @LEG013 LED车间
15:37:37.076 @LEG014 9
15:37:37.076 @LEG015 0
15:37:37.076 @LEG016 59.92
15:37:37.086 @LEG001 L20190110001
15:37:37.086 @LEG002 10022
15:37:37.086 @LEG003 李朝粉
15:37:37.086 @LEG004 装配工
15:37:37.086 @LEG005 2019/1/10 8:00:00
15:37:37.086 @LEG006 2019/1/10 17:00:00
15:37:37.086 @LEG007 0
15:37:37.086 @LEG008 
15:37:37.086 @LEG009 
15:37:37.086 @LEG010 0
15:37:37.086 @LEG011 
15:37:37.086 @LEG012 在职
15:37:37.086 @LEG013 LED车间
15:37:37.086 @LEG014 9
15:37:37.086 @LEG015 0
15:37:37.086 @LEG016 59.92
15:37:37.086 @LEG001 L20190110001
15:37:37.086 @LEG002 10024
15:37:37.086 @LEG003 平单单
15:37:37.086 @LEG004 装配工
15:37:37.086 @LEG005 2019/1/10 8:00:00
15:37:37.086 @LEG006 2019/1/10 17:00:00
15:37:37.086 @LEG007 0
15:37:37.086 @LEG008 
15:37:37.086 @LEG009 
15:37:37.086 @LEG010 0
15:37:37.086 @LEG011 
15:37:37.086 @LEG012 在职
15:37:37.086 @LEG013 LED车间
15:37:37.086 @LEG014 9
15:37:37.086 @LEG015 0
15:37:37.086 @LEG016 59.92
15:37:37.086 @LEG001 L20190110001
15:37:37.086 @LEG002 10025
15:37:37.086 @LEG003 梁永琴
15:37:37.086 @LEG004 装配工
15:37:37.086 @LEG005 2019/1/10 8:00:00
15:37:37.086 @LEG006 2019/1/10 17:00:00
15:37:37.096 @LEG007 0
15:37:37.096 @LEG008 
15:37:37.096 @LEG009 
15:37:37.096 @LEG010 0
15:37:37.096 @LEG011 
15:37:37.096 @LEG012 在职
15:37:37.096 @LEG013 LED车间
15:37:37.096 @LEG014 9
15:37:37.096 @LEG015 0
15:37:37.096 @LEG016 59.92
15:37:37.096 @LEG001 L20190110001
15:37:37.096 @LEG002 10026
15:37:37.096 @LEG003 胡孝明
15:37:37.096 @LEG004 装配工
15:37:37.096 @LEG005 2019/1/10 8:00:00
15:37:37.096 @LEG006 2019/1/10 17:00:00
15:37:37.096 @LEG007 0
15:37:37.096 @LEG008 
15:37:37.096 @LEG009 
15:37:37.096 @LEG010 0
15:37:37.096 @LEG011 
15:37:37.096 @LEG012 在职
15:37:37.096 @LEG013 LED车间
15:37:37.096 @LEG014 9
15:37:37.096 @LEG015 0
15:37:37.096 @LEG016 59.92
15:37:37.096 @LEG001 L20190110001
15:37:37.096 @LEG002 10027
15:37:37.096 @LEG003 聂昌奎
15:37:37.096 @LEG004 装配工
15:37:37.096 @LEG005 2019/1/10 8:00:00
15:37:37.096 @LEG006 2019/1/10 17:00:00
15:37:37.106 @LEG007 0
15:37:37.106 @LEG008 
15:37:37.106 @LEG009 
15:37:37.106 @LEG010 0
15:37:37.106 @LEG011 
15:37:37.106 @LEG012 在职
15:37:37.106 @LEG013 LED车间
15:37:37.106 @LEG014 9
15:37:37.106 @LEG015 0
15:37:37.106 @LEG016 59.92
15:37:37.106 @LEG001 L20190110001
15:37:37.106 @LEG002 10028
15:37:37.106 @LEG003 陶兴琴
15:37:37.106 @LEG004 装配工
15:37:37.106 @LEG005 2019/1/10 8:00:00
15:37:37.106 @LEG006 2019/1/10 17:00:00
15:37:37.106 @LEG007 0
15:37:37.106 @LEG008 
15:37:37.106 @LEG009 
15:37:37.106 @LEG010 0
15:37:37.106 @LEG011 
15:37:37.106 @LEG012 在职
15:37:37.106 @LEG013 LED车间
15:37:37.106 @LEG014 9
15:37:37.106 @LEG015 0
15:37:37.106 @LEG016 59.92
15:37:37.106 @LEG001 L20190110001
15:37:37.106 @LEG002 10029
15:37:37.106 @LEG003 段进连
15:37:37.106 @LEG004 装配工
15:37:37.106 @LEG005 2019/1/10 8:00:00
15:37:37.116 @LEG006 2019/1/10 17:00:00
15:37:37.116 @LEG007 0
15:37:37.116 @LEG008 
15:37:37.116 @LEG009 
15:37:37.116 @LEG010 0
15:37:37.116 @LEG011 
15:37:37.116 @LEG012 在职
15:37:37.116 @LEG013 LED车间
15:37:37.116 @LEG014 9
15:37:37.116 @LEG015 0
15:37:37.116 @LEG016 59.92
15:37:37.116 @LEG001 L20190110001
15:37:37.116 @LEG002 10030
15:37:37.116 @LEG003 李大花
15:37:37.116 @LEG004 装配工
15:37:37.116 @LEG005 2019/1/10 8:00:00
15:37:37.116 @LEG006 2019/1/10 17:00:00
15:37:37.116 @LEG007 0
15:37:37.116 @LEG008 
15:37:37.116 @LEG009 
15:37:37.116 @LEG010 0
15:37:37.116 @LEG011 
15:37:37.116 @LEG012 在职
15:37:37.116 @LEG013 LED车间
15:37:37.116 @LEG014 9
15:37:37.116 @LEG015 0
15:37:37.116 @LEG016 59.92
15:37:37.116 @LEG001 L20190110001
15:37:37.116 @LEG002 10031
15:37:37.116 @LEG003 黄史作
15:37:37.116 @LEG004 装配工
15:37:37.116 @LEG005 2019/1/10 8:00:00
15:37:37.116 @LEG006 2019/1/10 17:00:00
15:37:37.116 @LEG007 0
15:37:37.116 @LEG008 
15:37:37.126 @LEG009 
15:37:37.126 @LEG010 0
15:37:37.126 @LEG011 
15:37:37.126 @LEG012 在职
15:37:37.126 @LEG013 LED车间
15:37:37.126 @LEG014 9
15:37:37.126 @LEG015 0
15:37:37.126 @LEG016 59.92
15:37:37.126 @LEG001 L20190110001
15:37:37.126 @LEG002 10032
15:37:37.126 @LEG003 罗昌梅
15:37:37.126 @LEG004 装配工
15:37:37.126 @LEG005 2019/1/10 8:00:00
15:37:37.126 @LEG006 2019/1/10 17:00:00
15:37:37.126 @LEG007 0
15:37:37.126 @LEG008 
15:37:37.126 @LEG009 
15:37:37.126 @LEG010 0
15:37:37.126 @LEG011 
15:37:37.126 @LEG012 在职
15:37:37.126 @LEG013 LED车间
15:37:37.126 @LEG014 9
15:37:37.126 @LEG015 0
15:37:37.126 @LEG016 59.92
15:37:37.126 @LEG001 L20190110001
15:37:37.126 @LEG002 10033
15:37:37.126 @LEG003 赵雨婷
15:37:37.126 @LEG004 装配工
15:37:37.126 @LEG005 2019/1/10 8:00:00
15:37:37.126 @LEG006 2019/1/10 17:00:00
15:37:37.126 @LEG007 0
15:37:37.126 @LEG008 
15:37:37.126 @LEG009 
15:37:37.126 @LEG010 0
15:37:37.126 @LEG011 
15:37:37.126 @LEG012 在职
15:37:37.126 @LEG013 LED车间
15:37:37.126 @LEG014 9
15:37:37.126 @LEG015 0
15:37:37.126 @LEG016 59.92
15:37:37.136 @LEG001 L20190110001
15:37:37.136 @LEG002 10034
15:37:37.136 @LEG003 杜顺艳
15:37:37.136 @LEG004 装配工
15:37:37.136 @LEG005 2019/1/10 8:00:00
15:37:37.136 @LEG006 2019/1/10 17:00:00
15:37:37.136 @LEG007 0
15:37:37.136 @LEG008 
15:37:37.136 @LEG009 
15:37:37.136 @LEG010 0
15:37:37.136 @LEG011 
15:37:37.136 @LEG012 在职
15:37:37.136 @LEG013 LED车间
15:37:37.136 @LEG014 9
15:37:37.136 @LEG015 0
15:37:37.136 @LEG016 59.92
15:37:37.136 @LEG001 L20190110001
15:37:37.136 @LEG002 10035
15:37:37.136 @LEG003 韩孝君
15:37:37.136 @LEG004 装配工
15:37:37.136 @LEG005 2019/1/10 8:00:00
15:37:37.136 @LEG006 2019/1/10 17:00:00
15:37:37.136 @LEG007 0
15:37:37.136 @LEG008 
15:37:37.136 @LEG009 
15:37:37.136 @LEG010 0
15:37:37.136 @LEG011 
15:37:37.136 @LEG012 在职
15:37:37.136 @LEG013 LED车间
15:37:37.136 @LEG014 9
15:37:37.136 @LEG015 0
15:37:37.136 @LEG016 59.92
15:37:37.136 @LEG001 L20190110001
15:37:37.136 @LEG002 10036
15:37:37.136 @LEG003 何培凤
15:37:37.136 @LEG004 装配工
15:37:37.136 @LEG005 2019/1/10 8:00:00
15:37:37.136 @LEG006 2019/1/10 17:00:00
15:37:37.146 @LEG007 0
15:37:37.146 @LEG008 
15:37:37.146 @LEG009 
15:37:37.146 @LEG010 0
15:37:37.146 @LEG011 
15:37:37.146 @LEG012 在职
15:37:37.146 @LEG013 LED车间
15:37:37.146 @LEG014 9
15:37:37.146 @LEG015 0
15:37:37.146 @LEG016 59.92
15:37:37.146 @LEG001 L20190110001
15:37:37.146 @LEG002 10037
15:37:37.146 @LEG003 王程平
15:37:37.146 @LEG004 装配工
15:37:37.146 @LEG005 2019/1/10 8:00:00
15:37:37.146 @LEG006 2019/1/10 17:00:00
15:37:37.146 @LEG007 0
15:37:37.146 @LEG008 
15:37:37.146 @LEG009 
15:37:37.146 @LEG010 0
15:37:37.146 @LEG011 
15:37:37.146 @LEG012 在职
15:37:37.146 @LEG013 LED车间
15:37:37.146 @LEG014 9
15:37:37.146 @LEG015 0
15:37:37.146 @LEG016 59.92
15:37:37.146 @LEG001 L20190110001
15:37:37.146 @LEG002 10038
15:37:37.146 @LEG003 韩英
15:37:37.146 @LEG004 装配工
15:37:37.146 @LEG005 2019/1/10 8:00:00
15:37:37.146 @LEG006 2019/1/10 17:00:00
15:37:37.146 @LEG007 0
15:37:37.146 @LEG008 
15:37:37.146 @LEG009 
15:37:37.146 @LEG010 0
15:37:37.146 @LEG011 
15:37:37.146 @LEG012 在职
15:37:37.146 @LEG013 LED车间
15:37:37.146 @LEG014 9
15:37:37.146 @LEG015 0
15:37:37.156 @LEG016 59.92
15:37:37.156 @LEG001 L20190110001
15:37:37.156 @LEG002 10039
15:37:37.156 @LEG003 杨海霞
15:37:37.156 @LEG004 装配工
15:37:37.156 @LEG005 2019/1/10 8:00:00
15:37:37.156 @LEG006 2019/1/10 17:00:00
15:37:37.156 @LEG007 0
15:37:37.156 @LEG008 
15:37:37.156 @LEG009 
15:37:37.156 @LEG010 0
15:37:37.156 @LEG011 
15:37:37.156 @LEG012 在职
15:37:37.156 @LEG013 LED车间
15:37:37.156 @LEG014 9
15:37:37.156 @LEG015 0
15:37:37.156 @LEG016 59.92
15:37:37.156 @LEG001 L20190110001
15:37:37.156 @LEG002 10040
15:37:37.156 @LEG003 李林菊
15:37:37.156 @LEG004 装配工
15:37:37.156 @LEG005 2019/1/10 8:00:00
15:37:37.156 @LEG006 2019/1/10 17:00:00
15:37:37.156 @LEG007 0
15:37:37.156 @LEG008 
15:37:37.156 @LEG009 
15:37:37.156 @LEG010 0
15:37:37.156 @LEG011 
15:37:37.156 @LEG012 在职
15:37:37.156 @LEG013 LED车间
15:37:37.156 @LEG014 9
15:37:37.156 @LEG015 0
15:37:37.156 @LEG016 59.92
15:37:37.166 @LEG001 L20190110001
15:37:37.166 @LEG002 10041
15:37:37.166 @LEG003 吴群英
15:37:37.166 @LEG004 装配工
15:37:37.166 @LEG005 2019/1/10 8:00:00
15:37:37.166 @LEG006 2019/1/10 17:00:00
15:37:37.166 @LEG007 0
15:37:37.166 @LEG008 
15:37:37.166 @LEG009 
15:37:37.166 @LEG010 0
15:37:37.166 @LEG011 
15:37:37.166 @LEG012 在职
15:37:37.166 @LEG013 LED车间
15:37:37.166 @LEG014 9
15:37:37.166 @LEG015 0
15:37:37.166 @LEG016 59.92
15:37:37.166 @LEG001 L20190110001
15:37:37.166 @LEG002 10043
15:37:37.166 @LEG003 唐春凤
15:37:37.166 @LEG004 装配工
15:37:37.166 @LEG005 2019/1/10 8:00:00
15:37:37.166 @LEG006 2019/1/10 17:00:00
15:37:37.166 @LEG007 0
15:37:37.166 @LEG008 
15:37:37.166 @LEG009 
15:37:37.166 @LEG010 0
15:37:37.166 @LEG011 
15:37:37.166 @LEG012 在职
15:37:37.166 @LEG013 LED车间
15:37:37.166 @LEG014 9
15:37:37.166 @LEG015 0
15:37:37.166 @LEG016 59.92
15:37:37.176 @LEG001 L20190110001
15:37:37.176 @LEG002 10044
15:37:37.176 @LEG003 陈朝香
15:37:37.176 @LEG004 装配工
15:37:37.176 @LEG005 2019/1/10 8:00:00
15:37:37.176 @LEG006 2019/1/10 17:00:00
15:37:37.176 @LEG007 0
15:37:37.176 @LEG008 
15:37:37.176 @LEG009 
15:37:37.176 @LEG010 0
15:37:37.176 @LEG011 
15:37:37.176 @LEG012 在职
15:37:37.176 @LEG013 LED车间
15:37:37.176 @LEG014 9
15:37:37.176 @LEG015 0
15:37:37.176 @LEG016 59.92
15:37:37.176 @LEG001 L20190110001
15:37:37.176 @LEG002 10045
15:37:37.176 @LEG003 牟飞
15:37:37.176 @LEG004 装配工
15:37:37.176 @LEG005 2019/1/10 8:00:00
15:37:37.176 @LEG006 2019/1/10 17:00:00
15:37:37.176 @LEG007 0
15:37:37.176 @LEG008 
15:37:37.176 @LEG009 
15:37:37.176 @LEG010 0
15:37:37.176 @LEG011 
15:37:37.176 @LEG012 在职
15:37:37.176 @LEG013 LED车间
15:37:37.176 @LEG014 9
15:37:37.176 @LEG015 0
15:37:37.176 @LEG016 59.92
15:37:37.176 @LEG001 L20190110001
15:37:37.176 @LEG002 10048
15:37:37.176 @LEG003 王建琼
15:37:37.176 @LEG004 装配工
15:37:37.176 @LEG005 2019/1/10 8:00:00
15:37:37.176 @LEG006 2019/1/10 17:00:00
15:37:37.176 @LEG007 0
15:37:37.176 @LEG008 
15:37:37.186 @LEG009 
15:37:37.186 @LEG010 0
15:37:37.186 @LEG011 
15:37:37.186 @LEG012 在职
15:37:37.186 @LEG013 LED车间
15:37:37.186 @LEG014 9
15:37:37.186 @LEG015 0
15:37:37.186 @LEG016 59.92
15:37:37.186 @LEG001 L20190110001
15:37:37.186 @LEG002 10052
15:37:37.186 @LEG003 周思超
15:37:37.186 @LEG004 装配工
15:37:37.186 @LEG005 2019/1/10 8:00:00
15:37:37.186 @LEG006 2019/1/10 17:00:00
15:37:37.186 @LEG007 0
15:37:37.186 @LEG008 
15:37:37.186 @LEG009 
15:37:37.186 @LEG010 0
15:37:37.186 @LEG011 
15:37:37.186 @LEG012 在职
15:37:37.186 @LEG013 LED车间
15:37:37.186 @LEG014 9
15:37:37.186 @LEG015 0
15:37:37.186 @LEG016 59.92
15:37:37.186 @LEG001 L20190110001
15:37:37.186 @LEG002 10053
15:37:37.186 @LEG003 陈广会
15:37:37.186 @LEG004 装配工
15:37:37.186 @LEG005 2019/1/10 8:00:00
15:37:37.186 @LEG006 2019/1/10 17:00:00
15:37:37.186 @LEG007 0
15:37:37.186 @LEG008 
15:37:37.186 @LEG009 
15:37:37.186 @LEG010 0
15:37:37.186 @LEG011 
15:37:37.186 @LEG012 在职
15:37:37.186 @LEG013 LED车间
15:37:37.186 @LEG014 9
15:37:37.186 @LEG015 0
15:37:37.196 @LEG016 59.92
15:37:37.196 @LEG001 L20190110001
15:37:37.196 @LEG002 10055
15:37:37.196 @LEG003 黄曲作
15:37:37.196 @LEG004 装配工
15:37:37.196 @LEG005 2019/1/10 8:00:00
15:37:37.196 @LEG006 2019/1/10 17:00:00
15:37:37.196 @LEG007 0
15:37:37.196 @LEG008 
15:37:37.196 @LEG009 
15:37:37.196 @LEG010 0
15:37:37.196 @LEG011 
15:37:37.196 @LEG012 在职
15:37:37.196 @LEG013 LED车间
15:37:37.196 @LEG014 9
15:37:37.196 @LEG015 0
15:37:37.196 @LEG016 59.92
15:37:37.196 @LEG001 L20190110001
15:37:37.196 @LEG002 10056
15:37:37.196 @LEG003 宋万林
15:37:37.196 @LEG004 装配工
15:37:37.196 @LEG005 2019/1/10 8:00:00
15:37:37.196 @LEG006 2019/1/10 17:00:00
15:37:37.196 @LEG007 0
15:37:37.196 @LEG008 
15:37:37.196 @LEG009 
15:37:37.196 @LEG010 0
15:37:37.196 @LEG011 
15:37:37.196 @LEG012 在职
15:37:37.196 @LEG013 LED车间
15:37:37.196 @LEG014 9
15:37:37.196 @LEG015 0
15:37:37.196 @LEG016 59.92
15:37:37.206 @LEG001 L20190110001
15:37:37.206 @LEG002 10057
15:37:37.206 @LEG003 李光云
15:37:37.206 @LEG004 装配工
15:37:37.206 @LEG005 2019/1/10 8:00:00
15:37:37.206 @LEG006 2019/1/10 17:00:00
15:37:37.206 @LEG007 0
15:37:37.206 @LEG008 
15:37:37.206 @LEG009 
15:37:37.206 @LEG010 0
15:37:37.206 @LEG011 
15:37:37.206 @LEG012 在职
15:37:37.206 @LEG013 LED车间
15:37:37.206 @LEG014 9
15:37:37.206 @LEG015 0
15:37:37.206 @LEG016 59.92
15:37:37.206 @LEH001 L20190110001
15:37:37.206 @LEH002 GD201901020139
15:37:37.206 @LEH003 201171494
15:37:37.206 @LEH004 2480GC成品面板-LED
15:37:37.206 @LEH005 珠光白/丝印美尔凯特LOGO
15:37:37.206 @LEH006 PCS
15:37:37.206 @LEH007 1510
15:37:37.206 @LEH008 2.17
15:37:37.206 @LEH009 10
15:37:37.206 @LEH010 
15:37:37.206 @LEH001 L20190110001
15:37:37.206 @LEH002 GD201901020143
15:37:37.206 @LEH003 202121713
15:37:37.206 @LEH004 F113数显成品面板-LED
15:37:37.206 @LEH005 
15:37:37.206 @LEH006 PCS
15:37:37.206 @LEH007 9400
15:37:37.206 @LEH008 2.18
15:37:37.206 @LEH009 897
15:37:37.216 @LEH010 
16:03:28.589 @EMP002 系统管理员
16:03:28.590 @EMP033 9af7f2b45fff5ca168dd7081681fadd
16:04:27.844 @PAN001 P20190110001
16:04:27.845 @PAN002 0503
16:04:27.845 @PAN003 喷涂车间
16:04:27.845 @PAN004 0503
16:04:27.847 @PAN005 喷涂车间
16:04:27.848 @PAN006 2019/1/10 0:00:00
16:04:27.848 @PAN007 
16:04:27.848 @PAN008 
16:04:27.848 @PAN009 False
16:04:27.849 @PAN010 False
16:04:27.849 @PAN011 0
16:04:27.849 @PAN012 0
16:04:27.849 @PAN013 计件
16:04:27.849 @PAN014 系统管理员
16:04:27.850 @PAN015 2019/1/10 8:00:00
16:04:27.850 @PAN016 2019/1/10 17:00:00
16:04:27.850 @PAN017 10
16:04:27.851 @PAN018 5
16:04:27.867 @PAO001 P20190110001
16:04:27.867 @PAO002 GD201901020132
16:04:27.868 @PAO003 201171216
16:04:27.868 @PAO004 06款三灯壁挂面板（淡金色）
16:04:27.868 @PAO005 11000
16:04:27.868 @PAO006 0.61
16:04:27.868 @PAO007 PCS
16:04:27.869 @PAO008 喷淡金色漆/丝印LOGO
16:04:27.869 @PAO009 
16:04:27.869 @PAO010 
16:04:27.869 @PAO011 0
16:04:27.869 @PAO012 200
16:04:27.870 @PAO013 
16:04:27.870 @PAO014 
16:04:27.874 @PAO001 P20190110001
16:04:27.874 @PAO002 GD201901020107
16:04:27.875 @PAO003 201171518
16:04:27.875 @PAO004 3601-XM面板-喷涂
16:04:27.875 @PAO005 3500
16:04:27.875 @PAO006 0.71
16:04:27.875 @PAO007 PCS
16:04:27.876 @PAO008 亚光白
16:04:27.876 @PAO009 
16:04:27.876 @PAO010 
16:04:27.876 @PAO011 0
16:04:27.877 @PAO012 300
16:04:27.877 @PAO013 
16:04:27.877 @PAO014 
16:04:27.881 @PAP001 P20190110001
16:04:27.881 @PPA002 10075
16:04:27.881 @PPA003 陈林甫
16:04:27.882 @PPA004 喷漆工
16:04:27.882 @PPA005 2019/1/10 8:00:00
16:04:27.882 @PPA006 2019/1/10 17:00:00
16:04:27.882 @PPA007 
16:04:27.883 @PPA008 
16:04:27.883 @PPA009 0
16:04:27.883 @PPA010 在职
16:04:27.883 @PPA011 喷涂车间
16:04:27.884 @PPA012 9
16:04:27.884 @PPA013 0
16:04:27.884 @PPA014 22.8
16:04:27.884 @PPA015 
16:04:27.890 @PAP001 P20190110001
16:04:27.891 @PPA002 10076
16:04:27.891 @PPA003 张正友
16:04:27.891 @PPA004 喷漆工
16:04:27.891 @PPA005 2019/1/10 8:00:00
16:04:27.891 @PPA006 2019/1/10 17:00:00
16:04:27.892 @PPA007 
16:04:27.892 @PPA008 
16:04:27.892 @PPA009 0
16:04:27.892 @PPA010 在职
16:04:27.892 @PPA011 喷涂车间
16:04:27.893 @PPA012 9
16:04:27.893 @PPA013 0
16:04:27.893 @PPA014 22.8
16:04:27.893 @PPA015 
16:04:27.895 @PAP001 P20190110001
16:04:27.895 @PPA002 10077
16:04:27.895 @PPA003 王光
16:04:27.895 @PPA004 喷漆工
16:04:27.895 @PPA005 2019/1/10 8:00:00
16:04:27.896 @PPA006 2019/1/10 17:00:00
16:04:27.896 @PPA007 
16:04:27.896 @PPA008 
16:04:27.896 @PPA009 0
16:04:27.896 @PPA010 在职
16:04:27.897 @PPA011 喷涂车间
16:04:27.897 @PPA012 9
16:04:27.897 @PPA013 0
16:04:27.897 @PPA014 22.8
16:04:27.898 @PPA015 
16:04:27.899 @PAP001 P20190110001
16:04:27.899 @PPA002 10078
16:04:27.900 @PPA003 谢武林
16:04:27.900 @PPA004 喷漆工
16:04:27.900 @PPA005 2019/1/10 8:00:00
16:04:27.900 @PPA006 2019/1/10 17:00:00
16:04:27.900 @PPA007 
16:04:27.901 @PPA008 
16:04:27.901 @PPA009 0
16:04:27.901 @PPA010 在职
16:04:27.901 @PPA011 喷涂车间
16:04:27.901 @PPA012 9
16:04:27.901 @PPA013 0
16:04:27.902 @PPA014 22.8
16:04:27.902 @PPA015 
16:04:27.903 @PAP001 P20190110001
16:04:27.903 @PPA002 10079
16:04:27.904 @PPA003 韩义军
16:04:27.904 @PPA004 喷漆工
16:04:27.904 @PPA005 2019/1/10 8:00:00
16:04:27.905 @PPA006 2019/1/10 17:00:00
16:04:27.905 @PPA007 
16:04:27.905 @PPA008 
16:04:27.905 @PPA009 0
16:04:27.906 @PPA010 在职
16:04:27.906 @PPA011 喷涂车间
16:04:27.906 @PPA012 9
16:04:27.906 @PPA013 0
16:04:27.907 @PPA014 22.8
16:04:27.907 @PPA015 
16:04:27.908 @PAP001 P20190110001
16:04:27.909 @PPA002 10080
16:04:27.909 @PPA003 李成江
16:04:27.909 @PPA004 喷漆工
16:04:27.910 @PPA005 2019/1/10 8:00:00
16:04:27.910 @PPA006 2019/1/10 17:00:00
16:04:27.910 @PPA007 
16:04:27.910 @PPA008 
16:04:27.911 @PPA009 0
16:04:27.911 @PPA010 在职
16:04:27.911 @PPA011 喷涂车间
16:04:27.911 @PPA012 9
16:04:27.911 @PPA013 0
16:04:27.912 @PPA014 22.8
16:04:27.912 @PPA015 
16:04:27.914 @PAP001 P20190110001
16:04:27.914 @PPA002 10081
16:04:27.914 @PPA003 邓朝秦
16:04:27.915 @PPA004 喷漆工
16:04:27.915 @PPA005 2019/1/10 8:00:00
16:04:27.915 @PPA006 2019/1/10 17:00:00
16:04:27.915 @PPA007 
16:04:27.916 @PPA008 
16:04:27.916 @PPA009 0
16:04:27.916 @PPA010 在职
16:04:27.916 @PPA011 喷涂车间
16:04:27.916 @PPA012 9
16:04:27.917 @PPA013 0
16:04:27.917 @PPA014 22.8
16:04:27.917 @PPA015 
16:04:27.918 @PAP001 P20190110001
16:04:27.918 @PPA002 10082
16:04:27.919 @PPA003 陆秋云
16:04:27.919 @PPA004 装配工
16:04:27.919 @PPA005 2019/1/10 8:00:00
16:04:27.919 @PPA006 2019/1/10 17:00:00
16:04:27.919 @PPA007 
16:04:27.920 @PPA008 
16:04:27.920 @PPA009 0
16:04:27.920 @PPA010 在职
16:04:27.920 @PPA011 喷涂车间
16:04:27.920 @PPA012 9
16:04:27.920 @PPA013 0
16:04:27.921 @PPA014 26.44
16:04:27.921 @PPA015 
16:04:27.926 @PAP001 P20190110001
16:04:27.926 @PPA002 10083
16:04:27.926 @PPA003 郁叶琴
16:04:27.926 @PPA004 装配工
16:04:27.927 @PPA005 2019/1/10 8:00:00
16:04:27.927 @PPA006 2019/1/10 17:00:00
16:04:27.927 @PPA007 
16:04:27.927 @PPA008 
16:04:27.928 @PPA009 0
16:04:27.928 @PPA010 在职
16:04:27.928 @PPA011 喷涂车间
16:04:27.928 @PPA012 9
16:04:27.929 @PPA013 0
16:04:27.929 @PPA014 26.44
16:04:27.929 @PPA015 
16:04:27.932 @PAP001 P20190110001
16:04:27.933 @PPA002 10084
16:04:27.933 @PPA003 杜福英
16:04:27.933 @PPA004 装配工
16:04:27.933 @PPA005 2019/1/10 8:00:00
16:04:27.933 @PPA006 2019/1/10 17:00:00
16:04:27.934 @PPA007 
16:04:27.934 @PPA008 
16:04:27.934 @PPA009 0
16:04:27.934 @PPA010 在职
16:04:27.934 @PPA011 喷涂车间
16:04:27.935 @PPA012 9
16:04:27.935 @PPA013 0
16:04:27.935 @PPA014 26.44
16:04:27.935 @PPA015 
16:04:27.937 @PAP001 P20190110001
16:04:27.937 @PPA002 10085
16:04:27.938 @PPA003 廖仁琼
16:04:27.938 @PPA004 装配工
16:04:27.938 @PPA005 2019/1/10 8:00:00
16:04:27.938 @PPA006 2019/1/10 17:00:00
16:04:27.938 @PPA007 
16:04:27.939 @PPA008 
16:04:27.939 @PPA009 0
16:04:27.939 @PPA010 在职
16:04:27.939 @PPA011 喷涂车间
16:04:27.939 @PPA012 9
16:04:27.940 @PPA013 0
16:04:27.940 @PPA014 26.44
16:04:27.940 @PPA015 
16:04:27.942 @PAP001 P20190110001
16:04:27.943 @PPA002 10086
16:04:27.943 @PPA003 李光艳
16:04:27.943 @PPA004 装配工
16:04:27.943 @PPA005 2019/1/10 8:00:00
16:04:27.944 @PPA006 2019/1/10 17:00:00
16:04:27.946 @PPA007 
16:04:27.946 @PPA008 
16:04:27.947 @PPA009 0
16:04:27.947 @PPA010 在职
16:04:27.947 @PPA011 喷涂车间
16:04:27.947 @PPA012 9
16:04:27.948 @PPA013 0
16:04:27.948 @PPA014 26.44
16:04:27.948 @PPA015 
16:04:27.950 @PAP001 P20190110001
16:04:27.950 @PPA002 10087
16:04:27.950 @PPA003 彭荣泽
16:04:27.951 @PPA004 装配工
16:04:27.951 @PPA005 2019/1/10 8:00:00
16:04:27.951 @PPA006 2019/1/10 17:00:00
16:04:27.951 @PPA007 
16:04:27.951 @PPA008 
16:04:27.952 @PPA009 0
16:04:27.952 @PPA010 在职
16:04:27.952 @PPA011 喷涂车间
16:04:27.952 @PPA012 9
16:04:27.952 @PPA013 0
16:04:27.952 @PPA014 26.44
16:04:27.953 @PPA015 
16:19:36.142 @EMP002 系统管理员
16:19:36.143 @EMP033 9af7f2b45fff5ca168dd7081681fadd
16:24:16.665 @EMP002 系统管理员
16:24:16.666 @EMP033 9af7f2b45fff5ca168dd7081681fadd
16:25:56.990 @EMP002 系统管理员
16:25:56.991 @EMP033 9af7f2b45fff5ca168dd7081681fadd
16:26:50.060 @EMP002 系统管理员
16:26:50.064 @EMP033 9af7f2b45fff5ca168dd7081681fadd
16:29:50.584 @EMP002 系统管理员
16:29:50.585 @EMP033 9af7f2b45fff5ca168dd7081681fadd
16:30:21.167 @LGN001 T20190110001
16:30:21.167 @LGN002 2019/1/10 0:00:00
16:30:21.167 @LGN005 0
16:30:21.167 @LGN006 0
16:30:21.167 @LGN007 计件
16:30:21.167 @LGN008 系统管理员
16:30:21.167 @LGN009 2019/1/10 8:00:00
16:30:21.168 @LGN010 2019/1/10 17:00:00
16:30:21.168 @LGN011 1
16:30:21.168 @LGN012 2.4
16:30:21.197 @LOG001 T20190110001
16:30:21.198 @LOG002 XH201901020003
16:30:21.198 @LOG003 001
16:30:21.198 @LOG004 HYB-KW624C
16:30:21.198 @LOG005 HYB-KW624C-60*30风暖三合一
16:30:21.198 @LOG006 50
16:30:21.198 @LOG007 2
16:30:21.198 @LOG008 50
16:30:21.198 @LOG009 0.075000
16:30:21.202 @LGP001 T20190110001
16:30:21.202 @LGP002 10011
16:30:21.203 @LGP003 吴征义
16:30:21.203 @LGP004 成品搬运工
16:30:21.203 @LGP005 在职
16:30:21.203 @LGP006 物流组
16:30:21.203 @LGP007 
16:30:21.203 @LGP008 
16:30:21.204 @LGP009 2019/1/10 8:00:00
16:30:21.204 @LGP010 2019/1/10 17:00:00
16:30:21.204 @LGP011 9
16:30:21.204 @LGP012 0
16:30:21.204 @LGP013 2.5
16:30:21.204 @LGP014 
16:30:21.207 @LGP001 T20190110001
16:30:21.207 @LGP002 10012
16:30:21.207 @LGP003 王世洪
16:30:21.207 @LGP004 成品搬运工
16:30:21.207 @LGP005 在职
16:30:21.208 @LGP006 物流组
16:30:21.208 @LGP007 
16:30:21.208 @LGP008 
16:30:21.208 @LGP009 2019/1/10 8:00:00
16:30:21.208 @LGP010 2019/1/10 17:00:00
16:30:21.208 @LGP011 9
16:30:21.208 @LGP012 0
16:30:21.208 @LGP013 2.5
16:30:21.209 @LGP014 
16:30:21.210 @LGP001 T20190110001
16:30:21.210 @LGP002 10013
16:30:21.210 @LGP003 李守军
16:30:21.210 @LGP004 成品搬运工
16:30:21.211 @LGP005 在职
16:30:21.211 @LGP006 物流组
16:30:21.212 @LGP007 
16:30:21.212 @LGP008 
16:30:21.212 @LGP009 2019/1/10 8:00:00
16:30:21.213 @LGP010 2019/1/10 17:00:00
16:30:21.213 @LGP011 9
16:30:21.213 @LGP012 0
16:30:21.213 @LGP013 2.5
16:30:21.213 @LGP014 
16:30:21.215 @LGP001 T20190110001
16:30:21.215 @LGP002 10014
16:30:21.216 @LGP003 黄仁生
16:30:21.216 @LGP004 成品搬运工
16:30:21.216 @LGP005 在职
16:30:21.216 @LGP006 物流组
16:30:21.216 @LGP007 
16:30:21.216 @LGP008 
16:30:21.217 @LGP009 2019/1/10 8:00:00
16:30:21.217 @LGP010 2019/1/10 17:00:00
16:30:21.217 @LGP011 9
16:30:21.217 @LGP012 0
16:30:21.217 @LGP013 2.5
16:30:21.217 @LGP014 
16:40:39.922 @EMP002 系统管理员
16:40:39.922 @EMP033 9af7f2b45fff5ca168dd7081681fadd
17:11:51.244 @EMP002 系统管理员
17:11:51.244 @EMP033 9af7f2b45fff5ca168dd7081681fadd
17:17:30.489 @EMP002 系统管理员
17:17:30.498 @EMP033 9af7f2b45fff5ca168dd7081681fadd
17:29:15.122 @EMP002 系统管理员
17:29:15.123 @EMP033 9af7f2b45fff5ca168dd7081681fadd
17:31:32.838 @ANW001 Z20190110001
17:31:32.838 @ANW020 True
18:29:25.506 @EMP002 系统管理员
18:29:25.508 @EMP033 9af7f2b45fff5ca168dd7081681fadd
18:37:30.991 @EMP002 系统管理员
18:37:30.991 @EMP033 9af7f2b45fff5ca168dd7081681fadd
18:50:06.996 @EMP002 系统管理员
18:50:06.997 @EMP033 9af7f2b45fff5ca168dd7081681fadd
18:56:09.198 @EMP002 系统管理员
18:56:09.198 @EMP033 9af7f2b45fff5ca168dd7081681fadd
18:56:33.536 @IJA001 S20190104002
18:56:33.536 @IJA010 True
18:59:00.696 @EMP002 系统管理员
18:59:00.697 @EMP033 9af7f2b45fff5ca168dd7081681fadd
18:59:28.295 选择列表中的列 'MIKIJC.IJC008' 无效，因为该列没有包含在聚合函数或 GROUP BY 子句中。
   在 System.Data.SqlClient.SqlConnection.OnError(SqlException exception, Boolean breakConnection, Action`1 wrapCloseInAction)
   在 System.Data.SqlClient.SqlInternalConnection.OnError(SqlException exception, Boolean breakConnection, Action`1 wrapCloseInAction)
   在 System.Data.SqlClient.TdsParser.ThrowExceptionAndWarning(TdsParserStateObject stateObj, Boolean callerHasConnectionLock, Boolean asyncClose)
   在 System.Data.SqlClient.TdsParser.TryRun(RunBehavior runBehavior, SqlCommand cmdHandler, SqlDataReader dataStream, BulkCopySimpleResultSet bulkCopyHandler, TdsParserStateObject stateObj, Boolean& dataReady)
   在 System.Data.SqlClient.SqlDataReader.TryConsumeMetaData()
   在 System.Data.SqlClient.SqlDataReader.get_MetaData()
   在 System.Data.SqlClient.SqlCommand.FinishExecuteReader(SqlDataReader ds, RunBehavior runBehavior, String resetOptionsString, Boolean isInternal, Boolean forDescribeParameterEncryption, Boolean shouldCacheForAlwaysEncrypted)
   在 System.Data.SqlClient.SqlCommand.RunExecuteReaderTds(CommandBehavior cmdBehavior, RunBehavior runBehavior, Boolean returnStream, Boolean async, Int32 timeout, Task& task, Boolean asyncWrite, Boolean inRetry, SqlDataReader ds, Boolean describeParameterEncryptionRequest)
   在 System.Data.SqlClient.SqlCommand.RunExecuteReader(CommandBehavior cmdBehavior, RunBehavior runBehavior, Boolean returnStream, String method, TaskCompletionSource`1 completion, Int32 timeout, Task& task, Boolean& usedCache, Boolean asyncWrite, Boolean inRetry)
   在 System.Data.SqlClient.SqlCommand.RunExecuteReader(CommandBehavior cmdBehavior, RunBehavior runBehavior, Boolean returnStream, String method)
   在 System.Data.SqlClient.SqlCommand.ExecuteReader(CommandBehavior behavior, String method)
   在 System.Data.SqlClient.SqlCommand.ExecuteDbDataReader(CommandBehavior behavior)
   在 System.Data.Common.DbCommand.System.Data.IDbCommand.ExecuteReader(CommandBehavior behavior)
   在 System.Data.Common.DbDataAdapter.FillInternal(DataSet dataset, DataTable[] datatables, Int32 startRecord, Int32 maxRecords, String srcTable, IDbCommand command, CommandBehavior behavior)
   在 System.Data.Common.DbDataAdapter.Fill(DataTable[] dataTables, Int32 startRecord, Int32 maxRecords, IDbCommand command, CommandBehavior behavior)
   在 System.Data.Common.DbDataAdapter.Fill(DataTable dataTable)
   在 StudentMgr.SqlHelper.ExecuteDataTable(SqlConnection conn, String cmdText, SqlParameter[] parameters) 位置 D:\ProjectData\MiKe\LineProductMes\LineProductMesBll\SqlHelper.cs:行号 278
18:59:28.296 SELECT DISTINCT IJC002 ANW002,IJC003 ANW003,IJC004 ANW004,IJC005 ANW005,IJC006 ANW007,SUM(IJC010) ANW006,IJC008-(SELECT SUM(IJC010) FROM MIKIJC E WHERE A.IJC002=E.IJC002 AND A.IJC003=E.IJC003)-ISNULL((SELECT SUM(IJB015) FROM MIKIJB F WHERE A.IJC002=F.IJB004 AND A.IJC003=F.IJB005),0) ANW009,DDA003 DEA008 FROM MIKIJC A LEFT JOIN TPADEA B ON A.IJC003=B.DEA001 INNER JOIN TPADDA C ON B.DEA008=C.DDA001 WHERE IJC001='S20190104002' GROUP BY IJC002,IJC003,IJC004,IJC005,IJC006,DDA003
18:59:54.135 @EMP002 系统管理员
18:59:54.136 @EMP033 9af7f2b45fff5ca168dd7081681fadd
19:03:35.959 @EMP002 系统管理员
19:03:35.959 @EMP033 9af7f2b45fff5ca168dd7081681fadd
19:14:32.006 @EMP002 系统管理员
19:14:32.008 @EMP033 9af7f2b45fff5ca168dd7081681fadd
19:17:58.825 @EMP002 系统管理员
19:17:58.833 @EMP033 9af7f2b45fff5ca168dd7081681fadd
