08:51:03.570 @EMP002 系统管理员
08:51:03.570 @EMP033 9af7f2b45fff5ca168dd7081681fadd
08:52:28.824 @EMP002 系统管理员
08:52:28.824 @EMP033 9af7f2b45fff5ca168dd7081681fadd
08:52:46.608 @PAN001 P20190112001
08:52:46.608 @PAN002 0503
08:52:46.608 @PAN003 喷涂车间
08:52:46.608 @PAN004 0503
08:52:46.608 @PAN005 喷涂车间
08:52:46.608 @PAN006 2019/1/12 0:00:00
08:52:46.608 @PAN007 
08:52:46.608 @PAN008 
08:52:46.608 @PAN009 False
08:52:46.608 @PAN010 False
08:52:46.608 @PAN011 0
08:52:46.608 @PAN012 0
08:52:46.608 @PAN013 计件
08:52:46.608 @PAN014 系统管理员
08:52:46.608 @PAN015 2019/1/12 8:00:00
08:52:46.608 @PAN016 2019/1/12 17:00:00
08:52:46.608 @PAN017 0
08:52:46.608 @PAN018 0
08:52:46.608 @PAO001 P20190112001
08:52:46.608 @PAO002 GD201901020132
08:52:46.608 @PAO003 201171216
08:52:46.608 @PAO004 06款三灯壁挂面板（淡金色）
08:52:46.608 @PAO005 11000
08:52:46.608 @PAO006 0.61
08:52:46.608 @PAO007 PCS
08:52:46.608 @PAO008 喷淡金色漆/丝印LOGO
08:52:46.608 @PAO009 
08:52:46.608 @PAO010 
08:52:46.608 @PAO011 0
08:52:46.608 @PAO012 100
08:52:46.608 @PAO013 
08:52:46.608 @PAO014 
08:52:46.624 @PAP001 P20190112001
08:52:46.624 @PPA002 10075
08:52:46.624 @PPA003 陈林甫
08:52:46.624 @PPA004 喷漆工
08:52:46.624 @PPA005 2019/1/12 8:00:00
08:52:46.624 @PPA006 2019/1/12 17:00:00
08:52:46.624 @PPA007 
08:52:46.624 @PPA008 
08:52:46.624 @PPA009 0
08:52:46.624 @PPA010 在职
08:52:46.624 @PPA011 喷涂车间
08:52:46.624 @PPA012 9
08:52:46.624 @PPA013 0
08:52:46.624 @PPA014 4.07
08:52:46.624 @PPA015 
08:52:46.624 @PPA016 0
08:52:46.640 @PAP001 P20190112001
08:52:46.640 @PPA002 10076
08:52:46.640 @PPA003 张正友
08:52:46.640 @PPA004 喷漆工
08:52:46.640 @PPA005 2019/1/12 8:00:00
08:52:46.640 @PPA006 2019/1/12 17:00:00
08:52:46.640 @PPA007 
08:52:46.640 @PPA008 
08:52:46.640 @PPA009 0
08:52:46.640 @PPA010 在职
08:52:46.640 @PPA011 喷涂车间
08:52:46.640 @PPA012 9
08:52:46.640 @PPA013 0
08:52:46.640 @PPA014 4.07
08:52:46.640 @PPA015 
08:52:46.640 @PPA016 0
08:52:46.640 @PAP001 P20190112001
08:52:46.640 @PPA002 10077
08:52:46.640 @PPA003 王光
08:52:46.640 @PPA004 喷漆工
08:52:46.640 @PPA005 2019/1/12 8:00:00
08:52:46.640 @PPA006 2019/1/12 17:00:00
08:52:46.640 @PPA007 
08:52:46.640 @PPA008 
08:52:46.640 @PPA009 0
08:52:46.640 @PPA010 在职
08:52:46.640 @PPA011 喷涂车间
08:52:46.640 @PPA012 9
08:52:46.640 @PPA013 0
08:52:46.640 @PPA014 4.07
08:52:46.640 @PPA015 
08:52:46.640 @PPA016 0
08:52:46.640 @PAP001 P20190112001
08:52:46.640 @PPA002 10078
08:52:46.640 @PPA003 谢武林
08:52:46.640 @PPA004 喷漆工
08:52:46.640 @PPA005 2019/1/12 8:00:00
08:52:46.640 @PPA006 2019/1/12 17:00:00
08:52:46.640 @PPA007 
08:52:46.640 @PPA008 
08:52:46.640 @PPA009 0
08:52:46.640 @PPA010 在职
08:52:46.640 @PPA011 喷涂车间
08:52:46.640 @PPA012 9
08:52:46.640 @PPA013 0
08:52:46.640 @PPA014 4.07
08:52:46.640 @PPA015 
08:52:46.640 @PPA016 0
08:52:46.640 @PAP001 P20190112001
08:52:46.655 @PPA002 10079
08:52:46.655 @PPA003 韩义军
08:52:46.655 @PPA004 喷漆工
08:52:46.655 @PPA005 2019/1/12 8:00:00
08:52:46.655 @PPA006 2019/1/12 17:00:00
08:52:46.655 @PPA007 
08:52:46.655 @PPA008 
08:52:46.655 @PPA009 0
08:52:46.655 @PPA010 在职
08:52:46.655 @PPA011 喷涂车间
08:52:46.655 @PPA012 9
08:52:46.655 @PPA013 0
08:52:46.655 @PPA014 4.07
08:52:46.655 @PPA015 
08:52:46.655 @PPA016 0
08:52:46.655 @PAP001 P20190112001
08:52:46.655 @PPA002 10080
08:52:46.655 @PPA003 李成江
08:52:46.655 @PPA004 喷漆工
08:52:46.655 @PPA005 2019/1/12 8:00:00
08:52:46.655 @PPA006 2019/1/12 17:00:00
08:52:46.655 @PPA007 
08:52:46.655 @PPA008 
08:52:46.655 @PPA009 0
08:52:46.655 @PPA010 在职
08:52:46.655 @PPA011 喷涂车间
08:52:46.655 @PPA012 9
08:52:46.655 @PPA013 0
08:52:46.655 @PPA014 4.07
08:52:46.655 @PPA015 
08:52:46.655 @PPA016 0
08:52:46.655 @PAP001 P20190112001
08:52:46.655 @PPA002 10081
08:52:46.655 @PPA003 邓朝秦
08:52:46.655 @PPA004 喷漆工
08:52:46.655 @PPA005 2019/1/12 8:00:00
08:52:46.655 @PPA006 2019/1/12 17:00:00
08:52:46.655 @PPA007 
08:52:46.655 @PPA008 
08:52:46.655 @PPA009 0
08:52:46.655 @PPA010 在职
08:52:46.655 @PPA011 喷涂车间
08:52:46.655 @PPA012 9
08:52:46.655 @PPA013 0
08:52:46.655 @PPA014 4.07
08:52:46.655 @PPA015 
08:52:46.655 @PPA016 0
08:52:46.655 @PAP001 P20190112001
08:52:46.655 @PPA002 10082
08:52:46.655 @PPA003 陆秋云
08:52:46.655 @PPA004 装配工
08:52:46.655 @PPA005 2019/1/12 8:00:00
08:52:46.655 @PPA006 2019/1/12 17:00:00
08:52:46.655 @PPA007 
08:52:46.655 @PPA008 
08:52:46.655 @PPA009 0
08:52:46.655 @PPA010 在职
08:52:46.655 @PPA011 喷涂车间
08:52:46.655 @PPA012 9
08:52:46.655 @PPA013 0
08:52:46.655 @PPA014 4.91
08:52:46.655 @PPA015 
08:52:46.655 @PPA016 0
08:52:46.671 @PAP001 P20190112001
08:52:46.671 @PPA002 10083
08:52:46.671 @PPA003 郁叶琴
08:52:46.671 @PPA004 装配工
08:52:46.671 @PPA005 2019/1/12 8:00:00
08:52:46.671 @PPA006 2019/1/12 17:00:00
08:52:46.671 @PPA007 
08:52:46.671 @PPA008 
08:52:46.671 @PPA009 0
08:52:46.671 @PPA010 在职
08:52:46.671 @PPA011 喷涂车间
08:52:46.671 @PPA012 9
08:52:46.671 @PPA013 0
08:52:46.671 @PPA014 4.91
08:52:46.671 @PPA015 
08:52:46.671 @PPA016 0
08:52:46.671 @PAP001 P20190112001
08:52:46.671 @PPA002 10084
08:52:46.671 @PPA003 杜福英
08:52:46.671 @PPA004 装配工
08:52:46.671 @PPA005 2019/1/12 8:00:00
08:52:46.671 @PPA006 2019/1/12 17:00:00
08:52:46.671 @PPA007 
08:52:46.671 @PPA008 
08:52:46.671 @PPA009 0
08:52:46.671 @PPA010 在职
08:52:46.671 @PPA011 喷涂车间
08:52:46.671 @PPA012 9
08:52:46.671 @PPA013 0
08:52:46.671 @PPA014 4.91
08:52:46.671 @PPA015 
08:52:46.671 @PPA016 0
08:52:46.671 @PAP001 P20190112001
08:52:46.671 @PPA002 10085
08:52:46.671 @PPA003 廖仁琼
08:52:46.671 @PPA004 装配工
08:52:46.671 @PPA005 2019/1/12 8:00:00
08:52:46.671 @PPA006 2019/1/12 17:00:00
08:52:46.671 @PPA007 
08:52:46.671 @PPA008 
08:52:46.671 @PPA009 0
08:52:46.671 @PPA010 在职
08:52:46.671 @PPA011 喷涂车间
08:52:46.671 @PPA012 9
08:52:46.671 @PPA013 0
08:52:46.671 @PPA014 4.91
08:52:46.671 @PPA015 
08:52:46.671 @PPA016 0
08:52:46.671 @PAP001 P20190112001
08:52:46.671 @PPA002 10086
08:52:46.671 @PPA003 李光艳
08:52:46.671 @PPA004 装配工
08:52:46.671 @PPA005 2019/1/12 8:00:00
08:52:46.671 @PPA006 2019/1/12 17:00:00
08:52:46.671 @PPA007 
08:52:46.671 @PPA008 
08:52:46.671 @PPA009 0
08:52:46.686 @PPA010 在职
08:52:46.686 @PPA011 喷涂车间
08:52:46.686 @PPA012 9
08:52:46.686 @PPA013 0
08:52:46.686 @PPA014 4.91
08:52:46.686 @PPA015 
08:52:46.686 @PPA016 0
08:52:46.686 @PAP001 P20190112001
08:52:46.686 @PPA002 10087
08:52:46.686 @PPA003 彭荣泽
08:52:46.686 @PPA004 装配工
08:52:46.686 @PPA005 2019/1/12 8:00:00
08:52:46.686 @PPA006 2019/1/12 17:00:00
08:52:46.686 @PPA007 
08:52:46.686 @PPA008 
08:52:46.686 @PPA009 0
08:52:46.686 @PPA010 在职
08:52:46.686 @PPA011 喷涂车间
08:52:46.686 @PPA012 9
08:52:46.686 @PPA013 0
08:52:46.686 @PPA014 4.91
08:52:46.686 @PPA015 
08:52:46.686 @PPA016 0
